Log file open, 09/24/18 08:59:38
LogWindows: Failed to load 'aqProf.dll' (GetLastError=126)
LogWindows: File 'aqProf.dll' does not exist
LogWindows: Failed to load 'VSPerf140.dll' (GetLastError=126)
LogWindows: File 'VSPerf140.dll' does not exist
LogWindows: Failed to load 'VtuneApi.dll' (GetLastError=126)
LogWindows: File 'VtuneApi.dll' does not exist
LogWindows: Failed to load 'VtuneApi32e.dll' (GetLastError=126)
LogWindows: File 'VtuneApi32e.dll' does not exist
LogInit: Display: Running engine for game: PlatformerPrototype
LogPlatformFile: Not using cached read wrapper
LogTaskGraph: Started task graph with 5 named threads and 23 total threads with 3 sets of task threads.
LogStats: Stats thread started at 0.965876
LogD3D11RHI: Loaded GFSDK_Aftermath_Lib.x64.dll
LogICUInternationalization: Display: ICU TimeZone Detection - Raw Offset: +10:00, Platform Override: ''
LogPluginManager: Mounting plugin Paper2D
LogPluginManager: Mounting plugin AISupport
LogPluginManager: Mounting plugin LightPropagationVolume
LogPluginManager: Mounting plugin CLionSourceCodeAccess
LogPluginManager: Mounting plugin CodeLiteSourceCodeAccess
LogPluginManager: Mounting plugin GitSourceControl
LogPluginManager: Mounting plugin KDevelopSourceCodeAccess
LogPluginManager: Mounting plugin NullSourceCodeAccess
LogPluginManager: Mounting plugin PerforceSourceControl
LogPluginManager: Mounting plugin SubversionSourceControl
LogPluginManager: Mounting plugin UObjectPlugin
LogPluginManager: Mounting plugin VisualStudioCodeSourceCodeAccess
LogPluginManager: Mounting plugin VisualStudioSourceCodeAccess
LogPluginManager: Mounting plugin XCodeSourceCodeAccess
LogPluginManager: Mounting plugin AssetManagerEditor
LogPluginManager: Mounting plugin CryptoKeys
LogPluginManager: Mounting plugin DataValidation
LogPluginManager: Mounting plugin EditorScriptingUtilities
LogPluginManager: Mounting plugin FacialAnimation
LogPluginManager: Mounting plugin GameplayTagsEditor
LogPluginManager: Mounting plugin MacGraphicsSwitching
LogPluginManager: Mounting plugin MeshEditor
LogPluginManager: Mounting plugin MobileLauncherProfileWizard
LogPluginManager: Mounting plugin PluginBrowser
LogPluginManager: Mounting plugin SpeedTreeImporter
LogPluginManager: Mounting plugin DatasmithContent
LogPluginManager: Mounting plugin AlembicImporter
LogPluginManager: Mounting plugin AppleImageUtils
LogPluginManager: Mounting plugin AppleVision
LogPluginManager: Mounting plugin BackChannel
LogPluginManager: Mounting plugin CharacterAI
LogPluginManager: Mounting plugin GeometryCache
LogPluginManager: Mounting plugin HTML5Networking
LogPluginManager: Mounting plugin ProxyLODPlugin
LogPluginManager: Mounting plugin MagicLeap
LogPluginManager: Mounting plugin MagicLeapEmulator
LogPluginManager: Mounting plugin MagicLeapMedia
LogPluginManager: Mounting plugin AndroidMedia
LogPluginManager: Mounting plugin AvfMedia
LogPluginManager: Mounting plugin ImgMedia
LogPluginManager: Mounting plugin LinearTimecode
LogPluginManager: Mounting plugin MediaCompositing
LogPluginManager: Mounting plugin MediaPlayerEditor
LogPluginManager: Mounting plugin WmfMedia
LogPluginManager: Mounting plugin TcpMessaging
LogPluginManager: Mounting plugin UdpMessaging
LogPluginManager: Mounting plugin ActorSequence
LogPluginManager: Mounting plugin LevelSequenceEditor
LogPluginManager: Mounting plugin MatineeToLevelSequence
LogPluginManager: Mounting plugin NetcodeUnitTest
LogPluginManager: Mounting plugin NUTUnrealEngine4
LogPluginManager: Mounting plugin OnlineSubsystemGooglePlay
LogPluginManager: Mounting plugin OnlineSubsystemIOS
LogPluginManager: Mounting plugin OnlineSubsystem
LogPluginManager: Mounting plugin OnlineSubsystemNull
LogPluginManager: Mounting plugin OnlineSubsystemUtils
LogPluginManager: Mounting plugin LauncherChunkInstaller
LogPluginManager: Mounting plugin AndroidDeviceProfileSelector
LogPluginManager: Mounting plugin AndroidMoviePlayer
LogPluginManager: Mounting plugin AndroidPermission
LogPluginManager: Mounting plugin AppleMoviePlayer
LogPluginManager: Mounting plugin ArchVisCharacter
LogPluginManager: Mounting plugin AudioCapture
LogPluginManager: Mounting plugin CableComponent
LogPluginManager: Mounting plugin CustomMeshComponent
LogPluginManager: Mounting plugin EditableMesh
LogPluginManager: Mounting plugin ExampleDeviceProfileSelector
LogPluginManager: Mounting plugin GoogleCloudMessaging
LogPluginManager: Mounting plugin ImmediatePhysics
LogPluginManager: Mounting plugin IOSDeviceProfileSelector
LogPluginManager: Mounting plugin LinuxDeviceProfileSelector
LogPluginManager: Mounting plugin LocationServicesBPLibrary
LogPluginManager: Mounting plugin MobilePatchingUtils
LogPluginManager: Mounting plugin OculusVR
LogPluginManager: Plugin shader directory ../../../Engine/Plugins/Runtime/Oculus/OculusVR/Shaders found
LogPluginManager: Mapping shader source directory ../../../Engine/Plugins/Runtime/Oculus/OculusVR/Shaders to virtual directory /Plugin/OculusVR
LogPluginManager: Mounting plugin PhysXVehicles
LogPluginManager: Mounting plugin ProceduralMeshComponent
LogPluginManager: Mounting plugin RuntimePhysXCooking
LogPluginManager: Mounting plugin SteamVR
LogPluginManager: Mounting plugin WindowsMoviePlayer
LogPluginManager: Mounting plugin DatasmithCADImporter
LogPluginManager: Mounting plugin DatasmithFBXImporter
LogPluginManager: Mounting plugin DatasmithImporter
LogPluginManager: Mounting plugin DatasmithMDLImporter
LogPluginManager: Mounting plugin StaticMeshEditorExtension
LogStreaming: Display: Took  0.117s to configure plugins.
LogInit: Using libcurl 7.55.1-DEV
LogInit:  - built for x86_64-pc-win32
LogInit:  - supports SSL with OpenSSL/1.0.2h
LogInit:  - supports HTTP deflate (compression) using libz 1.2.8
LogInit:  - other features:
LogInit:      CURL_VERSION_SSL
LogInit:      CURL_VERSION_LIBZ
LogInit:      CURL_VERSION_IPV6
LogInit:      CURL_VERSION_ASYNCHDNS
LogInit:      CURL_VERSION_LARGEFILE
LogInit:      CURL_VERSION_IDN
LogInit:  CurlRequestOptions (configurable via config and command line):
LogInit:  - bVerifyPeer = false  - Libcurl will NOT verify peer certificate
LogInit:  - bUseHttpProxy = false  - Libcurl will NOT use HTTP proxy
LogInit:  - bDontReuseConnections = false  - Libcurl will reuse connections
LogInit:  - CertBundlePath = nullptr  - Libcurl will use whatever was configured at build time.
LogInit:  - MaxHostConnections = 16  - Libcurl will limit the number of connections to a host
LogInit:  - LocalHostAddr = Default
LogInit:  - BufferSize = 65536
LogInit: WinSock: version 1.1 (2.2), MaxSocks=32767, MaxUdp=65467
LogHMD: Failed initializing OVRPlugin 1.25.0
LogInit: Build: ++UE4+Release-4.20-CL-4302132
LogInit: Engine Version: 4.20.2-4302132+++UE4+Release-4.20
LogInit: Compatible Engine Version: 4.20.0-4212847+++UE4+Release-4.20
LogInit: Net CL: 4212847
LogInit: OS: Windows 10 (), CPU: Intel(R) Core(TM) i7-6700 CPU @ 3.40GHz, GPU: NVIDIA GeForce GTX 980
LogInit: Compiled (64-bit): Aug 21 2018 02:06:06
LogInit: Compiled with Visual C++: 19.13.26129.00
LogInit: Build Configuration: Development
LogInit: Branch Name: ++UE4+Release-4.20
LogInit: Command Line:  
LogInit: Base Directory: C:/Program Files/Epic Games/UE_4.20/Engine/Binaries/Win64/
LogInit: Installed Engine Build: 1
LogDevObjectVersion: Number of dev versions registered: 20
LogDevObjectVersion:   Dev-Blueprints (B0D832E4-1F89-4F0D-ACCF-7EB736FD4AA2): 10
LogDevObjectVersion:   Dev-Build (E1C64328-A22C-4D53-A36C-8E866417BD8C): 0
LogDevObjectVersion:   Dev-Core (375EC13C-06E4-48FB-B500-84F0262A717E): 2
LogDevObjectVersion:   Dev-Editor (E4B068ED-F494-42E9-A231-DA0B2E46BB41): 24
LogDevObjectVersion:   Dev-Framework (CFFC743F-43B0-4480-9391-14DF171D2073): 34
LogDevObjectVersion:   Dev-Mobile (B02B49B5-BB20-44E9-A304-32B752E40360): 2
LogDevObjectVersion:   Dev-Networking (A4E4105C-59A1-49B5-A7C5-40C4547EDFEE): 0
LogDevObjectVersion:   Dev-Online (39C831C9-5AE6-47DC-9A44-9C173E1C8E7C): 0
LogDevObjectVersion:   Dev-Physics (78F01B33-EBEA-4F98-B9B4-84EACCB95AA2): 0
LogDevObjectVersion:   Dev-Platform (6631380F-2D4D-43E0-8009-CF276956A95A): 0
LogDevObjectVersion:   Dev-Rendering (12F88B9F-8875-4AFC-A67C-D90C383ABD29): 26
LogDevObjectVersion:   Dev-Sequencer (7B5AE74C-D270-4C10-A958-57980B212A5A): 9
LogDevObjectVersion:   Dev-VR (D7296918-1DD6-4BDD-9DE2-64A83CC13884): 2
LogDevObjectVersion:   Dev-LoadTimes (C2A15278-BFE7-4AFE-6C17-90FF531DF755): 1
LogDevObjectVersion:   Private-Geometry (6EACA3D4-40EC-4CC1-B786-8BED09428FC5): 3
LogDevObjectVersion:   Dev-AnimPhys (29E575DD-E0A3-4627-9D10-D276232CDCEA): 17
LogDevObjectVersion:   Dev-ReflectionCapture (6B266CEC-1EC7-4B8F-A30B-E4D90942FC07): 1
LogDevObjectVersion:   Dev-Automation (0DF73D61-A23F-47EA-B727-89E90C41499A): 1
LogDevObjectVersion:   FortniteMain (601D1886-AC64-4F84-AA16-D3DE0DEAC7D6): 12
LogDevObjectVersion:   Dev-Enterprise (9DFFBCD6-494F-0158-E221-12823C92A888): 1
LogStreaming: Display: Took  0.001s to delete old logs.
LogInit: Presizing for max 8388607 objects, including 0 objects not considered by GC, pre-allocating 0 bytes for permanent pool.
LogInit: Object subsystem initialized
[2018.09.23-22.59.39:917][  0]LogInit: Selected Device Profile: [Windows]
[2018.09.23-22.59.39:917][  0]LogInit: Applying CVar settings loaded from the selected device profile: [Windows]
[2018.09.23-22.59.39:932][  0]LogHAL: Display: Platform has ~ 32 GB [34270724096 / 34359738368 / 32], which maps to Largest [LargestMinGB=32, LargerMinGB=12, DefaultMinGB=8, SmallerMinGB=6, SmallestMinGB=0)
[2018.09.23-22.59.39:932][  0]LogInit: Setting Device Profile CVar: [[r.Vulkan.UseRealUBs:1]]
[2018.09.23-22.59.39:932][  0]LogInit: Going up to parent DeviceProfile []
[2018.09.23-22.59.39:936][  0]LogInit: Computer: SYD-TEST-GAMES
[2018.09.23-22.59.39:936][  0]LogInit: User: sae
[2018.09.23-22.59.39:936][  0]LogInit: CPU Page size=4096, Cores=4
[2018.09.23-22.59.39:936][  0]LogInit: High frequency timer resolution =3.328128 MHz
[2018.09.23-22.59.39:937][  0]LogMemory: Memory total: Physical=31.9GB (32GB approx)
[2018.09.23-22.59.39:937][  0]LogMemory: Platform Memory Stats for Windows
[2018.09.23-22.59.39:937][  0]LogMemory: Process Physical Memory: 102.09 MB used, 102.09 MB peak
[2018.09.23-22.59.39:937][  0]LogMemory: Process Virtual Memory: 93.95 MB used, 93.95 MB peak
[2018.09.23-22.59.39:937][  0]LogMemory: Physical Memory: 4200.29 MB used,  28482.82 MB free, 32683.11 MB total
[2018.09.23-22.59.39:937][  0]LogMemory: Virtual Memory: 4654.97 MB used,  28482.82 MB free, 134217728.00 MB total
[2018.09.23-22.59.40:131][  0]LogInit: Using OS detected language (en-US).
[2018.09.23-22.59.40:131][  0]LogInit: Using OS detected locale (en-AU).
[2018.09.23-22.59.40:131][  0]LogTextLocalizationManager: No specific localization for 'en-US' exists, so the 'en' localization will be used.
[2018.09.23-22.59.40:538][  0]LogStreaming: Display: Took  0.408s to InitEngineTextLocalization.
[2018.09.23-22.59.40:538][  0]LogInit: Setting process to per monitor DPI aware
[2018.09.23-22.59.40:622][  0]LogSlate: New Slate User Created.  User Index 0, Is Virtual User: 0
[2018.09.23-22.59.40:622][  0]LogSlate: Slate User Registered.  User Index 0, Is Virtual User: 0
[2018.09.23-22.59.42:428][  0]LogHMD: Failed to initialize OpenVR with code 110
[2018.09.23-22.59.42:428][  0]LogD3D11RHI: D3D11 adapters:
[2018.09.23-22.59.42:509][  0]LogD3D11RHI:    0. 'NVIDIA GeForce GTX 980' (Feature Level 11_0)
[2018.09.23-22.59.42:509][  0]LogD3D11RHI:       4053/0/16341 MB DedicatedVideo/DedicatedSystem/SharedSystem, Outputs:1, VendorId:0x10de
[2018.09.23-22.59.42:514][  0]LogD3D11RHI:    1. 'Microsoft Basic Render Driver' (Feature Level 11_0)
[2018.09.23-22.59.42:514][  0]LogD3D11RHI:       0/0/16341 MB DedicatedVideo/DedicatedSystem/SharedSystem, Outputs:0, VendorId:0x1414
[2018.09.23-22.59.42:514][  0]LogD3D11RHI: Chosen D3D11 Adapter: 0
[2018.09.23-22.59.42:523][  0]LogD3D11RHI: Creating new Direct3DDevice
[2018.09.23-22.59.42:523][  0]LogD3D11RHI:     GPU DeviceId: 0x13c0 (for the marketing name, search the web for "GPU Device Id")
[2018.09.23-22.59.42:523][  0]LogWindows: EnumDisplayDevices:
[2018.09.23-22.59.42:523][  0]LogWindows:    0. 'NVIDIA GeForce GTX 980' (P:1 D:1)
[2018.09.23-22.59.42:523][  0]LogWindows:    1. 'NVIDIA GeForce GTX 980' (P:0 D:0)
[2018.09.23-22.59.42:524][  0]LogWindows:    2. 'NVIDIA GeForce GTX 980' (P:0 D:0)
[2018.09.23-22.59.42:524][  0]LogWindows:    3. 'NVIDIA GeForce GTX 980' (P:0 D:0)
[2018.09.23-22.59.42:524][  0]LogWindows: DebugString: FoundDriverCount:4 
[2018.09.23-22.59.42:524][  0]LogD3D11RHI:     Adapter Name: NVIDIA GeForce GTX 980
[2018.09.23-22.59.42:524][  0]LogD3D11RHI:   Driver Version: 398.82 (internal:24.21.13.9882, unified:398.82)
[2018.09.23-22.59.42:524][  0]LogD3D11RHI:      Driver Date: 7-30-2018
[2018.09.23-22.59.42:525][  0]LogRHI: Texture pool is 2837 MB (70% of 4053 MB)
[2018.09.23-22.59.42:577][  0]LogD3D11RHI: Async texture creation enabled
[2018.09.23-22.59.42:594][  0]LogD3D11RHI: GPU Timing Frequency: 1000.000000 (Debug: 2 2)
[2018.09.23-22.59.42:638][  0]LogShaderCompilers: Guid format shader working directory is -64 characters bigger than the processId version (../../../../../../Users/sae/Downloads/GPG210-Prototypes-master/GPG210-Prototypes-master/PlatformerPrototype/Intermediate/Shaders/WorkingDirectory/66232/).
[2018.09.23-22.59.42:638][  0]LogShaderCompilers: Cleaned the shader compiler working directory 'C:/Users/sae/AppData/Local/Temp/UnrealShaderWorkingDir/85589FAC4CFC41E2990DA896C1FB5D96/'.
[2018.09.23-22.59.44:118][  0]LogTemp: Display: Loaded TP AllDesktopTargetPlatform
[2018.09.23-22.59.44:138][  0]LogTemp: Display: Loaded TP MacClientTargetPlatform
[2018.09.23-22.59.44:158][  0]LogTemp: Display: Loaded TP MacNoEditorTargetPlatform
[2018.09.23-22.59.44:177][  0]LogTemp: Display: Loaded TP MacServerTargetPlatform
[2018.09.23-22.59.44:200][  0]LogTemp: Display: Loaded TP MacTargetPlatform
[2018.09.23-22.59.44:220][  0]LogTemp: Display: Loaded TP WindowsClientTargetPlatform
[2018.09.23-22.59.44:240][  0]LogTemp: Display: Loaded TP WindowsNoEditorTargetPlatform
[2018.09.23-22.59.44:260][  0]LogTemp: Display: Loaded TP WindowsServerTargetPlatform
[2018.09.23-22.59.44:273][  0]LogTemp: Display: Loaded TP WindowsTargetPlatform
[2018.09.23-22.59.44:354][  0]LogTemp: Display: Loaded TP AndroidTargetPlatform
[2018.09.23-22.59.44:354][  0]LogTemp: Display: Loaded TP AndroidTargetPlatform
[2018.09.23-22.59.44:354][  0]LogTemp: Display: Loaded TP AndroidTargetPlatform
[2018.09.23-22.59.44:354][  0]LogTemp: Display: Loaded TP AndroidTargetPlatform
[2018.09.23-22.59.44:354][  0]LogTemp: Display: Loaded TP AndroidTargetPlatform
[2018.09.23-22.59.44:354][  0]LogTemp: Display: Loaded TP AndroidTargetPlatform
[2018.09.23-22.59.44:354][  0]LogTemp: Display: Loaded TP AndroidTargetPlatform
[2018.09.23-22.59.44:354][  0]LogTemp: Display: Loaded TP AndroidTargetPlatform
[2018.09.23-22.59.44:354][  0]LogTemp: Display: Loaded TP AndroidTargetPlatform
[2018.09.23-22.59.44:354][  0]LogTemp: Display: Loaded TP AndroidTargetPlatform
[2018.09.23-22.59.44:354][  0]LogTemp: Display: Loaded TP AndroidTargetPlatform
[2018.09.23-22.59.44:354][  0]LogTemp: Display: Loaded TP AndroidTargetPlatform
[2018.09.23-22.59.44:354][  0]LogTemp: Display: Loaded TP AndroidTargetPlatform
[2018.09.23-22.59.44:354][  0]LogTemp: Display: Loaded TP AndroidTargetPlatform
[2018.09.23-22.59.44:354][  0]LogTemp: Display: Loaded TP AndroidTargetPlatform
[2018.09.23-22.59.44:354][  0]LogTemp: Display: Loaded TP AndroidTargetPlatform
[2018.09.23-22.59.44:354][  0]LogTemp: Display: Loaded TP AndroidTargetPlatform
[2018.09.23-22.59.44:354][  0]LogTemp: Display: Loaded TP AndroidTargetPlatform
[2018.09.23-22.59.44:363][  0]LogTemp: Display: Loaded TP HTML5TargetPlatform
[2018.09.23-22.59.44:451][  0]LogTemp: Display: Loaded TP IOSTargetPlatform
[2018.09.23-22.59.44:451][  0]LogTemp: Display: Loaded TP IOSTargetPlatform
[2018.09.23-22.59.44:478][  0]LogTemp: Display: Loaded TP TVOSTargetPlatform
[2018.09.23-22.59.44:478][  0]LogTemp: Display: Loaded TP TVOSTargetPlatform
[2018.09.23-22.59.44:497][  0]LogTemp: Display: Loaded TP LinuxClientTargetPlatform
[2018.09.23-22.59.44:516][  0]LogTemp: Display: Loaded TP LinuxNoEditorTargetPlatform
[2018.09.23-22.59.44:535][  0]LogTemp: Display: Loaded TP LinuxServerTargetPlatform
[2018.09.23-22.59.44:560][  0]LogTemp: Display: Loaded TP LinuxTargetPlatform
[2018.09.23-22.59.44:577][  0]LogTemp: Display: Loaded TP LuminTargetPlatform
[2018.09.23-22.59.44:577][  0]LogTargetPlatformManager: Display: Building Assets For Windows
[2018.09.23-22.59.44:833][  0]LogXGEController: Cleaning working directory: C:/Users/sae/AppData/Local/Temp/UnrealXGEWorkingDir/
[2018.09.23-22.59.44:833][  0]LogXGEController: Cannot use XGE Controller as Incredibuild is not installed on this machine.
[2018.09.23-22.59.44:833][  0]LogShaderCompilers: Cannot use XGE Shader Compiler as Incredibuild is not installed on this machine.
[2018.09.23-22.59.44:833][  0]LogShaderCompilers: Display: Using Local Shader Compiler.
[2018.09.23-22.59.46:372][  0]LogDerivedDataCache: Display: Max Cache Size: 512 MB
[2018.09.23-22.59.46:796][  0]LogDerivedDataCache: Loaded boot cache 0.42s 72MB C:/Users/sae/AppData/Local/UnrealEngine/4.20/DerivedDataCache/Boot.ddc.
[2018.09.23-22.59.46:797][  0]LogDerivedDataCache: Display: Loaded Boot cache: C:/Users/sae/AppData/Local/UnrealEngine/4.20/DerivedDataCache/Boot.ddc
[2018.09.23-22.59.46:797][  0]LogDerivedDataCache: FDerivedDataBackendGraph:  Pak pak cache file ../../../../../../Users/sae/Downloads/GPG210-Prototypes-master/GPG210-Prototypes-master/PlatformerPrototype/DerivedDataCache/DDC.ddp not found, will not use a pak cache.
[2018.09.23-22.59.46:797][  0]LogDerivedDataCache: Unable to find inner node Pak for hierarchical cache Hierarchy.
[2018.09.23-22.59.46:797][  0]LogDerivedDataCache: FDerivedDataBackendGraph:  CompressedPak pak cache file ../../../../../../Users/sae/Downloads/GPG210-Prototypes-master/GPG210-Prototypes-master/PlatformerPrototype/DerivedDataCache/Compressed.ddp not found, will not use a pak cache.
[2018.09.23-22.59.46:797][  0]LogDerivedDataCache: Unable to find inner node CompressedPak for hierarchical cache Hierarchy.
[2018.09.23-22.59.46:838][  0]LogDerivedDataCache: Display: Pak cache opened for reading ../../../Engine/DerivedDataCache/Compressed.ddp.
[2018.09.23-22.59.46:852][  0]LogDerivedDataCache: Using Local data cache path C:/Users/sae/AppData/Local/UnrealEngine/Common/DerivedDataCache: Writable
[2018.09.23-22.59.46:852][  0]LogDerivedDataCache: Shared data cache path not found in *engine.ini, will not use an Shared cache.
[2018.09.23-22.59.46:852][  0]LogDerivedDataCache: Unable to find inner node Shared for hierarchical cache Hierarchy.
[2018.09.23-22.59.46:871][  0]LogMaterial: Verifying Global Shaders for PCD3D_SM5
[2018.09.23-22.59.46:873][  0]LogSlate: Using FreeType 2.6.0
[2018.09.23-22.59.46:887][  0]LogSlate: SlateFontServices - WITH_FREETYPE: 1, WITH_HARFBUZZ: 1
[2018.09.23-22.59.47:132][  0]LogAssetRegistry: FAssetRegistry took 0.0263 seconds to start up
[2018.09.23-22.59.47:418][  0]LogInit: Selected Device Profile: [Windows]
[2018.09.23-22.59.47:725][  0]LogSimplygon: Simplygon DLL not present - disabling.
[2018.09.23-22.59.47:759][  0]LogMeshReduction: Using SimplygonSwarm for distributed automatic mesh merging
[2018.09.23-22.59.47:759][  0]LogMeshReduction: Using ProxyLODMeshReduction for automatic mesh merging
[2018.09.23-22.59.47:760][  0]LogMeshReduction: Using QuadricMeshReduction for automatic static mesh reduction
[2018.09.23-22.59.47:760][  0]LogMeshReduction: No automatic skeletal mesh reduction module available
[2018.09.23-22.59.47:796][  0]LogNetVersion: PlatformerPrototype 1.0.0, NetCL: 4212847, EngineNetVer: 5, GameNetVer: 0 (Checksum: 3545419167)
[2018.09.23-22.59.48:761][  0]LogPackageLocalizationCache: Processed 13 localized package path(s) for 2 prioritized culture(s) in 0.103464 seconds
[2018.09.23-22.59.48:766][  0]LogUObjectArray: 38425 objects as part of root set at end of initial load.
[2018.09.23-22.59.48:766][  0]LogUObjectAllocator: 6690864 out of 0 bytes used by permanent object pool.
[2018.09.23-22.59.48:766][  0]LogUObjectArray: CloseDisregardForGC: 0/0 objects in disregard for GC pool
[2018.09.23-22.59.51:987][  0]LogTcpMessaging: Initializing TcpMessaging bridge
[2018.09.23-22.59.52:011][  0]LogUdpMessaging: Initializing bridge on interface 0.0.0.0:0 to multicast group 230.0.0.1:6666.
[2018.09.23-22.59.52:406][  0]SourceControl: Source control is disabled
[2018.09.23-22.59.52:406][  0]SourceControl: Source control is disabled
[2018.09.23-22.59.52:426][  0]SourceControl: Source control is disabled
[2018.09.23-22.59.52:439][  0]SourceControl: Source control is disabled
[2018.09.23-22.59.53:054][  0]LogAndroidPermission: UAndroidPermissionCallbackProxy::GetInstance
[2018.09.23-22.59.53:178][  0]LogOcInput: OculusInput pre-init called
[2018.09.23-22.59.55:459][  0]LogEngine: Initializing Engine...
[2018.09.23-22.59.55:460][  0]LogHMD: Failed to initialize OpenVR with code 110
[2018.09.23-22.59.55:461][  0]LogStats: UGameplayTagsManager::ConstructGameplayTagTree: ImportINI prefixes -  0.000 s
[2018.09.23-22.59.55:461][  0]LogStats: UGameplayTagsManager::ConstructGameplayTagTree: Construct from data asset -  0.000 s
[2018.09.23-22.59.55:461][  0]LogStats: UGameplayTagsManager::ConstructGameplayTagTree: ImportINI -  0.000 s
[2018.09.23-22.59.55:461][  0]LogStats: UGameplayTagsManager::ConstructGameplayTagTree: GameplayTagTreeChangedEvent.Broadcast -  0.000 s
[2018.09.23-22.59.55:637][  0]LogInit: Initializing FReadOnlyCVARCache
[2018.09.23-22.59.55:660][  0]LogAIModule: Creating AISystem for world Untitled
[2018.09.23-22.59.55:674][  0]LogInit: XAudio2 using 'U28E850 (2- NVIDIA High Definition Audio)' : 2 channels at 48 kHz using 16 bits per sample (channel mask 0x3)
[2018.09.23-22.59.55:725][  0]LogInit: FAudioDevice initialized.
[2018.09.23-22.59.55:725][  0]LogNetVersion: Set ProjectVersion to 1.0.0.0. Version Checksum will be recalculated on next use.
[2018.09.23-22.59.55:801][  0]LogDerivedDataCache: Saved boot cache 0.08s 72MB C:/Users/sae/AppData/Local/UnrealEngine/4.20/DerivedDataCache/Boot.ddc.
[2018.09.23-22.59.55:810][  0]LogInit: Texture streaming: Enabled
[2018.09.23-22.59.55:859][  0]LogEngineSessionManager: EngineSessionManager initialized
[2018.09.23-22.59.55:881][  0]LogInit: Transaction tracking system initialized
[2018.09.23-22.59.55:953][  0]BlueprintLog: New page: Editor Load
[2018.09.23-22.59.56:283][  0]LocalizationService: Localization service is disabled
[2018.09.23-22.59.56:789][  0]LogCook: Display: Max memory allowance for cook 16384mb min free memory 0mb
[2018.09.23-22.59.56:789][  0]LogCook: Display: Mobile HDR setting 1
[2018.09.23-22.59.56:789][  0]LogGameplayTags: Display: UGameplayTagsManager::DoneAddingNativeTags. DelegateIsBound: 0
[2018.09.23-22.59.56:789][  0]LogStats: UGameplayTagsManager::ConstructGameplayTagTree: ImportINI prefixes -  0.000 s
[2018.09.23-22.59.56:789][  0]LogStats: UGameplayTagsManager::ConstructGameplayTagTree: Construct from data asset -  0.000 s
[2018.09.23-22.59.56:789][  0]LogStats: UGameplayTagsManager::ConstructGameplayTagTree: ImportINI -  0.000 s
[2018.09.23-22.59.56:789][  0]LogStats: UGameplayTagsManager::ConstructGameplayTagTree: GameplayTagTreeChangedEvent.Broadcast -  0.000 s
[2018.09.23-22.59.56:817][  0]LogFileCache: Scanning file cache for directory 'C:/Users/sae/Downloads/GPG210-Prototypes-master/GPG210-Prototypes-master/PlatformerPrototype/Content/' took 0.01s
[2018.09.23-22.59.58:248][  0]SourceControl: Source control is disabled
[2018.09.23-22.59.58:249][  0]LightingResults: New page: Lighting Build
[2018.09.23-22.59.58:251][  0]MapCheck: New page: Map Check
[2018.09.23-22.59.58:251][  0]LightingResults: New page: Lighting Build
[2018.09.23-22.59.58:459][  0]LogLinker: Warning: Can't find file '/Game/ThirdPersonBP/Maps/ThirdPersonExampleMap_BuiltData'
[2018.09.23-22.59.58:460][  0]LogLinker: Warning: Can't find file for asset '/Game/ThirdPersonBP/Maps/ThirdPersonExampleMap_BuiltData' while loading ../../../../../../Users/sae/Downloads/GPG210-Prototypes-master/GPG210-Prototypes-master/PlatformerPrototype/Content/ThirdPersonBP/Maps/ThirdPersonExampleMap.umap.
[2018.09.23-22.59.58:460][  0]LoadErrors: Error: /Game/ThirdPersonBP/Maps/ThirdPersonExampleMap : Can't find file for asset. /Game/ThirdPersonBP/Maps/ThirdPersonExampleMap_BuiltData
[2018.09.23-22.59.58:475][  0]LogLinker: Warning: Can't find file '/Game/ThirdPersonBP/Maps/ThirdPersonExampleMap_BuiltData'
[2018.09.23-22.59.58:475][  0]LogLinker: Warning: Can't find file for asset '/Game/ThirdPersonBP/Maps/ThirdPersonExampleMap_BuiltData' while loading ../../../../../../Users/sae/Downloads/GPG210-Prototypes-master/GPG210-Prototypes-master/PlatformerPrototype/Content/ThirdPersonBP/Maps/ThirdPersonExampleMap.umap.
[2018.09.23-22.59.58:475][  0]LoadErrors: Error: /Game/ThirdPersonBP/Maps/ThirdPersonExampleMap : Can't find file for asset. /Game/ThirdPersonBP/Maps/ThirdPersonExampleMap_BuiltData
[2018.09.23-22.59.58:477][  0]LogLinker: Warning: Can't find file '/Game/ThirdPersonBP/Maps/ThirdPersonExampleMap_BuiltData'
[2018.09.23-22.59.58:477][  0]LogLinker: Warning: Can't find file for asset '/Game/ThirdPersonBP/Maps/ThirdPersonExampleMap_BuiltData' while loading NULL.
[2018.09.23-22.59.58:477][  0]LogLinker: Warning: Can't find file '/Game/ThirdPersonBP/Maps/ThirdPersonExampleMap_BuiltData'
[2018.09.23-22.59.58:477][  0]LogLinker: Warning: Can't find file for asset '/Game/ThirdPersonBP/Maps/ThirdPersonExampleMap_BuiltData' while loading NULL.
[2018.09.23-22.59.58:488][  0]LogLinker: Warning: Can't find file '/Game/ThirdPersonBP/Maps/ThirdPersonExampleMap_BuiltData'
[2018.09.23-22.59.58:488][  0]LoadErrors: Failed to load /Game/ThirdPersonBP/Maps/ThirdPersonExampleMap_BuiltData.ThirdPersonExampleMap_BuiltData Referenced by PersistentLevel
[2018.09.23-22.59.58:488][  0]LogLinker: Warning: Can't find file for asset '/Game/ThirdPersonBP/Maps/ThirdPersonExampleMap_BuiltData' while loading NULL.
[2018.09.23-22.59.58:488][  0]LoadErrors: Failed to load /Game/ThirdPersonBP/Maps/ThirdPersonExampleMap_BuiltData.ThirdPersonExampleMap_BuiltData Referenced by PersistentLevel
[2018.09.23-22.59.58:694][  0]LogAIModule: Creating AISystem for world ThirdPersonExampleMap
[2018.09.23-22.59.58:703][  0]LogEditorServer: Finished looking for orphan Actors (0.000 secs)
[2018.09.23-22.59.58:725][  0]Cmd: MAP CHECKDEP NOCLEARLOG
[2018.09.23-22.59.58:781][  0]MapCheck: Map check complete: 0 Error(s), 0 Warning(s), took 55.941ms to complete.
[2018.09.23-22.59.58:781][  0]LogFileHelpers: Loading map 'ThirdPersonExampleMap' took 0.533
[2018.09.23-22.59.58:961][  0]LogSlate: Updating window title bar state: overlay mode, drag disabled, window buttons hidden, title bar hidden
[2018.09.23-22.59.58:971][  0]LogSlate: Updating window title bar state: overlay mode, drag disabled, window buttons hidden, title bar hidden
[2018.09.23-22.59.58:981][  0]LogSlate: Updating window title bar state: overlay mode, drag disabled, window buttons hidden, title bar hidden
[2018.09.23-22.59.58:990][  0]LogSlate: Updating window title bar state: overlay mode, drag disabled, window buttons hidden, title bar hidden
[2018.09.23-22.59.59:010][  0]LogCollectionManager: Loaded 0 collections in 0.001142 seconds
[2018.09.23-22.59.59:050][  0]LogFileCache: Scanning file cache for directory 'C:/Users/sae/Downloads/GPG210-Prototypes-master/GPG210-Prototypes-master/PlatformerPrototype/Saved/Collections/' took 0.01s
[2018.09.23-22.59.59:050][  0]LogFileCache: Scanning file cache for directory 'C:/Users/sae/Downloads/GPG210-Prototypes-master/GPG210-Prototypes-master/PlatformerPrototype/Content/Developers/sae/Collections/' took 0.01s
[2018.09.23-22.59.59:050][  0]LogFileCache: Scanning file cache for directory 'C:/Users/sae/Downloads/GPG210-Prototypes-master/GPG210-Prototypes-master/PlatformerPrototype/Content/Collections/' took 0.01s
[2018.09.23-22.59.59:050][  0]LogCollectionManager: Rebuilt the GUID cache for 0 collections in 0.000000 seconds
[2018.09.23-22.59.59:059][  0]LogContentBrowser: Native class hierarchy populated in 0.0079 seconds. Added 2621 classes and 629 folders.
[2018.09.23-22.59.59:064][  0]LogContentBrowser: Native class hierarchy updated for 'WidgetCarousel' in 0.0002 seconds. Added 0 classes and 0 folders.
[2018.09.23-22.59.59:480][  0]LogContentBrowser: Native class hierarchy updated for 'AddContentDialog' in 0.0002 seconds. Added 0 classes and 0 folders.
[2018.09.23-22.59.59:496][  0]LogContentBrowser: Native class hierarchy updated for 'SceneOutliner' in 0.0002 seconds. Added 1 classes and 2 folders.
[2018.09.23-22.59.59:515][  0]LogSlate: Took 0.005370 seconds to synchronously load lazily loaded font '../../../Engine/Content/Slate/Fonts/Roboto-Regular.ttf' (155K)
[2018.09.23-22.59.59:521][  0]LogSlate: Took 0.004604 seconds to synchronously load lazily loaded font '../../../Engine/Content/Slate/Fonts/Roboto-Bold.ttf' (160K)
[2018.09.23-22.59.59:530][  0]LogSlate: Took 0.004152 seconds to synchronously load lazily loaded font '../../../Engine/Content/Editor/Slate/Fonts/FontAwesome.ttf' (139K)
[2018.09.23-22.59.59:627][  0]LogRenderer: Reallocating scene render targets to support 1616x812 Format 10 NumSamples 1 (Frame:1).
[2018.09.23-22.59.59:749][  0]LogContentBrowser: Native class hierarchy updated for 'HierarchicalLODOutliner' in 0.0004 seconds. Added 0 classes and 0 folders.
[2018.09.23-22.59.59:749][  0]LogLoad: (Engine Initialization) Total time: 24.97 seconds
[2018.09.23-22.59.59:749][  0]LogLoad: (Engine Initialization) Total Blueprint compile time: 0.00 seconds
[2018.09.23-22.59.59:785][  0]LogContentStreaming: Texture pool size now 1000 MB
[2018.09.23-22.59.59:791][  0]LogSlate: FSceneViewport::OnFocusLost() reason 2
[2018.09.23-22.59.59:875][  1]LogAssetRegistry: Asset discovery search completed in 12.7656 seconds
[2018.09.23-22.59.59:877][  1]LogCollectionManager: Rebuilt the object cache for 0 collections in 0.000000 seconds (found 0 objects)
[2018.09.23-22.59.59:877][  1]LogCollectionManager: Fixed up redirectors for 0 collections in 0.000051 seconds (updated 0 objects)
[2018.09.23-23.00.09:932][200]LogSlate: Window 'Message Log' being destroyed
[2018.09.23-23.00.09:936][200]LogSlate: Window 'Message Log' being destroyed
[2018.09.23-23.00.16:470][983]LogSlate: FSceneViewport::OnFocusLost() reason 2
[2018.09.23-23.00.17:758][137]MapCheck: New page: Map Check
[2018.09.23-23.00.17:767][137]LogSlate: FSceneViewport::OnFocusLost() reason 2
[2018.09.23-23.00.17:771][137]LightingResults: New page: Lighting Build - 24 Sep 2018 7:00:17 pm
[2018.09.23-23.00.17:860][137]LogSwarmInterface: [OpenConnection] Registering TCP channel ...
[2018.09.23-23.00.18:075][137]LogSwarmInterface: [OpenConnection] Connecting to agent ...
[2018.09.23-23.00.18:092][137]LogSwarmInterface: [TryOpenConnection] Testing the Agent
[2018.09.23-23.00.19:149][137]LogSwarmInterface: [TryOpenConnection] Opening Connection to Agent
[2018.09.23-23.00.19:149][137]LogSwarmInterface: [TryOpenConnection] Local Process ID is 66232
[2018.09.23-23.00.21:264][137]LogStaticLightingSystem: Running Lightmass w/ ImmediateImport mode ENABLED
[2018.09.23-23.00.21:264][137]LogStaticLightingSystem: Running Lightmass w/ ImmediateProcess mode ENABLED
[2018.09.23-23.00.21:265][137]LogStaticLightingSystem: Running Lightmass w/ Sorting mode ENABLED
[2018.09.23-23.00.21:265][137]LogStaticLightingSystem: Running Lightmass w/ Mapping paddings ENABLED
[2018.09.23-23.00.21:265][137]LogStaticLightingSystem: Running Lightmass w/ Mapping debug paddings DISABLED
[2018.09.23-23.00.21:546][137]LogEditorBuildUtils: Build time 0:03
[2018.09.23-23.00.21:623][138]LogMaterial: Display: Missing cached shader map for material FLightmassMaterialRenderer RampMaterial, compiling. 
[2018.09.23-23.00.21:647][138]LogShaderCompilers: Display: Shaders left to compile 2
[2018.09.23-23.00.21:647][138]LogMaterial: Display: Missing cached shader map for material FLightmassMaterialRenderer RampMaterial, compiling. 
[2018.09.23-23.00.21:679][139]LogShaderCompilers: Display: Shaders left to compile 2
[2018.09.23-23.00.21:679][139]LogMaterial: Display: Missing cached shader map for material FLightmassMaterialRenderer CubeMaterial, compiling. 
[2018.09.23-23.00.21:686][139]LogShaderCompilers: Display: Shaders left to compile 2
[2018.09.23-23.00.21:686][139]LogMaterial: Display: Missing cached shader map for material FLightmassMaterialRenderer CubeMaterial, compiling. 
[2018.09.23-23.00.21:699][139]LogShaderCompilers: Display: Shaders left to compile 2
[2018.09.23-23.00.27:010][473]Job is a success!
[2018.09.23-23.00.27:032][474]LogSlate: Took 0.004488 seconds to synchronously load lazily loaded font '../../../Engine/Content/Slate/Fonts/Roboto-Light.ttf' (167K)
[2018.09.23-23.00.27:061][474]LogVolumetricLightmapImport: Imported Volumetric Lightmap in 0.013s
[2018.09.23-23.00.27:061][474]LogVolumetricLightmapImport:      Indirection Texture 16x16x16 = 0.0Mb
[2018.09.23-23.00.27:061][474]LogVolumetricLightmapImport:      BrickData 255x5x5 = 0.2Mb (trimmed 0.0Mb due to 0.010000 MinBrickError)
[2018.09.23-23.00.27:061][474]LogVolumetricLightmapImport:      Bricks at Level
[2018.09.23-23.00.27:061][474]LogVolumetricLightmapImport:          0: 2.0% covering 100.0% of volume
[2018.09.23-23.00.27:061][474]LogVolumetricLightmapImport:          1: 7.8% covering 6.3% of volume
[2018.09.23-23.00.27:061][474]LogVolumetricLightmapImport:          2: 90.2% covering 1.1% of volume
[2018.09.23-23.00.27:579][474]LogTexture: Display: Building textures: SkyOcclusion0_1 (AutoDXT, 1024X512)
[2018.09.23-23.00.27:579][474]LogTexture: Display: Building textures: HQ_Lightmap0_1 (AutoDXT, 1024X1024)
[2018.09.23-23.00.27:579][474]LogTexture: Display: Building textures: LQ_Lightmap_0_1 (DXT1, 1024X1024)
[2018.09.23-23.00.27:579][474]LogTexture: Display: Building textures: SkyOcclusion0_2 (AutoDXT, 512X256)
[2018.09.23-23.00.27:579][474]LogTexture: Display: Building textures: HQ_Lightmap0_2 (AutoDXT, 512X512)
[2018.09.23-23.00.27:579][474]LogTexture: Display: Building textures: SkyOcclusion0_3 (AutoDXT, 64X32)
[2018.09.23-23.00.27:579][474]LogTexture: Display: Building textures: LQ_Lightmap_0_2 (DXT1, 512X512)
[2018.09.23-23.00.27:579][474]LogTexture: Display: Building textures: HQ_Lightmap0_3 (AutoDXT, 64X64)
[2018.09.23-23.00.27:579][474]LogTexture: Display: Building textures: LQ_Lightmap_0_3 (DXT1, 64X64)
[2018.09.23-23.00.27:783][474]LogTexture: Display: Building textures: ShadowMapTexture2D_1 (G8, 32X32)
[2018.09.23-23.00.27:783][474]LogTexture: Display: Building textures: ShadowMapTexture2D_0 (G8, 1024X1024)
[2018.09.23-23.00.27:808][474]Lightmass on SYD-TEST-GAMES: 4.28 sec total, 132 ms importing, 16 ms setup, 1.02 sec photons, 3.07 sec processing, 0 ms extra exporting [20/20 mappings]. Threads: 21.3 sec total, 8.46 sec processing.
[2018.09.23-23.00.27:834][474]LogStaticLightingSystem: Illumination: 10.0 sec (478 ms encoding lightmaps, 200 ms encoding shadowmaps)
[2018.09.23-23.00.27:834][474]LogStaticLightingSystem: Lightmap texture memory:  3.3 MB (3.3 MB streaming, 0.0 MB non-streaming), 6 textures
[2018.09.23-23.00.27:834][474]LogStaticLightingSystem: Shadowmap texture memory: 1.3 MB (1.3 MB streaming, 0.0 MB non-streaming), 2 textures
[2018.09.23-23.00.28:270][474]DumpUnbuiltLightIteractions
[2018.09.23-23.00.28:270][474]Lights with unbuilt interactions: 0
[2018.09.23-23.00.28:270][474]
[2018.09.23-23.00.28:270][474]Primitives with unbuilt interactions: 0
[2018.09.23-23.00.28:287][474]LogSlate: FSceneViewport::OnFocusLost() reason 2
[2018.09.23-23.00.28:367][475]Cmd: MAP CHECK NOTIFYRESULTS
[2018.09.23-23.00.28:367][475]MapCheck: New page: ThirdPersonExampleMap - 24 Sep 2018 7:00:28 pm
[2018.09.23-23.00.28:438][475]MapCheck: Map check complete: 0 Error(s), 0 Warning(s), took 70.746ms to complete.
[2018.09.23-23.00.31:489][841]LogSlate: FSceneViewport::OnFocusLost() reason 0
[2018.09.23-23.00.31:564][850]LogTemp: Repeating last play command: Selected Viewport
[2018.09.23-23.00.31:578][850]LogBlueprintUserMessages: Early PlayInEditor Detection: Level '/Game/ThirdPersonBP/Maps/ThirdPersonExampleMap.ThirdPersonExampleMap:PersistentLevel' has LevelScriptBlueprint '/Game/ThirdPersonBP/Maps/ThirdPersonExampleMap.ThirdPersonExampleMap:PersistentLevel.ThirdPersonExampleMap' with GeneratedClass '/Game/ThirdPersonBP/Maps/ThirdPersonExampleMap.ThirdPersonExampleMap_C' with ClassGeneratedBy '/Game/ThirdPersonBP/Maps/ThirdPersonExampleMap.ThirdPersonExampleMap:PersistentLevel.ThirdPersonExampleMap'
[2018.09.23-23.00.31:578][850]LogPlayLevel: PlayLevel: No blueprints needed recompiling
[2018.09.23-23.00.31:590][850]PIE: New page: PIE session: ThirdPersonExampleMap (24 Sep 2018 7:00:31 pm)
[2018.09.23-23.00.31:590][850]LogPlayLevel: Creating play world package: /Game/ThirdPersonBP/Maps/UEDPIE_1_ThirdPersonExampleMap
[2018.09.23-23.00.31:607][850]LogPlayLevel: PIE: StaticDuplicateObject took: (0.016528s)
[2018.09.23-23.00.31:607][850]LogAIModule: Creating AISystem for world ThirdPersonExampleMap
[2018.09.23-23.00.31:607][850]LogPlayLevel: PIE: World Init took: (0.000582s)
[2018.09.23-23.00.31:607][850]LogPlayLevel: PIE: Created PIE world by copying editor world from /Game/ThirdPersonBP/Maps/ThirdPersonExampleMap.ThirdPersonExampleMap to /Game/ThirdPersonBP/Maps/UEDPIE_1_ThirdPersonExampleMap.ThirdPersonExampleMap (0.017255s)
[2018.09.23-23.00.31:643][850]LogLoad: Game class is 'ThirdPersonGameMode_C'
[2018.09.23-23.00.31:646][850]LogWorld: Bringing World /Game/ThirdPersonBP/Maps/UEDPIE_1_ThirdPersonExampleMap.ThirdPersonExampleMap up for play (max tick rate 0) at 2018.09.24-09.00.31
[2018.09.23-23.00.31:646][850]LogWorld: Bringing up level for play took: 0.001626
[2018.09.23-23.00.31:646][850]LogTemp: Display: ParseSettings for GameNetDriver
[2018.09.23-23.00.31:646][850]LogTemp: Display: ParseSettings for IpNetDriver_0
[2018.09.23-23.00.31:646][850]LogTemp: Display: ParseSettings for GameNetDriver
[2018.09.23-23.00.31:646][850]LogNet: ReplicationDriverClass is null! Not using ReplicationDriver.
[2018.09.23-23.00.31:646][850]LogInit: WinSock: Socket queue 131072 / 131072
[2018.09.23-23.00.31:648][850]LogInit: WinSock: I am SYD-TEST-GAMES (10.40.51.102:0)
[2018.09.23-23.00.31:648][850]PacketHandlerLog: Loaded PacketHandler component: Engine.EngineHandlerComponentFactory (StatelessConnectHandlerComponent)
[2018.09.23-23.00.31:648][850]LogNet: GameNetDriver IpNetDriver_0 IpNetDriver listening on port 17777
[2018.09.23-23.00.31:648][850]PIE: Play in editor start time for /Game/ThirdPersonBP/Maps/UEDPIE_1_ThirdPersonExampleMap 0.619
[2018.09.23-23.00.31:648][850]PIE: New page: PIE session: ThirdPersonExampleMap (24 Sep 2018 7:00:31 pm)
[2018.09.23-23.00.31:656][850]LogInit: XAudio2 using 'U28E850 (2- NVIDIA High Definition Audio)' : 2 channels at 48 kHz using 16 bits per sample (channel mask 0x3)
[2018.09.23-23.00.31:663][850]LogInit: FAudioDevice initialized.
[2018.09.23-23.00.31:695][850]LogNet: Browse: 127.0.0.1:17777//Game/ThirdPersonBP/Maps/ThirdPersonExampleMap
[2018.09.23-23.00.31:695][850]LogTemp: Display: ParseSettings for GameNetDriver
[2018.09.23-23.00.31:695][850]LogTemp: Display: ParseSettings for IpNetDriver_1
[2018.09.23-23.00.31:695][850]LogTemp: Display: ParseSettings for PendingNetDriver
[2018.09.23-23.00.31:696][850]LogInit: WinSock: Socket queue 32768 / 32768
[2018.09.23-23.00.31:696][850]PacketHandlerLog: Loaded PacketHandler component: Engine.EngineHandlerComponentFactory (StatelessConnectHandlerComponent)
[2018.09.23-23.00.31:696][850]LogNet: Game client on port 17777, rate 10000
[2018.09.23-23.00.31:696][850]PIE: Play in editor start time for /Game/ThirdPersonBP/Maps/ThirdPersonExampleMap 0.668
[2018.09.23-23.00.31:701][850]LogBlueprintUserMessages: Late PlayInEditor Detection: Level '/Game/ThirdPersonBP/Maps/ThirdPersonExampleMap.ThirdPersonExampleMap:PersistentLevel' has LevelScriptBlueprint '/Game/ThirdPersonBP/Maps/ThirdPersonExampleMap.ThirdPersonExampleMap:PersistentLevel.ThirdPersonExampleMap' with GeneratedClass '/Game/ThirdPersonBP/Maps/ThirdPersonExampleMap.ThirdPersonExampleMap_C' with ClassGeneratedBy '/Game/ThirdPersonBP/Maps/ThirdPersonExampleMap.ThirdPersonExampleMap:PersistentLevel.ThirdPersonExampleMap'
[2018.09.23-23.00.31:701][850]LogNet: NotifyAcceptingConnection accepted from: 127.0.0.1:49632
[2018.09.23-23.00.31:701][850]LogHandshake: SendConnectChallenge. Timestamp: 0.008334, Cookie: 103219141221019051154134150118138196122064039218137151041065
[2018.09.23-23.00.31:722][850]LogHandshake: SendChallengeResponse. Timestamp: 0.008334, Cookie: 103219141221019051154134150118138196122064039218137151041065
[2018.09.23-23.00.31:761][851]LogNet: NotifyAcceptingConnection accepted from: 127.0.0.1:49632
[2018.09.23-23.00.31:761][851]LogHandshake: SendChallengeAck. InCookie: 103219141221019051154134150118138196122064039218137151041065
[2018.09.23-23.00.31:761][851]LogNet: Server accepting post-challenge connection from: 127.0.0.1:49632
[2018.09.23-23.00.31:762][851]PacketHandlerLog: Loaded PacketHandler component: Engine.EngineHandlerComponentFactory (StatelessConnectHandlerComponent)
[2018.09.23-23.00.31:762][851]LogNet: NotifyAcceptedConnection: Name: ThirdPersonExampleMap, TimeStamp: 09/24/18 09:00:31, [UNetConnection] RemoteAddr: 127.0.0.1:49632, Name: IpConnection_1, Driver: GameNetDriver IpNetDriver_0, IsServer: YES, PC: NULL, Owner: NULL, UniqueId: INVALID
[2018.09.23-23.00.31:762][851]LogNet: AddClientConnection: Added client connection: [UNetConnection] RemoteAddr: 127.0.0.1:49632, Name: IpConnection_1, Driver: GameNetDriver IpNetDriver_0, IsServer: YES, PC: NULL, Owner: NULL, UniqueId: INVALID
[2018.09.23-23.00.31:764][851]LogNetVersion: PlatformerPrototype 1.0.0.0, NetCL: 4212847, EngineNetVer: 5, GameNetVer: 0 (Checksum: 2027444414)
[2018.09.23-23.00.31:764][851]LogNet: UPendingNetGame::SendInitialJoin: Sending hello. [UNetConnection] RemoteAddr: 127.0.0.1:17777, Name: IpConnection_0, Driver: PendingNetDriver IpNetDriver_1, IsServer: NO, PC: NULL, Owner: NULL, UniqueId: INVALID
[2018.09.23-23.00.31:776][852]LogNet: NotifyAcceptingChannel Control 0 server World /Game/ThirdPersonBP/Maps/UEDPIE_1_ThirdPersonExampleMap.ThirdPersonExampleMap: Accepted
[2018.09.23-23.00.31:776][852]LogNet: Remote platform little endian=1
[2018.09.23-23.00.31:776][852]LogNet: This platform little endian=1
[2018.09.23-23.00.31:796][853]LogNet: Login request: /Game/ThirdPersonBP/Maps/ThirdPersonExampleMap?Name=SYD-TEST-GAMES-3C9D10254359F57D8E34789B4CDBC4C2 userId: SYD-TEST-GAMES-3C9D10254359F57D8E34789B4CDBC4C2
[2018.09.23-23.00.31:797][853]LogNet: Welcomed by server (Level: /Game/ThirdPersonBP/Maps/UEDPIE_1_ThirdPersonExampleMap, Game: /Game/ThirdPersonBP/Blueprints/ThirdPersonGameMode.ThirdPersonGameMode_C)
[2018.09.23-23.00.31:798][853]LogLoad: LoadMap: 127.0.0.1:17777//Game/ThirdPersonBP/Maps/UEDPIE_1_ThirdPersonExampleMap?game=/Game/ThirdPersonBP/Blueprints/ThirdPersonGameMode.ThirdPersonGameMode_C
[2018.09.23-23.00.31:848][853]LogAIModule: Creating AISystem for world ThirdPersonExampleMap
[2018.09.23-23.00.31:848][853]LogTemp: Display: ParseSettings for GameNetDriver
[2018.09.23-23.00.31:851][853]LogWorld: Bringing World /Game/ThirdPersonBP/Maps/UEDPIE_2_ThirdPersonExampleMap.ThirdPersonExampleMap up for play (max tick rate 0) at 2018.09.24-09.00.31
[2018.09.23-23.00.31:851][853]LogWorld: Bringing up level for play took: 0.001883
[2018.09.23-23.00.31:851][853]LogLoad: Took 0.053234 seconds to LoadMap(/Game/ThirdPersonBP/Maps/UEDPIE_1_ThirdPersonExampleMap)
[2018.09.23-23.00.31:872][854]LogNet: Client netspeed is 10000
[2018.09.23-23.00.31:872][854]LogNet: Join request: /Game/ThirdPersonBP/Maps/ThirdPersonExampleMap?Name=SYD-TEST-GAMES-3C9D10254359F57D8E34789B4CDBC4C2?SplitscreenCount=1
[2018.09.23-23.00.31:872][854]LogOnline: Warning: OSS: No game present to join for session (GameSession)
[2018.09.23-23.00.31:874][854]LogNet: Join succeeded: SYD-TEST-GAMES-3C9D1
[2018.09.23-23.00.31:899][857]LogOnline: Warning: OSS: No game present to join for session (GameSession)
[2018.09.23-23.00.56:825][848]LogBlueprintUserMessages: [BP_Pit3] Client 1: Dead
[2018.09.23-23.00.56:841][850]LogBlueprintUserMessages: [BP_Pit3] Server: Dead
[2018.09.23-23.00.58:476][ 46]LogBlueprintUserMessages: Early EndPlayMap Detection: Level '/Game/ThirdPersonBP/Maps/ThirdPersonExampleMap.ThirdPersonExampleMap:PersistentLevel' has LevelScriptBlueprint '/Game/ThirdPersonBP/Maps/ThirdPersonExampleMap.ThirdPersonExampleMap:PersistentLevel.ThirdPersonExampleMap' with GeneratedClass '/Game/ThirdPersonBP/Maps/ThirdPersonExampleMap.ThirdPersonExampleMap_C' with ClassGeneratedBy '/Game/ThirdPersonBP/Maps/ThirdPersonExampleMap.ThirdPersonExampleMap:PersistentLevel.ThirdPersonExampleMap'
[2018.09.23-23.00.58:476][ 46]LogSlate: Updating window title bar state: overlay mode, drag disabled, window buttons hidden, title bar hidden
[2018.09.23-23.00.58:506][ 46]LogPlayLevel: Display: Shutting down PIE online subsystems
[2018.09.23-23.00.58:507][ 46]LogBlueprintUserMessages: Late EndPlayMap Detection: Level '/Game/ThirdPersonBP/Maps/ThirdPersonExampleMap.ThirdPersonExampleMap:PersistentLevel' has LevelScriptBlueprint '/Game/ThirdPersonBP/Maps/ThirdPersonExampleMap.ThirdPersonExampleMap:PersistentLevel.ThirdPersonExampleMap' with GeneratedClass '/Game/ThirdPersonBP/Maps/ThirdPersonExampleMap.ThirdPersonExampleMap_C' with ClassGeneratedBy '/Game/ThirdPersonBP/Maps/ThirdPersonExampleMap.ThirdPersonExampleMap:PersistentLevel.ThirdPersonExampleMap'
[2018.09.23-23.00.58:525][ 46]LogNet: UChannel::CleanUp: ChIndex == 0. Closing connection. [UChannel] ChIndex: 0, Closing: 0 [UNetConnection] RemoteAddr: 127.0.0.1:49632, Name: IpConnection_1, Driver: GameNetDriver IpNetDriver_0, IsServer: YES, PC: None, Owner: None, UniqueId: NULL:SYD-TEST-GAMES-3C9D10254359F57D8E34789B4CDBC4C2
[2018.09.23-23.00.58:525][ 46]LogNet: UNetConnection::Close: [UNetConnection] RemoteAddr: 127.0.0.1:49632, Name: IpConnection_1, Driver: GameNetDriver IpNetDriver_0, IsServer: YES, PC: None, Owner: None, UniqueId: NULL:SYD-TEST-GAMES-3C9D10254359F57D8E34789B4CDBC4C2, Channels: 2, Time: 2018.09.23-23.00.58
[2018.09.23-23.00.58:525][ 46]LogNet: UChannel::Close: Sending CloseBunch. ChIndex == 0. Name: [UChannel] ChIndex: 0, Closing: 0 [UNetConnection] RemoteAddr: 127.0.0.1:49632, Name: IpConnection_1, Driver: GameNetDriver IpNetDriver_0, IsServer: YES, PC: None, Owner: None, UniqueId: NULL:SYD-TEST-GAMES-3C9D10254359F57D8E34789B4CDBC4C2
[2018.09.23-23.00.58:526][ 46]LogNet: UChannel::CleanUp: ChIndex == 0. Closing connection. [UChannel] ChIndex: 0, Closing: 0 [UNetConnection] RemoteAddr: 127.0.0.1:17777, Name: IpConnection_0, Driver: GameNetDriver IpNetDriver_1, IsServer: NO, PC: None, Owner: None, UniqueId: NULL:SYD-TEST-GAMES-3C9D10254359F57D8E34789B4CDBC4C2
[2018.09.23-23.00.58:526][ 46]LogNet: UNetConnection::Close: [UNetConnection] RemoteAddr: 127.0.0.1:17777, Name: IpConnection_0, Driver: GameNetDriver IpNetDriver_1, IsServer: NO, PC: None, Owner: None, UniqueId: NULL:SYD-TEST-GAMES-3C9D10254359F57D8E34789B4CDBC4C2, Channels: 2, Time: 2018.09.23-23.00.58
[2018.09.23-23.00.58:526][ 46]LogNet: UChannel::Close: Sending CloseBunch. ChIndex == 0. Name: [UChannel] ChIndex: 0, Closing: 0 [UNetConnection] RemoteAddr: 127.0.0.1:17777, Name: IpConnection_0, Driver: GameNetDriver IpNetDriver_1, IsServer: NO, PC: None, Owner: None, UniqueId: NULL:SYD-TEST-GAMES-3C9D10254359F57D8E34789B4CDBC4C2
[2018.09.23-23.00.58:527][ 46]LogSlate: Updating window title bar state: overlay mode, drag disabled, window buttons hidden, title bar hidden
[2018.09.23-23.00.58:528][ 46]LogExit: GameNetDriver None shut down
[2018.09.23-23.00.58:528][ 46]LogExit: GameNetDriver None shut down
[2018.09.23-23.00.58:579][ 49]LogPlayLevel: Display: Destroying online subsystem :Context_3
[2018.09.23-23.00.58:579][ 49]LogPlayLevel: Display: Destroying online subsystem :Context_2
[2018.09.23-23.01.02:017][406]LogSlate: FSceneViewport::OnFocusLost() reason 0
[2018.09.23-23.01.02:051][410]LogTemp: Repeating last play command: Selected Viewport
[2018.09.23-23.01.02:066][410]LogBlueprintUserMessages: Early PlayInEditor Detection: Level '/Game/ThirdPersonBP/Maps/ThirdPersonExampleMap.ThirdPersonExampleMap:PersistentLevel' has LevelScriptBlueprint '/Game/ThirdPersonBP/Maps/ThirdPersonExampleMap.ThirdPersonExampleMap:PersistentLevel.ThirdPersonExampleMap' with GeneratedClass '/Game/ThirdPersonBP/Maps/ThirdPersonExampleMap.ThirdPersonExampleMap_C' with ClassGeneratedBy '/Game/ThirdPersonBP/Maps/ThirdPersonExampleMap.ThirdPersonExampleMap:PersistentLevel.ThirdPersonExampleMap'
[2018.09.23-23.01.02:066][410]LogPlayLevel: PlayLevel: No blueprints needed recompiling
[2018.09.23-23.01.02:066][410]PIE: New page: PIE session: ThirdPersonExampleMap (24 Sep 2018 7:01:02 pm)
[2018.09.23-23.01.02:066][410]LogPlayLevel: Creating play world package: /Game/ThirdPersonBP/Maps/UEDPIE_1_ThirdPersonExampleMap
[2018.09.23-23.01.02:076][410]LogPlayLevel: PIE: StaticDuplicateObject took: (0.009805s)
[2018.09.23-23.01.02:077][410]LogAIModule: Creating AISystem for world ThirdPersonExampleMap
[2018.09.23-23.01.02:077][410]LogPlayLevel: PIE: World Init took: (0.001352s)
[2018.09.23-23.01.02:077][410]LogPlayLevel: PIE: Created PIE world by copying editor world from /Game/ThirdPersonBP/Maps/ThirdPersonExampleMap.ThirdPersonExampleMap to /Game/ThirdPersonBP/Maps/UEDPIE_1_ThirdPersonExampleMap.ThirdPersonExampleMap (0.011306s)
[2018.09.23-23.01.02:099][410]LogLoad: Game class is 'ThirdPersonGameMode_C'
[2018.09.23-23.01.02:101][410]LogWorld: Bringing World /Game/ThirdPersonBP/Maps/UEDPIE_1_ThirdPersonExampleMap.ThirdPersonExampleMap up for play (max tick rate 0) at 2018.09.24-09.01.02
[2018.09.23-23.01.02:101][410]LogWorld: Bringing up level for play took: 0.001620
[2018.09.23-23.01.02:101][410]LogTemp: Display: ParseSettings for GameNetDriver
[2018.09.23-23.01.02:101][410]LogTemp: Display: ParseSettings for IpNetDriver_2
[2018.09.23-23.01.02:101][410]LogTemp: Display: ParseSettings for GameNetDriver
[2018.09.23-23.01.02:101][410]LogNet: ReplicationDriverClass is null! Not using ReplicationDriver.
[2018.09.23-23.01.02:101][410]LogInit: WinSock: Socket queue 131072 / 131072
[2018.09.23-23.01.02:102][410]PacketHandlerLog: Loaded PacketHandler component: Engine.EngineHandlerComponentFactory (StatelessConnectHandlerComponent)
[2018.09.23-23.01.02:102][410]LogNet: GameNetDriver IpNetDriver_2 IpNetDriver listening on port 17777
[2018.09.23-23.01.02:102][410]PIE: Play in editor start time for /Game/ThirdPersonBP/Maps/UEDPIE_1_ThirdPersonExampleMap -0.927
[2018.09.23-23.01.02:102][410]PIE: New page: PIE session: ThirdPersonExampleMap (24 Sep 2018 7:01:02 pm)
[2018.09.23-23.01.02:110][410]LogInit: XAudio2 using 'U28E850 (2- NVIDIA High Definition Audio)' : 2 channels at 48 kHz using 16 bits per sample (channel mask 0x3)
[2018.09.23-23.01.02:117][410]LogInit: FAudioDevice initialized.
[2018.09.23-23.01.02:153][410]LogNet: Browse: 127.0.0.1:17777//Game/ThirdPersonBP/Maps/ThirdPersonExampleMap
[2018.09.23-23.01.02:154][410]LogTemp: Display: ParseSettings for GameNetDriver
[2018.09.23-23.01.02:154][410]LogTemp: Display: ParseSettings for IpNetDriver_3
[2018.09.23-23.01.02:154][410]LogTemp: Display: ParseSettings for PendingNetDriver
[2018.09.23-23.01.02:154][410]LogInit: WinSock: Socket queue 32768 / 32768
[2018.09.23-23.01.02:155][410]PacketHandlerLog: Loaded PacketHandler component: Engine.EngineHandlerComponentFactory (StatelessConnectHandlerComponent)
[2018.09.23-23.01.02:155][410]LogNet: Game client on port 17777, rate 10000
[2018.09.23-23.01.02:156][410]PIE: Play in editor start time for /Game/ThirdPersonBP/Maps/ThirdPersonExampleMap -0.873
[2018.09.23-23.01.02:165][410]LogBlueprintUserMessages: Late PlayInEditor Detection: Level '/Game/ThirdPersonBP/Maps/ThirdPersonExampleMap.ThirdPersonExampleMap:PersistentLevel' has LevelScriptBlueprint '/Game/ThirdPersonBP/Maps/ThirdPersonExampleMap.ThirdPersonExampleMap:PersistentLevel.ThirdPersonExampleMap' with GeneratedClass '/Game/ThirdPersonBP/Maps/ThirdPersonExampleMap.ThirdPersonExampleMap_C' with ClassGeneratedBy '/Game/ThirdPersonBP/Maps/ThirdPersonExampleMap.ThirdPersonExampleMap:PersistentLevel.ThirdPersonExampleMap'
[2018.09.23-23.01.02:165][410]LogNet: NotifyAcceptingConnection accepted from: 127.0.0.1:60769
[2018.09.23-23.01.02:165][410]LogHandshake: SendConnectChallenge. Timestamp: 0.008334, Cookie: 096073155023013170209203105093109030134108044026218124045079
[2018.09.23-23.01.02:179][410]LogHandshake: SendChallengeResponse. Timestamp: 0.008334, Cookie: 096073155023013170209203105093109030134108044026218124045079
[2018.09.23-23.01.02:217][411]LogNet: NotifyAcceptingConnection accepted from: 127.0.0.1:60769
[2018.09.23-23.01.02:217][411]LogHandshake: SendChallengeAck. InCookie: 096073155023013170209203105093109030134108044026218124045079
[2018.09.23-23.01.02:217][411]LogNet: Server accepting post-challenge connection from: 127.0.0.1:60769
[2018.09.23-23.01.02:218][411]PacketHandlerLog: Loaded PacketHandler component: Engine.EngineHandlerComponentFactory (StatelessConnectHandlerComponent)
[2018.09.23-23.01.02:218][411]LogNet: NotifyAcceptedConnection: Name: ThirdPersonExampleMap, TimeStamp: 09/24/18 09:01:02, [UNetConnection] RemoteAddr: 127.0.0.1:60769, Name: IpConnection_3, Driver: GameNetDriver IpNetDriver_2, IsServer: YES, PC: NULL, Owner: NULL, UniqueId: INVALID
[2018.09.23-23.01.02:218][411]LogNet: AddClientConnection: Added client connection: [UNetConnection] RemoteAddr: 127.0.0.1:60769, Name: IpConnection_3, Driver: GameNetDriver IpNetDriver_2, IsServer: YES, PC: NULL, Owner: NULL, UniqueId: INVALID
[2018.09.23-23.01.02:218][411]LogNet: UPendingNetGame::SendInitialJoin: Sending hello. [UNetConnection] RemoteAddr: 127.0.0.1:17777, Name: IpConnection_2, Driver: PendingNetDriver IpNetDriver_3, IsServer: NO, PC: NULL, Owner: NULL, UniqueId: INVALID
[2018.09.23-23.01.02:227][412]LogNet: NotifyAcceptingChannel Control 0 server World /Game/ThirdPersonBP/Maps/UEDPIE_1_ThirdPersonExampleMap.ThirdPersonExampleMap: Accepted
[2018.09.23-23.01.02:227][412]LogNet: Remote platform little endian=1
[2018.09.23-23.01.02:227][412]LogNet: This platform little endian=1
[2018.09.23-23.01.02:249][413]LogNet: Login request: /Game/ThirdPersonBP/Maps/ThirdPersonExampleMap?Name=SYD-TEST-GAMES-2E8FD86F49D0162A1F1D8A8561819CCB userId: SYD-TEST-GAMES-2E8FD86F49D0162A1F1D8A8561819CCB
[2018.09.23-23.01.02:250][413]LogNet: Welcomed by server (Level: /Game/ThirdPersonBP/Maps/UEDPIE_1_ThirdPersonExampleMap, Game: /Game/ThirdPersonBP/Blueprints/ThirdPersonGameMode.ThirdPersonGameMode_C)
[2018.09.23-23.01.02:250][413]LogLoad: LoadMap: 127.0.0.1:17777//Game/ThirdPersonBP/Maps/UEDPIE_1_ThirdPersonExampleMap?game=/Game/ThirdPersonBP/Blueprints/ThirdPersonGameMode.ThirdPersonGameMode_C
[2018.09.23-23.01.02:296][413]LogAIModule: Creating AISystem for world ThirdPersonExampleMap
[2018.09.23-23.01.02:296][413]LogTemp: Display: ParseSettings for GameNetDriver
[2018.09.23-23.01.02:299][413]LogWorld: Bringing World /Game/ThirdPersonBP/Maps/UEDPIE_2_ThirdPersonExampleMap.ThirdPersonExampleMap up for play (max tick rate 0) at 2018.09.24-09.01.02
[2018.09.23-23.01.02:299][413]LogWorld: Bringing up level for play took: 0.001683
[2018.09.23-23.01.02:299][413]LogLoad: Took 0.049454 seconds to LoadMap(/Game/ThirdPersonBP/Maps/UEDPIE_1_ThirdPersonExampleMap)
[2018.09.23-23.01.02:315][414]LogNet: Client netspeed is 10000
[2018.09.23-23.01.02:315][414]LogNet: Join request: /Game/ThirdPersonBP/Maps/ThirdPersonExampleMap?Name=SYD-TEST-GAMES-2E8FD86F49D0162A1F1D8A8561819CCB?SplitscreenCount=1
[2018.09.23-23.01.02:315][414]LogOnline: Warning: OSS: No game present to join for session (GameSession)
[2018.09.23-23.01.02:317][414]LogNet: Join succeeded: SYD-TEST-GAMES-2E8FD
[2018.09.23-23.01.02:365][420]LogOnline: Warning: OSS: No game present to join for session (GameSession)
[2018.09.23-23.01.33:652][174]LogBlueprintUserMessages: Early EndPlayMap Detection: Level '/Game/ThirdPersonBP/Maps/ThirdPersonExampleMap.ThirdPersonExampleMap:PersistentLevel' has LevelScriptBlueprint '/Game/ThirdPersonBP/Maps/ThirdPersonExampleMap.ThirdPersonExampleMap:PersistentLevel.ThirdPersonExampleMap' with GeneratedClass '/Game/ThirdPersonBP/Maps/ThirdPersonExampleMap.ThirdPersonExampleMap_C' with ClassGeneratedBy '/Game/ThirdPersonBP/Maps/ThirdPersonExampleMap.ThirdPersonExampleMap:PersistentLevel.ThirdPersonExampleMap'
[2018.09.23-23.01.33:652][174]LogSlate: Updating window title bar state: overlay mode, drag disabled, window buttons hidden, title bar hidden
[2018.09.23-23.01.33:683][174]LogPlayLevel: Display: Shutting down PIE online subsystems
[2018.09.23-23.01.33:684][174]LogBlueprintUserMessages: Late EndPlayMap Detection: Level '/Game/ThirdPersonBP/Maps/ThirdPersonExampleMap.ThirdPersonExampleMap:PersistentLevel' has LevelScriptBlueprint '/Game/ThirdPersonBP/Maps/ThirdPersonExampleMap.ThirdPersonExampleMap:PersistentLevel.ThirdPersonExampleMap' with GeneratedClass '/Game/ThirdPersonBP/Maps/ThirdPersonExampleMap.ThirdPersonExampleMap_C' with ClassGeneratedBy '/Game/ThirdPersonBP/Maps/ThirdPersonExampleMap.ThirdPersonExampleMap:PersistentLevel.ThirdPersonExampleMap'
[2018.09.23-23.01.33:702][174]LogNet: UChannel::CleanUp: ChIndex == 0. Closing connection. [UChannel] ChIndex: 0, Closing: 0 [UNetConnection] RemoteAddr: 127.0.0.1:60769, Name: IpConnection_3, Driver: GameNetDriver IpNetDriver_2, IsServer: YES, PC: None, Owner: None, UniqueId: NULL:SYD-TEST-GAMES-2E8FD86F49D0162A1F1D8A8561819CCB
[2018.09.23-23.01.33:702][174]LogNet: UNetConnection::Close: [UNetConnection] RemoteAddr: 127.0.0.1:60769, Name: IpConnection_3, Driver: GameNetDriver IpNetDriver_2, IsServer: YES, PC: None, Owner: None, UniqueId: NULL:SYD-TEST-GAMES-2E8FD86F49D0162A1F1D8A8561819CCB, Channels: 2, Time: 2018.09.23-23.01.33
[2018.09.23-23.01.33:702][174]LogNet: UChannel::Close: Sending CloseBunch. ChIndex == 0. Name: [UChannel] ChIndex: 0, Closing: 0 [UNetConnection] RemoteAddr: 127.0.0.1:60769, Name: IpConnection_3, Driver: GameNetDriver IpNetDriver_2, IsServer: YES, PC: None, Owner: None, UniqueId: NULL:SYD-TEST-GAMES-2E8FD86F49D0162A1F1D8A8561819CCB
[2018.09.23-23.01.33:702][174]LogNet: UChannel::CleanUp: ChIndex == 0. Closing connection. [UChannel] ChIndex: 0, Closing: 0 [UNetConnection] RemoteAddr: 127.0.0.1:17777, Name: IpConnection_2, Driver: GameNetDriver IpNetDriver_3, IsServer: NO, PC: None, Owner: None, UniqueId: NULL:SYD-TEST-GAMES-2E8FD86F49D0162A1F1D8A8561819CCB
[2018.09.23-23.01.33:702][174]LogNet: UNetConnection::Close: [UNetConnection] RemoteAddr: 127.0.0.1:17777, Name: IpConnection_2, Driver: GameNetDriver IpNetDriver_3, IsServer: NO, PC: None, Owner: None, UniqueId: NULL:SYD-TEST-GAMES-2E8FD86F49D0162A1F1D8A8561819CCB, Channels: 2, Time: 2018.09.23-23.01.33
[2018.09.23-23.01.33:702][174]LogNet: UChannel::Close: Sending CloseBunch. ChIndex == 0. Name: [UChannel] ChIndex: 0, Closing: 0 [UNetConnection] RemoteAddr: 127.0.0.1:17777, Name: IpConnection_2, Driver: GameNetDriver IpNetDriver_3, IsServer: NO, PC: None, Owner: None, UniqueId: NULL:SYD-TEST-GAMES-2E8FD86F49D0162A1F1D8A8561819CCB
[2018.09.23-23.01.33:704][174]LogSlate: Updating window title bar state: overlay mode, drag disabled, window buttons hidden, title bar hidden
[2018.09.23-23.01.33:705][174]LogExit: GameNetDriver None shut down
[2018.09.23-23.01.33:705][174]LogExit: GameNetDriver None shut down
[2018.09.23-23.01.33:751][177]LogPlayLevel: Display: Destroying online subsystem :Context_5
[2018.09.23-23.01.33:751][177]LogPlayLevel: Display: Destroying online subsystem :Context_4
[2018.09.23-23.03.50:028][408]LogSlate: FSceneViewport::OnFocusLost() reason 0
[2018.09.23-23.03.51:847][416]LogSlate: Window 'Save Content' being destroyed
[2018.09.23-23.03.51:856][416]LogSlate: FSceneViewport::OnFocusLost() reason 2
[2018.09.23-23.03.52:045][416]LogSavePackage: Moving '../../../../../../Users/sae/Downloads/GPG210-Prototypes-master/GPG210-Prototypes-master/PlatformerPrototype/Saved/ThirdPersonExampleMapBCEE897B4C0BEB80E83C99A3D50E5E40.tmp' to '../../../../../../Users/sae/Downloads/GPG210-Prototypes-master/GPG210-Prototypes-master/PlatformerPrototype/Content/ThirdPersonBP/Maps/ThirdPersonExampleMap.umap'
[2018.09.23-23.03.52:079][416]LogFileHelpers: Saving map 'ThirdPersonExampleMap' took 0.215
[2018.09.23-23.03.52:210][416]LogSavePackage: Moving '../../../../../../Users/sae/Downloads/GPG210-Prototypes-master/GPG210-Prototypes-master/PlatformerPrototype/Saved/ThirdPersonExampleMap_BuiltData83BF645C4474038B872D7CA3E2153E69.tmp' to '../../../../../../Users/sae/Downloads/GPG210-Prototypes-master/GPG210-Prototypes-master/PlatformerPrototype/Content/ThirdPersonBP/Maps/ThirdPersonExampleMap_BuiltData.uasset'
[2018.09.23-23.03.52:281][416]LogSlate: Window 'PlatformerPrototype - Unreal Editor' being destroyed
[2018.09.23-23.03.52:283][416]LogWindowsTextInputMethodSystem: Display: IME system now deactivated.
[2018.09.23-23.03.52:557][417]Cmd: QUIT_EDITOR
[2018.09.23-23.03.52:782][417]LogExit: Preparing to exit.
[2018.09.23-23.03.53:186][417]LogDirectoryWatcher: A directory notification failed for 'C:/Users/sae/Downloads/GPG210-Prototypes-master/GPG210-Prototypes-master/PlatformerPrototype/Content/', and we were unable to create a new request.
[2018.09.23-23.03.53:210][417]LogExit: Editor shut down
[2018.09.23-23.03.53:211][417]LogExit: Transaction tracking system shut down
[2018.09.23-23.03.53:944][417]LogExit: Object subsystem successfully closed.
[2018.09.23-23.03.53:963][417]LogShaderCompilers: Display: Shaders left to compile 0
[2018.09.23-23.03.53:966][417]LogD3D11RHI: Shutdown
[2018.09.23-23.03.53:966][417]LogD3D11RHI: CleanupD3DDevice
[2018.09.23-23.03.53:968][417]LogD3D11RHI: ~FD3D11DynamicRHI
[2018.09.23-23.03.53:981][417]LogModuleManager: Shutting down and abandoning module Voice (632)
[2018.09.23-23.03.53:981][417]LogModuleManager: Shutting down and abandoning module HierarchicalLODOutliner (628)
[2018.09.23-23.03.53:981][417]LogModuleManager: Shutting down and abandoning module SceneOutliner (626)
[2018.09.23-23.03.53:981][417]LogModuleManager: Shutting down and abandoning module AddContentDialog (624)
[2018.09.23-23.03.53:982][417]LogModuleManager: Shutting down and abandoning module WidgetCarousel (623)
[2018.09.23-23.03.53:982][417]LogModuleManager: Shutting down and abandoning module EditorWidgets (620)
[2018.09.23-23.03.53:982][417]LogModuleManager: Shutting down and abandoning module CollectionManager (618)
[2018.09.23-23.03.53:982][417]LogModuleManager: Shutting down and abandoning module StatsViewer (616)
[2018.09.23-23.03.53:982][417]LogModuleManager: Shutting down and abandoning module FoliageEdit (614)
[2018.09.23-23.03.53:982][417]LogModuleManager: Shutting down and abandoning module LandscapeEditor (612)
[2018.09.23-23.03.53:982][417]LogModuleManager: Shutting down and abandoning module MeshPaintMode (610)
[2018.09.23-23.03.53:982][417]LogModuleManager: Shutting down and abandoning module SceneDepthPickerMode (608)
[2018.09.23-23.03.53:982][417]LogModuleManager: Shutting down and abandoning module ActorPickerMode (606)
[2018.09.23-23.03.53:982][417]LogModuleManager: Shutting down and abandoning module GeometryMode (604)
[2018.09.23-23.03.53:982][417]LogModuleManager: Shutting down and abandoning module TextureAlignMode (602)
[2018.09.23-23.03.53:982][417]LogModuleManager: Shutting down and abandoning module BspMode (600)
[2018.09.23-23.03.53:982][417]LogModuleManager: Shutting down and abandoning module PIEPreviewDeviceProfileSelector (598)
[2018.09.23-23.03.53:982][417]LogModuleManager: Shutting down and abandoning module SequenceRecorderSections (596)
[2018.09.23-23.03.53:982][417]LogModuleManager: Shutting down and abandoning module AutomationWorker (594)
[2018.09.23-23.03.53:982][417]LogModuleManager: Shutting down and abandoning module DatasmithFBXImporter (592)
[2018.09.23-23.03.53:982][417]LogModuleManager: Shutting down and abandoning module DatasmithDeltaGenImporter (590)
[2018.09.23-23.03.53:982][417]LogModuleManager: Shutting down and abandoning module DatasmithVREDImporter (588)
[2018.09.23-23.03.53:982][417]LogModuleManager: Shutting down and abandoning module AudioCaptureEditor (586)
[2018.09.23-23.03.53:982][417]LogModuleManager: Shutting down and abandoning module SequenceRecorder (585)
[2018.09.23-23.03.53:982][417]LogModuleManager: Shutting down and abandoning module MatineeToLevelSequence (582)
[2018.09.23-23.03.53:983][417]LogModuleManager: Shutting down and abandoning module LevelSequenceEditor (580)
[2018.09.23-23.03.53:983][417]LogModuleManager: Shutting down and abandoning module PlacementMode (579)
[2018.09.23-23.03.53:983][417]LogModuleManager: Shutting down and abandoning module MaterialEditor (578)
[2018.09.23-23.03.53:983][417]LogModuleManager: Shutting down and abandoning module WmfMediaFactory (574)
[2018.09.23-23.03.53:983][417]LogModuleManager: Shutting down and abandoning module WmfMediaEditor (572)
[2018.09.23-23.03.53:983][417]LogModuleManager: Shutting down and abandoning module MediaPlayerEditor (570)
[2018.09.23-23.03.53:983][417]LogModuleManager: Shutting down and abandoning module OpenExrWrapper (568)
[2018.09.23-23.03.53:983][417]LogModuleManager: Shutting down and abandoning module ImgMediaFactory (566)
[2018.09.23-23.03.53:983][417]LogModuleManager: Shutting down and abandoning module ImgMediaEditor (564)
[2018.09.23-23.03.53:983][417]LogModuleManager: Shutting down and abandoning module AvfMediaFactory (562)
[2018.09.23-23.03.53:983][417]LogModuleManager: Shutting down and abandoning module AvfMediaEditor (560)
[2018.09.23-23.03.53:983][417]LogModuleManager: Shutting down and abandoning module AndroidMediaFactory (558)
[2018.09.23-23.03.53:983][417]LogModuleManager: Shutting down and abandoning module AndroidMediaEditor (556)
[2018.09.23-23.03.53:983][417]LogModuleManager: Shutting down and abandoning module MagicLeapCameraPreviewFactory (554)
[2018.09.23-23.03.53:983][417]LogModuleManager: Shutting down and abandoning module MagicLeapMediaFactory (552)
[2018.09.23-23.03.53:983][417]LogModuleManager: Shutting down and abandoning module MagicLeapMediaEditor (550)
[2018.09.23-23.03.53:983][417]LogModuleManager: Shutting down and abandoning module CharacterAI (548)
[2018.09.23-23.03.53:983][417]LogModuleManager: Shutting down and abandoning module SmartSnapping (546)
[2018.09.23-23.03.53:983][417]LogModuleManager: Shutting down and abandoning module SessionServices (544)
[2018.09.23-23.03.53:983][417]LogModuleManager: Shutting down and abandoning module ViewportSnapping (542)
[2018.09.23-23.03.53:983][417]LogModuleManager: Shutting down and abandoning module ViewportInteraction (540)
[2018.09.23-23.03.53:983][417]LogModuleManager: Shutting down and abandoning module ClothPainter (538)
[2018.09.23-23.03.53:983][417]LogModuleManager: Shutting down and abandoning module SkeletalMeshEditor (537)
[2018.09.23-23.03.53:984][417]LogModuleManager: Shutting down and abandoning module LogVisualizer (534)
[2018.09.23-23.03.53:984][417]LogModuleManager: Shutting down and abandoning module IntroTutorials (532)
[2018.09.23-23.03.53:984][417]LogModuleManager: Shutting down and abandoning module GameProjectGeneration (531)
[2018.09.23-23.03.53:984][417]LogModuleManager: Shutting down and abandoning module LuminPlatformEditor (528)
[2018.09.23-23.03.53:984][417]LogModuleManager: Shutting down and abandoning module IOSPlatformEditor (526)
[2018.09.23-23.03.53:984][417]LogModuleManager: Shutting down and abandoning module HTML5PlatformEditor (524)
[2018.09.23-23.03.53:984][417]LogModuleManager: Shutting down and abandoning module AndroidPlatformEditor (522)
[2018.09.23-23.03.53:984][417]LogModuleManager: Shutting down and abandoning module AndroidDeviceDetection (521)
[2018.09.23-23.03.54:568][417]LogModuleManager: Shutting down and abandoning module WindowsPlatformEditor (518)
[2018.09.23-23.03.54:568][417]LogModuleManager: Shutting down and abandoning module LuminRuntimeSettings (516)
[2018.09.23-23.03.54:568][417]LogModuleManager: Shutting down and abandoning module IOSRuntimeSettings (514)
[2018.09.23-23.03.54:569][417]LogModuleManager: Shutting down and abandoning module AndroidRuntimeSettings (512)
[2018.09.23-23.03.54:569][417]LogModuleManager: Shutting down and abandoning module InputBindingEditor (510)
[2018.09.23-23.03.54:569][417]LogModuleManager: Shutting down and abandoning module MergeActors (508)
[2018.09.23-23.03.54:569][417]LogModuleManager: Shutting down and abandoning module LocalizationDashboard (506)
[2018.09.23-23.03.54:569][417]LogModuleManager: Shutting down and abandoning module LocalizationService (505)
[2018.09.23-23.03.54:569][417]LogModuleManager: Shutting down and abandoning module HardwareTargeting (502)
[2018.09.23-23.03.54:569][417]LogModuleManager: Shutting down and abandoning module DeviceProfileEditor (500)
[2018.09.23-23.03.54:569][417]LogModuleManager: Shutting down and abandoning module UndoHistory (498)
[2018.09.23-23.03.54:569][417]LogModuleManager: Shutting down and abandoning module XmlParser (496)
[2018.09.23-23.03.54:569][417]LogModuleManager: Shutting down and abandoning module Blutility (494)
[2018.09.23-23.03.54:569][417]LogModuleManager: Shutting down and abandoning module ProjectSettingsViewer (492)
[2018.09.23-23.03.54:570][417]LogModuleManager: Shutting down and abandoning module ProjectTargetPlatformEditor (491)
[2018.09.23-23.03.54:570][417]LogModuleManager: Shutting down and abandoning module EditorSettingsViewer (488)
[2018.09.23-23.03.54:570][417]LogModuleManager: Shutting down and abandoning module SettingsEditor (486)
[2018.09.23-23.03.54:570][417]LogModuleManager: Shutting down and abandoning module ProjectLauncher (484)
[2018.09.23-23.03.54:570][417]LogModuleManager: Shutting down and abandoning module SessionFrontend (482)
[2018.09.23-23.03.54:570][417]LogModuleManager: Shutting down and abandoning module ProfilerClient (480)
[2018.09.23-23.03.54:570][417]LogModuleManager: Shutting down and abandoning module DeviceManager (478)
[2018.09.23-23.03.54:570][417]LogModuleManager: Shutting down and abandoning module TargetDeviceServices (477)
[2018.09.23-23.03.54:636][417]LogModuleManager: Shutting down and abandoning module AutomationController (474)
[2018.09.23-23.03.54:636][417]LogModuleManager: Shutting down and abandoning module AutomationWindow (472)
[2018.09.23-23.03.54:636][417]LogModuleManager: Shutting down and abandoning module Layers (470)
[2018.09.23-23.03.54:636][417]LogModuleManager: Shutting down and abandoning module ComponentVisualizers (468)
[2018.09.23-23.03.54:636][417]LogModuleManager: Shutting down and abandoning module DetailCustomizations (466)
[2018.09.23-23.03.54:637][417]LogModuleManager: Shutting down and abandoning module PackagesDialog (464)
[2018.09.23-23.03.54:637][417]LogModuleManager: Shutting down and abandoning module Persona (462)
[2018.09.23-23.03.54:637][417]LogModuleManager: Shutting down and abandoning module AnimGraph (461)
[2018.09.23-23.03.54:637][417]LogModuleManager: Shutting down and abandoning module Kismet (458)
[2018.09.23-23.03.54:638][417]LogModuleManager: Shutting down and abandoning module GraphEditor (456)
[2018.09.23-23.03.54:638][417]LogModuleManager: Shutting down and abandoning module ClassViewer (454)
[2018.09.23-23.03.54:639][417]LogModuleManager: Shutting down and abandoning module Toolbox (452)
[2018.09.23-23.03.54:639][417]LogModuleManager: Shutting down and abandoning module ModuleUI (450)
[2018.09.23-23.03.54:639][417]LogModuleManager: Shutting down and abandoning module MovieSceneTools (448)
[2018.09.23-23.03.54:639][417]LogModuleManager: Shutting down and abandoning module OutputLog (446)
[2018.09.23-23.03.54:639][417]LogModuleManager: Shutting down and abandoning module GammaUI (444)
[2018.09.23-23.03.54:639][417]LogModuleManager: Shutting down and abandoning module Documentation (442)
[2018.09.23-23.03.54:639][417]LogModuleManager: Shutting down and abandoning module MovieSceneTracks (440)
[2018.09.23-23.03.54:639][417]LogModuleManager: Shutting down and abandoning module MovieScene (438)
[2018.09.23-23.03.54:639][417]LogModuleManager: Shutting down and abandoning module StreamingPauseRendering (436)
[2018.09.23-23.03.54:639][417]LogModuleManager: Shutting down and abandoning module LauncherPlatform (434)
[2018.09.23-23.03.54:639][417]LogModuleManager: Shutting down and abandoning module AnalyticsET (432)
[2018.09.23-23.03.54:639][417]LogModuleManager: Shutting down and abandoning module PortalServices (430)
[2018.09.23-23.03.54:640][417]LogModuleManager: Shutting down and abandoning module PortalRpc (428)
[2018.09.23-23.03.54:640][417]LogModuleManager: Shutting down and abandoning module MessagingRpc (426)
[2018.09.23-23.03.54:640][417]LogModuleManager: Shutting down and abandoning module AIModule (424)
[2018.09.23-23.03.54:640][417]LogModuleManager: Shutting down and abandoning module GameplayDebugger (423)
[2018.09.23-23.03.54:640][417]LogModuleManager: Shutting down and abandoning module AITestSuite (421)
[2018.09.23-23.03.54:640][417]LogModuleManager: Shutting down and abandoning module NavigationSystem (419)
[2018.09.23-23.03.54:640][417]LogModuleManager: Shutting down and abandoning module DesktopPlatform (416)
[2018.09.23-23.03.54:640][417]LogModuleManager: Shutting down and abandoning module ProfilerService (414)
[2018.09.23-23.03.54:886][417]LogModuleManager: Shutting down and abandoning module TaskGraph (412)
[2018.09.23-23.03.54:886][417]LogModuleManager: Shutting down and abandoning module DatasmithCADImporter (410)
[2018.09.23-23.03.54:887][417]LogModuleManager: Shutting down and abandoning module StaticMeshEditorExtension (408)
[2018.09.23-23.03.54:888][417]LogModuleManager: Shutting down and abandoning module StaticMeshEditor (407)
[2018.09.23-23.03.54:888][417]LogModuleManager: Shutting down and abandoning module AdvancedPreviewScene (406)
[2018.09.23-23.03.54:888][417]LogModuleManager: Shutting down and abandoning module DatasmithMDLImporter (402)
[2018.09.23-23.03.54:891][417]LogModuleManager: Shutting down and abandoning module DatasmithImporter (400)
[2018.09.23-23.03.54:891][417]LogModuleManager: Shutting down and abandoning module SteamVRController (398)
[2018.09.23-23.03.54:891][417]LogModuleManager: Shutting down and abandoning module ProceduralMeshComponentEditor (396)
[2018.09.23-23.03.54:891][417]LogModuleManager: Shutting down and abandoning module ProceduralMeshComponent (394)
[2018.09.23-23.03.54:891][417]LogModuleManager: Shutting down and abandoning module OculusInput (392)
[2018.09.23-23.03.54:891][417]LogModuleManager: Shutting down and abandoning module MobilePatchingUtils (390)
[2018.09.23-23.03.54:892][417]LogModuleManager: Shutting down and abandoning module EditableMesh (388)
[2018.09.23-23.03.54:892][417]LogModuleManager: Shutting down and abandoning module CustomMeshComponent (386)
[2018.09.23-23.03.54:892][417]LogModuleManager: Shutting down and abandoning module CableComponent (384)
[2018.09.23-23.03.54:892][417]LogModuleManager: Shutting down and abandoning module AudioCapture (382)
[2018.09.23-23.03.54:892][417]LogModuleManager: Shutting down and abandoning module ArchVisCharacter (380)
[2018.09.23-23.03.54:892][417]LogModuleManager: Shutting down and abandoning module AndroidPermission (378)
[2018.09.23-23.03.54:892][417]LogModuleManager: Shutting down and abandoning module NUTUnrealEngine4 (376)
[2018.09.23-23.03.54:892][417]LogModuleManager: Shutting down and abandoning module NetcodeUnitTest (374)
[2018.09.23-23.03.54:892][417]LogModuleManager: Shutting down and abandoning module MediaCompositingEditor (372)
[2018.09.23-23.03.54:892][417]LogModuleManager: Shutting down and abandoning module MediaCompositing (370)
[2018.09.23-23.03.54:892][417]LogModuleManager: Shutting down and abandoning module LinearTimecode (368)
[2018.09.23-23.03.54:892][417]LogModuleManager: Shutting down and abandoning module ImgMedia (366)
[2018.09.23-23.03.54:904][417]LogModuleManager: Shutting down and abandoning module HTML5Networking (364)
[2018.09.23-23.03.54:904][417]LogModuleManager: Shutting down and abandoning module GeometryCacheTracks (362)
[2018.09.23-23.03.54:904][417]LogModuleManager: Shutting down and abandoning module GeometryCacheSequencer (360)
[2018.09.23-23.03.54:904][417]LogModuleManager: Shutting down and abandoning module BackChannel (358)
[2018.09.23-23.03.54:904][417]LogModuleManager: Shutting down and abandoning module AppleVision (356)
[2018.09.23-23.03.54:904][417]LogModuleManager: Shutting down and abandoning module AppleImageUtils (354)
[2018.09.23-23.03.54:904][417]LogModuleManager: Shutting down and abandoning module AlembicImporter (352)
[2018.09.23-23.03.54:904][417]LogModuleManager: Shutting down and abandoning module AlembicLibrary (351)
[2018.09.23-23.03.54:904][417]LogModuleManager: Shutting down and abandoning module GeometryCache (350)
[2018.09.23-23.03.54:904][417]LogModuleManager: Shutting down and abandoning module GeometryCacheEd (349)
[2018.09.23-23.03.54:904][417]LogModuleManager: Shutting down and abandoning module DatasmithContentEditor (344)
[2018.09.23-23.03.54:905][417]LogModuleManager: Shutting down and abandoning module DatasmithContent (342)
[2018.09.23-23.03.54:906][417]LogModuleManager: Shutting down and abandoning module SpeedTreeImporter (340)
[2018.09.23-23.03.54:906][417]LogModuleManager: Shutting down and abandoning module PluginBrowser (338)
[2018.09.23-23.03.54:906][417]LogModuleManager: Shutting down and abandoning module MobileLauncherProfileWizard (336)
[2018.09.23-23.03.54:906][417]LogModuleManager: Shutting down and abandoning module PolygonModeling (334)
[2018.09.23-23.03.54:906][417]LogModuleManager: Shutting down and abandoning module MeshEditor (332)
[2018.09.23-23.03.54:906][417]LogModuleManager: Shutting down and abandoning module EditorScriptingUtilities (330)
[2018.09.23-23.03.54:906][417]LogModuleManager: Shutting down and abandoning module CryptoKeysOpenSSL (328)
[2018.09.23-23.03.54:906][417]LogModuleManager: Shutting down and abandoning module CryptoKeys (326)
[2018.09.23-23.03.54:906][417]LogModuleManager: Shutting down and abandoning module VisualStudioSourceCodeAccess (324)
[2018.09.23-23.03.54:907][417]LogModuleManager: Shutting down and abandoning module VisualStudioCodeSourceCodeAccess (322)
[2018.09.23-23.03.54:907][417]LogModuleManager: Shutting down and abandoning module UObjectPlugin (320)
[2018.09.23-23.03.54:907][417]LogModuleManager: Shutting down and abandoning module SubversionSourceControl (318)
[2018.09.23-23.03.54:907][417]LogModuleManager: Shutting down and abandoning module PerforceSourceControl (316)
[2018.09.23-23.03.54:907][417]LogModuleManager: Shutting down and abandoning module GitSourceControl (314)
[2018.09.23-23.03.54:907][417]LogModuleManager: Shutting down and abandoning module SourceControl (313)
[2018.09.23-23.03.54:907][417]LogModuleManager: Shutting down and abandoning module CLionSourceCodeAccess (310)
[2018.09.23-23.03.54:907][417]LogModuleManager: Shutting down and abandoning module LightPropagationVolumeEditor (308)
[2018.09.23-23.03.54:907][417]LogModuleManager: Shutting down and abandoning module PaperTiledImporter (306)
[2018.09.23-23.03.54:907][417]LogModuleManager: Shutting down and abandoning module PaperSpriteSheetImporter (304)
[2018.09.23-23.03.54:907][417]LogModuleManager: Shutting down and abandoning module Paper2DEditor (302)
[2018.09.23-23.03.54:908][417]LogModuleManager: Shutting down and abandoning module MeshPaint (301)
[2018.09.23-23.03.54:908][417]LogModuleManager: Shutting down and abandoning module RuntimePhysXCooking (298)
[2018.09.23-23.03.54:908][417]LogModuleManager: Shutting down and abandoning module PhysXVehiclesEditor (296)
[2018.09.23-23.03.54:908][417]LogModuleManager: Shutting down and abandoning module PhysXVehicles (294)
[2018.09.23-23.03.54:908][417]LogModuleManager: Shutting down and abandoning module OculusEditor (292)
[2018.09.23-23.03.54:908][417]LogModuleManager: Shutting down and abandoning module LocationServicesBPLibrary (290)
[2018.09.23-23.03.54:908][417]LogModuleManager: Shutting down and abandoning module ImmediatePhysicsEditor (288)
[2018.09.23-23.03.54:908][417]LogModuleManager: Shutting down and abandoning module ImmediatePhysics (286)
[2018.09.23-23.03.54:908][417]LogModuleManager: Shutting down and abandoning module ActorSequence (284)
[2018.09.23-23.03.54:908][417]LogModuleManager: Shutting down and abandoning module UdpMessaging (282)
[2018.09.23-23.03.55:010][417]LogModuleManager: Shutting down and abandoning module TcpMessaging (280)
[2018.09.23-23.03.55:111][417]LogModuleManager: Shutting down and abandoning module MagicLeapAudio (278)
[2018.09.23-23.03.55:111][417]LogModuleManager: Shutting down and abandoning module GameplayTagsEditor (276)
[2018.09.23-23.03.55:111][417]LogModuleManager: Shutting down and abandoning module FacialAnimationEditor (274)
[2018.09.23-23.03.55:111][417]LogModuleManager: Shutting down and abandoning module FacialAnimation (272)
[2018.09.23-23.03.55:111][417]LogModuleManager: Shutting down and abandoning module DataValidation (270)
[2018.09.23-23.03.55:111][417]LogModuleManager: Shutting down and abandoning module AssetManagerEditor (268)
[2018.09.23-23.03.55:111][417]LogModuleManager: Shutting down and abandoning module LevelEditor (267)
[2018.09.23-23.03.55:114][417]LogModuleManager: Shutting down and abandoning module PixelInspectorModule (266)
[2018.09.23-23.03.55:114][417]LogModuleManager: Shutting down and abandoning module CommonMenuExtensions (264)
[2018.09.23-23.03.55:114][417]LogModuleManager: Shutting down and abandoning module MainFrame (262)
[2018.09.23-23.03.55:114][417]LogModuleManager: Shutting down and abandoning module HotReload (261)
[2018.09.23-23.03.55:115][417]LogModuleManager: Shutting down and abandoning module ContentBrowser (257)
[2018.09.23-23.03.55:118][417]LogModuleManager: Shutting down and abandoning module TreeMap (255)
[2018.09.23-23.03.55:118][417]LogModuleManager: Shutting down and abandoning module LightPropagationVolumeRuntime (252)
[2018.09.23-23.03.55:118][417]LogModuleManager: Shutting down and abandoning module AISupportModule (250)
[2018.09.23-23.03.55:118][417]LogModuleManager: Shutting down and abandoning module Paper2D (248)
[2018.09.23-23.03.55:118][417]LogModuleManager: Shutting down and abandoning module WindowsMoviePlayer (246)
[2018.09.23-23.03.55:119][417]LogModuleManager: Shutting down and abandoning module WmfMedia (244)
[2018.09.23-23.03.55:122][417]LogModuleManager: Shutting down and abandoning module Media (243)
[2018.09.23-23.03.55:130][417]LogModuleManager: Shutting down and abandoning module PacketHandler (240)
[2018.09.23-23.03.55:130][417]LogModuleManager: Shutting down and abandoning module ClothingSystemEditor (238)
[2018.09.23-23.03.55:130][417]LogModuleManager: Shutting down and abandoning module ClothingSystemRuntime (236)
[2018.09.23-23.03.55:131][417]LogModuleManager: Shutting down and abandoning module MediaAssets (234)
[2018.09.23-23.03.55:131][417]LogModuleManager: Shutting down and abandoning module Overlay (232)
[2018.09.23-23.03.55:131][417]LogModuleManager: Shutting down and abandoning module OverlayEditor (231)
[2018.09.23-23.03.55:131][417]LogModuleManager: Shutting down and abandoning module VREditor (228)
[2018.09.23-23.03.55:131][417]LogModuleManager: Shutting down and abandoning module StringTableEditor (226)
[2018.09.23-23.03.55:131][417]LogModuleManager: Shutting down and abandoning module GameplayTasksEditor (224)
[2018.09.23-23.03.55:131][417]LogModuleManager: Shutting down and abandoning module BehaviorTreeEditor (222)
[2018.09.23-23.03.55:131][417]LogModuleManager: Shutting down and abandoning module FunctionalTesting (220)
[2018.09.23-23.03.55:131][417]LogModuleManager: Shutting down and abandoning module CollisionAnalyzer (218)
[2018.09.23-23.03.55:131][417]LogModuleManager: Shutting down and abandoning module WorkspaceMenuStructure (217)
[2018.09.23-23.03.55:131][417]LogModuleManager: Shutting down and abandoning module UMG (214)
[2018.09.23-23.03.55:132][417]LogModuleManager: Shutting down and abandoning module UMGEditor (213)
[2018.09.23-23.03.55:132][417]LogModuleManager: Shutting down and abandoning module Sequencer (212)
[2018.09.23-23.03.55:132][417]LogModuleManager: Shutting down and abandoning module MessageLog (209)
[2018.09.23-23.03.55:132][417]LogModuleManager: Shutting down and abandoning module SlateReflector (204)
[2018.09.23-23.03.55:133][417]LogModuleManager: Shutting down and abandoning module Slate (202)
[2018.09.23-23.03.55:133][417]LogModuleManager: Shutting down and abandoning module EditorStyle (200)
[2018.09.23-23.03.55:137][417]LogModuleManager: Shutting down and abandoning module MRMesh (198)
[2018.09.23-23.03.55:138][417]LogModuleManager: Shutting down and abandoning module SourceCodeAccess (196)
[2018.09.23-23.03.55:138][417]LogModuleManager: Shutting down and abandoning module HeadMountedDisplay (194)
[2018.09.23-23.03.55:138][417]LogModuleManager: Shutting down and abandoning module XAudio2 (192)
[2018.09.23-23.03.55:138][417]LogModuleManager: Shutting down and abandoning module Networking (190)
[2018.09.23-23.03.55:138][417]LogModuleManager: Shutting down and abandoning module Core (188)
[2018.09.23-23.03.55:138][417]LogModuleManager: Shutting down and abandoning module LevelSequence (186)
[2018.09.23-23.03.55:138][417]LogModuleManager: Shutting down and abandoning module KismetCompiler (184)
[2018.09.23-23.03.55:138][417]LogModuleManager: Shutting down and abandoning module MeshUtilities (182)
[2018.09.23-23.03.55:138][417]LogModuleManager: Shutting down and abandoning module MeshMergeUtilities (181)
[2018.09.23-23.03.55:138][417]LogModuleManager: Shutting down and abandoning module MeshReductionInterface (180)
[2018.09.23-23.03.55:138][417]LogModuleManager: Shutting down and abandoning module SimplygonSwarm (179)
[2018.09.23-23.03.55:139][417]LogModuleManager: Shutting down and abandoning module ProxyLODMeshReduction (177)
[2018.09.23-23.03.55:139][417]LogModuleManager: Shutting down and abandoning module SimplygonMeshReduction (175)
[2018.09.23-23.03.55:139][417]LogModuleManager: Shutting down and abandoning module QuadricMeshReduction (173)
[2018.09.23-23.03.55:139][417]LogModuleManager: Shutting down and abandoning module MaterialBaking (169)
[2018.09.23-23.03.55:139][417]LogModuleManager: Shutting down and abandoning module DirectoryWatcher (165)
[2018.09.23-23.03.55:139][417]LogModuleManager: Shutting down and abandoning module DerivedDataCache (162)
[2018.09.23-23.03.55:221][417]LogDerivedDataCache: Shutdown
[2018.09.23-23.03.55:221][417]LogModuleManager: Shutting down and abandoning module XGEController (160)
[2018.09.23-23.03.55:221][417]LogXGEController: Cleaning working directory: C:/Users/sae/AppData/Local/Temp/UnrealXGEWorkingDir/
[2018.09.23-23.03.55:222][417]LogModuleManager: Shutting down and abandoning module TargetPlatform (158)
[2018.09.23-23.03.55:222][417]LogModuleManager: Shutting down and abandoning module VulkanShaderFormat (157)
[2018.09.23-23.03.55:222][417]LogModuleManager: Shutting down and abandoning module ShaderFormatVectorVM (155)
[2018.09.23-23.03.55:222][417]LogModuleManager: Shutting down and abandoning module ShaderFormatOpenGL (153)
[2018.09.23-23.03.55:222][417]LogModuleManager: Shutting down and abandoning module ShaderFormatD3D (151)
[2018.09.23-23.03.55:222][417]LogModuleManager: Shutting down and abandoning module MetalShaderFormat (149)
[2018.09.23-23.03.55:222][417]LogModuleManager: Shutting down and abandoning module TextureFormatUncompressed (147)
[2018.09.23-23.03.55:222][417]LogModuleManager: Shutting down and abandoning module TextureFormatPVR (145)
[2018.09.23-23.03.55:222][417]LogModuleManager: Shutting down and abandoning module TextureFormatDXT (143)
[2018.09.23-23.03.55:223][417]LogModuleManager: Shutting down and abandoning module TextureFormatIntelISPCTexComp (141)
[2018.09.23-23.03.55:223][417]LogModuleManager: Shutting down and abandoning module TextureFormatASTC (139)
[2018.09.23-23.03.55:223][417]LogModuleManager: Shutting down and abandoning module ImageWrapper (138)
[2018.09.23-23.03.55:223][417]LogModuleManager: Shutting down and abandoning module TextureFormatAndroid (135)
[2018.09.23-23.03.55:223][417]LogModuleManager: Shutting down and abandoning module AudioFormatOpus (133)
[2018.09.23-23.03.55:223][417]LogModuleManager: Shutting down and abandoning module AudioFormatOgg (131)
[2018.09.23-23.03.55:223][417]LogModuleManager: Shutting down and abandoning module AudioFormatADPCM (129)
[2018.09.23-23.03.55:223][417]LogModuleManager: Shutting down and abandoning module LuminTargetPlatform (127)
[2018.09.23-23.03.55:223][417]LogModuleManager: Shutting down and abandoning module LinuxTargetPlatform (125)
[2018.09.23-23.03.55:223][417]LogModuleManager: Shutting down and abandoning module LinuxServerTargetPlatform (123)
[2018.09.23-23.03.55:224][417]LogModuleManager: Shutting down and abandoning module LinuxNoEditorTargetPlatform (121)
[2018.09.23-23.03.55:224][417]LogModuleManager: Shutting down and abandoning module LinuxClientTargetPlatform (119)
[2018.09.23-23.03.55:224][417]LogModuleManager: Shutting down and abandoning module TVOSTargetPlatform (117)
[2018.09.23-23.03.55:226][417]LogModuleManager: Shutting down and abandoning module Messaging (115)
[2018.09.23-23.03.55:226][417]LogModuleManager: Shutting down and abandoning module IOSTargetPlatform (113)
[2018.09.23-23.03.55:228][417]LogModuleManager: Shutting down and abandoning module HTML5TargetPlatform (111)
[2018.09.23-23.03.55:228][417]LogModuleManager: Shutting down and abandoning module AndroidTargetPlatform (109)
[2018.09.23-23.03.55:250][417]LogModuleManager: Shutting down and abandoning module WindowsTargetPlatform (107)
[2018.09.23-23.03.55:250][417]LogModuleManager: Shutting down and abandoning module WindowsServerTargetPlatform (105)
[2018.09.23-23.03.55:250][417]LogModuleManager: Shutting down and abandoning module WindowsNoEditorTargetPlatform (103)
[2018.09.23-23.03.55:250][417]LogModuleManager: Shutting down and abandoning module WindowsClientTargetPlatform (101)
[2018.09.23-23.03.55:250][417]LogModuleManager: Shutting down and abandoning module MacTargetPlatform (99)
[2018.09.23-23.03.55:250][417]LogModuleManager: Shutting down and abandoning module MacServerTargetPlatform (97)
[2018.09.23-23.03.55:251][417]LogModuleManager: Shutting down and abandoning module MacNoEditorTargetPlatform (95)
[2018.09.23-23.03.55:251][417]LogModuleManager: Shutting down and abandoning module MacClientTargetPlatform (93)
[2018.09.23-23.03.55:251][417]LogModuleManager: Shutting down and abandoning module AllDesktopTargetPlatform (91)
[2018.09.23-23.03.55:251][417]LogModuleManager: Shutting down and abandoning module InputCore (88)
[2018.09.23-23.03.55:251][417]LogModuleManager: Shutting down and abandoning module Settings (86)
[2018.09.23-23.03.55:251][417]LogModuleManager: Shutting down and abandoning module PhysXCooking (84)
[2018.09.23-23.03.55:251][417]LogModuleManager: Shutting down and abandoning module SteamVR (82)
[2018.09.23-23.03.55:251][417]LogModuleManager: Shutting down and abandoning module OculusHMD (80)
[2018.09.23-23.03.55:251][417]LogModuleManager: Shutting down and abandoning module ExampleDeviceProfileSelector (78)
[2018.09.23-23.03.55:251][417]LogModuleManager: Shutting down and abandoning module LauncherChunkInstaller (76)
[2018.09.23-23.03.55:251][417]LogModuleManager: Shutting down and abandoning module OnlineBlueprintSupport (74)
[2018.09.23-23.03.55:251][417]LogModuleManager: Shutting down and abandoning module OnlineSubsystem (70)
[2018.09.23-23.03.55:252][417]LogModuleManager: Shutting down and abandoning module XMPP (65)
[2018.09.23-23.03.55:253][417]LogModuleManager: Shutting down and abandoning module WebSockets (64)
[2018.09.23-23.03.55:267][417]LogModuleManager: Shutting down and abandoning module HTTP (61)
[2018.09.23-23.03.55:267][417]LogHttp: Display: Http module shutting down, but needs to wait on 1 outstanding Http requests:
[2018.09.23-23.03.55:267][417]LogHttp: Display: 	verb=[POST] url=[https://datarouter.ol.epicgames.com/datarouter/api/v1/public/data?SessionID=%7BC59A5630-41F9-829C-60F2-0B92E920FA69%7D&AppID=UEEditor.Rocket.Release&AppVersion=4.20.2-4302132%2B%2B%2BUE4%2BRelease-4.20&UserID=b5eee6fd48f303e37d16bfa98f6e1439%7C52104c89cd7e4bc1973b39f9a16df27e%7C8f7ca108-0e80-45bf-b167-f38aa5d91da3&AppEnvironment=datacollector-binary&UploadType=eteventstream] status=Processing
[2018.09.23-23.03.55:272][417]LogModuleManager: Shutting down and abandoning module SSL (60)
[2018.09.23-23.03.55:275][417]LogModuleManager: Shutting down and abandoning module MagicLeapEmulator (56)
[2018.09.23-23.03.55:275][417]LogModuleManager: Shutting down and abandoning module MagicLeapPrivileges (54)
[2018.09.23-23.03.55:275][417]LogModuleManager: Shutting down and abandoning module MagicLeapIdentity (52)
[2018.09.23-23.03.55:275][417]LogModuleManager: Shutting down and abandoning module MagicLeapHelperVulkan (50)
[2018.09.23-23.03.55:275][417]LogModuleManager: Shutting down and abandoning module MagicLeapHelperOpenGL (48)
[2018.09.23-23.03.55:275][417]LogModuleManager: Shutting down and abandoning module MagicLeapSecureStorage (46)
[2018.09.23-23.03.55:275][417]LogModuleManager: Shutting down and abandoning module MagicLeapGestures (44)
[2018.09.23-23.03.55:275][417]LogModuleManager: Shutting down and abandoning module MagicLeapEyeTracker (42)
[2018.09.23-23.03.55:275][417]LogModuleManager: Shutting down and abandoning module MagicLeapController (40)
[2018.09.23-23.03.55:276][417]LogSlate: Slate User Destroyed.  User Index 0, Is Virtual User: 0
[2018.09.23-23.03.55:276][417]LogModuleManager: Shutting down and abandoning module MagicLeap (38)
[2018.09.23-23.03.55:276][417]LogModuleManager: Shutting down and abandoning module AnimationModifiers (36)
[2018.09.23-23.03.55:276][417]LogModuleManager: Shutting down and abandoning module PropertyEditor (35)
[2018.09.23-23.03.55:276][417]LogModuleManager: Shutting down and abandoning module AudioEditor (32)
[2018.09.23-23.03.55:276][417]LogModuleManager: Shutting down and abandoning module TextureCompressor (30)
[2018.09.23-23.03.55:276][417]LogModuleManager: Shutting down and abandoning module ShaderCore (28)
[2018.09.23-23.03.55:276][417]LogModuleManager: Shutting down and abandoning module Landscape (26)
[2018.09.23-23.03.55:276][417]LogModuleManager: Shutting down and abandoning module SlateRHIRenderer (24)
[2018.09.23-23.03.55:277][417]LogModuleManager: Shutting down and abandoning module OpenGLDrv (22)
[2018.09.23-23.03.55:277][417]LogModuleManager: Shutting down and abandoning module D3D11RHI (20)
[2018.09.23-23.03.55:277][417]LogModuleManager: Shutting down and abandoning module AnimGraphRuntime (18)
[2018.09.23-23.03.55:277][417]LogModuleManager: Shutting down and abandoning module Renderer (16)
[2018.09.23-23.03.55:277][417]LogModuleManager: Shutting down and abandoning module Engine (14)
[2018.09.23-23.03.55:277][417]LogModuleManager: Shutting down and abandoning module CoreUObject (12)
[2018.09.23-23.03.55:277][417]LogModuleManager: Shutting down and abandoning module NetworkFile (10)
[2018.09.23-23.03.55:277][417]LogModuleManager: Shutting down and abandoning module CookedIterativeFile (8)
[2018.09.23-23.03.55:277][417]LogModuleManager: Shutting down and abandoning module StreamingFile (6)
[2018.09.23-23.03.55:277][417]LogModuleManager: Shutting down and abandoning module SandboxFile (4)
[2018.09.23-23.03.55:277][417]LogModuleManager: Shutting down and abandoning module PakFile (2)
[2018.09.23-23.03.55:291][417]LogExit: Exiting.
[2018.09.23-23.03.55:317][417]Log file closed, 09/24/18 09:03:55
