Log file open, 11/04/18 16:35:17
LogWindows: Failed to load 'aqProf.dll' (GetLastError=126)
LogWindows: File 'aqProf.dll' does not exist
LogWindows: Failed to load 'VtuneApi.dll' (GetLastError=126)
LogWindows: File 'VtuneApi.dll' does not exist
LogWindows: Failed to load 'VtuneApi32e.dll' (GetLastError=126)
LogWindows: File 'VtuneApi32e.dll' does not exist
LogInit: Display: Running engine for game: PlatformerPrototype
LogPlatformFile: Not using cached read wrapper
LogTaskGraph: Started task graph with 5 named threads and 14 total threads with 3 sets of task threads.
LogStats: Stats thread started at 0.177857
LogD3D11RHI: Loaded GFSDK_Aftermath_Lib.x64.dll
LogICUInternationalization: Display: ICU TimeZone Detection - Raw Offset: +10:00, Platform Override: ''
LogPluginManager: Mounting plugin Paper2D
LogPluginManager: Mounting plugin AISupport
LogPluginManager: Mounting plugin LightPropagationVolume
LogPluginManager: Mounting plugin CLionSourceCodeAccess
LogPluginManager: Mounting plugin CodeLiteSourceCodeAccess
LogPluginManager: Mounting plugin GitSourceControl
LogPluginManager: Mounting plugin KDevelopSourceCodeAccess
LogPluginManager: Mounting plugin NullSourceCodeAccess
LogPluginManager: Mounting plugin PerforceSourceControl
LogPluginManager: Mounting plugin SubversionSourceControl
LogPluginManager: Mounting plugin UObjectPlugin
LogPluginManager: Mounting plugin VisualStudioCodeSourceCodeAccess
LogPluginManager: Mounting plugin VisualStudioSourceCodeAccess
LogPluginManager: Mounting plugin XCodeSourceCodeAccess
LogPluginManager: Mounting plugin AssetManagerEditor
LogPluginManager: Mounting plugin CryptoKeys
LogPluginManager: Mounting plugin DataValidation
LogPluginManager: Mounting plugin FacialAnimation
LogPluginManager: Mounting plugin GameplayTagsEditor
LogPluginManager: Mounting plugin MacGraphicsSwitching
LogPluginManager: Mounting plugin MeshEditor
LogPluginManager: Mounting plugin MobileLauncherProfileWizard
LogPluginManager: Mounting plugin PluginBrowser
LogPluginManager: Mounting plugin SpeedTreeImporter
LogPluginManager: Mounting plugin DatasmithContent
LogPluginManager: Mounting plugin AlembicImporter
LogPluginManager: Mounting plugin AppleImageUtils
LogPluginManager: Mounting plugin AppleVision
LogPluginManager: Mounting plugin BackChannel
LogPluginManager: Mounting plugin CharacterAI
LogPluginManager: Mounting plugin GeometryCache
LogPluginManager: Mounting plugin HTML5Networking
LogPluginManager: Mounting plugin ProxyLODPlugin
LogPluginManager: Mounting plugin MagicLeap
LogPluginManager: Mounting plugin MagicLeapEmulator
LogPluginManager: Mounting plugin MagicLeapMedia
LogPluginManager: Mounting plugin AndroidMedia
LogPluginManager: Mounting plugin AvfMedia
LogPluginManager: Mounting plugin ImgMedia
LogPluginManager: Mounting plugin LinearTimecode
LogPluginManager: Mounting plugin MediaCompositing
LogPluginManager: Mounting plugin MediaPlayerEditor
LogPluginManager: Mounting plugin WmfMedia
LogPluginManager: Mounting plugin TcpMessaging
LogPluginManager: Mounting plugin UdpMessaging
LogPluginManager: Mounting plugin ActorSequence
LogPluginManager: Mounting plugin LevelSequenceEditor
LogPluginManager: Mounting plugin MatineeToLevelSequence
LogPluginManager: Mounting plugin NetcodeUnitTest
LogPluginManager: Mounting plugin NUTUnrealEngine4
LogPluginManager: Mounting plugin OnlineSubsystemGooglePlay
LogPluginManager: Mounting plugin OnlineSubsystemIOS
LogPluginManager: Mounting plugin OnlineSubsystem
LogPluginManager: Mounting plugin OnlineSubsystemNull
LogPluginManager: Mounting plugin OnlineSubsystemUtils
LogPluginManager: Mounting plugin LauncherChunkInstaller
LogPluginManager: Mounting plugin AndroidDeviceProfileSelector
LogPluginManager: Mounting plugin AndroidMoviePlayer
LogPluginManager: Mounting plugin AndroidPermission
LogPluginManager: Mounting plugin AppleMoviePlayer
LogPluginManager: Mounting plugin ArchVisCharacter
LogPluginManager: Mounting plugin AudioCapture
LogPluginManager: Mounting plugin CableComponent
LogPluginManager: Mounting plugin CustomMeshComponent
LogPluginManager: Mounting plugin EditableMesh
LogPluginManager: Mounting plugin ExampleDeviceProfileSelector
LogPluginManager: Mounting plugin GoogleCloudMessaging
LogPluginManager: Mounting plugin ImmediatePhysics
LogPluginManager: Mounting plugin IOSDeviceProfileSelector
LogPluginManager: Mounting plugin LinuxDeviceProfileSelector
LogPluginManager: Mounting plugin LocationServicesBPLibrary
LogPluginManager: Mounting plugin MobilePatchingUtils
LogPluginManager: Mounting plugin OculusVR
LogPluginManager: Plugin shader directory ../../../Engine/Plugins/Runtime/Oculus/OculusVR/Shaders found
LogPluginManager: Mapping shader source directory ../../../Engine/Plugins/Runtime/Oculus/OculusVR/Shaders to virtual directory /Plugin/OculusVR
LogPluginManager: Mounting plugin PhysXVehicles
LogPluginManager: Mounting plugin ProceduralMeshComponent
LogPluginManager: Mounting plugin RuntimePhysXCooking
LogPluginManager: Mounting plugin SteamVR
LogPluginManager: Mounting plugin WindowsMoviePlayer
LogStreaming: Display: Took  0.093s to configure plugins.
LogInit: Using libcurl 7.55.1-DEV
LogInit:  - built for x86_64-pc-win32
LogInit:  - supports SSL with OpenSSL/1.0.2h
LogInit:  - supports HTTP deflate (compression) using libz 1.2.8
LogInit:  - other features:
LogInit:      CURL_VERSION_SSL
LogInit:      CURL_VERSION_LIBZ
LogInit:      CURL_VERSION_IPV6
LogInit:      CURL_VERSION_ASYNCHDNS
LogInit:      CURL_VERSION_LARGEFILE
LogInit:      CURL_VERSION_IDN
LogInit:  CurlRequestOptions (configurable via config and command line):
LogInit:  - bVerifyPeer = false  - Libcurl will NOT verify peer certificate
LogInit:  - bUseHttpProxy = false  - Libcurl will NOT use HTTP proxy
LogInit:  - bDontReuseConnections = false  - Libcurl will reuse connections
LogInit:  - CertBundlePath = nullptr  - Libcurl will use whatever was configured at build time.
LogInit:  - MaxHostConnections = 16  - Libcurl will limit the number of connections to a host
LogInit:  - LocalHostAddr = Default
LogInit:  - BufferSize = 65536
LogInit: WinSock: version 1.1 (2.2), MaxSocks=32767, MaxUdp=65467
LogInit: Build: ++UE4+Release-4.20-CL-4302132
LogInit: Engine Version: 4.20.2-4302132+++UE4+Release-4.20
LogInit: Compatible Engine Version: 4.20.0-4212847+++UE4+Release-4.20
LogInit: Net CL: 4212847
LogInit: OS: Windows 10 (), CPU: Intel(R) Core(TM) i5-4690K CPU @ 3.50GHz, GPU: NVIDIA GeForce GTX 760
LogInit: Compiled (64-bit): Aug 21 2018 02:06:06
LogInit: Compiled with Visual C++: 19.13.26129.00
LogInit: Build Configuration: Development
LogInit: Branch Name: ++UE4+Release-4.20
LogInit: Command Line:  
LogInit: Base Directory: C:/Program Files/Epic Games/UE_4.20/Engine/Binaries/Win64/
LogInit: Installed Engine Build: 1
LogDevObjectVersion: Number of dev versions registered: 20
LogDevObjectVersion:   Dev-Blueprints (B0D832E4-1F89-4F0D-ACCF-7EB736FD4AA2): 10
LogDevObjectVersion:   Dev-Build (E1C64328-A22C-4D53-A36C-8E866417BD8C): 0
LogDevObjectVersion:   Dev-Core (375EC13C-06E4-48FB-B500-84F0262A717E): 2
LogDevObjectVersion:   Dev-Editor (E4B068ED-F494-42E9-A231-DA0B2E46BB41): 24
LogDevObjectVersion:   Dev-Framework (CFFC743F-43B0-4480-9391-14DF171D2073): 34
LogDevObjectVersion:   Dev-Mobile (B02B49B5-BB20-44E9-A304-32B752E40360): 2
LogDevObjectVersion:   Dev-Networking (A4E4105C-59A1-49B5-A7C5-40C4547EDFEE): 0
LogDevObjectVersion:   Dev-Online (39C831C9-5AE6-47DC-9A44-9C173E1C8E7C): 0
LogDevObjectVersion:   Dev-Physics (78F01B33-EBEA-4F98-B9B4-84EACCB95AA2): 0
LogDevObjectVersion:   Dev-Platform (6631380F-2D4D-43E0-8009-CF276956A95A): 0
LogDevObjectVersion:   Dev-Rendering (12F88B9F-8875-4AFC-A67C-D90C383ABD29): 26
LogDevObjectVersion:   Dev-Sequencer (7B5AE74C-D270-4C10-A958-57980B212A5A): 9
LogDevObjectVersion:   Dev-VR (D7296918-1DD6-4BDD-9DE2-64A83CC13884): 2
LogDevObjectVersion:   Dev-LoadTimes (C2A15278-BFE7-4AFE-6C17-90FF531DF755): 1
LogDevObjectVersion:   Private-Geometry (6EACA3D4-40EC-4CC1-B786-8BED09428FC5): 3
LogDevObjectVersion:   Dev-AnimPhys (29E575DD-E0A3-4627-9D10-D276232CDCEA): 17
LogDevObjectVersion:   Dev-ReflectionCapture (6B266CEC-1EC7-4B8F-A30B-E4D90942FC07): 1
LogDevObjectVersion:   Dev-Automation (0DF73D61-A23F-47EA-B727-89E90C41499A): 1
LogDevObjectVersion:   FortniteMain (601D1886-AC64-4F84-AA16-D3DE0DEAC7D6): 12
LogDevObjectVersion:   Dev-Enterprise (9DFFBCD6-494F-0158-E221-12823C92A888): 1
LogStreaming: Display: Took  0.000s to delete old logs.
LogInit: Presizing for max 8388607 objects, including 0 objects not considered by GC, pre-allocating 0 bytes for permanent pool.
LogInit: Object subsystem initialized
[2018.11.04-05.35.17:405][  0]LogInit: Selected Device Profile: [Windows]
[2018.11.04-05.35.17:405][  0]LogInit: Applying CVar settings loaded from the selected device profile: [Windows]
[2018.11.04-05.35.17:417][  0]LogHAL: Display: Platform has ~ 16 GB [17034588160 / 17179869184 / 16], which maps to Larger [LargestMinGB=32, LargerMinGB=12, DefaultMinGB=8, SmallerMinGB=6, SmallestMinGB=0)
[2018.11.04-05.35.17:417][  0]LogInit: Setting Device Profile CVar: [[r.Vulkan.UseRealUBs:1]]
[2018.11.04-05.35.17:417][  0]LogInit: Going up to parent DeviceProfile []
[2018.11.04-05.35.17:417][  0]LogInit: Computer: STEVENS-PC
[2018.11.04-05.35.17:417][  0]LogInit: User: Steven
[2018.11.04-05.35.17:417][  0]LogInit: CPU Page size=4096, Cores=4
[2018.11.04-05.35.17:417][  0]LogInit: High frequency timer resolution =3.417966 MHz
[2018.11.04-05.35.17:418][  0]LogMemory: Memory total: Physical=15.9GB (16GB approx)
[2018.11.04-05.35.17:418][  0]LogMemory: Platform Memory Stats for Windows
[2018.11.04-05.35.17:418][  0]LogMemory: Process Physical Memory: 100.52 MB used, 100.52 MB peak
[2018.11.04-05.35.17:418][  0]LogMemory: Process Virtual Memory: 84.18 MB used, 84.18 MB peak
[2018.11.04-05.35.17:418][  0]LogMemory: Physical Memory: 5406.41 MB used,  10839.04 MB free, 16245.45 MB total
[2018.11.04-05.35.17:418][  0]LogMemory: Virtual Memory: 4620.55 MB used,  10839.04 MB free, 134217728.00 MB total
[2018.11.04-05.35.17:432][  0]LogInit: Using OS detected language (en-GB).
[2018.11.04-05.35.17:432][  0]LogInit: Using OS detected locale (en-AU).
[2018.11.04-05.35.17:433][  0]LogTextLocalizationManager: No specific localization for 'en-GB' exists, so the 'en' localization will be used.
[2018.11.04-05.35.17:805][  0]LogStreaming: Display: Took  0.373s to InitEngineTextLocalization.
[2018.11.04-05.35.17:805][  0]LogInit: Setting process to per monitor DPI aware
[2018.11.04-05.35.17:829][  0]LogSlate: New Slate User Created.  User Index 0, Is Virtual User: 0
[2018.11.04-05.35.17:829][  0]LogSlate: Slate User Registered.  User Index 0, Is Virtual User: 0
[2018.11.04-05.35.18:001][  0]LogHMD: Failed to initialize OpenVR with code 110
[2018.11.04-05.35.18:001][  0]LogD3D11RHI: D3D11 adapters:
[2018.11.04-05.35.18:043][  0]LogD3D11RHI:    0. 'NVIDIA GeForce GTX 760' (Feature Level 11_0)
[2018.11.04-05.35.18:043][  0]LogD3D11RHI:       2017/0/8122 MB DedicatedVideo/DedicatedSystem/SharedSystem, Outputs:1, VendorId:0x10de
[2018.11.04-05.35.18:050][  0]LogD3D11RHI:    1. 'Intel(R) HD Graphics 4600' (Feature Level 11_0)
[2018.11.04-05.35.18:050][  0]LogD3D11RHI:       112/0/2048 MB DedicatedVideo/DedicatedSystem/SharedSystem, Outputs:0, VendorId:0x8086
[2018.11.04-05.35.18:052][  0]LogD3D11RHI:    2. 'Microsoft Basic Render Driver' (Feature Level 11_0)
[2018.11.04-05.35.18:052][  0]LogD3D11RHI:       0/0/8122 MB DedicatedVideo/DedicatedSystem/SharedSystem, Outputs:0, VendorId:0x1414
[2018.11.04-05.35.18:052][  0]LogD3D11RHI: Chosen D3D11 Adapter: 0
[2018.11.04-05.35.18:057][  0]LogD3D11RHI: Creating new Direct3DDevice
[2018.11.04-05.35.18:057][  0]LogD3D11RHI:     GPU DeviceId: 0x1187 (for the marketing name, search the web for "GPU Device Id")
[2018.11.04-05.35.18:057][  0]LogWindows: EnumDisplayDevices:
[2018.11.04-05.35.18:057][  0]LogWindows:    0. 'NVIDIA GeForce GTX 760' (P:1 D:1)
[2018.11.04-05.35.18:057][  0]LogWindows:    1. 'NVIDIA GeForce GTX 760' (P:0 D:0)
[2018.11.04-05.35.18:057][  0]LogWindows:    2. 'NVIDIA GeForce GTX 760' (P:0 D:0)
[2018.11.04-05.35.18:057][  0]LogWindows:    3. 'NVIDIA GeForce GTX 760' (P:0 D:0)
[2018.11.04-05.35.18:058][  0]LogWindows:    4. 'Intel(R) HD Graphics 4600' (P:0 D:0)
[2018.11.04-05.35.18:058][  0]LogWindows:    5. 'Intel(R) HD Graphics 4600' (P:0 D:0)
[2018.11.04-05.35.18:058][  0]LogWindows:    6. 'Intel(R) HD Graphics 4600' (P:0 D:0)
[2018.11.04-05.35.18:058][  0]LogWindows:    7. 'LMIMIRR' (P:0 D:0)
[2018.11.04-05.35.18:058][  0]LogWindows: DebugString: PrimaryIsNotTheChoosenAdapter PrimaryIsNotTheChoosenAdapter PrimaryIsNotTheChoosenAdapter GetVideoDriverDetailsInvalid PrimaryIsNotTheChoosenAdapter FoundDriverCount:4 
[2018.11.04-05.35.18:058][  0]LogD3D11RHI:     Adapter Name: NVIDIA GeForce GTX 760
[2018.11.04-05.35.18:058][  0]LogD3D11RHI:   Driver Version: 388.13 (internal:23.21.13.8813, unified:388.13)
[2018.11.04-05.35.18:058][  0]LogD3D11RHI:      Driver Date: 10-27-2017
[2018.11.04-05.35.18:058][  0]LogRHI: Texture pool is 1412 MB (70% of 2017 MB)
[2018.11.04-05.35.18:082][  0]LogD3D11RHI: Async texture creation enabled
[2018.11.04-05.35.18:098][  0]LogD3D11RHI: GPU Timing Frequency: 1000.000000 (Debug: 2 2)
[2018.11.04-05.35.18:099][  0]LogShaderCompilers: Guid format shader working directory is -45 characters bigger than the processId version (../../../../../../Users/Steven/Desktop/Github projects/GPG210-Prototypes/PlatformerPrototype/Intermediate/Shaders/WorkingDirectory/8180/).
[2018.11.04-05.35.18:100][  0]LogShaderCompilers: Cleaned the shader compiler working directory 'C:/Users/Steven/AppData/Local/Temp/UnrealShaderWorkingDir/4FE3369B4875C8127CB6BBA07EDB05D3/'.
[2018.11.04-05.35.18:348][  0]LogTemp: Display: Loaded TP AllDesktopTargetPlatform
[2018.11.04-05.35.18:361][  0]LogTemp: Display: Loaded TP MacClientTargetPlatform
[2018.11.04-05.35.18:374][  0]LogTemp: Display: Loaded TP MacNoEditorTargetPlatform
[2018.11.04-05.35.18:387][  0]LogTemp: Display: Loaded TP MacServerTargetPlatform
[2018.11.04-05.35.18:401][  0]LogTemp: Display: Loaded TP MacTargetPlatform
[2018.11.04-05.35.18:415][  0]LogTemp: Display: Loaded TP WindowsClientTargetPlatform
[2018.11.04-05.35.18:430][  0]LogTemp: Display: Loaded TP WindowsNoEditorTargetPlatform
[2018.11.04-05.35.18:445][  0]LogTemp: Display: Loaded TP WindowsServerTargetPlatform
[2018.11.04-05.35.18:452][  0]LogTemp: Display: Loaded TP WindowsTargetPlatform
[2018.11.04-05.35.18:534][  0]LogTemp: Display: Loaded TP AndroidTargetPlatform
[2018.11.04-05.35.18:534][  0]LogTemp: Display: Loaded TP AndroidTargetPlatform
[2018.11.04-05.35.18:534][  0]LogTemp: Display: Loaded TP AndroidTargetPlatform
[2018.11.04-05.35.18:534][  0]LogTemp: Display: Loaded TP AndroidTargetPlatform
[2018.11.04-05.35.18:534][  0]LogTemp: Display: Loaded TP AndroidTargetPlatform
[2018.11.04-05.35.18:534][  0]LogTemp: Display: Loaded TP AndroidTargetPlatform
[2018.11.04-05.35.18:534][  0]LogTemp: Display: Loaded TP AndroidTargetPlatform
[2018.11.04-05.35.18:534][  0]LogTemp: Display: Loaded TP AndroidTargetPlatform
[2018.11.04-05.35.18:534][  0]LogTemp: Display: Loaded TP AndroidTargetPlatform
[2018.11.04-05.35.18:534][  0]LogTemp: Display: Loaded TP AndroidTargetPlatform
[2018.11.04-05.35.18:534][  0]LogTemp: Display: Loaded TP AndroidTargetPlatform
[2018.11.04-05.35.18:534][  0]LogTemp: Display: Loaded TP AndroidTargetPlatform
[2018.11.04-05.35.18:534][  0]LogTemp: Display: Loaded TP AndroidTargetPlatform
[2018.11.04-05.35.18:534][  0]LogTemp: Display: Loaded TP AndroidTargetPlatform
[2018.11.04-05.35.18:534][  0]LogTemp: Display: Loaded TP AndroidTargetPlatform
[2018.11.04-05.35.18:534][  0]LogTemp: Display: Loaded TP AndroidTargetPlatform
[2018.11.04-05.35.18:534][  0]LogTemp: Display: Loaded TP AndroidTargetPlatform
[2018.11.04-05.35.18:534][  0]LogTemp: Display: Loaded TP AndroidTargetPlatform
[2018.11.04-05.35.18:536][  0]LogTemp: Display: Loaded TP HTML5TargetPlatform
[2018.11.04-05.35.18:597][  0]LogTemp: Display: Loaded TP IOSTargetPlatform
[2018.11.04-05.35.18:597][  0]LogTemp: Display: Loaded TP IOSTargetPlatform
[2018.11.04-05.35.18:622][  0]LogTemp: Display: Loaded TP TVOSTargetPlatform
[2018.11.04-05.35.18:622][  0]LogTemp: Display: Loaded TP TVOSTargetPlatform
[2018.11.04-05.35.18:635][  0]LogTemp: Display: Loaded TP LinuxClientTargetPlatform
[2018.11.04-05.35.18:648][  0]LogTemp: Display: Loaded TP LinuxNoEditorTargetPlatform
[2018.11.04-05.35.18:661][  0]LogTemp: Display: Loaded TP LinuxServerTargetPlatform
[2018.11.04-05.35.18:675][  0]LogTemp: Display: Loaded TP LinuxTargetPlatform
[2018.11.04-05.35.18:685][  0]LogTemp: Display: Loaded TP LuminTargetPlatform
[2018.11.04-05.35.18:685][  0]LogTargetPlatformManager: Display: Building Assets For Windows
[2018.11.04-05.35.18:741][  0]LogXGEController: Cleaning working directory: C:/Users/Steven/AppData/Local/Temp/UnrealXGEWorkingDir/
[2018.11.04-05.35.18:741][  0]LogXGEController: Cannot use XGE Controller as Incredibuild is not installed on this machine.
[2018.11.04-05.35.18:742][  0]LogShaderCompilers: Cannot use XGE Shader Compiler as Incredibuild is not installed on this machine.
[2018.11.04-05.35.18:742][  0]LogShaderCompilers: Display: Using Local Shader Compiler.
[2018.11.04-05.35.19:481][  0]LogDerivedDataCache: Display: Max Cache Size: 512 MB
[2018.11.04-05.35.19:533][  0]LogDerivedDataCache: Loaded boot cache 0.05s 71MB C:/Users/Steven/AppData/Local/UnrealEngine/4.20/DerivedDataCache/Boot.ddc.
[2018.11.04-05.35.19:533][  0]LogDerivedDataCache: Display: Loaded Boot cache: C:/Users/Steven/AppData/Local/UnrealEngine/4.20/DerivedDataCache/Boot.ddc
[2018.11.04-05.35.19:533][  0]LogDerivedDataCache: FDerivedDataBackendGraph:  Pak pak cache file ../../../../../../Users/Steven/Desktop/Github projects/GPG210-Prototypes/PlatformerPrototype/DerivedDataCache/DDC.ddp not found, will not use a pak cache.
[2018.11.04-05.35.19:533][  0]LogDerivedDataCache: Unable to find inner node Pak for hierarchical cache Hierarchy.
[2018.11.04-05.35.19:533][  0]LogDerivedDataCache: FDerivedDataBackendGraph:  CompressedPak pak cache file ../../../../../../Users/Steven/Desktop/Github projects/GPG210-Prototypes/PlatformerPrototype/DerivedDataCache/Compressed.ddp not found, will not use a pak cache.
[2018.11.04-05.35.19:534][  0]LogDerivedDataCache: Unable to find inner node CompressedPak for hierarchical cache Hierarchy.
[2018.11.04-05.35.19:546][  0]LogDerivedDataCache: Display: Pak cache opened for reading ../../../Engine/DerivedDataCache/Compressed.ddp.
[2018.11.04-05.35.19:558][  0]LogDerivedDataCache: Using Local data cache path C:/Users/Steven/AppData/Local/UnrealEngine/Common/DerivedDataCache: Writable
[2018.11.04-05.35.19:558][  0]LogDerivedDataCache: Shared data cache path not found in *engine.ini, will not use an Shared cache.
[2018.11.04-05.35.19:558][  0]LogDerivedDataCache: Unable to find inner node Shared for hierarchical cache Hierarchy.
[2018.11.04-05.35.19:575][  0]LogMaterial: Verifying Global Shaders for PCD3D_SM5
[2018.11.04-05.35.19:577][  0]LogSlate: Using FreeType 2.6.0
[2018.11.04-05.35.19:577][  0]LogSlate: SlateFontServices - WITH_FREETYPE: 1, WITH_HARFBUZZ: 1
[2018.11.04-05.35.19:649][  0]LogAssetRegistry: FAssetRegistry took 0.0268 seconds to start up
[2018.11.04-05.35.19:966][  0]LogInit: Selected Device Profile: [Windows]
[2018.11.04-05.35.20:092][  0]LogSimplygon: Simplygon DLL not present - disabling.
[2018.11.04-05.35.20:096][  0]LogMeshReduction: Using SimplygonSwarm for distributed automatic mesh merging
[2018.11.04-05.35.20:096][  0]LogMeshReduction: Using ProxyLODMeshReduction for automatic mesh merging
[2018.11.04-05.35.20:096][  0]LogMeshReduction: Using QuadricMeshReduction for automatic static mesh reduction
[2018.11.04-05.35.20:096][  0]LogMeshReduction: No automatic skeletal mesh reduction module available
[2018.11.04-05.35.20:108][  0]LogNetVersion: PlatformerPrototype 1.0.0, NetCL: 4212847, EngineNetVer: 5, GameNetVer: 0 (Checksum: 3545419167)
[2018.11.04-05.35.20:570][  0]LogPackageLocalizationCache: Processed 11 localized package path(s) for 2 prioritized culture(s) in 0.098930 seconds
[2018.11.04-05.35.20:577][  0]LogUObjectArray: 38425 objects as part of root set at end of initial load.
[2018.11.04-05.35.20:577][  0]LogUObjectAllocator: 6690864 out of 0 bytes used by permanent object pool.
[2018.11.04-05.35.20:577][  0]LogUObjectArray: CloseDisregardForGC: 0/0 objects in disregard for GC pool
[2018.11.04-05.35.21:357][  0]LogTcpMessaging: Initializing TcpMessaging bridge
[2018.11.04-05.35.21:372][  0]LogUdpMessaging: Initializing bridge on interface 0.0.0.0:0 to multicast group 230.0.0.1:6666.
[2018.11.04-05.35.21:522][  0]SourceControl: Source control is disabled
[2018.11.04-05.35.21:522][  0]SourceControl: Source control is disabled
[2018.11.04-05.35.21:523][  0]SourceControl: Source control is disabled
[2018.11.04-05.35.21:524][  0]SourceControl: Source control is disabled
[2018.11.04-05.35.21:705][  0]LogAndroidPermission: UAndroidPermissionCallbackProxy::GetInstance
[2018.11.04-05.35.21:772][  0]LogOcInput: OculusInput pre-init called
[2018.11.04-05.35.21:844][  0]LogEngine: Initializing Engine...
[2018.11.04-05.35.21:844][  0]LogHMD: Failed to initialize OpenVR with code 110
[2018.11.04-05.35.21:846][  0]LogStats: UGameplayTagsManager::ConstructGameplayTagTree: ImportINI prefixes -  0.000 s
[2018.11.04-05.35.21:846][  0]LogStats: UGameplayTagsManager::ConstructGameplayTagTree: Construct from data asset -  0.000 s
[2018.11.04-05.35.21:846][  0]LogStats: UGameplayTagsManager::ConstructGameplayTagTree: ImportINI -  0.000 s
[2018.11.04-05.35.21:846][  0]LogStats: UGameplayTagsManager::ConstructGameplayTagTree: GameplayTagTreeChangedEvent.Broadcast -  0.000 s
[2018.11.04-05.35.22:046][  0]LogInit: Initializing FReadOnlyCVARCache
[2018.11.04-05.35.22:060][  0]LogAIModule: Creating AISystem for world Untitled
[2018.11.04-05.35.22:069][  0]LogInit: XAudio2 using 'Speakers (Realtek High Definition Audio)' : 2 channels at 48 kHz using 32 bits per sample (channel mask 0x3)
[2018.11.04-05.35.22:084][  0]LogInit: FAudioDevice initialized.
[2018.11.04-05.35.22:084][  0]LogNetVersion: Set ProjectVersion to 1.0.0.0. Version Checksum will be recalculated on next use.
[2018.11.04-05.35.22:446][  0]LogDerivedDataCache: Saved boot cache 0.36s 71MB C:/Users/Steven/AppData/Local/UnrealEngine/4.20/DerivedDataCache/Boot.ddc.
[2018.11.04-05.35.22:461][  0]LogInit: Texture streaming: Enabled
[2018.11.04-05.35.22:499][  0]LogEngineSessionManager: EngineSessionManager initialized
[2018.11.04-05.35.22:517][  0]LogInit: Transaction tracking system initialized
[2018.11.04-05.35.22:543][  0]BlueprintLog: New page: Editor Load
[2018.11.04-05.35.22:633][  0]LocalizationService: Localization service is disabled
[2018.11.04-05.35.22:882][  0]LogCook: Display: Max memory allowance for cook 16384mb min free memory 0mb
[2018.11.04-05.35.22:882][  0]LogCook: Display: Mobile HDR setting 1
[2018.11.04-05.35.22:882][  0]LogGameplayTags: Display: UGameplayTagsManager::DoneAddingNativeTags. DelegateIsBound: 0
[2018.11.04-05.35.22:882][  0]LogStats: UGameplayTagsManager::ConstructGameplayTagTree: ImportINI prefixes -  0.000 s
[2018.11.04-05.35.22:882][  0]LogStats: UGameplayTagsManager::ConstructGameplayTagTree: Construct from data asset -  0.000 s
[2018.11.04-05.35.22:882][  0]LogStats: UGameplayTagsManager::ConstructGameplayTagTree: ImportINI -  0.000 s
[2018.11.04-05.35.22:882][  0]LogStats: UGameplayTagsManager::ConstructGameplayTagTree: GameplayTagTreeChangedEvent.Broadcast -  0.000 s
[2018.11.04-05.35.22:991][  0]LogFileCache: Scanning file cache for directory 'C:/Users/Steven/Desktop/Github projects/GPG210-Prototypes/PlatformerPrototype/Content/' took 0.01s
[2018.11.04-05.35.22:991][  0]SourceControl: Source control is disabled
[2018.11.04-05.35.22:991][  0]LightingResults: New page: Lighting Build
[2018.11.04-05.35.22:994][  0]MapCheck: New page: Map Check
[2018.11.04-05.35.22:994][  0]LightingResults: New page: Lighting Build
[2018.11.04-05.35.23:254][  0]LogLinker: Warning: Can't find file '/Game/ThirdPersonBP/Maps/Thomas_List_Levels/Tlist_Testing_BuiltData'
[2018.11.04-05.35.23:254][  0]LogLinker: Warning: Can't find file for asset '/Game/ThirdPersonBP/Maps/Thomas_List_Levels/Tlist_Testing_BuiltData' while loading ../../../../../../Users/Steven/Desktop/Github projects/GPG210-Prototypes/PlatformerPrototype/Content/ThirdPersonBP/Maps/Thomas_List_Levels/TList_Testing.umap.
[2018.11.04-05.35.23:254][  0]LoadErrors: Error: /Game/ThirdPersonBP/Maps/Thomas_List_Levels/TList_Testing : Can't find file for asset. /Game/ThirdPersonBP/Maps/Thomas_List_Levels/Tlist_Testing_BuiltData
[2018.11.04-05.35.23:258][  0]LogLinker: Warning: Can't find file '/Game/ThirdPersonBP/Maps/Thomas_List_Levels/Tlist_Testing_BuiltData'
[2018.11.04-05.35.23:258][  0]LogLinker: Warning: Can't find file for asset '/Game/ThirdPersonBP/Maps/Thomas_List_Levels/Tlist_Testing_BuiltData' while loading ../../../../../../Users/Steven/Desktop/Github projects/GPG210-Prototypes/PlatformerPrototype/Content/ThirdPersonBP/Maps/Thomas_List_Levels/TList_Testing.umap.
[2018.11.04-05.35.23:258][  0]LoadErrors: Error: /Game/ThirdPersonBP/Maps/Thomas_List_Levels/TList_Testing : Can't find file for asset. /Game/ThirdPersonBP/Maps/Thomas_List_Levels/Tlist_Testing_BuiltData
[2018.11.04-05.35.23:310][  0]LogLinker: Warning: Can't find file '/Game/ThirdPersonBP/Maps/Thomas_List_Levels/Tlist_Testing_BuiltData'
[2018.11.04-05.35.23:310][  0]LoadErrors: Failed to load /Game/ThirdPersonBP/Maps/Thomas_List_Levels/Tlist_Testing_BuiltData.Tlist_Testing_BuiltData Referenced by PersistentLevel
[2018.11.04-05.35.23:310][  0]LogLinker: Warning: Can't find file for asset '/Game/ThirdPersonBP/Maps/Thomas_List_Levels/Tlist_Testing_BuiltData' while loading NULL.
[2018.11.04-05.35.23:310][  0]LoadErrors: Failed to load /Game/ThirdPersonBP/Maps/Thomas_List_Levels/Tlist_Testing_BuiltData.Tlist_Testing_BuiltData Referenced by PersistentLevel
[2018.11.04-05.35.23:467][  0]LogAIModule: Creating AISystem for world Tlist_Testing
[2018.11.04-05.35.23:484][  0]LogEditorServer: Finished looking for orphan Actors (0.000 secs)
[2018.11.04-05.35.23:576][  0]Cmd: MAP CHECKDEP NOCLEARLOG
[2018.11.04-05.35.23:647][  0]MapCheck: Map check complete: 0 Error(s), 0 Warning(s), took 71.012ms to complete.
[2018.11.04-05.35.23:647][  0]LogFileHelpers: Loading map 'TList_Testing' took 0.656
[2018.11.04-05.35.23:757][  0]LogSlate: Updating window title bar state: overlay mode, drag disabled, window buttons hidden, title bar hidden
[2018.11.04-05.35.23:766][  0]LogSlate: Updating window title bar state: overlay mode, drag disabled, window buttons hidden, title bar hidden
[2018.11.04-05.35.23:773][  0]LogSlate: Updating window title bar state: overlay mode, drag disabled, window buttons hidden, title bar hidden
[2018.11.04-05.35.23:780][  0]LogSlate: Updating window title bar state: overlay mode, drag disabled, window buttons hidden, title bar hidden
[2018.11.04-05.35.23:787][  0]LogCollectionManager: Loaded 0 collections in 0.001821 seconds
[2018.11.04-05.35.23:829][  0]LogFileCache: Scanning file cache for directory 'C:/Users/Steven/Desktop/Github projects/GPG210-Prototypes/PlatformerPrototype/Saved/Collections/' took 0.01s
[2018.11.04-05.35.23:829][  0]LogFileCache: Scanning file cache for directory 'C:/Users/Steven/Desktop/Github projects/GPG210-Prototypes/PlatformerPrototype/Content/Developers/Steven/Collections/' took 0.01s
[2018.11.04-05.35.23:829][  0]LogFileCache: Scanning file cache for directory 'C:/Users/Steven/Desktop/Github projects/GPG210-Prototypes/PlatformerPrototype/Content/Collections/' took 0.01s
[2018.11.04-05.35.23:829][  0]LogCollectionManager: Rebuilt the GUID cache for 0 collections in 0.000000 seconds
[2018.11.04-05.35.23:846][  0]LogContentBrowser: Native class hierarchy populated in 0.0160 seconds. Added 2572 classes and 603 folders.
[2018.11.04-05.35.23:855][  0]LogContentBrowser: Native class hierarchy updated for 'WidgetCarousel' in 0.0002 seconds. Added 0 classes and 0 folders.
[2018.11.04-05.35.23:902][  0]LogContentBrowser: Native class hierarchy updated for 'AddContentDialog' in 0.0002 seconds. Added 0 classes and 0 folders.
[2018.11.04-05.35.23:907][  0]LogContentBrowser: Native class hierarchy updated for 'SceneOutliner' in 0.0003 seconds. Added 1 classes and 2 folders.
[2018.11.04-05.35.23:921][  0]LogSlate: Took 0.000425 seconds to synchronously load lazily loaded font '../../../Engine/Content/Slate/Fonts/Roboto-Regular.ttf' (155K)
[2018.11.04-05.35.23:923][  0]LogSlate: Took 0.000187 seconds to synchronously load lazily loaded font '../../../Engine/Content/Slate/Fonts/Roboto-Bold.ttf' (160K)
[2018.11.04-05.35.23:928][  0]LogSlate: Took 0.000233 seconds to synchronously load lazily loaded font '../../../Engine/Content/Editor/Slate/Fonts/FontAwesome.ttf' (139K)
[2018.11.04-05.35.24:002][  0]LogRenderer: Reallocating scene render targets to support 1208x576 Format 10 NumSamples 1 (Frame:1).
[2018.11.04-05.35.24:092][  0]LogSlate: FSceneViewport::OnFocusLost() reason 2
[2018.11.04-05.35.24:106][  0]LogSlate: Window 'Tutorials' being destroyed
[2018.11.04-05.35.24:135][  0]LogContentBrowser: Native class hierarchy updated for 'HierarchicalLODOutliner' in 0.0003 seconds. Added 0 classes and 0 folders.
[2018.11.04-05.35.24:135][  0]LogLoad: (Engine Initialization) Total time: 8.35 seconds
[2018.11.04-05.35.24:135][  0]LogLoad: (Engine Initialization) Total Blueprint compile time: 0.00 seconds
[2018.11.04-05.35.24:170][  0]LogContentStreaming: Texture pool size now 1000 MB
[2018.11.04-05.35.24:174][  0]LogSlate: FSceneViewport::OnFocusLost() reason 2
[2018.11.04-05.35.24:200][  0]LogSlate: Took 0.000245 seconds to synchronously load lazily loaded font '../../../Engine/Content/Slate/Fonts/Roboto-Light.ttf' (167K)
[2018.11.04-05.35.24:234][  1]LogAssetRegistry: Asset discovery search completed in 4.6082 seconds
[2018.11.04-05.35.24:236][  1]LogCollectionManager: Rebuilt the object cache for 0 collections in 0.000000 seconds (found 0 objects)
[2018.11.04-05.35.24:236][  1]LogCollectionManager: Fixed up redirectors for 0 collections in 0.000050 seconds (updated 0 objects)
[2018.11.04-05.35.29:999][144]LogSlate: Window 'Message Log' being destroyed
[2018.11.04-05.35.30:004][144]LogSlate: Window 'Message Log' being destroyed
[2018.11.04-05.35.33:277][535]LogSlate: FSceneViewport::OnFocusLost() reason 0
[2018.11.04-05.35.34:690][703]LogSlate: Took 0.000162 seconds to synchronously load lazily loaded font '../../../Engine/Content/Slate/Fonts/Roboto-Light.ttf' (167K)
[2018.11.04-05.35.34:767][703]LogLinker: Warning: Can't find file '/Game/Maps/TestingSN_BuiltData'
[2018.11.04-05.35.34:767][703]LogLinker: Warning: Can't find file for asset '/Game/Maps/TestingSN_BuiltData' while loading ../../../../../../Users/Steven/Desktop/Github projects/GPG210-Prototypes/PlatformerPrototype/Content/Maps/TestingSN.umap.
[2018.11.04-05.35.34:767][703]LoadErrors: Error: /Game/Maps/TestingSN : Can't find file for asset. /Game/Maps/TestingSN_BuiltData
[2018.11.04-05.35.34:771][703]LogLinker: Warning: Can't find file '/Game/Maps/TestingSN_BuiltData'
[2018.11.04-05.35.34:771][703]LogLinker: Warning: Can't find file for asset '/Game/Maps/TestingSN_BuiltData' while loading ../../../../../../Users/Steven/Desktop/Github projects/GPG210-Prototypes/PlatformerPrototype/Content/Maps/TestingSN.umap.
[2018.11.04-05.35.34:781][703]LogLinker: Warning: Can't find file '/Game/Maps/TestingSN_BuiltData'
[2018.11.04-05.35.34:781][703]LoadErrors: Failed to load /Game/Maps/TestingSN_BuiltData.TestingSN_BuiltData Referenced by PersistentLevel
[2018.11.04-05.35.34:781][703]LogLinker: Warning: Can't find file for asset '/Game/Maps/TestingSN_BuiltData' while loading NULL.
[2018.11.04-05.35.34:785][703]LogMaterial: Display: Missing cached shader map for material KeyColor, compiling. 
[2018.11.04-05.35.34:839][703]LogShaderCompilers: Display: Shaders left to compile 22
[2018.11.04-05.35.34:839][703]LogShaderCompilers: Display: Shaders left to compile 12
[2018.11.04-05.35.34:839][703]LogShaderCompilers: Display: Shaders left to compile 2
[2018.11.04-05.35.34:850][703]LogMaterial: Display: Missing cached shader map for material FinishLine, compiling. 
[2018.11.04-05.35.34:934][703]LogAIModule: Creating AISystem for world TestingSN
[2018.11.04-05.35.34:945][703]LogAssetEditorManager: Opening Asset editor for World /Game/Maps/TestingSN.TestingSN
[2018.11.04-05.35.34:964][703]Cmd: MAP LOAD FILE="../../../../../../Users/Steven/Desktop/Github projects/GPG210-Prototypes/PlatformerPrototype/Content/Maps/TestingSN.umap" TEMPLATE=0 SHOWPROGRESS=1 FEATURELEVEL=3
[2018.11.04-05.35.34:964][703]LightingResults: New page: Lighting Build
[2018.11.04-05.35.34:965][703]LoadErrors: New page: Loading map: TestingSN.umap
[2018.11.04-05.35.34:966][703]MapCheck: New page: Map Check
[2018.11.04-05.35.34:966][703]LightingResults: New page: Lighting Build
[2018.11.04-05.35.34:998][703]LogEditorServer: Finished looking for orphan Actors (0.000 secs)
[2018.11.04-05.35.35:055][703]Cmd: MAP CHECKDEP NOCLEARLOG
[2018.11.04-05.35.35:134][703]MapCheck: Map check complete: 0 Error(s), 0 Warning(s), took 79.114ms to complete.
[2018.11.04-05.35.35:134][703]LogFileHelpers: Loading map 'TestingSN' took 0.171
[2018.11.04-05.35.35:746][766]LogShaderCompilers: Display: Shaders left to compile 43
[2018.11.04-05.35.37:467][961]LogTemp: Repeating last play command: Selected Viewport
[2018.11.04-05.35.37:491][961]LogPlayLevel: PlayLevel: No blueprints needed recompiling
[2018.11.04-05.35.37:504][961]PIE: New page: PIE session: TestingSN (5 Nov 2018 3:35:37 am)
[2018.11.04-05.35.37:504][961]LogPlayLevel: Creating play world package: /Game/Maps/UEDPIE_0_TestingSN
[2018.11.04-05.35.37:508][961]LogPlayLevel: PIE: StaticDuplicateObject took: (0.003141s)
[2018.11.04-05.35.37:508][961]LogAIModule: Creating AISystem for world TestingSN
[2018.11.04-05.35.37:508][961]LogPlayLevel: PIE: World Init took: (0.000704s)
[2018.11.04-05.35.37:508][961]LogPlayLevel: PIE: Created PIE world by copying editor world from /Game/Maps/TestingSN.TestingSN to /Game/Maps/UEDPIE_0_TestingSN.TestingSN (0.004000s)
[2018.11.04-05.35.37:530][961]LogInit: XAudio2 using 'Speakers (Realtek High Definition Audio)' : 2 channels at 48 kHz using 32 bits per sample (channel mask 0x3)
[2018.11.04-05.35.37:542][961]LogInit: FAudioDevice initialized.
[2018.11.04-05.35.37:587][961]LogLoad: Game class is 'ThirdPersonGameMode_C'
[2018.11.04-05.35.37:589][961]LogWorld: Bringing World /Game/Maps/UEDPIE_0_TestingSN.TestingSN up for play (max tick rate 0) at 2018.11.04-16.35.37
[2018.11.04-05.35.37:590][961]LogWorld: Bringing up level for play took: 0.001995
[2018.11.04-05.35.37:607][961]LogContentBrowser: Native class hierarchy updated for 'MovieSceneCapture' in 0.0003 seconds. Added 10 classes and 0 folders.
[2018.11.04-05.35.37:610][961]PIE: Play in editor start time for /Game/Maps/UEDPIE_0_TestingSN -0.834
[2018.11.04-05.35.38:233][ 30]LogShaderCompilers: Display: Shaders left to compile 33
[2018.11.04-05.35.40:231][245]LogShaderCompilers: Display: Shaders left to compile 23
[2018.11.04-05.35.40:961][313]LogSlate: FSceneViewport::OnFocusLost() reason 0
[2018.11.04-05.35.41:060][322]LogNet: Browse: /Game/Maps/TestingSN
[2018.11.04-05.35.41:060][322]LogLoad: LoadMap: /Game/Maps/TestingSN
[2018.11.04-05.35.41:085][322]LogPlayLevel: Creating play world package: /Game/Maps/UEDPIE_0_TestingSN
[2018.11.04-05.35.41:088][322]LogPlayLevel: PIE: StaticDuplicateObject took: (0.003118s)
[2018.11.04-05.35.41:088][322]LogAIModule: Creating AISystem for world TestingSN
[2018.11.04-05.35.41:088][322]LogPlayLevel: PIE: World Init took: (0.000571s)
[2018.11.04-05.35.41:088][322]LogPlayLevel: PIE: Created PIE world by copying editor world from /Game/Maps/TestingSN.TestingSN to /Game/Maps/UEDPIE_0_TestingSN.TestingSN (0.003843s)
[2018.11.04-05.35.41:088][322]LogLoad: Game class is 'ThirdPersonGameMode_C'
[2018.11.04-05.35.41:091][322]LogWorld: Bringing World /Game/Maps/UEDPIE_0_TestingSN.TestingSN up for play (max tick rate 0) at 2018.11.04-16.35.41
[2018.11.04-05.35.41:091][322]LogWorld: Bringing up level for play took: 0.001944
[2018.11.04-05.35.41:093][322]LogLoad: Took 0.032423 seconds to LoadMap(/Game/Maps/UEDPIE_0_TestingSN)
[2018.11.04-05.35.41:245][338]LogShaderCompilers: Display: Shaders left to compile 13
[2018.11.04-05.35.44:982][718]LogSlate: Updating window title bar state: overlay mode, drag disabled, window buttons hidden, title bar hidden
[2018.11.04-05.35.45:016][718]LogPlayLevel: Display: Shutting down PIE online subsystems
[2018.11.04-05.35.45:042][718]LogSlate: Updating window title bar state: overlay mode, drag disabled, window buttons hidden, title bar hidden
[2018.11.04-05.35.45:081][720]LogPlayLevel: Display: Destroying online subsystem :Context_1
[2018.11.04-05.35.46:846][921]LogShaderCompilers: Display: Shaders left to compile 3
[2018.11.04-05.39.48:788][467]LogSlate: FSceneViewport::OnFocusLost() reason 0
[2018.11.04-05.40.00:513][834]LogAssetEditorManager: Opening Asset editor for WidgetBlueprint /Game/ThirdPersonBP/Blueprints/BP_MainMenu.BP_MainMenu
[2018.11.04-05.40.00:925][834]LogContentBrowser: Native class hierarchy updated for 'BlueprintGraph' in 0.0006 seconds. Added 116 classes and 0 folders.
[2018.11.04-05.40.01:647][834]LogSlate: Took 0.000224 seconds to synchronously load lazily loaded font '../../../Engine/Content/Slate/Fonts/Roboto-BoldCondensed.ttf' (158K)
[2018.11.04-05.40.04:024][ 10]LogSlate: Window 'BP_MainMenu' being destroyed
[2018.11.04-05.42.32:525][ 57]LogAssetEditorManager: Opening Asset editor for Blueprint /Game/ThirdPersonBP/Blueprints/ThirdPersonGameMode.ThirdPersonGameMode
[2018.11.04-05.42.42:229][167]LogAssetEditorManager: Opening Asset editor for Blueprint /Game/ThirdPersonBP/Blueprints/Hud1.Hud1
[2018.11.04-05.42.42:552][168]LogSlate: Took 0.000184 seconds to synchronously load lazily loaded font '../../../Engine/Content/Slate/Fonts/Roboto-Italic.ttf' (157K)
[2018.11.04-05.43.15:105][898]LogAssetEditorManager: Opening Asset editor for Blueprint /Game/ThirdPersonBP/Blueprints/BP_GameInstance.BP_GameInstance
[2018.11.04-05.44.08:055][554]BlueprintLog: New page: Compile Hud1
[2018.11.04-05.44.08:375][554]LogSavePackage: Moving '../../../../../../Users/Steven/Desktop/Github projects/GPG210-Prototypes/PlatformerPrototype/Saved/Hud167C2E5C449992C6569528781BB2FAF18.tmp' to '../../../../../../Users/Steven/Desktop/Github projects/GPG210-Prototypes/PlatformerPrototype/Content/ThirdPersonBP/Blueprints/Hud1.uasset'
[2018.11.04-05.44.10:499][800]LogTemp: Repeating last play command: Selected Viewport
[2018.11.04-05.44.10:525][800]LogPlayLevel: PlayLevel: No blueprints needed recompiling
[2018.11.04-05.44.10:525][800]PIE: New page: PIE session: TestingSN (5 Nov 2018 3:44:10 am)
[2018.11.04-05.44.10:526][800]LogPlayLevel: Creating play world package: /Game/Maps/UEDPIE_0_TestingSN
[2018.11.04-05.44.10:529][800]LogPlayLevel: PIE: StaticDuplicateObject took: (0.003025s)
[2018.11.04-05.44.10:529][800]LogAIModule: Creating AISystem for world TestingSN
[2018.11.04-05.44.10:529][800]LogPlayLevel: PIE: World Init took: (0.000664s)
[2018.11.04-05.44.10:529][800]LogPlayLevel: PIE: Created PIE world by copying editor world from /Game/Maps/TestingSN.TestingSN to /Game/Maps/UEDPIE_0_TestingSN.TestingSN (0.003875s)
[2018.11.04-05.44.10:557][800]LogInit: XAudio2 using 'Speakers (Realtek High Definition Audio)' : 2 channels at 48 kHz using 32 bits per sample (channel mask 0x3)
[2018.11.04-05.44.10:568][800]LogInit: FAudioDevice initialized.
[2018.11.04-05.44.10:601][800]LogLoad: Game class is 'ThirdPersonGameMode_C'
[2018.11.04-05.44.10:605][800]LogWorld: Bringing World /Game/Maps/UEDPIE_0_TestingSN.TestingSN up for play (max tick rate 0) at 2018.11.04-16.44.10
[2018.11.04-05.44.10:605][800]LogWorld: Bringing up level for play took: 0.003302
[2018.11.04-05.44.10:621][800]PIE: Play in editor start time for /Game/Maps/UEDPIE_0_TestingSN 0.177
[2018.11.04-05.44.11:790][936]LogSlate: FSceneViewport::OnFocusLost() reason 0
[2018.11.04-05.44.11:899][949]LogNet: Browse: /Game/Maps/TestingSN
[2018.11.04-05.44.11:899][949]LogLoad: LoadMap: /Game/Maps/TestingSN
[2018.11.04-05.44.11:931][949]LogPlayLevel: Creating play world package: /Game/Maps/UEDPIE_0_TestingSN
[2018.11.04-05.44.11:934][949]LogPlayLevel: PIE: StaticDuplicateObject took: (0.002937s)
[2018.11.04-05.44.11:934][949]LogAIModule: Creating AISystem for world TestingSN
[2018.11.04-05.44.11:934][949]LogPlayLevel: PIE: World Init took: (0.000522s)
[2018.11.04-05.44.11:934][949]LogPlayLevel: PIE: Created PIE world by copying editor world from /Game/Maps/TestingSN.TestingSN to /Game/Maps/UEDPIE_0_TestingSN.TestingSN (0.003607s)
[2018.11.04-05.44.11:934][949]LogLoad: Game class is 'ThirdPersonGameMode_C'
[2018.11.04-05.44.11:937][949]LogWorld: Bringing World /Game/Maps/UEDPIE_0_TestingSN.TestingSN up for play (max tick rate 0) at 2018.11.04-16.44.11
[2018.11.04-05.44.11:937][949]LogWorld: Bringing up level for play took: 0.001761
[2018.11.04-05.44.11:939][949]LogLoad: Took 0.039658 seconds to LoadMap(/Game/Maps/UEDPIE_0_TestingSN)
[2018.11.04-05.44.17:345][492]LogSlate: Updating window title bar state: overlay mode, drag disabled, window buttons hidden, title bar hidden
[2018.11.04-05.44.17:377][492]LogPlayLevel: Display: Shutting down PIE online subsystems
[2018.11.04-05.44.17:408][492]LogSlate: Updating window title bar state: overlay mode, drag disabled, window buttons hidden, title bar hidden
[2018.11.04-05.44.17:442][495]LogPlayLevel: Display: Destroying online subsystem :Context_9
[2018.11.04-05.44.55:633][930]LogSlate: FSceneViewport::OnFocusLost() reason 0
[2018.11.04-05.45.27:277][622]LogSavePackage: Moving '../../../../../../Users/Steven/Desktop/Github projects/GPG210-Prototypes/PlatformerPrototype/Saved/Hud17351DED342448EE416C5E78F76FFC2A8.tmp' to '../../../../../../Users/Steven/Desktop/Github projects/GPG210-Prototypes/PlatformerPrototype/Content/ThirdPersonBP/Blueprints/Hud1.uasset'
[2018.11.04-05.45.27:549][648]LogSavePackage: Moving '../../../../../../Users/Steven/Desktop/Github projects/GPG210-Prototypes/PlatformerPrototype/Saved/Hud1D59C65954EDDD23F5D7257A142A9208C.tmp' to '../../../../../../Users/Steven/Desktop/Github projects/GPG210-Prototypes/PlatformerPrototype/Content/ThirdPersonBP/Blueprints/Hud1.uasset'
[2018.11.04-05.45.30:949][ 50]LogTemp: Repeating last play command: Selected Viewport
[2018.11.04-05.45.30:975][ 50]BlueprintLog: New page: Pre-Play auto-recompile
[2018.11.04-05.45.30:979][ 50]LogPlayLevel: [PlayLevel] Compiling Hud1 before play...
[2018.11.04-05.45.31:116][ 50]LogPlayLevel: PlayLevel: Blueprint regeneration took 141 ms (1 blueprints)
[2018.11.04-05.45.31:117][ 50]PIE: New page: PIE session: TestingSN (5 Nov 2018 3:45:31 am)
[2018.11.04-05.45.31:117][ 50]LogPlayLevel: Creating play world package: /Game/Maps/UEDPIE_0_TestingSN
[2018.11.04-05.45.31:120][ 50]LogPlayLevel: PIE: StaticDuplicateObject took: (0.003164s)
[2018.11.04-05.45.31:121][ 50]LogAIModule: Creating AISystem for world TestingSN
[2018.11.04-05.45.31:121][ 50]LogPlayLevel: PIE: World Init took: (0.000771s)
[2018.11.04-05.45.31:121][ 50]LogPlayLevel: PIE: Created PIE world by copying editor world from /Game/Maps/TestingSN.TestingSN to /Game/Maps/UEDPIE_0_TestingSN.TestingSN (0.004118s)
[2018.11.04-05.45.31:152][ 50]LogInit: XAudio2 using 'Speakers (Realtek High Definition Audio)' : 2 channels at 48 kHz using 32 bits per sample (channel mask 0x3)
[2018.11.04-05.45.31:163][ 50]LogInit: FAudioDevice initialized.
[2018.11.04-05.45.31:195][ 50]LogLoad: Game class is 'ThirdPersonGameMode_C'
[2018.11.04-05.45.31:197][ 50]LogWorld: Bringing World /Game/Maps/UEDPIE_0_TestingSN.TestingSN up for play (max tick rate 0) at 2018.11.04-16.45.31
[2018.11.04-05.45.31:197][ 50]LogWorld: Bringing up level for play took: 0.001761
[2018.11.04-05.45.31:214][ 50]PIE: Play in editor start time for /Game/Maps/UEDPIE_0_TestingSN 0.77
[2018.11.04-05.45.32:695][223]LogSlate: FSceneViewport::OnFocusLost() reason 0
[2018.11.04-05.45.32:814][237]LogNet: Browse: /Game/Maps/TestingSN
[2018.11.04-05.45.32:814][237]LogLoad: LoadMap: /Game/Maps/TestingSN
[2018.11.04-05.45.32:847][237]LogPlayLevel: Creating play world package: /Game/Maps/UEDPIE_0_TestingSN
[2018.11.04-05.45.32:850][237]LogPlayLevel: PIE: StaticDuplicateObject took: (0.003354s)
[2018.11.04-05.45.32:851][237]LogAIModule: Creating AISystem for world TestingSN
[2018.11.04-05.45.32:851][237]LogPlayLevel: PIE: World Init took: (0.000669s)
[2018.11.04-05.45.32:851][237]LogPlayLevel: PIE: Created PIE world by copying editor world from /Game/Maps/TestingSN.TestingSN to /Game/Maps/UEDPIE_0_TestingSN.TestingSN (0.004226s)
[2018.11.04-05.45.32:851][237]LogLoad: Game class is 'ThirdPersonGameMode_C'
[2018.11.04-05.45.32:853][237]LogWorld: Bringing World /Game/Maps/UEDPIE_0_TestingSN.TestingSN up for play (max tick rate 0) at 2018.11.04-16.45.32
[2018.11.04-05.45.32:854][237]LogWorld: Bringing up level for play took: 0.002033
[2018.11.04-05.45.32:855][237]PIE: Error: SetInputMode_GameOnly expects a valid player controller as 'PlayerController' target
[2018.11.04-05.45.32:855][237]LogLoad: Took 0.041247 seconds to LoadMap(/Game/Maps/UEDPIE_0_TestingSN)
[2018.11.04-05.45.35:543][540]LogSlate: Updating window title bar state: overlay mode, drag disabled, window buttons hidden, title bar hidden
[2018.11.04-05.45.35:577][540]LogPlayLevel: Display: Shutting down PIE online subsystems
[2018.11.04-05.45.35:609][540]LogSlate: Updating window title bar state: overlay mode, drag disabled, window buttons hidden, title bar hidden
[2018.11.04-05.45.35:648][542]LogPlayLevel: Display: Destroying online subsystem :Context_10
[2018.11.04-05.45.52:860][783]LogSlate: FSceneViewport::OnFocusLost() reason 0
[2018.11.04-05.45.57:832][370]LogSavePackage: Moving '../../../../../../Users/Steven/Desktop/Github projects/GPG210-Prototypes/PlatformerPrototype/Saved/Hud1ADE4BC8E468F2A19BCC93EBC21093420.tmp' to '../../../../../../Users/Steven/Desktop/Github projects/GPG210-Prototypes/PlatformerPrototype/Content/ThirdPersonBP/Blueprints/Hud1.uasset'
[2018.11.04-05.45.58:846][490]BlueprintLog: New page: Compile Hud1
[2018.11.04-05.46.01:209][752]LogTemp: Repeating last play command: Selected Viewport
[2018.11.04-05.46.01:236][752]LogPlayLevel: PlayLevel: No blueprints needed recompiling
[2018.11.04-05.46.01:236][752]PIE: New page: PIE session: TestingSN (5 Nov 2018 3:46:01 am)
[2018.11.04-05.46.01:236][752]LogPlayLevel: Creating play world package: /Game/Maps/UEDPIE_0_TestingSN
[2018.11.04-05.46.01:240][752]LogPlayLevel: PIE: StaticDuplicateObject took: (0.003513s)
[2018.11.04-05.46.01:241][752]LogAIModule: Creating AISystem for world TestingSN
[2018.11.04-05.46.01:241][752]LogPlayLevel: PIE: World Init took: (0.000711s)
[2018.11.04-05.46.01:241][752]LogPlayLevel: PIE: Created PIE world by copying editor world from /Game/Maps/TestingSN.TestingSN to /Game/Maps/UEDPIE_0_TestingSN.TestingSN (0.004396s)
[2018.11.04-05.46.01:274][752]LogInit: XAudio2 using 'Speakers (Realtek High Definition Audio)' : 2 channels at 48 kHz using 32 bits per sample (channel mask 0x3)
[2018.11.04-05.46.01:284][752]LogInit: FAudioDevice initialized.
[2018.11.04-05.46.01:315][752]LogLoad: Game class is 'ThirdPersonGameMode_C'
[2018.11.04-05.46.01:317][752]LogWorld: Bringing World /Game/Maps/UEDPIE_0_TestingSN.TestingSN up for play (max tick rate 0) at 2018.11.04-16.46.01
[2018.11.04-05.46.01:318][752]LogWorld: Bringing up level for play took: 0.001895
[2018.11.04-05.46.01:332][752]PIE: Play in editor start time for /Game/Maps/UEDPIE_0_TestingSN 0.888
[2018.11.04-05.46.02:333][869]LogNet: Browse: /Game/Maps/TestingSN
[2018.11.04-05.46.02:333][869]LogLoad: LoadMap: /Game/Maps/TestingSN
[2018.11.04-05.46.02:365][869]LogPlayLevel: Creating play world package: /Game/Maps/UEDPIE_0_TestingSN
[2018.11.04-05.46.02:368][869]LogPlayLevel: PIE: StaticDuplicateObject took: (0.002900s)
[2018.11.04-05.46.02:368][869]LogAIModule: Creating AISystem for world TestingSN
[2018.11.04-05.46.02:368][869]LogPlayLevel: PIE: World Init took: (0.000578s)
[2018.11.04-05.46.02:368][869]LogPlayLevel: PIE: Created PIE world by copying editor world from /Game/Maps/TestingSN.TestingSN to /Game/Maps/UEDPIE_0_TestingSN.TestingSN (0.003644s)
[2018.11.04-05.46.02:368][869]LogLoad: Game class is 'ThirdPersonGameMode_C'
[2018.11.04-05.46.02:370][869]LogWorld: Bringing World /Game/Maps/UEDPIE_0_TestingSN.TestingSN up for play (max tick rate 0) at 2018.11.04-16.46.02
[2018.11.04-05.46.02:371][869]LogWorld: Bringing up level for play took: 0.001671
[2018.11.04-05.46.02:372][869]LogLoad: Took 0.039222 seconds to LoadMap(/Game/Maps/UEDPIE_0_TestingSN)
[2018.11.04-05.46.08:176][424]LogBlueprintUserMessages: [Bp_Key2_6] Key get
[2018.11.04-05.46.13:727][770]LogSlate: Updating window title bar state: overlay mode, drag disabled, window buttons hidden, title bar hidden
[2018.11.04-05.46.13:762][770]LogPlayLevel: Display: Shutting down PIE online subsystems
[2018.11.04-05.46.13:794][770]LogSlate: Updating window title bar state: overlay mode, drag disabled, window buttons hidden, title bar hidden
[2018.11.04-05.46.13:822][771]LogPlayLevel: Display: Destroying online subsystem :Context_11
[2018.11.04-05.46.38:243][880]LogSlate: FSceneViewport::OnFocusLost() reason 2
[2018.11.04-05.46.44:800][151]LogTemp: Repeating last play command: Selected Viewport
[2018.11.04-05.46.44:829][151]LogPlayLevel: PlayLevel: No blueprints needed recompiling
[2018.11.04-05.46.44:829][151]PIE: New page: PIE session: TestingSN (5 Nov 2018 3:46:44 am)
[2018.11.04-05.46.44:829][151]LogPlayLevel: Creating play world package: /Game/Maps/UEDPIE_0_TestingSN
[2018.11.04-05.46.44:832][151]LogPlayLevel: PIE: StaticDuplicateObject took: (0.003146s)
[2018.11.04-05.46.44:833][151]LogAIModule: Creating AISystem for world TestingSN
[2018.11.04-05.46.44:833][151]LogPlayLevel: PIE: World Init took: (0.000702s)
[2018.11.04-05.46.44:833][151]LogPlayLevel: PIE: Created PIE world by copying editor world from /Game/Maps/TestingSN.TestingSN to /Game/Maps/UEDPIE_0_TestingSN.TestingSN (0.003978s)
[2018.11.04-05.46.44:861][151]LogInit: XAudio2 using 'Speakers (Realtek High Definition Audio)' : 2 channels at 48 kHz using 32 bits per sample (channel mask 0x3)
[2018.11.04-05.46.44:872][151]LogInit: FAudioDevice initialized.
[2018.11.04-05.46.44:905][151]LogLoad: Game class is 'ThirdPersonGameMode_C'
[2018.11.04-05.46.44:908][151]LogWorld: Bringing World /Game/Maps/UEDPIE_0_TestingSN.TestingSN up for play (max tick rate 0) at 2018.11.04-16.46.44
[2018.11.04-05.46.44:908][151]LogWorld: Bringing up level for play took: 0.002364
[2018.11.04-05.46.44:922][151]PIE: Play in editor start time for /Game/Maps/UEDPIE_0_TestingSN 0.478
[2018.11.04-05.46.46:176][297]LogSlate: FSceneViewport::OnFocusLost() reason 0
[2018.11.04-05.46.46:279][309]LogNet: Browse: /Game/Maps/TestingSN
[2018.11.04-05.46.46:279][309]LogLoad: LoadMap: /Game/Maps/TestingSN
[2018.11.04-05.46.46:311][309]LogPlayLevel: Creating play world package: /Game/Maps/UEDPIE_0_TestingSN
[2018.11.04-05.46.46:314][309]LogPlayLevel: PIE: StaticDuplicateObject took: (0.002814s)
[2018.11.04-05.46.46:314][309]LogAIModule: Creating AISystem for world TestingSN
[2018.11.04-05.46.46:315][309]LogPlayLevel: PIE: World Init took: (0.000533s)
[2018.11.04-05.46.46:315][309]LogPlayLevel: PIE: Created PIE world by copying editor world from /Game/Maps/TestingSN.TestingSN to /Game/Maps/UEDPIE_0_TestingSN.TestingSN (0.003487s)
[2018.11.04-05.46.46:315][309]LogLoad: Game class is 'ThirdPersonGameMode_C'
[2018.11.04-05.46.46:317][309]LogWorld: Bringing World /Game/Maps/UEDPIE_0_TestingSN.TestingSN up for play (max tick rate 0) at 2018.11.04-16.46.46
[2018.11.04-05.46.46:317][309]LogWorld: Bringing up level for play took: 0.001778
[2018.11.04-05.46.46:319][309]LogLoad: Took 0.039653 seconds to LoadMap(/Game/Maps/UEDPIE_0_TestingSN)
[2018.11.04-05.46.52:156][866]LogBlueprintUserMessages: [Bp_Key2_6] Key get
[2018.11.04-05.46.56:185][122]LogSlate: Updating window title bar state: overlay mode, drag disabled, window buttons hidden, title bar hidden
[2018.11.04-05.46.56:221][122]LogPlayLevel: Display: Shutting down PIE online subsystems
[2018.11.04-05.46.56:255][122]LogSlate: Updating window title bar state: overlay mode, drag disabled, window buttons hidden, title bar hidden
[2018.11.04-05.46.56:283][123]LogPlayLevel: Display: Destroying online subsystem :Context_12
[2018.11.04-05.46.57:620][280]LogSlate: FSceneViewport::OnFocusLost() reason 0
[2018.11.04-05.47.02:357][777]LogSlate: FSceneViewport::OnFocusLost() reason 0
[2018.11.04-05.47.13:919][ 31]LogEditorViewport: Clicking on Actor (LMB): BP_FallingPlatform_C (BP_FallingPlatform)
[2018.11.04-05.47.15:012][153]LogEditorViewport: Clicking on Actor (LMB): BP_Coin_C (BP_Coin)
[2018.11.04-05.47.16:270][290]LogSlate: FSceneViewport::OnFocusLost() reason 0
[2018.11.04-05.47.22:268][980]LogEditorViewport: Clicking on Actor (LMB): StaticMeshActor (Walll1)
[2018.11.04-05.47.23:135][ 56]LogEditorViewport: Clicking on Actor (LMB): BP_Coin_C (BP_Coin)
[2018.11.04-05.47.24:054][157]LogSlate: FSceneViewport::OnFocusLost() reason 0
[2018.11.04-05.47.30:727][929]LogEditorViewport: Clicking on Actor (LMB): StaticMeshActor (Cube6)
[2018.11.04-05.47.31:245][981]LogEditorViewport: Clicking on Actor (LMB): BP_Coin_C (BP_Coin)
[2018.11.04-05.47.34:219][319]Cmd: EDIT COPY
[2018.11.04-05.47.35:352][447]Cmd: EDIT PASTE
[2018.11.04-05.47.36:478][571]Cmd: EDIT PASTE
[2018.11.04-05.47.36:859][613]Cmd: EDIT PASTE
[2018.11.04-05.47.37:192][648]Cmd: EDIT PASTE
[2018.11.04-05.47.37:546][686]Cmd: EDIT PASTE
[2018.11.04-05.47.40:613][ 13]LogSlate: FSceneViewport::OnFocusLost() reason 0
[2018.11.04-05.47.43:008][292]LogEditorViewport: Clicking on Actor (LMB): BP_SpinningPlatform_C (SpinningPlatform)
[2018.11.04-05.47.43:926][389]LogEditorViewport: Clicking on Actor (LMB): BP_Coin_C (BP_Coin5)
[2018.11.04-05.47.44:754][479]LogSlate: FSceneViewport::OnFocusLost() reason 0
[2018.11.04-05.47.48:148][870]LogEditorViewport: Clicking on Actor (LMB): BP_FallingPlatform_C (BP_FallingPlatform)
[2018.11.04-05.47.49:194][987]LogEditorViewport: Clicking on Actor (LMB): BP_Coin_C (BP_Coin4)
[2018.11.04-05.47.50:151][ 92]LogSlate: FSceneViewport::OnFocusLost() reason 0
[2018.11.04-05.47.56:577][832]LogEditorViewport: Clicking on Actor (LMB): BP_Void_C (BP_Void)
[2018.11.04-05.47.59:748][143]LogEditorViewport: Clicking on Actor (LMB): BP_Coin_C (BP_Coin3)
[2018.11.04-05.48.01:031][284]LogSlate: FSceneViewport::OnFocusLost() reason 0
[2018.11.04-05.48.03:125][526]LogEditorViewport: Clicking on Actor (LMB): BP_Void_C (BP_Void)
[2018.11.04-05.48.11:508][193]LogSlate: FSceneViewport::OnFocusLost() reason 2
[2018.11.04-05.48.13:896][402]LogEditorViewport: Clicking on Actor (LMB): BP_Coin_C (BP_Coin5)
[2018.11.04-05.48.14:890][513]Cmd: EDIT COPY
[2018.11.04-05.48.15:138][539]Cmd: EDIT PASTE
[2018.11.04-05.48.32:470][ 41]LogSlate: FSceneViewport::OnFocusLost() reason 2
[2018.11.04-05.48.59:322][210]LogSavePackage: Moving '../../../../../../Users/Steven/Desktop/Github projects/GPG210-Prototypes/PlatformerPrototype/Saved/TestingSN_Auto160CE66D345CF43C212B786AF332F7AD4.tmp' to '../../../../../../Users/Steven/Desktop/Github projects/GPG210-Prototypes/PlatformerPrototype/Saved/Autosaves/Game/Maps/TestingSN_Auto1.umap'
[2018.11.04-05.48.59:326][210]LogFileHelpers: Editor autosave (incl. sublevels) for '/Game/Maps/TestingSN' took 0.121
[2018.11.04-05.48.59:326][210]LogFileHelpers: Editor autosave (incl. sublevels) for all levels took 0.121
[2018.11.04-05.49.12:179][590]LogSlate: Window 'Save Content' being destroyed
[2018.11.04-05.49.12:383][590]LogSavePackage: Moving '../../../../../../Users/Steven/Desktop/Github projects/GPG210-Prototypes/PlatformerPrototype/Saved/TestingSNDA95BEE14F86257D2DEE48B738273B59.tmp' to '../../../../../../Users/Steven/Desktop/Github projects/GPG210-Prototypes/PlatformerPrototype/Content/Maps/TestingSN.umap'
[2018.11.04-05.49.12:425][590]LogFileHelpers: Saving map 'TestingSN' took 0.234
[2018.11.04-05.49.12:602][590]LogSlate: Window 'PlatformerPrototype - Unreal Editor' being destroyed
[2018.11.04-05.49.12:781][591]Cmd: QUIT_EDITOR
[2018.11.04-05.49.13:668][591]LogWindowsTextInputMethodSystem: Display: IME system now deactivated.
[2018.11.04-05.49.13:719][591]LogExit: Preparing to exit.
[2018.11.04-05.49.14:917][591]LogExit: Editor shut down
[2018.11.04-05.49.14:917][591]LogExit: Transaction tracking system shut down
[2018.11.04-05.49.15:367][591]LogExit: Object subsystem successfully closed.
[2018.11.04-05.49.15:384][591]LogShaderCompilers: Display: Shaders left to compile 0
[2018.11.04-05.49.15:390][591]LogD3D11RHI: Shutdown
[2018.11.04-05.49.15:390][591]LogD3D11RHI: CleanupD3DDevice
[2018.11.04-05.49.15:394][591]LogD3D11RHI: ~FD3D11DynamicRHI
[2018.11.04-05.49.15:433][591]LogModuleManager: Shutting down and abandoning module SequencerWidgets (618)
[2018.11.04-05.49.15:433][591]LogModuleManager: Shutting down and abandoning module BlueprintGraph (616)
[2018.11.04-05.49.15:433][591]LogModuleManager: Shutting down and abandoning module MovieSceneCapture (614)
[2018.11.04-05.49.15:433][591]LogModuleManager: Shutting down and abandoning module Voice (612)
[2018.11.04-05.49.15:433][591]LogModuleManager: Shutting down and abandoning module HierarchicalLODOutliner (610)
[2018.11.04-05.49.15:433][591]LogModuleManager: Shutting down and abandoning module SceneOutliner (608)
[2018.11.04-05.49.15:433][591]LogModuleManager: Shutting down and abandoning module AddContentDialog (606)
[2018.11.04-05.49.15:434][591]LogModuleManager: Shutting down and abandoning module WidgetCarousel (605)
[2018.11.04-05.49.15:434][591]LogModuleManager: Shutting down and abandoning module EditorWidgets (602)
[2018.11.04-05.49.15:434][591]LogModuleManager: Shutting down and abandoning module CollectionManager (600)
[2018.11.04-05.49.15:434][591]LogModuleManager: Shutting down and abandoning module StatsViewer (598)
[2018.11.04-05.49.15:434][591]LogModuleManager: Shutting down and abandoning module FoliageEdit (596)
[2018.11.04-05.49.15:434][591]LogModuleManager: Shutting down and abandoning module LandscapeEditor (594)
[2018.11.04-05.49.15:434][591]LogModuleManager: Shutting down and abandoning module MeshPaintMode (592)
[2018.11.04-05.49.15:434][591]LogModuleManager: Shutting down and abandoning module SceneDepthPickerMode (590)
[2018.11.04-05.49.15:434][591]LogModuleManager: Shutting down and abandoning module ActorPickerMode (588)
[2018.11.04-05.49.15:434][591]LogModuleManager: Shutting down and abandoning module GeometryMode (586)
[2018.11.04-05.49.15:434][591]LogModuleManager: Shutting down and abandoning module TextureAlignMode (584)
[2018.11.04-05.49.15:434][591]LogModuleManager: Shutting down and abandoning module BspMode (582)
[2018.11.04-05.49.15:434][591]LogModuleManager: Shutting down and abandoning module PIEPreviewDeviceProfileSelector (580)
[2018.11.04-05.49.15:434][591]LogModuleManager: Shutting down and abandoning module SequenceRecorderSections (578)
[2018.11.04-05.49.15:434][591]LogModuleManager: Shutting down and abandoning module AutomationWorker (576)
[2018.11.04-05.49.15:434][591]LogModuleManager: Shutting down and abandoning module AudioCaptureEditor (574)
[2018.11.04-05.49.15:434][591]LogModuleManager: Shutting down and abandoning module SequenceRecorder (573)
[2018.11.04-05.49.15:434][591]LogModuleManager: Shutting down and abandoning module MatineeToLevelSequence (570)
[2018.11.04-05.49.15:434][591]LogModuleManager: Shutting down and abandoning module LevelSequenceEditor (568)
[2018.11.04-05.49.15:434][591]LogModuleManager: Shutting down and abandoning module PlacementMode (567)
[2018.11.04-05.49.15:434][591]LogModuleManager: Shutting down and abandoning module MaterialEditor (566)
[2018.11.04-05.49.15:434][591]LogModuleManager: Shutting down and abandoning module WmfMediaFactory (562)
[2018.11.04-05.49.15:434][591]LogModuleManager: Shutting down and abandoning module WmfMediaEditor (560)
[2018.11.04-05.49.15:434][591]LogModuleManager: Shutting down and abandoning module MediaPlayerEditor (558)
[2018.11.04-05.49.15:434][591]LogModuleManager: Shutting down and abandoning module OpenExrWrapper (556)
[2018.11.04-05.49.15:434][591]LogModuleManager: Shutting down and abandoning module ImgMediaFactory (554)
[2018.11.04-05.49.15:434][591]LogModuleManager: Shutting down and abandoning module ImgMediaEditor (552)
[2018.11.04-05.49.15:434][591]LogModuleManager: Shutting down and abandoning module AvfMediaFactory (550)
[2018.11.04-05.49.15:434][591]LogModuleManager: Shutting down and abandoning module AvfMediaEditor (548)
[2018.11.04-05.49.15:435][591]LogModuleManager: Shutting down and abandoning module AndroidMediaFactory (546)
[2018.11.04-05.49.15:435][591]LogModuleManager: Shutting down and abandoning module AndroidMediaEditor (544)
[2018.11.04-05.49.15:435][591]LogModuleManager: Shutting down and abandoning module MagicLeapCameraPreviewFactory (542)
[2018.11.04-05.49.15:435][591]LogModuleManager: Shutting down and abandoning module MagicLeapMediaFactory (540)
[2018.11.04-05.49.15:435][591]LogModuleManager: Shutting down and abandoning module MagicLeapMediaEditor (538)
[2018.11.04-05.49.15:435][591]LogModuleManager: Shutting down and abandoning module CharacterAI (536)
[2018.11.04-05.49.15:435][591]LogModuleManager: Shutting down and abandoning module SmartSnapping (534)
[2018.11.04-05.49.15:435][591]LogModuleManager: Shutting down and abandoning module SessionServices (532)
[2018.11.04-05.49.15:435][591]LogModuleManager: Shutting down and abandoning module ViewportSnapping (530)
[2018.11.04-05.49.15:435][591]LogModuleManager: Shutting down and abandoning module ViewportInteraction (528)
[2018.11.04-05.49.15:435][591]LogModuleManager: Shutting down and abandoning module ClothPainter (526)
[2018.11.04-05.49.15:435][591]LogModuleManager: Shutting down and abandoning module SkeletalMeshEditor (525)
[2018.11.04-05.49.15:435][591]LogModuleManager: Shutting down and abandoning module LogVisualizer (522)
[2018.11.04-05.49.15:435][591]LogModuleManager: Shutting down and abandoning module IntroTutorials (520)
[2018.11.04-05.49.15:435][591]LogModuleManager: Shutting down and abandoning module GameProjectGeneration (519)
[2018.11.04-05.49.15:435][591]LogModuleManager: Shutting down and abandoning module LuminPlatformEditor (516)
[2018.11.04-05.49.15:435][591]LogModuleManager: Shutting down and abandoning module IOSPlatformEditor (514)
[2018.11.04-05.49.15:435][591]LogModuleManager: Shutting down and abandoning module HTML5PlatformEditor (512)
[2018.11.04-05.49.15:435][591]LogModuleManager: Shutting down and abandoning module AndroidPlatformEditor (510)
[2018.11.04-05.49.15:435][591]LogModuleManager: Shutting down and abandoning module AndroidDeviceDetection (509)
[2018.11.04-05.49.16:213][591]LogModuleManager: Shutting down and abandoning module WindowsPlatformEditor (506)
[2018.11.04-05.49.16:213][591]LogModuleManager: Shutting down and abandoning module LuminRuntimeSettings (504)
[2018.11.04-05.49.16:213][591]LogModuleManager: Shutting down and abandoning module IOSRuntimeSettings (502)
[2018.11.04-05.49.16:213][591]LogModuleManager: Shutting down and abandoning module AndroidRuntimeSettings (500)
[2018.11.04-05.49.16:213][591]LogModuleManager: Shutting down and abandoning module InputBindingEditor (498)
[2018.11.04-05.49.16:213][591]LogModuleManager: Shutting down and abandoning module MergeActors (496)
[2018.11.04-05.49.16:213][591]LogModuleManager: Shutting down and abandoning module LocalizationDashboard (494)
[2018.11.04-05.49.16:213][591]LogModuleManager: Shutting down and abandoning module LocalizationService (493)
[2018.11.04-05.49.16:213][591]LogModuleManager: Shutting down and abandoning module HardwareTargeting (490)
[2018.11.04-05.49.16:213][591]LogModuleManager: Shutting down and abandoning module DeviceProfileEditor (488)
[2018.11.04-05.49.16:213][591]LogModuleManager: Shutting down and abandoning module UndoHistory (486)
[2018.11.04-05.49.16:213][591]LogModuleManager: Shutting down and abandoning module XmlParser (484)
[2018.11.04-05.49.16:213][591]LogModuleManager: Shutting down and abandoning module Blutility (482)
[2018.11.04-05.49.16:213][591]LogModuleManager: Shutting down and abandoning module ProjectSettingsViewer (480)
[2018.11.04-05.49.16:213][591]LogModuleManager: Shutting down and abandoning module ProjectTargetPlatformEditor (479)
[2018.11.04-05.49.16:214][591]LogModuleManager: Shutting down and abandoning module EditorSettingsViewer (476)
[2018.11.04-05.49.16:214][591]LogModuleManager: Shutting down and abandoning module SettingsEditor (474)
[2018.11.04-05.49.16:214][591]LogModuleManager: Shutting down and abandoning module ProjectLauncher (472)
[2018.11.04-05.49.16:214][591]LogModuleManager: Shutting down and abandoning module SessionFrontend (470)
[2018.11.04-05.49.16:214][591]LogModuleManager: Shutting down and abandoning module ProfilerClient (468)
[2018.11.04-05.49.16:214][591]LogModuleManager: Shutting down and abandoning module DeviceManager (466)
[2018.11.04-05.49.16:214][591]LogModuleManager: Shutting down and abandoning module TargetDeviceServices (465)
[2018.11.04-05.49.16:279][591]LogModuleManager: Shutting down and abandoning module AutomationController (462)
[2018.11.04-05.49.16:279][591]LogModuleManager: Shutting down and abandoning module AutomationWindow (460)
[2018.11.04-05.49.16:279][591]LogModuleManager: Shutting down and abandoning module Layers (458)
[2018.11.04-05.49.16:279][591]LogModuleManager: Shutting down and abandoning module ComponentVisualizers (456)
[2018.11.04-05.49.16:279][591]LogModuleManager: Shutting down and abandoning module DetailCustomizations (454)
[2018.11.04-05.49.16:279][591]LogModuleManager: Shutting down and abandoning module PackagesDialog (452)
[2018.11.04-05.49.16:279][591]LogModuleManager: Shutting down and abandoning module Persona (450)
[2018.11.04-05.49.16:279][591]LogModuleManager: Shutting down and abandoning module AdvancedPreviewScene (449)
[2018.11.04-05.49.16:279][591]LogModuleManager: Shutting down and abandoning module AnimGraph (447)
[2018.11.04-05.49.16:279][591]LogModuleManager: Shutting down and abandoning module Kismet (444)
[2018.11.04-05.49.16:283][591]LogModuleManager: Shutting down and abandoning module GraphEditor (442)
[2018.11.04-05.49.16:284][591]LogModuleManager: Shutting down and abandoning module ClassViewer (440)
[2018.11.04-05.49.16:284][591]LogModuleManager: Shutting down and abandoning module Toolbox (438)
[2018.11.04-05.49.16:284][591]LogModuleManager: Shutting down and abandoning module ModuleUI (436)
[2018.11.04-05.49.16:284][591]LogModuleManager: Shutting down and abandoning module MovieSceneTools (434)
[2018.11.04-05.49.16:284][591]LogModuleManager: Shutting down and abandoning module OutputLog (432)
[2018.11.04-05.49.16:284][591]LogModuleManager: Shutting down and abandoning module GammaUI (430)
[2018.11.04-05.49.16:284][591]LogModuleManager: Shutting down and abandoning module Documentation (428)
[2018.11.04-05.49.16:284][591]LogModuleManager: Shutting down and abandoning module MovieSceneTracks (426)
[2018.11.04-05.49.16:284][591]LogModuleManager: Shutting down and abandoning module MovieScene (424)
[2018.11.04-05.49.16:284][591]LogModuleManager: Shutting down and abandoning module StreamingPauseRendering (422)
[2018.11.04-05.49.16:284][591]LogModuleManager: Shutting down and abandoning module LauncherPlatform (420)
[2018.11.04-05.49.16:284][591]LogModuleManager: Shutting down and abandoning module AnalyticsET (418)
[2018.11.04-05.49.16:284][591]LogModuleManager: Shutting down and abandoning module PortalServices (416)
[2018.11.04-05.49.16:284][591]LogModuleManager: Shutting down and abandoning module PortalRpc (414)
[2018.11.04-05.49.16:284][591]LogModuleManager: Shutting down and abandoning module MessagingRpc (412)
[2018.11.04-05.49.16:284][591]LogModuleManager: Shutting down and abandoning module AIModule (410)
[2018.11.04-05.49.16:284][591]LogModuleManager: Shutting down and abandoning module GameplayDebugger (409)
[2018.11.04-05.49.16:284][591]LogModuleManager: Shutting down and abandoning module AITestSuite (407)
[2018.11.04-05.49.16:284][591]LogModuleManager: Shutting down and abandoning module NavigationSystem (405)
[2018.11.04-05.49.16:284][591]LogModuleManager: Shutting down and abandoning module DesktopPlatform (402)
[2018.11.04-05.49.16:284][591]LogModuleManager: Shutting down and abandoning module ProfilerService (400)
[2018.11.04-05.49.16:465][591]LogModuleManager: Shutting down and abandoning module TaskGraph (398)
[2018.11.04-05.49.16:465][591]LogModuleManager: Shutting down and abandoning module SteamVRController (396)
[2018.11.04-05.49.16:466][591]LogModuleManager: Shutting down and abandoning module ProceduralMeshComponentEditor (394)
[2018.11.04-05.49.16:466][591]LogModuleManager: Shutting down and abandoning module ProceduralMeshComponent (392)
[2018.11.04-05.49.16:466][591]LogModuleManager: Shutting down and abandoning module OculusInput (390)
[2018.11.04-05.49.16:466][591]LogModuleManager: Shutting down and abandoning module MobilePatchingUtils (388)
[2018.11.04-05.49.16:466][591]LogModuleManager: Shutting down and abandoning module EditableMesh (386)
[2018.11.04-05.49.16:466][591]LogModuleManager: Shutting down and abandoning module CustomMeshComponent (384)
[2018.11.04-05.49.16:466][591]LogModuleManager: Shutting down and abandoning module CableComponent (382)
[2018.11.04-05.49.16:466][591]LogModuleManager: Shutting down and abandoning module AudioCapture (380)
[2018.11.04-05.49.16:466][591]LogModuleManager: Shutting down and abandoning module ArchVisCharacter (378)
[2018.11.04-05.49.16:466][591]LogModuleManager: Shutting down and abandoning module AndroidPermission (376)
[2018.11.04-05.49.16:466][591]LogModuleManager: Shutting down and abandoning module NUTUnrealEngine4 (374)
[2018.11.04-05.49.16:466][591]LogModuleManager: Shutting down and abandoning module NetcodeUnitTest (372)
[2018.11.04-05.49.16:467][591]LogModuleManager: Shutting down and abandoning module MediaCompositingEditor (370)
[2018.11.04-05.49.16:467][591]LogModuleManager: Shutting down and abandoning module MediaCompositing (368)
[2018.11.04-05.49.16:467][591]LogModuleManager: Shutting down and abandoning module LinearTimecode (366)
[2018.11.04-05.49.16:467][591]LogModuleManager: Shutting down and abandoning module ImgMedia (364)
[2018.11.04-05.49.16:476][591]LogModuleManager: Shutting down and abandoning module HTML5Networking (362)
[2018.11.04-05.49.16:476][591]LogModuleManager: Shutting down and abandoning module GeometryCacheTracks (360)
[2018.11.04-05.49.16:477][591]LogModuleManager: Shutting down and abandoning module GeometryCacheSequencer (358)
[2018.11.04-05.49.16:477][591]LogModuleManager: Shutting down and abandoning module BackChannel (356)
[2018.11.04-05.49.16:477][591]LogModuleManager: Shutting down and abandoning module AppleVision (354)
[2018.11.04-05.49.16:477][591]LogModuleManager: Shutting down and abandoning module AppleImageUtils (352)
[2018.11.04-05.49.16:477][591]LogModuleManager: Shutting down and abandoning module AlembicImporter (350)
[2018.11.04-05.49.16:477][591]LogModuleManager: Shutting down and abandoning module AlembicLibrary (349)
[2018.11.04-05.49.16:477][591]LogModuleManager: Shutting down and abandoning module GeometryCache (348)
[2018.11.04-05.49.16:477][591]LogModuleManager: Shutting down and abandoning module GeometryCacheEd (347)
[2018.11.04-05.49.16:477][591]LogModuleManager: Shutting down and abandoning module DatasmithContentEditor (342)
[2018.11.04-05.49.16:477][591]LogModuleManager: Shutting down and abandoning module DatasmithContent (340)
[2018.11.04-05.49.16:479][591]LogModuleManager: Shutting down and abandoning module SpeedTreeImporter (338)
[2018.11.04-05.49.16:479][591]LogModuleManager: Shutting down and abandoning module PluginBrowser (336)
[2018.11.04-05.49.16:479][591]LogModuleManager: Shutting down and abandoning module MobileLauncherProfileWizard (334)
[2018.11.04-05.49.16:479][591]LogModuleManager: Shutting down and abandoning module PolygonModeling (332)
[2018.11.04-05.49.16:479][591]LogModuleManager: Shutting down and abandoning module MeshEditor (330)
[2018.11.04-05.49.16:479][591]LogModuleManager: Shutting down and abandoning module CryptoKeysOpenSSL (328)
[2018.11.04-05.49.16:479][591]LogModuleManager: Shutting down and abandoning module CryptoKeys (326)
[2018.11.04-05.49.16:479][591]LogModuleManager: Shutting down and abandoning module VisualStudioSourceCodeAccess (324)
[2018.11.04-05.49.16:479][591]LogModuleManager: Shutting down and abandoning module VisualStudioCodeSourceCodeAccess (322)
[2018.11.04-05.49.16:480][591]LogModuleManager: Shutting down and abandoning module UObjectPlugin (320)
[2018.11.04-05.49.16:480][591]LogModuleManager: Shutting down and abandoning module SubversionSourceControl (318)
[2018.11.04-05.49.16:480][591]LogModuleManager: Shutting down and abandoning module PerforceSourceControl (316)
[2018.11.04-05.49.16:480][591]LogModuleManager: Shutting down and abandoning module GitSourceControl (314)
[2018.11.04-05.49.16:480][591]LogModuleManager: Shutting down and abandoning module SourceControl (313)
[2018.11.04-05.49.16:480][591]LogModuleManager: Shutting down and abandoning module CLionSourceCodeAccess (310)
[2018.11.04-05.49.16:480][591]LogModuleManager: Shutting down and abandoning module LightPropagationVolumeEditor (308)
[2018.11.04-05.49.16:480][591]LogModuleManager: Shutting down and abandoning module PaperTiledImporter (306)
[2018.11.04-05.49.16:480][591]LogModuleManager: Shutting down and abandoning module PaperSpriteSheetImporter (304)
[2018.11.04-05.49.16:480][591]LogModuleManager: Shutting down and abandoning module Paper2DEditor (302)
[2018.11.04-05.49.16:481][591]LogModuleManager: Shutting down and abandoning module MeshPaint (301)
[2018.11.04-05.49.16:481][591]LogModuleManager: Shutting down and abandoning module RuntimePhysXCooking (298)
[2018.11.04-05.49.16:481][591]LogModuleManager: Shutting down and abandoning module PhysXVehiclesEditor (296)
[2018.11.04-05.49.16:481][591]LogModuleManager: Shutting down and abandoning module PhysXVehicles (294)
[2018.11.04-05.49.16:481][591]LogModuleManager: Shutting down and abandoning module OculusEditor (292)
[2018.11.04-05.49.16:481][591]LogModuleManager: Shutting down and abandoning module LocationServicesBPLibrary (290)
[2018.11.04-05.49.16:481][591]LogModuleManager: Shutting down and abandoning module ImmediatePhysicsEditor (288)
[2018.11.04-05.49.16:481][591]LogModuleManager: Shutting down and abandoning module ImmediatePhysics (286)
[2018.11.04-05.49.16:481][591]LogModuleManager: Shutting down and abandoning module ActorSequence (284)
[2018.11.04-05.49.16:481][591]LogModuleManager: Shutting down and abandoning module UdpMessaging (282)
[2018.11.04-05.49.16:582][591]LogModuleManager: Shutting down and abandoning module TcpMessaging (280)
[2018.11.04-05.49.16:683][591]LogModuleManager: Shutting down and abandoning module MagicLeapAudio (278)
[2018.11.04-05.49.16:683][591]LogModuleManager: Shutting down and abandoning module GameplayTagsEditor (276)
[2018.11.04-05.49.16:683][591]LogModuleManager: Shutting down and abandoning module FacialAnimationEditor (274)
[2018.11.04-05.49.16:683][591]LogModuleManager: Shutting down and abandoning module FacialAnimation (272)
[2018.11.04-05.49.16:683][591]LogModuleManager: Shutting down and abandoning module DataValidation (270)
[2018.11.04-05.49.16:683][591]LogModuleManager: Shutting down and abandoning module AssetManagerEditor (268)
[2018.11.04-05.49.16:684][591]LogModuleManager: Shutting down and abandoning module LevelEditor (267)
[2018.11.04-05.49.16:686][591]LogModuleManager: Shutting down and abandoning module PixelInspectorModule (266)
[2018.11.04-05.49.16:686][591]LogModuleManager: Shutting down and abandoning module CommonMenuExtensions (264)
[2018.11.04-05.49.16:686][591]LogModuleManager: Shutting down and abandoning module MainFrame (262)
[2018.11.04-05.49.16:687][591]LogModuleManager: Shutting down and abandoning module HotReload (261)
[2018.11.04-05.49.16:688][591]LogModuleManager: Shutting down and abandoning module ContentBrowser (257)
[2018.11.04-05.49.16:691][591]LogModuleManager: Shutting down and abandoning module TreeMap (255)
[2018.11.04-05.49.16:691][591]LogModuleManager: Shutting down and abandoning module LightPropagationVolumeRuntime (252)
[2018.11.04-05.49.16:691][591]LogModuleManager: Shutting down and abandoning module AISupportModule (250)
[2018.11.04-05.49.16:691][591]LogModuleManager: Shutting down and abandoning module Paper2D (248)
[2018.11.04-05.49.16:691][591]LogModuleManager: Shutting down and abandoning module WindowsMoviePlayer (246)
[2018.11.04-05.49.16:691][591]LogModuleManager: Shutting down and abandoning module WmfMedia (244)
[2018.11.04-05.49.16:695][591]LogModuleManager: Shutting down and abandoning module Media (243)
[2018.11.04-05.49.16:703][591]LogModuleManager: Shutting down and abandoning module PacketHandler (240)
[2018.11.04-05.49.16:704][591]LogModuleManager: Shutting down and abandoning module ClothingSystemEditor (238)
[2018.11.04-05.49.16:704][591]LogModuleManager: Shutting down and abandoning module ClothingSystemRuntime (236)
[2018.11.04-05.49.16:704][591]LogModuleManager: Shutting down and abandoning module MediaAssets (234)
[2018.11.04-05.49.16:704][591]LogModuleManager: Shutting down and abandoning module Overlay (232)
[2018.11.04-05.49.16:704][591]LogModuleManager: Shutting down and abandoning module OverlayEditor (231)
[2018.11.04-05.49.16:704][591]LogModuleManager: Shutting down and abandoning module VREditor (228)
[2018.11.04-05.49.16:704][591]LogModuleManager: Shutting down and abandoning module StringTableEditor (226)
[2018.11.04-05.49.16:704][591]LogModuleManager: Shutting down and abandoning module GameplayTasksEditor (224)
[2018.11.04-05.49.16:704][591]LogModuleManager: Shutting down and abandoning module BehaviorTreeEditor (222)
[2018.11.04-05.49.16:704][591]LogModuleManager: Shutting down and abandoning module FunctionalTesting (220)
[2018.11.04-05.49.16:704][591]LogModuleManager: Shutting down and abandoning module CollisionAnalyzer (218)
[2018.11.04-05.49.16:704][591]LogModuleManager: Shutting down and abandoning module WorkspaceMenuStructure (217)
[2018.11.04-05.49.16:705][591]LogModuleManager: Shutting down and abandoning module UMG (214)
[2018.11.04-05.49.16:705][591]LogModuleManager: Shutting down and abandoning module UMGEditor (213)
[2018.11.04-05.49.16:705][591]LogModuleManager: Shutting down and abandoning module Sequencer (212)
[2018.11.04-05.49.16:705][591]LogModuleManager: Shutting down and abandoning module MessageLog (209)
[2018.11.04-05.49.16:705][591]LogModuleManager: Shutting down and abandoning module SlateReflector (204)
[2018.11.04-05.49.16:705][591]LogModuleManager: Shutting down and abandoning module Slate (202)
[2018.11.04-05.49.16:705][591]LogModuleManager: Shutting down and abandoning module EditorStyle (200)
[2018.11.04-05.49.16:711][591]LogModuleManager: Shutting down and abandoning module MRMesh (198)
[2018.11.04-05.49.16:711][591]LogModuleManager: Shutting down and abandoning module SourceCodeAccess (196)
[2018.11.04-05.49.16:711][591]LogModuleManager: Shutting down and abandoning module HeadMountedDisplay (194)
[2018.11.04-05.49.16:712][591]LogModuleManager: Shutting down and abandoning module XAudio2 (192)
[2018.11.04-05.49.16:712][591]LogModuleManager: Shutting down and abandoning module Networking (190)
[2018.11.04-05.49.16:712][591]LogModuleManager: Shutting down and abandoning module Core (188)
[2018.11.04-05.49.16:712][591]LogModuleManager: Shutting down and abandoning module LevelSequence (186)
[2018.11.04-05.49.16:712][591]LogModuleManager: Shutting down and abandoning module KismetCompiler (184)
[2018.11.04-05.49.16:712][591]LogModuleManager: Shutting down and abandoning module MeshUtilities (182)
[2018.11.04-05.49.16:712][591]LogModuleManager: Shutting down and abandoning module MeshMergeUtilities (181)
[2018.11.04-05.49.16:712][591]LogModuleManager: Shutting down and abandoning module MeshReductionInterface (180)
[2018.11.04-05.49.16:712][591]LogModuleManager: Shutting down and abandoning module SimplygonSwarm (179)
[2018.11.04-05.49.16:712][591]LogModuleManager: Shutting down and abandoning module ProxyLODMeshReduction (177)
[2018.11.04-05.49.16:712][591]LogModuleManager: Shutting down and abandoning module SimplygonMeshReduction (175)
[2018.11.04-05.49.16:712][591]LogModuleManager: Shutting down and abandoning module QuadricMeshReduction (173)
[2018.11.04-05.49.16:713][591]LogModuleManager: Shutting down and abandoning module MaterialBaking (169)
[2018.11.04-05.49.16:713][591]LogModuleManager: Shutting down and abandoning module DirectoryWatcher (165)
[2018.11.04-05.49.16:713][591]LogModuleManager: Shutting down and abandoning module DerivedDataCache (162)
[2018.11.04-05.49.16:718][591]LogDerivedDataCache: Shutdown
[2018.11.04-05.49.16:718][591]LogModuleManager: Shutting down and abandoning module XGEController (160)
[2018.11.04-05.49.16:719][591]LogXGEController: Cleaning working directory: C:/Users/Steven/AppData/Local/Temp/UnrealXGEWorkingDir/
[2018.11.04-05.49.16:719][591]LogModuleManager: Shutting down and abandoning module TargetPlatform (158)
[2018.11.04-05.49.16:719][591]LogModuleManager: Shutting down and abandoning module VulkanShaderFormat (157)
[2018.11.04-05.49.16:719][591]LogModuleManager: Shutting down and abandoning module ShaderFormatVectorVM (155)
[2018.11.04-05.49.16:719][591]LogModuleManager: Shutting down and abandoning module ShaderFormatOpenGL (153)
[2018.11.04-05.49.16:719][591]LogModuleManager: Shutting down and abandoning module ShaderFormatD3D (151)
[2018.11.04-05.49.16:719][591]LogModuleManager: Shutting down and abandoning module MetalShaderFormat (149)
[2018.11.04-05.49.16:720][591]LogModuleManager: Shutting down and abandoning module TextureFormatUncompressed (147)
[2018.11.04-05.49.16:720][591]LogModuleManager: Shutting down and abandoning module TextureFormatPVR (145)
[2018.11.04-05.49.16:720][591]LogModuleManager: Shutting down and abandoning module TextureFormatDXT (143)
[2018.11.04-05.49.16:720][591]LogModuleManager: Shutting down and abandoning module TextureFormatIntelISPCTexComp (141)
[2018.11.04-05.49.16:720][591]LogModuleManager: Shutting down and abandoning module TextureFormatASTC (139)
[2018.11.04-05.49.16:720][591]LogModuleManager: Shutting down and abandoning module ImageWrapper (138)
[2018.11.04-05.49.16:720][591]LogModuleManager: Shutting down and abandoning module TextureFormatAndroid (135)
[2018.11.04-05.49.16:720][591]LogModuleManager: Shutting down and abandoning module AudioFormatOpus (133)
[2018.11.04-05.49.16:720][591]LogModuleManager: Shutting down and abandoning module AudioFormatOgg (131)
[2018.11.04-05.49.16:720][591]LogModuleManager: Shutting down and abandoning module AudioFormatADPCM (129)
[2018.11.04-05.49.16:720][591]LogModuleManager: Shutting down and abandoning module LuminTargetPlatform (127)
[2018.11.04-05.49.16:721][591]LogModuleManager: Shutting down and abandoning module LinuxTargetPlatform (125)
[2018.11.04-05.49.16:721][591]LogModuleManager: Shutting down and abandoning module LinuxServerTargetPlatform (123)
[2018.11.04-05.49.16:721][591]LogModuleManager: Shutting down and abandoning module LinuxNoEditorTargetPlatform (121)
[2018.11.04-05.49.16:721][591]LogModuleManager: Shutting down and abandoning module LinuxClientTargetPlatform (119)
[2018.11.04-05.49.16:721][591]LogModuleManager: Shutting down and abandoning module TVOSTargetPlatform (117)
[2018.11.04-05.49.16:723][591]LogModuleManager: Shutting down and abandoning module Messaging (115)
[2018.11.04-05.49.16:723][591]LogModuleManager: Shutting down and abandoning module IOSTargetPlatform (113)
[2018.11.04-05.49.16:726][591]LogModuleManager: Shutting down and abandoning module HTML5TargetPlatform (111)
[2018.11.04-05.49.16:726][591]LogModuleManager: Shutting down and abandoning module AndroidTargetPlatform (109)
[2018.11.04-05.49.16:746][591]LogModuleManager: Shutting down and abandoning module WindowsTargetPlatform (107)
[2018.11.04-05.49.16:746][591]LogModuleManager: Shutting down and abandoning module WindowsServerTargetPlatform (105)
[2018.11.04-05.49.16:746][591]LogModuleManager: Shutting down and abandoning module WindowsNoEditorTargetPlatform (103)
[2018.11.04-05.49.16:746][591]LogModuleManager: Shutting down and abandoning module WindowsClientTargetPlatform (101)
[2018.11.04-05.49.16:746][591]LogModuleManager: Shutting down and abandoning module MacTargetPlatform (99)
[2018.11.04-05.49.16:746][591]LogModuleManager: Shutting down and abandoning module MacServerTargetPlatform (97)
[2018.11.04-05.49.16:746][591]LogModuleManager: Shutting down and abandoning module MacNoEditorTargetPlatform (95)
[2018.11.04-05.49.16:746][591]LogModuleManager: Shutting down and abandoning module MacClientTargetPlatform (93)
[2018.11.04-05.49.16:746][591]LogModuleManager: Shutting down and abandoning module AllDesktopTargetPlatform (91)
[2018.11.04-05.49.16:746][591]LogModuleManager: Shutting down and abandoning module InputCore (88)
[2018.11.04-05.49.16:746][591]LogModuleManager: Shutting down and abandoning module Settings (86)
[2018.11.04-05.49.16:746][591]LogModuleManager: Shutting down and abandoning module PhysXCooking (84)
[2018.11.04-05.49.16:747][591]LogModuleManager: Shutting down and abandoning module SteamVR (82)
[2018.11.04-05.49.16:747][591]LogModuleManager: Shutting down and abandoning module OculusHMD (80)
[2018.11.04-05.49.16:747][591]LogModuleManager: Shutting down and abandoning module ExampleDeviceProfileSelector (78)
[2018.11.04-05.49.16:747][591]LogModuleManager: Shutting down and abandoning module LauncherChunkInstaller (76)
[2018.11.04-05.49.16:747][591]LogModuleManager: Shutting down and abandoning module OnlineBlueprintSupport (74)
[2018.11.04-05.49.16:747][591]LogModuleManager: Shutting down and abandoning module OnlineSubsystem (70)
[2018.11.04-05.49.16:749][591]LogModuleManager: Shutting down and abandoning module XMPP (65)
[2018.11.04-05.49.16:749][591]LogModuleManager: Shutting down and abandoning module WebSockets (64)
[2018.11.04-05.49.16:773][591]LogModuleManager: Shutting down and abandoning module HTTP (61)
[2018.11.04-05.49.16:773][591]LogHttp: Display: Http module shutting down, but needs to wait on 1 outstanding Http requests:
[2018.11.04-05.49.16:773][591]LogHttp: Display: 	verb=[POST] url=[https://datarouter.ol.epicgames.com/datarouter/api/v1/public/data?SessionID=%7B78645E97-406B-4164-CC64-46A7132F450C%7D&AppID=UEEditor.Rocket.Release&AppVersion=4.20.2-4302132%2B%2B%2BUE4%2BRelease-4.20&UserID=3c1ae9a648f9233b98fc7f93e4abcdff%7Ca81745f7fe1e43c0aebc2cdd0fcde771%7C7190fbcb-98d5-450e-b6f1-b57173ac1d43&AppEnvironment=datacollector-binary&UploadType=eteventstream] status=Processing
[2018.11.04-05.49.16:803][591]LogModuleManager: Shutting down and abandoning module SSL (60)
[2018.11.04-05.49.16:807][591]LogModuleManager: Shutting down and abandoning module MagicLeapEmulator (56)
[2018.11.04-05.49.16:807][591]LogModuleManager: Shutting down and abandoning module MagicLeapPrivileges (54)
[2018.11.04-05.49.16:807][591]LogModuleManager: Shutting down and abandoning module MagicLeapIdentity (52)
[2018.11.04-05.49.16:807][591]LogModuleManager: Shutting down and abandoning module MagicLeapHelperVulkan (50)
[2018.11.04-05.49.16:807][591]LogModuleManager: Shutting down and abandoning module MagicLeapHelperOpenGL (48)
[2018.11.04-05.49.16:807][591]LogModuleManager: Shutting down and abandoning module MagicLeapSecureStorage (46)
[2018.11.04-05.49.16:807][591]LogModuleManager: Shutting down and abandoning module MagicLeapGestures (44)
[2018.11.04-05.49.16:807][591]LogModuleManager: Shutting down and abandoning module MagicLeapEyeTracker (42)
[2018.11.04-05.49.16:807][591]LogModuleManager: Shutting down and abandoning module MagicLeapController (40)
[2018.11.04-05.49.16:808][591]LogSlate: Slate User Destroyed.  User Index 0, Is Virtual User: 0
[2018.11.04-05.49.16:808][591]LogModuleManager: Shutting down and abandoning module MagicLeap (38)
[2018.11.04-05.49.16:808][591]LogModuleManager: Shutting down and abandoning module AnimationModifiers (36)
[2018.11.04-05.49.16:809][591]LogModuleManager: Shutting down and abandoning module PropertyEditor (35)
[2018.11.04-05.49.16:809][591]LogModuleManager: Shutting down and abandoning module AudioEditor (32)
[2018.11.04-05.49.16:809][591]LogModuleManager: Shutting down and abandoning module TextureCompressor (30)
[2018.11.04-05.49.16:809][591]LogModuleManager: Shutting down and abandoning module ShaderCore (28)
[2018.11.04-05.49.16:810][591]LogModuleManager: Shutting down and abandoning module Landscape (26)
[2018.11.04-05.49.16:810][591]LogModuleManager: Shutting down and abandoning module SlateRHIRenderer (24)
[2018.11.04-05.49.16:811][591]LogModuleManager: Shutting down and abandoning module OpenGLDrv (22)
[2018.11.04-05.49.16:811][591]LogModuleManager: Shutting down and abandoning module D3D11RHI (20)
[2018.11.04-05.49.16:811][591]LogModuleManager: Shutting down and abandoning module AnimGraphRuntime (18)
[2018.11.04-05.49.16:811][591]LogModuleManager: Shutting down and abandoning module Renderer (16)
[2018.11.04-05.49.16:811][591]LogModuleManager: Shutting down and abandoning module Engine (14)
[2018.11.04-05.49.16:811][591]LogModuleManager: Shutting down and abandoning module CoreUObject (12)
[2018.11.04-05.49.16:811][591]LogModuleManager: Shutting down and abandoning module NetworkFile (10)
[2018.11.04-05.49.16:811][591]LogModuleManager: Shutting down and abandoning module CookedIterativeFile (8)
[2018.11.04-05.49.16:811][591]LogModuleManager: Shutting down and abandoning module StreamingFile (6)
[2018.11.04-05.49.16:812][591]LogModuleManager: Shutting down and abandoning module SandboxFile (4)
[2018.11.04-05.49.16:812][591]LogModuleManager: Shutting down and abandoning module PakFile (2)
[2018.11.04-05.49.16:823][591]LogExit: Exiting.
[2018.11.04-05.49.16:872][591]Log file closed, 11/04/18 16:49:16
