Log file open, 11/12/18 11:58:15
LogWindows: Failed to load 'aqProf.dll' (GetLastError=126)
LogWindows: File 'aqProf.dll' does not exist
LogWindows: Failed to load 'VSPerf140.dll' (GetLastError=126)
LogWindows: File 'VSPerf140.dll' does not exist
LogWindows: Failed to load 'VtuneApi.dll' (GetLastError=126)
LogWindows: File 'VtuneApi.dll' does not exist
LogWindows: Failed to load 'VtuneApi32e.dll' (GetLastError=126)
LogWindows: File 'VtuneApi32e.dll' does not exist
LogInit: Display: Running engine for game: PlatformerPrototype
LogPlatformFile: Not using cached read wrapper
LogTaskGraph: Started task graph with 5 named threads and 23 total threads with 3 sets of task threads.
LogStats: Stats thread started at 0.270377
LogD3D11RHI: Loaded GFSDK_Aftermath_Lib.x64.dll
LogICUInternationalization: Display: ICU TimeZone Detection - Raw Offset: +10:00, Platform Override: ''
LogPluginManager: Mounting plugin Paper2D
LogPluginManager: Mounting plugin AISupport
LogPluginManager: Mounting plugin LightPropagationVolume
LogPluginManager: Mounting plugin CLionSourceCodeAccess
LogPluginManager: Mounting plugin CodeLiteSourceCodeAccess
LogPluginManager: Mounting plugin GitSourceControl
LogPluginManager: Mounting plugin KDevelopSourceCodeAccess
LogPluginManager: Mounting plugin NullSourceCodeAccess
LogPluginManager: Mounting plugin PerforceSourceControl
LogPluginManager: Mounting plugin SubversionSourceControl
LogPluginManager: Mounting plugin UObjectPlugin
LogPluginManager: Mounting plugin VisualStudioCodeSourceCodeAccess
LogPluginManager: Mounting plugin VisualStudioSourceCodeAccess
LogPluginManager: Mounting plugin XCodeSourceCodeAccess
LogPluginManager: Mounting plugin AssetManagerEditor
LogPluginManager: Mounting plugin CryptoKeys
LogPluginManager: Mounting plugin DataValidation
LogPluginManager: Mounting plugin EditorScriptingUtilities
LogPluginManager: Mounting plugin FacialAnimation
LogPluginManager: Mounting plugin GameplayTagsEditor
LogPluginManager: Mounting plugin MacGraphicsSwitching
LogPluginManager: Mounting plugin MeshEditor
LogPluginManager: Mounting plugin MobileLauncherProfileWizard
LogPluginManager: Mounting plugin PluginBrowser
LogPluginManager: Mounting plugin SpeedTreeImporter
LogPluginManager: Mounting plugin DatasmithContent
LogPluginManager: Mounting plugin AlembicImporter
LogPluginManager: Mounting plugin AppleImageUtils
LogPluginManager: Mounting plugin AppleVision
LogPluginManager: Mounting plugin BackChannel
LogPluginManager: Mounting plugin CharacterAI
LogPluginManager: Mounting plugin GeometryCache
LogPluginManager: Mounting plugin HTML5Networking
LogPluginManager: Mounting plugin ProxyLODPlugin
LogPluginManager: Mounting plugin MagicLeap
LogPluginManager: Mounting plugin MagicLeapEmulator
LogPluginManager: Mounting plugin MagicLeapMedia
LogPluginManager: Mounting plugin AndroidMedia
LogPluginManager: Mounting plugin AvfMedia
LogPluginManager: Mounting plugin ImgMedia
LogPluginManager: Mounting plugin LinearTimecode
LogPluginManager: Mounting plugin MediaCompositing
LogPluginManager: Mounting plugin MediaPlayerEditor
LogPluginManager: Mounting plugin WmfMedia
LogPluginManager: Mounting plugin TcpMessaging
LogPluginManager: Mounting plugin UdpMessaging
LogPluginManager: Mounting plugin ActorSequence
LogPluginManager: Mounting plugin LevelSequenceEditor
LogPluginManager: Mounting plugin MatineeToLevelSequence
LogPluginManager: Mounting plugin NetcodeUnitTest
LogPluginManager: Mounting plugin NUTUnrealEngine4
LogPluginManager: Mounting plugin OnlineSubsystemGooglePlay
LogPluginManager: Mounting plugin OnlineSubsystemIOS
LogPluginManager: Mounting plugin OnlineSubsystem
LogPluginManager: Mounting plugin OnlineSubsystemNull
LogPluginManager: Mounting plugin OnlineSubsystemUtils
LogPluginManager: Mounting plugin LauncherChunkInstaller
LogPluginManager: Mounting plugin AndroidDeviceProfileSelector
LogPluginManager: Mounting plugin AndroidMoviePlayer
LogPluginManager: Mounting plugin AndroidPermission
LogPluginManager: Mounting plugin AppleMoviePlayer
LogPluginManager: Mounting plugin ArchVisCharacter
LogPluginManager: Mounting plugin AudioCapture
LogPluginManager: Mounting plugin CableComponent
LogPluginManager: Mounting plugin CustomMeshComponent
LogPluginManager: Mounting plugin EditableMesh
LogPluginManager: Mounting plugin ExampleDeviceProfileSelector
LogPluginManager: Mounting plugin GoogleCloudMessaging
LogPluginManager: Mounting plugin ImmediatePhysics
LogPluginManager: Mounting plugin IOSDeviceProfileSelector
LogPluginManager: Mounting plugin LinuxDeviceProfileSelector
LogPluginManager: Mounting plugin LocationServicesBPLibrary
LogPluginManager: Mounting plugin MobilePatchingUtils
LogPluginManager: Mounting plugin OculusVR
LogPluginManager: Plugin shader directory ../../../Engine/Plugins/Runtime/Oculus/OculusVR/Shaders found
LogPluginManager: Mapping shader source directory ../../../Engine/Plugins/Runtime/Oculus/OculusVR/Shaders to virtual directory /Plugin/OculusVR
LogPluginManager: Mounting plugin PhysXVehicles
LogPluginManager: Mounting plugin ProceduralMeshComponent
LogPluginManager: Mounting plugin RuntimePhysXCooking
LogPluginManager: Mounting plugin SteamVR
LogPluginManager: Mounting plugin WindowsMoviePlayer
LogPluginManager: Mounting plugin DatasmithCADImporter
LogPluginManager: Mounting plugin DatasmithFBXImporter
LogPluginManager: Mounting plugin DatasmithImporter
LogPluginManager: Mounting plugin DatasmithMDLImporter
LogPluginManager: Mounting plugin StaticMeshEditorExtension
LogStreaming: Display: Took  0.044s to configure plugins.
LogInit: Using libcurl 7.55.1-DEV
LogInit:  - built for x86_64-pc-win32
LogInit:  - supports SSL with OpenSSL/1.0.2h
LogInit:  - supports HTTP deflate (compression) using libz 1.2.8
LogInit:  - other features:
LogInit:      CURL_VERSION_SSL
LogInit:      CURL_VERSION_LIBZ
LogInit:      CURL_VERSION_IPV6
LogInit:      CURL_VERSION_ASYNCHDNS
LogInit:      CURL_VERSION_LARGEFILE
LogInit:      CURL_VERSION_IDN
LogInit:  CurlRequestOptions (configurable via config and command line):
LogInit:  - bVerifyPeer = false  - Libcurl will NOT verify peer certificate
LogInit:  - bUseHttpProxy = false  - Libcurl will NOT use HTTP proxy
LogInit:  - bDontReuseConnections = false  - Libcurl will reuse connections
LogInit:  - CertBundlePath = nullptr  - Libcurl will use whatever was configured at build time.
LogInit:  - MaxHostConnections = 16  - Libcurl will limit the number of connections to a host
LogInit:  - LocalHostAddr = Default
LogInit:  - BufferSize = 65536
LogInit: WinSock: version 1.1 (2.2), MaxSocks=32767, MaxUdp=65467
LogHMD: Failed initializing OVRPlugin 1.25.0
LogInit: Build: ++UE4+Release-4.20-CL-4302132
LogInit: Engine Version: 4.20.2-4302132+++UE4+Release-4.20
LogInit: Compatible Engine Version: 4.20.0-4212847+++UE4+Release-4.20
LogInit: Net CL: 4212847
LogInit: OS: Windows 10 (), CPU: Intel(R) Core(TM) i7-6700 CPU @ 3.40GHz, GPU: NVIDIA GeForce GTX 980
LogInit: Compiled (64-bit): Aug 21 2018 02:06:06
LogInit: Compiled with Visual C++: 19.13.26129.00
LogInit: Build Configuration: Development
LogInit: Branch Name: ++UE4+Release-4.20
LogInit: Command Line:  /Game/ThirdPersonBP/Maps/Level1SN -game -PIEVIACONSOLE -ResX=1280 -ResY=720  -Multiprocess -messaging -SessionName="Play in Standalone Game" -windowed 
LogInit: Base Directory: C:/Program Files/Epic Games/UE_4.20/Engine/Binaries/Win64/
LogInit: Installed Engine Build: 1
LogDevObjectVersion: Number of dev versions registered: 20
LogDevObjectVersion:   Dev-Blueprints (B0D832E4-1F89-4F0D-ACCF-7EB736FD4AA2): 10
LogDevObjectVersion:   Dev-Build (E1C64328-A22C-4D53-A36C-8E866417BD8C): 0
LogDevObjectVersion:   Dev-Core (375EC13C-06E4-48FB-B500-84F0262A717E): 2
LogDevObjectVersion:   Dev-Editor (E4B068ED-F494-42E9-A231-DA0B2E46BB41): 24
LogDevObjectVersion:   Dev-Framework (CFFC743F-43B0-4480-9391-14DF171D2073): 34
LogDevObjectVersion:   Dev-Mobile (B02B49B5-BB20-44E9-A304-32B752E40360): 2
LogDevObjectVersion:   Dev-Networking (A4E4105C-59A1-49B5-A7C5-40C4547EDFEE): 0
LogDevObjectVersion:   Dev-Online (39C831C9-5AE6-47DC-9A44-9C173E1C8E7C): 0
LogDevObjectVersion:   Dev-Physics (78F01B33-EBEA-4F98-B9B4-84EACCB95AA2): 0
LogDevObjectVersion:   Dev-Platform (6631380F-2D4D-43E0-8009-CF276956A95A): 0
LogDevObjectVersion:   Dev-Rendering (12F88B9F-8875-4AFC-A67C-D90C383ABD29): 26
LogDevObjectVersion:   Dev-Sequencer (7B5AE74C-D270-4C10-A958-57980B212A5A): 9
LogDevObjectVersion:   Dev-VR (D7296918-1DD6-4BDD-9DE2-64A83CC13884): 2
LogDevObjectVersion:   Dev-LoadTimes (C2A15278-BFE7-4AFE-6C17-90FF531DF755): 1
LogDevObjectVersion:   Private-Geometry (6EACA3D4-40EC-4CC1-B786-8BED09428FC5): 3
LogDevObjectVersion:   Dev-AnimPhys (29E575DD-E0A3-4627-9D10-D276232CDCEA): 17
LogDevObjectVersion:   Dev-ReflectionCapture (6B266CEC-1EC7-4B8F-A30B-E4D90942FC07): 1
LogDevObjectVersion:   Dev-Automation (0DF73D61-A23F-47EA-B727-89E90C41499A): 1
LogDevObjectVersion:   FortniteMain (601D1886-AC64-4F84-AA16-D3DE0DEAC7D6): 12
LogDevObjectVersion:   Dev-Enterprise (9DFFBCD6-494F-0158-E221-12823C92A888): 1
LogStreaming: Display: Took  0.000s to delete old logs.
LogInit: Presizing for max 8388607 objects, including 0 objects not considered by GC, pre-allocating 0 bytes for permanent pool.
LogInit: Object subsystem initialized
[2018.11.12-00.58.16:109][  0]LogInit: Selected Device Profile: [Windows]
[2018.11.12-00.58.16:109][  0]LogInit: Applying CVar settings loaded from the selected device profile: [Windows]
[2018.11.12-00.58.16:113][  0]LogHAL: Display: Platform has ~ 32 GB [34267594752 / 34359738368 / 32], which maps to Largest [LargestMinGB=32, LargerMinGB=12, DefaultMinGB=8, SmallerMinGB=6, SmallestMinGB=0)
[2018.11.12-00.58.16:113][  0]LogInit: Setting Device Profile CVar: [[r.Vulkan.UseRealUBs:1]]
[2018.11.12-00.58.16:113][  0]LogInit: Going up to parent DeviceProfile []
[2018.11.12-00.58.16:113][  0]LogInit: Computer: SYD-R304-PC06
[2018.11.12-00.58.16:113][  0]LogInit: User: Snielsen2
[2018.11.12-00.58.16:113][  0]LogInit: CPU Page size=4096, Cores=4
[2018.11.12-00.58.16:113][  0]LogInit: High frequency timer resolution =3.328130 MHz
[2018.11.12-00.58.16:113][  0]LogMemory: Memory total: Physical=31.9GB (32GB approx)
[2018.11.12-00.58.16:113][  0]LogMemory: Platform Memory Stats for Windows
[2018.11.12-00.58.16:113][  0]LogMemory: Process Physical Memory: 103.86 MB used, 103.86 MB peak
[2018.11.12-00.58.16:113][  0]LogMemory: Process Virtual Memory: 94.36 MB used, 94.36 MB peak
[2018.11.12-00.58.16:113][  0]LogMemory: Physical Memory: 7486.43 MB used,  25193.69 MB free, 32680.13 MB total
[2018.11.12-00.58.16:113][  0]LogMemory: Virtual Memory: 4655.47 MB used,  25193.69 MB free, 134217728.00 MB total
[2018.11.12-00.58.16:126][  0]LogInit: Using OS detected language (en-US).
[2018.11.12-00.58.16:127][  0]LogInit: Using OS detected locale (en-AU).
[2018.11.12-00.58.16:127][  0]LogTextLocalizationManager: No specific localization for 'en-US' exists, so the 'en' localization will be used.
[2018.11.12-00.58.16:481][  0]LogStreaming: Display: Took  0.354s to InitEngineTextLocalization.
[2018.11.12-00.58.16:500][  0]LogSlate: New Slate User Created.  User Index 0, Is Virtual User: 0
[2018.11.12-00.58.16:500][  0]LogSlate: Slate User Registered.  User Index 0, Is Virtual User: 0
[2018.11.12-00.58.16:503][  0]LogHMD: Failed to initialize OpenVR with code 110
[2018.11.12-00.58.16:503][  0]LogD3D11RHI: D3D11 adapters:
[2018.11.12-00.58.16:545][  0]LogD3D11RHI:    0. 'NVIDIA GeForce GTX 980' (Feature Level 11_0)
[2018.11.12-00.58.16:545][  0]LogD3D11RHI:       4053/0/16340 MB DedicatedVideo/DedicatedSystem/SharedSystem, Outputs:1, VendorId:0x10de
[2018.11.12-00.58.16:547][  0]LogD3D11RHI:    1. 'Microsoft Basic Render Driver' (Feature Level 11_0)
[2018.11.12-00.58.16:547][  0]LogD3D11RHI:       0/0/16340 MB DedicatedVideo/DedicatedSystem/SharedSystem, Outputs:0, VendorId:0x1414
[2018.11.12-00.58.16:547][  0]LogD3D11RHI: Chosen D3D11 Adapter: 0
[2018.11.12-00.58.16:552][  0]LogD3D11RHI: Creating new Direct3DDevice
[2018.11.12-00.58.16:552][  0]LogD3D11RHI:     GPU DeviceId: 0x13c0 (for the marketing name, search the web for "GPU Device Id")
[2018.11.12-00.58.16:552][  0]LogWindows: EnumDisplayDevices:
[2018.11.12-00.58.16:552][  0]LogWindows:    0. 'NVIDIA GeForce GTX 980' (P:1 D:1)
[2018.11.12-00.58.16:552][  0]LogWindows:    1. 'NVIDIA GeForce GTX 980' (P:0 D:0)
[2018.11.12-00.58.16:552][  0]LogWindows:    2. 'NVIDIA GeForce GTX 980' (P:0 D:0)
[2018.11.12-00.58.16:552][  0]LogWindows:    3. 'NVIDIA GeForce GTX 980' (P:0 D:0)
[2018.11.12-00.58.16:552][  0]LogWindows: DebugString: FoundDriverCount:4 
[2018.11.12-00.58.16:552][  0]LogD3D11RHI:     Adapter Name: NVIDIA GeForce GTX 980
[2018.11.12-00.58.16:552][  0]LogD3D11RHI:   Driver Version: 398.82 (internal:24.21.13.9882, unified:398.82)
[2018.11.12-00.58.16:552][  0]LogD3D11RHI:      Driver Date: 7-30-2018
[2018.11.12-00.58.16:552][  0]LogRHI: Texture pool is 2837 MB (70% of 4053 MB)
[2018.11.12-00.58.16:582][  0]LogD3D11RHI: Async texture creation enabled
[2018.11.12-00.58.16:598][  0]LogD3D11RHI: GPU Timing Frequency: 1000.000000 (Debug: 2 2)
[2018.11.12-00.58.16:647][  0]LogShaderCompilers: Guid format shader working directory is -39 characters bigger than the processId version (../../../../../../Users/Snielsen2/Documents/GitHub/GPG210-Prototypes/PlatformerPrototype/Intermediate/Shaders/WorkingDirectory/57992/).
[2018.11.12-00.58.16:648][  0]LogShaderCompilers: Cleaned the shader compiler working directory 'C:/Users/Snielsen2/AppData/Local/Temp/UnrealShaderWorkingDir/86DFBC4B4A534BE9E78FDFAFECAC0C11/'.
[2018.11.12-00.58.16:871][  0]LogTemp: Display: Loaded TP WindowsClientTargetPlatform
[2018.11.12-00.58.16:882][  0]LogTemp: Display: Loaded TP WindowsNoEditorTargetPlatform
[2018.11.12-00.58.16:892][  0]LogTemp: Display: Loaded TP WindowsServerTargetPlatform
[2018.11.12-00.58.16:902][  0]LogTemp: Display: Loaded TP WindowsTargetPlatform
[2018.11.12-00.58.16:902][  0]LogTargetPlatformManager: Display: Building Assets For Windows
[2018.11.12-00.58.16:943][  0]LogXGEController: Cannot use XGE Controller as Incredibuild is not installed on this machine.
[2018.11.12-00.58.16:943][  0]LogShaderCompilers: Cannot use XGE Shader Compiler as Incredibuild is not installed on this machine.
[2018.11.12-00.58.16:943][  0]LogShaderCompilers: Display: Using Local Shader Compiler.
[2018.11.12-00.58.17:519][  0]LogDerivedDataCache: Display: Max Cache Size: 512 MB
[2018.11.12-00.58.17:574][  0]LogDerivedDataCache: Loaded boot cache 0.06s 87MB C:/Users/Snielsen2/AppData/Local/UnrealEngine/4.20/DerivedDataCache/Boot.ddc.
[2018.11.12-00.58.17:574][  0]LogDerivedDataCache: Display: Loaded Boot cache: C:/Users/Snielsen2/AppData/Local/UnrealEngine/4.20/DerivedDataCache/Boot.ddc
[2018.11.12-00.58.17:574][  0]LogDerivedDataCache: FDerivedDataBackendGraph:  Pak pak cache file ../../../../../../Users/Snielsen2/Documents/GitHub/GPG210-Prototypes/PlatformerPrototype/DerivedDataCache/DDC.ddp not found, will not use a pak cache.
[2018.11.12-00.58.17:574][  0]LogDerivedDataCache: Unable to find inner node Pak for hierarchical cache Hierarchy.
[2018.11.12-00.58.17:574][  0]LogDerivedDataCache: FDerivedDataBackendGraph:  CompressedPak pak cache file ../../../../../../Users/Snielsen2/Documents/GitHub/GPG210-Prototypes/PlatformerPrototype/DerivedDataCache/Compressed.ddp not found, will not use a pak cache.
[2018.11.12-00.58.17:575][  0]LogDerivedDataCache: Unable to find inner node CompressedPak for hierarchical cache Hierarchy.
[2018.11.12-00.58.17:588][  0]LogDerivedDataCache: Display: Pak cache opened for reading ../../../Engine/DerivedDataCache/Compressed.ddp.
[2018.11.12-00.58.17:600][  0]LogDerivedDataCache: Using Local data cache path C:/Users/Snielsen2/AppData/Local/UnrealEngine/Common/DerivedDataCache: Writable
[2018.11.12-00.58.17:600][  0]LogDerivedDataCache: Shared data cache path not found in *engine.ini, will not use an Shared cache.
[2018.11.12-00.58.17:600][  0]LogDerivedDataCache: Unable to find inner node Shared for hierarchical cache Hierarchy.
[2018.11.12-00.58.17:614][  0]LogMaterial: Verifying Global Shaders for PCD3D_SM5
[2018.11.12-00.58.17:615][  0]LogSlate: Using FreeType 2.6.0
[2018.11.12-00.58.17:616][  0]LogSlate: SlateFontServices - WITH_FREETYPE: 1, WITH_HARFBUZZ: 1
[2018.11.12-00.58.17:650][  0]LogInit: Using OS detected language (en-US).
[2018.11.12-00.58.17:650][  0]LogInit: Using OS detected locale (en-AU).
[2018.11.12-00.58.17:650][  0]LogTextLocalizationManager: No localization for 'en-US' exists, so 'en' will be used for the language.
[2018.11.12-00.58.17:650][  0]LogTextLocalizationManager: No localization for 'en-AU' exists, so 'en' will be used for the locale.
[2018.11.12-00.58.17:915][  0]LogStreaming: Display: Took  0.266s to InitGameTextLocalization.
[2018.11.12-00.58.17:921][  0]LogAssetRegistry: FAssetRegistry took 0.0036 seconds to start up
[2018.11.12-00.58.18:079][  0]LogPackageLocalizationCache: Processed 13 localized package path(s) for 1 prioritized culture(s) in 0.011081 seconds
[2018.11.12-00.58.18:163][  0]LogInit: Selected Device Profile: [Windows]
[2018.11.12-00.58.18:269][  0]LogSimplygon: Simplygon DLL not present - disabling.
[2018.11.12-00.58.18:271][  0]LogMeshReduction: Using SimplygonSwarm for distributed automatic mesh merging
[2018.11.12-00.58.18:271][  0]LogMeshReduction: Using ProxyLODMeshReduction for automatic mesh merging
[2018.11.12-00.58.18:271][  0]LogMeshReduction: Using QuadricMeshReduction for automatic static mesh reduction
[2018.11.12-00.58.18:271][  0]LogMeshReduction: No automatic skeletal mesh reduction module available
[2018.11.12-00.58.18:284][  0]LogNetVersion: PlatformerPrototype 1.0.0, NetCL: 4212847, EngineNetVer: 5, GameNetVer: 0 (Checksum: 3545419167)
[2018.11.12-00.58.18:674][  0]LogMoviePlayer: Initializing movie player
[2018.11.12-00.58.18:875][  0]LogTcpMessaging: Initializing TcpMessaging bridge
[2018.11.12-00.58.18:887][  0]LogUdpMessaging: Initializing bridge on interface 0.0.0.0:0 to multicast group 230.0.0.1:6666.
[2018.11.12-00.58.19:008][  0]SourceControl: Source control is disabled
[2018.11.12-00.58.19:008][  0]SourceControl: Source control is disabled
[2018.11.12-00.58.19:009][  0]SourceControl: Source control is disabled
[2018.11.12-00.58.19:143][  0]LogAndroidPermission: UAndroidPermissionCallbackProxy::GetInstance
[2018.11.12-00.58.19:247][  0]LogOcInput: OculusInput pre-init called
[2018.11.12-00.58.19:257][  0]LogUObjectArray: 42168 objects as part of root set at end of initial load.
[2018.11.12-00.58.19:257][  0]LogUObjectAllocator: 7432344 out of 0 bytes used by permanent object pool.
[2018.11.12-00.58.19:257][  0]LogUObjectArray: CloseDisregardForGC: 0/0 objects in disregard for GC pool
[2018.11.12-00.58.19:303][  0]LogEngine: Initializing Engine...
[2018.11.12-00.58.19:304][  0]LogHMD: Failed to initialize OpenVR with code 110
[2018.11.12-00.58.19:317][  0]LogStats: UGameplayTagsManager::ConstructGameplayTagTree: ImportINI prefixes -  0.000 s
[2018.11.12-00.58.19:317][  0]LogStats: UGameplayTagsManager::ConstructGameplayTagTree: Construct from data asset -  0.000 s
[2018.11.12-00.58.19:317][  0]LogStats: UGameplayTagsManager::ConstructGameplayTagTree: ImportINI -  0.000 s
[2018.11.12-00.58.19:317][  0]LogStats: UGameplayTagsManager::ConstructGameplayTagTree: GameplayTagTreeChangedEvent.Broadcast -  0.000 s
[2018.11.12-00.58.19:465][  0]LogInit: Initializing FReadOnlyCVARCache
[2018.11.12-00.58.19:478][  0]LogInit: XAudio2 using 'U28E850 (2- NVIDIA High Definition Audio)' : 2 channels at 48 kHz using 16 bits per sample (channel mask 0x3)
[2018.11.12-00.58.19:490][  0]LogInit: FAudioDevice initialized.
[2018.11.12-00.58.19:501][  0]LogNetVersion: Set ProjectVersion to 1.0.0.0. Version Checksum will be recalculated on next use.
[2018.11.12-00.58.19:508][  0]LogInit: Texture streaming: Enabled
[2018.11.12-00.58.19:621][  0]LogSlate: Updating window title bar state: overlay mode, drag disabled, window buttons hidden, title bar hidden
[2018.11.12-00.58.19:621][  0]LogInit: Display: Game Engine Initialized.
[2018.11.12-00.58.19:621][  0]LogGameplayTags: Display: UGameplayTagsManager::DoneAddingNativeTags. DelegateIsBound: 0
[2018.11.12-00.58.19:621][  0]LogStats: UGameplayTagsManager::ConstructGameplayTagTree: ImportINI prefixes -  0.000 s
[2018.11.12-00.58.19:621][  0]LogStats: UGameplayTagsManager::ConstructGameplayTagTree: Construct from data asset -  0.000 s
[2018.11.12-00.58.19:621][  0]LogStats: UGameplayTagsManager::ConstructGameplayTagTree: ImportINI -  0.000 s
[2018.11.12-00.58.19:621][  0]LogStats: UGameplayTagsManager::ConstructGameplayTagTree: GameplayTagTreeChangedEvent.Broadcast -  0.000 s
[2018.11.12-00.58.19:631][  0]LogInit: Display: Starting Game.
[2018.11.12-00.58.19:631][  0]LogNet: Browse: /Game/ThirdPersonBP/Maps/Level1SN?Name=Player
[2018.11.12-00.58.19:632][  0]LogLoad: LoadMap: /Game/ThirdPersonBP/Maps/Level1SN?Name=Player
[2018.11.12-00.58.19:979][  0]LogAIModule: Creating AISystem for world Level1SN
[2018.11.12-00.58.19:980][  0]LogLoad: Game class is 'ThirdPersonGameMode_C'
[2018.11.12-00.58.19:993][  0]LogWorld: Bringing World /Game/ThirdPersonBP/Maps/Level1SN.Level1SN up for play (max tick rate 0) at 2018.11.12-11.58.19
[2018.11.12-00.58.19:994][  0]LogWorld: Bringing up level for play took: 0.013772
[2018.11.12-00.58.19:999][  0]LogLoad: Took 0.367364 seconds to LoadMap(/Game/ThirdPersonBP/Maps/Level1SN)
[2018.11.12-00.58.20:051][  0]LogRenderer: Reallocating scene render targets to support 1280x720 Format 10 NumSamples 1 (Frame:1).
[2018.11.12-00.58.20:051][  0]LogLoad: (Engine Initialization) Total time: 5.64 seconds
[2018.11.12-00.58.20:051][  0]LogLoad: (Engine Initialization) Total Blueprint compile time: 0.00 seconds
[2018.11.12-00.58.20:078][  0]LogWindowsTextInputMethodSystem: Display: IME system now deactivated.
[2018.11.12-00.58.20:081][  0]LogContentStreaming: Texture pool size now 1000 MB
[2018.11.12-00.58.22:329][131]LogSlate: FSceneViewport::OnFocusLost() reason 0
[2018.11.12-00.58.22:377][134]LogNet: Browse: /Game/ThirdPersonBP/Maps/Level1SN
[2018.11.12-00.58.22:377][134]LogLoad: LoadMap: /Game/ThirdPersonBP/Maps/Level1SN
[2018.11.12-00.58.22:756][134]LogAIModule: Creating AISystem for world Level1SN
[2018.11.12-00.58.22:757][134]LogLoad: Game class is 'ThirdPersonGameMode_C'
[2018.11.12-00.58.22:773][134]LogWorld: Bringing World /Game/ThirdPersonBP/Maps/Level1SN.Level1SN up for play (max tick rate 0) at 2018.11.12-11.58.22
[2018.11.12-00.58.22:773][134]LogWorld: Bringing up level for play took: 0.015809
[2018.11.12-00.58.22:775][134]LogLoad: Took 0.398599 seconds to LoadMap(/Game/ThirdPersonBP/Maps/Level1SN)
[2018.11.12-00.58.33:470][790]LogBlueprintUserMessages: [ThirdPersonCharacter_C_0] 10
[2018.11.12-00.58.33:470][790]LogBlueprintUserMessages: [BP_Coin9] Got Coin
[2018.11.12-00.58.47:116][636]LogBlueprintUserMessages: [ThirdPersonCharacter_C_0] 20
[2018.11.12-00.58.47:116][636]LogBlueprintUserMessages: [BP_Coin8] Got Coin
[2018.11.12-00.58.48:971][751]LogBlueprintUserMessages: [BP_Key1] Key get
[2018.11.12-00.59.02:842][611]LogNet: Browse: /Game/ThirdPersonBP/Maps/Level1SN
[2018.11.12-00.59.02:843][611]LogLoad: LoadMap: /Game/ThirdPersonBP/Maps/Level1SN
[2018.11.12-00.59.03:236][611]LogAIModule: Creating AISystem for world Level1SN
[2018.11.12-00.59.03:236][611]LogLoad: Game class is 'ThirdPersonGameMode_C'
[2018.11.12-00.59.03:248][611]LogWorld: Bringing World /Game/ThirdPersonBP/Maps/Level1SN.Level1SN up for play (max tick rate 0) at 2018.11.12-11.59.03
[2018.11.12-00.59.03:248][611]LogWorld: Bringing up level for play took: 0.010976
[2018.11.12-00.59.03:251][611]LogLoad: Took 0.408679 seconds to LoadMap(/Game/ThirdPersonBP/Maps/Level1SN)
[2018.11.12-00.59.07:996][895]LogBlueprintUserMessages: [ThirdPersonCharacter_C_0] 10
[2018.11.12-00.59.07:996][895]LogBlueprintUserMessages: [BP_Coin9] Got Coin
[2018.11.12-00.59.12:642][183]LogBlueprintUserMessages: [ThirdPersonCharacter_C_0] 20
[2018.11.12-00.59.12:642][183]LogBlueprintUserMessages: [BP_Coin8] Got Coin
[2018.11.12-00.59.15:287][347]LogBlueprintUserMessages: [BP_Key1] Key get
[2018.11.12-00.59.27:877][126]LogBlueprintUserMessages: [ThirdPersonCharacter_C_0] 30
[2018.11.12-00.59.27:877][126]LogBlueprintUserMessages: [BP_Coin10] Got Coin
[2018.11.12-00.59.30:361][280]LogNet: Browse: /Game/ThirdPersonBP/Maps/Level1SN
[2018.11.12-00.59.30:362][280]LogLoad: LoadMap: /Game/ThirdPersonBP/Maps/Level1SN
[2018.11.12-00.59.30:738][280]LogAIModule: Creating AISystem for world Level1SN
[2018.11.12-00.59.30:738][280]LogLoad: Game class is 'ThirdPersonGameMode_C'
[2018.11.12-00.59.30:752][280]LogWorld: Bringing World /Game/ThirdPersonBP/Maps/Level1SN.Level1SN up for play (max tick rate 0) at 2018.11.12-11.59.30
[2018.11.12-00.59.30:752][280]LogWorld: Bringing up level for play took: 0.012774
[2018.11.12-00.59.30:754][280]LogLoad: Took 0.391710 seconds to LoadMap(/Game/ThirdPersonBP/Maps/Level1SN)
[2018.11.12-00.59.34:215][489]LogBlueprintUserMessages: [ThirdPersonCharacter_C_0] 10
[2018.11.12-00.59.34:215][489]LogBlueprintUserMessages: [BP_Coin10] Got Coin
[2018.11.12-00.59.38:812][774]LogBlueprintUserMessages: [ThirdPersonCharacter_C_0] 20
[2018.11.12-00.59.38:812][774]LogBlueprintUserMessages: [BP_Coin7] Got Coin
[2018.11.12-00.59.40:893][903]LogBlueprintUserMessages: [Bp_Key_2] Key get
[2018.11.12-01.00.03:588][310]LogBlueprintUserMessages: [ThirdPersonCharacter_C_0] 30
[2018.11.12-01.00.03:588][310]LogBlueprintUserMessages: [BP_Coin9] Got Coin
[2018.11.12-01.00.17:251][157]LogBlueprintUserMessages: [BP_Key1] Key get
[2018.11.12-01.00.22:122][459]LogBlueprintUserMessages: [ThirdPersonCharacter_C_0] 40
[2018.11.12-01.00.22:122][459]LogBlueprintUserMessages: [BP_Coin8] Got Coin
[2018.11.12-01.00.27:982][820]LogBlueprintUserMessages: [ThirdPersonCharacter_C_0] 50
[2018.11.12-01.00.27:982][820]LogBlueprintUserMessages: [BP_Coin_2] Got Coin
[2018.11.12-01.00.27:982][820]LogBlueprintUserMessages: [ThirdPersonCharacter_C_0] 60
[2018.11.12-01.00.27:982][820]LogBlueprintUserMessages: [BP_Coin2] Got Coin
[2018.11.12-01.00.28:675][863]LogBlueprintUserMessages: [ThirdPersonCharacter_C_0] 70
[2018.11.12-01.00.28:675][863]LogBlueprintUserMessages: [BP_Coin6] Got Coin
[2018.11.12-01.00.29:514][915]LogBlueprintUserMessages: [ThirdPersonCharacter_C_0] 80
[2018.11.12-01.00.29:515][915]LogBlueprintUserMessages: [BP_Coin4] Got Coin
[2018.11.12-01.00.30:498][976]LogBlueprintUserMessages: [Bp_Key2_6] Key get
[2018.11.12-01.00.31:660][ 48]LogBlueprintUserMessages: [ThirdPersonCharacter_C_0] 90
[2018.11.12-01.00.31:660][ 48]LogBlueprintUserMessages: [BP_Coin3] Got Coin
[2018.11.12-01.00.32:693][112]LogBlueprintUserMessages: [ThirdPersonCharacter_C_0] 100
[2018.11.12-01.00.32:693][112]LogBlueprintUserMessages: [BP_Coin5] Got Coin
[2018.11.12-01.00.35:157][259]LogPackageName: SearchForPackageOnDisk took   0.093s to resolve New_Level_2.umap.
[2018.11.12-01.00.35:206][260]LogPackageName: SearchForPackageOnDisk took   0.047s to resolve New_Level_2.umap.
[2018.11.12-01.00.35:206][260]LogNet: Browse: /Game/ThirdPersonBP/Maps/Thomas_List_Levels/New_Level_2
[2018.11.12-01.00.35:206][260]LogLoad: LoadMap: /Game/ThirdPersonBP/Maps/Thomas_List_Levels/New_Level_2
[2018.11.12-01.00.35:450][260]LogLinker: Warning: Can't find file '/Game/ThirdPersonBP/Maps/Thomas_List_Levels/New_Level_2_BuiltData'
[2018.11.12-01.00.35:450][260]LoadErrors: Failed to load /Game/ThirdPersonBP/Maps/Thomas_List_Levels/New_Level_2_BuiltData.New_Level_2_BuiltData Referenced by PersistentLevel
[2018.11.12-01.00.35:450][260]LogUObjectGlobals: Warning: Failed to load '/Game/ThirdPersonBP/Maps/Thomas_List_Levels/New_Level_2_BuiltData': Can't find file '/Game/ThirdPersonBP/Maps/Thomas_List_Levels/New_Level_2_BuiltData'
[2018.11.12-01.00.35:451][260]LogLinker: Warning: Can't find file for asset '/Game/ThirdPersonBP/Maps/Thomas_List_Levels/New_Level_2_BuiltData' while loading NULL.
[2018.11.12-01.00.35:451][260]LoadErrors: Failed to load /Game/ThirdPersonBP/Maps/Thomas_List_Levels/New_Level_2_BuiltData.New_Level_2_BuiltData Referenced by PersistentLevel
[2018.11.12-01.00.35:451][260]LogUObjectGlobals: Warning: Failed to load '/Game/ThirdPersonBP/Maps/Thomas_List_Levels/New_Level_2_BuiltData': Can't find file for asset '/Game/ThirdPersonBP/Maps/Thomas_List_Levels/New_Level_2_BuiltData' while loading NULL.
[2018.11.12-01.00.35:564][260]LogAIModule: Creating AISystem for world New_Level_2
[2018.11.12-01.00.35:579][260]LogLoad: Game class is 'ThirdPersonGameMode_C'
[2018.11.12-01.00.35:598][260]LogWorld: Bringing World /Game/ThirdPersonBP/Maps/Thomas_List_Levels/New_Level_2.New_Level_2 up for play (max tick rate 0) at 2018.11.12-12.00.35
[2018.11.12-01.00.35:599][260]LogWorld: Bringing up level for play took: 0.017896
[2018.11.12-01.00.35:603][260]LogLoad: Took 0.397060 seconds to LoadMap(/Game/ThirdPersonBP/Maps/Thomas_List_Levels/New_Level_2)
[2018.11.12-01.00.41:140][594]LogBlueprintUserMessages: [ThirdPersonCharacter_C_0] 10
[2018.11.12-01.00.41:140][594]LogBlueprintUserMessages: [BP_Coin7_12] Got Coin
[2018.11.12-01.00.42:317][667]LogBlueprintUserMessages: [ThirdPersonCharacter_C_0] 20
[2018.11.12-01.00.42:317][667]LogBlueprintUserMessages: [BP_Coin8] Got Coin
[2018.11.12-01.00.47:833][  9]LogNet: Browse: /Game/ThirdPersonBP/Maps/Thomas_List_Levels/New_Level_2
[2018.11.12-01.00.47:833][  9]LogLoad: LoadMap: /Game/ThirdPersonBP/Maps/Thomas_List_Levels/New_Level_2
[2018.11.12-01.00.48:051][  9]LogLinker: Warning: Can't find file '/Game/ThirdPersonBP/Maps/Thomas_List_Levels/New_Level_2_BuiltData'
[2018.11.12-01.00.48:051][  9]LoadErrors: Failed to load /Game/ThirdPersonBP/Maps/Thomas_List_Levels/New_Level_2_BuiltData.New_Level_2_BuiltData Referenced by PersistentLevel
[2018.11.12-01.00.48:051][  9]LogUObjectGlobals: Warning: Failed to load '/Game/ThirdPersonBP/Maps/Thomas_List_Levels/New_Level_2_BuiltData': Can't find file '/Game/ThirdPersonBP/Maps/Thomas_List_Levels/New_Level_2_BuiltData'
[2018.11.12-01.00.48:051][  9]LogLinker: Warning: Can't find file for asset '/Game/ThirdPersonBP/Maps/Thomas_List_Levels/New_Level_2_BuiltData' while loading NULL.
[2018.11.12-01.00.48:051][  9]LoadErrors: Failed to load /Game/ThirdPersonBP/Maps/Thomas_List_Levels/New_Level_2_BuiltData.New_Level_2_BuiltData Referenced by PersistentLevel
[2018.11.12-01.00.48:051][  9]LogUObjectGlobals: Warning: Failed to load '/Game/ThirdPersonBP/Maps/Thomas_List_Levels/New_Level_2_BuiltData': Can't find file for asset '/Game/ThirdPersonBP/Maps/Thomas_List_Levels/New_Level_2_BuiltData' while loading NULL.
[2018.11.12-01.00.48:197][  9]LogAIModule: Creating AISystem for world New_Level_2
[2018.11.12-01.00.48:211][  9]LogLoad: Game class is 'ThirdPersonGameMode_C'
[2018.11.12-01.00.48:228][  9]LogWorld: Bringing World /Game/ThirdPersonBP/Maps/Thomas_List_Levels/New_Level_2.New_Level_2 up for play (max tick rate 0) at 2018.11.12-12.00.48
[2018.11.12-01.00.48:228][  9]LogWorld: Bringing up level for play took: 0.016436
[2018.11.12-01.00.48:231][  9]LogLoad: Took 0.397506 seconds to LoadMap(/Game/ThirdPersonBP/Maps/Thomas_List_Levels/New_Level_2)
[2018.11.12-01.00.51:556][209]LogBlueprintUserMessages: [ThirdPersonCharacter_C_0] 10
[2018.11.12-01.00.51:556][209]LogBlueprintUserMessages: [BP_Coin8] Got Coin
[2018.11.12-01.00.53:378][322]LogBlueprintUserMessages: [ThirdPersonCharacter_C_0] 20
[2018.11.12-01.00.53:378][322]LogBlueprintUserMessages: [BP_Coin11] Got Coin
[2018.11.12-01.00.56:136][493]LogBlueprintUserMessages: [ThirdPersonCharacter_C_0] 30
[2018.11.12-01.00.56:137][493]LogBlueprintUserMessages: [BP_Coin4] Got Coin
[2018.11.12-01.00.56:395][509]LogBlueprintUserMessages: [ThirdPersonCharacter_C_0] 40
[2018.11.12-01.00.56:395][509]LogBlueprintUserMessages: [BP_Coin3_6] Got Coin
[2018.11.12-01.00.58:959][668]LogBlueprintUserMessages: [ThirdPersonCharacter_C_0] 50
[2018.11.12-01.00.58:959][668]LogBlueprintUserMessages: [BP_Coin13_20] Got Coin
[2018.11.12-01.00.59:653][711]LogBlueprintUserMessages: [ThirdPersonCharacter_C_0] 60
[2018.11.12-01.00.59:653][711]LogBlueprintUserMessages: [BP_Coin14] Got Coin
[2018.11.12-01.01.00:362][755]LogBlueprintUserMessages: [ThirdPersonCharacter_C_0] 70
[2018.11.12-01.01.00:363][755]LogBlueprintUserMessages: [BP_Coin15] Got Coin
[2018.11.12-01.01.00:814][783]LogBlueprintUserMessages: [Bp_Key_2] Key get
[2018.11.12-01.01.09:367][308]LogPackageName: SearchForPackageOnDisk took   0.085s to resolve Level_3.umap.
[2018.11.12-01.01.09:418][309]LogPackageName: SearchForPackageOnDisk took   0.048s to resolve Level_3.umap.
[2018.11.12-01.01.09:418][309]LogNet: Browse: /Game/ThirdPersonBP/Maps/Isaac_levels/Level_3
[2018.11.12-01.01.09:418][309]LogLoad: LoadMap: /Game/ThirdPersonBP/Maps/Isaac_levels/Level_3
[2018.11.12-01.01.09:555][309]LogLinker: Warning: Can't find file '/Game/ThirdPersonBP/Maps/Isaac_levels/Level_3_BuiltData'
[2018.11.12-01.01.09:555][309]LogUObjectGlobals: Warning: Failed to load '/Game/ThirdPersonBP/Maps/Isaac_levels/Level_3_BuiltData': Can't find file '/Game/ThirdPersonBP/Maps/Isaac_levels/Level_3_BuiltData'
[2018.11.12-01.01.09:555][309]LogLinker: Warning: Can't find file for asset '/Game/ThirdPersonBP/Maps/Isaac_levels/Level_3_BuiltData' while loading NULL.
[2018.11.12-01.01.09:555][309]LogUObjectGlobals: Warning: Failed to load '/Game/ThirdPersonBP/Maps/Isaac_levels/Level_3_BuiltData': Can't find file for asset '/Game/ThirdPersonBP/Maps/Isaac_levels/Level_3_BuiltData' while loading NULL.
[2018.11.12-01.01.09:636][309]LogLinker: Warning: Can't find file '/Game/ThirdPersonBP/Maps/Isaac_levels/Level_3_BuiltData'
[2018.11.12-01.01.09:636][309]LoadErrors: Failed to load /Game/ThirdPersonBP/Maps/Isaac_levels/Level_3_BuiltData.Level_3_BuiltData Referenced by PersistentLevel
[2018.11.12-01.01.09:636][309]LogUObjectGlobals: Warning: Failed to load '/Game/ThirdPersonBP/Maps/Isaac_levels/Level_3_BuiltData': Can't find file '/Game/ThirdPersonBP/Maps/Isaac_levels/Level_3_BuiltData'
[2018.11.12-01.01.09:637][309]LogLinker: Warning: Can't find file for asset '/Game/ThirdPersonBP/Maps/Isaac_levels/Level_3_BuiltData' while loading NULL.
[2018.11.12-01.01.09:637][309]LoadErrors: Failed to load /Game/ThirdPersonBP/Maps/Isaac_levels/Level_3_BuiltData.Level_3_BuiltData Referenced by PersistentLevel
[2018.11.12-01.01.09:637][309]LogUObjectGlobals: Warning: Failed to load '/Game/ThirdPersonBP/Maps/Isaac_levels/Level_3_BuiltData': Can't find file for asset '/Game/ThirdPersonBP/Maps/Isaac_levels/Level_3_BuiltData' while loading NULL.
[2018.11.12-01.01.09:784][309]LogAIModule: Creating AISystem for world Level_3
[2018.11.12-01.01.09:798][309]LogLoad: Game class is 'ThirdPersonGameMode_C'
[2018.11.12-01.01.09:824][309]LogWorld: Bringing World /Game/ThirdPersonBP/Maps/Isaac_levels/Level_3.Level_3 up for play (max tick rate 0) at 2018.11.12-12.01.09
[2018.11.12-01.01.09:824][309]LogWorld: Bringing up level for play took: 0.025206
[2018.11.12-01.01.09:827][309]LogLoad: Took 0.408964 seconds to LoadMap(/Game/ThirdPersonBP/Maps/Isaac_levels/Level_3)
[2018.11.12-01.01.21:370][ 18]LogNet: Browse: /Game/ThirdPersonBP/Maps/Isaac_levels/Level_3
[2018.11.12-01.01.21:371][ 18]LogLoad: LoadMap: /Game/ThirdPersonBP/Maps/Isaac_levels/Level_3
[2018.11.12-01.01.21:516][ 18]LogLinker: Warning: Can't find file '/Game/ThirdPersonBP/Maps/Isaac_levels/Level_3_BuiltData'
[2018.11.12-01.01.21:516][ 18]LogUObjectGlobals: Warning: Failed to load '/Game/ThirdPersonBP/Maps/Isaac_levels/Level_3_BuiltData': Can't find file '/Game/ThirdPersonBP/Maps/Isaac_levels/Level_3_BuiltData'
[2018.11.12-01.01.21:516][ 18]LogLinker: Warning: Can't find file for asset '/Game/ThirdPersonBP/Maps/Isaac_levels/Level_3_BuiltData' while loading NULL.
[2018.11.12-01.01.21:516][ 18]LogUObjectGlobals: Warning: Failed to load '/Game/ThirdPersonBP/Maps/Isaac_levels/Level_3_BuiltData': Can't find file for asset '/Game/ThirdPersonBP/Maps/Isaac_levels/Level_3_BuiltData' while loading NULL.
[2018.11.12-01.01.21:633][ 18]LogLinker: Warning: Can't find file '/Game/ThirdPersonBP/Maps/Isaac_levels/Level_3_BuiltData'
[2018.11.12-01.01.21:633][ 18]LoadErrors: Failed to load /Game/ThirdPersonBP/Maps/Isaac_levels/Level_3_BuiltData.Level_3_BuiltData Referenced by PersistentLevel
[2018.11.12-01.01.21:633][ 18]LogUObjectGlobals: Warning: Failed to load '/Game/ThirdPersonBP/Maps/Isaac_levels/Level_3_BuiltData': Can't find file '/Game/ThirdPersonBP/Maps/Isaac_levels/Level_3_BuiltData'
[2018.11.12-01.01.21:633][ 18]LogLinker: Warning: Can't find file for asset '/Game/ThirdPersonBP/Maps/Isaac_levels/Level_3_BuiltData' while loading NULL.
[2018.11.12-01.01.21:633][ 18]LoadErrors: Failed to load /Game/ThirdPersonBP/Maps/Isaac_levels/Level_3_BuiltData.Level_3_BuiltData Referenced by PersistentLevel
[2018.11.12-01.01.21:633][ 18]LogUObjectGlobals: Warning: Failed to load '/Game/ThirdPersonBP/Maps/Isaac_levels/Level_3_BuiltData': Can't find file for asset '/Game/ThirdPersonBP/Maps/Isaac_levels/Level_3_BuiltData' while loading NULL.
[2018.11.12-01.01.21:747][ 18]LogAIModule: Creating AISystem for world Level_3
[2018.11.12-01.01.21:761][ 18]LogLoad: Game class is 'ThirdPersonGameMode_C'
[2018.11.12-01.01.21:788][ 18]LogWorld: Bringing World /Game/ThirdPersonBP/Maps/Isaac_levels/Level_3.Level_3 up for play (max tick rate 0) at 2018.11.12-12.01.21
[2018.11.12-01.01.21:788][ 18]LogWorld: Bringing up level for play took: 0.026203
[2018.11.12-01.01.21:791][ 18]LogLoad: Took 0.420186 seconds to LoadMap(/Game/ThirdPersonBP/Maps/Isaac_levels/Level_3)
[2018.11.12-01.01.26:900][331]LogNet: Browse: /Game/ThirdPersonBP/Maps/Isaac_levels/Level_3
[2018.11.12-01.01.26:900][331]LogLoad: LoadMap: /Game/ThirdPersonBP/Maps/Isaac_levels/Level_3
[2018.11.12-01.01.27:069][331]LogLinker: Warning: Can't find file '/Game/ThirdPersonBP/Maps/Isaac_levels/Level_3_BuiltData'
[2018.11.12-01.01.27:069][331]LogUObjectGlobals: Warning: Failed to load '/Game/ThirdPersonBP/Maps/Isaac_levels/Level_3_BuiltData': Can't find file '/Game/ThirdPersonBP/Maps/Isaac_levels/Level_3_BuiltData'
[2018.11.12-01.01.27:070][331]LogLinker: Warning: Can't find file for asset '/Game/ThirdPersonBP/Maps/Isaac_levels/Level_3_BuiltData' while loading NULL.
[2018.11.12-01.01.27:070][331]LogUObjectGlobals: Warning: Failed to load '/Game/ThirdPersonBP/Maps/Isaac_levels/Level_3_BuiltData': Can't find file for asset '/Game/ThirdPersonBP/Maps/Isaac_levels/Level_3_BuiltData' while loading NULL.
[2018.11.12-01.01.27:185][331]LogLinker: Warning: Can't find file '/Game/ThirdPersonBP/Maps/Isaac_levels/Level_3_BuiltData'
[2018.11.12-01.01.27:185][331]LoadErrors: Failed to load /Game/ThirdPersonBP/Maps/Isaac_levels/Level_3_BuiltData.Level_3_BuiltData Referenced by PersistentLevel
[2018.11.12-01.01.27:185][331]LogUObjectGlobals: Warning: Failed to load '/Game/ThirdPersonBP/Maps/Isaac_levels/Level_3_BuiltData': Can't find file '/Game/ThirdPersonBP/Maps/Isaac_levels/Level_3_BuiltData'
[2018.11.12-01.01.27:186][331]LogLinker: Warning: Can't find file for asset '/Game/ThirdPersonBP/Maps/Isaac_levels/Level_3_BuiltData' while loading NULL.
[2018.11.12-01.01.27:186][331]LoadErrors: Failed to load /Game/ThirdPersonBP/Maps/Isaac_levels/Level_3_BuiltData.Level_3_BuiltData Referenced by PersistentLevel
[2018.11.12-01.01.27:186][331]LogUObjectGlobals: Warning: Failed to load '/Game/ThirdPersonBP/Maps/Isaac_levels/Level_3_BuiltData': Can't find file for asset '/Game/ThirdPersonBP/Maps/Isaac_levels/Level_3_BuiltData' while loading NULL.
[2018.11.12-01.01.27:291][331]LogAIModule: Creating AISystem for world Level_3
[2018.11.12-01.01.27:305][331]LogLoad: Game class is 'ThirdPersonGameMode_C'
[2018.11.12-01.01.27:330][331]LogWorld: Bringing World /Game/ThirdPersonBP/Maps/Isaac_levels/Level_3.Level_3 up for play (max tick rate 0) at 2018.11.12-12.01.27
[2018.11.12-01.01.27:331][331]LogWorld: Bringing up level for play took: 0.025589
[2018.11.12-01.01.27:333][331]LogLoad: Took 0.433169 seconds to LoadMap(/Game/ThirdPersonBP/Maps/Isaac_levels/Level_3)
[2018.11.12-01.01.41:799][220]LogBlueprintUserMessages: [ThirdPersonCharacter_C_0] 10
[2018.11.12-01.01.41:799][220]LogBlueprintUserMessages: [BP_Coin20] Got Coin
[2018.11.12-01.01.42:477][262]LogBlueprintUserMessages: [ThirdPersonCharacter_C_0] 20
[2018.11.12-01.01.42:477][262]LogBlueprintUserMessages: [BP_Coin16] Got Coin
[2018.11.12-01.02.07:430][809]LogNet: Browse: /Game/ThirdPersonBP/Maps/Isaac_levels/Level_3
[2018.11.12-01.02.07:430][809]LogLoad: LoadMap: /Game/ThirdPersonBP/Maps/Isaac_levels/Level_3
[2018.11.12-01.02.07:602][809]LogLinker: Warning: Can't find file '/Game/ThirdPersonBP/Maps/Isaac_levels/Level_3_BuiltData'
[2018.11.12-01.02.07:602][809]LogUObjectGlobals: Warning: Failed to load '/Game/ThirdPersonBP/Maps/Isaac_levels/Level_3_BuiltData': Can't find file '/Game/ThirdPersonBP/Maps/Isaac_levels/Level_3_BuiltData'
[2018.11.12-01.02.07:603][809]LogLinker: Warning: Can't find file for asset '/Game/ThirdPersonBP/Maps/Isaac_levels/Level_3_BuiltData' while loading NULL.
[2018.11.12-01.02.07:603][809]LogUObjectGlobals: Warning: Failed to load '/Game/ThirdPersonBP/Maps/Isaac_levels/Level_3_BuiltData': Can't find file for asset '/Game/ThirdPersonBP/Maps/Isaac_levels/Level_3_BuiltData' while loading NULL.
[2018.11.12-01.02.07:681][809]LogLinker: Warning: Can't find file '/Game/ThirdPersonBP/Maps/Isaac_levels/Level_3_BuiltData'
[2018.11.12-01.02.07:681][809]LoadErrors: Failed to load /Game/ThirdPersonBP/Maps/Isaac_levels/Level_3_BuiltData.Level_3_BuiltData Referenced by PersistentLevel
[2018.11.12-01.02.07:681][809]LogUObjectGlobals: Warning: Failed to load '/Game/ThirdPersonBP/Maps/Isaac_levels/Level_3_BuiltData': Can't find file '/Game/ThirdPersonBP/Maps/Isaac_levels/Level_3_BuiltData'
[2018.11.12-01.02.07:681][809]LogLinker: Warning: Can't find file for asset '/Game/ThirdPersonBP/Maps/Isaac_levels/Level_3_BuiltData' while loading NULL.
[2018.11.12-01.02.07:681][809]LoadErrors: Failed to load /Game/ThirdPersonBP/Maps/Isaac_levels/Level_3_BuiltData.Level_3_BuiltData Referenced by PersistentLevel
[2018.11.12-01.02.07:681][809]LogUObjectGlobals: Warning: Failed to load '/Game/ThirdPersonBP/Maps/Isaac_levels/Level_3_BuiltData': Can't find file for asset '/Game/ThirdPersonBP/Maps/Isaac_levels/Level_3_BuiltData' while loading NULL.
[2018.11.12-01.02.07:834][809]LogAIModule: Creating AISystem for world Level_3
[2018.11.12-01.02.07:848][809]LogLoad: Game class is 'ThirdPersonGameMode_C'
[2018.11.12-01.02.07:873][809]LogWorld: Bringing World /Game/ThirdPersonBP/Maps/Isaac_levels/Level_3.Level_3 up for play (max tick rate 0) at 2018.11.12-12.02.07
[2018.11.12-01.02.07:874][809]LogWorld: Bringing up level for play took: 0.024813
[2018.11.12-01.02.07:877][809]LogLoad: Took 0.447123 seconds to LoadMap(/Game/ThirdPersonBP/Maps/Isaac_levels/Level_3)
[2018.11.12-01.02.17:611][409]LogNet: Browse: /Game/ThirdPersonBP/Maps/Isaac_levels/Level_3
[2018.11.12-01.02.17:612][409]LogLoad: LoadMap: /Game/ThirdPersonBP/Maps/Isaac_levels/Level_3
[2018.11.12-01.02.17:757][409]LogLinker: Warning: Can't find file '/Game/ThirdPersonBP/Maps/Isaac_levels/Level_3_BuiltData'
[2018.11.12-01.02.17:757][409]LogUObjectGlobals: Warning: Failed to load '/Game/ThirdPersonBP/Maps/Isaac_levels/Level_3_BuiltData': Can't find file '/Game/ThirdPersonBP/Maps/Isaac_levels/Level_3_BuiltData'
[2018.11.12-01.02.17:757][409]LogLinker: Warning: Can't find file for asset '/Game/ThirdPersonBP/Maps/Isaac_levels/Level_3_BuiltData' while loading NULL.
[2018.11.12-01.02.17:757][409]LogUObjectGlobals: Warning: Failed to load '/Game/ThirdPersonBP/Maps/Isaac_levels/Level_3_BuiltData': Can't find file for asset '/Game/ThirdPersonBP/Maps/Isaac_levels/Level_3_BuiltData' while loading NULL.
[2018.11.12-01.02.17:838][409]LogLinker: Warning: Can't find file '/Game/ThirdPersonBP/Maps/Isaac_levels/Level_3_BuiltData'
[2018.11.12-01.02.17:838][409]LoadErrors: Failed to load /Game/ThirdPersonBP/Maps/Isaac_levels/Level_3_BuiltData.Level_3_BuiltData Referenced by PersistentLevel
[2018.11.12-01.02.17:838][409]LogUObjectGlobals: Warning: Failed to load '/Game/ThirdPersonBP/Maps/Isaac_levels/Level_3_BuiltData': Can't find file '/Game/ThirdPersonBP/Maps/Isaac_levels/Level_3_BuiltData'
[2018.11.12-01.02.17:838][409]LogLinker: Warning: Can't find file for asset '/Game/ThirdPersonBP/Maps/Isaac_levels/Level_3_BuiltData' while loading NULL.
[2018.11.12-01.02.17:838][409]LoadErrors: Failed to load /Game/ThirdPersonBP/Maps/Isaac_levels/Level_3_BuiltData.Level_3_BuiltData Referenced by PersistentLevel
[2018.11.12-01.02.17:838][409]LogUObjectGlobals: Warning: Failed to load '/Game/ThirdPersonBP/Maps/Isaac_levels/Level_3_BuiltData': Can't find file for asset '/Game/ThirdPersonBP/Maps/Isaac_levels/Level_3_BuiltData' while loading NULL.
[2018.11.12-01.02.17:981][409]LogAIModule: Creating AISystem for world Level_3
[2018.11.12-01.02.17:994][409]LogLoad: Game class is 'ThirdPersonGameMode_C'
[2018.11.12-01.02.18:036][409]LogWorld: Bringing World /Game/ThirdPersonBP/Maps/Isaac_levels/Level_3.Level_3 up for play (max tick rate 0) at 2018.11.12-12.02.18
[2018.11.12-01.02.18:037][409]LogWorld: Bringing up level for play took: 0.041488
[2018.11.12-01.02.18:039][409]LogLoad: Took 0.427181 seconds to LoadMap(/Game/ThirdPersonBP/Maps/Isaac_levels/Level_3)
[2018.11.12-01.02.32:324][290]LogBlueprintUserMessages: [ThirdPersonCharacter_C_0] 10
[2018.11.12-01.02.32:324][290]LogBlueprintUserMessages: [BP_Coin20] Got Coin
[2018.11.12-01.02.32:824][321]LogBlueprintUserMessages: [ThirdPersonCharacter_C_0] 20
[2018.11.12-01.02.32:824][321]LogBlueprintUserMessages: [BP_Coin10_6] Got Coin
[2018.11.12-01.02.33:454][360]LogBlueprintUserMessages: [ThirdPersonCharacter_C_0] 30
[2018.11.12-01.02.33:454][360]LogBlueprintUserMessages: [BP_Coin13] Got Coin
[2018.11.12-01.02.48:132][270]LogNet: Browse: /Game/ThirdPersonBP/Maps/Isaac_levels/Level_3
[2018.11.12-01.02.48:132][270]LogLoad: LoadMap: /Game/ThirdPersonBP/Maps/Isaac_levels/Level_3
[2018.11.12-01.02.48:298][270]LogLinker: Warning: Can't find file '/Game/ThirdPersonBP/Maps/Isaac_levels/Level_3_BuiltData'
[2018.11.12-01.02.48:298][270]LogUObjectGlobals: Warning: Failed to load '/Game/ThirdPersonBP/Maps/Isaac_levels/Level_3_BuiltData': Can't find file '/Game/ThirdPersonBP/Maps/Isaac_levels/Level_3_BuiltData'
[2018.11.12-01.02.48:298][270]LogLinker: Warning: Can't find file for asset '/Game/ThirdPersonBP/Maps/Isaac_levels/Level_3_BuiltData' while loading NULL.
[2018.11.12-01.02.48:298][270]LogUObjectGlobals: Warning: Failed to load '/Game/ThirdPersonBP/Maps/Isaac_levels/Level_3_BuiltData': Can't find file for asset '/Game/ThirdPersonBP/Maps/Isaac_levels/Level_3_BuiltData' while loading NULL.
[2018.11.12-01.02.48:415][270]LogLinker: Warning: Can't find file '/Game/ThirdPersonBP/Maps/Isaac_levels/Level_3_BuiltData'
[2018.11.12-01.02.48:415][270]LoadErrors: Failed to load /Game/ThirdPersonBP/Maps/Isaac_levels/Level_3_BuiltData.Level_3_BuiltData Referenced by PersistentLevel
[2018.11.12-01.02.48:415][270]LogUObjectGlobals: Warning: Failed to load '/Game/ThirdPersonBP/Maps/Isaac_levels/Level_3_BuiltData': Can't find file '/Game/ThirdPersonBP/Maps/Isaac_levels/Level_3_BuiltData'
[2018.11.12-01.02.48:415][270]LogLinker: Warning: Can't find file for asset '/Game/ThirdPersonBP/Maps/Isaac_levels/Level_3_BuiltData' while loading NULL.
[2018.11.12-01.02.48:415][270]LoadErrors: Failed to load /Game/ThirdPersonBP/Maps/Isaac_levels/Level_3_BuiltData.Level_3_BuiltData Referenced by PersistentLevel
[2018.11.12-01.02.48:415][270]LogUObjectGlobals: Warning: Failed to load '/Game/ThirdPersonBP/Maps/Isaac_levels/Level_3_BuiltData': Can't find file for asset '/Game/ThirdPersonBP/Maps/Isaac_levels/Level_3_BuiltData' while loading NULL.
[2018.11.12-01.02.48:530][270]LogAIModule: Creating AISystem for world Level_3
[2018.11.12-01.02.48:544][270]LogLoad: Game class is 'ThirdPersonGameMode_C'
[2018.11.12-01.02.48:569][270]LogWorld: Bringing World /Game/ThirdPersonBP/Maps/Isaac_levels/Level_3.Level_3 up for play (max tick rate 0) at 2018.11.12-12.02.48
[2018.11.12-01.02.48:570][270]LogWorld: Bringing up level for play took: 0.025443
[2018.11.12-01.02.48:572][270]LogLoad: Took 0.440608 seconds to LoadMap(/Game/ThirdPersonBP/Maps/Isaac_levels/Level_3)
[2018.11.12-01.02.48:579][271]LogCharacterMovement: Warning: GetSimulationTimeStep() - Max iterations 8 hit while remaining time 0.078073 > MaxSimulationTimeStep (0.050) for 'ThirdPersonCharacter_C_0', movement 'Walking'
[2018.11.12-01.03.01:381][ 59]LogNet: Browse: /Game/ThirdPersonBP/Maps/Isaac_levels/Level_3
[2018.11.12-01.03.01:382][ 59]LogLoad: LoadMap: /Game/ThirdPersonBP/Maps/Isaac_levels/Level_3
[2018.11.12-01.03.01:538][ 59]LogLinker: Warning: Can't find file '/Game/ThirdPersonBP/Maps/Isaac_levels/Level_3_BuiltData'
[2018.11.12-01.03.01:538][ 59]LogUObjectGlobals: Warning: Failed to load '/Game/ThirdPersonBP/Maps/Isaac_levels/Level_3_BuiltData': Can't find file '/Game/ThirdPersonBP/Maps/Isaac_levels/Level_3_BuiltData'
[2018.11.12-01.03.01:538][ 59]LogLinker: Warning: Can't find file for asset '/Game/ThirdPersonBP/Maps/Isaac_levels/Level_3_BuiltData' while loading NULL.
[2018.11.12-01.03.01:538][ 59]LogUObjectGlobals: Warning: Failed to load '/Game/ThirdPersonBP/Maps/Isaac_levels/Level_3_BuiltData': Can't find file for asset '/Game/ThirdPersonBP/Maps/Isaac_levels/Level_3_BuiltData' while loading NULL.
[2018.11.12-01.03.01:618][ 59]LogLinker: Warning: Can't find file '/Game/ThirdPersonBP/Maps/Isaac_levels/Level_3_BuiltData'
[2018.11.12-01.03.01:618][ 59]LoadErrors: Failed to load /Game/ThirdPersonBP/Maps/Isaac_levels/Level_3_BuiltData.Level_3_BuiltData Referenced by PersistentLevel
[2018.11.12-01.03.01:618][ 59]LogUObjectGlobals: Warning: Failed to load '/Game/ThirdPersonBP/Maps/Isaac_levels/Level_3_BuiltData': Can't find file '/Game/ThirdPersonBP/Maps/Isaac_levels/Level_3_BuiltData'
[2018.11.12-01.03.01:618][ 59]LogLinker: Warning: Can't find file for asset '/Game/ThirdPersonBP/Maps/Isaac_levels/Level_3_BuiltData' while loading NULL.
[2018.11.12-01.03.01:618][ 59]LoadErrors: Failed to load /Game/ThirdPersonBP/Maps/Isaac_levels/Level_3_BuiltData.Level_3_BuiltData Referenced by PersistentLevel
[2018.11.12-01.03.01:618][ 59]LogUObjectGlobals: Warning: Failed to load '/Game/ThirdPersonBP/Maps/Isaac_levels/Level_3_BuiltData': Can't find file for asset '/Game/ThirdPersonBP/Maps/Isaac_levels/Level_3_BuiltData' while loading NULL.
[2018.11.12-01.03.01:768][ 59]LogAIModule: Creating AISystem for world Level_3
[2018.11.12-01.03.01:783][ 59]LogLoad: Game class is 'ThirdPersonGameMode_C'
[2018.11.12-01.03.01:808][ 59]LogWorld: Bringing World /Game/ThirdPersonBP/Maps/Isaac_levels/Level_3.Level_3 up for play (max tick rate 0) at 2018.11.12-12.03.01
[2018.11.12-01.03.01:809][ 59]LogWorld: Bringing up level for play took: 0.025635
[2018.11.12-01.03.01:811][ 59]LogLoad: Took 0.429870 seconds to LoadMap(/Game/ThirdPersonBP/Maps/Isaac_levels/Level_3)
[2018.11.12-01.03.07:317][397]LogNet: Browse: /Game/ThirdPersonBP/Maps/Isaac_levels/Level_3
[2018.11.12-01.03.07:317][397]LogLoad: LoadMap: /Game/ThirdPersonBP/Maps/Isaac_levels/Level_3
[2018.11.12-01.03.07:475][397]LogLinker: Warning: Can't find file '/Game/ThirdPersonBP/Maps/Isaac_levels/Level_3_BuiltData'
[2018.11.12-01.03.07:475][397]LogUObjectGlobals: Warning: Failed to load '/Game/ThirdPersonBP/Maps/Isaac_levels/Level_3_BuiltData': Can't find file '/Game/ThirdPersonBP/Maps/Isaac_levels/Level_3_BuiltData'
[2018.11.12-01.03.07:475][397]LogLinker: Warning: Can't find file for asset '/Game/ThirdPersonBP/Maps/Isaac_levels/Level_3_BuiltData' while loading NULL.
[2018.11.12-01.03.07:475][397]LogUObjectGlobals: Warning: Failed to load '/Game/ThirdPersonBP/Maps/Isaac_levels/Level_3_BuiltData': Can't find file for asset '/Game/ThirdPersonBP/Maps/Isaac_levels/Level_3_BuiltData' while loading NULL.
[2018.11.12-01.03.07:593][397]LogLinker: Warning: Can't find file '/Game/ThirdPersonBP/Maps/Isaac_levels/Level_3_BuiltData'
[2018.11.12-01.03.07:593][397]LoadErrors: Failed to load /Game/ThirdPersonBP/Maps/Isaac_levels/Level_3_BuiltData.Level_3_BuiltData Referenced by PersistentLevel
[2018.11.12-01.03.07:593][397]LogUObjectGlobals: Warning: Failed to load '/Game/ThirdPersonBP/Maps/Isaac_levels/Level_3_BuiltData': Can't find file '/Game/ThirdPersonBP/Maps/Isaac_levels/Level_3_BuiltData'
[2018.11.12-01.03.07:593][397]LogLinker: Warning: Can't find file for asset '/Game/ThirdPersonBP/Maps/Isaac_levels/Level_3_BuiltData' while loading NULL.
[2018.11.12-01.03.07:593][397]LoadErrors: Failed to load /Game/ThirdPersonBP/Maps/Isaac_levels/Level_3_BuiltData.Level_3_BuiltData Referenced by PersistentLevel
[2018.11.12-01.03.07:593][397]LogUObjectGlobals: Warning: Failed to load '/Game/ThirdPersonBP/Maps/Isaac_levels/Level_3_BuiltData': Can't find file for asset '/Game/ThirdPersonBP/Maps/Isaac_levels/Level_3_BuiltData' while loading NULL.
[2018.11.12-01.03.07:699][397]LogAIModule: Creating AISystem for world Level_3
[2018.11.12-01.03.07:714][397]LogLoad: Game class is 'ThirdPersonGameMode_C'
[2018.11.12-01.03.07:740][397]LogWorld: Bringing World /Game/ThirdPersonBP/Maps/Isaac_levels/Level_3.Level_3 up for play (max tick rate 0) at 2018.11.12-12.03.07
[2018.11.12-01.03.07:740][397]LogWorld: Bringing up level for play took: 0.025902
[2018.11.12-01.03.07:743][397]LogLoad: Took 0.425955 seconds to LoadMap(/Game/ThirdPersonBP/Maps/Isaac_levels/Level_3)
[2018.11.12-01.03.13:424][743]LogNet: Browse: /Game/ThirdPersonBP/Maps/Isaac_levels/Level_3
[2018.11.12-01.03.13:424][743]LogLoad: LoadMap: /Game/ThirdPersonBP/Maps/Isaac_levels/Level_3
[2018.11.12-01.03.13:565][743]LogLinker: Warning: Can't find file '/Game/ThirdPersonBP/Maps/Isaac_levels/Level_3_BuiltData'
[2018.11.12-01.03.13:565][743]LogUObjectGlobals: Warning: Failed to load '/Game/ThirdPersonBP/Maps/Isaac_levels/Level_3_BuiltData': Can't find file '/Game/ThirdPersonBP/Maps/Isaac_levels/Level_3_BuiltData'
[2018.11.12-01.03.13:565][743]LogLinker: Warning: Can't find file for asset '/Game/ThirdPersonBP/Maps/Isaac_levels/Level_3_BuiltData' while loading NULL.
[2018.11.12-01.03.13:565][743]LogUObjectGlobals: Warning: Failed to load '/Game/ThirdPersonBP/Maps/Isaac_levels/Level_3_BuiltData': Can't find file for asset '/Game/ThirdPersonBP/Maps/Isaac_levels/Level_3_BuiltData' while loading NULL.
[2018.11.12-01.03.13:678][743]LogLinker: Warning: Can't find file '/Game/ThirdPersonBP/Maps/Isaac_levels/Level_3_BuiltData'
[2018.11.12-01.03.13:678][743]LoadErrors: Failed to load /Game/ThirdPersonBP/Maps/Isaac_levels/Level_3_BuiltData.Level_3_BuiltData Referenced by PersistentLevel
[2018.11.12-01.03.13:678][743]LogUObjectGlobals: Warning: Failed to load '/Game/ThirdPersonBP/Maps/Isaac_levels/Level_3_BuiltData': Can't find file '/Game/ThirdPersonBP/Maps/Isaac_levels/Level_3_BuiltData'
[2018.11.12-01.03.13:678][743]LogLinker: Warning: Can't find file for asset '/Game/ThirdPersonBP/Maps/Isaac_levels/Level_3_BuiltData' while loading NULL.
[2018.11.12-01.03.13:678][743]LoadErrors: Failed to load /Game/ThirdPersonBP/Maps/Isaac_levels/Level_3_BuiltData.Level_3_BuiltData Referenced by PersistentLevel
[2018.11.12-01.03.13:678][743]LogUObjectGlobals: Warning: Failed to load '/Game/ThirdPersonBP/Maps/Isaac_levels/Level_3_BuiltData': Can't find file for asset '/Game/ThirdPersonBP/Maps/Isaac_levels/Level_3_BuiltData' while loading NULL.
[2018.11.12-01.03.13:788][743]LogAIModule: Creating AISystem for world Level_3
[2018.11.12-01.03.13:802][743]LogLoad: Game class is 'ThirdPersonGameMode_C'
[2018.11.12-01.03.13:826][743]LogWorld: Bringing World /Game/ThirdPersonBP/Maps/Isaac_levels/Level_3.Level_3 up for play (max tick rate 0) at 2018.11.12-12.03.13
[2018.11.12-01.03.13:827][743]LogWorld: Bringing up level for play took: 0.025643
[2018.11.12-01.03.13:829][743]LogLoad: Took 0.405566 seconds to LoadMap(/Game/ThirdPersonBP/Maps/Isaac_levels/Level_3)
[2018.11.12-01.03.17:142][945]LogBlueprintUserMessages: [ThirdPersonCharacter_C_0] 10
[2018.11.12-01.03.17:142][945]LogBlueprintUserMessages: [BP_Coin8] Got Coin
[2018.11.12-01.03.26:821][545]LogBlueprintUserMessages: [ThirdPersonCharacter_C_0] 20
[2018.11.12-01.03.26:821][545]LogBlueprintUserMessages: [BP_Coin20] Got Coin
[2018.11.12-01.03.27:482][586]LogBlueprintUserMessages: [ThirdPersonCharacter_C_0] 30
[2018.11.12-01.03.27:482][586]LogBlueprintUserMessages: [BP_Coin16] Got Coin
[2018.11.12-01.03.49:225][934]LogNet: Browse: /Game/ThirdPersonBP/Maps/Isaac_levels/Level_3
[2018.11.12-01.03.49:226][934]LogLoad: LoadMap: /Game/ThirdPersonBP/Maps/Isaac_levels/Level_3
[2018.11.12-01.03.49:380][934]LogLinker: Warning: Can't find file '/Game/ThirdPersonBP/Maps/Isaac_levels/Level_3_BuiltData'
[2018.11.12-01.03.49:380][934]LogUObjectGlobals: Warning: Failed to load '/Game/ThirdPersonBP/Maps/Isaac_levels/Level_3_BuiltData': Can't find file '/Game/ThirdPersonBP/Maps/Isaac_levels/Level_3_BuiltData'
[2018.11.12-01.03.49:380][934]LogLinker: Warning: Can't find file for asset '/Game/ThirdPersonBP/Maps/Isaac_levels/Level_3_BuiltData' while loading NULL.
[2018.11.12-01.03.49:380][934]LogUObjectGlobals: Warning: Failed to load '/Game/ThirdPersonBP/Maps/Isaac_levels/Level_3_BuiltData': Can't find file for asset '/Game/ThirdPersonBP/Maps/Isaac_levels/Level_3_BuiltData' while loading NULL.
[2018.11.12-01.03.49:502][934]LogLinker: Warning: Can't find file '/Game/ThirdPersonBP/Maps/Isaac_levels/Level_3_BuiltData'
[2018.11.12-01.03.49:502][934]LoadErrors: Failed to load /Game/ThirdPersonBP/Maps/Isaac_levels/Level_3_BuiltData.Level_3_BuiltData Referenced by PersistentLevel
[2018.11.12-01.03.49:502][934]LogUObjectGlobals: Warning: Failed to load '/Game/ThirdPersonBP/Maps/Isaac_levels/Level_3_BuiltData': Can't find file '/Game/ThirdPersonBP/Maps/Isaac_levels/Level_3_BuiltData'
[2018.11.12-01.03.49:502][934]LogLinker: Warning: Can't find file for asset '/Game/ThirdPersonBP/Maps/Isaac_levels/Level_3_BuiltData' while loading NULL.
[2018.11.12-01.03.49:502][934]LoadErrors: Failed to load /Game/ThirdPersonBP/Maps/Isaac_levels/Level_3_BuiltData.Level_3_BuiltData Referenced by PersistentLevel
[2018.11.12-01.03.49:502][934]LogUObjectGlobals: Warning: Failed to load '/Game/ThirdPersonBP/Maps/Isaac_levels/Level_3_BuiltData': Can't find file for asset '/Game/ThirdPersonBP/Maps/Isaac_levels/Level_3_BuiltData' while loading NULL.
[2018.11.12-01.03.49:608][934]LogAIModule: Creating AISystem for world Level_3
[2018.11.12-01.03.49:622][934]LogLoad: Game class is 'ThirdPersonGameMode_C'
[2018.11.12-01.03.49:648][934]LogWorld: Bringing World /Game/ThirdPersonBP/Maps/Isaac_levels/Level_3.Level_3 up for play (max tick rate 0) at 2018.11.12-12.03.49
[2018.11.12-01.03.49:649][934]LogWorld: Bringing up level for play took: 0.026164
[2018.11.12-01.03.49:651][934]LogLoad: Took 0.424895 seconds to LoadMap(/Game/ThirdPersonBP/Maps/Isaac_levels/Level_3)
[2018.11.12-01.04.18:022][687]LogBlueprintUserMessages: [ThirdPersonCharacter_C_0] 10
[2018.11.12-01.04.18:023][687]LogBlueprintUserMessages: [BP_Coin20] Got Coin
[2018.11.12-01.04.18:700][729]LogBlueprintUserMessages: [ThirdPersonCharacter_C_0] 20
[2018.11.12-01.04.18:700][729]LogBlueprintUserMessages: [BP_Coin16] Got Coin
[2018.11.12-01.04.34:628][716]LogNet: Browse: /Game/ThirdPersonBP/Maps/Isaac_levels/Level_3
[2018.11.12-01.04.34:629][716]LogLoad: LoadMap: /Game/ThirdPersonBP/Maps/Isaac_levels/Level_3
[2018.11.12-01.04.34:781][716]LogLinker: Warning: Can't find file '/Game/ThirdPersonBP/Maps/Isaac_levels/Level_3_BuiltData'
[2018.11.12-01.04.34:781][716]LogUObjectGlobals: Warning: Failed to load '/Game/ThirdPersonBP/Maps/Isaac_levels/Level_3_BuiltData': Can't find file '/Game/ThirdPersonBP/Maps/Isaac_levels/Level_3_BuiltData'
[2018.11.12-01.04.34:781][716]LogLinker: Warning: Can't find file for asset '/Game/ThirdPersonBP/Maps/Isaac_levels/Level_3_BuiltData' while loading NULL.
[2018.11.12-01.04.34:781][716]LogUObjectGlobals: Warning: Failed to load '/Game/ThirdPersonBP/Maps/Isaac_levels/Level_3_BuiltData': Can't find file for asset '/Game/ThirdPersonBP/Maps/Isaac_levels/Level_3_BuiltData' while loading NULL.
[2018.11.12-01.04.34:866][716]LogLinker: Warning: Can't find file '/Game/ThirdPersonBP/Maps/Isaac_levels/Level_3_BuiltData'
[2018.11.12-01.04.34:866][716]LoadErrors: Failed to load /Game/ThirdPersonBP/Maps/Isaac_levels/Level_3_BuiltData.Level_3_BuiltData Referenced by PersistentLevel
[2018.11.12-01.04.34:866][716]LogUObjectGlobals: Warning: Failed to load '/Game/ThirdPersonBP/Maps/Isaac_levels/Level_3_BuiltData': Can't find file '/Game/ThirdPersonBP/Maps/Isaac_levels/Level_3_BuiltData'
[2018.11.12-01.04.34:866][716]LogLinker: Warning: Can't find file for asset '/Game/ThirdPersonBP/Maps/Isaac_levels/Level_3_BuiltData' while loading NULL.
[2018.11.12-01.04.34:866][716]LoadErrors: Failed to load /Game/ThirdPersonBP/Maps/Isaac_levels/Level_3_BuiltData.Level_3_BuiltData Referenced by PersistentLevel
[2018.11.12-01.04.34:866][716]LogUObjectGlobals: Warning: Failed to load '/Game/ThirdPersonBP/Maps/Isaac_levels/Level_3_BuiltData': Can't find file for asset '/Game/ThirdPersonBP/Maps/Isaac_levels/Level_3_BuiltData' while loading NULL.
[2018.11.12-01.04.35:012][716]LogAIModule: Creating AISystem for world Level_3
[2018.11.12-01.04.35:026][716]LogLoad: Game class is 'ThirdPersonGameMode_C'
[2018.11.12-01.04.35:051][716]LogWorld: Bringing World /Game/ThirdPersonBP/Maps/Isaac_levels/Level_3.Level_3 up for play (max tick rate 0) at 2018.11.12-12.04.35
[2018.11.12-01.04.35:052][716]LogWorld: Bringing up level for play took: 0.025882
[2018.11.12-01.04.35:055][716]LogLoad: Took 0.425762 seconds to LoadMap(/Game/ThirdPersonBP/Maps/Isaac_levels/Level_3)
[2018.11.12-01.04.47:501][479]LogSlate: Window 'PlatformerPrototype (64-bit Development PCD3D_SM5) ' being destroyed
[2018.11.12-01.04.47:509][479]LogSlate: Updating window title bar state: overlay mode, drag disabled, window buttons hidden, title bar hidden
[2018.11.12-01.04.47:509][479]LogEngine: All Windows Closed
[2018.11.12-01.04.47:509][479]LogWindows: FPlatformMisc::RequestExit(0)
[2018.11.12-01.04.48:520][480]LogExit: Preparing to exit.
[2018.11.12-01.04.48:520][480]LogMoviePlayer: Shutting down movie player
[2018.11.12-01.04.49:094][480]LogSlate: Updating window title bar state: overlay mode, drag disabled, window buttons hidden, title bar hidden
[2018.11.12-01.04.49:105][480]LogExit: Game engine shut down
[2018.11.12-01.04.49:558][480]LogExit: Object subsystem successfully closed.
[2018.11.12-01.04.49:573][480]LogShaderCompilers: Display: Shaders left to compile 0
[2018.11.12-01.04.49:575][480]LogD3D11RHI: Shutdown
[2018.11.12-01.04.49:575][480]LogD3D11RHI: CleanupD3DDevice
[2018.11.12-01.04.49:577][480]LogD3D11RHI: ~FD3D11DynamicRHI
[2018.11.12-01.04.49:585][480]LogModuleManager: Shutting down and abandoning module SequenceRecorderSections (376)
[2018.11.12-01.04.49:585][480]LogModuleManager: Shutting down and abandoning module SequenceRecorder (374)
[2018.11.12-01.04.49:585][480]LogModuleManager: Shutting down and abandoning module AutomationController (372)
[2018.11.12-01.04.49:585][480]LogModuleManager: Shutting down and abandoning module AutomationWorker (370)
[2018.11.12-01.04.49:585][480]LogModuleManager: Shutting down and abandoning module Voice (368)
[2018.11.12-01.04.49:585][480]LogModuleManager: Shutting down and abandoning module AIModule (366)
[2018.11.12-01.04.49:585][480]LogModuleManager: Shutting down and abandoning module GameplayDebugger (365)
[2018.11.12-01.04.49:585][480]LogModuleManager: Shutting down and abandoning module AITestSuite (363)
[2018.11.12-01.04.49:585][480]LogModuleManager: Shutting down and abandoning module NavigationSystem (361)
[2018.11.12-01.04.49:585][480]LogModuleManager: Shutting down and abandoning module WmfMediaFactory (358)
[2018.11.12-01.04.49:585][480]LogModuleManager: Shutting down and abandoning module OpenExrWrapper (356)
[2018.11.12-01.04.49:585][480]LogModuleManager: Shutting down and abandoning module ImgMediaFactory (354)
[2018.11.12-01.04.49:585][480]LogModuleManager: Shutting down and abandoning module AvfMediaFactory (352)
[2018.11.12-01.04.49:585][480]LogModuleManager: Shutting down and abandoning module MagicLeapCameraPreviewFactory (350)
[2018.11.12-01.04.49:585][480]LogModuleManager: Shutting down and abandoning module MagicLeapMediaFactory (348)
[2018.11.12-01.04.49:586][480]LogModuleManager: Shutting down and abandoning module CharacterAI (346)
[2018.11.12-01.04.49:586][480]LogModuleManager: Shutting down and abandoning module SessionServices (344)
[2018.11.12-01.04.49:586][480]LogModuleManager: Shutting down and abandoning module MovieSceneCapture (342)
[2018.11.12-01.04.49:586][480]LogModuleManager: Shutting down and abandoning module MovieSceneTracks (340)
[2018.11.12-01.04.49:586][480]LogModuleManager: Shutting down and abandoning module MovieScene (338)
[2018.11.12-01.04.49:586][480]LogModuleManager: Shutting down and abandoning module StreamingPauseRendering (336)
[2018.11.12-01.04.49:586][480]LogModuleManager: Shutting down and abandoning module PortalServices (334)
[2018.11.12-01.04.49:586][480]LogModuleManager: Shutting down and abandoning module PortalRpc (332)
[2018.11.12-01.04.49:586][480]LogModuleManager: Shutting down and abandoning module MessagingRpc (330)
[2018.11.12-01.04.49:586][480]LogModuleManager: Shutting down and abandoning module ProfilerService (328)
[2018.11.12-01.04.49:589][480]LogModuleManager: Shutting down and abandoning module TaskGraph (326)
[2018.11.12-01.04.49:589][480]LogModuleManager: Shutting down and abandoning module SteamVRController (324)
[2018.11.12-01.04.49:589][480]LogModuleManager: Shutting down and abandoning module ProceduralMeshComponent (322)
[2018.11.12-01.04.49:589][480]LogModuleManager: Shutting down and abandoning module OculusInput (320)
[2018.11.12-01.04.49:589][480]LogModuleManager: Shutting down and abandoning module MobilePatchingUtils (318)
[2018.11.12-01.04.49:589][480]LogModuleManager: Shutting down and abandoning module EditableMesh (316)
[2018.11.12-01.04.49:589][480]LogModuleManager: Shutting down and abandoning module CustomMeshComponent (314)
[2018.11.12-01.04.49:589][480]LogModuleManager: Shutting down and abandoning module CableComponent (312)
[2018.11.12-01.04.49:589][480]LogModuleManager: Shutting down and abandoning module AudioCapture (310)
[2018.11.12-01.04.49:589][480]LogModuleManager: Shutting down and abandoning module ArchVisCharacter (308)
[2018.11.12-01.04.49:589][480]LogModuleManager: Shutting down and abandoning module AndroidPermission (306)
[2018.11.12-01.04.49:589][480]LogModuleManager: Shutting down and abandoning module NUTUnrealEngine4 (304)
[2018.11.12-01.04.49:589][480]LogModuleManager: Shutting down and abandoning module NetcodeUnitTest (302)
[2018.11.12-01.04.49:589][480]LogModuleManager: Shutting down and abandoning module MediaCompositing (300)
[2018.11.12-01.04.49:589][480]LogModuleManager: Shutting down and abandoning module LinearTimecode (298)
[2018.11.12-01.04.49:589][480]LogModuleManager: Shutting down and abandoning module ImgMedia (296)
[2018.11.12-01.04.49:592][480]LogModuleManager: Shutting down and abandoning module HTML5Networking (294)
[2018.11.12-01.04.49:592][480]LogModuleManager: Shutting down and abandoning module GeometryCacheTracks (292)
[2018.11.12-01.04.49:592][480]LogModuleManager: Shutting down and abandoning module GeometryCacheSequencer (291)
[2018.11.12-01.04.49:592][480]LogModuleManager: Shutting down and abandoning module GeometryCache (288)
[2018.11.12-01.04.49:592][480]LogModuleManager: Shutting down and abandoning module GeometryCacheEd (287)
[2018.11.12-01.04.49:592][480]LogModuleManager: Shutting down and abandoning module BackChannel (284)
[2018.11.12-01.04.49:592][480]LogModuleManager: Shutting down and abandoning module AppleVision (282)
[2018.11.12-01.04.49:592][480]LogModuleManager: Shutting down and abandoning module AppleImageUtils (280)
[2018.11.12-01.04.49:592][480]LogModuleManager: Shutting down and abandoning module DatasmithContent (278)
[2018.11.12-01.04.49:592][480]LogModuleManager: Shutting down and abandoning module CryptoKeysOpenSSL (276)
[2018.11.12-01.04.49:592][480]LogModuleManager: Shutting down and abandoning module CryptoKeys (274)
[2018.11.12-01.04.49:592][480]LogModuleManager: Shutting down and abandoning module VisualStudioSourceCodeAccess (272)
[2018.11.12-01.04.49:592][480]LogModuleManager: Shutting down and abandoning module HotReload (271)
[2018.11.12-01.04.49:592][480]LogModuleManager: Shutting down and abandoning module DirectoryWatcher (270)
[2018.11.12-01.04.49:592][480]LogModuleManager: Shutting down and abandoning module VisualStudioCodeSourceCodeAccess (266)
[2018.11.12-01.04.49:592][480]LogModuleManager: Shutting down and abandoning module UObjectPlugin (264)
[2018.11.12-01.04.49:592][480]LogModuleManager: Shutting down and abandoning module SubversionSourceControl (262)
[2018.11.12-01.04.49:592][480]LogModuleManager: Shutting down and abandoning module PerforceSourceControl (260)
[2018.11.12-01.04.49:592][480]LogModuleManager: Shutting down and abandoning module SourceControl (259)
[2018.11.12-01.04.49:592][480]LogModuleManager: Shutting down and abandoning module CLionSourceCodeAccess (256)
[2018.11.12-01.04.49:592][480]LogModuleManager: Shutting down and abandoning module RuntimePhysXCooking (254)
[2018.11.12-01.04.49:592][480]LogModuleManager: Shutting down and abandoning module PhysXVehiclesEditor (252)
[2018.11.12-01.04.49:592][480]LogModuleManager: Shutting down and abandoning module PhysXVehicles (250)
[2018.11.12-01.04.49:592][480]LogModuleManager: Shutting down and abandoning module LocationServicesBPLibrary (248)
[2018.11.12-01.04.49:592][480]LogModuleManager: Shutting down and abandoning module ImmediatePhysicsEditor (246)
[2018.11.12-01.04.49:592][480]LogModuleManager: Shutting down and abandoning module ImmediatePhysics (244)
[2018.11.12-01.04.49:592][480]LogModuleManager: Shutting down and abandoning module ActorSequence (242)
[2018.11.12-01.04.49:592][480]LogModuleManager: Shutting down and abandoning module UdpMessaging (240)
[2018.11.12-01.04.49:694][480]LogModuleManager: Shutting down and abandoning module TcpMessaging (238)
[2018.11.12-01.04.49:794][480]LogModuleManager: Shutting down and abandoning module MagicLeapAudio (236)
[2018.11.12-01.04.49:794][480]LogModuleManager: Shutting down and abandoning module GameplayTagsEditor (234)
[2018.11.12-01.04.49:794][480]LogModuleManager: Shutting down and abandoning module FacialAnimation (232)
[2018.11.12-01.04.49:794][480]LogModuleManager: Shutting down and abandoning module DataValidation (230)
[2018.11.12-01.04.49:794][480]LogModuleManager: Shutting down and abandoning module AssetManagerEditor (228)
[2018.11.12-01.04.49:794][480]LogModuleManager: Shutting down and abandoning module TreeMap (227)
[2018.11.12-01.04.49:794][480]LogModuleManager: Shutting down and abandoning module LightPropagationVolumeRuntime (224)
[2018.11.12-01.04.49:794][480]LogModuleManager: Shutting down and abandoning module AISupportModule (222)
[2018.11.12-01.04.49:794][480]LogModuleManager: Shutting down and abandoning module Paper2D (220)
[2018.11.12-01.04.49:794][480]LogModuleManager: Shutting down and abandoning module PIEPreviewDeviceProfileSelector (218)
[2018.11.12-01.04.49:794][480]LogModuleManager: Shutting down and abandoning module WindowsMoviePlayer (216)
[2018.11.12-01.04.49:794][480]LogModuleManager: Shutting down and abandoning module WmfMedia (214)
[2018.11.12-01.04.49:796][480]LogModuleManager: Shutting down and abandoning module Media (213)
[2018.11.12-01.04.49:802][480]LogModuleManager: Shutting down and abandoning module PacketHandler (210)
[2018.11.12-01.04.49:802][480]LogModuleManager: Shutting down and abandoning module ClothingSystemEditor (208)
[2018.11.12-01.04.49:802][480]LogModuleManager: Shutting down and abandoning module ClothingSystemRuntime (206)
[2018.11.12-01.04.49:802][480]LogModuleManager: Shutting down and abandoning module MediaAssets (204)
[2018.11.12-01.04.49:802][480]LogModuleManager: Shutting down and abandoning module Overlay (202)
[2018.11.12-01.04.49:802][480]LogModuleManager: Shutting down and abandoning module OverlayEditor (201)
[2018.11.12-01.04.49:802][480]LogModuleManager: Shutting down and abandoning module VREditor (198)
[2018.11.12-01.04.49:802][480]LogModuleManager: Shutting down and abandoning module StringTableEditor (196)
[2018.11.12-01.04.49:802][480]LogModuleManager: Shutting down and abandoning module GameplayTasksEditor (194)
[2018.11.12-01.04.49:802][480]LogModuleManager: Shutting down and abandoning module BehaviorTreeEditor (192)
[2018.11.12-01.04.49:803][480]LogModuleManager: Shutting down and abandoning module FunctionalTesting (190)
[2018.11.12-01.04.49:803][480]LogModuleManager: Shutting down and abandoning module CollisionAnalyzer (188)
[2018.11.12-01.04.49:803][480]LogModuleManager: Shutting down and abandoning module WorkspaceMenuStructure (187)
[2018.11.12-01.04.49:803][480]LogModuleManager: Shutting down and abandoning module UMG (184)
[2018.11.12-01.04.49:803][480]LogModuleManager: Shutting down and abandoning module UMGEditor (183)
[2018.11.12-01.04.49:803][480]LogModuleManager: Shutting down and abandoning module Sequencer (182)
[2018.11.12-01.04.49:803][480]LogModuleManager: Shutting down and abandoning module MessageLog (179)
[2018.11.12-01.04.49:803][480]LogModuleManager: Shutting down and abandoning module SlateReflector (174)
[2018.11.12-01.04.49:803][480]LogModuleManager: Shutting down and abandoning module Slate (172)
[2018.11.12-01.04.49:803][480]LogModuleManager: Shutting down and abandoning module EditorStyle (170)
[2018.11.12-01.04.49:806][480]LogModuleManager: Shutting down and abandoning module MRMesh (168)
[2018.11.12-01.04.49:806][480]LogModuleManager: Shutting down and abandoning module Messaging (166)
[2018.11.12-01.04.49:806][480]LogModuleManager: Shutting down and abandoning module SourceCodeAccess (164)
[2018.11.12-01.04.49:806][480]LogModuleManager: Shutting down and abandoning module HeadMountedDisplay (162)
[2018.11.12-01.04.49:806][480]LogModuleManager: Shutting down and abandoning module XAudio2 (160)
[2018.11.12-01.04.49:806][480]LogModuleManager: Shutting down and abandoning module Networking (158)
[2018.11.12-01.04.49:806][480]LogModuleManager: Shutting down and abandoning module Core (156)
[2018.11.12-01.04.49:806][480]LogModuleManager: Shutting down and abandoning module LevelSequence (154)
[2018.11.12-01.04.49:806][480]LogModuleManager: Shutting down and abandoning module KismetCompiler (152)
[2018.11.12-01.04.49:806][480]LogModuleManager: Shutting down and abandoning module MeshUtilities (150)
[2018.11.12-01.04.49:806][480]LogModuleManager: Shutting down and abandoning module MeshMergeUtilities (149)
[2018.11.12-01.04.49:806][480]LogModuleManager: Shutting down and abandoning module MeshReductionInterface (148)
[2018.11.12-01.04.49:806][480]LogModuleManager: Shutting down and abandoning module SimplygonSwarm (147)
[2018.11.12-01.04.49:806][480]LogModuleManager: Shutting down and abandoning module ProxyLODMeshReduction (145)
[2018.11.12-01.04.49:806][480]LogModuleManager: Shutting down and abandoning module SimplygonMeshReduction (143)
[2018.11.12-01.04.49:806][480]LogModuleManager: Shutting down and abandoning module QuadricMeshReduction (141)
[2018.11.12-01.04.49:806][480]LogModuleManager: Shutting down and abandoning module MaterialBaking (137)
[2018.11.12-01.04.49:806][480]LogModuleManager: Shutting down and abandoning module DerivedDataCache (132)
[2018.11.12-01.04.49:869][480]LogDerivedDataCache: Shutdown
[2018.11.12-01.04.49:869][480]LogModuleManager: Shutting down and abandoning module XGEController (130)
[2018.11.12-01.04.49:869][480]LogModuleManager: Shutting down and abandoning module TargetPlatform (128)
[2018.11.12-01.04.49:869][480]LogModuleManager: Shutting down and abandoning module VulkanShaderFormat (127)
[2018.11.12-01.04.49:869][480]LogModuleManager: Shutting down and abandoning module ShaderFormatVectorVM (125)
[2018.11.12-01.04.49:869][480]LogModuleManager: Shutting down and abandoning module ShaderFormatOpenGL (123)
[2018.11.12-01.04.49:869][480]LogModuleManager: Shutting down and abandoning module ShaderFormatD3D (121)
[2018.11.12-01.04.49:869][480]LogModuleManager: Shutting down and abandoning module MetalShaderFormat (119)
[2018.11.12-01.04.49:869][480]LogModuleManager: Shutting down and abandoning module TextureFormatUncompressed (117)
[2018.11.12-01.04.49:869][480]LogModuleManager: Shutting down and abandoning module TextureFormatPVR (115)
[2018.11.12-01.04.49:869][480]LogModuleManager: Shutting down and abandoning module TextureFormatDXT (113)
[2018.11.12-01.04.49:869][480]LogModuleManager: Shutting down and abandoning module TextureFormatIntelISPCTexComp (111)
[2018.11.12-01.04.49:870][480]LogModuleManager: Shutting down and abandoning module TextureFormatASTC (109)
[2018.11.12-01.04.49:870][480]LogModuleManager: Shutting down and abandoning module ImageWrapper (108)
[2018.11.12-01.04.49:870][480]LogModuleManager: Shutting down and abandoning module TextureFormatAndroid (105)
[2018.11.12-01.04.49:870][480]LogModuleManager: Shutting down and abandoning module AudioFormatOpus (103)
[2018.11.12-01.04.49:870][480]LogModuleManager: Shutting down and abandoning module AudioFormatOgg (101)
[2018.11.12-01.04.49:870][480]LogModuleManager: Shutting down and abandoning module AudioFormatADPCM (99)
[2018.11.12-01.04.49:870][480]LogModuleManager: Shutting down and abandoning module WindowsTargetPlatform (97)
[2018.11.12-01.04.49:870][480]LogModuleManager: Shutting down and abandoning module WindowsServerTargetPlatform (95)
[2018.11.12-01.04.49:870][480]LogModuleManager: Shutting down and abandoning module WindowsNoEditorTargetPlatform (93)
[2018.11.12-01.04.49:870][480]LogModuleManager: Shutting down and abandoning module WindowsClientTargetPlatform (91)
[2018.11.12-01.04.49:870][480]LogModuleManager: Shutting down and abandoning module InputCore (88)
[2018.11.12-01.04.49:870][480]LogModuleManager: Shutting down and abandoning module Settings (86)
[2018.11.12-01.04.49:870][480]LogModuleManager: Shutting down and abandoning module PhysXCooking (84)
[2018.11.12-01.04.49:870][480]LogModuleManager: Shutting down and abandoning module SteamVR (82)
[2018.11.12-01.04.49:871][480]LogModuleManager: Shutting down and abandoning module OculusHMD (80)
[2018.11.12-01.04.49:871][480]LogModuleManager: Shutting down and abandoning module ExampleDeviceProfileSelector (78)
[2018.11.12-01.04.49:871][480]LogModuleManager: Shutting down and abandoning module LauncherChunkInstaller (76)
[2018.11.12-01.04.49:871][480]LogModuleManager: Shutting down and abandoning module OnlineBlueprintSupport (74)
[2018.11.12-01.04.49:871][480]LogModuleManager: Shutting down and abandoning module OnlineSubsystem (70)
[2018.11.12-01.04.49:872][480]LogModuleManager: Shutting down and abandoning module XMPP (65)
[2018.11.12-01.04.49:872][480]LogModuleManager: Shutting down and abandoning module WebSockets (64)
[2018.11.12-01.04.49:908][480]LogModuleManager: Shutting down and abandoning module HTTP (61)
[2018.11.12-01.04.49:919][480]LogModuleManager: Shutting down and abandoning module SSL (60)
[2018.11.12-01.04.49:922][480]LogModuleManager: Shutting down and abandoning module MagicLeapEmulator (56)
[2018.11.12-01.04.49:922][480]LogModuleManager: Shutting down and abandoning module MagicLeapPrivileges (54)
[2018.11.12-01.04.49:923][480]LogModuleManager: Shutting down and abandoning module MagicLeapIdentity (52)
[2018.11.12-01.04.49:923][480]LogModuleManager: Shutting down and abandoning module MagicLeapHelperVulkan (50)
[2018.11.12-01.04.49:923][480]LogModuleManager: Shutting down and abandoning module MagicLeapHelperOpenGL (48)
[2018.11.12-01.04.49:923][480]LogModuleManager: Shutting down and abandoning module MagicLeapSecureStorage (46)
[2018.11.12-01.04.49:923][480]LogModuleManager: Shutting down and abandoning module MagicLeapGestures (44)
[2018.11.12-01.04.49:923][480]LogModuleManager: Shutting down and abandoning module MagicLeapEyeTracker (42)
[2018.11.12-01.04.49:923][480]LogModuleManager: Shutting down and abandoning module MagicLeapController (40)
[2018.11.12-01.04.49:923][480]LogSlate: Slate User Destroyed.  User Index 0, Is Virtual User: 0
[2018.11.12-01.04.49:923][480]LogModuleManager: Shutting down and abandoning module MagicLeap (38)
[2018.11.12-01.04.49:923][480]LogModuleManager: Shutting down and abandoning module AnimationModifiers (36)
[2018.11.12-01.04.49:924][480]LogModuleManager: Shutting down and abandoning module PropertyEditor (35)
[2018.11.12-01.04.49:924][480]LogModuleManager: Shutting down and abandoning module AudioEditor (32)
[2018.11.12-01.04.49:924][480]LogModuleManager: Shutting down and abandoning module TextureCompressor (30)
[2018.11.12-01.04.49:924][480]LogModuleManager: Shutting down and abandoning module ShaderCore (28)
[2018.11.12-01.04.49:924][480]LogModuleManager: Shutting down and abandoning module Landscape (26)
[2018.11.12-01.04.49:924][480]LogModuleManager: Shutting down and abandoning module SlateRHIRenderer (24)
[2018.11.12-01.04.49:925][480]LogModuleManager: Shutting down and abandoning module OpenGLDrv (22)
[2018.11.12-01.04.49:925][480]LogModuleManager: Shutting down and abandoning module D3D11RHI (20)
[2018.11.12-01.04.49:925][480]LogModuleManager: Shutting down and abandoning module AnimGraphRuntime (18)
[2018.11.12-01.04.49:925][480]LogModuleManager: Shutting down and abandoning module Renderer (16)
[2018.11.12-01.04.49:925][480]LogModuleManager: Shutting down and abandoning module Engine (14)
[2018.11.12-01.04.49:925][480]LogModuleManager: Shutting down and abandoning module CoreUObject (12)
[2018.11.12-01.04.49:925][480]LogModuleManager: Shutting down and abandoning module NetworkFile (10)
[2018.11.12-01.04.49:925][480]LogModuleManager: Shutting down and abandoning module CookedIterativeFile (8)
[2018.11.12-01.04.49:925][480]LogModuleManager: Shutting down and abandoning module StreamingFile (6)
[2018.11.12-01.04.49:925][480]LogModuleManager: Shutting down and abandoning module SandboxFile (4)
[2018.11.12-01.04.49:925][480]LogModuleManager: Shutting down and abandoning module PakFile (2)
[2018.11.12-01.04.49:940][480]LogExit: Exiting.
[2018.11.12-01.04.49:945][480]Log file closed, 11/12/18 12:04:49
