Log file open, 10/08/18 09:38:22
LogWindows: Failed to load 'aqProf.dll' (GetLastError=126)
LogWindows: File 'aqProf.dll' does not exist
LogWindows: Failed to load 'VSPerf140.dll' (GetLastError=126)
LogWindows: File 'VSPerf140.dll' does not exist
LogWindows: Failed to load 'VtuneApi.dll' (GetLastError=126)
LogWindows: File 'VtuneApi.dll' does not exist
LogWindows: Failed to load 'VtuneApi32e.dll' (GetLastError=126)
LogWindows: File 'VtuneApi32e.dll' does not exist
LogInit: Display: Running engine for game: PlatformerPrototype
LogPlatformFile: Not using cached read wrapper
LogTaskGraph: Started task graph with 5 named threads and 23 total threads with 3 sets of task threads.
LogStats: Stats thread started at 0.352588
LogD3D11RHI: Loaded GFSDK_Aftermath_Lib.x64.dll
LogICUInternationalization: Display: ICU TimeZone Detection - Raw Offset: +10:00, Platform Override: ''
LogPluginManager: Mounting plugin Paper2D
LogPluginManager: Mounting plugin AISupport
LogPluginManager: Mounting plugin LightPropagationVolume
LogPluginManager: Mounting plugin CLionSourceCodeAccess
LogPluginManager: Mounting plugin CodeLiteSourceCodeAccess
LogPluginManager: Mounting plugin GitSourceControl
LogPluginManager: Mounting plugin KDevelopSourceCodeAccess
LogPluginManager: Mounting plugin NullSourceCodeAccess
LogPluginManager: Mounting plugin PerforceSourceControl
LogPluginManager: Mounting plugin SubversionSourceControl
LogPluginManager: Mounting plugin UObjectPlugin
LogPluginManager: Mounting plugin VisualStudioCodeSourceCodeAccess
LogPluginManager: Mounting plugin VisualStudioSourceCodeAccess
LogPluginManager: Mounting plugin XCodeSourceCodeAccess
LogPluginManager: Mounting plugin AssetManagerEditor
LogPluginManager: Mounting plugin CryptoKeys
LogPluginManager: Mounting plugin DataValidation
LogPluginManager: Mounting plugin EditorScriptingUtilities
LogPluginManager: Mounting plugin FacialAnimation
LogPluginManager: Mounting plugin GameplayTagsEditor
LogPluginManager: Mounting plugin MacGraphicsSwitching
LogPluginManager: Mounting plugin MeshEditor
LogPluginManager: Mounting plugin MobileLauncherProfileWizard
LogPluginManager: Mounting plugin PluginBrowser
LogPluginManager: Mounting plugin SpeedTreeImporter
LogPluginManager: Mounting plugin DatasmithContent
LogPluginManager: Mounting plugin AlembicImporter
LogPluginManager: Mounting plugin AppleImageUtils
LogPluginManager: Mounting plugin AppleVision
LogPluginManager: Mounting plugin BackChannel
LogPluginManager: Mounting plugin CharacterAI
LogPluginManager: Mounting plugin GeometryCache
LogPluginManager: Mounting plugin HTML5Networking
LogPluginManager: Mounting plugin ProxyLODPlugin
LogPluginManager: Mounting plugin MagicLeap
LogPluginManager: Mounting plugin MagicLeapEmulator
LogPluginManager: Mounting plugin MagicLeapMedia
LogPluginManager: Mounting plugin AndroidMedia
LogPluginManager: Mounting plugin AvfMedia
LogPluginManager: Mounting plugin ImgMedia
LogPluginManager: Mounting plugin LinearTimecode
LogPluginManager: Mounting plugin MediaCompositing
LogPluginManager: Mounting plugin MediaPlayerEditor
LogPluginManager: Mounting plugin WmfMedia
LogPluginManager: Mounting plugin TcpMessaging
LogPluginManager: Mounting plugin UdpMessaging
LogPluginManager: Mounting plugin ActorSequence
LogPluginManager: Mounting plugin LevelSequenceEditor
LogPluginManager: Mounting plugin MatineeToLevelSequence
LogPluginManager: Mounting plugin NetcodeUnitTest
LogPluginManager: Mounting plugin NUTUnrealEngine4
LogPluginManager: Mounting plugin OnlineSubsystemGooglePlay
LogPluginManager: Mounting plugin OnlineSubsystemIOS
LogPluginManager: Mounting plugin OnlineSubsystem
LogPluginManager: Mounting plugin OnlineSubsystemNull
LogPluginManager: Mounting plugin OnlineSubsystemUtils
LogPluginManager: Mounting plugin LauncherChunkInstaller
LogPluginManager: Mounting plugin AndroidDeviceProfileSelector
LogPluginManager: Mounting plugin AndroidMoviePlayer
LogPluginManager: Mounting plugin AndroidPermission
LogPluginManager: Mounting plugin AppleMoviePlayer
LogPluginManager: Mounting plugin ArchVisCharacter
LogPluginManager: Mounting plugin AudioCapture
LogPluginManager: Mounting plugin CableComponent
LogPluginManager: Mounting plugin CustomMeshComponent
LogPluginManager: Mounting plugin EditableMesh
LogPluginManager: Mounting plugin ExampleDeviceProfileSelector
LogPluginManager: Mounting plugin GoogleCloudMessaging
LogPluginManager: Mounting plugin ImmediatePhysics
LogPluginManager: Mounting plugin IOSDeviceProfileSelector
LogPluginManager: Mounting plugin LinuxDeviceProfileSelector
LogPluginManager: Mounting plugin LocationServicesBPLibrary
LogPluginManager: Mounting plugin MobilePatchingUtils
LogPluginManager: Mounting plugin OculusVR
LogPluginManager: Plugin shader directory ../../../Engine/Plugins/Runtime/Oculus/OculusVR/Shaders found
LogPluginManager: Mapping shader source directory ../../../Engine/Plugins/Runtime/Oculus/OculusVR/Shaders to virtual directory /Plugin/OculusVR
LogPluginManager: Mounting plugin PhysXVehicles
LogPluginManager: Mounting plugin ProceduralMeshComponent
LogPluginManager: Mounting plugin RuntimePhysXCooking
LogPluginManager: Mounting plugin SteamVR
LogPluginManager: Mounting plugin WindowsMoviePlayer
LogPluginManager: Mounting plugin DatasmithCADImporter
LogPluginManager: Mounting plugin DatasmithFBXImporter
LogPluginManager: Mounting plugin DatasmithImporter
LogPluginManager: Mounting plugin DatasmithMDLImporter
LogPluginManager: Mounting plugin StaticMeshEditorExtension
LogStreaming: Display: Took  0.104s to configure plugins.
LogInit: Using libcurl 7.55.1-DEV
LogInit:  - built for x86_64-pc-win32
LogInit:  - supports SSL with OpenSSL/1.0.2h
LogInit:  - supports HTTP deflate (compression) using libz 1.2.8
LogInit:  - other features:
LogInit:      CURL_VERSION_SSL
LogInit:      CURL_VERSION_LIBZ
LogInit:      CURL_VERSION_IPV6
LogInit:      CURL_VERSION_ASYNCHDNS
LogInit:      CURL_VERSION_LARGEFILE
LogInit:      CURL_VERSION_IDN
LogInit:  CurlRequestOptions (configurable via config and command line):
LogInit:  - bVerifyPeer = false  - Libcurl will NOT verify peer certificate
LogInit:  - bUseHttpProxy = false  - Libcurl will NOT use HTTP proxy
LogInit:  - bDontReuseConnections = false  - Libcurl will reuse connections
LogInit:  - CertBundlePath = nullptr  - Libcurl will use whatever was configured at build time.
LogInit:  - MaxHostConnections = 16  - Libcurl will limit the number of connections to a host
LogInit:  - LocalHostAddr = Default
LogInit:  - BufferSize = 65536
LogInit: WinSock: version 1.1 (2.2), MaxSocks=32767, MaxUdp=65467
LogHMD: Failed initializing OVRPlugin 1.25.0
LogInit: Build: ++UE4+Release-4.20-CL-4302132
LogInit: Engine Version: 4.20.2-4302132+++UE4+Release-4.20
LogInit: Compatible Engine Version: 4.20.0-4212847+++UE4+Release-4.20
LogInit: Net CL: 4212847
LogInit: OS: Windows 10 (), CPU: Intel(R) Core(TM) i7-6700 CPU @ 3.40GHz, GPU: NVIDIA GeForce GTX 980
LogInit: Compiled (64-bit): Aug 21 2018 02:06:06
LogInit: Compiled with Visual C++: 19.13.26129.00
LogInit: Build Configuration: Development
LogInit: Branch Name: ++UE4+Release-4.20
LogInit: Command Line:  
LogInit: Base Directory: C:/Program Files/Epic Games/UE_4.20/Engine/Binaries/Win64/
LogInit: Installed Engine Build: 1
LogDevObjectVersion: Number of dev versions registered: 20
LogDevObjectVersion:   Dev-Blueprints (B0D832E4-1F89-4F0D-ACCF-7EB736FD4AA2): 10
LogDevObjectVersion:   Dev-Build (E1C64328-A22C-4D53-A36C-8E866417BD8C): 0
LogDevObjectVersion:   Dev-Core (375EC13C-06E4-48FB-B500-84F0262A717E): 2
LogDevObjectVersion:   Dev-Editor (E4B068ED-F494-42E9-A231-DA0B2E46BB41): 24
LogDevObjectVersion:   Dev-Framework (CFFC743F-43B0-4480-9391-14DF171D2073): 34
LogDevObjectVersion:   Dev-Mobile (B02B49B5-BB20-44E9-A304-32B752E40360): 2
LogDevObjectVersion:   Dev-Networking (A4E4105C-59A1-49B5-A7C5-40C4547EDFEE): 0
LogDevObjectVersion:   Dev-Online (39C831C9-5AE6-47DC-9A44-9C173E1C8E7C): 0
LogDevObjectVersion:   Dev-Physics (78F01B33-EBEA-4F98-B9B4-84EACCB95AA2): 0
LogDevObjectVersion:   Dev-Platform (6631380F-2D4D-43E0-8009-CF276956A95A): 0
LogDevObjectVersion:   Dev-Rendering (12F88B9F-8875-4AFC-A67C-D90C383ABD29): 26
LogDevObjectVersion:   Dev-Sequencer (7B5AE74C-D270-4C10-A958-57980B212A5A): 9
LogDevObjectVersion:   Dev-VR (D7296918-1DD6-4BDD-9DE2-64A83CC13884): 2
LogDevObjectVersion:   Dev-LoadTimes (C2A15278-BFE7-4AFE-6C17-90FF531DF755): 1
LogDevObjectVersion:   Private-Geometry (6EACA3D4-40EC-4CC1-B786-8BED09428FC5): 3
LogDevObjectVersion:   Dev-AnimPhys (29E575DD-E0A3-4627-9D10-D276232CDCEA): 17
LogDevObjectVersion:   Dev-ReflectionCapture (6B266CEC-1EC7-4B8F-A30B-E4D90942FC07): 1
LogDevObjectVersion:   Dev-Automation (0DF73D61-A23F-47EA-B727-89E90C41499A): 1
LogDevObjectVersion:   FortniteMain (601D1886-AC64-4F84-AA16-D3DE0DEAC7D6): 12
LogDevObjectVersion:   Dev-Enterprise (9DFFBCD6-494F-0158-E221-12823C92A888): 1
LogStreaming: Display: Took  0.012s to delete old logs.
LogInit: Presizing for max 8388607 objects, including 0 objects not considered by GC, pre-allocating 0 bytes for permanent pool.
LogInit: Object subsystem initialized
[2018.10.07-22.38.23:336][  0]LogInit: Selected Device Profile: [Windows]
[2018.10.07-22.38.23:336][  0]LogInit: Applying CVar settings loaded from the selected device profile: [Windows]
[2018.10.07-22.38.23:383][  0]LogHAL: Display: Platform has ~ 32 GB [34270724096 / 34359738368 / 32], which maps to Largest [LargestMinGB=32, LargerMinGB=12, DefaultMinGB=8, SmallerMinGB=6, SmallestMinGB=0)
[2018.10.07-22.38.23:383][  0]LogInit: Setting Device Profile CVar: [[r.Vulkan.UseRealUBs:1]]
[2018.10.07-22.38.23:383][  0]LogInit: Going up to parent DeviceProfile []
[2018.10.07-22.38.23:388][  0]LogInit: Computer: SYD-TEST-GAMES
[2018.10.07-22.38.23:388][  0]LogInit: User: sae
[2018.10.07-22.38.23:388][  0]LogInit: CPU Page size=4096, Cores=4
[2018.10.07-22.38.23:388][  0]LogInit: High frequency timer resolution =3.328125 MHz
[2018.10.07-22.38.23:388][  0]LogMemory: Memory total: Physical=31.9GB (32GB approx)
[2018.10.07-22.38.23:388][  0]LogMemory: Platform Memory Stats for Windows
[2018.10.07-22.38.23:388][  0]LogMemory: Process Physical Memory: 101.91 MB used, 101.91 MB peak
[2018.10.07-22.38.23:388][  0]LogMemory: Process Virtual Memory: 94.10 MB used, 94.10 MB peak
[2018.10.07-22.38.23:388][  0]LogMemory: Physical Memory: 3867.17 MB used,  28815.94 MB free, 32683.11 MB total
[2018.10.07-22.38.23:388][  0]LogMemory: Virtual Memory: 4654.97 MB used,  28815.94 MB free, 134217728.00 MB total
[2018.10.07-22.38.23:420][  0]LogInit: Using OS detected language (en-US).
[2018.10.07-22.38.23:420][  0]LogInit: Using OS detected locale (en-AU).
[2018.10.07-22.38.23:421][  0]LogTextLocalizationManager: No specific localization for 'en-US' exists, so the 'en' localization will be used.
[2018.10.07-22.38.23:727][  0]LogStreaming: Display: Took  0.308s to InitEngineTextLocalization.
[2018.10.07-22.38.23:727][  0]LogInit: Setting process to per monitor DPI aware
[2018.10.07-22.38.23:764][  0]LogSlate: New Slate User Created.  User Index 0, Is Virtual User: 0
[2018.10.07-22.38.23:764][  0]LogSlate: Slate User Registered.  User Index 0, Is Virtual User: 0
[2018.10.07-22.38.23:922][  0]LogHMD: Failed to initialize OpenVR with code 126
[2018.10.07-22.38.23:922][  0]LogD3D11RHI: D3D11 adapters:
[2018.10.07-22.38.23:972][  0]LogD3D11RHI:    0. 'NVIDIA GeForce GTX 980' (Feature Level 11_0)
[2018.10.07-22.38.23:972][  0]LogD3D11RHI:       4053/0/16341 MB DedicatedVideo/DedicatedSystem/SharedSystem, Outputs:1, VendorId:0x10de
[2018.10.07-22.38.23:974][  0]LogD3D11RHI:    1. 'Microsoft Basic Render Driver' (Feature Level 11_0)
[2018.10.07-22.38.23:974][  0]LogD3D11RHI:       0/0/16341 MB DedicatedVideo/DedicatedSystem/SharedSystem, Outputs:0, VendorId:0x1414
[2018.10.07-22.38.23:974][  0]LogD3D11RHI: Chosen D3D11 Adapter: 0
[2018.10.07-22.38.23:978][  0]LogD3D11RHI: Creating new Direct3DDevice
[2018.10.07-22.38.23:978][  0]LogD3D11RHI:     GPU DeviceId: 0x13c0 (for the marketing name, search the web for "GPU Device Id")
[2018.10.07-22.38.23:978][  0]LogWindows: EnumDisplayDevices:
[2018.10.07-22.38.23:978][  0]LogWindows:    0. 'NVIDIA GeForce GTX 980' (P:1 D:1)
[2018.10.07-22.38.23:978][  0]LogWindows:    1. 'NVIDIA GeForce GTX 980' (P:0 D:0)
[2018.10.07-22.38.23:979][  0]LogWindows:    2. 'NVIDIA GeForce GTX 980' (P:0 D:0)
[2018.10.07-22.38.23:979][  0]LogWindows:    3. 'NVIDIA GeForce GTX 980' (P:0 D:0)
[2018.10.07-22.38.23:979][  0]LogWindows: DebugString: FoundDriverCount:4 
[2018.10.07-22.38.23:979][  0]LogD3D11RHI:     Adapter Name: NVIDIA GeForce GTX 980
[2018.10.07-22.38.23:979][  0]LogD3D11RHI:   Driver Version: 398.82 (internal:24.21.13.9882, unified:398.82)
[2018.10.07-22.38.23:979][  0]LogD3D11RHI:      Driver Date: 7-30-2018
[2018.10.07-22.38.23:979][  0]LogRHI: Texture pool is 2837 MB (70% of 4053 MB)
[2018.10.07-22.38.24:011][  0]LogD3D11RHI: Async texture creation enabled
[2018.10.07-22.38.24:027][  0]LogD3D11RHI: GPU Timing Frequency: 1000.000000 (Debug: 2 2)
[2018.10.07-22.38.24:070][  0]LogShaderCompilers: Guid format shader working directory is -39 characters bigger than the processId version (../../../../../../Users/sae/Documents/GitHub/GPG210-Prototypes/PlatformerPrototype/Intermediate/Shaders/WorkingDirectory/11860/).
[2018.10.07-22.38.24:070][  0]LogShaderCompilers: Cleaned the shader compiler working directory 'C:/Users/sae/AppData/Local/Temp/UnrealShaderWorkingDir/5B205D0A4C1549032D66C6BEBFF96CFF/'.
[2018.10.07-22.38.24:306][  0]LogTemp: Display: Loaded TP AllDesktopTargetPlatform
[2018.10.07-22.38.24:319][  0]LogTemp: Display: Loaded TP MacClientTargetPlatform
[2018.10.07-22.38.24:331][  0]LogTemp: Display: Loaded TP MacNoEditorTargetPlatform
[2018.10.07-22.38.24:342][  0]LogTemp: Display: Loaded TP MacServerTargetPlatform
[2018.10.07-22.38.24:354][  0]LogTemp: Display: Loaded TP MacTargetPlatform
[2018.10.07-22.38.24:365][  0]LogTemp: Display: Loaded TP WindowsClientTargetPlatform
[2018.10.07-22.38.24:376][  0]LogTemp: Display: Loaded TP WindowsNoEditorTargetPlatform
[2018.10.07-22.38.24:388][  0]LogTemp: Display: Loaded TP WindowsServerTargetPlatform
[2018.10.07-22.38.24:393][  0]LogTemp: Display: Loaded TP WindowsTargetPlatform
[2018.10.07-22.38.24:457][  0]LogTemp: Display: Loaded TP AndroidTargetPlatform
[2018.10.07-22.38.24:457][  0]LogTemp: Display: Loaded TP AndroidTargetPlatform
[2018.10.07-22.38.24:457][  0]LogTemp: Display: Loaded TP AndroidTargetPlatform
[2018.10.07-22.38.24:457][  0]LogTemp: Display: Loaded TP AndroidTargetPlatform
[2018.10.07-22.38.24:457][  0]LogTemp: Display: Loaded TP AndroidTargetPlatform
[2018.10.07-22.38.24:457][  0]LogTemp: Display: Loaded TP AndroidTargetPlatform
[2018.10.07-22.38.24:457][  0]LogTemp: Display: Loaded TP AndroidTargetPlatform
[2018.10.07-22.38.24:457][  0]LogTemp: Display: Loaded TP AndroidTargetPlatform
[2018.10.07-22.38.24:457][  0]LogTemp: Display: Loaded TP AndroidTargetPlatform
[2018.10.07-22.38.24:457][  0]LogTemp: Display: Loaded TP AndroidTargetPlatform
[2018.10.07-22.38.24:457][  0]LogTemp: Display: Loaded TP AndroidTargetPlatform
[2018.10.07-22.38.24:457][  0]LogTemp: Display: Loaded TP AndroidTargetPlatform
[2018.10.07-22.38.24:457][  0]LogTemp: Display: Loaded TP AndroidTargetPlatform
[2018.10.07-22.38.24:457][  0]LogTemp: Display: Loaded TP AndroidTargetPlatform
[2018.10.07-22.38.24:457][  0]LogTemp: Display: Loaded TP AndroidTargetPlatform
[2018.10.07-22.38.24:457][  0]LogTemp: Display: Loaded TP AndroidTargetPlatform
[2018.10.07-22.38.24:457][  0]LogTemp: Display: Loaded TP AndroidTargetPlatform
[2018.10.07-22.38.24:457][  0]LogTemp: Display: Loaded TP AndroidTargetPlatform
[2018.10.07-22.38.24:458][  0]LogTemp: Display: Loaded TP HTML5TargetPlatform
[2018.10.07-22.38.24:512][  0]LogTemp: Display: Loaded TP IOSTargetPlatform
[2018.10.07-22.38.24:512][  0]LogTemp: Display: Loaded TP IOSTargetPlatform
[2018.10.07-22.38.24:531][  0]LogTemp: Display: Loaded TP TVOSTargetPlatform
[2018.10.07-22.38.24:531][  0]LogTemp: Display: Loaded TP TVOSTargetPlatform
[2018.10.07-22.38.24:541][  0]LogTemp: Display: Loaded TP LinuxClientTargetPlatform
[2018.10.07-22.38.24:550][  0]LogTemp: Display: Loaded TP LinuxNoEditorTargetPlatform
[2018.10.07-22.38.24:560][  0]LogTemp: Display: Loaded TP LinuxServerTargetPlatform
[2018.10.07-22.38.24:570][  0]LogTemp: Display: Loaded TP LinuxTargetPlatform
[2018.10.07-22.38.24:578][  0]LogTemp: Display: Loaded TP LuminTargetPlatform
[2018.10.07-22.38.24:578][  0]LogTargetPlatformManager: Display: Building Assets For Windows
[2018.10.07-22.38.24:618][  0]LogXGEController: Cleaning working directory: C:/Users/sae/AppData/Local/Temp/UnrealXGEWorkingDir/
[2018.10.07-22.38.24:619][  0]LogXGEController: Cannot use XGE Controller as Incredibuild is not installed on this machine.
[2018.10.07-22.38.24:619][  0]LogShaderCompilers: Cannot use XGE Shader Compiler as Incredibuild is not installed on this machine.
[2018.10.07-22.38.24:619][  0]LogShaderCompilers: Display: Using Local Shader Compiler.
[2018.10.07-22.38.25:206][  0]LogDerivedDataCache: Display: Max Cache Size: 512 MB
[2018.10.07-22.38.25:255][  0]LogDerivedDataCache: Loaded boot cache 0.05s 72MB C:/Users/sae/AppData/Local/UnrealEngine/4.20/DerivedDataCache/Boot.ddc.
[2018.10.07-22.38.25:256][  0]LogDerivedDataCache: Display: Loaded Boot cache: C:/Users/sae/AppData/Local/UnrealEngine/4.20/DerivedDataCache/Boot.ddc
[2018.10.07-22.38.25:256][  0]LogDerivedDataCache: FDerivedDataBackendGraph:  Pak pak cache file ../../../../../../Users/sae/Documents/GitHub/GPG210-Prototypes/PlatformerPrototype/DerivedDataCache/DDC.ddp not found, will not use a pak cache.
[2018.10.07-22.38.25:256][  0]LogDerivedDataCache: Unable to find inner node Pak for hierarchical cache Hierarchy.
[2018.10.07-22.38.25:256][  0]LogDerivedDataCache: FDerivedDataBackendGraph:  CompressedPak pak cache file ../../../../../../Users/sae/Documents/GitHub/GPG210-Prototypes/PlatformerPrototype/DerivedDataCache/Compressed.ddp not found, will not use a pak cache.
[2018.10.07-22.38.25:256][  0]LogDerivedDataCache: Unable to find inner node CompressedPak for hierarchical cache Hierarchy.
[2018.10.07-22.38.25:267][  0]LogDerivedDataCache: Display: Pak cache opened for reading ../../../Engine/DerivedDataCache/Compressed.ddp.
[2018.10.07-22.38.25:278][  0]LogDerivedDataCache: Using Local data cache path C:/Users/sae/AppData/Local/UnrealEngine/Common/DerivedDataCache: Writable
[2018.10.07-22.38.25:278][  0]LogDerivedDataCache: Shared data cache path not found in *engine.ini, will not use an Shared cache.
[2018.10.07-22.38.25:278][  0]LogDerivedDataCache: Unable to find inner node Shared for hierarchical cache Hierarchy.
[2018.10.07-22.38.25:295][  0]LogMaterial: Verifying Global Shaders for PCD3D_SM5
[2018.10.07-22.38.25:296][  0]LogSlate: Using FreeType 2.6.0
[2018.10.07-22.38.25:296][  0]LogSlate: SlateFontServices - WITH_FREETYPE: 1, WITH_HARFBUZZ: 1
[2018.10.07-22.38.25:358][  0]LogAssetRegistry: FAssetRegistry took 0.0249 seconds to start up
[2018.10.07-22.38.25:626][  0]LogInit: Selected Device Profile: [Windows]
[2018.10.07-22.38.25:732][  0]LogSimplygon: Simplygon DLL not present - disabling.
[2018.10.07-22.38.25:735][  0]LogMeshReduction: Using SimplygonSwarm for distributed automatic mesh merging
[2018.10.07-22.38.25:735][  0]LogMeshReduction: Using ProxyLODMeshReduction for automatic mesh merging
[2018.10.07-22.38.25:735][  0]LogMeshReduction: Using QuadricMeshReduction for automatic static mesh reduction
[2018.10.07-22.38.25:735][  0]LogMeshReduction: No automatic skeletal mesh reduction module available
[2018.10.07-22.38.25:752][  0]LogNetVersion: PlatformerPrototype 1.0.0, NetCL: 4212847, EngineNetVer: 5, GameNetVer: 0 (Checksum: 3545419167)
[2018.10.07-22.38.26:200][  0]LogPackageLocalizationCache: Processed 13 localized package path(s) for 2 prioritized culture(s) in 0.108398 seconds
[2018.10.07-22.38.26:205][  0]LogUObjectArray: 38425 objects as part of root set at end of initial load.
[2018.10.07-22.38.26:205][  0]LogUObjectAllocator: 6690864 out of 0 bytes used by permanent object pool.
[2018.10.07-22.38.26:205][  0]LogUObjectArray: CloseDisregardForGC: 0/0 objects in disregard for GC pool
[2018.10.07-22.38.26:880][  0]LogTcpMessaging: Initializing TcpMessaging bridge
[2018.10.07-22.38.26:893][  0]LogUdpMessaging: Initializing bridge on interface 0.0.0.0:0 to multicast group 230.0.0.1:6666.
[2018.10.07-22.38.27:018][  0]SourceControl: Source control is disabled
[2018.10.07-22.38.27:018][  0]SourceControl: Source control is disabled
[2018.10.07-22.38.27:019][  0]SourceControl: Source control is disabled
[2018.10.07-22.38.27:019][  0]SourceControl: Source control is disabled
[2018.10.07-22.38.27:177][  0]LogAndroidPermission: UAndroidPermissionCallbackProxy::GetInstance
[2018.10.07-22.38.27:226][  0]LogOcInput: OculusInput pre-init called
[2018.10.07-22.38.29:275][  0]LogEngine: Initializing Engine...
[2018.10.07-22.38.29:290][  0]LogHMD: Failed to initialize OpenVR with code 126
[2018.10.07-22.38.29:291][  0]LogStats: UGameplayTagsManager::ConstructGameplayTagTree: ImportINI prefixes -  0.000 s
[2018.10.07-22.38.29:291][  0]LogStats: UGameplayTagsManager::ConstructGameplayTagTree: Construct from data asset -  0.000 s
[2018.10.07-22.38.29:291][  0]LogStats: UGameplayTagsManager::ConstructGameplayTagTree: ImportINI -  0.000 s
[2018.10.07-22.38.29:291][  0]LogStats: UGameplayTagsManager::ConstructGameplayTagTree: GameplayTagTreeChangedEvent.Broadcast -  0.000 s
[2018.10.07-22.38.29:465][  0]LogInit: Initializing FReadOnlyCVARCache
[2018.10.07-22.38.29:477][  0]LogAIModule: Creating AISystem for world Untitled
[2018.10.07-22.38.29:498][  0]LogInit: XAudio2 using 'U28E850 (2- NVIDIA High Definition Audio)' : 2 channels at 48 kHz using 16 bits per sample (channel mask 0x3)
[2018.10.07-22.38.29:525][  0]LogInit: FAudioDevice initialized.
[2018.10.07-22.38.29:525][  0]LogNetVersion: Set ProjectVersion to 1.0.0.0. Version Checksum will be recalculated on next use.
[2018.10.07-22.38.29:589][  0]LogDerivedDataCache: Saved boot cache 0.06s 72MB C:/Users/sae/AppData/Local/UnrealEngine/4.20/DerivedDataCache/Boot.ddc.
[2018.10.07-22.38.29:598][  0]LogInit: Texture streaming: Enabled
[2018.10.07-22.38.29:610][  0]LogEngineSessionManager: EngineSessionManager initialized
[2018.10.07-22.38.29:620][  0]LogWindowsTextInputMethodSystem: Display: IME system now deactivated.
[2018.10.07-22.38.29:647][  0]LogInit: Transaction tracking system initialized
[2018.10.07-22.38.29:663][  0]BlueprintLog: New page: Editor Load
[2018.10.07-22.38.29:715][  0]LocalizationService: Localization service is disabled
[2018.10.07-22.38.29:939][  0]LogCook: Display: Max memory allowance for cook 16384mb min free memory 0mb
[2018.10.07-22.38.29:939][  0]LogCook: Display: Mobile HDR setting 1
[2018.10.07-22.38.29:939][  0]LogGameplayTags: Display: UGameplayTagsManager::DoneAddingNativeTags. DelegateIsBound: 0
[2018.10.07-22.38.29:939][  0]LogStats: UGameplayTagsManager::ConstructGameplayTagTree: ImportINI prefixes -  0.000 s
[2018.10.07-22.38.29:939][  0]LogStats: UGameplayTagsManager::ConstructGameplayTagTree: Construct from data asset -  0.000 s
[2018.10.07-22.38.29:939][  0]LogStats: UGameplayTagsManager::ConstructGameplayTagTree: ImportINI -  0.000 s
[2018.10.07-22.38.29:939][  0]LogStats: UGameplayTagsManager::ConstructGameplayTagTree: GameplayTagTreeChangedEvent.Broadcast -  0.000 s
[2018.10.07-22.38.30:055][  0]LogFileCache: Scanning file cache for directory 'C:/Users/sae/Documents/GitHub/GPG210-Prototypes/PlatformerPrototype/Content/' took 0.01s
[2018.10.07-22.38.31:045][  0]SourceControl: Source control is disabled
[2018.10.07-22.38.31:045][  0]Cmd: MAP LOAD FILE="../../../../../../Users/sae/Documents/GitHub/GPG210-Prototypes/PlatformerPrototype/Content/ThirdPersonBP/Maps/ThirdPersonExampleMap.umap" TEMPLATE=0 SHOWPROGRESS=1 FEATURELEVEL=3
[2018.10.07-22.38.31:046][  0]LightingResults: New page: Lighting Build
[2018.10.07-22.38.31:048][  0]MapCheck: New page: Map Check
[2018.10.07-22.38.31:048][  0]LightingResults: New page: Lighting Build
[2018.10.07-22.38.31:263][  0]LogLinker: Warning: Can't find file '/Game/ThirdPersonBP/Maps/ThirdPersonExampleMap_BuiltData'
[2018.10.07-22.38.31:263][  0]LogLinker: Warning: Can't find file for asset '/Game/ThirdPersonBP/Maps/ThirdPersonExampleMap_BuiltData' while loading ../../../../../../Users/sae/Documents/GitHub/GPG210-Prototypes/PlatformerPrototype/Content/ThirdPersonBP/Maps/ThirdPersonExampleMap.umap.
[2018.10.07-22.38.31:263][  0]LoadErrors: Error: /Game/ThirdPersonBP/Maps/ThirdPersonExampleMap : Can't find file for asset. /Game/ThirdPersonBP/Maps/ThirdPersonExampleMap_BuiltData
[2018.10.07-22.38.31:279][  0]LogLinker: Warning: Can't find file '/Game/ThirdPersonBP/Maps/ThirdPersonExampleMap_BuiltData'
[2018.10.07-22.38.31:279][  0]LogLinker: Warning: Can't find file for asset '/Game/ThirdPersonBP/Maps/ThirdPersonExampleMap_BuiltData' while loading ../../../../../../Users/sae/Documents/GitHub/GPG210-Prototypes/PlatformerPrototype/Content/ThirdPersonBP/Maps/ThirdPersonExampleMap.umap.
[2018.10.07-22.38.31:279][  0]LoadErrors: Error: /Game/ThirdPersonBP/Maps/ThirdPersonExampleMap : Can't find file for asset. /Game/ThirdPersonBP/Maps/ThirdPersonExampleMap_BuiltData
[2018.10.07-22.38.31:281][  0]LogLinker: Warning: Can't find file '/Game/ThirdPersonBP/Maps/ThirdPersonExampleMap_BuiltData'
[2018.10.07-22.38.31:281][  0]LogLinker: Warning: Can't find file for asset '/Game/ThirdPersonBP/Maps/ThirdPersonExampleMap_BuiltData' while loading NULL.
[2018.10.07-22.38.31:281][  0]LogLinker: Warning: Can't find file '/Game/ThirdPersonBP/Maps/ThirdPersonExampleMap_BuiltData'
[2018.10.07-22.38.31:281][  0]LogLinker: Warning: Can't find file for asset '/Game/ThirdPersonBP/Maps/ThirdPersonExampleMap_BuiltData' while loading NULL.
[2018.10.07-22.38.31:298][  0]LogLinker: Warning: Can't find file '/Game/ThirdPersonBP/Maps/ThirdPersonExampleMap_BuiltData'
[2018.10.07-22.38.31:298][  0]LoadErrors: Failed to load /Game/ThirdPersonBP/Maps/ThirdPersonExampleMap_BuiltData.ThirdPersonExampleMap_BuiltData Referenced by PersistentLevel
[2018.10.07-22.38.31:298][  0]LogLinker: Warning: Can't find file for asset '/Game/ThirdPersonBP/Maps/ThirdPersonExampleMap_BuiltData' while loading NULL.
[2018.10.07-22.38.31:298][  0]LoadErrors: Failed to load /Game/ThirdPersonBP/Maps/ThirdPersonExampleMap_BuiltData.ThirdPersonExampleMap_BuiltData Referenced by PersistentLevel
[2018.10.07-22.38.31:520][  0]LogAIModule: Creating AISystem for world ThirdPersonExampleMap
[2018.10.07-22.38.31:530][  0]LogEditorServer: Finished looking for orphan Actors (0.000 secs)
[2018.10.07-22.38.31:557][  0]Cmd: MAP CHECKDEP NOCLEARLOG
[2018.10.07-22.38.31:615][  0]MapCheck: Map check complete: 0 Error(s), 0 Warning(s), took 57.71ms to complete.
[2018.10.07-22.38.31:615][  0]LogFileHelpers: Loading map 'ThirdPersonExampleMap' took 0.569
[2018.10.07-22.38.31:703][  0]LogSlate: Updating window title bar state: overlay mode, drag disabled, window buttons hidden, title bar hidden
[2018.10.07-22.38.31:712][  0]LogSlate: Updating window title bar state: overlay mode, drag disabled, window buttons hidden, title bar hidden
[2018.10.07-22.38.31:721][  0]LogSlate: Updating window title bar state: overlay mode, drag disabled, window buttons hidden, title bar hidden
[2018.10.07-22.38.31:727][  0]LogSlate: Updating window title bar state: overlay mode, drag disabled, window buttons hidden, title bar hidden
[2018.10.07-22.38.31:732][  0]LogCollectionManager: Loaded 0 collections in 0.001062 seconds
[2018.10.07-22.38.31:771][  0]LogFileCache: Scanning file cache for directory 'C:/Users/sae/Documents/GitHub/GPG210-Prototypes/PlatformerPrototype/Saved/Collections/' took 0.01s
[2018.10.07-22.38.31:771][  0]LogFileCache: Scanning file cache for directory 'C:/Users/sae/Documents/GitHub/GPG210-Prototypes/PlatformerPrototype/Content/Developers/sae/Collections/' took 0.01s
[2018.10.07-22.38.31:771][  0]LogFileCache: Scanning file cache for directory 'C:/Users/sae/Documents/GitHub/GPG210-Prototypes/PlatformerPrototype/Content/Collections/' took 0.01s
[2018.10.07-22.38.31:771][  0]LogCollectionManager: Rebuilt the GUID cache for 0 collections in 0.000000 seconds
[2018.10.07-22.38.31:779][  0]LogContentBrowser: Native class hierarchy populated in 0.0079 seconds. Added 2621 classes and 629 folders.
[2018.10.07-22.38.31:784][  0]LogContentBrowser: Native class hierarchy updated for 'WidgetCarousel' in 0.0003 seconds. Added 0 classes and 0 folders.
[2018.10.07-22.38.31:817][  0]LogContentBrowser: Native class hierarchy updated for 'AddContentDialog' in 0.0003 seconds. Added 0 classes and 0 folders.
[2018.10.07-22.38.31:822][  0]LogContentBrowser: Native class hierarchy updated for 'SceneOutliner' in 0.0002 seconds. Added 1 classes and 2 folders.
[2018.10.07-22.38.31:837][  0]LogSlate: Took 0.000161 seconds to synchronously load lazily loaded font '../../../Engine/Content/Slate/Fonts/Roboto-Regular.ttf' (155K)
[2018.10.07-22.38.31:839][  0]LogSlate: Took 0.000164 seconds to synchronously load lazily loaded font '../../../Engine/Content/Slate/Fonts/Roboto-Bold.ttf' (160K)
[2018.10.07-22.38.31:844][  0]LogSlate: Took 0.000214 seconds to synchronously load lazily loaded font '../../../Engine/Content/Editor/Slate/Fonts/FontAwesome.ttf' (139K)
[2018.10.07-22.38.31:920][  0]LogRenderer: Reallocating scene render targets to support 1616x812 Format 10 NumSamples 1 (Frame:1).
[2018.10.07-22.38.32:052][  0]LogContentBrowser: Native class hierarchy updated for 'HierarchicalLODOutliner' in 0.0003 seconds. Added 0 classes and 0 folders.
[2018.10.07-22.38.32:052][  0]LogLoad: (Engine Initialization) Total time: 10.87 seconds
[2018.10.07-22.38.32:052][  0]LogLoad: (Engine Initialization) Total Blueprint compile time: 0.00 seconds
[2018.10.07-22.38.32:084][  0]LogContentStreaming: Texture pool size now 1000 MB
[2018.10.07-22.38.32:087][  0]LogSlate: FSceneViewport::OnFocusLost() reason 2
[2018.10.07-22.38.32:167][  1]LogAssetRegistry: Asset discovery search completed in 6.8311 seconds
[2018.10.07-22.38.32:169][  1]LogCollectionManager: Rebuilt the object cache for 0 collections in 0.000001 seconds (found 0 objects)
[2018.10.07-22.38.32:169][  1]LogCollectionManager: Fixed up redirectors for 0 collections in 0.000040 seconds (updated 0 objects)
[2018.10.07-22.38.35:461][390]LogSlate: Window 'Message Log' being destroyed
[2018.10.07-22.38.35:464][390]LogSlate: Window 'Message Log' being destroyed
[2018.10.07-22.38.36:598][525]LogSlate: FSceneViewport::OnFocusLost() reason 2
[2018.10.07-22.38.37:225][599]LogSlate: FSceneViewport::OnFocusLost() reason 2
[2018.10.07-22.38.45:132][547]LogSlate: FSceneViewport::OnFocusLost() reason 2
[2018.10.07-22.38.45:895][547]LogSlate: Only BGRA pngs, bmps or icos are supported in by External Image Picker
[2018.10.07-22.38.45:956][548]LogTemp: Executing iPhonePackager certificates Engine -bundlename com.YourCompany.PlatformerPrototype
[2018.10.07-22.38.45:956][548]LogTemp: CWD: C:\Program Files\Epic Games\UE_4.20\Engine\Binaries\DotNET\IOS
[2018.10.07-22.38.45:956][548]LogTemp: Initial Dir: C:\Program Files\Epic Games\UE_4.20
[2018.10.07-22.38.45:956][548]LogTemp: Env CWD: C:\Program Files\Epic Games\UE_4.20\Engine\Binaries\DotNET\IOS
[2018.10.07-22.38.45:956][548]LogTemp: BranchPath = SYD-TEST-GAMES/C/Program Files/Epic Games/UE_4.20/Engine/Binaries --- GameBranchPath = SYD-TEST-GAMES/C/Program Files/Epic Games/UE_4.20/Engine/Binaries
[2018.10.07-22.38.45:956][548]LogTemp: IPP ERROR: Could not find provision directory 'C:\Users\sae\AppData\Local/Apple Computer/MobileDevice/Provisioning Profiles/'.
[2018.10.07-22.39.03:369][629]LogSlate: Window 'Project Settings' being destroyed
[2018.10.07-22.39.03:373][629]LogSlate: Window 'Project Settings' being destroyed
[2018.10.07-22.39.06:065][947]LogSlate: FSceneViewport::OnFocusLost() reason 2
[2018.10.07-22.39.07:044][ 62]LogSlate: FSceneViewport::OnFocusLost() reason 2
[2018.10.07-22.39.07:346][ 97]LogSlate: FSceneViewport::OnFocusLost() reason 2
[2018.10.07-22.39.08:518][237]LogSlate: FSceneViewport::OnFocusLost() reason 2
[2018.10.07-22.39.09:240][237]LogSlate: Only BGRA pngs, bmps or icos are supported in by External Image Picker
[2018.10.07-22.39.09:292][238]LogTemp: Executing iPhonePackager certificates Engine -bundlename com.YourCompany.PlatformerPrototype
[2018.10.07-22.39.09:293][238]LogTemp: CWD: C:\Program Files\Epic Games\UE_4.20\Engine\Binaries\DotNET\IOS
[2018.10.07-22.39.09:293][238]LogTemp: Initial Dir: C:\Program Files\Epic Games\UE_4.20
[2018.10.07-22.39.09:293][238]LogTemp: Env CWD: C:\Program Files\Epic Games\UE_4.20\Engine\Binaries\DotNET\IOS
[2018.10.07-22.39.09:293][238]LogTemp: BranchPath = SYD-TEST-GAMES/C/Program Files/Epic Games/UE_4.20/Engine/Binaries --- GameBranchPath = SYD-TEST-GAMES/C/Program Files/Epic Games/UE_4.20/Engine/Binaries
[2018.10.07-22.39.09:293][238]LogTemp: IPP ERROR: Could not find provision directory 'C:\Users\sae\AppData\Local/Apple Computer/MobileDevice/Provisioning Profiles/'.
[2018.10.07-22.39.12:069][560]LogSlate: Took 0.000182 seconds to synchronously load lazily loaded font '../../../Engine/Content/Slate/Fonts/Roboto-Light.ttf' (167K)
[2018.10.07-22.39.25:526][161]LogSlate: Window 'Project Settings' being destroyed
[2018.10.07-22.39.25:529][161]LogSlate: Window 'Project Settings' being destroyed
[2018.10.07-22.39.35:347][336]LogSlate: FSceneViewport::OnFocusLost() reason 0
[2018.10.07-22.39.49:695][ 55]MapCheck: New page: Map Check
[2018.10.07-22.39.49:704][ 55]LightingResults: New page: Lighting Build - 8 Oct 2018 8:39:49 pm
[2018.10.07-22.39.49:786][ 55]LogSwarmInterface: [OpenConnection] Registering TCP channel ...
[2018.10.07-22.39.49:887][ 55]LogSwarmInterface: [OpenConnection] Connecting to agent ...
[2018.10.07-22.39.49:903][ 55]LogSwarmInterface: [TryOpenConnection] Testing the Agent
[2018.10.07-22.39.50:425][ 55]LogSwarmInterface: [TryOpenConnection] Opening Connection to Agent
[2018.10.07-22.39.50:425][ 55]LogSwarmInterface: [TryOpenConnection] Local Process ID is 11860
[2018.10.07-22.39.52:854][ 55]LogStaticLightingSystem: Running Lightmass w/ ImmediateImport mode ENABLED
[2018.10.07-22.39.52:855][ 55]LogStaticLightingSystem: Running Lightmass w/ ImmediateProcess mode ENABLED
[2018.10.07-22.39.52:855][ 55]LogStaticLightingSystem: Running Lightmass w/ Sorting mode ENABLED
[2018.10.07-22.39.52:855][ 55]LogStaticLightingSystem: Running Lightmass w/ Mapping paddings ENABLED
[2018.10.07-22.39.52:855][ 55]LogStaticLightingSystem: Running Lightmass w/ Mapping debug paddings DISABLED
[2018.10.07-22.39.53:005][ 55]LogEditorBuildUtils: Build time 0:03
[2018.10.07-22.39.57:260][378]Job is a success!
[2018.10.07-22.39.57:305][379]LogVolumetricLightmapImport: Imported Volumetric Lightmap in 0.011s
[2018.10.07-22.39.57:306][379]LogVolumetricLightmapImport:      Indirection Texture 16x16x16 = 0.0Mb
[2018.10.07-22.39.57:306][379]LogVolumetricLightmapImport:      BrickData 250x5x5 = 0.2Mb (trimmed 0.0Mb due to 0.010000 MinBrickError)
[2018.10.07-22.39.57:306][379]LogVolumetricLightmapImport:      Bricks at Level
[2018.10.07-22.39.57:306][379]LogVolumetricLightmapImport:          0: 2.0% covering 100.0% of volume
[2018.10.07-22.39.57:306][379]LogVolumetricLightmapImport:          1: 8.0% covering 6.3% of volume
[2018.10.07-22.39.57:306][379]LogVolumetricLightmapImport:          2: 90.0% covering 1.1% of volume
[2018.10.07-22.39.57:805][379]LogTexture: Display: Building textures: SkyOcclusion0_1 (AutoDXT, 1024X512)
[2018.10.07-22.39.57:805][379]LogTexture: Display: Building textures: HQ_Lightmap0_1 (AutoDXT, 1024X1024)
[2018.10.07-22.39.57:805][379]LogTexture: Display: Building textures: LQ_Lightmap_0_1 (DXT1, 1024X1024)
[2018.10.07-22.39.57:805][379]LogTexture: Display: Building textures: SkyOcclusion0_2 (AutoDXT, 512X256)
[2018.10.07-22.39.57:805][379]LogTexture: Display: Building textures: HQ_Lightmap0_2 (AutoDXT, 512X512)
[2018.10.07-22.39.57:805][379]LogTexture: Display: Building textures: LQ_Lightmap_0_2 (DXT1, 512X512)
[2018.10.07-22.39.57:805][379]LogTexture: Display: Building textures: SkyOcclusion0_3 (AutoDXT, 64X32)
[2018.10.07-22.39.57:805][379]LogTexture: Display: Building textures: HQ_Lightmap0_3 (AutoDXT, 64X64)
[2018.10.07-22.39.57:805][379]LogTexture: Display: Building textures: LQ_Lightmap_0_3 (DXT1, 64X64)
[2018.10.07-22.39.58:012][379]LogTexture: Display: Building textures: ShadowMapTexture2D_1 (G8, 32X32)
[2018.10.07-22.39.58:012][379]LogTexture: Display: Building textures: ShadowMapTexture2D_0 (G8, 1024X1024)
[2018.10.07-22.39.58:056][379]Lightmass on SYD-TEST-GAMES: 4.25 sec total, 179 ms importing, 16 ms setup, 1.02 sec photons, 2.98 sec processing, 0 ms extra exporting [20/20 mappings]. Threads: 20.7 sec total, 8.62 sec processing.
[2018.10.07-22.39.58:063][379]LogStaticLightingSystem: Illumination: 8.34 sec (458 ms encoding lightmaps, 203 ms encoding shadowmaps)
[2018.10.07-22.39.58:063][379]LogStaticLightingSystem: Lightmap texture memory:  3.3 MB (3.3 MB streaming, 0.0 MB non-streaming), 6 textures
[2018.10.07-22.39.58:063][379]LogStaticLightingSystem: Shadowmap texture memory: 1.3 MB (1.3 MB streaming, 0.0 MB non-streaming), 2 textures
[2018.10.07-22.39.58:858][379]DumpUnbuiltLightIteractions
[2018.10.07-22.39.58:858][379]Lights with unbuilt interactions: 0
[2018.10.07-22.39.58:858][379]
[2018.10.07-22.39.58:858][379]Primitives with unbuilt interactions: 0
[2018.10.07-22.39.58:967][380]Cmd: MAP CHECK NOTIFYRESULTS
[2018.10.07-22.39.58:967][380]MapCheck: New page: ThirdPersonExampleMap - 8 Oct 2018 8:39:58 pm
[2018.10.07-22.39.59:028][380]MapCheck: Map check complete: 0 Error(s), 0 Warning(s), took 60.783ms to complete.
[2018.10.07-22.40.15:498][354]LogTemp: Repeating last play command: Selected Viewport
[2018.10.07-22.40.15:515][354]LogBlueprintUserMessages: Early PlayInEditor Detection: Level '/Game/ThirdPersonBP/Maps/ThirdPersonExampleMap.ThirdPersonExampleMap:PersistentLevel' has LevelScriptBlueprint '/Game/ThirdPersonBP/Maps/ThirdPersonExampleMap.ThirdPersonExampleMap:PersistentLevel.ThirdPersonExampleMap' with GeneratedClass '/Game/ThirdPersonBP/Maps/ThirdPersonExampleMap.ThirdPersonExampleMap_C' with ClassGeneratedBy '/Game/ThirdPersonBP/Maps/ThirdPersonExampleMap.ThirdPersonExampleMap:PersistentLevel.ThirdPersonExampleMap'
[2018.10.07-22.40.15:515][354]LogPlayLevel: PlayLevel: No blueprints needed recompiling
[2018.10.07-22.40.15:527][354]PIE: New page: PIE session: ThirdPersonExampleMap (8 Oct 2018 8:40:15 pm)
[2018.10.07-22.40.15:527][354]LogPlayLevel: Creating play world package: /Game/ThirdPersonBP/Maps/UEDPIE_1_ThirdPersonExampleMap
[2018.10.07-22.40.15:544][354]LogPlayLevel: PIE: StaticDuplicateObject took: (0.017117s)
[2018.10.07-22.40.15:545][354]LogAIModule: Creating AISystem for world ThirdPersonExampleMap
[2018.10.07-22.40.15:546][354]LogPlayLevel: PIE: World Init took: (0.001483s)
[2018.10.07-22.40.15:546][354]LogPlayLevel: PIE: Created PIE world by copying editor world from /Game/ThirdPersonBP/Maps/ThirdPersonExampleMap.ThirdPersonExampleMap to /Game/ThirdPersonBP/Maps/UEDPIE_1_ThirdPersonExampleMap.ThirdPersonExampleMap (0.018905s)
[2018.10.07-22.40.15:578][354]LogLoad: Game class is 'ThirdPersonGameMode_C'
[2018.10.07-22.40.15:581][354]LogWorld: Bringing World /Game/ThirdPersonBP/Maps/UEDPIE_1_ThirdPersonExampleMap.ThirdPersonExampleMap up for play (max tick rate 0) at 2018.10.08-09.40.15
[2018.10.07-22.40.15:582][354]LogWorld: Bringing up level for play took: 0.003505
[2018.10.07-22.40.15:583][354]LogTemp: Display: ParseSettings for GameNetDriver
[2018.10.07-22.40.15:583][354]LogTemp: Display: ParseSettings for IpNetDriver_0
[2018.10.07-22.40.15:583][354]LogTemp: Display: ParseSettings for GameNetDriver
[2018.10.07-22.40.15:583][354]LogNet: ReplicationDriverClass is null! Not using ReplicationDriver.
[2018.10.07-22.40.15:583][354]LogInit: WinSock: Socket queue 131072 / 131072
[2018.10.07-22.40.15:583][354]LogInit: WinSock: I am SYD-TEST-GAMES (10.40.51.159:0)
[2018.10.07-22.40.15:584][354]PacketHandlerLog: Loaded PacketHandler component: Engine.EngineHandlerComponentFactory (StatelessConnectHandlerComponent)
[2018.10.07-22.40.15:584][354]LogNet: GameNetDriver IpNetDriver_0 IpNetDriver listening on port 17777
[2018.10.07-22.40.15:584][354]LogScript: Warning: Script Msg: Attempted to access index 0 from array 'TargetPoints' of length 0 in '/Game/ThirdPersonBP/Blueprints/BadGuy.BadGuy_C'!
[2018.10.07-22.40.15:584][354]PIE: Play in editor start time for /Game/ThirdPersonBP/Maps/UEDPIE_1_ThirdPersonExampleMap 0.143
[2018.10.07-22.40.15:585][354]PIE: New page: PIE session: ThirdPersonExampleMap (8 Oct 2018 8:40:15 pm)
[2018.10.07-22.40.15:592][354]LogInit: XAudio2 using 'U28E850 (2- NVIDIA High Definition Audio)' : 2 channels at 48 kHz using 16 bits per sample (channel mask 0x3)
[2018.10.07-22.40.15:598][354]LogInit: FAudioDevice initialized.
[2018.10.07-22.40.15:629][354]LogNet: Browse: 127.0.0.1:17777//Game/Maps/Level_1
[2018.10.07-22.40.15:629][354]LogTemp: Display: ParseSettings for GameNetDriver
[2018.10.07-22.40.15:629][354]LogTemp: Display: ParseSettings for IpNetDriver_1
[2018.10.07-22.40.15:629][354]LogTemp: Display: ParseSettings for PendingNetDriver
[2018.10.07-22.40.15:629][354]LogInit: WinSock: Socket queue 32768 / 32768
[2018.10.07-22.40.15:630][354]PacketHandlerLog: Loaded PacketHandler component: Engine.EngineHandlerComponentFactory (StatelessConnectHandlerComponent)
[2018.10.07-22.40.15:630][354]LogNet: Game client on port 17777, rate 10000
[2018.10.07-22.40.15:631][354]PIE: Play in editor start time for /Game/Maps/Level_1 0.19
[2018.10.07-22.40.15:633][354]LogBlueprintUserMessages: Late PlayInEditor Detection: Level '/Game/ThirdPersonBP/Maps/ThirdPersonExampleMap.ThirdPersonExampleMap:PersistentLevel' has LevelScriptBlueprint '/Game/ThirdPersonBP/Maps/ThirdPersonExampleMap.ThirdPersonExampleMap:PersistentLevel.ThirdPersonExampleMap' with GeneratedClass '/Game/ThirdPersonBP/Maps/ThirdPersonExampleMap.ThirdPersonExampleMap_C' with ClassGeneratedBy '/Game/ThirdPersonBP/Maps/ThirdPersonExampleMap.ThirdPersonExampleMap:PersistentLevel.ThirdPersonExampleMap'
[2018.10.07-22.40.15:633][354]LogNet: NotifyAcceptingConnection accepted from: 127.0.0.1:50866
[2018.10.07-22.40.15:633][354]LogHandshake: SendConnectChallenge. Timestamp: 0.008334, Cookie: 165055049077165175167109147229232080209130238158052065201094
[2018.10.07-22.40.15:650][354]LogHandshake: SendChallengeResponse. Timestamp: 0.008334, Cookie: 165055049077165175167109147229232080209130238158052065201094
[2018.10.07-22.40.15:674][355]LogNet: NotifyAcceptingConnection accepted from: 127.0.0.1:50866
[2018.10.07-22.40.15:674][355]LogHandshake: SendChallengeAck. InCookie: 165055049077165175167109147229232080209130238158052065201094
[2018.10.07-22.40.15:674][355]LogNet: Server accepting post-challenge connection from: 127.0.0.1:50866
[2018.10.07-22.40.15:675][355]PacketHandlerLog: Loaded PacketHandler component: Engine.EngineHandlerComponentFactory (StatelessConnectHandlerComponent)
[2018.10.07-22.40.15:675][355]LogNet: NotifyAcceptedConnection: Name: ThirdPersonExampleMap, TimeStamp: 10/08/18 09:40:15, [UNetConnection] RemoteAddr: 127.0.0.1:50866, Name: IpConnection_1, Driver: GameNetDriver IpNetDriver_0, IsServer: YES, PC: NULL, Owner: NULL, UniqueId: INVALID
[2018.10.07-22.40.15:675][355]LogNet: AddClientConnection: Added client connection: [UNetConnection] RemoteAddr: 127.0.0.1:50866, Name: IpConnection_1, Driver: GameNetDriver IpNetDriver_0, IsServer: YES, PC: NULL, Owner: NULL, UniqueId: INVALID
[2018.10.07-22.40.15:676][355]LogNetVersion: PlatformerPrototype 1.0.0.0, NetCL: 4212847, EngineNetVer: 5, GameNetVer: 0 (Checksum: 2027444414)
[2018.10.07-22.40.15:676][355]LogNet: UPendingNetGame::SendInitialJoin: Sending hello. [UNetConnection] RemoteAddr: 127.0.0.1:17777, Name: IpConnection_0, Driver: PendingNetDriver IpNetDriver_1, IsServer: NO, PC: NULL, Owner: NULL, UniqueId: INVALID
[2018.10.07-22.40.15:682][356]LogNet: NotifyAcceptingChannel Control 0 server World /Game/ThirdPersonBP/Maps/UEDPIE_1_ThirdPersonExampleMap.ThirdPersonExampleMap: Accepted
[2018.10.07-22.40.15:683][356]LogNet: Remote platform little endian=1
[2018.10.07-22.40.15:683][356]LogNet: This platform little endian=1
[2018.10.07-22.40.15:698][357]LogNet: Login request: /Game/Maps/Level_1?Name=SYD-TEST-GAMES-ADF343784DBFD3A2FCA4418FADA01B99 userId: SYD-TEST-GAMES-ADF343784DBFD3A2FCA4418FADA01B99
[2018.10.07-22.40.15:699][357]LogNet: Welcomed by server (Level: /Game/ThirdPersonBP/Maps/UEDPIE_1_ThirdPersonExampleMap, Game: /Game/ThirdPersonBP/Blueprints/ThirdPersonGameMode.ThirdPersonGameMode_C)
[2018.10.07-22.40.15:699][357]LogLoad: LoadMap: 127.0.0.1:17777//Game/ThirdPersonBP/Maps/UEDPIE_1_ThirdPersonExampleMap?game=/Game/ThirdPersonBP/Blueprints/ThirdPersonGameMode.ThirdPersonGameMode_C
[2018.10.07-22.40.15:735][357]LogAIModule: Creating AISystem for world ThirdPersonExampleMap
[2018.10.07-22.40.15:735][357]LogTemp: Display: ParseSettings for GameNetDriver
[2018.10.07-22.40.15:738][357]LogWorld: Bringing World /Game/ThirdPersonBP/Maps/UEDPIE_2_ThirdPersonExampleMap.ThirdPersonExampleMap up for play (max tick rate 0) at 2018.10.08-09.40.15
[2018.10.07-22.40.15:738][357]LogWorld: Bringing up level for play took: 0.002398
[2018.10.07-22.40.15:739][357]LogLoad: Took 0.039169 seconds to LoadMap(/Game/ThirdPersonBP/Maps/UEDPIE_1_ThirdPersonExampleMap)
[2018.10.07-22.40.15:758][358]LogNet: Client netspeed is 10000
[2018.10.07-22.40.15:758][358]LogNet: Join request: /Game/Maps/Level_1?Name=SYD-TEST-GAMES-ADF343784DBFD3A2FCA4418FADA01B99?SplitscreenCount=1
[2018.10.07-22.40.15:759][358]LogOnline: Warning: OSS: No game present to join for session (GameSession)
[2018.10.07-22.40.15:761][358]LogNet: Join succeeded: SYD-TEST-GAMES-ADF34
[2018.10.07-22.40.15:810][364]LogOnline: Warning: OSS: No game present to join for session (GameSession)
[2018.10.07-22.40.15:844][368]LogScript: Warning: Script Msg: Attempted to access index 0 from array 'TargetPoints' of length 0 in '/Game/ThirdPersonBP/Blueprints/BadGuy.BadGuy_C'!
[2018.10.07-22.40.18:961][742]LogBlueprintUserMessages: Early EndPlayMap Detection: Level '/Game/ThirdPersonBP/Maps/ThirdPersonExampleMap.ThirdPersonExampleMap:PersistentLevel' has LevelScriptBlueprint '/Game/ThirdPersonBP/Maps/ThirdPersonExampleMap.ThirdPersonExampleMap:PersistentLevel.ThirdPersonExampleMap' with GeneratedClass '/Game/ThirdPersonBP/Maps/ThirdPersonExampleMap.ThirdPersonExampleMap_C' with ClassGeneratedBy '/Game/ThirdPersonBP/Maps/ThirdPersonExampleMap.ThirdPersonExampleMap:PersistentLevel.ThirdPersonExampleMap'
[2018.10.07-22.40.18:961][742]LogSlate: Updating window title bar state: overlay mode, drag disabled, window buttons hidden, title bar hidden
[2018.10.07-22.40.18:997][742]LogPlayLevel: Display: Shutting down PIE online subsystems
[2018.10.07-22.40.18:997][742]LogBlueprintUserMessages: Late EndPlayMap Detection: Level '/Game/ThirdPersonBP/Maps/ThirdPersonExampleMap.ThirdPersonExampleMap:PersistentLevel' has LevelScriptBlueprint '/Game/ThirdPersonBP/Maps/ThirdPersonExampleMap.ThirdPersonExampleMap:PersistentLevel.ThirdPersonExampleMap' with GeneratedClass '/Game/ThirdPersonBP/Maps/ThirdPersonExampleMap.ThirdPersonExampleMap_C' with ClassGeneratedBy '/Game/ThirdPersonBP/Maps/ThirdPersonExampleMap.ThirdPersonExampleMap:PersistentLevel.ThirdPersonExampleMap'
[2018.10.07-22.40.19:017][742]LogNet: UChannel::CleanUp: ChIndex == 0. Closing connection. [UChannel] ChIndex: 0, Closing: 0 [UNetConnection] RemoteAddr: 127.0.0.1:50866, Name: IpConnection_1, Driver: GameNetDriver IpNetDriver_0, IsServer: YES, PC: None, Owner: None, UniqueId: NULL:SYD-TEST-GAMES-ADF343784DBFD3A2FCA4418FADA01B99
[2018.10.07-22.40.19:017][742]LogNet: UNetConnection::Close: [UNetConnection] RemoteAddr: 127.0.0.1:50866, Name: IpConnection_1, Driver: GameNetDriver IpNetDriver_0, IsServer: YES, PC: None, Owner: None, UniqueId: NULL:SYD-TEST-GAMES-ADF343784DBFD3A2FCA4418FADA01B99, Channels: 2, Time: 2018.10.07-22.40.19
[2018.10.07-22.40.19:017][742]LogNet: UChannel::Close: Sending CloseBunch. ChIndex == 0. Name: [UChannel] ChIndex: 0, Closing: 0 [UNetConnection] RemoteAddr: 127.0.0.1:50866, Name: IpConnection_1, Driver: GameNetDriver IpNetDriver_0, IsServer: YES, PC: None, Owner: None, UniqueId: NULL:SYD-TEST-GAMES-ADF343784DBFD3A2FCA4418FADA01B99
[2018.10.07-22.40.19:017][742]LogNet: UChannel::CleanUp: ChIndex == 0. Closing connection. [UChannel] ChIndex: 0, Closing: 0 [UNetConnection] RemoteAddr: 127.0.0.1:17777, Name: IpConnection_0, Driver: GameNetDriver IpNetDriver_1, IsServer: NO, PC: None, Owner: None, UniqueId: NULL:SYD-TEST-GAMES-ADF343784DBFD3A2FCA4418FADA01B99
[2018.10.07-22.40.19:017][742]LogNet: UNetConnection::Close: [UNetConnection] RemoteAddr: 127.0.0.1:17777, Name: IpConnection_0, Driver: GameNetDriver IpNetDriver_1, IsServer: NO, PC: None, Owner: None, UniqueId: NULL:SYD-TEST-GAMES-ADF343784DBFD3A2FCA4418FADA01B99, Channels: 2, Time: 2018.10.07-22.40.19
[2018.10.07-22.40.19:017][742]LogNet: UChannel::Close: Sending CloseBunch. ChIndex == 0. Name: [UChannel] ChIndex: 0, Closing: 0 [UNetConnection] RemoteAddr: 127.0.0.1:17777, Name: IpConnection_0, Driver: GameNetDriver IpNetDriver_1, IsServer: NO, PC: None, Owner: None, UniqueId: NULL:SYD-TEST-GAMES-ADF343784DBFD3A2FCA4418FADA01B99
[2018.10.07-22.40.19:019][742]LogSlate: Updating window title bar state: overlay mode, drag disabled, window buttons hidden, title bar hidden
[2018.10.07-22.40.19:020][742]LogExit: GameNetDriver None shut down
[2018.10.07-22.40.19:020][742]LogExit: GameNetDriver None shut down
[2018.10.07-22.40.19:061][744]LogPlayLevel: Display: Destroying online subsystem :Context_3
[2018.10.07-22.40.19:061][744]LogPlayLevel: Display: Destroying online subsystem :Context_2
[2018.10.07-22.40.20:120][870]LogSlate: FSceneViewport::OnFocusLost() reason 0
[2018.10.07-22.40.20:307][890]LogLinker: Warning: Can't find file '/Game/Maps/Level_1_BuiltData'
[2018.10.07-22.40.20:307][890]LogLinker: Warning: Can't find file for asset '/Game/Maps/Level_1_BuiltData' while loading ../../../../../../Users/sae/Documents/GitHub/GPG210-Prototypes/PlatformerPrototype/Content/Maps/Level_1.umap.
[2018.10.07-22.40.20:307][890]LoadErrors: Error: /Game/Maps/Level_1 : Can't find file for asset. /Game/Maps/Level_1_BuiltData
[2018.10.07-22.40.20:309][890]LogLinker: Warning: Can't find file '/Game/Maps/Level_1_BuiltData'
[2018.10.07-22.40.20:309][890]LogLinker: Warning: Can't find file for asset '/Game/Maps/Level_1_BuiltData' while loading ../../../../../../Users/sae/Documents/GitHub/GPG210-Prototypes/PlatformerPrototype/Content/Maps/Level_1.umap.
[2018.10.07-22.40.20:320][890]LogLinker: Warning: Can't find file '/Game/Maps/Level_1_BuiltData'
[2018.10.07-22.40.20:320][890]LoadErrors: Failed to load /Game/Maps/Level_1_BuiltData.Level_1_BuiltData Referenced by PersistentLevel
[2018.10.07-22.40.20:320][890]LogLinker: Warning: Can't find file for asset '/Game/Maps/Level_1_BuiltData' while loading NULL.
[2018.10.07-22.40.20:327][890]LogAIModule: Creating AISystem for world Level_1
[2018.10.07-22.40.20:332][890]LogAssetEditorManager: Opening Asset editor for World /Game/Maps/Level_1.Level_1
[2018.10.07-22.40.21:825][890]LogSlate: Window 'Save Content' being destroyed
[2018.10.07-22.40.22:020][890]LogSavePackage: Moving '../../../../../../Users/sae/Documents/GitHub/GPG210-Prototypes/PlatformerPrototype/Saved/ThirdPersonExampleMap0A2DD6EA4A5F509D4CA034BD6A73E92E.tmp' to '../../../../../../Users/sae/Documents/GitHub/GPG210-Prototypes/PlatformerPrototype/Content/ThirdPersonBP/Maps/ThirdPersonExampleMap.umap'
[2018.10.07-22.40.22:052][890]LogFileHelpers: Saving map 'ThirdPersonExampleMap' took 0.221
[2018.10.07-22.40.22:181][890]LogSavePackage: Moving '../../../../../../Users/sae/Documents/GitHub/GPG210-Prototypes/PlatformerPrototype/Saved/ThirdPersonExampleMap_BuiltDataCBBC8FEF498E38E4666A44ADA0B70646.tmp' to '../../../../../../Users/sae/Documents/GitHub/GPG210-Prototypes/PlatformerPrototype/Content/ThirdPersonBP/Maps/ThirdPersonExampleMap_BuiltData.uasset'
[2018.10.07-22.40.22:184][890]Cmd: MAP LOAD FILE="../../../../../../Users/sae/Documents/GitHub/GPG210-Prototypes/PlatformerPrototype/Content/Maps/Level_1.umap" TEMPLATE=0 SHOWPROGRESS=1 FEATURELEVEL=3
[2018.10.07-22.40.22:184][890]LightingResults: New page: Lighting Build
[2018.10.07-22.40.22:184][890]LoadErrors: New page: Loading map: Level_1.umap
[2018.10.07-22.40.22:185][890]MapCheck: New page: Map Check
[2018.10.07-22.40.22:186][890]LightingResults: New page: Lighting Build
[2018.10.07-22.40.22:214][890]LogEditorServer: Finished looking for orphan Actors (0.000 secs)
[2018.10.07-22.40.22:260][890]Cmd: MAP CHECKDEP NOCLEARLOG
[2018.10.07-22.40.22:326][890]MapCheck: Map check complete: 0 Error(s), 0 Warning(s), took 66.59ms to complete.
[2018.10.07-22.40.22:326][890]LogFileHelpers: Loading map 'Level_1' took 0.144
[2018.10.07-22.40.25:532][261]MapCheck: New page: Map Check
[2018.10.07-22.40.25:543][261]LightingResults: New page: Lighting Build - 8 Oct 2018 8:40:25 pm
[2018.10.07-22.40.25:551][261]LogSwarmInterface: [OpenConnection] Registering TCP channel ...
[2018.10.07-22.40.25:552][261]LogSwarmInterface: [OpenConnection] Connecting to agent ...
[2018.10.07-22.40.25:552][261]LogSwarmInterface: [TryOpenConnection] Testing the Agent
[2018.10.07-22.40.25:553][261]LogSwarmInterface: [TryOpenConnection] Opening Connection to Agent
[2018.10.07-22.40.25:553][261]LogSwarmInterface: [TryOpenConnection] Local Process ID is 11860
[2018.10.07-22.40.30:079][261]LogStaticLightingSystem: Warning: No importance volume found, so the scene bounding box was used.  You can optimize your scene's quality and lighting build times by adding importance volumes.
[2018.10.07-22.40.30:079][261]LogStaticLightingSystem: Running Lightmass w/ ImmediateImport mode ENABLED
[2018.10.07-22.40.30:079][261]LogStaticLightingSystem: Running Lightmass w/ ImmediateProcess mode ENABLED
[2018.10.07-22.40.30:079][261]LogStaticLightingSystem: Running Lightmass w/ Sorting mode ENABLED
[2018.10.07-22.40.30:079][261]LogStaticLightingSystem: Running Lightmass w/ Mapping paddings ENABLED
[2018.10.07-22.40.30:079][261]LogStaticLightingSystem: Running Lightmass w/ Mapping debug paddings DISABLED
[2018.10.07-22.40.30:178][261]LogEditorBuildUtils: Build time 0:04
[2018.10.07-22.40.33:523][521]Job is a success!
[2018.10.07-22.40.33:567][522]LogVolumetricLightmapImport: Imported Volumetric Lightmap in 0.017s
[2018.10.07-22.40.33:567][522]LogVolumetricLightmapImport:      Indirection Texture 16x16x16 = 0.0Mb
[2018.10.07-22.40.33:567][522]LogVolumetricLightmapImport:      BrickData 515x5x5 = 0.5Mb (trimmed 0.4Mb due to 0.010000 MinBrickError)
[2018.10.07-22.40.33:567][522]LogVolumetricLightmapImport:      Bricks at Level
[2018.10.07-22.40.33:567][522]LogVolumetricLightmapImport:          0: 1.0% covering 100.0% of volume
[2018.10.07-22.40.33:567][522]LogVolumetricLightmapImport:          1: 3.9% covering 6.3% of volume
[2018.10.07-22.40.33:567][522]LogVolumetricLightmapImport:          2: 95.1% covering 2.4% of volume
[2018.10.07-22.40.33:788][522]LogTexture: Display: Building textures: HQ_Lightmap0_1 (AutoDXT, 1024X1024)
[2018.10.07-22.40.33:788][522]LogTexture: Display: Building textures: LQ_Lightmap_0_1 (DXT1, 1024X1024)
[2018.10.07-22.40.33:788][522]LogTexture: Display: Building textures: HQ_Lightmap0_2 (AutoDXT, 64X64)
[2018.10.07-22.40.33:788][522]LogTexture: Display: Building textures: LQ_Lightmap_0_2 (DXT1, 64X64)
[2018.10.07-22.40.33:788][522]LogTexture: Display: Building textures: ShadowMapTexture2D_1 (G8, 32X32)
[2018.10.07-22.40.33:827][522]LogTexture: Display: Building textures: ShadowMapTexture2D_0 (BGRA8, 1024X256)
[2018.10.07-22.40.33:861][522]Lightmass on SYD-TEST-GAMES: 3.17 sec total, 118 ms importing, 15 ms setup, 693 ms photons, 2.31 sec processing, 0 ms extra exporting [38/38 mappings]. Threads: 16.0 sec total, 9.09 sec processing.
[2018.10.07-22.40.33:867][522]LogStaticLightingSystem: Illumination: 8.31 sec (182 ms encoding lightmaps, 55 ms encoding shadowmaps)
[2018.10.07-22.40.33:867][522]LogStaticLightingSystem: Lightmap texture memory:  2.0 MB (2.0 MB streaming, 0.0 MB non-streaming), 4 textures
[2018.10.07-22.40.33:867][522]LogStaticLightingSystem: Shadowmap texture memory: 1.3 MB (1.3 MB streaming, 0.0 MB non-streaming), 2 textures
[2018.10.07-22.40.34:083][522]DumpUnbuiltLightIteractions
[2018.10.07-22.40.34:083][522]Lights with unbuilt interactions: 0
[2018.10.07-22.40.34:083][522]
[2018.10.07-22.40.34:083][522]Primitives with unbuilt interactions: 0
[2018.10.07-22.40.34:178][523]Cmd: MAP CHECK NOTIFYRESULTS
[2018.10.07-22.40.34:178][523]MapCheck: New page: Level_1 - 8 Oct 2018 8:40:34 pm
[2018.10.07-22.40.34:239][523]MapCheck: Map check complete: 0 Error(s), 0 Warning(s), took 60.882ms to complete.
[2018.10.07-22.41.36:212][958]LogTemp: Repeating last play command: Selected Viewport
[2018.10.07-22.41.36:230][958]LogPlayLevel: PlayLevel: No blueprints needed recompiling
[2018.10.07-22.41.36:230][958]PIE: New page: PIE session: Level_1 (8 Oct 2018 8:41:36 pm)
[2018.10.07-22.41.36:230][958]LogPlayLevel: Creating play world package: /Game/Maps/UEDPIE_1_Level_1
[2018.10.07-22.41.36:234][958]LogPlayLevel: PIE: StaticDuplicateObject took: (0.003972s)
[2018.10.07-22.41.36:235][958]LogAIModule: Creating AISystem for world Level_1
[2018.10.07-22.41.36:235][958]LogPlayLevel: PIE: World Init took: (0.001154s)
[2018.10.07-22.41.36:235][958]LogPlayLevel: PIE: Created PIE world by copying editor world from /Game/Maps/Level_1.Level_1 to /Game/Maps/UEDPIE_1_Level_1.Level_1 (0.005275s)
[2018.10.07-22.41.36:254][958]LogLoad: Game class is 'ThirdPersonGameMode_C'
[2018.10.07-22.41.36:256][958]LogWorld: Bringing World /Game/Maps/UEDPIE_1_Level_1.Level_1 up for play (max tick rate 0) at 2018.10.08-09.41.36
[2018.10.07-22.41.36:257][958]LogWorld: Bringing up level for play took: 0.001356
[2018.10.07-22.41.36:257][958]LogTemp: Display: ParseSettings for GameNetDriver
[2018.10.07-22.41.36:257][958]LogTemp: Display: ParseSettings for IpNetDriver_2
[2018.10.07-22.41.36:257][958]LogTemp: Display: ParseSettings for GameNetDriver
[2018.10.07-22.41.36:257][958]LogNet: ReplicationDriverClass is null! Not using ReplicationDriver.
[2018.10.07-22.41.36:257][958]LogInit: WinSock: Socket queue 131072 / 131072
[2018.10.07-22.41.36:257][958]PacketHandlerLog: Loaded PacketHandler component: Engine.EngineHandlerComponentFactory (StatelessConnectHandlerComponent)
[2018.10.07-22.41.36:257][958]LogNet: GameNetDriver IpNetDriver_2 IpNetDriver listening on port 17777
[2018.10.07-22.41.36:257][958]PIE: Play in editor start time for /Game/Maps/UEDPIE_1_Level_1 0.816
[2018.10.07-22.41.36:258][958]PIE: New page: PIE session: Level_1 (8 Oct 2018 8:41:36 pm)
[2018.10.07-22.41.36:266][958]LogInit: XAudio2 using 'U28E850 (2- NVIDIA High Definition Audio)' : 2 channels at 48 kHz using 16 bits per sample (channel mask 0x3)
[2018.10.07-22.41.36:272][958]LogInit: FAudioDevice initialized.
[2018.10.07-22.41.36:303][958]LogNet: Browse: 127.0.0.1:17777//Game/Maps/Level_1
[2018.10.07-22.41.36:303][958]LogTemp: Display: ParseSettings for GameNetDriver
[2018.10.07-22.41.36:303][958]LogTemp: Display: ParseSettings for IpNetDriver_3
[2018.10.07-22.41.36:303][958]LogTemp: Display: ParseSettings for PendingNetDriver
[2018.10.07-22.41.36:304][958]LogInit: WinSock: Socket queue 32768 / 32768
[2018.10.07-22.41.36:304][958]PacketHandlerLog: Loaded PacketHandler component: Engine.EngineHandlerComponentFactory (StatelessConnectHandlerComponent)
[2018.10.07-22.41.36:304][958]LogNet: Game client on port 17777, rate 10000
[2018.10.07-22.41.36:304][958]PIE: Play in editor start time for /Game/Maps/Level_1 0.863
[2018.10.07-22.41.36:306][958]LogNet: NotifyAcceptingConnection accepted from: 127.0.0.1:55952
[2018.10.07-22.41.36:306][958]LogHandshake: SendConnectChallenge. Timestamp: 0.008334, Cookie: 167099193203126226047225106001212202112103106016147053220253
[2018.10.07-22.41.36:318][958]LogHandshake: SendChallengeResponse. Timestamp: 0.008334, Cookie: 167099193203126226047225106001212202112103106016147053220253
[2018.10.07-22.41.36:340][959]LogNet: NotifyAcceptingConnection accepted from: 127.0.0.1:55952
[2018.10.07-22.41.36:340][959]LogHandshake: SendChallengeAck. InCookie: 167099193203126226047225106001212202112103106016147053220253
[2018.10.07-22.41.36:341][959]LogNet: Server accepting post-challenge connection from: 127.0.0.1:55952
[2018.10.07-22.41.36:341][959]PacketHandlerLog: Loaded PacketHandler component: Engine.EngineHandlerComponentFactory (StatelessConnectHandlerComponent)
[2018.10.07-22.41.36:341][959]LogNet: NotifyAcceptedConnection: Name: Level_1, TimeStamp: 10/08/18 09:41:36, [UNetConnection] RemoteAddr: 127.0.0.1:55952, Name: IpConnection_3, Driver: GameNetDriver IpNetDriver_2, IsServer: YES, PC: NULL, Owner: NULL, UniqueId: INVALID
[2018.10.07-22.41.36:341][959]LogNet: AddClientConnection: Added client connection: [UNetConnection] RemoteAddr: 127.0.0.1:55952, Name: IpConnection_3, Driver: GameNetDriver IpNetDriver_2, IsServer: YES, PC: NULL, Owner: NULL, UniqueId: INVALID
[2018.10.07-22.41.36:341][959]LogNet: UPendingNetGame::SendInitialJoin: Sending hello. [UNetConnection] RemoteAddr: 127.0.0.1:17777, Name: IpConnection_2, Driver: PendingNetDriver IpNetDriver_3, IsServer: NO, PC: NULL, Owner: NULL, UniqueId: INVALID
[2018.10.07-22.41.36:347][960]LogNet: NotifyAcceptingChannel Control 0 server World /Game/Maps/UEDPIE_1_Level_1.Level_1: Accepted
[2018.10.07-22.41.36:347][960]LogNet: Remote platform little endian=1
[2018.10.07-22.41.36:347][960]LogNet: This platform little endian=1
[2018.10.07-22.41.36:363][961]LogNet: Login request: /Game/Maps/Level_1?Name=SYD-TEST-GAMES-AA42361E4759565EE906BBA09A265A75 userId: SYD-TEST-GAMES-AA42361E4759565EE906BBA09A265A75
[2018.10.07-22.41.36:364][961]LogNet: Welcomed by server (Level: /Game/Maps/UEDPIE_1_Level_1, Game: /Game/ThirdPersonBP/Blueprints/ThirdPersonGameMode.ThirdPersonGameMode_C)
[2018.10.07-22.41.36:364][961]LogLoad: LoadMap: 127.0.0.1:17777//Game/Maps/UEDPIE_1_Level_1?game=/Game/ThirdPersonBP/Blueprints/ThirdPersonGameMode.ThirdPersonGameMode_C
[2018.10.07-22.41.36:390][961]LogAIModule: Creating AISystem for world Level_1
[2018.10.07-22.41.36:390][961]LogTemp: Display: ParseSettings for GameNetDriver
[2018.10.07-22.41.36:393][961]LogWorld: Bringing World /Game/Maps/UEDPIE_2_Level_1.Level_1 up for play (max tick rate 0) at 2018.10.08-09.41.36
[2018.10.07-22.41.36:393][961]LogWorld: Bringing up level for play took: 0.001830
[2018.10.07-22.41.36:393][961]LogLoad: Took 0.028767 seconds to LoadMap(/Game/Maps/UEDPIE_1_Level_1)
[2018.10.07-22.41.36:409][962]LogNet: Client netspeed is 10000
[2018.10.07-22.41.36:409][962]LogNet: Join request: /Game/Maps/Level_1?Name=SYD-TEST-GAMES-AA42361E4759565EE906BBA09A265A75?SplitscreenCount=1
[2018.10.07-22.41.36:410][962]LogOnline: Warning: OSS: No game present to join for session (GameSession)
[2018.10.07-22.41.36:411][962]LogNet: Join succeeded: SYD-TEST-GAMES-AA423
[2018.10.07-22.41.36:468][969]LogOnline: Warning: OSS: No game present to join for session (GameSession)
[2018.10.07-22.42.24:864][776]LogNet: Browse: /Game/Maps/Level_2
[2018.10.07-22.42.24:864][776]LogLoad: LoadMap: /Game/Maps/Level_2
[2018.10.07-22.42.24:864][776]LogNet: World NetDriver shutdown IpNetDriver_3 [GameNetDriver]
[2018.10.07-22.42.24:864][776]LogNet: DestroyNamedNetDriver IpNetDriver_3 [GameNetDriver]
[2018.10.07-22.42.24:864][776]LogNet: UNetConnection::Close: [UNetConnection] RemoteAddr: 127.0.0.1:17777, Name: IpConnection_2, Driver: GameNetDriver IpNetDriver_3, IsServer: NO, PC: PlayerController_1, Owner: PlayerController_1, UniqueId: NULL:SYD-TEST-GAMES-AA42361E4759565EE906BBA09A265A75, Channels: 8, Time: 2018.10.07-22.42.24
[2018.10.07-22.42.24:864][776]LogNet: UChannel::Close: Sending CloseBunch. ChIndex == 0. Name: [UChannel] ChIndex: 0, Closing: 0 [UNetConnection] RemoteAddr: 127.0.0.1:17777, Name: IpConnection_2, Driver: GameNetDriver IpNetDriver_3, IsServer: NO, PC: PlayerController_1, Owner: PlayerController_1, UniqueId: NULL:SYD-TEST-GAMES-AA42361E4759565EE906BBA09A265A75
[2018.10.07-22.42.24:864][776]LogExit: GameNetDriver IpNetDriver_3 shut down
[2018.10.07-22.42.24:895][776]LogLinker: Warning: Can't find file '/Game/Maps/Level_2_BuiltData'
[2018.10.07-22.42.24:895][776]LogLinker: Warning: Can't find file for asset '/Game/Maps/Level_2_BuiltData' while loading ../../../../../../Users/sae/Documents/GitHub/GPG210-Prototypes/PlatformerPrototype/Content/Maps/Level_2.umap.
[2018.10.07-22.42.24:895][776]LoadErrors: Error: /Game/Maps/Level_2 : Can't find file for asset. /Game/Maps/Level_2_BuiltData
[2018.10.07-22.42.24:896][776]LogLinker: Warning: Can't find file '/Game/Maps/Level_2_BuiltData'
[2018.10.07-22.42.24:896][776]LogLinker: Warning: Can't find file for asset '/Game/Maps/Level_2_BuiltData' while loading ../../../../../../Users/sae/Documents/GitHub/GPG210-Prototypes/PlatformerPrototype/Content/Maps/Level_2.umap.
[2018.10.07-22.42.24:914][776]LogLinker: Warning: Can't find file '/Game/Maps/Level_2_BuiltData'
[2018.10.07-22.42.24:914][776]LoadErrors: Failed to load /Game/Maps/Level_2_BuiltData.Level_2_BuiltData Referenced by PersistentLevel
[2018.10.07-22.42.24:914][776]LogLinker: Warning: Can't find file for asset '/Game/Maps/Level_2_BuiltData' while loading NULL.
[2018.10.07-22.42.25:164][776]LogAIModule: Creating AISystem for world Level_2
[2018.10.07-22.42.25:164][776]LogLoad: Game class is 'ThirdPersonGameMode_C'
[2018.10.07-22.42.25:169][776]LogWorld: Bringing World /Game/Maps/UEDPIE_2_Level_2.Level_2 up for play (max tick rate 0) at 2018.10.08-09.42.25
[2018.10.07-22.42.25:169][776]LogWorld: Bringing up level for play took: 0.004472
[2018.10.07-22.42.25:172][776]LogContentBrowser: Native class hierarchy updated for 'MovieSceneCapture' in 0.0002 seconds. Added 10 classes and 0 folders.
[2018.10.07-22.42.25:173][776]LogLoad: Took 0.309430 seconds to LoadMap(/Game/Maps/Level_2)
[2018.10.07-22.42.25:197][777]LogNet: UChannel::ReceivedSequencedBunch: Bunch.bClose == true. ChIndex == 0. Calling ConditionalCleanUp.
[2018.10.07-22.42.25:197][777]LogNet: UChannel::CleanUp: ChIndex == 0. Closing connection. [UChannel] ChIndex: 0, Closing: 0 [UNetConnection] RemoteAddr: 127.0.0.1:55952, Name: IpConnection_3, Driver: GameNetDriver IpNetDriver_2, IsServer: YES, PC: PlayerController_0, Owner: PlayerController_0, UniqueId: NULL:SYD-TEST-GAMES-AA42361E4759565EE906BBA09A265A75
[2018.10.07-22.42.25:197][777]LogNet: UNetConnection::Close: [UNetConnection] RemoteAddr: 127.0.0.1:55952, Name: IpConnection_3, Driver: GameNetDriver IpNetDriver_2, IsServer: YES, PC: PlayerController_0, Owner: PlayerController_0, UniqueId: NULL:SYD-TEST-GAMES-AA42361E4759565EE906BBA09A265A75, Channels: 8, Time: 2018.10.07-22.42.25
[2018.10.07-22.42.25:197][777]LogNet: UChannel::Close: Sending CloseBunch. ChIndex == 0. Name: [UChannel] ChIndex: 0, Closing: 0 [UNetConnection] RemoteAddr: 127.0.0.1:55952, Name: IpConnection_3, Driver: GameNetDriver IpNetDriver_2, IsServer: YES, PC: PlayerController_0, Owner: PlayerController_0, UniqueId: NULL:SYD-TEST-GAMES-AA42361E4759565EE906BBA09A265A75
[2018.10.07-22.42.25:198][777]LogOnline: Warning: OSS: No game present to leave for session (GameSession)
[2018.10.07-22.42.26:986][990]LogSlate: Updating window title bar state: overlay mode, drag disabled, window buttons hidden, title bar hidden
[2018.10.07-22.42.27:023][990]LogPlayLevel: Display: Shutting down PIE online subsystems
[2018.10.07-22.42.27:044][990]LogSlate: Updating window title bar state: overlay mode, drag disabled, window buttons hidden, title bar hidden
[2018.10.07-22.42.27:045][990]LogExit: GameNetDriver None shut down
[2018.10.07-22.42.27:105][992]LogPlayLevel: Display: Destroying online subsystem :Context_5
[2018.10.07-22.42.27:105][992]LogPlayLevel: Display: Destroying online subsystem :Context_4
[2018.10.07-22.42.28:223][126]LogSlate: FSceneViewport::OnFocusLost() reason 0
[2018.10.07-22.42.28:457][145]LogLinker: Warning: Can't find file '/Game/Maps/Level_2_BuiltData'
[2018.10.07-22.42.28:457][145]LogLinker: Warning: Can't find file for asset '/Game/Maps/Level_2_BuiltData' while loading ../../../../../../Users/sae/Documents/GitHub/GPG210-Prototypes/PlatformerPrototype/Content/Maps/Level_2.umap.
[2018.10.07-22.42.28:468][145]LogLinker: Warning: Can't find file '/Game/Maps/Level_2_BuiltData'
[2018.10.07-22.42.28:468][145]LogLinker: Warning: Can't find file for asset '/Game/Maps/Level_2_BuiltData' while loading ../../../../../../Users/sae/Documents/GitHub/GPG210-Prototypes/PlatformerPrototype/Content/Maps/Level_2.umap.
[2018.10.07-22.42.28:486][145]LogLinker: Warning: Can't find file '/Game/Maps/Level_2_BuiltData'
[2018.10.07-22.42.28:486][145]LogLinker: Warning: Can't find file for asset '/Game/Maps/Level_2_BuiltData' while loading NULL.
[2018.10.07-22.42.28:492][145]LogAIModule: Creating AISystem for world Level_2
[2018.10.07-22.42.28:499][145]LogAssetEditorManager: Opening Asset editor for World /Game/Maps/Level_2.Level_2
[2018.10.07-22.42.29:832][145]LogSlate: Window 'Save Content' being destroyed
[2018.10.07-22.42.29:982][145]LogSavePackage: Moving '../../../../../../Users/sae/Documents/GitHub/GPG210-Prototypes/PlatformerPrototype/Saved/Level_1CB02D14A447206928BEE6AB67286FB4A.tmp' to '../../../../../../Users/sae/Documents/GitHub/GPG210-Prototypes/PlatformerPrototype/Content/Maps/Level_1.umap'
[2018.10.07-22.42.30:011][145]LogFileHelpers: Saving map 'Level_1' took 0.173
[2018.10.07-22.42.30:012][145]Cmd: OBJ SAVEPACKAGE PACKAGE="/Game/Maps/Level_1_BuiltData" FILE="../../../../../../Users/sae/Documents/GitHub/GPG210-Prototypes/PlatformerPrototype/Content/Maps/Level_1_BuiltData.uasset" SILENT=true
[2018.10.07-22.42.30:078][145]LogSavePackage: Moving '../../../../../../Users/sae/Documents/GitHub/GPG210-Prototypes/PlatformerPrototype/Saved/Level_1_BuiltData28C16D0844114E99EDD11489A3D7B700.tmp' to '../../../../../../Users/sae/Documents/GitHub/GPG210-Prototypes/PlatformerPrototype/Content/Maps/Level_1_BuiltData.uasset'
[2018.10.07-22.42.30:080][145]Cmd: MAP LOAD FILE="../../../../../../Users/sae/Documents/GitHub/GPG210-Prototypes/PlatformerPrototype/Content/Maps/Level_2.umap" TEMPLATE=0 SHOWPROGRESS=1 FEATURELEVEL=3
[2018.10.07-22.42.30:080][145]LightingResults: New page: Lighting Build
[2018.10.07-22.42.30:081][145]LoadErrors: New page: Loading map: Level_2.umap
[2018.10.07-22.42.30:082][145]MapCheck: New page: Map Check
[2018.10.07-22.42.30:082][145]LightingResults: New page: Lighting Build
[2018.10.07-22.42.30:111][145]LogEditorServer: Finished looking for orphan Actors (0.000 secs)
[2018.10.07-22.42.30:159][145]Cmd: MAP CHECKDEP NOCLEARLOG
[2018.10.07-22.42.30:215][145]MapCheck: Map check complete: 0 Error(s), 0 Warning(s), took 56.715ms to complete.
[2018.10.07-22.42.30:215][145]LogFileHelpers: Loading map 'Level_2' took 0.136
[2018.10.07-22.42.32:111][361]MapCheck: New page: Map Check
[2018.10.07-22.42.32:117][361]LightingResults: New page: Lighting Build - 8 Oct 2018 8:42:32 pm
[2018.10.07-22.42.32:127][361]LogSwarmInterface: [OpenConnection] Registering TCP channel ...
[2018.10.07-22.42.32:129][361]LogSwarmInterface: [OpenConnection] Connecting to agent ...
[2018.10.07-22.42.32:129][361]LogSwarmInterface: [TryOpenConnection] Testing the Agent
[2018.10.07-22.42.32:129][361]LogSwarmInterface: [TryOpenConnection] Opening Connection to Agent
[2018.10.07-22.42.32:129][361]LogSwarmInterface: [TryOpenConnection] Local Process ID is 11860
[2018.10.07-22.42.36:640][361]LogStaticLightingSystem: Warning: No importance volume found, so the scene bounding box was used.  You can optimize your scene's quality and lighting build times by adding importance volumes.
[2018.10.07-22.42.36:640][361]LogStaticLightingSystem: Running Lightmass w/ ImmediateImport mode ENABLED
[2018.10.07-22.42.36:640][361]LogStaticLightingSystem: Running Lightmass w/ ImmediateProcess mode ENABLED
[2018.10.07-22.42.36:640][361]LogStaticLightingSystem: Running Lightmass w/ Sorting mode ENABLED
[2018.10.07-22.42.36:640][361]LogStaticLightingSystem: Running Lightmass w/ Mapping paddings ENABLED
[2018.10.07-22.42.36:640][361]LogStaticLightingSystem: Running Lightmass w/ Mapping debug paddings DISABLED
[2018.10.07-22.42.36:738][361]LogEditorBuildUtils: Build time 0:04
[2018.10.07-22.42.39:692][583]Job is a success!
[2018.10.07-22.42.39:739][585]LogVolumetricLightmapImport: Imported Volumetric Lightmap in 0.018s
[2018.10.07-22.42.39:739][585]LogVolumetricLightmapImport:      Indirection Texture 16x16x16 = 0.0Mb
[2018.10.07-22.42.39:739][585]LogVolumetricLightmapImport:      BrickData 705x5x5 = 0.6Mb
[2018.10.07-22.42.39:739][585]LogVolumetricLightmapImport:      Bricks at Level
[2018.10.07-22.42.39:739][585]LogVolumetricLightmapImport:          0: 0.7% covering 100.0% of volume
[2018.10.07-22.42.39:739][585]LogVolumetricLightmapImport:          1: 2.8% covering 6.3% of volume
[2018.10.07-22.42.39:739][585]LogVolumetricLightmapImport:          2: 96.5% covering 3.3% of volume
[2018.10.07-22.42.40:076][585]LogTexture: Display: Building textures: HQ_Lightmap0_1 (AutoDXT, 1024X1024)
[2018.10.07-22.42.40:076][585]LogTexture: Display: Building textures: LQ_Lightmap_0_1 (DXT1, 1024X1024)
[2018.10.07-22.42.40:076][585]LogTexture: Display: Building textures: HQ_Lightmap0_2 (AutoDXT, 64X64)
[2018.10.07-22.42.40:076][585]LogTexture: Display: Building textures: LQ_Lightmap_0_2 (DXT1, 64X64)
[2018.10.07-22.42.40:194][585]LogTexture: Display: Building textures: ShadowMapTexture2D_1 (G8, 32X32)
[2018.10.07-22.42.40:194][585]LogTexture: Display: Building textures: ShadowMapTexture2D_0 (BGRA8, 1024X512)
[2018.10.07-22.42.40:226][585]Lightmass on SYD-TEST-GAMES: 2.97 sec total, 110 ms importing, 18 ms setup, 589 ms photons, 2.22 sec processing, 0 ms extra exporting [88/88 mappings]. Threads: 15.3 sec total, 6.59 sec processing.
[2018.10.07-22.42.40:232][585]LogStaticLightingSystem: Illumination: 8.10 sec (306 ms encoding lightmaps, 114 ms encoding shadowmaps)
[2018.10.07-22.42.40:232][585]LogStaticLightingSystem: Lightmap texture memory:  2.0 MB (2.0 MB streaming, 0.0 MB non-streaming), 4 textures
[2018.10.07-22.42.40:232][585]LogStaticLightingSystem: Shadowmap texture memory: 2.7 MB (2.7 MB streaming, 0.0 MB non-streaming), 2 textures
[2018.10.07-22.42.40:643][585]DumpUnbuiltLightIteractions
[2018.10.07-22.42.40:643][585]Lights with unbuilt interactions: 0
[2018.10.07-22.42.40:643][585]
[2018.10.07-22.42.40:643][585]Primitives with unbuilt interactions: 0
[2018.10.07-22.42.40:736][586]Cmd: MAP CHECK NOTIFYRESULTS
[2018.10.07-22.42.40:736][586]MapCheck: New page: Level_2 - 8 Oct 2018 8:42:40 pm
[2018.10.07-22.42.40:800][586]MapCheck: Map check complete: 0 Error(s), 0 Warning(s), took 63.779ms to complete.
[2018.10.07-22.52.29:859][418]LogSavePackage: Moving '../../../../../../Users/sae/Documents/GitHub/GPG210-Prototypes/PlatformerPrototype/Saved/Level_2_Auto101DE2CDC4087BC984520A5A853553F93.tmp' to '../../../../../../Users/sae/Documents/GitHub/GPG210-Prototypes/PlatformerPrototype/Saved/Autosaves/Game/Maps/Level_2_Auto1.umap'
[2018.10.07-22.52.29:863][418]LogFileHelpers: Editor autosave (incl. sublevels) for '/Game/Maps/Level_2' took 0.115
[2018.10.07-22.52.29:863][418]LogFileHelpers: Editor autosave (incl. sublevels) for all levels took 0.115
[2018.10.07-22.52.29:865][418]OBJ SavePackage: Generating thumbnails for [0] asset(s) in package [/Game/Maps/Level_2_BuiltData] ([1] browsable assets)...
[2018.10.07-22.52.29:865][418]OBJ SavePackage: Finished generating thumbnails for package [/Game/Maps/Level_2_BuiltData]
[2018.10.07-22.52.29:879][418]LogSavePackage: Moving '../../../../../../Users/sae/Documents/GitHub/GPG210-Prototypes/PlatformerPrototype/Saved/Level_2_BuiltData_Auto1053722DD4F07591736736AA37BAA79ED.tmp' to '../../../../../../Users/sae/Documents/GitHub/GPG210-Prototypes/PlatformerPrototype/Saved/Autosaves/Game/Maps/Level_2_BuiltData_Auto1.uasset'
[2018.10.07-22.52.29:880][418]LogFileHelpers: Auto-saving content packages took 0.016
