Log file open, 10/23/18 08:53:05
LogWindows: Failed to load 'aqProf.dll' (GetLastError=126)
LogWindows: File 'aqProf.dll' does not exist
LogWindows: Failed to load 'VSPerf140.dll' (GetLastError=126)
LogWindows: File 'VSPerf140.dll' does not exist
LogWindows: Failed to load 'VtuneApi.dll' (GetLastError=126)
LogWindows: File 'VtuneApi.dll' does not exist
LogWindows: Failed to load 'VtuneApi32e.dll' (GetLastError=126)
LogWindows: File 'VtuneApi32e.dll' does not exist
LogInit: Display: Running engine for game: PlatformerPrototype
LogPlatformFile: Not using cached read wrapper
LogTaskGraph: Started task graph with 5 named threads and 23 total threads with 3 sets of task threads.
LogStats: Stats thread started at 0.269605
LogD3D11RHI: Loaded GFSDK_Aftermath_Lib.x64.dll
LogICUInternationalization: Display: ICU TimeZone Detection - Raw Offset: +10:00, Platform Override: ''
LogPluginManager: Mounting plugin Paper2D
LogPluginManager: Mounting plugin AISupport
LogPluginManager: Mounting plugin LightPropagationVolume
LogPluginManager: Mounting plugin CLionSourceCodeAccess
LogPluginManager: Mounting plugin CodeLiteSourceCodeAccess
LogPluginManager: Mounting plugin GitSourceControl
LogPluginManager: Mounting plugin KDevelopSourceCodeAccess
LogPluginManager: Mounting plugin NullSourceCodeAccess
LogPluginManager: Mounting plugin PerforceSourceControl
LogPluginManager: Mounting plugin SubversionSourceControl
LogPluginManager: Mounting plugin UObjectPlugin
LogPluginManager: Mounting plugin VisualStudioCodeSourceCodeAccess
LogPluginManager: Mounting plugin VisualStudioSourceCodeAccess
LogPluginManager: Mounting plugin XCodeSourceCodeAccess
LogPluginManager: Mounting plugin AssetManagerEditor
LogPluginManager: Mounting plugin CryptoKeys
LogPluginManager: Mounting plugin DataValidation
LogPluginManager: Mounting plugin EditorScriptingUtilities
LogPluginManager: Mounting plugin FacialAnimation
LogPluginManager: Mounting plugin GameplayTagsEditor
LogPluginManager: Mounting plugin MacGraphicsSwitching
LogPluginManager: Mounting plugin MeshEditor
LogPluginManager: Mounting plugin MobileLauncherProfileWizard
LogPluginManager: Mounting plugin PluginBrowser
LogPluginManager: Mounting plugin SpeedTreeImporter
LogPluginManager: Mounting plugin DatasmithContent
LogPluginManager: Mounting plugin AlembicImporter
LogPluginManager: Mounting plugin AppleImageUtils
LogPluginManager: Mounting plugin AppleVision
LogPluginManager: Mounting plugin BackChannel
LogPluginManager: Mounting plugin CharacterAI
LogPluginManager: Mounting plugin GeometryCache
LogPluginManager: Mounting plugin HTML5Networking
LogPluginManager: Mounting plugin ProxyLODPlugin
LogPluginManager: Mounting plugin MagicLeap
LogPluginManager: Mounting plugin MagicLeapEmulator
LogPluginManager: Mounting plugin MagicLeapMedia
LogPluginManager: Mounting plugin AndroidMedia
LogPluginManager: Mounting plugin AvfMedia
LogPluginManager: Mounting plugin ImgMedia
LogPluginManager: Mounting plugin LinearTimecode
LogPluginManager: Mounting plugin MediaCompositing
LogPluginManager: Mounting plugin MediaPlayerEditor
LogPluginManager: Mounting plugin WmfMedia
LogPluginManager: Mounting plugin TcpMessaging
LogPluginManager: Mounting plugin UdpMessaging
LogPluginManager: Mounting plugin ActorSequence
LogPluginManager: Mounting plugin LevelSequenceEditor
LogPluginManager: Mounting plugin MatineeToLevelSequence
LogPluginManager: Mounting plugin NetcodeUnitTest
LogPluginManager: Mounting plugin NUTUnrealEngine4
LogPluginManager: Mounting plugin OnlineSubsystemGooglePlay
LogPluginManager: Mounting plugin OnlineSubsystemIOS
LogPluginManager: Mounting plugin OnlineSubsystem
LogPluginManager: Mounting plugin OnlineSubsystemNull
LogPluginManager: Mounting plugin OnlineSubsystemUtils
LogPluginManager: Mounting plugin LauncherChunkInstaller
LogPluginManager: Mounting plugin AndroidDeviceProfileSelector
LogPluginManager: Mounting plugin AndroidMoviePlayer
LogPluginManager: Mounting plugin AndroidPermission
LogPluginManager: Mounting plugin AppleMoviePlayer
LogPluginManager: Mounting plugin ArchVisCharacter
LogPluginManager: Mounting plugin AudioCapture
LogPluginManager: Mounting plugin CableComponent
LogPluginManager: Mounting plugin CustomMeshComponent
LogPluginManager: Mounting plugin EditableMesh
LogPluginManager: Mounting plugin ExampleDeviceProfileSelector
LogPluginManager: Mounting plugin GoogleCloudMessaging
LogPluginManager: Mounting plugin ImmediatePhysics
LogPluginManager: Mounting plugin IOSDeviceProfileSelector
LogPluginManager: Mounting plugin LinuxDeviceProfileSelector
LogPluginManager: Mounting plugin LocationServicesBPLibrary
LogPluginManager: Mounting plugin MobilePatchingUtils
LogPluginManager: Mounting plugin OculusVR
LogPluginManager: Plugin shader directory ../../../Engine/Plugins/Runtime/Oculus/OculusVR/Shaders found
LogPluginManager: Mapping shader source directory ../../../Engine/Plugins/Runtime/Oculus/OculusVR/Shaders to virtual directory /Plugin/OculusVR
LogPluginManager: Mounting plugin PhysXVehicles
LogPluginManager: Mounting plugin ProceduralMeshComponent
LogPluginManager: Mounting plugin RuntimePhysXCooking
LogPluginManager: Mounting plugin SteamVR
LogPluginManager: Mounting plugin WindowsMoviePlayer
LogPluginManager: Mounting plugin DatasmithCADImporter
LogPluginManager: Mounting plugin DatasmithFBXImporter
LogPluginManager: Mounting plugin DatasmithImporter
LogPluginManager: Mounting plugin DatasmithMDLImporter
LogPluginManager: Mounting plugin StaticMeshEditorExtension
LogStreaming: Display: Took  0.087s to configure plugins.
LogInit: Using libcurl 7.55.1-DEV
LogInit:  - built for x86_64-pc-win32
LogInit:  - supports SSL with OpenSSL/1.0.2h
LogInit:  - supports HTTP deflate (compression) using libz 1.2.8
LogInit:  - other features:
LogInit:      CURL_VERSION_SSL
LogInit:      CURL_VERSION_LIBZ
LogInit:      CURL_VERSION_IPV6
LogInit:      CURL_VERSION_ASYNCHDNS
LogInit:      CURL_VERSION_LARGEFILE
LogInit:      CURL_VERSION_IDN
LogInit:  CurlRequestOptions (configurable via config and command line):
LogInit:  - bVerifyPeer = false  - Libcurl will NOT verify peer certificate
LogInit:  - bUseHttpProxy = false  - Libcurl will NOT use HTTP proxy
LogInit:  - bDontReuseConnections = false  - Libcurl will reuse connections
LogInit:  - CertBundlePath = nullptr  - Libcurl will use whatever was configured at build time.
LogInit:  - MaxHostConnections = 16  - Libcurl will limit the number of connections to a host
LogInit:  - LocalHostAddr = Default
LogInit:  - BufferSize = 65536
LogInit: WinSock: version 1.1 (2.2), MaxSocks=32767, MaxUdp=65467
LogHMD: Failed initializing OVRPlugin 1.25.0
LogInit: Build: ++UE4+Release-4.20-CL-4302132
LogInit: Engine Version: 4.20.2-4302132+++UE4+Release-4.20
LogInit: Compatible Engine Version: 4.20.0-4212847+++UE4+Release-4.20
LogInit: Net CL: 4212847
LogInit: OS: Windows 10 (), CPU: Intel(R) Core(TM) i7-6700 CPU @ 3.40GHz, GPU: NVIDIA GeForce GTX 980
LogInit: Compiled (64-bit): Aug 21 2018 02:06:06
LogInit: Compiled with Visual C++: 19.13.26129.00
LogInit: Build Configuration: Development
LogInit: Branch Name: ++UE4+Release-4.20
LogInit: Command Line:  
LogInit: Base Directory: C:/Program Files/Epic Games/UE_4.20/Engine/Binaries/Win64/
LogInit: Installed Engine Build: 1
LogDevObjectVersion: Number of dev versions registered: 20
LogDevObjectVersion:   Dev-Blueprints (B0D832E4-1F89-4F0D-ACCF-7EB736FD4AA2): 10
LogDevObjectVersion:   Dev-Build (E1C64328-A22C-4D53-A36C-8E866417BD8C): 0
LogDevObjectVersion:   Dev-Core (375EC13C-06E4-48FB-B500-84F0262A717E): 2
LogDevObjectVersion:   Dev-Editor (E4B068ED-F494-42E9-A231-DA0B2E46BB41): 24
LogDevObjectVersion:   Dev-Framework (CFFC743F-43B0-4480-9391-14DF171D2073): 34
LogDevObjectVersion:   Dev-Mobile (B02B49B5-BB20-44E9-A304-32B752E40360): 2
LogDevObjectVersion:   Dev-Networking (A4E4105C-59A1-49B5-A7C5-40C4547EDFEE): 0
LogDevObjectVersion:   Dev-Online (39C831C9-5AE6-47DC-9A44-9C173E1C8E7C): 0
LogDevObjectVersion:   Dev-Physics (78F01B33-EBEA-4F98-B9B4-84EACCB95AA2): 0
LogDevObjectVersion:   Dev-Platform (6631380F-2D4D-43E0-8009-CF276956A95A): 0
LogDevObjectVersion:   Dev-Rendering (12F88B9F-8875-4AFC-A67C-D90C383ABD29): 26
LogDevObjectVersion:   Dev-Sequencer (7B5AE74C-D270-4C10-A958-57980B212A5A): 9
LogDevObjectVersion:   Dev-VR (D7296918-1DD6-4BDD-9DE2-64A83CC13884): 2
LogDevObjectVersion:   Dev-LoadTimes (C2A15278-BFE7-4AFE-6C17-90FF531DF755): 1
LogDevObjectVersion:   Private-Geometry (6EACA3D4-40EC-4CC1-B786-8BED09428FC5): 3
LogDevObjectVersion:   Dev-AnimPhys (29E575DD-E0A3-4627-9D10-D276232CDCEA): 17
LogDevObjectVersion:   Dev-ReflectionCapture (6B266CEC-1EC7-4B8F-A30B-E4D90942FC07): 1
LogDevObjectVersion:   Dev-Automation (0DF73D61-A23F-47EA-B727-89E90C41499A): 1
LogDevObjectVersion:   FortniteMain (601D1886-AC64-4F84-AA16-D3DE0DEAC7D6): 12
LogDevObjectVersion:   Dev-Enterprise (9DFFBCD6-494F-0158-E221-12823C92A888): 1
LogStreaming: Display: Took  0.001s to delete old logs.
LogInit: Presizing for max 8388607 objects, including 0 objects not considered by GC, pre-allocating 0 bytes for permanent pool.
LogInit: Object subsystem initialized
[2018.10.22-21.53.06:014][  0]LogInit: Selected Device Profile: [Windows]
[2018.10.22-21.53.06:014][  0]LogInit: Applying CVar settings loaded from the selected device profile: [Windows]
[2018.10.22-21.53.06:026][  0]LogHAL: Display: Platform has ~ 32 GB [34267594752 / 34359738368 / 32], which maps to Largest [LargestMinGB=32, LargerMinGB=12, DefaultMinGB=8, SmallerMinGB=6, SmallestMinGB=0)
[2018.10.22-21.53.06:026][  0]LogInit: Setting Device Profile CVar: [[r.Vulkan.UseRealUBs:1]]
[2018.10.22-21.53.06:026][  0]LogInit: Going up to parent DeviceProfile []
[2018.10.22-21.53.06:026][  0]LogInit: Computer: SYD-TEST-GAMES
[2018.10.22-21.53.06:026][  0]LogInit: User: sae
[2018.10.22-21.53.06:026][  0]LogInit: CPU Page size=4096, Cores=4
[2018.10.22-21.53.06:026][  0]LogInit: High frequency timer resolution =3.328125 MHz
[2018.10.22-21.53.06:026][  0]LogMemory: Memory total: Physical=31.9GB (32GB approx)
[2018.10.22-21.53.06:026][  0]LogMemory: Platform Memory Stats for Windows
[2018.10.22-21.53.06:026][  0]LogMemory: Process Physical Memory: 103.05 MB used, 103.05 MB peak
[2018.10.22-21.53.06:026][  0]LogMemory: Process Virtual Memory: 92.71 MB used, 92.71 MB peak
[2018.10.22-21.53.06:026][  0]LogMemory: Physical Memory: 4011.20 MB used,  28668.93 MB free, 32680.13 MB total
[2018.10.22-21.53.06:026][  0]LogMemory: Virtual Memory: 4653.41 MB used,  28668.93 MB free, 134217728.00 MB total
[2018.10.22-21.53.06:041][  0]LogInit: Using OS detected language (en-US).
[2018.10.22-21.53.06:041][  0]LogInit: Using OS detected locale (en-AU).
[2018.10.22-21.53.06:041][  0]LogTextLocalizationManager: No specific localization for 'en-US' exists, so the 'en' localization will be used.
[2018.10.22-21.53.06:407][  0]LogStreaming: Display: Took  0.366s to InitEngineTextLocalization.
[2018.10.22-21.53.06:407][  0]LogInit: Setting process to per monitor DPI aware
[2018.10.22-21.53.06:431][  0]LogSlate: New Slate User Created.  User Index 0, Is Virtual User: 0
[2018.10.22-21.53.06:431][  0]LogSlate: Slate User Registered.  User Index 0, Is Virtual User: 0
[2018.10.22-21.53.07:403][  0]LogHMD: Failed to initialize OpenVR with code 126
[2018.10.22-21.53.07:403][  0]LogD3D11RHI: D3D11 adapters:
[2018.10.22-21.53.07:505][  0]LogD3D11RHI:    0. 'NVIDIA GeForce GTX 980' (Feature Level 11_0)
[2018.10.22-21.53.07:505][  0]LogD3D11RHI:       4053/0/16340 MB DedicatedVideo/DedicatedSystem/SharedSystem, Outputs:1, VendorId:0x10de
[2018.10.22-21.53.07:509][  0]LogD3D11RHI:    1. 'Microsoft Basic Render Driver' (Feature Level 11_0)
[2018.10.22-21.53.07:509][  0]LogD3D11RHI:       0/0/16340 MB DedicatedVideo/DedicatedSystem/SharedSystem, Outputs:0, VendorId:0x1414
[2018.10.22-21.53.07:509][  0]LogD3D11RHI: Chosen D3D11 Adapter: 0
[2018.10.22-21.53.07:516][  0]LogD3D11RHI: Creating new Direct3DDevice
[2018.10.22-21.53.07:516][  0]LogD3D11RHI:     GPU DeviceId: 0x13c0 (for the marketing name, search the web for "GPU Device Id")
[2018.10.22-21.53.07:516][  0]LogWindows: EnumDisplayDevices:
[2018.10.22-21.53.07:516][  0]LogWindows:    0. 'NVIDIA GeForce GTX 980' (P:1 D:1)
[2018.10.22-21.53.07:517][  0]LogWindows:    1. 'NVIDIA GeForce GTX 980' (P:0 D:0)
[2018.10.22-21.53.07:517][  0]LogWindows:    2. 'NVIDIA GeForce GTX 980' (P:0 D:0)
[2018.10.22-21.53.07:517][  0]LogWindows:    3. 'NVIDIA GeForce GTX 980' (P:0 D:0)
[2018.10.22-21.53.07:518][  0]LogWindows: DebugString: FoundDriverCount:4 
[2018.10.22-21.53.07:518][  0]LogD3D11RHI:     Adapter Name: NVIDIA GeForce GTX 980
[2018.10.22-21.53.07:518][  0]LogD3D11RHI:   Driver Version: 398.82 (internal:24.21.13.9882, unified:398.82)
[2018.10.22-21.53.07:518][  0]LogD3D11RHI:      Driver Date: 7-30-2018
[2018.10.22-21.53.07:518][  0]LogRHI: Texture pool is 2837 MB (70% of 4053 MB)
[2018.10.22-21.53.07:561][  0]LogD3D11RHI: Async texture creation enabled
[2018.10.22-21.53.07:581][  0]LogD3D11RHI: GPU Timing Frequency: 1000.000000 (Debug: 2 2)
[2018.10.22-21.53.07:630][  0]LogShaderCompilers: Guid format shader working directory is -36 characters bigger than the processId version (../../../../../../Users/sae/Desktop/Github/GPG210-Prototypes/PlatformerPrototype/Intermediate/Shaders/WorkingDirectory/7052/).
[2018.10.22-21.53.07:631][  0]LogShaderCompilers: Cleaned the shader compiler working directory 'C:/Users/sae/AppData/Local/Temp/UnrealShaderWorkingDir/52D441FF4FB15C560638969DAAF5BE0E/'.
[2018.10.22-21.53.08:391][  0]LogTemp: Display: Loaded TP AllDesktopTargetPlatform
[2018.10.22-21.53.08:402][  0]LogTemp: Display: Loaded TP MacClientTargetPlatform
[2018.10.22-21.53.08:415][  0]LogTemp: Display: Loaded TP MacNoEditorTargetPlatform
[2018.10.22-21.53.08:426][  0]LogTemp: Display: Loaded TP MacServerTargetPlatform
[2018.10.22-21.53.08:441][  0]LogTemp: Display: Loaded TP MacTargetPlatform
[2018.10.22-21.53.08:453][  0]LogTemp: Display: Loaded TP WindowsClientTargetPlatform
[2018.10.22-21.53.08:464][  0]LogTemp: Display: Loaded TP WindowsNoEditorTargetPlatform
[2018.10.22-21.53.08:475][  0]LogTemp: Display: Loaded TP WindowsServerTargetPlatform
[2018.10.22-21.53.08:480][  0]LogTemp: Display: Loaded TP WindowsTargetPlatform
[2018.10.22-21.53.08:555][  0]LogTemp: Display: Loaded TP AndroidTargetPlatform
[2018.10.22-21.53.08:556][  0]LogTemp: Display: Loaded TP AndroidTargetPlatform
[2018.10.22-21.53.08:556][  0]LogTemp: Display: Loaded TP AndroidTargetPlatform
[2018.10.22-21.53.08:556][  0]LogTemp: Display: Loaded TP AndroidTargetPlatform
[2018.10.22-21.53.08:556][  0]LogTemp: Display: Loaded TP AndroidTargetPlatform
[2018.10.22-21.53.08:556][  0]LogTemp: Display: Loaded TP AndroidTargetPlatform
[2018.10.22-21.53.08:556][  0]LogTemp: Display: Loaded TP AndroidTargetPlatform
[2018.10.22-21.53.08:556][  0]LogTemp: Display: Loaded TP AndroidTargetPlatform
[2018.10.22-21.53.08:556][  0]LogTemp: Display: Loaded TP AndroidTargetPlatform
[2018.10.22-21.53.08:556][  0]LogTemp: Display: Loaded TP AndroidTargetPlatform
[2018.10.22-21.53.08:556][  0]LogTemp: Display: Loaded TP AndroidTargetPlatform
[2018.10.22-21.53.08:556][  0]LogTemp: Display: Loaded TP AndroidTargetPlatform
[2018.10.22-21.53.08:556][  0]LogTemp: Display: Loaded TP AndroidTargetPlatform
[2018.10.22-21.53.08:556][  0]LogTemp: Display: Loaded TP AndroidTargetPlatform
[2018.10.22-21.53.08:556][  0]LogTemp: Display: Loaded TP AndroidTargetPlatform
[2018.10.22-21.53.08:556][  0]LogTemp: Display: Loaded TP AndroidTargetPlatform
[2018.10.22-21.53.08:556][  0]LogTemp: Display: Loaded TP AndroidTargetPlatform
[2018.10.22-21.53.08:556][  0]LogTemp: Display: Loaded TP AndroidTargetPlatform
[2018.10.22-21.53.08:557][  0]LogTemp: Display: Loaded TP HTML5TargetPlatform
[2018.10.22-21.53.08:613][  0]LogTemp: Display: Loaded TP IOSTargetPlatform
[2018.10.22-21.53.08:613][  0]LogTemp: Display: Loaded TP IOSTargetPlatform
[2018.10.22-21.53.08:641][  0]LogTemp: Display: Loaded TP TVOSTargetPlatform
[2018.10.22-21.53.08:641][  0]LogTemp: Display: Loaded TP TVOSTargetPlatform
[2018.10.22-21.53.08:653][  0]LogTemp: Display: Loaded TP LinuxClientTargetPlatform
[2018.10.22-21.53.08:669][  0]LogTemp: Display: Loaded TP LinuxNoEditorTargetPlatform
[2018.10.22-21.53.08:681][  0]LogTemp: Display: Loaded TP LinuxServerTargetPlatform
[2018.10.22-21.53.08:694][  0]LogTemp: Display: Loaded TP LinuxTargetPlatform
[2018.10.22-21.53.08:703][  0]LogTemp: Display: Loaded TP LuminTargetPlatform
[2018.10.22-21.53.08:703][  0]LogTargetPlatformManager: Display: Building Assets For Windows
[2018.10.22-21.53.08:753][  0]LogXGEController: Cannot use XGE Controller as Incredibuild is not installed on this machine.
[2018.10.22-21.53.08:753][  0]LogShaderCompilers: Cannot use XGE Shader Compiler as Incredibuild is not installed on this machine.
[2018.10.22-21.53.08:753][  0]LogShaderCompilers: Display: Using Local Shader Compiler.
[2018.10.22-21.53.10:706][  0]LogDerivedDataCache: Display: Max Cache Size: 512 MB
[2018.10.22-21.53.10:964][  0]LogDerivedDataCache: Loaded boot cache 0.26s 72MB C:/Users/sae/AppData/Local/UnrealEngine/4.20/DerivedDataCache/Boot.ddc.
[2018.10.22-21.53.10:964][  0]LogDerivedDataCache: Display: Loaded Boot cache: C:/Users/sae/AppData/Local/UnrealEngine/4.20/DerivedDataCache/Boot.ddc
[2018.10.22-21.53.10:964][  0]LogDerivedDataCache: FDerivedDataBackendGraph:  Pak pak cache file ../../../../../../Users/sae/Desktop/Github/GPG210-Prototypes/PlatformerPrototype/DerivedDataCache/DDC.ddp not found, will not use a pak cache.
[2018.10.22-21.53.10:964][  0]LogDerivedDataCache: Unable to find inner node Pak for hierarchical cache Hierarchy.
[2018.10.22-21.53.10:964][  0]LogDerivedDataCache: FDerivedDataBackendGraph:  CompressedPak pak cache file ../../../../../../Users/sae/Desktop/Github/GPG210-Prototypes/PlatformerPrototype/DerivedDataCache/Compressed.ddp not found, will not use a pak cache.
[2018.10.22-21.53.10:964][  0]LogDerivedDataCache: Unable to find inner node CompressedPak for hierarchical cache Hierarchy.
[2018.10.22-21.53.10:986][  0]LogDerivedDataCache: Display: Pak cache opened for reading ../../../Engine/DerivedDataCache/Compressed.ddp.
[2018.10.22-21.53.10:999][  0]LogDerivedDataCache: Using Local data cache path C:/Users/sae/AppData/Local/UnrealEngine/Common/DerivedDataCache: Writable
[2018.10.22-21.53.10:999][  0]LogDerivedDataCache: Shared data cache path not found in *engine.ini, will not use an Shared cache.
[2018.10.22-21.53.10:999][  0]LogDerivedDataCache: Unable to find inner node Shared for hierarchical cache Hierarchy.
[2018.10.22-21.53.11:020][  0]LogMaterial: Verifying Global Shaders for PCD3D_SM5
[2018.10.22-21.53.11:022][  0]LogSlate: Using FreeType 2.6.0
[2018.10.22-21.53.11:040][  0]LogSlate: SlateFontServices - WITH_FREETYPE: 1, WITH_HARFBUZZ: 1
[2018.10.22-21.53.11:275][  0]LogAssetRegistry: FAssetRegistry took 0.0256 seconds to start up
[2018.10.22-21.53.11:568][  0]LogAssetRegistry: Error: Failed to open file for write ../../../../../../Users/sae/Desktop/Github/GPG210-Prototypes/PlatformerPrototype/Intermediate/CachedAssetRegistry.bin
[2018.10.22-21.53.11:568][  0]LogInit: Selected Device Profile: [Windows]
[2018.10.22-21.53.11:831][  0]LogSimplygon: Simplygon DLL not present - disabling.
[2018.10.22-21.53.11:869][  0]LogMeshReduction: Using SimplygonSwarm for distributed automatic mesh merging
[2018.10.22-21.53.11:869][  0]LogMeshReduction: Using ProxyLODMeshReduction for automatic mesh merging
[2018.10.22-21.53.11:870][  0]LogMeshReduction: Using QuadricMeshReduction for automatic static mesh reduction
[2018.10.22-21.53.11:870][  0]LogMeshReduction: No automatic skeletal mesh reduction module available
[2018.10.22-21.53.11:985][  0]LogNetVersion: PlatformerPrototype 1.0.0, NetCL: 4212847, EngineNetVer: 5, GameNetVer: 0 (Checksum: 3545419167)
[2018.10.22-21.53.12:901][  0]LogAssetRegistry: Error: Failed to open file for write ../../../../../../Users/sae/Desktop/Github/GPG210-Prototypes/PlatformerPrototype/Intermediate/AssetRegistryCache/2657c409.bin
[2018.10.22-21.53.12:911][  0]LogAssetRegistry: Error: Failed to open file for write ../../../../../../Users/sae/Desktop/Github/GPG210-Prototypes/PlatformerPrototype/Intermediate/AssetRegistryCache/866581fd.bin
[2018.10.22-21.53.12:915][  0]LogAssetRegistry: Error: Failed to open file for write ../../../../../../Users/sae/Desktop/Github/GPG210-Prototypes/PlatformerPrototype/Intermediate/AssetRegistryCache/94c5d5a7.bin
[2018.10.22-21.53.12:925][  0]LogAssetRegistry: Error: Failed to open file for write ../../../../../../Users/sae/Desktop/Github/GPG210-Prototypes/PlatformerPrototype/Intermediate/AssetRegistryCache/29c3675e.bin
[2018.10.22-21.53.13:025][  0]LogPackageLocalizationCache: Processed 13 localized package path(s) for 2 prioritized culture(s) in 0.131798 seconds
[2018.10.22-21.53.13:031][  0]LogUObjectArray: 38425 objects as part of root set at end of initial load.
[2018.10.22-21.53.13:031][  0]LogUObjectAllocator: 6690864 out of 0 bytes used by permanent object pool.
[2018.10.22-21.53.13:031][  0]LogUObjectArray: CloseDisregardForGC: 0/0 objects in disregard for GC pool
[2018.10.22-21.53.16:172][  0]LogTcpMessaging: Initializing TcpMessaging bridge
[2018.10.22-21.53.16:197][  0]LogUdpMessaging: Initializing bridge on interface 0.0.0.0:0 to multicast group 230.0.0.1:6666.
[2018.10.22-21.53.16:602][  0]SourceControl: Source control is disabled
[2018.10.22-21.53.16:602][  0]SourceControl: Source control is disabled
[2018.10.22-21.53.16:622][  0]SourceControl: Source control is disabled
[2018.10.22-21.53.16:634][  0]SourceControl: Source control is disabled
[2018.10.22-21.53.17:232][  0]LogAndroidPermission: UAndroidPermissionCallbackProxy::GetInstance
[2018.10.22-21.53.17:375][  0]LogOcInput: OculusInput pre-init called
[2018.10.22-21.53.19:892][  0]LogEngine: Initializing Engine...
[2018.10.22-21.53.19:911][  0]LogHMD: Failed to initialize OpenVR with code 126
[2018.10.22-21.53.19:913][  0]LogStats: UGameplayTagsManager::ConstructGameplayTagTree: ImportINI prefixes -  0.000 s
[2018.10.22-21.53.19:913][  0]LogStats: UGameplayTagsManager::ConstructGameplayTagTree: Construct from data asset -  0.000 s
[2018.10.22-21.53.19:913][  0]LogStats: UGameplayTagsManager::ConstructGameplayTagTree: ImportINI -  0.000 s
[2018.10.22-21.53.19:913][  0]LogStats: UGameplayTagsManager::ConstructGameplayTagTree: GameplayTagTreeChangedEvent.Broadcast -  0.000 s
[2018.10.22-21.53.20:285][  0]LogInit: Initializing FReadOnlyCVARCache
[2018.10.22-21.53.20:311][  0]LogAIModule: Creating AISystem for world Untitled
[2018.10.22-21.53.20:322][  0]LogInit: XAudio2 using 'U28E850 (2- NVIDIA High Definition Audio)' : 2 channels at 48 kHz using 16 bits per sample (channel mask 0x3)
[2018.10.22-21.53.20:393][  0]LogInit: FAudioDevice initialized.
[2018.10.22-21.53.20:393][  0]LogNetVersion: Set ProjectVersion to 1.0.0.0. Version Checksum will be recalculated on next use.
[2018.10.22-21.53.20:462][  0]LogDerivedDataCache: Saved boot cache 0.07s 72MB C:/Users/sae/AppData/Local/UnrealEngine/4.20/DerivedDataCache/Boot.ddc.
[2018.10.22-21.53.20:474][  0]LogInit: Texture streaming: Enabled
[2018.10.22-21.53.20:524][  0]LogEngineSessionManager: EngineSessionManager initialized
[2018.10.22-21.53.20:547][  0]LogInit: Transaction tracking system initialized
[2018.10.22-21.53.20:620][  0]BlueprintLog: New page: Editor Load
[2018.10.22-21.53.20:992][  0]LocalizationService: Localization service is disabled
[2018.10.22-21.53.21:709][  0]LogCook: Display: Max memory allowance for cook 16384mb min free memory 0mb
[2018.10.22-21.53.21:709][  0]LogCook: Display: Mobile HDR setting 1
[2018.10.22-21.53.21:709][  0]LogGameplayTags: Display: UGameplayTagsManager::DoneAddingNativeTags. DelegateIsBound: 0
[2018.10.22-21.53.21:709][  0]LogStats: UGameplayTagsManager::ConstructGameplayTagTree: ImportINI prefixes -  0.000 s
[2018.10.22-21.53.21:709][  0]LogStats: UGameplayTagsManager::ConstructGameplayTagTree: Construct from data asset -  0.000 s
[2018.10.22-21.53.21:709][  0]LogStats: UGameplayTagsManager::ConstructGameplayTagTree: ImportINI -  0.000 s
[2018.10.22-21.53.21:709][  0]LogStats: UGameplayTagsManager::ConstructGameplayTagTree: GameplayTagTreeChangedEvent.Broadcast -  0.000 s
[2018.10.22-21.53.22:035][  0]LogFileCache: Scanning file cache for directory 'C:/Users/sae/Desktop/Github/GPG210-Prototypes/PlatformerPrototype/Content/' took 0.02s
[2018.10.22-21.53.23:434][  0]SourceControl: Source control is disabled
[2018.10.22-21.53.23:439][  0]LightingResults: New page: Lighting Build
[2018.10.22-21.53.23:442][  0]MapCheck: New page: Map Check
[2018.10.22-21.53.23:442][  0]LightingResults: New page: Lighting Build
[2018.10.22-21.53.23:910][  0]LogLinker: Warning: Can't find file '/Game/ThirdPersonBP/Maps/Thomas_List_Levels/Tlist_Testing_BuiltData'
[2018.10.22-21.53.23:910][  0]LogLinker: Warning: Can't find file for asset '/Game/ThirdPersonBP/Maps/Thomas_List_Levels/Tlist_Testing_BuiltData' while loading ../../../../../../Users/sae/Desktop/Github/GPG210-Prototypes/PlatformerPrototype/Content/ThirdPersonBP/Maps/Thomas_List_Levels/TList_Testing.umap.
[2018.10.22-21.53.23:910][  0]LoadErrors: Error: /Game/ThirdPersonBP/Maps/Thomas_List_Levels/TList_Testing : Can't find file for asset. /Game/ThirdPersonBP/Maps/Thomas_List_Levels/Tlist_Testing_BuiltData
[2018.10.22-21.53.23:920][  0]LogLinker: Warning: Can't find file '/Game/ThirdPersonBP/Maps/Thomas_List_Levels/Tlist_Testing_BuiltData'
[2018.10.22-21.53.23:920][  0]LogLinker: Warning: Can't find file for asset '/Game/ThirdPersonBP/Maps/Thomas_List_Levels/Tlist_Testing_BuiltData' while loading ../../../../../../Users/sae/Desktop/Github/GPG210-Prototypes/PlatformerPrototype/Content/ThirdPersonBP/Maps/Thomas_List_Levels/TList_Testing.umap.
[2018.10.22-21.53.23:920][  0]LoadErrors: Error: /Game/ThirdPersonBP/Maps/Thomas_List_Levels/TList_Testing : Can't find file for asset. /Game/ThirdPersonBP/Maps/Thomas_List_Levels/Tlist_Testing_BuiltData
[2018.10.22-21.53.23:973][  0]LogLinker: Warning: Can't find file '/Game/ThirdPersonBP/Maps/Thomas_List_Levels/Tlist_Testing_BuiltData'
[2018.10.22-21.53.23:973][  0]LoadErrors: Failed to load /Game/ThirdPersonBP/Maps/Thomas_List_Levels/Tlist_Testing_BuiltData.Tlist_Testing_BuiltData Referenced by PersistentLevel
[2018.10.22-21.53.23:973][  0]LogLinker: Warning: Can't find file for asset '/Game/ThirdPersonBP/Maps/Thomas_List_Levels/Tlist_Testing_BuiltData' while loading NULL.
[2018.10.22-21.53.23:973][  0]LoadErrors: Failed to load /Game/ThirdPersonBP/Maps/Thomas_List_Levels/Tlist_Testing_BuiltData.Tlist_Testing_BuiltData Referenced by PersistentLevel
[2018.10.22-21.53.24:121][  0]LogAIModule: Creating AISystem for world Tlist_Testing
[2018.10.22-21.53.24:137][  0]LogEditorServer: Finished looking for orphan Actors (0.000 secs)
[2018.10.22-21.53.24:161][  0]Cmd: MAP CHECKDEP NOCLEARLOG
[2018.10.22-21.53.24:226][  0]MapCheck: Map check complete: 0 Error(s), 0 Warning(s), took 63.955ms to complete.
[2018.10.22-21.53.24:226][  0]LogFileHelpers: Loading map 'TList_Testing' took 0.792
[2018.10.22-21.53.24:342][  0]LogSlate: Updating window title bar state: overlay mode, drag disabled, window buttons hidden, title bar hidden
[2018.10.22-21.53.24:349][  0]LogSlate: Updating window title bar state: overlay mode, drag disabled, window buttons hidden, title bar hidden
[2018.10.22-21.53.24:356][  0]LogSlate: Updating window title bar state: overlay mode, drag disabled, window buttons hidden, title bar hidden
[2018.10.22-21.53.24:365][  0]LogSlate: Updating window title bar state: overlay mode, drag disabled, window buttons hidden, title bar hidden
[2018.10.22-21.53.24:389][  0]LogCollectionManager: Loaded 0 collections in 0.001766 seconds
[2018.10.22-21.53.24:433][  0]LogFileCache: Scanning file cache for directory 'C:/Users/sae/Desktop/Github/GPG210-Prototypes/PlatformerPrototype/Saved/Collections/' took 0.01s
[2018.10.22-21.53.24:433][  0]LogFileCache: Scanning file cache for directory 'C:/Users/sae/Desktop/Github/GPG210-Prototypes/PlatformerPrototype/Content/Developers/sae/Collections/' took 0.01s
[2018.10.22-21.53.24:433][  0]LogFileCache: Scanning file cache for directory 'C:/Users/sae/Desktop/Github/GPG210-Prototypes/PlatformerPrototype/Content/Collections/' took 0.01s
[2018.10.22-21.53.24:433][  0]LogCollectionManager: Rebuilt the GUID cache for 0 collections in 0.000000 seconds
[2018.10.22-21.53.24:444][  0]LogContentBrowser: Native class hierarchy populated in 0.0102 seconds. Added 2621 classes and 629 folders.
[2018.10.22-21.53.24:450][  0]LogContentBrowser: Native class hierarchy updated for 'WidgetCarousel' in 0.0002 seconds. Added 0 classes and 0 folders.
[2018.10.22-21.53.24:796][  0]LogContentBrowser: Native class hierarchy updated for 'AddContentDialog' in 0.0003 seconds. Added 0 classes and 0 folders.
[2018.10.22-21.53.24:815][  0]LogContentBrowser: Native class hierarchy updated for 'SceneOutliner' in 0.0002 seconds. Added 1 classes and 2 folders.
[2018.10.22-21.53.24:847][  0]LogSlate: Took 0.005569 seconds to synchronously load lazily loaded font '../../../Engine/Content/Slate/Fonts/Roboto-Regular.ttf' (155K)
[2018.10.22-21.53.24:853][  0]LogSlate: Took 0.004982 seconds to synchronously load lazily loaded font '../../../Engine/Content/Slate/Fonts/Roboto-Bold.ttf' (160K)
[2018.10.22-21.53.24:861][  0]LogSlate: Took 0.004327 seconds to synchronously load lazily loaded font '../../../Engine/Content/Editor/Slate/Fonts/FontAwesome.ttf' (139K)
[2018.10.22-21.53.24:985][  0]LogRenderer: Reallocating scene render targets to support 1616x872 Format 10 NumSamples 1 (Frame:1).
[2018.10.22-21.53.25:156][  0]LogContentBrowser: Native class hierarchy updated for 'HierarchicalLODOutliner' in 0.0002 seconds. Added 0 classes and 0 folders.
[2018.10.22-21.53.25:156][  0]LogLoad: (Engine Initialization) Total time: 21.02 seconds
[2018.10.22-21.53.25:156][  0]LogLoad: (Engine Initialization) Total Blueprint compile time: 0.00 seconds
[2018.10.22-21.53.25:191][  0]LogContentStreaming: Texture pool size now 1000 MB
[2018.10.22-21.53.25:195][  0]LogSlate: FSceneViewport::OnFocusLost() reason 2
[2018.10.22-21.53.25:299][  1]LogAssetRegistry: Asset discovery search completed in 14.0450 seconds
[2018.10.22-21.53.25:301][  1]LogCollectionManager: Rebuilt the object cache for 0 collections in 0.000000 seconds (found 0 objects)
[2018.10.22-21.53.25:302][  1]LogCollectionManager: Fixed up redirectors for 0 collections in 0.000106 seconds (updated 0 objects)
[2018.10.22-21.53.33:797][829]LogSlate: Window 'Message Log' being destroyed
[2018.10.22-21.53.33:801][829]LogSlate: Window 'Message Log' being destroyed
[2018.10.22-21.53.35:186][993]LogSlate: FSceneViewport::OnFocusLost() reason 0
[2018.10.22-21.53.35:277][  4]LogTemp: Repeating last play command: Selected Viewport
[2018.10.22-21.53.35:294][  4]LogPlayLevel: PlayLevel: No blueprints needed recompiling
[2018.10.22-21.53.35:308][  4]PIE: New page: PIE session: Tlist_Testing (23 Oct 2018 7:53:35 pm)
[2018.10.22-21.53.35:308][  4]LogPlayLevel: Creating play world package: /Game/ThirdPersonBP/Maps/Thomas_List_Levels/UEDPIE_0_Tlist_Testing
[2018.10.22-21.53.35:313][  4]LogPlayLevel: PIE: StaticDuplicateObject took: (0.004227s)
[2018.10.22-21.53.35:313][  4]LogAIModule: Creating AISystem for world Tlist_Testing
[2018.10.22-21.53.35:314][  4]LogPlayLevel: PIE: World Init took: (0.000913s)
[2018.10.22-21.53.35:314][  4]LogPlayLevel: PIE: Created PIE world by copying editor world from /Game/ThirdPersonBP/Maps/Thomas_List_Levels/Tlist_Testing.Tlist_Testing to /Game/ThirdPersonBP/Maps/Thomas_List_Levels/UEDPIE_0_Tlist_Testing.Tlist_Testing (0.005360s)
[2018.10.22-21.53.35:341][  4]LogInit: XAudio2 using 'U28E850 (2- NVIDIA High Definition Audio)' : 2 channels at 48 kHz using 16 bits per sample (channel mask 0x3)
[2018.10.22-21.53.35:348][  4]LogInit: FAudioDevice initialized.
[2018.10.22-21.53.35:405][  4]LogLoad: Game class is 'ThirdPersonGameMode_C'
[2018.10.22-21.53.35:415][  4]LogWorld: Bringing World /Game/ThirdPersonBP/Maps/Thomas_List_Levels/UEDPIE_0_Tlist_Testing.Tlist_Testing up for play (max tick rate 0) at 2018.10.23-08.53.35
[2018.10.22-21.53.35:416][  4]LogWorld: Bringing up level for play took: 0.006057
[2018.10.22-21.53.35:438][  4]LogContentBrowser: Native class hierarchy updated for 'MovieSceneCapture' in 0.0005 seconds. Added 10 classes and 0 folders.
[2018.10.22-21.53.35:443][  4]PIE: Play in editor start time for /Game/ThirdPersonBP/Maps/Thomas_List_Levels/UEDPIE_0_Tlist_Testing -0.619
[2018.10.22-21.53.38:929][413]LogBlueprintUserMessages: [ThirdPersonCharacter_C_0] 10
[2018.10.22-21.53.38:930][413]LogBlueprintUserMessages: [BP_Coin_2] Got Coin
[2018.10.22-21.53.39:996][541]LogBlueprintUserMessages: [ThirdPersonCharacter_C_0] 10
[2018.10.22-21.53.39:996][541]LogBlueprintUserMessages: [BP_Coin2_5] Got Coin
[2018.10.22-21.53.40:296][577]LogBlueprintUserMessages: [ThirdPersonCharacter_C_0] 10
[2018.10.22-21.53.40:296][577]LogBlueprintUserMessages: [BP_Coin3] Got Coin
[2018.10.22-21.53.40:638][618]LogBlueprintUserMessages: [ThirdPersonCharacter_C_0] 10
[2018.10.22-21.53.40:638][618]LogBlueprintUserMessages: [BP_Coin4] Got Coin
[2018.10.22-21.53.41:038][666]LogBlueprintUserMessages: [ThirdPersonCharacter_C_0] 10
[2018.10.22-21.53.41:038][666]LogBlueprintUserMessages: [BP_Coin5] Got Coin
[2018.10.22-21.53.41:388][708]LogBlueprintUserMessages: [ThirdPersonCharacter_C_0] 10
[2018.10.22-21.53.41:388][708]LogBlueprintUserMessages: [BP_Coin6] Got Coin
[2018.10.22-21.54.22:043][586]LogSlate: Updating window title bar state: overlay mode, drag disabled, window buttons hidden, title bar hidden
[2018.10.22-21.54.22:079][586]LogPlayLevel: Display: Shutting down PIE online subsystems
[2018.10.22-21.54.22:101][586]LogSlate: Updating window title bar state: overlay mode, drag disabled, window buttons hidden, title bar hidden
[2018.10.22-21.54.22:145][588]LogPlayLevel: Display: Destroying online subsystem :Context_2
[2018.10.22-21.54.23:242][716]LogSlate: FSceneViewport::OnFocusLost() reason 0
[2018.10.22-21.54.23:307][724]LogTemp: Repeating last play command: Selected Viewport
[2018.10.22-21.54.23:325][724]LogPlayLevel: PlayLevel: No blueprints needed recompiling
[2018.10.22-21.54.23:325][724]PIE: New page: PIE session: Tlist_Testing (23 Oct 2018 7:54:23 pm)
[2018.10.22-21.54.23:325][724]LogPlayLevel: Creating play world package: /Game/ThirdPersonBP/Maps/Thomas_List_Levels/UEDPIE_0_Tlist_Testing
[2018.10.22-21.54.23:329][724]LogPlayLevel: PIE: StaticDuplicateObject took: (0.003494s)
[2018.10.22-21.54.23:330][724]LogAIModule: Creating AISystem for world Tlist_Testing
[2018.10.22-21.54.23:330][724]LogPlayLevel: PIE: World Init took: (0.000978s)
[2018.10.22-21.54.23:330][724]LogPlayLevel: PIE: Created PIE world by copying editor world from /Game/ThirdPersonBP/Maps/Thomas_List_Levels/Tlist_Testing.Tlist_Testing to /Game/ThirdPersonBP/Maps/Thomas_List_Levels/UEDPIE_0_Tlist_Testing.Tlist_Testing (0.004641s)
[2018.10.22-21.54.23:356][724]LogInit: XAudio2 using 'U28E850 (2- NVIDIA High Definition Audio)' : 2 channels at 48 kHz using 16 bits per sample (channel mask 0x3)
[2018.10.22-21.54.23:363][724]LogInit: FAudioDevice initialized.
[2018.10.22-21.54.23:395][724]LogLoad: Game class is 'ThirdPersonGameMode_C'
[2018.10.22-21.54.23:398][724]LogWorld: Bringing World /Game/ThirdPersonBP/Maps/Thomas_List_Levels/UEDPIE_0_Tlist_Testing.Tlist_Testing up for play (max tick rate 0) at 2018.10.23-08.54.23
[2018.10.22-21.54.23:398][724]LogWorld: Bringing up level for play took: 0.001809
[2018.10.22-21.54.23:412][724]PIE: Play in editor start time for /Game/ThirdPersonBP/Maps/Thomas_List_Levels/UEDPIE_0_Tlist_Testing -0.649
[2018.10.22-21.54.25:468][967]LogBlueprintUserMessages: [ThirdPersonCharacter_C_0] 10
[2018.10.22-21.54.25:469][967]LogBlueprintUserMessages: [BP_Coin_2] Got Coin
[2018.10.22-21.54.25:752][  1]LogBlueprintUserMessages: [ThirdPersonCharacter_C_0] 10
[2018.10.22-21.54.25:752][  1]LogBlueprintUserMessages: [BP_Coin2_5] Got Coin
[2018.10.22-21.54.26:110][ 44]LogBlueprintUserMessages: [ThirdPersonCharacter_C_0] 10
[2018.10.22-21.54.26:110][ 44]LogBlueprintUserMessages: [BP_Coin3] Got Coin
[2018.10.22-21.54.26:369][ 75]LogBlueprintUserMessages: [ThirdPersonCharacter_C_0] 10
[2018.10.22-21.54.26:369][ 75]LogBlueprintUserMessages: [BP_Coin4] Got Coin
[2018.10.22-21.54.26:769][123]LogBlueprintUserMessages: [ThirdPersonCharacter_C_0] 10
[2018.10.22-21.54.26:769][123]LogBlueprintUserMessages: [BP_Coin5] Got Coin
[2018.10.22-21.54.27:110][164]LogBlueprintUserMessages: [ThirdPersonCharacter_C_0] 10
[2018.10.22-21.54.27:111][164]LogBlueprintUserMessages: [BP_Coin6] Got Coin
[2018.10.22-21.54.29:011][392]LogSlate: Updating window title bar state: overlay mode, drag disabled, window buttons hidden, title bar hidden
[2018.10.22-21.54.29:045][392]LogPlayLevel: Display: Shutting down PIE online subsystems
[2018.10.22-21.54.29:066][392]LogSlate: Updating window title bar state: overlay mode, drag disabled, window buttons hidden, title bar hidden
[2018.10.22-21.54.29:116][395]LogPlayLevel: Display: Destroying online subsystem :Context_3
[2018.10.22-21.54.33:836][959]LogSlate: FSceneViewport::OnFocusLost() reason 0
[2018.10.22-21.54.35:525][158]LogSlate: Took 0.005632 seconds to synchronously load lazily loaded font '../../../Engine/Content/Slate/Fonts/Roboto-Light.ttf' (167K)
[2018.10.22-21.54.35:673][158]LogAIModule: Creating AISystem for world TestingSN
[2018.10.22-21.54.35:685][158]LogAssetEditorManager: Opening Asset editor for World /Game/Maps/TestingSN.TestingSN
[2018.10.22-21.54.35:706][158]Cmd: MAP LOAD FILE="../../../../../../Users/sae/Desktop/Github/GPG210-Prototypes/PlatformerPrototype/Content/Maps/TestingSN.umap" TEMPLATE=0 SHOWPROGRESS=1 FEATURELEVEL=3
[2018.10.22-21.54.35:706][158]LightingResults: New page: Lighting Build
[2018.10.22-21.54.35:706][158]LoadErrors: New page: Loading map: TestingSN.umap
[2018.10.22-21.54.35:707][158]MapCheck: New page: Map Check
[2018.10.22-21.54.35:707][158]LightingResults: New page: Lighting Build
[2018.10.22-21.54.35:740][158]LogEditorServer: Finished looking for orphan Actors (0.000 secs)
[2018.10.22-21.54.35:788][158]Cmd: MAP CHECKDEP NOCLEARLOG
[2018.10.22-21.54.35:845][158]MapCheck: Map check complete: 0 Error(s), 0 Warning(s), took 56.358ms to complete.
[2018.10.22-21.54.35:845][158]LogFileHelpers: Loading map 'TestingSN' took 0.140
[2018.10.22-21.54.46:717][444]LogSlate: FSceneViewport::OnFocusLost() reason 0
[2018.10.22-21.54.46:792][453]LogTemp: Repeating last play command: Selected Viewport
[2018.10.22-21.54.46:809][453]LogPlayLevel: PlayLevel: No blueprints needed recompiling
[2018.10.22-21.54.46:809][453]PIE: New page: PIE session: TestingSN (23 Oct 2018 7:54:46 pm)
[2018.10.22-21.54.46:809][453]LogPlayLevel: Creating play world package: /Game/Maps/UEDPIE_0_TestingSN
[2018.10.22-21.54.46:811][453]LogPlayLevel: PIE: StaticDuplicateObject took: (0.002579s)
[2018.10.22-21.54.46:812][453]LogAIModule: Creating AISystem for world TestingSN
[2018.10.22-21.54.46:812][453]LogPlayLevel: PIE: World Init took: (0.000610s)
[2018.10.22-21.54.46:812][453]LogPlayLevel: PIE: Created PIE world by copying editor world from /Game/Maps/TestingSN.TestingSN to /Game/Maps/UEDPIE_0_TestingSN.TestingSN (0.003319s)
[2018.10.22-21.54.46:839][453]LogInit: XAudio2 using 'U28E850 (2- NVIDIA High Definition Audio)' : 2 channels at 48 kHz using 16 bits per sample (channel mask 0x3)
[2018.10.22-21.54.46:846][453]LogInit: FAudioDevice initialized.
[2018.10.22-21.54.46:874][453]LogLoad: Game class is 'ThirdPersonGameMode_C'
[2018.10.22-21.54.46:878][453]LogWorld: Bringing World /Game/Maps/UEDPIE_0_TestingSN.TestingSN up for play (max tick rate 0) at 2018.10.23-08.54.46
[2018.10.22-21.54.46:879][453]LogWorld: Bringing up level for play took: 0.002878
[2018.10.22-21.54.46:895][453]PIE: Play in editor start time for /Game/Maps/UEDPIE_0_TestingSN 0.833
[2018.10.22-21.54.52:123][ 76]LogBlueprintUserMessages: [Bp_Key2_6] Key get
[2018.10.22-21.55.06:431][791]LogBlueprintUserMessages: [Bp_Key_2] Key get
[2018.10.22-21.55.22:574][728]LogBlueprintUserMessages: [RealKey] Key get
[2018.10.22-21.55.32:191][882]LogNet: Browse: /Game/Maps/TestingSN
[2018.10.22-21.55.32:191][882]LogLoad: LoadMap: /Game/Maps/TestingSN
[2018.10.22-21.55.32:212][882]LogPlayLevel: Creating play world package: /Game/Maps/UEDPIE_0_TestingSN
[2018.10.22-21.55.32:215][882]LogPlayLevel: PIE: StaticDuplicateObject took: (0.002656s)
[2018.10.22-21.55.32:216][882]LogAIModule: Creating AISystem for world TestingSN
[2018.10.22-21.55.32:216][882]LogPlayLevel: PIE: World Init took: (0.000534s)
[2018.10.22-21.55.32:216][882]LogPlayLevel: PIE: Created PIE world by copying editor world from /Game/Maps/TestingSN.TestingSN to /Game/Maps/UEDPIE_0_TestingSN.TestingSN (0.003363s)
[2018.10.22-21.55.32:216][882]LogLoad: Game class is 'ThirdPersonGameMode_C'
[2018.10.22-21.55.32:219][882]LogWorld: Bringing World /Game/Maps/UEDPIE_0_TestingSN.TestingSN up for play (max tick rate 0) at 2018.10.23-08.55.32
[2018.10.22-21.55.32:219][882]LogWorld: Bringing up level for play took: 0.001666
[2018.10.22-21.55.32:221][882]LogLoad: Took 0.029240 seconds to LoadMap(/Game/Maps/UEDPIE_0_TestingSN)
[2018.10.22-21.55.39:931][806]LogBlueprintUserMessages: [Bp_Key2_6] Key get
[2018.10.22-21.55.45:081][424]LogNet: Browse: /Game/Maps/TestingSN
[2018.10.22-21.55.45:082][424]LogLoad: LoadMap: /Game/Maps/TestingSN
[2018.10.22-21.55.45:102][424]LogPlayLevel: Creating play world package: /Game/Maps/UEDPIE_0_TestingSN
[2018.10.22-21.55.45:105][424]LogPlayLevel: PIE: StaticDuplicateObject took: (0.002456s)
[2018.10.22-21.55.45:105][424]LogAIModule: Creating AISystem for world TestingSN
[2018.10.22-21.55.45:105][424]LogPlayLevel: PIE: World Init took: (0.000513s)
[2018.10.22-21.55.45:105][424]LogPlayLevel: PIE: Created PIE world by copying editor world from /Game/Maps/TestingSN.TestingSN to /Game/Maps/UEDPIE_0_TestingSN.TestingSN (0.003132s)
[2018.10.22-21.55.45:106][424]LogLoad: Game class is 'ThirdPersonGameMode_C'
[2018.10.22-21.55.45:108][424]LogWorld: Bringing World /Game/Maps/UEDPIE_0_TestingSN.TestingSN up for play (max tick rate 0) at 2018.10.23-08.55.45
[2018.10.22-21.55.45:108][424]LogWorld: Bringing up level for play took: 0.001636
[2018.10.22-21.55.45:110][424]LogLoad: Took 0.028172 seconds to LoadMap(/Game/Maps/UEDPIE_0_TestingSN)
[2018.10.22-21.55.45:820][508]LogSlate: Updating window title bar state: overlay mode, drag disabled, window buttons hidden, title bar hidden
[2018.10.22-21.55.45:854][508]LogPlayLevel: Display: Shutting down PIE online subsystems
[2018.10.22-21.55.45:897][508]LogSlate: Updating window title bar state: overlay mode, drag disabled, window buttons hidden, title bar hidden
[2018.10.22-21.55.45:935][509]LogPlayLevel: Display: Destroying online subsystem :Context_4
[2018.10.22-21.58.06:101][321]LogSlate: FSceneViewport::OnFocusLost() reason 0
[2018.10.22-21.58.06:184][331]LogTemp: Repeating last play command: Selected Viewport
[2018.10.22-21.58.06:202][331]LogPlayLevel: PlayLevel: No blueprints needed recompiling
[2018.10.22-21.58.06:202][331]PIE: New page: PIE session: TestingSN (23 Oct 2018 7:58:06 pm)
[2018.10.22-21.58.06:202][331]LogPlayLevel: Creating play world package: /Game/Maps/UEDPIE_0_TestingSN
[2018.10.22-21.58.06:205][331]LogPlayLevel: PIE: StaticDuplicateObject took: (0.002750s)
[2018.10.22-21.58.06:205][331]LogAIModule: Creating AISystem for world TestingSN
[2018.10.22-21.58.06:205][331]LogPlayLevel: PIE: World Init took: (0.000606s)
[2018.10.22-21.58.06:205][331]LogPlayLevel: PIE: Created PIE world by copying editor world from /Game/Maps/TestingSN.TestingSN to /Game/Maps/UEDPIE_0_TestingSN.TestingSN (0.003478s)
[2018.10.22-21.58.06:233][331]LogInit: XAudio2 using 'U28E850 (2- NVIDIA High Definition Audio)' : 2 channels at 48 kHz using 16 bits per sample (channel mask 0x3)
[2018.10.22-21.58.06:240][331]LogInit: FAudioDevice initialized.
[2018.10.22-21.58.06:272][331]LogLoad: Game class is 'ThirdPersonGameMode_C'
[2018.10.22-21.58.06:274][331]LogWorld: Bringing World /Game/Maps/UEDPIE_0_TestingSN.TestingSN up for play (max tick rate 0) at 2018.10.23-08.58.06
[2018.10.22-21.58.06:274][331]LogWorld: Bringing up level for play took: 0.001599
[2018.10.22-21.58.06:291][331]PIE: Play in editor start time for /Game/Maps/UEDPIE_0_TestingSN 0.229
[2018.10.22-21.58.12:837][110]LogBlueprintUserMessages: [Bp_Key_2] Key get
[2018.10.22-21.58.21:454][142]LogBlueprintUserMessages: [Bp_Key2_6] Key get
[2018.10.22-21.58.27:854][910]LogNet: Browse: /Game/Maps/TestingSN
[2018.10.22-21.58.27:855][910]LogLoad: LoadMap: /Game/Maps/TestingSN
[2018.10.22-21.58.27:877][910]LogPlayLevel: Creating play world package: /Game/Maps/UEDPIE_0_TestingSN
[2018.10.22-21.58.27:879][910]LogPlayLevel: PIE: StaticDuplicateObject took: (0.002698s)
[2018.10.22-21.58.27:879][910]LogAIModule: Creating AISystem for world TestingSN
[2018.10.22-21.58.27:881][910]LogPlayLevel: PIE: World Init took: (0.000613s)
[2018.10.22-21.58.27:881][910]LogPlayLevel: PIE: Created PIE world by copying editor world from /Game/Maps/TestingSN.TestingSN to /Game/Maps/UEDPIE_0_TestingSN.TestingSN (0.003502s)
[2018.10.22-21.58.27:881][910]LogLoad: Game class is 'ThirdPersonGameMode_C'
[2018.10.22-21.58.27:882][910]LogWorld: Bringing World /Game/Maps/UEDPIE_0_TestingSN.TestingSN up for play (max tick rate 0) at 2018.10.23-08.58.27
[2018.10.22-21.58.27:883][910]LogWorld: Bringing up level for play took: 0.002001
[2018.10.22-21.58.27:884][910]LogLoad: Took 0.030482 seconds to LoadMap(/Game/Maps/UEDPIE_0_TestingSN)
[2018.10.22-21.59.22:168][420]LogSlate: Updating window title bar state: overlay mode, drag disabled, window buttons hidden, title bar hidden
[2018.10.22-21.59.22:199][420]LogPlayLevel: Display: Shutting down PIE online subsystems
[2018.10.22-21.59.22:219][420]LogSlate: Updating window title bar state: overlay mode, drag disabled, window buttons hidden, title bar hidden
[2018.10.22-21.59.22:276][422]LogPlayLevel: Display: Destroying online subsystem :Context_5
[2018.10.22-21.59.23:866][613]LogSlate: FSceneViewport::OnFocusLost() reason 0
[2018.10.22-21.59.27:892][ 90]LogAssetEditorManager: Opening Asset editor for Blueprint /Game/ThirdPersonBP/Blueprints/ThirdPersonCharacter.ThirdPersonCharacter
[2018.10.22-21.59.28:527][ 90]LogContentBrowser: Native class hierarchy updated for 'BlueprintGraph' in 0.0011 seconds. Added 116 classes and 0 folders.
[2018.10.22-21.59.29:319][ 90]LogSlate: Took 0.004262 seconds to synchronously load lazily loaded font '../../../Engine/Content/Slate/Fonts/Roboto-BoldCondensed.ttf' (158K)
[2018.10.22-21.59.29:472][ 91]LogSlate: Took 0.003936 seconds to synchronously load lazily loaded font '../../../Engine/Content/Slate/Fonts/Roboto-Italic.ttf' (157K)
[2018.10.22-22.00.17:709][414]BlueprintLog: New page: Compile ThirdPersonCharacter
[2018.10.22-22.00.18:067][414]LogSavePackage: Moving '../../../../../../Users/sae/Desktop/Github/GPG210-Prototypes/PlatformerPrototype/Saved/ThirdPersonCharacter3AD7C1784FF73F312AB3278D153A0C5D.tmp' to '../../../../../../Users/sae/Desktop/Github/GPG210-Prototypes/PlatformerPrototype/Content/ThirdPersonBP/Blueprints/ThirdPersonCharacter.uasset'
[2018.10.22-22.00.18:068][414]LogFileManager: Warning: DeleteFile was unable to delete '../../../../../../Users/sae/Desktop/Github/GPG210-Prototypes/PlatformerPrototype/Content/ThirdPersonBP/Blueprints/ThirdPersonCharacter.uasset', retrying in .5s...
[2018.10.22-22.00.18:569][414]LogFileManager: Error: Error deleting file '../../../../../../Users/sae/Desktop/Github/GPG210-Prototypes/PlatformerPrototype/Content/ThirdPersonBP/Blueprints/ThirdPersonCharacter.uasset'.
[2018.10.22-22.00.18:569][414]LogSavePackage: Error: Error saving '../../../../../../Users/sae/Desktop/Github/GPG210-Prototypes/PlatformerPrototype/Content/ThirdPersonBP/Blueprints/ThirdPersonCharacter.uasset'
[2018.10.22-22.00.23:569][414]LogSlate: Window 'Message' being destroyed
[2018.10.22-22.00.23:573][414]EditorErrors: New page: Save Output
[2018.10.22-22.00.23:574][414]EditorErrors: Warning: Error saving '../../../../../../Users/sae/Desktop/Github/GPG210-Prototypes/PlatformerPrototype/Content/ThirdPersonBP/Blueprints/ThirdPersonCharacter.uasset'
[2018.10.22-22.00.25:281][595]LogSlate: Window 'Message Log' being destroyed
[2018.10.22-22.00.25:284][595]LogSlate: Window 'Message Log' being destroyed
[2018.10.22-22.00.36:329][973]BlueprintLog: New page: Compile ThirdPersonCharacter
[2018.10.22-22.00.36:624][973]LogSavePackage: Moving '../../../../../../Users/sae/Desktop/Github/GPG210-Prototypes/PlatformerPrototype/Saved/ThirdPersonCharacter30BC52AD432A43506B63ABB5ABF8EF65.tmp' to '../../../../../../Users/sae/Desktop/Github/GPG210-Prototypes/PlatformerPrototype/Content/ThirdPersonBP/Blueprints/ThirdPersonCharacter.uasset'
[2018.10.22-22.00.39:014][230]LogTemp: Repeating last play command: Selected Viewport
[2018.10.22-22.00.39:033][230]LogPlayLevel: PlayLevel: No blueprints needed recompiling
[2018.10.22-22.00.39:034][230]PIE: New page: PIE session: TestingSN (23 Oct 2018 8:00:39 pm)
[2018.10.22-22.00.39:034][230]LogPlayLevel: Creating play world package: /Game/Maps/UEDPIE_0_TestingSN
[2018.10.22-22.00.39:036][230]LogPlayLevel: PIE: StaticDuplicateObject took: (0.002567s)
[2018.10.22-22.00.39:037][230]LogAIModule: Creating AISystem for world TestingSN
[2018.10.22-22.00.39:037][230]LogPlayLevel: PIE: World Init took: (0.000582s)
[2018.10.22-22.00.39:037][230]LogPlayLevel: PIE: Created PIE world by copying editor world from /Game/Maps/TestingSN.TestingSN to /Game/Maps/UEDPIE_0_TestingSN.TestingSN (0.003251s)
[2018.10.22-22.00.39:070][230]LogInit: XAudio2 using 'U28E850 (2- NVIDIA High Definition Audio)' : 2 channels at 48 kHz using 16 bits per sample (channel mask 0x3)
[2018.10.22-22.00.39:077][230]LogInit: FAudioDevice initialized.
[2018.10.22-22.00.39:084][230]LogSlate: Updating window title bar state: overlay mode, drag disabled, window buttons hidden, title bar hidden
[2018.10.22-22.00.39:153][230]LogLoad: Game class is 'ThirdPersonGameMode_C'
[2018.10.22-22.00.39:156][230]LogWorld: Bringing World /Game/Maps/UEDPIE_0_TestingSN.TestingSN up for play (max tick rate 0) at 2018.10.23-09.00.39
[2018.10.22-22.00.39:157][230]LogWorld: Bringing up level for play took: 0.002890
[2018.10.22-22.00.39:176][230]PIE: Play in editor start time for /Game/Maps/UEDPIE_0_TestingSN 1.114
[2018.10.22-22.00.45:780][ 16]LogNet: Browse: /Game/Maps/TestingSN
[2018.10.22-22.00.45:780][ 16]LogLoad: LoadMap: /Game/Maps/TestingSN
[2018.10.22-22.00.45:808][ 16]LogPlayLevel: Creating play world package: /Game/Maps/UEDPIE_0_TestingSN
[2018.10.22-22.00.45:811][ 16]LogPlayLevel: PIE: StaticDuplicateObject took: (0.002409s)
[2018.10.22-22.00.45:811][ 16]LogAIModule: Creating AISystem for world TestingSN
[2018.10.22-22.00.45:811][ 16]LogPlayLevel: PIE: World Init took: (0.000463s)
[2018.10.22-22.00.45:811][ 16]LogPlayLevel: PIE: Created PIE world by copying editor world from /Game/Maps/TestingSN.TestingSN to /Game/Maps/UEDPIE_0_TestingSN.TestingSN (0.003028s)
[2018.10.22-22.00.45:811][ 16]LogLoad: Game class is 'ThirdPersonGameMode_C'
[2018.10.22-22.00.45:814][ 16]LogWorld: Bringing World /Game/Maps/UEDPIE_0_TestingSN.TestingSN up for play (max tick rate 0) at 2018.10.23-09.00.45
[2018.10.22-22.00.45:814][ 16]LogWorld: Bringing up level for play took: 0.001708
[2018.10.22-22.00.45:816][ 16]LogLoad: Took 0.035733 seconds to LoadMap(/Game/Maps/UEDPIE_0_TestingSN)
[2018.10.22-22.00.48:532][342]LogSlate: Updating window title bar state: overlay mode, drag disabled, window buttons hidden, title bar hidden
[2018.10.22-22.00.48:550][342]LogSlate: Window 'PlatformerPrototype Game Preview Standalone (64-bit/PCD3D_SM5)' being destroyed
[2018.10.22-22.00.48:580][342]LogPlayLevel: Display: Shutting down PIE online subsystems
[2018.10.22-22.00.48:636][345]LogPlayLevel: Display: Destroying online subsystem :Context_7
[2018.10.22-22.00.52:499][799]BlueprintLog: New page: Compile ThirdPersonCharacter
[2018.10.22-22.00.52:756][799]LogSavePackage: Moving '../../../../../../Users/sae/Desktop/Github/GPG210-Prototypes/PlatformerPrototype/Saved/ThirdPersonCharacter255D7F75492D1EA21AC520B04783BFA8.tmp' to '../../../../../../Users/sae/Desktop/Github/GPG210-Prototypes/PlatformerPrototype/Content/ThirdPersonBP/Blueprints/ThirdPersonCharacter.uasset'
[2018.10.22-22.03.07:940][ 46]LogSlate: Window 'PlatformerPrototype - Unreal Editor' being destroyed
[2018.10.22-22.03.08:247][ 47]Cmd: QUIT_EDITOR
[2018.10.22-22.03.08:912][ 47]LogWindowsTextInputMethodSystem: Display: IME system now deactivated.
[2018.10.22-22.03.08:948][ 47]LogExit: Preparing to exit.
[2018.10.22-22.03.09:576][ 47]LogExit: Editor shut down
[2018.10.22-22.03.09:576][ 47]LogExit: Transaction tracking system shut down
[2018.10.22-22.03.10:173][ 47]LogExit: Object subsystem successfully closed.
[2018.10.22-22.03.10:200][ 47]LogShaderCompilers: Display: Shaders left to compile 0
[2018.10.22-22.03.10:203][ 47]LogD3D11RHI: Shutdown
[2018.10.22-22.03.10:203][ 47]LogD3D11RHI: CleanupD3DDevice
[2018.10.22-22.03.10:204][ 47]LogD3D11RHI: ~FD3D11DynamicRHI
[2018.10.22-22.03.10:228][ 47]LogModuleManager: Shutting down and abandoning module BlueprintGraph (634)
[2018.10.22-22.03.10:229][ 47]LogModuleManager: Shutting down and abandoning module MovieSceneCapture (632)
[2018.10.22-22.03.10:229][ 47]LogModuleManager: Shutting down and abandoning module Voice (630)
[2018.10.22-22.03.10:229][ 47]LogModuleManager: Shutting down and abandoning module HierarchicalLODOutliner (628)
[2018.10.22-22.03.10:229][ 47]LogModuleManager: Shutting down and abandoning module SceneOutliner (626)
[2018.10.22-22.03.10:229][ 47]LogModuleManager: Shutting down and abandoning module AddContentDialog (624)
[2018.10.22-22.03.10:230][ 47]LogModuleManager: Shutting down and abandoning module WidgetCarousel (623)
[2018.10.22-22.03.10:230][ 47]LogModuleManager: Shutting down and abandoning module EditorWidgets (620)
[2018.10.22-22.03.10:230][ 47]LogModuleManager: Shutting down and abandoning module CollectionManager (618)
[2018.10.22-22.03.10:231][ 47]LogModuleManager: Shutting down and abandoning module StatsViewer (616)
[2018.10.22-22.03.10:231][ 47]LogModuleManager: Shutting down and abandoning module FoliageEdit (614)
[2018.10.22-22.03.10:231][ 47]LogModuleManager: Shutting down and abandoning module LandscapeEditor (612)
[2018.10.22-22.03.10:231][ 47]LogModuleManager: Shutting down and abandoning module MeshPaintMode (610)
[2018.10.22-22.03.10:231][ 47]LogModuleManager: Shutting down and abandoning module SceneDepthPickerMode (608)
[2018.10.22-22.03.10:231][ 47]LogModuleManager: Shutting down and abandoning module ActorPickerMode (606)
[2018.10.22-22.03.10:231][ 47]LogModuleManager: Shutting down and abandoning module GeometryMode (604)
[2018.10.22-22.03.10:231][ 47]LogModuleManager: Shutting down and abandoning module TextureAlignMode (602)
[2018.10.22-22.03.10:231][ 47]LogModuleManager: Shutting down and abandoning module BspMode (600)
[2018.10.22-22.03.10:232][ 47]LogModuleManager: Shutting down and abandoning module PIEPreviewDeviceProfileSelector (598)
[2018.10.22-22.03.10:232][ 47]LogModuleManager: Shutting down and abandoning module SequenceRecorderSections (596)
[2018.10.22-22.03.10:232][ 47]LogModuleManager: Shutting down and abandoning module AutomationWorker (594)
[2018.10.22-22.03.10:232][ 47]LogModuleManager: Shutting down and abandoning module DatasmithFBXImporter (592)
[2018.10.22-22.03.10:232][ 47]LogModuleManager: Shutting down and abandoning module DatasmithDeltaGenImporter (590)
[2018.10.22-22.03.10:232][ 47]LogModuleManager: Shutting down and abandoning module DatasmithVREDImporter (588)
[2018.10.22-22.03.10:232][ 47]LogModuleManager: Shutting down and abandoning module AudioCaptureEditor (586)
[2018.10.22-22.03.10:232][ 47]LogModuleManager: Shutting down and abandoning module SequenceRecorder (585)
[2018.10.22-22.03.10:232][ 47]LogModuleManager: Shutting down and abandoning module MatineeToLevelSequence (582)
[2018.10.22-22.03.10:232][ 47]LogModuleManager: Shutting down and abandoning module LevelSequenceEditor (580)
[2018.10.22-22.03.10:233][ 47]LogModuleManager: Shutting down and abandoning module PlacementMode (579)
[2018.10.22-22.03.10:233][ 47]LogModuleManager: Shutting down and abandoning module MaterialEditor (578)
[2018.10.22-22.03.10:233][ 47]LogModuleManager: Shutting down and abandoning module WmfMediaFactory (574)
[2018.10.22-22.03.10:233][ 47]LogModuleManager: Shutting down and abandoning module WmfMediaEditor (572)
[2018.10.22-22.03.10:233][ 47]LogModuleManager: Shutting down and abandoning module MediaPlayerEditor (570)
[2018.10.22-22.03.10:233][ 47]LogModuleManager: Shutting down and abandoning module OpenExrWrapper (568)
[2018.10.22-22.03.10:233][ 47]LogModuleManager: Shutting down and abandoning module ImgMediaFactory (566)
[2018.10.22-22.03.10:233][ 47]LogModuleManager: Shutting down and abandoning module ImgMediaEditor (564)
[2018.10.22-22.03.10:233][ 47]LogModuleManager: Shutting down and abandoning module AvfMediaFactory (562)
[2018.10.22-22.03.10:233][ 47]LogModuleManager: Shutting down and abandoning module AvfMediaEditor (560)
[2018.10.22-22.03.10:233][ 47]LogModuleManager: Shutting down and abandoning module AndroidMediaFactory (558)
[2018.10.22-22.03.10:234][ 47]LogModuleManager: Shutting down and abandoning module AndroidMediaEditor (556)
[2018.10.22-22.03.10:234][ 47]LogModuleManager: Shutting down and abandoning module MagicLeapCameraPreviewFactory (554)
[2018.10.22-22.03.10:234][ 47]LogModuleManager: Shutting down and abandoning module MagicLeapMediaFactory (552)
[2018.10.22-22.03.10:234][ 47]LogModuleManager: Shutting down and abandoning module MagicLeapMediaEditor (550)
[2018.10.22-22.03.10:234][ 47]LogModuleManager: Shutting down and abandoning module CharacterAI (548)
[2018.10.22-22.03.10:234][ 47]LogModuleManager: Shutting down and abandoning module SmartSnapping (546)
[2018.10.22-22.03.10:234][ 47]LogModuleManager: Shutting down and abandoning module SessionServices (544)
[2018.10.22-22.03.10:234][ 47]LogModuleManager: Shutting down and abandoning module ViewportSnapping (542)
[2018.10.22-22.03.10:234][ 47]LogModuleManager: Shutting down and abandoning module ViewportInteraction (540)
[2018.10.22-22.03.10:234][ 47]LogModuleManager: Shutting down and abandoning module ClothPainter (538)
[2018.10.22-22.03.10:234][ 47]LogModuleManager: Shutting down and abandoning module SkeletalMeshEditor (537)
[2018.10.22-22.03.10:234][ 47]LogModuleManager: Shutting down and abandoning module LogVisualizer (534)
[2018.10.22-22.03.10:234][ 47]LogModuleManager: Shutting down and abandoning module IntroTutorials (532)
[2018.10.22-22.03.10:235][ 47]LogModuleManager: Shutting down and abandoning module GameProjectGeneration (531)
[2018.10.22-22.03.10:235][ 47]LogModuleManager: Shutting down and abandoning module LuminPlatformEditor (528)
[2018.10.22-22.03.10:235][ 47]LogModuleManager: Shutting down and abandoning module IOSPlatformEditor (526)
[2018.10.22-22.03.10:235][ 47]LogModuleManager: Shutting down and abandoning module HTML5PlatformEditor (524)
[2018.10.22-22.03.10:235][ 47]LogModuleManager: Shutting down and abandoning module AndroidPlatformEditor (522)
[2018.10.22-22.03.10:235][ 47]LogModuleManager: Shutting down and abandoning module AndroidDeviceDetection (521)
[2018.10.22-22.03.10:486][ 47]LogModuleManager: Shutting down and abandoning module WindowsPlatformEditor (518)
[2018.10.22-22.03.10:486][ 47]LogModuleManager: Shutting down and abandoning module LuminRuntimeSettings (516)
[2018.10.22-22.03.10:487][ 47]LogModuleManager: Shutting down and abandoning module IOSRuntimeSettings (514)
[2018.10.22-22.03.10:487][ 47]LogModuleManager: Shutting down and abandoning module AndroidRuntimeSettings (512)
[2018.10.22-22.03.10:487][ 47]LogModuleManager: Shutting down and abandoning module InputBindingEditor (510)
[2018.10.22-22.03.10:487][ 47]LogModuleManager: Shutting down and abandoning module MergeActors (508)
[2018.10.22-22.03.10:487][ 47]LogModuleManager: Shutting down and abandoning module LocalizationDashboard (506)
[2018.10.22-22.03.10:487][ 47]LogModuleManager: Shutting down and abandoning module LocalizationService (505)
[2018.10.22-22.03.10:487][ 47]LogModuleManager: Shutting down and abandoning module HardwareTargeting (502)
[2018.10.22-22.03.10:487][ 47]LogModuleManager: Shutting down and abandoning module DeviceProfileEditor (500)
[2018.10.22-22.03.10:487][ 47]LogModuleManager: Shutting down and abandoning module UndoHistory (498)
[2018.10.22-22.03.10:487][ 47]LogModuleManager: Shutting down and abandoning module XmlParser (496)
[2018.10.22-22.03.10:488][ 47]LogModuleManager: Shutting down and abandoning module Blutility (494)
[2018.10.22-22.03.10:488][ 47]LogModuleManager: Shutting down and abandoning module ProjectSettingsViewer (492)
[2018.10.22-22.03.10:488][ 47]LogModuleManager: Shutting down and abandoning module ProjectTargetPlatformEditor (491)
[2018.10.22-22.03.10:488][ 47]LogModuleManager: Shutting down and abandoning module EditorSettingsViewer (488)
[2018.10.22-22.03.10:488][ 47]LogModuleManager: Shutting down and abandoning module SettingsEditor (486)
[2018.10.22-22.03.10:488][ 47]LogModuleManager: Shutting down and abandoning module ProjectLauncher (484)
[2018.10.22-22.03.10:488][ 47]LogModuleManager: Shutting down and abandoning module SessionFrontend (482)
[2018.10.22-22.03.10:488][ 47]LogModuleManager: Shutting down and abandoning module ProfilerClient (480)
[2018.10.22-22.03.10:488][ 47]LogModuleManager: Shutting down and abandoning module DeviceManager (478)
[2018.10.22-22.03.10:489][ 47]LogModuleManager: Shutting down and abandoning module TargetDeviceServices (477)
[2018.10.22-22.03.10:555][ 47]LogModuleManager: Shutting down and abandoning module AutomationController (474)
[2018.10.22-22.03.10:555][ 47]LogModuleManager: Shutting down and abandoning module AutomationWindow (472)
[2018.10.22-22.03.10:555][ 47]LogModuleManager: Shutting down and abandoning module Layers (470)
[2018.10.22-22.03.10:555][ 47]LogModuleManager: Shutting down and abandoning module ComponentVisualizers (468)
[2018.10.22-22.03.10:555][ 47]LogModuleManager: Shutting down and abandoning module DetailCustomizations (466)
[2018.10.22-22.03.10:555][ 47]LogModuleManager: Shutting down and abandoning module PackagesDialog (464)
[2018.10.22-22.03.10:555][ 47]LogModuleManager: Shutting down and abandoning module Persona (462)
[2018.10.22-22.03.10:555][ 47]LogModuleManager: Shutting down and abandoning module AnimGraph (461)
[2018.10.22-22.03.10:555][ 47]LogModuleManager: Shutting down and abandoning module Kismet (458)
[2018.10.22-22.03.10:563][ 47]LogModuleManager: Shutting down and abandoning module GraphEditor (456)
[2018.10.22-22.03.10:563][ 47]LogModuleManager: Shutting down and abandoning module ClassViewer (454)
[2018.10.22-22.03.10:563][ 47]LogModuleManager: Shutting down and abandoning module Toolbox (452)
[2018.10.22-22.03.10:563][ 47]LogModuleManager: Shutting down and abandoning module ModuleUI (450)
[2018.10.22-22.03.10:563][ 47]LogModuleManager: Shutting down and abandoning module MovieSceneTools (448)
[2018.10.22-22.03.10:563][ 47]LogModuleManager: Shutting down and abandoning module OutputLog (446)
[2018.10.22-22.03.10:563][ 47]LogModuleManager: Shutting down and abandoning module GammaUI (444)
[2018.10.22-22.03.10:563][ 47]LogModuleManager: Shutting down and abandoning module Documentation (442)
[2018.10.22-22.03.10:563][ 47]LogModuleManager: Shutting down and abandoning module MovieSceneTracks (440)
[2018.10.22-22.03.10:563][ 47]LogModuleManager: Shutting down and abandoning module MovieScene (438)
[2018.10.22-22.03.10:563][ 47]LogModuleManager: Shutting down and abandoning module StreamingPauseRendering (436)
[2018.10.22-22.03.10:563][ 47]LogModuleManager: Shutting down and abandoning module LauncherPlatform (434)
[2018.10.22-22.03.10:564][ 47]LogModuleManager: Shutting down and abandoning module AnalyticsET (432)
[2018.10.22-22.03.10:564][ 47]LogModuleManager: Shutting down and abandoning module PortalServices (430)
[2018.10.22-22.03.10:564][ 47]LogModuleManager: Shutting down and abandoning module PortalRpc (428)
[2018.10.22-22.03.10:564][ 47]LogModuleManager: Shutting down and abandoning module MessagingRpc (426)
[2018.10.22-22.03.10:564][ 47]LogModuleManager: Shutting down and abandoning module AIModule (424)
[2018.10.22-22.03.10:564][ 47]LogModuleManager: Shutting down and abandoning module GameplayDebugger (423)
[2018.10.22-22.03.10:564][ 47]LogModuleManager: Shutting down and abandoning module AITestSuite (421)
[2018.10.22-22.03.10:564][ 47]LogModuleManager: Shutting down and abandoning module NavigationSystem (419)
[2018.10.22-22.03.10:564][ 47]LogModuleManager: Shutting down and abandoning module DesktopPlatform (416)
[2018.10.22-22.03.10:564][ 47]LogModuleManager: Shutting down and abandoning module ProfilerService (414)
[2018.10.22-22.03.10:615][ 47]LogModuleManager: Shutting down and abandoning module TaskGraph (412)
[2018.10.22-22.03.10:615][ 47]LogModuleManager: Shutting down and abandoning module DatasmithCADImporter (410)
[2018.10.22-22.03.10:616][ 47]LogModuleManager: Shutting down and abandoning module StaticMeshEditorExtension (408)
[2018.10.22-22.03.10:616][ 47]LogModuleManager: Shutting down and abandoning module StaticMeshEditor (407)
[2018.10.22-22.03.10:616][ 47]LogModuleManager: Shutting down and abandoning module AdvancedPreviewScene (406)
[2018.10.22-22.03.10:616][ 47]LogModuleManager: Shutting down and abandoning module DatasmithMDLImporter (402)
[2018.10.22-22.03.10:617][ 47]LogModuleManager: Shutting down and abandoning module DatasmithImporter (400)
[2018.10.22-22.03.10:617][ 47]LogModuleManager: Shutting down and abandoning module SteamVRController (398)
[2018.10.22-22.03.10:617][ 47]LogModuleManager: Shutting down and abandoning module ProceduralMeshComponentEditor (396)
[2018.10.22-22.03.10:617][ 47]LogModuleManager: Shutting down and abandoning module ProceduralMeshComponent (394)
[2018.10.22-22.03.10:617][ 47]LogModuleManager: Shutting down and abandoning module OculusInput (392)
[2018.10.22-22.03.10:617][ 47]LogModuleManager: Shutting down and abandoning module MobilePatchingUtils (390)
[2018.10.22-22.03.10:617][ 47]LogModuleManager: Shutting down and abandoning module EditableMesh (388)
[2018.10.22-22.03.10:617][ 47]LogModuleManager: Shutting down and abandoning module CustomMeshComponent (386)
[2018.10.22-22.03.10:617][ 47]LogModuleManager: Shutting down and abandoning module CableComponent (384)
[2018.10.22-22.03.10:617][ 47]LogModuleManager: Shutting down and abandoning module AudioCapture (382)
[2018.10.22-22.03.10:617][ 47]LogModuleManager: Shutting down and abandoning module ArchVisCharacter (380)
[2018.10.22-22.03.10:617][ 47]LogModuleManager: Shutting down and abandoning module AndroidPermission (378)
[2018.10.22-22.03.10:617][ 47]LogModuleManager: Shutting down and abandoning module NUTUnrealEngine4 (376)
[2018.10.22-22.03.10:617][ 47]LogModuleManager: Shutting down and abandoning module NetcodeUnitTest (374)
[2018.10.22-22.03.10:617][ 47]LogModuleManager: Shutting down and abandoning module MediaCompositingEditor (372)
[2018.10.22-22.03.10:617][ 47]LogModuleManager: Shutting down and abandoning module MediaCompositing (370)
[2018.10.22-22.03.10:617][ 47]LogModuleManager: Shutting down and abandoning module LinearTimecode (368)
[2018.10.22-22.03.10:617][ 47]LogModuleManager: Shutting down and abandoning module ImgMedia (366)
[2018.10.22-22.03.10:621][ 47]LogModuleManager: Shutting down and abandoning module HTML5Networking (364)
[2018.10.22-22.03.10:621][ 47]LogModuleManager: Shutting down and abandoning module GeometryCacheTracks (362)
[2018.10.22-22.03.10:621][ 47]LogModuleManager: Shutting down and abandoning module GeometryCacheSequencer (360)
[2018.10.22-22.03.10:621][ 47]LogModuleManager: Shutting down and abandoning module BackChannel (358)
[2018.10.22-22.03.10:621][ 47]LogModuleManager: Shutting down and abandoning module AppleVision (356)
[2018.10.22-22.03.10:621][ 47]LogModuleManager: Shutting down and abandoning module AppleImageUtils (354)
[2018.10.22-22.03.10:621][ 47]LogModuleManager: Shutting down and abandoning module AlembicImporter (352)
[2018.10.22-22.03.10:621][ 47]LogModuleManager: Shutting down and abandoning module AlembicLibrary (351)
[2018.10.22-22.03.10:621][ 47]LogModuleManager: Shutting down and abandoning module GeometryCache (350)
[2018.10.22-22.03.10:621][ 47]LogModuleManager: Shutting down and abandoning module GeometryCacheEd (349)
[2018.10.22-22.03.10:621][ 47]LogModuleManager: Shutting down and abandoning module DatasmithContentEditor (344)
[2018.10.22-22.03.10:621][ 47]LogModuleManager: Shutting down and abandoning module DatasmithContent (342)
[2018.10.22-22.03.10:622][ 47]LogModuleManager: Shutting down and abandoning module SpeedTreeImporter (340)
[2018.10.22-22.03.10:622][ 47]LogModuleManager: Shutting down and abandoning module PluginBrowser (338)
[2018.10.22-22.03.10:622][ 47]LogModuleManager: Shutting down and abandoning module MobileLauncherProfileWizard (336)
[2018.10.22-22.03.10:622][ 47]LogModuleManager: Shutting down and abandoning module PolygonModeling (334)
[2018.10.22-22.03.10:622][ 47]LogModuleManager: Shutting down and abandoning module MeshEditor (332)
[2018.10.22-22.03.10:622][ 47]LogModuleManager: Shutting down and abandoning module EditorScriptingUtilities (330)
[2018.10.22-22.03.10:622][ 47]LogModuleManager: Shutting down and abandoning module CryptoKeysOpenSSL (328)
[2018.10.22-22.03.10:622][ 47]LogModuleManager: Shutting down and abandoning module CryptoKeys (326)
[2018.10.22-22.03.10:622][ 47]LogModuleManager: Shutting down and abandoning module VisualStudioSourceCodeAccess (324)
[2018.10.22-22.03.10:622][ 47]LogModuleManager: Shutting down and abandoning module VisualStudioCodeSourceCodeAccess (322)
[2018.10.22-22.03.10:622][ 47]LogModuleManager: Shutting down and abandoning module UObjectPlugin (320)
[2018.10.22-22.03.10:622][ 47]LogModuleManager: Shutting down and abandoning module SubversionSourceControl (318)
[2018.10.22-22.03.10:622][ 47]LogModuleManager: Shutting down and abandoning module PerforceSourceControl (316)
[2018.10.22-22.03.10:622][ 47]LogModuleManager: Shutting down and abandoning module GitSourceControl (314)
[2018.10.22-22.03.10:622][ 47]LogModuleManager: Shutting down and abandoning module SourceControl (313)
[2018.10.22-22.03.10:622][ 47]LogModuleManager: Shutting down and abandoning module CLionSourceCodeAccess (310)
[2018.10.22-22.03.10:622][ 47]LogModuleManager: Shutting down and abandoning module LightPropagationVolumeEditor (308)
[2018.10.22-22.03.10:622][ 47]LogModuleManager: Shutting down and abandoning module PaperTiledImporter (306)
[2018.10.22-22.03.10:622][ 47]LogModuleManager: Shutting down and abandoning module PaperSpriteSheetImporter (304)
[2018.10.22-22.03.10:622][ 47]LogModuleManager: Shutting down and abandoning module Paper2DEditor (302)
[2018.10.22-22.03.10:622][ 47]LogModuleManager: Shutting down and abandoning module MeshPaint (301)
[2018.10.22-22.03.10:622][ 47]LogModuleManager: Shutting down and abandoning module RuntimePhysXCooking (298)
[2018.10.22-22.03.10:622][ 47]LogModuleManager: Shutting down and abandoning module PhysXVehiclesEditor (296)
[2018.10.22-22.03.10:622][ 47]LogModuleManager: Shutting down and abandoning module PhysXVehicles (294)
[2018.10.22-22.03.10:622][ 47]LogModuleManager: Shutting down and abandoning module OculusEditor (292)
[2018.10.22-22.03.10:622][ 47]LogModuleManager: Shutting down and abandoning module LocationServicesBPLibrary (290)
[2018.10.22-22.03.10:622][ 47]LogModuleManager: Shutting down and abandoning module ImmediatePhysicsEditor (288)
[2018.10.22-22.03.10:622][ 47]LogModuleManager: Shutting down and abandoning module ImmediatePhysics (286)
[2018.10.22-22.03.10:622][ 47]LogModuleManager: Shutting down and abandoning module ActorSequence (284)
[2018.10.22-22.03.10:622][ 47]LogModuleManager: Shutting down and abandoning module UdpMessaging (282)
[2018.10.22-22.03.10:724][ 47]LogModuleManager: Shutting down and abandoning module TcpMessaging (280)
[2018.10.22-22.03.10:825][ 47]LogModuleManager: Shutting down and abandoning module MagicLeapAudio (278)
[2018.10.22-22.03.10:825][ 47]LogModuleManager: Shutting down and abandoning module GameplayTagsEditor (276)
[2018.10.22-22.03.10:825][ 47]LogModuleManager: Shutting down and abandoning module FacialAnimationEditor (274)
[2018.10.22-22.03.10:825][ 47]LogModuleManager: Shutting down and abandoning module FacialAnimation (272)
[2018.10.22-22.03.10:825][ 47]LogModuleManager: Shutting down and abandoning module DataValidation (270)
[2018.10.22-22.03.10:825][ 47]LogModuleManager: Shutting down and abandoning module AssetManagerEditor (268)
[2018.10.22-22.03.10:825][ 47]LogModuleManager: Shutting down and abandoning module LevelEditor (267)
[2018.10.22-22.03.10:827][ 47]LogModuleManager: Shutting down and abandoning module PixelInspectorModule (266)
[2018.10.22-22.03.10:827][ 47]LogModuleManager: Shutting down and abandoning module CommonMenuExtensions (264)
[2018.10.22-22.03.10:828][ 47]LogModuleManager: Shutting down and abandoning module MainFrame (262)
[2018.10.22-22.03.10:828][ 47]LogModuleManager: Shutting down and abandoning module HotReload (261)
[2018.10.22-22.03.10:829][ 47]LogModuleManager: Shutting down and abandoning module ContentBrowser (257)
[2018.10.22-22.03.10:832][ 47]LogModuleManager: Shutting down and abandoning module TreeMap (255)
[2018.10.22-22.03.10:832][ 47]LogModuleManager: Shutting down and abandoning module LightPropagationVolumeRuntime (252)
[2018.10.22-22.03.10:832][ 47]LogModuleManager: Shutting down and abandoning module AISupportModule (250)
[2018.10.22-22.03.10:832][ 47]LogModuleManager: Shutting down and abandoning module Paper2D (248)
[2018.10.22-22.03.10:832][ 47]LogModuleManager: Shutting down and abandoning module WindowsMoviePlayer (246)
[2018.10.22-22.03.10:832][ 47]LogModuleManager: Shutting down and abandoning module WmfMedia (244)
[2018.10.22-22.03.10:837][ 47]LogModuleManager: Shutting down and abandoning module Media (243)
[2018.10.22-22.03.10:844][ 47]LogModuleManager: Shutting down and abandoning module PacketHandler (240)
[2018.10.22-22.03.10:844][ 47]LogModuleManager: Shutting down and abandoning module ClothingSystemEditor (238)
[2018.10.22-22.03.10:844][ 47]LogModuleManager: Shutting down and abandoning module ClothingSystemRuntime (236)
[2018.10.22-22.03.10:844][ 47]LogModuleManager: Shutting down and abandoning module MediaAssets (234)
[2018.10.22-22.03.10:844][ 47]LogModuleManager: Shutting down and abandoning module Overlay (232)
[2018.10.22-22.03.10:844][ 47]LogModuleManager: Shutting down and abandoning module OverlayEditor (231)
[2018.10.22-22.03.10:844][ 47]LogModuleManager: Shutting down and abandoning module VREditor (228)
[2018.10.22-22.03.10:845][ 47]LogModuleManager: Shutting down and abandoning module StringTableEditor (226)
[2018.10.22-22.03.10:845][ 47]LogModuleManager: Shutting down and abandoning module GameplayTasksEditor (224)
[2018.10.22-22.03.10:845][ 47]LogModuleManager: Shutting down and abandoning module BehaviorTreeEditor (222)
[2018.10.22-22.03.10:845][ 47]LogModuleManager: Shutting down and abandoning module FunctionalTesting (220)
[2018.10.22-22.03.10:845][ 47]LogModuleManager: Shutting down and abandoning module CollisionAnalyzer (218)
[2018.10.22-22.03.10:845][ 47]LogModuleManager: Shutting down and abandoning module WorkspaceMenuStructure (217)
[2018.10.22-22.03.10:845][ 47]LogModuleManager: Shutting down and abandoning module UMG (214)
[2018.10.22-22.03.10:845][ 47]LogModuleManager: Shutting down and abandoning module UMGEditor (213)
[2018.10.22-22.03.10:845][ 47]LogModuleManager: Shutting down and abandoning module Sequencer (212)
[2018.10.22-22.03.10:846][ 47]LogModuleManager: Shutting down and abandoning module MessageLog (209)
[2018.10.22-22.03.10:846][ 47]LogModuleManager: Shutting down and abandoning module SlateReflector (204)
[2018.10.22-22.03.10:846][ 47]LogModuleManager: Shutting down and abandoning module Slate (202)
[2018.10.22-22.03.10:846][ 47]LogModuleManager: Shutting down and abandoning module EditorStyle (200)
[2018.10.22-22.03.10:852][ 47]LogModuleManager: Shutting down and abandoning module MRMesh (198)
[2018.10.22-22.03.10:852][ 47]LogModuleManager: Shutting down and abandoning module SourceCodeAccess (196)
[2018.10.22-22.03.10:852][ 47]LogModuleManager: Shutting down and abandoning module HeadMountedDisplay (194)
[2018.10.22-22.03.10:852][ 47]LogModuleManager: Shutting down and abandoning module XAudio2 (192)
[2018.10.22-22.03.10:852][ 47]LogModuleManager: Shutting down and abandoning module Networking (190)
[2018.10.22-22.03.10:852][ 47]LogModuleManager: Shutting down and abandoning module Core (188)
[2018.10.22-22.03.10:852][ 47]LogModuleManager: Shutting down and abandoning module LevelSequence (186)
[2018.10.22-22.03.10:853][ 47]LogModuleManager: Shutting down and abandoning module KismetCompiler (184)
[2018.10.22-22.03.10:853][ 47]LogModuleManager: Shutting down and abandoning module MeshUtilities (182)
[2018.10.22-22.03.10:853][ 47]LogModuleManager: Shutting down and abandoning module MeshMergeUtilities (181)
[2018.10.22-22.03.10:853][ 47]LogModuleManager: Shutting down and abandoning module MeshReductionInterface (180)
[2018.10.22-22.03.10:853][ 47]LogModuleManager: Shutting down and abandoning module SimplygonSwarm (179)
[2018.10.22-22.03.10:853][ 47]LogModuleManager: Shutting down and abandoning module ProxyLODMeshReduction (177)
[2018.10.22-22.03.10:853][ 47]LogModuleManager: Shutting down and abandoning module SimplygonMeshReduction (175)
[2018.10.22-22.03.10:853][ 47]LogModuleManager: Shutting down and abandoning module QuadricMeshReduction (173)
[2018.10.22-22.03.10:853][ 47]LogModuleManager: Shutting down and abandoning module MaterialBaking (169)
[2018.10.22-22.03.10:853][ 47]LogModuleManager: Shutting down and abandoning module DirectoryWatcher (165)
[2018.10.22-22.03.10:853][ 47]LogModuleManager: Shutting down and abandoning module DerivedDataCache (162)
[2018.10.22-22.03.10:919][ 47]LogDerivedDataCache: Shutdown
[2018.10.22-22.03.10:920][ 47]LogModuleManager: Shutting down and abandoning module XGEController (160)
[2018.10.22-22.03.10:920][ 47]LogModuleManager: Shutting down and abandoning module TargetPlatform (158)
[2018.10.22-22.03.10:920][ 47]LogModuleManager: Shutting down and abandoning module VulkanShaderFormat (157)
[2018.10.22-22.03.10:920][ 47]LogModuleManager: Shutting down and abandoning module ShaderFormatVectorVM (155)
[2018.10.22-22.03.10:920][ 47]LogModuleManager: Shutting down and abandoning module ShaderFormatOpenGL (153)
[2018.10.22-22.03.10:920][ 47]LogModuleManager: Shutting down and abandoning module ShaderFormatD3D (151)
[2018.10.22-22.03.10:920][ 47]LogModuleManager: Shutting down and abandoning module MetalShaderFormat (149)
[2018.10.22-22.03.10:920][ 47]LogModuleManager: Shutting down and abandoning module TextureFormatUncompressed (147)
[2018.10.22-22.03.10:920][ 47]LogModuleManager: Shutting down and abandoning module TextureFormatPVR (145)
[2018.10.22-22.03.10:920][ 47]LogModuleManager: Shutting down and abandoning module TextureFormatDXT (143)
[2018.10.22-22.03.10:920][ 47]LogModuleManager: Shutting down and abandoning module TextureFormatIntelISPCTexComp (141)
[2018.10.22-22.03.10:921][ 47]LogModuleManager: Shutting down and abandoning module TextureFormatASTC (139)
[2018.10.22-22.03.10:921][ 47]LogModuleManager: Shutting down and abandoning module ImageWrapper (138)
[2018.10.22-22.03.10:921][ 47]LogModuleManager: Shutting down and abandoning module TextureFormatAndroid (135)
[2018.10.22-22.03.10:921][ 47]LogModuleManager: Shutting down and abandoning module AudioFormatOpus (133)
[2018.10.22-22.03.10:921][ 47]LogModuleManager: Shutting down and abandoning module AudioFormatOgg (131)
[2018.10.22-22.03.10:921][ 47]LogModuleManager: Shutting down and abandoning module AudioFormatADPCM (129)
[2018.10.22-22.03.10:921][ 47]LogModuleManager: Shutting down and abandoning module LuminTargetPlatform (127)
[2018.10.22-22.03.10:921][ 47]LogModuleManager: Shutting down and abandoning module LinuxTargetPlatform (125)
[2018.10.22-22.03.10:921][ 47]LogModuleManager: Shutting down and abandoning module LinuxServerTargetPlatform (123)
[2018.10.22-22.03.10:921][ 47]LogModuleManager: Shutting down and abandoning module LinuxNoEditorTargetPlatform (121)
[2018.10.22-22.03.10:921][ 47]LogModuleManager: Shutting down and abandoning module LinuxClientTargetPlatform (119)
[2018.10.22-22.03.10:921][ 47]LogModuleManager: Shutting down and abandoning module TVOSTargetPlatform (117)
[2018.10.22-22.03.10:924][ 47]LogModuleManager: Shutting down and abandoning module Messaging (115)
[2018.10.22-22.03.10:924][ 47]LogModuleManager: Shutting down and abandoning module IOSTargetPlatform (113)
[2018.10.22-22.03.10:926][ 47]LogModuleManager: Shutting down and abandoning module HTML5TargetPlatform (111)
[2018.10.22-22.03.10:926][ 47]LogModuleManager: Shutting down and abandoning module AndroidTargetPlatform (109)
[2018.10.22-22.03.10:943][ 47]LogModuleManager: Shutting down and abandoning module WindowsTargetPlatform (107)
[2018.10.22-22.03.10:943][ 47]LogModuleManager: Shutting down and abandoning module WindowsServerTargetPlatform (105)
[2018.10.22-22.03.10:943][ 47]LogModuleManager: Shutting down and abandoning module WindowsNoEditorTargetPlatform (103)
[2018.10.22-22.03.10:943][ 47]LogModuleManager: Shutting down and abandoning module WindowsClientTargetPlatform (101)
[2018.10.22-22.03.10:944][ 47]LogModuleManager: Shutting down and abandoning module MacTargetPlatform (99)
[2018.10.22-22.03.10:944][ 47]LogModuleManager: Shutting down and abandoning module MacServerTargetPlatform (97)
[2018.10.22-22.03.10:944][ 47]LogModuleManager: Shutting down and abandoning module MacNoEditorTargetPlatform (95)
[2018.10.22-22.03.10:944][ 47]LogModuleManager: Shutting down and abandoning module MacClientTargetPlatform (93)
[2018.10.22-22.03.10:944][ 47]LogModuleManager: Shutting down and abandoning module AllDesktopTargetPlatform (91)
[2018.10.22-22.03.10:944][ 47]LogModuleManager: Shutting down and abandoning module InputCore (88)
[2018.10.22-22.03.10:944][ 47]LogModuleManager: Shutting down and abandoning module Settings (86)
[2018.10.22-22.03.10:944][ 47]LogModuleManager: Shutting down and abandoning module PhysXCooking (84)
[2018.10.22-22.03.10:944][ 47]LogModuleManager: Shutting down and abandoning module SteamVR (82)
[2018.10.22-22.03.10:944][ 47]LogModuleManager: Shutting down and abandoning module OculusHMD (80)
[2018.10.22-22.03.10:945][ 47]LogModuleManager: Shutting down and abandoning module ExampleDeviceProfileSelector (78)
[2018.10.22-22.03.10:945][ 47]LogModuleManager: Shutting down and abandoning module LauncherChunkInstaller (76)
[2018.10.22-22.03.10:945][ 47]LogModuleManager: Shutting down and abandoning module OnlineBlueprintSupport (74)
[2018.10.22-22.03.10:945][ 47]LogModuleManager: Shutting down and abandoning module OnlineSubsystem (70)
[2018.10.22-22.03.10:947][ 47]LogModuleManager: Shutting down and abandoning module XMPP (65)
[2018.10.22-22.03.10:947][ 47]LogModuleManager: Shutting down and abandoning module WebSockets (64)
[2018.10.22-22.03.10:973][ 47]LogModuleManager: Shutting down and abandoning module HTTP (61)
[2018.10.22-22.03.10:973][ 47]LogHttp: Display: Http module shutting down, but needs to wait on 1 outstanding Http requests:
[2018.10.22-22.03.10:973][ 47]LogHttp: Display: 	verb=[POST] url=[https://datarouter.ol.epicgames.com/datarouter/api/v1/public/data?SessionID=%7B814014E4-4121-948D-8823-DDA2E7600057%7D&AppID=UEEditor.Rocket.Release&AppVersion=4.20.2-4302132%2B%2B%2BUE4%2BRelease-4.20&UserID=d39b13894c93ba32fa9b8ea6bce1175b%7Ca81745f7fe1e43c0aebc2cdd0fcde771%7C8f7ca108-0e80-45bf-b167-f38aa5d91da3&AppEnvironment=datacollector-binary&UploadType=eteventstream] status=Processing
[2018.10.22-22.03.10:987][ 47]LogModuleManager: Shutting down and abandoning module SSL (60)
[2018.10.22-22.03.10:990][ 47]LogModuleManager: Shutting down and abandoning module MagicLeapEmulator (56)
[2018.10.22-22.03.10:990][ 47]LogModuleManager: Shutting down and abandoning module MagicLeapPrivileges (54)
[2018.10.22-22.03.10:990][ 47]LogModuleManager: Shutting down and abandoning module MagicLeapIdentity (52)
[2018.10.22-22.03.10:990][ 47]LogModuleManager: Shutting down and abandoning module MagicLeapHelperVulkan (50)
[2018.10.22-22.03.10:990][ 47]LogModuleManager: Shutting down and abandoning module MagicLeapHelperOpenGL (48)
[2018.10.22-22.03.10:990][ 47]LogModuleManager: Shutting down and abandoning module MagicLeapSecureStorage (46)
[2018.10.22-22.03.10:990][ 47]LogModuleManager: Shutting down and abandoning module MagicLeapGestures (44)
[2018.10.22-22.03.10:990][ 47]LogModuleManager: Shutting down and abandoning module MagicLeapEyeTracker (42)
[2018.10.22-22.03.10:990][ 47]LogModuleManager: Shutting down and abandoning module MagicLeapController (40)
[2018.10.22-22.03.10:990][ 47]LogSlate: Slate User Destroyed.  User Index 0, Is Virtual User: 0
[2018.10.22-22.03.10:991][ 47]LogModuleManager: Shutting down and abandoning module MagicLeap (38)
[2018.10.22-22.03.10:991][ 47]LogModuleManager: Shutting down and abandoning module AnimationModifiers (36)
[2018.10.22-22.03.10:991][ 47]LogModuleManager: Shutting down and abandoning module PropertyEditor (35)
[2018.10.22-22.03.10:991][ 47]LogModuleManager: Shutting down and abandoning module AudioEditor (32)
[2018.10.22-22.03.10:991][ 47]LogModuleManager: Shutting down and abandoning module TextureCompressor (30)
[2018.10.22-22.03.10:993][ 47]LogModuleManager: Shutting down and abandoning module ShaderCore (28)
[2018.10.22-22.03.10:993][ 47]LogModuleManager: Shutting down and abandoning module Landscape (26)
[2018.10.22-22.03.10:993][ 47]LogModuleManager: Shutting down and abandoning module SlateRHIRenderer (24)
[2018.10.22-22.03.10:994][ 47]LogModuleManager: Shutting down and abandoning module OpenGLDrv (22)
[2018.10.22-22.03.10:994][ 47]LogModuleManager: Shutting down and abandoning module D3D11RHI (20)
[2018.10.22-22.03.10:994][ 47]LogModuleManager: Shutting down and abandoning module AnimGraphRuntime (18)
[2018.10.22-22.03.10:994][ 47]LogModuleManager: Shutting down and abandoning module Renderer (16)
[2018.10.22-22.03.10:994][ 47]LogModuleManager: Shutting down and abandoning module Engine (14)
[2018.10.22-22.03.10:994][ 47]LogModuleManager: Shutting down and abandoning module CoreUObject (12)
[2018.10.22-22.03.10:994][ 47]LogModuleManager: Shutting down and abandoning module NetworkFile (10)
[2018.10.22-22.03.10:994][ 47]LogModuleManager: Shutting down and abandoning module CookedIterativeFile (8)
[2018.10.22-22.03.10:994][ 47]LogModuleManager: Shutting down and abandoning module StreamingFile (6)
[2018.10.22-22.03.10:994][ 47]LogModuleManager: Shutting down and abandoning module SandboxFile (4)
[2018.10.22-22.03.10:994][ 47]LogModuleManager: Shutting down and abandoning module PakFile (2)
[2018.10.22-22.03.11:016][ 47]LogExit: Exiting.
[2018.10.22-22.03.11:030][ 47]Log file closed, 10/23/18 09:03:11
