Log file open, 12/03/18 09:18:57
LogWindows: Failed to load 'aqProf.dll' (GetLastError=126)
LogWindows: File 'aqProf.dll' does not exist
LogWindows: Failed to load 'VSPerf140.dll' (GetLastError=126)
LogWindows: File 'VSPerf140.dll' does not exist
LogWindows: Failed to load 'VtuneApi.dll' (GetLastError=126)
LogWindows: File 'VtuneApi.dll' does not exist
LogWindows: Failed to load 'VtuneApi32e.dll' (GetLastError=126)
LogWindows: File 'VtuneApi32e.dll' does not exist
LogInit: Display: Running engine for game: PlatformerPrototype
LogPlatformFile: Not using cached read wrapper
LogTaskGraph: Started task graph with 5 named threads and 23 total threads with 3 sets of task threads.
LogStats: Stats thread started at 0.753218
LogD3D11RHI: Loaded GFSDK_Aftermath_Lib.x64.dll
LogICUInternationalization: Display: ICU TimeZone Detection - Raw Offset: +10:00, Platform Override: ''
LogPluginManager: Mounting plugin Paper2D
LogPluginManager: Mounting plugin AISupport
LogPluginManager: Mounting plugin LightPropagationVolume
LogPluginManager: Mounting plugin CLionSourceCodeAccess
LogPluginManager: Mounting plugin CodeLiteSourceCodeAccess
LogPluginManager: Mounting plugin GitSourceControl
LogPluginManager: Mounting plugin KDevelopSourceCodeAccess
LogPluginManager: Mounting plugin NullSourceCodeAccess
LogPluginManager: Mounting plugin PerforceSourceControl
LogPluginManager: Mounting plugin SubversionSourceControl
LogPluginManager: Mounting plugin UObjectPlugin
LogPluginManager: Mounting plugin VisualStudioCodeSourceCodeAccess
LogPluginManager: Mounting plugin VisualStudioSourceCodeAccess
LogPluginManager: Mounting plugin XCodeSourceCodeAccess
LogPluginManager: Mounting plugin AssetManagerEditor
LogPluginManager: Mounting plugin CryptoKeys
LogPluginManager: Mounting plugin DataValidation
LogPluginManager: Mounting plugin EditorScriptingUtilities
LogPluginManager: Mounting plugin FacialAnimation
LogPluginManager: Mounting plugin GameplayTagsEditor
LogPluginManager: Mounting plugin MacGraphicsSwitching
LogPluginManager: Mounting plugin MeshEditor
LogPluginManager: Mounting plugin MobileLauncherProfileWizard
LogPluginManager: Mounting plugin PluginBrowser
LogPluginManager: Mounting plugin SpeedTreeImporter
LogPluginManager: Mounting plugin DatasmithContent
LogPluginManager: Mounting plugin AlembicImporter
LogPluginManager: Mounting plugin AppleImageUtils
LogPluginManager: Mounting plugin AppleVision
LogPluginManager: Mounting plugin BackChannel
LogPluginManager: Mounting plugin CharacterAI
LogPluginManager: Mounting plugin GeometryCache
LogPluginManager: Mounting plugin HTML5Networking
LogPluginManager: Mounting plugin ProxyLODPlugin
LogPluginManager: Mounting plugin MagicLeap
LogPluginManager: Mounting plugin MagicLeapEmulator
LogPluginManager: Mounting plugin MagicLeapMedia
LogPluginManager: Mounting plugin AndroidMedia
LogPluginManager: Mounting plugin AvfMedia
LogPluginManager: Mounting plugin ImgMedia
LogPluginManager: Mounting plugin LinearTimecode
LogPluginManager: Mounting plugin MediaCompositing
LogPluginManager: Mounting plugin MediaPlayerEditor
LogPluginManager: Mounting plugin WmfMedia
LogPluginManager: Mounting plugin TcpMessaging
LogPluginManager: Mounting plugin UdpMessaging
LogPluginManager: Mounting plugin ActorSequence
LogPluginManager: Mounting plugin LevelSequenceEditor
LogPluginManager: Mounting plugin MatineeToLevelSequence
LogPluginManager: Mounting plugin NetcodeUnitTest
LogPluginManager: Mounting plugin NUTUnrealEngine4
LogPluginManager: Mounting plugin OnlineSubsystemGooglePlay
LogPluginManager: Mounting plugin OnlineSubsystemIOS
LogPluginManager: Mounting plugin OnlineSubsystem
LogPluginManager: Mounting plugin OnlineSubsystemNull
LogPluginManager: Mounting plugin OnlineSubsystemUtils
LogPluginManager: Mounting plugin LauncherChunkInstaller
LogPluginManager: Mounting plugin AndroidDeviceProfileSelector
LogPluginManager: Mounting plugin AndroidMoviePlayer
LogPluginManager: Mounting plugin AndroidPermission
LogPluginManager: Mounting plugin AppleMoviePlayer
LogPluginManager: Mounting plugin ArchVisCharacter
LogPluginManager: Mounting plugin AudioCapture
LogPluginManager: Mounting plugin CableComponent
LogPluginManager: Mounting plugin CustomMeshComponent
LogPluginManager: Mounting plugin EditableMesh
LogPluginManager: Mounting plugin ExampleDeviceProfileSelector
LogPluginManager: Mounting plugin GoogleCloudMessaging
LogPluginManager: Mounting plugin ImmediatePhysics
LogPluginManager: Mounting plugin IOSDeviceProfileSelector
LogPluginManager: Mounting plugin LinuxDeviceProfileSelector
LogPluginManager: Mounting plugin LocationServicesBPLibrary
LogPluginManager: Mounting plugin MobilePatchingUtils
LogPluginManager: Mounting plugin OculusVR
LogPluginManager: Plugin shader directory ../../../Engine/Plugins/Runtime/Oculus/OculusVR/Shaders found
LogPluginManager: Mapping shader source directory ../../../Engine/Plugins/Runtime/Oculus/OculusVR/Shaders to virtual directory /Plugin/OculusVR
LogPluginManager: Mounting plugin PhysXVehicles
LogPluginManager: Mounting plugin ProceduralMeshComponent
LogPluginManager: Mounting plugin RuntimePhysXCooking
LogPluginManager: Mounting plugin SteamVR
LogPluginManager: Mounting plugin WindowsMoviePlayer
LogPluginManager: Mounting plugin DatasmithCADImporter
LogPluginManager: Mounting plugin DatasmithFBXImporter
LogPluginManager: Mounting plugin DatasmithImporter
LogPluginManager: Mounting plugin DatasmithMDLImporter
LogPluginManager: Mounting plugin StaticMeshEditorExtension
LogStreaming: Display: Took  0.118s to configure plugins.
LogInit: Using libcurl 7.55.1-DEV
LogInit:  - built for x86_64-pc-win32
LogInit:  - supports SSL with OpenSSL/1.0.2h
LogInit:  - supports HTTP deflate (compression) using libz 1.2.8
LogInit:  - other features:
LogInit:      CURL_VERSION_SSL
LogInit:      CURL_VERSION_LIBZ
LogInit:      CURL_VERSION_IPV6
LogInit:      CURL_VERSION_ASYNCHDNS
LogInit:      CURL_VERSION_LARGEFILE
LogInit:      CURL_VERSION_IDN
LogInit:  CurlRequestOptions (configurable via config and command line):
LogInit:  - bVerifyPeer = false  - Libcurl will NOT verify peer certificate
LogInit:  - bUseHttpProxy = false  - Libcurl will NOT use HTTP proxy
LogInit:  - bDontReuseConnections = false  - Libcurl will reuse connections
LogInit:  - CertBundlePath = nullptr  - Libcurl will use whatever was configured at build time.
LogInit:  - MaxHostConnections = 16  - Libcurl will limit the number of connections to a host
LogInit:  - LocalHostAddr = Default
LogInit:  - BufferSize = 65536
LogInit: WinSock: version 1.1 (2.2), MaxSocks=32767, MaxUdp=65467
LogHMD: Failed initializing OVRPlugin 1.25.0
LogInit: Build: ++UE4+Release-4.20-CL-4369336
LogInit: Engine Version: 4.20.3-4369336+++UE4+Release-4.20
LogInit: Compatible Engine Version: 4.20.0-4212847+++UE4+Release-4.20
LogInit: Net CL: 4212847
LogInit: OS: Windows 10 (), CPU: Intel(R) Core(TM) i7-6700 CPU @ 3.40GHz, GPU: NVIDIA GeForce GTX 980
LogInit: Compiled (64-bit): Sep 17 2018 12:26:19
LogInit: Compiled with Visual C++: 19.13.26129.00
LogInit: Build Configuration: Development
LogInit: Branch Name: ++UE4+Release-4.20
LogInit: Command Line:  
LogInit: Base Directory: C:/Program Files/Epic Games/UE_4.20/Engine/Binaries/Win64/
LogInit: Installed Engine Build: 1
LogDevObjectVersion: Number of dev versions registered: 20
LogDevObjectVersion:   Dev-Blueprints (B0D832E4-1F89-4F0D-ACCF-7EB736FD4AA2): 10
LogDevObjectVersion:   Dev-Build (E1C64328-A22C-4D53-A36C-8E866417BD8C): 0
LogDevObjectVersion:   Dev-Core (375EC13C-06E4-48FB-B500-84F0262A717E): 2
LogDevObjectVersion:   Dev-Editor (E4B068ED-F494-42E9-A231-DA0B2E46BB41): 24
LogDevObjectVersion:   Dev-Framework (CFFC743F-43B0-4480-9391-14DF171D2073): 34
LogDevObjectVersion:   Dev-Mobile (B02B49B5-BB20-44E9-A304-32B752E40360): 2
LogDevObjectVersion:   Dev-Networking (A4E4105C-59A1-49B5-A7C5-40C4547EDFEE): 0
LogDevObjectVersion:   Dev-Online (39C831C9-5AE6-47DC-9A44-9C173E1C8E7C): 0
LogDevObjectVersion:   Dev-Physics (78F01B33-EBEA-4F98-B9B4-84EACCB95AA2): 0
LogDevObjectVersion:   Dev-Platform (6631380F-2D4D-43E0-8009-CF276956A95A): 0
LogDevObjectVersion:   Dev-Rendering (12F88B9F-8875-4AFC-A67C-D90C383ABD29): 26
LogDevObjectVersion:   Dev-Sequencer (7B5AE74C-D270-4C10-A958-57980B212A5A): 9
LogDevObjectVersion:   Dev-VR (D7296918-1DD6-4BDD-9DE2-64A83CC13884): 2
LogDevObjectVersion:   Dev-LoadTimes (C2A15278-BFE7-4AFE-6C17-90FF531DF755): 1
LogDevObjectVersion:   Private-Geometry (6EACA3D4-40EC-4CC1-B786-8BED09428FC5): 3
LogDevObjectVersion:   Dev-AnimPhys (29E575DD-E0A3-4627-9D10-D276232CDCEA): 17
LogDevObjectVersion:   Dev-ReflectionCapture (6B266CEC-1EC7-4B8F-A30B-E4D90942FC07): 1
LogDevObjectVersion:   Dev-Automation (0DF73D61-A23F-47EA-B727-89E90C41499A): 1
LogDevObjectVersion:   FortniteMain (601D1886-AC64-4F84-AA16-D3DE0DEAC7D6): 12
LogDevObjectVersion:   Dev-Enterprise (9DFFBCD6-494F-0158-E221-12823C92A888): 1
LogStreaming: Display: Took  0.009s to delete old logs.
LogInit: Presizing for max 8388607 objects, including 0 objects not considered by GC, pre-allocating 0 bytes for permanent pool.
LogInit: Object subsystem initialized
[2018.12.02-22.18.58:890][  0]LogInit: Selected Device Profile: [Windows]
[2018.12.02-22.18.58:890][  0]LogInit: Applying CVar settings loaded from the selected device profile: [Windows]
[2018.12.02-22.18.58:908][  0]LogHAL: Display: Platform has ~ 32 GB [34270724096 / 34359738368 / 32], which maps to Largest [LargestMinGB=32, LargerMinGB=12, DefaultMinGB=8, SmallerMinGB=6, SmallestMinGB=0)
[2018.12.02-22.18.58:909][  0]LogInit: Setting Device Profile CVar: [[r.Vulkan.UseRealUBs:1]]
[2018.12.02-22.18.58:909][  0]LogInit: Going up to parent DeviceProfile []
[2018.12.02-22.18.58:914][  0]LogInit: Computer: SYD-R304-PC05
[2018.12.02-22.18.58:914][  0]LogInit: User: igarpendal
[2018.12.02-22.18.58:914][  0]LogInit: CPU Page size=4096, Cores=4
[2018.12.02-22.18.58:914][  0]LogInit: High frequency timer resolution =3.328123 MHz
[2018.12.02-22.18.58:914][  0]LogMemory: Memory total: Physical=31.9GB (32GB approx)
[2018.12.02-22.18.58:914][  0]LogMemory: Platform Memory Stats for Windows
[2018.12.02-22.18.58:914][  0]LogMemory: Process Physical Memory: 102.74 MB used, 102.74 MB peak
[2018.12.02-22.18.58:914][  0]LogMemory: Process Virtual Memory: 99.43 MB used, 99.43 MB peak
[2018.12.02-22.18.58:914][  0]LogMemory: Physical Memory: 4172.43 MB used,  28510.68 MB free, 32683.11 MB total
[2018.12.02-22.18.58:914][  0]LogMemory: Virtual Memory: 4660.47 MB used,  28510.68 MB free, 134217728.00 MB total
[2018.12.02-22.18.59:097][  0]LogInit: Using OS detected language (en-US).
[2018.12.02-22.18.59:097][  0]LogInit: Using OS detected locale (en-AU).
[2018.12.02-22.18.59:098][  0]LogTextLocalizationManager: No specific localization for 'en-US' exists, so the 'en' localization will be used.
[2018.12.02-22.18.59:485][  0]LogStreaming: Display: Took  0.388s to InitEngineTextLocalization.
[2018.12.02-22.18.59:487][  0]LogInit: Setting process to per monitor DPI aware
[2018.12.02-22.18.59:573][  0]LogSlate: New Slate User Created.  User Index 0, Is Virtual User: 0
[2018.12.02-22.18.59:573][  0]LogSlate: Slate User Registered.  User Index 0, Is Virtual User: 0
[2018.12.02-22.19.01:424][  0]LogHMD: Failed to initialize OpenVR with code 126
[2018.12.02-22.19.01:424][  0]LogD3D11RHI: D3D11 adapters:
[2018.12.02-22.19.01:471][  0]LogD3D11RHI:    0. 'NVIDIA GeForce GTX 980' (Feature Level 11_0)
[2018.12.02-22.19.01:471][  0]LogD3D11RHI:       4053/0/16341 MB DedicatedVideo/DedicatedSystem/SharedSystem, Outputs:1, VendorId:0x10de
[2018.12.02-22.19.01:473][  0]LogD3D11RHI:    1. 'Microsoft Basic Render Driver' (Feature Level 11_0)
[2018.12.02-22.19.01:473][  0]LogD3D11RHI:       0/0/16341 MB DedicatedVideo/DedicatedSystem/SharedSystem, Outputs:0, VendorId:0x1414
[2018.12.02-22.19.01:473][  0]LogD3D11RHI: Chosen D3D11 Adapter: 0
[2018.12.02-22.19.01:480][  0]LogD3D11RHI: Creating new Direct3DDevice
[2018.12.02-22.19.01:480][  0]LogD3D11RHI:     GPU DeviceId: 0x13c0 (for the marketing name, search the web for "GPU Device Id")
[2018.12.02-22.19.01:480][  0]LogWindows: EnumDisplayDevices:
[2018.12.02-22.19.01:480][  0]LogWindows:    0. 'NVIDIA GeForce GTX 980' (P:1 D:1)
[2018.12.02-22.19.01:481][  0]LogWindows:    1. 'NVIDIA GeForce GTX 980' (P:0 D:0)
[2018.12.02-22.19.01:481][  0]LogWindows:    2. 'NVIDIA GeForce GTX 980' (P:0 D:0)
[2018.12.02-22.19.01:481][  0]LogWindows:    3. 'NVIDIA GeForce GTX 980' (P:0 D:0)
[2018.12.02-22.19.01:481][  0]LogWindows: DebugString: FoundDriverCount:4 
[2018.12.02-22.19.01:481][  0]LogD3D11RHI:     Adapter Name: NVIDIA GeForce GTX 980
[2018.12.02-22.19.01:482][  0]LogD3D11RHI:   Driver Version: 398.82 (internal:24.21.13.9882, unified:398.82)
[2018.12.02-22.19.01:482][  0]LogD3D11RHI:      Driver Date: 7-30-2018
[2018.12.02-22.19.01:482][  0]LogRHI: Texture pool is 2837 MB (70% of 4053 MB)
[2018.12.02-22.19.01:519][  0]LogD3D11RHI: Async texture creation enabled
[2018.12.02-22.19.01:545][  0]LogD3D11RHI: GPU Timing Frequency: 1000.000000 (Debug: 2 2)
[2018.12.02-22.19.01:591][  0]LogShaderCompilers: Guid format shader working directory is -39 characters bigger than the processId version (../../../../../../Users/igarpendal/Documents/GitHub/GPG210-Prototypes/PlatformerPrototype/Intermediate/Shaders/WorkingDirectory/30988/).
[2018.12.02-22.19.01:591][  0]LogShaderCompilers: Cleaned the shader compiler working directory 'C:/Users/igarpendal/AppData/Local/Temp/UnrealShaderWorkingDir/0EAA7001434118508FAA64A8EFFE87EB/'.
[2018.12.02-22.19.01:922][  0]LogTemp: Display: Loaded TP AllDesktopTargetPlatform
[2018.12.02-22.19.01:936][  0]LogTemp: Display: Loaded TP MacClientTargetPlatform
[2018.12.02-22.19.01:949][  0]LogTemp: Display: Loaded TP MacNoEditorTargetPlatform
[2018.12.02-22.19.01:962][  0]LogTemp: Display: Loaded TP MacServerTargetPlatform
[2018.12.02-22.19.01:977][  0]LogTemp: Display: Loaded TP MacTargetPlatform
[2018.12.02-22.19.01:990][  0]LogTemp: Display: Loaded TP WindowsClientTargetPlatform
[2018.12.02-22.19.02:003][  0]LogTemp: Display: Loaded TP WindowsNoEditorTargetPlatform
[2018.12.02-22.19.02:015][  0]LogTemp: Display: Loaded TP WindowsServerTargetPlatform
[2018.12.02-22.19.02:023][  0]LogTemp: Display: Loaded TP WindowsTargetPlatform
[2018.12.02-22.19.02:102][  0]LogTemp: Display: Loaded TP AndroidTargetPlatform
[2018.12.02-22.19.02:102][  0]LogTemp: Display: Loaded TP AndroidTargetPlatform
[2018.12.02-22.19.02:102][  0]LogTemp: Display: Loaded TP AndroidTargetPlatform
[2018.12.02-22.19.02:102][  0]LogTemp: Display: Loaded TP AndroidTargetPlatform
[2018.12.02-22.19.02:102][  0]LogTemp: Display: Loaded TP AndroidTargetPlatform
[2018.12.02-22.19.02:102][  0]LogTemp: Display: Loaded TP AndroidTargetPlatform
[2018.12.02-22.19.02:102][  0]LogTemp: Display: Loaded TP AndroidTargetPlatform
[2018.12.02-22.19.02:102][  0]LogTemp: Display: Loaded TP AndroidTargetPlatform
[2018.12.02-22.19.02:102][  0]LogTemp: Display: Loaded TP AndroidTargetPlatform
[2018.12.02-22.19.02:102][  0]LogTemp: Display: Loaded TP AndroidTargetPlatform
[2018.12.02-22.19.02:102][  0]LogTemp: Display: Loaded TP AndroidTargetPlatform
[2018.12.02-22.19.02:102][  0]LogTemp: Display: Loaded TP AndroidTargetPlatform
[2018.12.02-22.19.02:102][  0]LogTemp: Display: Loaded TP AndroidTargetPlatform
[2018.12.02-22.19.02:102][  0]LogTemp: Display: Loaded TP AndroidTargetPlatform
[2018.12.02-22.19.02:102][  0]LogTemp: Display: Loaded TP AndroidTargetPlatform
[2018.12.02-22.19.02:102][  0]LogTemp: Display: Loaded TP AndroidTargetPlatform
[2018.12.02-22.19.02:102][  0]LogTemp: Display: Loaded TP AndroidTargetPlatform
[2018.12.02-22.19.02:102][  0]LogTemp: Display: Loaded TP AndroidTargetPlatform
[2018.12.02-22.19.02:105][  0]LogTemp: Display: Loaded TP HTML5TargetPlatform
[2018.12.02-22.19.02:173][  0]LogTemp: Display: Loaded TP IOSTargetPlatform
[2018.12.02-22.19.02:173][  0]LogTemp: Display: Loaded TP IOSTargetPlatform
[2018.12.02-22.19.02:195][  0]LogTemp: Display: Loaded TP TVOSTargetPlatform
[2018.12.02-22.19.02:195][  0]LogTemp: Display: Loaded TP TVOSTargetPlatform
[2018.12.02-22.19.02:209][  0]LogTemp: Display: Loaded TP LinuxClientTargetPlatform
[2018.12.02-22.19.02:222][  0]LogTemp: Display: Loaded TP LinuxNoEditorTargetPlatform
[2018.12.02-22.19.02:235][  0]LogTemp: Display: Loaded TP LinuxServerTargetPlatform
[2018.12.02-22.19.02:255][  0]LogTemp: Display: Loaded TP LinuxTargetPlatform
[2018.12.02-22.19.02:267][  0]LogTemp: Display: Loaded TP LuminTargetPlatform
[2018.12.02-22.19.02:267][  0]LogTargetPlatformManager: Display: Building Assets For Windows
[2018.12.02-22.19.02:390][  0]LogXGEController: Cleaning working directory: C:/Users/igarpendal/AppData/Local/Temp/UnrealXGEWorkingDir/
[2018.12.02-22.19.02:391][  0]LogXGEController: Cannot use XGE Controller as Incredibuild is not installed on this machine.
[2018.12.02-22.19.02:391][  0]LogShaderCompilers: Cannot use XGE Shader Compiler as Incredibuild is not installed on this machine.
[2018.12.02-22.19.02:391][  0]LogShaderCompilers: Display: Using Local Shader Compiler.
[2018.12.02-22.19.03:946][  0]LogDerivedDataCache: Display: Max Cache Size: 512 MB
[2018.12.02-22.19.04:195][  0]LogDerivedDataCache: Loaded boot cache 0.25s 72MB C:/Users/igarpendal/AppData/Local/UnrealEngine/4.20/DerivedDataCache/Boot.ddc.
[2018.12.02-22.19.04:196][  0]LogDerivedDataCache: Display: Loaded Boot cache: C:/Users/igarpendal/AppData/Local/UnrealEngine/4.20/DerivedDataCache/Boot.ddc
[2018.12.02-22.19.04:196][  0]LogDerivedDataCache: FDerivedDataBackendGraph:  Pak pak cache file ../../../../../../Users/igarpendal/Documents/GitHub/GPG210-Prototypes/PlatformerPrototype/DerivedDataCache/DDC.ddp not found, will not use a pak cache.
[2018.12.02-22.19.04:196][  0]LogDerivedDataCache: Unable to find inner node Pak for hierarchical cache Hierarchy.
[2018.12.02-22.19.04:196][  0]LogDerivedDataCache: FDerivedDataBackendGraph:  CompressedPak pak cache file ../../../../../../Users/igarpendal/Documents/GitHub/GPG210-Prototypes/PlatformerPrototype/DerivedDataCache/Compressed.ddp not found, will not use a pak cache.
[2018.12.02-22.19.04:196][  0]LogDerivedDataCache: Unable to find inner node CompressedPak for hierarchical cache Hierarchy.
[2018.12.02-22.19.04:217][  0]LogDerivedDataCache: Display: Pak cache opened for reading ../../../Engine/DerivedDataCache/Compressed.ddp.
[2018.12.02-22.19.04:230][  0]LogDerivedDataCache: Using Local data cache path C:/Users/igarpendal/AppData/Local/UnrealEngine/Common/DerivedDataCache: Writable
[2018.12.02-22.19.04:230][  0]LogDerivedDataCache: Shared data cache path not found in *engine.ini, will not use an Shared cache.
[2018.12.02-22.19.04:230][  0]LogDerivedDataCache: Unable to find inner node Shared for hierarchical cache Hierarchy.
[2018.12.02-22.19.04:248][  0]LogMaterial: Verifying Global Shaders for PCD3D_SM5
[2018.12.02-22.19.04:255][  0]LogSlate: Using FreeType 2.6.0
[2018.12.02-22.19.04:271][  0]LogSlate: SlateFontServices - WITH_FREETYPE: 1, WITH_HARFBUZZ: 1
[2018.12.02-22.19.04:511][  0]LogAssetRegistry: FAssetRegistry took 0.0283 seconds to start up
[2018.12.02-22.19.04:852][  0]LogInit: Selected Device Profile: [Windows]
[2018.12.02-22.19.05:139][  0]LogPackageName: Warning: String asset reference "S_ClothTarps_03.SM.Mesh.S_ClothTarps_03" is in short form, which is unsupported and -- even if valid -- resolving it will be really slow.
[2018.12.02-22.19.05:139][  0]LogPackageName: Warning: Please consider resaving package in order to speed-up loading.
[2018.12.02-22.19.05:139][  0]LogPackageName: SearchForPackageOnDisk took   0.070s, but failed to resolve S_ClothTarps_03.
[2018.12.02-22.19.05:139][  0]LogPackageName: Warning: String asset reference "S_ClothTarps_03.SM.Mesh.S_ClothTarps_03" could not be resolved.
[2018.12.02-22.19.05:140][  0]LogSimplygon: Simplygon DLL not present - disabling.
[2018.12.02-22.19.05:156][  0]LogMeshReduction: Using SimplygonSwarm for distributed automatic mesh merging
[2018.12.02-22.19.05:156][  0]LogMeshReduction: Using ProxyLODMeshReduction for automatic mesh merging
[2018.12.02-22.19.05:157][  0]LogMeshReduction: Using QuadricMeshReduction for automatic static mesh reduction
[2018.12.02-22.19.05:157][  0]LogMeshReduction: No automatic skeletal mesh reduction module available
[2018.12.02-22.19.05:207][  0]LogNetVersion: PlatformerPrototype 1.0.0, NetCL: 4212847, EngineNetVer: 5, GameNetVer: 0 (Checksum: 3545419167)
[2018.12.02-22.19.06:493][  0]LogPackageLocalizationCache: Processed 13 localized package path(s) for 2 prioritized culture(s) in 0.126735 seconds
[2018.12.02-22.19.06:499][  0]LogUObjectArray: 38425 objects as part of root set at end of initial load.
[2018.12.02-22.19.06:499][  0]LogUObjectAllocator: 6690864 out of 0 bytes used by permanent object pool.
[2018.12.02-22.19.06:499][  0]LogUObjectArray: CloseDisregardForGC: 0/0 objects in disregard for GC pool
[2018.12.02-22.19.09:632][  0]LogTcpMessaging: Initializing TcpMessaging bridge
[2018.12.02-22.19.09:647][  0]LogUdpMessaging: Initializing bridge on interface 0.0.0.0:0 to multicast group 230.0.0.1:6666.
[2018.12.02-22.19.09:955][  0]SourceControl: Source control is disabled
[2018.12.02-22.19.09:956][  0]SourceControl: Source control is disabled
[2018.12.02-22.19.09:964][  0]SourceControl: Source control is disabled
[2018.12.02-22.19.09:968][  0]SourceControl: Source control is disabled
[2018.12.02-22.19.10:313][  0]LogAndroidPermission: UAndroidPermissionCallbackProxy::GetInstance
[2018.12.02-22.19.10:422][  0]LogOcInput: OculusInput pre-init called
[2018.12.02-22.19.12:698][  0]LogEngine: Initializing Engine...
[2018.12.02-22.19.12:717][  0]LogHMD: Failed to initialize OpenVR with code 126
[2018.12.02-22.19.12:720][  0]LogStats: UGameplayTagsManager::ConstructGameplayTagTree: ImportINI prefixes -  0.000 s
[2018.12.02-22.19.12:720][  0]LogStats: UGameplayTagsManager::ConstructGameplayTagTree: Construct from data asset -  0.000 s
[2018.12.02-22.19.12:720][  0]LogStats: UGameplayTagsManager::ConstructGameplayTagTree: ImportINI -  0.000 s
[2018.12.02-22.19.12:721][  0]LogStats: UGameplayTagsManager::ConstructGameplayTagTree: GameplayTagTreeChangedEvent.Broadcast -  0.000 s
[2018.12.02-22.19.13:126][  0]LogInit: Initializing FReadOnlyCVARCache
[2018.12.02-22.19.13:162][  0]LogAIModule: Creating AISystem for world Untitled
[2018.12.02-22.19.13:181][  0]LogInit: XAudio2 using 'Realtek Digital Output(Optical) (Realtek High Definition Audio)' : 2 channels at 48 kHz using 16 bits per sample (channel mask 0x3)
[2018.12.02-22.19.13:194][  0]LogInit: FAudioDevice initialized.
[2018.12.02-22.19.13:194][  0]LogNetVersion: Set ProjectVersion to 1.0.0.0. Version Checksum will be recalculated on next use.
[2018.12.02-22.19.13:264][  0]LogDerivedDataCache: Saved boot cache 0.07s 72MB C:/Users/igarpendal/AppData/Local/UnrealEngine/4.20/DerivedDataCache/Boot.ddc.
[2018.12.02-22.19.13:268][  0]LogInit: Texture streaming: Enabled
[2018.12.02-22.19.13:291][  0]LogEngineSessionManager: EngineSessionManager initialized
[2018.12.02-22.19.13:312][  0]LogInit: Transaction tracking system initialized
[2018.12.02-22.19.13:358][  0]BlueprintLog: New page: Editor Load
[2018.12.02-22.19.13:535][  0]LocalizationService: Localization service is disabled
[2018.12.02-22.19.14:100][  0]LogCook: Display: Max memory allowance for cook 16384mb min free memory 0mb
[2018.12.02-22.19.14:100][  0]LogCook: Display: Mobile HDR setting 1
[2018.12.02-22.19.14:101][  0]LogGameplayTags: Display: UGameplayTagsManager::DoneAddingNativeTags. DelegateIsBound: 0
[2018.12.02-22.19.14:101][  0]LogStats: UGameplayTagsManager::ConstructGameplayTagTree: ImportINI prefixes -  0.000 s
[2018.12.02-22.19.14:101][  0]LogStats: UGameplayTagsManager::ConstructGameplayTagTree: Construct from data asset -  0.000 s
[2018.12.02-22.19.14:101][  0]LogStats: UGameplayTagsManager::ConstructGameplayTagTree: ImportINI -  0.000 s
[2018.12.02-22.19.14:101][  0]LogStats: UGameplayTagsManager::ConstructGameplayTagTree: GameplayTagTreeChangedEvent.Broadcast -  0.000 s
[2018.12.02-22.19.14:399][  0]LogFileCache: Scanning file cache for directory 'C:/Users/igarpendal/Documents/GitHub/GPG210-Prototypes/PlatformerPrototype/Content/' took 0.02s
[2018.12.02-22.19.15:574][  0]SourceControl: Source control is disabled
[2018.12.02-22.19.15:575][  0]Cmd: MAP LOAD FILE="../../../../../../Users/igarpendal/Documents/GitHub/GPG210-Prototypes/PlatformerPrototype/Content/ThirdPersonBP/Maps/Menu.umap" TEMPLATE=0 SHOWPROGRESS=1 FEATURELEVEL=3
[2018.12.02-22.19.15:576][  0]LightingResults: New page: Lighting Build
[2018.12.02-22.19.15:583][  0]MapCheck: New page: Map Check
[2018.12.02-22.19.15:583][  0]LightingResults: New page: Lighting Build
[2018.12.02-22.19.15:660][  0]LogAIModule: Creating AISystem for world Menu
[2018.12.02-22.19.15:670][  0]LogEditorServer: Finished looking for orphan Actors (0.000 secs)
[2018.12.02-22.19.15:694][  0]Cmd: MAP CHECKDEP NOCLEARLOG
[2018.12.02-22.19.15:747][  0]MapCheck: Map check complete: 0 Error(s), 0 Warning(s), took 52.89ms to complete.
[2018.12.02-22.19.15:747][  0]LogFileHelpers: Loading map 'Menu' took 0.173
[2018.12.02-22.19.15:928][  0]LogSlate: Updating window title bar state: overlay mode, drag disabled, window buttons hidden, title bar hidden
[2018.12.02-22.19.15:936][  0]LogSlate: Updating window title bar state: overlay mode, drag disabled, window buttons hidden, title bar hidden
[2018.12.02-22.19.15:945][  0]LogSlate: Updating window title bar state: overlay mode, drag disabled, window buttons hidden, title bar hidden
[2018.12.02-22.19.15:952][  0]LogSlate: Updating window title bar state: overlay mode, drag disabled, window buttons hidden, title bar hidden
[2018.12.02-22.19.15:970][  0]LogCollectionManager: Loaded 0 collections in 0.001482 seconds
[2018.12.02-22.19.16:025][  0]LogFileCache: Scanning file cache for directory 'C:/Users/igarpendal/Documents/GitHub/GPG210-Prototypes/PlatformerPrototype/Saved/Collections/' took 0.01s
[2018.12.02-22.19.16:025][  0]LogFileCache: Scanning file cache for directory 'C:/Users/igarpendal/Documents/GitHub/GPG210-Prototypes/PlatformerPrototype/Content/Developers/igarpendal/Collections/' took 0.01s
[2018.12.02-22.19.16:025][  0]LogFileCache: Scanning file cache for directory 'C:/Users/igarpendal/Documents/GitHub/GPG210-Prototypes/PlatformerPrototype/Content/Collections/' took 0.01s
[2018.12.02-22.19.16:025][  0]LogCollectionManager: Rebuilt the GUID cache for 0 collections in 0.000000 seconds
[2018.12.02-22.19.16:039][  0]LogContentBrowser: Native class hierarchy populated in 0.0133 seconds. Added 2621 classes and 629 folders.
[2018.12.02-22.19.16:051][  0]LogContentBrowser: Native class hierarchy updated for 'WidgetCarousel' in 0.0002 seconds. Added 0 classes and 0 folders.
[2018.12.02-22.19.16:398][  0]LogContentBrowser: Native class hierarchy updated for 'AddContentDialog' in 0.0002 seconds. Added 0 classes and 0 folders.
[2018.12.02-22.19.16:410][  0]LogContentBrowser: Native class hierarchy updated for 'SceneOutliner' in 0.0002 seconds. Added 1 classes and 2 folders.
[2018.12.02-22.19.16:467][  0]LogSlate: Took 0.005526 seconds to synchronously load lazily loaded font '../../../Engine/Content/Slate/Fonts/Roboto-Regular.ttf' (155K)
[2018.12.02-22.19.16:476][  0]LogSlate: Took 0.005000 seconds to synchronously load lazily loaded font '../../../Engine/Content/Slate/Fonts/Roboto-Bold.ttf' (160K)
[2018.12.02-22.19.16:487][  0]LogSlate: Took 0.004852 seconds to synchronously load lazily loaded font '../../../Engine/Content/Editor/Slate/Fonts/FontAwesome.ttf' (139K)
[2018.12.02-22.19.16:626][  0]LogRenderer: Reallocating scene render targets to support 1616x812 Format 10 NumSamples 1 (Frame:1).
[2018.12.02-22.19.16:766][  0]LogContentBrowser: Native class hierarchy updated for 'HierarchicalLODOutliner' in 0.0002 seconds. Added 0 classes and 0 folders.
[2018.12.02-22.19.16:766][  0]LogLoad: (Engine Initialization) Total time: 22.57 seconds
[2018.12.02-22.19.16:766][  0]LogLoad: (Engine Initialization) Total Blueprint compile time: 0.00 seconds
[2018.12.02-22.19.16:796][  0]LogContentStreaming: Texture pool size now 1000 MB
[2018.12.02-22.19.16:838][  1]LogAssetRegistry: Asset discovery search completed in 12.3506 seconds
[2018.12.02-22.19.16:840][  1]LogCollectionManager: Rebuilt the object cache for 0 collections in 0.000000 seconds (found 0 objects)
[2018.12.02-22.19.16:840][  1]LogCollectionManager: Fixed up redirectors for 0 collections in 0.000050 seconds (updated 0 objects)
[2018.12.02-22.19.17:806][111]LogSlate: Took 0.005317 seconds to synchronously load lazily loaded font '../../../Engine/Content/Slate/Fonts/Roboto-Light.ttf' (167K)
[2018.12.02-22.20.28:343][384]LogSlate: FSceneViewport::OnFocusLost() reason 0
[2018.12.02-22.21.02:871][392]LogAudioDerivedData: Display: Building compressed audio format OGG hash OGG wave VOCAL_CUTE_Call_Affection_03...
[2018.12.02-22.21.02:871][392]LogTemp: Couldn't find amount to resample to.
[2018.12.02-22.21.03:009][392]LogTexture: Display: Building textures: T_Path01_N (BC5, 2048X2048)
[2018.12.02-22.21.03:123][392]LogMaterial: Display: Missing cached shader map for material FinishLine, compiling. 
[2018.12.02-22.21.03:257][392]LogShaderCompilers: Display: Shaders left to compile 43
[2018.12.02-22.21.03:257][392]LogShaderCompilers: Display: Shaders left to compile 33
[2018.12.02-22.21.03:257][392]LogShaderCompilers: Display: Shaders left to compile 23
[2018.12.02-22.21.03:257][392]LogShaderCompilers: Display: Shaders left to compile 13
[2018.12.02-22.21.03:257][392]LogMaterial: Display: Missing cached shader map for material Water, compiling. 
[2018.12.02-22.21.03:300][392]LogMaterial: Display: Missing cached shader map for material MovingPlatform, compiling. 
[2018.12.02-22.21.03:466][392]LogAIModule: Creating AISystem for world Level_3
[2018.12.02-22.21.03:509][392]LogAssetEditorManager: Opening Asset editor for World /Game/ThirdPersonBP/Maps/Isaac_levels/Level_3.Level_3
[2018.12.02-22.21.03:541][392]Cmd: MAP LOAD FILE="../../../../../../Users/igarpendal/Documents/GitHub/GPG210-Prototypes/PlatformerPrototype/Content/ThirdPersonBP/Maps/Isaac_levels/Level_3.umap" TEMPLATE=0 SHOWPROGRESS=1 FEATURELEVEL=3
[2018.12.02-22.21.03:541][392]LightingResults: New page: Lighting Build
[2018.12.02-22.21.03:542][392]LoadErrors: New page: Loading map: Level_3.umap
[2018.12.02-22.21.03:542][392]MapCheck: New page: Map Check
[2018.12.02-22.21.03:542][392]LightingResults: New page: Lighting Build
[2018.12.02-22.21.03:614][392]LogEditorServer: Finished looking for orphan Actors (0.000 secs)
[2018.12.02-22.21.03:682][392]Cmd: MAP CHECKDEP NOCLEARLOG
[2018.12.02-22.21.03:768][392]MapCheck: Map check complete: 0 Error(s), 0 Warning(s), took 86.079ms to complete.
[2018.12.02-22.21.03:770][392]LogFileHelpers: Loading map 'Level_3' took 0.231
[2018.12.02-22.21.06:291][633]LogShaderCompilers: Display: Shaders left to compile 65
[2018.12.02-22.21.07:766][766]LogShaderCompilers: Display: Shaders left to compile 55
[2018.12.02-22.21.07:833][774]LogShaderCompilers: Display: Shaders left to compile 45
[2018.12.02-22.21.07:960][789]LogShaderCompilers: Display: Shaders left to compile 35
[2018.12.02-22.21.08:526][853]LogShaderCompilers: Display: Shaders left to compile 25
[2018.12.02-22.21.10:107][ 10]LogShaderCompilers: Display: Shaders left to compile 15
[2018.12.02-22.21.10:825][ 77]LogShaderCompilers: Display: Shaders left to compile 5
[2018.12.02-22.25.43:174][110]LogSlate: FSceneViewport::OnFocusLost() reason 0
[2018.12.02-22.25.43:587][152]LogAIModule: Creating AISystem for world Isaac
[2018.12.02-22.25.43:598][152]LogAssetEditorManager: Opening Asset editor for World /Game/ThirdPersonBP/Maps/Isaac_levels/Isaac.Isaac
[2018.12.02-22.25.43:619][152]Cmd: MAP LOAD FILE="../../../../../../Users/igarpendal/Documents/GitHub/GPG210-Prototypes/PlatformerPrototype/Content/ThirdPersonBP/Maps/Isaac_levels/Isaac.umap" TEMPLATE=0 SHOWPROGRESS=1 FEATURELEVEL=3
[2018.12.02-22.25.43:619][152]LightingResults: New page: Lighting Build
[2018.12.02-22.25.43:620][152]LoadErrors: New page: Loading map: Isaac.umap
[2018.12.02-22.25.43:622][152]MapCheck: New page: Map Check
[2018.12.02-22.25.43:622][152]LightingResults: New page: Lighting Build
[2018.12.02-22.25.43:655][152]LogEditorServer: Finished looking for orphan Actors (0.000 secs)
[2018.12.02-22.25.43:714][152]Cmd: MAP CHECKDEP NOCLEARLOG
[2018.12.02-22.25.43:775][152]MapCheck: Map check complete: 0 Error(s), 0 Warning(s), took 61.41ms to complete.
[2018.12.02-22.25.43:776][152]LogFileHelpers: Loading map 'Isaac' took 0.157
[2018.12.02-22.25.46:505][460]LogEditorViewport: Clicking on Actor (LMB): ThirdPersonCharacter_C (ThirdPersonCharacter)
[2018.12.02-22.25.47:915][593]Cmd: DELETE
[2018.12.02-22.25.47:915][593]Cmd: ACTOR DELETE
[2018.12.02-22.25.47:926][593]LogEditorActor: Deleted Actor: ThirdPersonCharacter_C
[2018.12.02-22.25.47:981][593]LogEditorActor: Deleted 1 Actors (0.064 secs)
[2018.12.02-22.25.50:957][945]LogSlate: FSceneViewport::OnFocusLost() reason 0
[2018.12.02-22.25.53:997][287]LogNavigationPoint: PostEditMove Clear paths rebuilt
[2018.12.02-22.25.54:607][357]LogSlate: FSceneViewport::OnFocusLost() reason 0
[2018.12.02-22.25.54:690][367]LogTemp: Repeating last play command: Selected Viewport
[2018.12.02-22.25.54:713][367]LogBlueprintUserMessages: Early PlayInEditor Detection: Level '/Game/ThirdPersonBP/Maps/Isaac_levels/Isaac.Isaac:PersistentLevel' has LevelScriptBlueprint '/Game/ThirdPersonBP/Maps/Isaac_levels/Isaac.Isaac:PersistentLevel.Isaac' with GeneratedClass '/Game/ThirdPersonBP/Maps/Isaac_levels/Isaac.Isaac_C' with ClassGeneratedBy '/Game/ThirdPersonBP/Maps/Isaac_levels/Isaac.Isaac:PersistentLevel.Isaac'
[2018.12.02-22.25.54:713][367]LogPlayLevel: PlayLevel: No blueprints needed recompiling
[2018.12.02-22.25.54:729][367]PIE: New page: PIE session: Isaac (3 Dec 2018 8:25:54 pm)
[2018.12.02-22.25.54:729][367]LogPlayLevel: Creating play world package: /Game/ThirdPersonBP/Maps/Isaac_levels/UEDPIE_0_Isaac
[2018.12.02-22.25.54:749][367]LogPlayLevel: PIE: StaticDuplicateObject took: (0.019867s)
[2018.12.02-22.25.54:750][367]LogAIModule: Creating AISystem for world Isaac
[2018.12.02-22.25.54:750][367]LogPlayLevel: PIE: World Init took: (0.000680s)
[2018.12.02-22.25.54:750][367]LogPlayLevel: PIE: Created PIE world by copying editor world from /Game/ThirdPersonBP/Maps/Isaac_levels/Isaac.Isaac to /Game/ThirdPersonBP/Maps/Isaac_levels/UEDPIE_0_Isaac.Isaac (0.020689s)
[2018.12.02-22.25.54:779][367]LogInit: XAudio2 using 'Realtek Digital Output(Optical) (Realtek High Definition Audio)' : 2 channels at 48 kHz using 16 bits per sample (channel mask 0x3)
[2018.12.02-22.25.54:789][367]LogInit: FAudioDevice initialized.
[2018.12.02-22.25.54:856][367]LogLoad: Game class is 'ThirdPersonGameMode_C'
[2018.12.02-22.25.54:860][367]LogWorld: Bringing World /Game/ThirdPersonBP/Maps/Isaac_levels/UEDPIE_0_Isaac.Isaac up for play (max tick rate 0) at 2018.12.03-09.25.54
[2018.12.02-22.25.54:861][367]LogWorld: Bringing up level for play took: 0.002888
[2018.12.02-22.25.54:880][367]LogContentBrowser: Native class hierarchy updated for 'MovieSceneCapture' in 0.0002 seconds. Added 10 classes and 0 folders.
[2018.12.02-22.25.54:883][367]LogBlueprintUserMessages: [AI_BadGuyCon_C_0] AI Controller
[2018.12.02-22.25.54:888][367]PIE: Play in editor start time for /Game/ThirdPersonBP/Maps/Isaac_levels/UEDPIE_0_Isaac -0.456
[2018.12.02-22.25.54:888][367]LogBlueprintUserMessages: Late PlayInEditor Detection: Level '/Game/ThirdPersonBP/Maps/Isaac_levels/Isaac.Isaac:PersistentLevel' has LevelScriptBlueprint '/Game/ThirdPersonBP/Maps/Isaac_levels/Isaac.Isaac:PersistentLevel.Isaac' with GeneratedClass '/Game/ThirdPersonBP/Maps/Isaac_levels/Isaac.Isaac_C' with ClassGeneratedBy '/Game/ThirdPersonBP/Maps/Isaac_levels/Isaac.Isaac:PersistentLevel.Isaac'
[2018.12.02-22.25.55:193][399]LogBlueprintUserMessages: [AI_BadGuy_2] yeet
[2018.12.02-22.25.56:630][571]LogBlueprintUserMessages: [RapidMoveTo_C_0] RapidMoveTo
[2018.12.02-22.25.57:289][650]LogBlueprintUserMessages: Early EndPlayMap Detection: Level '/Game/ThirdPersonBP/Maps/Isaac_levels/Isaac.Isaac:PersistentLevel' has LevelScriptBlueprint '/Game/ThirdPersonBP/Maps/Isaac_levels/Isaac.Isaac:PersistentLevel.Isaac' with GeneratedClass '/Game/ThirdPersonBP/Maps/Isaac_levels/Isaac.Isaac_C' with ClassGeneratedBy '/Game/ThirdPersonBP/Maps/Isaac_levels/Isaac.Isaac:PersistentLevel.Isaac'
[2018.12.02-22.25.57:290][650]LogSlate: Updating window title bar state: overlay mode, drag disabled, window buttons hidden, title bar hidden
[2018.12.02-22.25.57:323][650]LogPlayLevel: Display: Shutting down PIE online subsystems
[2018.12.02-22.25.57:324][650]LogBlueprintUserMessages: Late EndPlayMap Detection: Level '/Game/ThirdPersonBP/Maps/Isaac_levels/Isaac.Isaac:PersistentLevel' has LevelScriptBlueprint '/Game/ThirdPersonBP/Maps/Isaac_levels/Isaac.Isaac:PersistentLevel.Isaac' with GeneratedClass '/Game/ThirdPersonBP/Maps/Isaac_levels/Isaac.Isaac_C' with ClassGeneratedBy '/Game/ThirdPersonBP/Maps/Isaac_levels/Isaac.Isaac:PersistentLevel.Isaac'
[2018.12.02-22.25.57:344][650]LogSlate: Updating window title bar state: overlay mode, drag disabled, window buttons hidden, title bar hidden
[2018.12.02-22.25.57:394][653]LogPlayLevel: Display: Destroying online subsystem :Context_3
[2018.12.02-22.25.58:774][818]LogSlate: FSceneViewport::OnFocusLost() reason 0
[2018.12.02-22.25.58:981][836]LogAIModule: Creating AISystem for world Level_3
[2018.12.02-22.25.59:011][836]LogAssetEditorManager: Opening Asset editor for World /Game/ThirdPersonBP/Maps/Isaac_levels/Level_3.Level_3
[2018.12.02-22.26.00:280][836]LogSlate: Window 'Save Content' being destroyed
[2018.12.02-22.26.00:495][836]LogSavePackage: Moving '../../../../../../Users/igarpendal/Documents/GitHub/GPG210-Prototypes/PlatformerPrototype/Saved/IsaacA6F61A86441FE29AB3B7AD8F9B669C2E.tmp' to '../../../../../../Users/igarpendal/Documents/GitHub/GPG210-Prototypes/PlatformerPrototype/Content/ThirdPersonBP/Maps/Isaac_levels/Isaac.umap'
[2018.12.02-22.26.00:545][836]LogFileHelpers: Saving map 'Isaac' took 0.258
[2018.12.02-22.26.00:546][836]Cmd: MAP LOAD FILE="../../../../../../Users/igarpendal/Documents/GitHub/GPG210-Prototypes/PlatformerPrototype/Content/ThirdPersonBP/Maps/Isaac_levels/Level_3.umap" TEMPLATE=0 SHOWPROGRESS=1 FEATURELEVEL=3
[2018.12.02-22.26.00:546][836]LightingResults: New page: Lighting Build
[2018.12.02-22.26.00:547][836]LoadErrors: New page: Loading map: Level_3.umap
[2018.12.02-22.26.00:547][836]MapCheck: New page: Map Check
[2018.12.02-22.26.00:547][836]LightingResults: New page: Lighting Build
[2018.12.02-22.26.00:607][836]LogEditorServer: Finished looking for orphan Actors (0.000 secs)
[2018.12.02-22.26.00:668][836]Cmd: MAP CHECKDEP NOCLEARLOG
[2018.12.02-22.26.00:731][836]MapCheck: Map check complete: 0 Error(s), 0 Warning(s), took 63.139ms to complete.
[2018.12.02-22.26.00:735][836]LogFileHelpers: Loading map 'Level_3' took 0.190
[2018.12.02-22.26.02:513][ 37]LogTemp: Repeating last play command: Selected Viewport
[2018.12.02-22.26.02:537][ 37]LogBlueprintUserMessages: Early PlayInEditor Detection: Level '/Game/ThirdPersonBP/Maps/Isaac_levels/Level_3.Level_3:PersistentLevel' has LevelScriptBlueprint '/Game/ThirdPersonBP/Maps/Isaac_levels/Level_3.Level_3:PersistentLevel.Level_3' with GeneratedClass '/Game/ThirdPersonBP/Maps/Isaac_levels/Level_3.Level_3_C' with ClassGeneratedBy '/Game/ThirdPersonBP/Maps/Isaac_levels/Level_3.Level_3:PersistentLevel.Level_3'
[2018.12.02-22.26.02:537][ 37]LogPlayLevel: PlayLevel: No blueprints needed recompiling
[2018.12.02-22.26.02:537][ 37]PIE: New page: PIE session: Level_3 (3 Dec 2018 8:26:02 pm)
[2018.12.02-22.26.02:537][ 37]LogPlayLevel: Creating play world package: /Game/ThirdPersonBP/Maps/Isaac_levels/UEDPIE_0_Level_3
[2018.12.02-22.26.02:568][ 37]LogPlayLevel: PIE: StaticDuplicateObject took: (0.030843s)
[2018.12.02-22.26.02:569][ 37]LogAIModule: Creating AISystem for world Level_3
[2018.12.02-22.26.02:569][ 37]LogPlayLevel: PIE: World Init took: (0.000937s)
[2018.12.02-22.26.02:569][ 37]LogPlayLevel: PIE: Created PIE world by copying editor world from /Game/ThirdPersonBP/Maps/Isaac_levels/Level_3.Level_3 to /Game/ThirdPersonBP/Maps/Isaac_levels/UEDPIE_0_Level_3.Level_3 (0.032007s)
[2018.12.02-22.26.02:598][ 37]LogInit: XAudio2 using 'Realtek Digital Output(Optical) (Realtek High Definition Audio)' : 2 channels at 48 kHz using 16 bits per sample (channel mask 0x3)
[2018.12.02-22.26.02:608][ 37]LogInit: FAudioDevice initialized.
[2018.12.02-22.26.02:637][ 37]LogLoad: Game class is 'ThirdPersonGameMode_C'
[2018.12.02-22.26.02:643][ 37]LogWorld: Bringing World /Game/ThirdPersonBP/Maps/Isaac_levels/UEDPIE_0_Level_3.Level_3 up for play (max tick rate 0) at 2018.12.03-09.26.02
[2018.12.02-22.26.02:645][ 37]LogWorld: Bringing up level for play took: 0.006481
[2018.12.02-22.26.02:658][ 37]LogBlueprintUserMessages: [AI_BadGuyCon_C_0] AI Controller
[2018.12.02-22.26.02:658][ 37]PIE: Play in editor start time for /Game/ThirdPersonBP/Maps/Isaac_levels/UEDPIE_0_Level_3 -0.685
[2018.12.02-22.26.02:658][ 37]LogBlueprintUserMessages: Late PlayInEditor Detection: Level '/Game/ThirdPersonBP/Maps/Isaac_levels/Level_3.Level_3:PersistentLevel' has LevelScriptBlueprint '/Game/ThirdPersonBP/Maps/Isaac_levels/Level_3.Level_3:PersistentLevel.Level_3' with GeneratedClass '/Game/ThirdPersonBP/Maps/Isaac_levels/Level_3.Level_3_C' with ClassGeneratedBy '/Game/ThirdPersonBP/Maps/Isaac_levels/Level_3.Level_3:PersistentLevel.Level_3'
[2018.12.02-22.26.02:660][ 37]LogBlueprintUserMessages: [AI_BadGuy2_2] yeet
[2018.12.02-22.27.41:055][817]LogBlueprintUserMessages: Early EndPlayMap Detection: Level '/Game/ThirdPersonBP/Maps/Isaac_levels/Level_3.Level_3:PersistentLevel' has LevelScriptBlueprint '/Game/ThirdPersonBP/Maps/Isaac_levels/Level_3.Level_3:PersistentLevel.Level_3' with GeneratedClass '/Game/ThirdPersonBP/Maps/Isaac_levels/Level_3.Level_3_C' with ClassGeneratedBy '/Game/ThirdPersonBP/Maps/Isaac_levels/Level_3.Level_3:PersistentLevel.Level_3'
[2018.12.02-22.27.41:055][817]LogSlate: Updating window title bar state: overlay mode, drag disabled, window buttons hidden, title bar hidden
[2018.12.02-22.27.41:088][817]LogPlayLevel: Display: Shutting down PIE online subsystems
[2018.12.02-22.27.41:089][817]LogBlueprintUserMessages: Late EndPlayMap Detection: Level '/Game/ThirdPersonBP/Maps/Isaac_levels/Level_3.Level_3:PersistentLevel' has LevelScriptBlueprint '/Game/ThirdPersonBP/Maps/Isaac_levels/Level_3.Level_3:PersistentLevel.Level_3' with GeneratedClass '/Game/ThirdPersonBP/Maps/Isaac_levels/Level_3.Level_3_C' with ClassGeneratedBy '/Game/ThirdPersonBP/Maps/Isaac_levels/Level_3.Level_3:PersistentLevel.Level_3'
[2018.12.02-22.27.41:112][817]LogSlate: Updating window title bar state: overlay mode, drag disabled, window buttons hidden, title bar hidden
[2018.12.02-22.27.41:175][819]LogPlayLevel: Display: Destroying online subsystem :Context_4
[2018.12.02-22.27.42:509][979]LogSlate: FSceneViewport::OnFocusLost() reason 0
[2018.12.02-22.27.50:247][899]LogLinker: Warning: Can't find file '/Game/ThirdPersonBP/Maps/Thomas_List_Levels/New_Level_2_BuiltData'
[2018.12.02-22.27.50:247][899]LogLinker: Warning: Can't find file for asset '/Game/ThirdPersonBP/Maps/Thomas_List_Levels/New_Level_2_BuiltData' while loading ../../../../../../Users/igarpendal/Documents/GitHub/GPG210-Prototypes/PlatformerPrototype/Content/ThirdPersonBP/Maps/Thomas_List_Levels/New_Level_2.umap.
[2018.12.02-22.27.50:247][899]LoadErrors: Error: /Game/ThirdPersonBP/Maps/Thomas_List_Levels/New_Level_2 : Can't find file for asset. /Game/ThirdPersonBP/Maps/Thomas_List_Levels/New_Level_2_BuiltData
[2018.12.02-22.27.50:538][899]LogLinker: Warning: Can't find file '/Game/ThirdPersonBP/Maps/Thomas_List_Levels/New_Level_2_BuiltData'
[2018.12.02-22.27.50:538][899]LogLinker: Warning: Can't find file for asset '/Game/ThirdPersonBP/Maps/Thomas_List_Levels/New_Level_2_BuiltData' while loading ../../../../../../Users/igarpendal/Documents/GitHub/GPG210-Prototypes/PlatformerPrototype/Content/ThirdPersonBP/Maps/Thomas_List_Levels/New_Level_2.umap.
[2018.12.02-22.27.50:579][899]LogLinker: Warning: Can't find file '/Game/ThirdPersonBP/Maps/Thomas_List_Levels/New_Level_2_BuiltData'
[2018.12.02-22.27.50:579][899]LoadErrors: Failed to load /Game/ThirdPersonBP/Maps/Thomas_List_Levels/New_Level_2_BuiltData.New_Level_2_BuiltData Referenced by PersistentLevel
[2018.12.02-22.27.50:580][899]LogLinker: Warning: Can't find file for asset '/Game/ThirdPersonBP/Maps/Thomas_List_Levels/New_Level_2_BuiltData' while loading NULL.
[2018.12.02-22.27.50:635][899]LogTexture: Display: Building textures: T_Exo_Cart_D (AutoDXT, 512X512)
[2018.12.02-22.27.50:635][899]LogTexture: Display: Building textures: T_Exo_Cart_N (AutoDXT, 512X512)
[2018.12.02-22.27.50:635][899]LogTexture: Display: Building textures: T_Env_Ice_Deco2_Flag_D (AutoDXT, 1024X1024)
[2018.12.02-22.27.50:636][899]LogAudioDerivedData: Display: Building compressed audio format OGG hash OGG wave bensound-dance...
[2018.12.02-22.27.50:750][899]LogTexture: Display: Building textures: T_BranchTrunk_D (AutoDXT, 2048X2048)
[2018.12.02-22.27.50:750][899]LogTemp: Couldn't find amount to resample to.
[2018.12.02-22.27.54:970][899]LogTexture: Display: Building textures: T_Plains_Man_Statue_N (BC5, 2048X2048)
[2018.12.02-22.27.54:970][899]LogTexture: Display: Building textures: T_Plains_Man_Statue_D (AutoDXT, 2048X2048)
[2018.12.02-22.27.54:970][899]LogTexture: Display: Building textures: T_Env_Breakables_BreakablesSnow_M (AutoDXT, 1024X1024)
[2018.12.02-22.27.54:970][899]LogTexture: Display: Building textures: T_Dirt_N (BC5, 1024X1024)
[2018.12.02-22.27.54:970][899]LogTexture: Display: Building textures: T_TreeBase1_N (BC5, 512X512)
[2018.12.02-22.27.54:970][899]LogTexture: Display: Building textures: T_TreeBase1_D (AutoDXT, 512X512)
[2018.12.02-22.27.54:970][899]LogTexture: Display: Building textures: T_Env_Breakables_Breakables_R (AutoDXT, 1024X1024)
[2018.12.02-22.27.54:970][899]LogTexture: Display: Building textures: T_Env_Breakables_Breakables_D (AutoDXT, 1024X1024)
[2018.12.02-22.27.54:970][899]LogTexture: Display: Building textures: T_Env_Breakables_Breakables_N (AutoDXT, 1024X1024)
[2018.12.02-22.27.54:970][899]LogTexture: Display: Building textures: T_Plains_Fern01_N (AutoDXT, 2048X2048)
[2018.12.02-22.27.54:970][899]LogTexture: Display: Building textures: T_Plains_Fern01_D (AutoDXT, 2048X2048)
[2018.12.02-22.27.54:970][899]LogTexture: Display: Building textures: T_Plains_Cliff001 (BC5, 1024X1024)
[2018.12.02-22.27.54:970][899]LogTexture: Display: Building textures: T_Plains_Ground01_N (BC5, 1024X1024)
[2018.12.02-22.27.54:970][899]LogTexture: Display: Building textures: T_Plains_Ground01_D (AutoDXT, 1024X1024)
[2018.12.02-22.27.54:970][899]LogTexture: Display: Building textures: T_Exo_Hay_M (AutoDXT, 256X256)
[2018.12.02-22.27.54:970][899]LogTexture: Display: Building textures: T_Exo_Hay_N (AutoDXT, 256X256)
[2018.12.02-22.27.54:970][899]LogTexture: Display: Building textures: T_Exo_Hay_D (AutoDXT, 256X256)
[2018.12.02-22.27.54:970][899]LogTexture: Display: Building textures: T_Plains_Ruins_Cage_N (BC5, 2048X2048)
[2018.12.02-22.28.00:051][899]LogTexture: Display: Building textures: T_Plains_Ruins_Cage_D (AutoDXT, 2048X2048)
[2018.12.02-22.28.00:051][899]LogTexture: Display: Building textures: T_Plains_Cliff01 (AutoDXT, 1024X1024)
[2018.12.02-22.28.00:051][899]LogTexture: Display: Building textures: T_Pew_N (BC5, 1024X1024)
[2018.12.02-22.28.00:051][899]LogTexture: Display: Building textures: T_Pew_D (AutoDXT, 1024X1024)
[2018.12.02-22.28.00:051][899]LogTexture: Display: Building textures: T_Plains_Angel_Statue_N (BC5, 2048X2048)
[2018.12.02-22.28.00:051][899]LogTexture: Display: Building textures: T_Plains_Angel_Statue_D (AutoDXT, 2048X2048)
[2018.12.02-22.28.00:051][899]LogTexture: Display: Building textures: T_Decos_BSP_Stucco03_D (AutoDXT, 1024X1024)
[2018.12.02-22.28.00:051][899]LogTexture: Display: Building textures: T_HardWood_Floor_D_NRM (BC5, 2048X2048)
[2018.12.02-22.28.00:055][899]LogMaterial: Display: Missing cached shader map for material M_Plains_Man_Statue, compiling. 
[2018.12.02-22.28.00:079][899]LogMaterial: Display: Missing cached shader map for material M_Exo_Cart, compiling. 
[2018.12.02-22.28.00:100][899]LogShaderCompilers: Display: Shaders left to compile 31
[2018.12.02-22.28.00:100][899]LogShaderCompilers: Display: Shaders left to compile 21
[2018.12.02-22.28.00:100][899]LogShaderCompilers: Display: Shaders left to compile 11
[2018.12.02-22.28.00:100][899]LogShaderCompilers: Display: Shaders left to compile 1
[2018.12.02-22.28.00:100][899]LogSkeletalMesh: Building Skeletal Mesh SK_Env_Ice_Deco2_BlowingFlag3...
[2018.12.02-22.28.00:101][899]LogSkeletalMesh: Built Skeletal Mesh [0.00s] /Game/InfinityBladeGrassLands/Environments/Earth/EX_EnvAssets/Meshes/SK_Env_Ice_Deco2_BlowingFlag3.SK_Env_Ice_Deco2_BlowingFlag3
[2018.12.02-22.28.00:103][899]LogMaterial: Display: Missing cached shader map for material M_LeavesPile, compiling. 
[2018.12.02-22.28.00:137][899]LogStaticMesh: Building static mesh SM_LeavePiles_01...
[2018.12.02-22.28.00:143][899]LogStaticMesh: Built static mesh [0.01s] /Game/InfinityBladeGrassLands/Environments/Earth/StaticMesh/SM_LeavePiles_01.SM_LeavePiles_01
[2018.12.02-22.28.00:146][899]LogMaterial: Display: Missing cached shader map for material Stone, compiling. 
[2018.12.02-22.28.00:220][899]LogStaticMesh: Building static mesh SM_Env_Breakables_GroupLg...
[2018.12.02-22.28.00:271][899]LogTexture: Display: Building textures: T_HardWood_Floor_D (AutoDXT, 2048X2048)
[2018.12.02-22.28.00:271][899]LogStaticMesh: Built static mesh [0.05s] /Game/InfinityBladeGrassLands/Environments/Breakables/StaticMesh/Objects/SM_Env_Breakables_GroupLg.SM_Env_Breakables_GroupLg
[2018.12.02-22.28.00:295][899]LogStaticMesh: Building static mesh SM_Exo_Archway_1...
[2018.12.02-22.28.00:401][899]LogStaticMesh: Built static mesh [0.11s] /Game/InfinityBladeGrassLands/Environments/Misc/Exo_Deco02/StaticMesh/SM_Exo_Archway_1.SM_Exo_Archway_1
[2018.12.02-22.28.00:403][899]LogStaticMesh: Building static mesh SM_Exo_Bridge_Tile_BROKEN_C...
[2018.12.02-22.28.00:404][899]LogStaticMesh: Built static mesh [0.00s] /Game/InfinityBladeGrassLands/Environments/Misc/Exo_Deco02/StaticMesh/SM_Exo_Bridge_Tile_BROKEN_C.SM_Exo_Bridge_Tile_BROKEN_C
[2018.12.02-22.28.00:408][899]LogStaticMesh: Building static mesh SM_Exo_Bridge_Tile_BROKEN_D...
[2018.12.02-22.28.00:427][899]LogTexture: Display: Building textures: T_Villa_Pillar_1_D (AutoDXT, 2048X2048)
[2018.12.02-22.28.00:427][899]LogStaticMesh: Built static mesh [0.02s] /Game/InfinityBladeGrassLands/Environments/Misc/Exo_Deco02/StaticMesh/SM_Exo_Bridge_Tile_BROKEN_D.SM_Exo_Bridge_Tile_BROKEN_D
[2018.12.02-22.28.00:430][899]LogStaticMesh: Building static mesh SM_Exo_Bridge_Tile_Floor...
[2018.12.02-22.28.00:431][899]LogStaticMesh: Built static mesh [0.00s] /Game/InfinityBladeGrassLands/Environments/Misc/Exo_Deco02/StaticMesh/SM_Exo_Bridge_Tile_Floor.SM_Exo_Bridge_Tile_Floor
[2018.12.02-22.28.00:432][899]LogStaticMesh: Building static mesh SM_Exo_Bridge_Tile_Floor_A...
[2018.12.02-22.28.00:432][899]LogStaticMesh: Built static mesh [0.00s] /Game/InfinityBladeGrassLands/Environments/Misc/Exo_Deco02/StaticMesh/SM_Exo_Bridge_Tile_Floor_A.SM_Exo_Bridge_Tile_Floor_A
[2018.12.02-22.28.00:476][899]LogStaticMesh: Building static mesh SM_Exo_Cart_Intact...
[2018.12.02-22.28.00:589][899]LogStaticMesh: Built static mesh [0.11s] /Game/InfinityBladeGrassLands/Environments/Misc/Exo_Deco01/StaticMesh/SM_Exo_Cart_Intact.SM_Exo_Cart_Intact
[2018.12.02-22.28.00:605][899]LogStaticMesh: Building static mesh SM_Exo_CobWeb03...
[2018.12.02-22.28.00:609][899]LogStaticMesh: Built static mesh [0.00s] /Game/InfinityBladeGrassLands/Environments/Misc/Exo_Deco02/StaticMesh/SM_Exo_CobWeb03.SM_Exo_CobWeb03
[2018.12.02-22.28.00:610][899]LogStaticMesh: Building static mesh SM_Exo_CobWeb05...
[2018.12.02-22.28.00:610][899]LogStaticMesh: Built static mesh [0.00s] /Game/InfinityBladeGrassLands/Environments/Misc/Exo_Deco02/StaticMesh/SM_Exo_CobWeb05.SM_Exo_CobWeb05
[2018.12.02-22.28.00:612][899]LogStaticMesh: Building static mesh SM_Exo_Crate_Open_Intact...
[2018.12.02-22.28.00:656][899]LogStaticMesh: Built static mesh [0.04s] /Game/InfinityBladeGrassLands/Environments/Misc/Exo_Deco01/StaticMesh/SM_Exo_Crate_Open_Intact.SM_Exo_Crate_Open_Intact
[2018.12.02-22.28.00:661][899]LogTexture: Display: Building textures: T_Villa_Pillar_1_D_NRM (BC5, 2048X2048)
[2018.12.02-22.28.00:661][899]LogStaticMesh: Building static mesh SM_Exo_Decos_Door02...
[2018.12.02-22.28.00:728][899]LogStaticMesh: Built static mesh [0.07s] /Game/InfinityBladeGrassLands/Environments/Misc/Exo_Deco02/StaticMesh/SM_Exo_Decos_Door02.SM_Exo_Decos_Door02
[2018.12.02-22.28.00:752][899]LogStaticMesh: Building static mesh SM_Exo_Decos_Set01_Cover01...
[2018.12.02-22.28.00:758][899]LogStaticMesh: Built static mesh [0.01s] /Game/InfinityBladeGrassLands/Environments/Misc/Exo_Deco02/StaticMesh/SM_Exo_Decos_Set01_Cover01.SM_Exo_Decos_Set01_Cover01
[2018.12.02-22.28.00:762][899]LogStaticMesh: Building static mesh SM_Exo_destroyed_floor_wood...
[2018.12.02-22.28.00:770][899]LogStaticMesh: Built static mesh [0.01s] /Game/InfinityBladeGrassLands/Environments/Misc/Exo_Deco02/StaticMesh/SM_Exo_destroyed_floor_wood.SM_Exo_destroyed_floor_wood
[2018.12.02-22.28.00:796][899]LogStaticMesh: Building static mesh SM_Exo_destroyed_floormissing...
[2018.12.02-22.28.00:800][899]LogStaticMesh: Built static mesh [0.00s] /Game/InfinityBladeGrassLands/Environments/Misc/Exo_Deco02/StaticMesh/SM_Exo_destroyed_floormissing.SM_Exo_destroyed_floormissing
[2018.12.02-22.28.00:804][899]LogStaticMesh: Building static mesh SM_Exo_destroyed_floormissing_A...
[2018.12.02-22.28.00:808][899]LogStaticMesh: Built static mesh [0.00s] /Game/InfinityBladeGrassLands/Environments/Misc/Exo_Deco02/StaticMesh/SM_Exo_destroyed_floormissing_A.SM_Exo_destroyed_floormissing_A
[2018.12.02-22.28.00:823][899]LogStaticMesh: Building static mesh SM_Exo_Hay...
[2018.12.02-22.28.00:926][899]LogStaticMesh: Built static mesh [0.10s] /Game/InfinityBladeGrassLands/Environments/Misc/Exo_Deco01/StaticMesh/SM_Exo_Hay.SM_Exo_Hay
[2018.12.02-22.28.00:945][899]LogStaticMesh: Building static mesh SM_Exo_Pew...
[2018.12.02-22.28.00:990][899]LogStaticMesh: Built static mesh [0.04s] /Game/InfinityBladeGrassLands/Environments/Misc/Exo_Deco02/StaticMesh/SM_Exo_Pew.SM_Exo_Pew
[2018.12.02-22.28.00:993][899]LogStaticMesh: Building static mesh SM_Exo_Pillar_2...
[2018.12.02-22.28.01:004][899]LogStaticMesh: Built static mesh [0.01s] /Game/InfinityBladeGrassLands/Environments/Misc/Exo_Deco02/StaticMesh/SM_Exo_Pillar_2.SM_Exo_Pillar_2
[2018.12.02-22.28.01:006][899]LogStaticMesh: Building static mesh SM_Exo_ShantyBeams_Wall_01...
[2018.12.02-22.28.01:017][899]LogStaticMesh: Built static mesh [0.01s] /Game/InfinityBladeGrassLands/Environments/Misc/Exo_Deco02/StaticMesh/SM_Exo_ShantyBeams_Wall_01.SM_Exo_ShantyBeams_Wall_01
[2018.12.02-22.28.01:019][899]LogStaticMesh: Building static mesh SM_Exo_Stone01_Group...
[2018.12.02-22.28.01:024][899]LogStaticMesh: Built static mesh [0.00s] /Game/InfinityBladeGrassLands/Environments/Misc/Exo_Deco02/StaticMesh/SM_Exo_Stone01_Group.SM_Exo_Stone01_Group
[2018.12.02-22.28.01:026][899]LogStaticMesh: Building static mesh SM_Exo_WoodPlanks01...
[2018.12.02-22.28.01:028][899]LogStaticMesh: Built static mesh [0.00s] /Game/InfinityBladeGrassLands/Environments/Misc/Exo_Deco02/StaticMesh/SM_Exo_WoodPlanks01.SM_Exo_WoodPlanks01
[2018.12.02-22.28.01:029][899]LogStaticMesh: Building static mesh SM_LeavePiles_02...
[2018.12.02-22.28.01:029][899]LogStaticMesh: Built static mesh [0.00s] /Game/InfinityBladeGrassLands/Environments/Earth/StaticMesh/SM_LeavePiles_02.SM_LeavePiles_02
[2018.12.02-22.28.01:041][899]LogStaticMesh: Building static mesh SM_Plains_Angel_Statue_01...
[2018.12.02-22.28.01:082][899]LogStaticMesh: Built static mesh [0.04s] /Game/InfinityBladeGrassLands/Environments/Plains/Env_Plains_Statues/StaticMesh/SM_Plains_Angel_Statue_01.SM_Plains_Angel_Statue_01
[2018.12.02-22.28.01:105][899]LogStaticMesh: Building static mesh SM_Plains_Castle_Cage_01...
[2018.12.02-22.28.01:455][899]LogTexture: Display: Building textures: T_Decos_BSP_Stucco02_N (BC5, 1024X1024)
[2018.12.02-22.28.01:455][899]LogStaticMesh: Built static mesh [0.35s] /Game/InfinityBladeGrassLands/Environments/Plains/Env_Plains_Ruins/StaticMesh/SM_Plains_Castle_Cage_01.SM_Plains_Castle_Cage_01
[2018.12.02-22.28.01:463][899]LogStaticMesh: Building static mesh SM_Plains_Fern01...
[2018.12.02-22.28.01:472][899]LogStaticMesh: Built static mesh [0.01s] /Game/InfinityBladeGrassLands/Environments/Plains/Env_Plains_Flora/StaticMesh/SM_Plains_Fern01.SM_Plains_Fern01
[2018.12.02-22.28.01:476][899]LogStaticMesh: Building static mesh SM_Plains_Fern03...
[2018.12.02-22.28.01:482][899]LogStaticMesh: Built static mesh [0.01s] /Game/InfinityBladeGrassLands/Environments/Plains/Env_Plains_Flora/StaticMesh/SM_Plains_Fern03.SM_Plains_Fern03
[2018.12.02-22.28.01:485][899]LogStaticMesh: Building static mesh SM_Plains_Fern04...
[2018.12.02-22.28.01:539][899]LogStaticMesh: Built static mesh [0.05s] /Game/InfinityBladeGrassLands/Environments/Plains/Env_Plains_Flora/StaticMesh/SM_Plains_Fern04.SM_Plains_Fern04
[2018.12.02-22.28.01:541][899]LogStaticMesh: Building static mesh SM_Plains_LargeRock_SpireLOD4...
[2018.12.02-22.28.01:546][899]LogStaticMesh: Built static mesh [0.01s] /Game/InfinityBladeGrassLands/Environments/Plains/Env_Plains_Organic/StaticMesh/SM_Plains_LargeRock_SpireLOD4.SM_Plains_LargeRock_SpireLOD4
[2018.12.02-22.28.01:547][899]LogStaticMesh: Building static mesh SM_Plains_LargeRock_SpireLOD5...
[2018.12.02-22.28.01:550][899]LogStaticMesh: Built static mesh [0.00s] /Game/InfinityBladeGrassLands/Environments/Plains/Env_Plains_Organic/StaticMesh/SM_Plains_LargeRock_SpireLOD5.SM_Plains_LargeRock_SpireLOD5
[2018.12.02-22.28.01:584][899]LogStaticMesh: Building static mesh SM_Plains_Man_Statue_01_torch...
[2018.12.02-22.28.01:730][899]LogTexture: Display: Building textures: T_Decos_BSP_Stucco02_D (AutoDXT, 1024X1024)
[2018.12.02-22.28.01:730][899]LogTexture: Display: Building textures: T_Cobweb03_D (AutoDXT, 1024X1024)
[2018.12.02-22.28.01:730][899]LogStaticMesh: Built static mesh [0.15s] /Game/InfinityBladeGrassLands/Environments/Plains/Env_Plains_Statues/StaticMesh/SM_Plains_Man_Statue_01_torch.SM_Plains_Man_Statue_01_torch
[2018.12.02-22.28.01:738][899]LogStaticMesh: Building static mesh SM_Plains_Tree01...
[2018.12.02-22.28.01:831][899]LogStaticMesh: Built static mesh [0.09s] /Game/InfinityBladeGrassLands/Environments/Plains/Env_Plains_Flora/StaticMesh/SM_Plains_Tree01.SM_Plains_Tree01
[2018.12.02-22.28.01:841][899]LogStaticMesh: Building static mesh SM_Plains_Tree_Branch01...
[2018.12.02-22.28.01:866][899]LogStaticMesh: Built static mesh [0.03s] /Game/InfinityBladeGrassLands/Environments/Plains/Env_Plains_Flora/StaticMesh/SM_Plains_Tree_Branch01.SM_Plains_Tree_Branch01
[2018.12.02-22.28.01:895][899]LogTexture: Display: Building textures: T_Tile_Floor_Broken_D (AutoDXT, 1024X1024)
[2018.12.02-22.28.01:895][899]LogStaticMesh: Building static mesh SM_Rootcluster_A...
[2018.12.02-22.28.01:938][899]LogStaticMesh: Built static mesh [0.04s] /Game/InfinityBladeGrassLands/Environments/Earth/StaticMesh/SM_Rootcluster_A.SM_Rootcluster_A
[2018.12.02-22.28.01:944][899]LogStaticMesh: Building static mesh SM_WoodenBarrel_Intact...
[2018.12.02-22.28.01:963][899]LogStaticMesh: Built static mesh [0.02s] /Game/InfinityBladeGrassLands/Environments/Misc/Exo_Deco01/StaticMesh/SM_WoodenBarrel_Intact.SM_WoodenBarrel_Intact
[2018.12.02-22.28.01:966][899]LogMaterial: Display: Missing cached shader map for material M_Exo_Hay, compiling. 
[2018.12.02-22.28.02:060][899]LogMaterial: Display: Missing cached shader map for material M_TreeBark, compiling. 
[2018.12.02-22.28.02:081][899]LogAudioDerivedData: Display: Building compressed audio format OGG hash OGG wave RETRO_Jump_Up_Bounce_Long_03...
[2018.12.02-22.28.02:081][899]LogTemp: Couldn't find amount to resample to.
[2018.12.02-22.28.02:128][899]LogMaterial: Display: Missing cached shader map for material M_Breakables_Barrels, compiling. 
[2018.12.02-22.28.02:166][899]LogMaterial: Display: Missing cached shader map for material M_PLains_Fern01, compiling. 
[2018.12.02-22.28.02:197][899]LogMaterial: Display: Missing cached shader map for material M_Plains_Cliff1, compiling. 
[2018.12.02-22.28.02:216][899]LogAudioDerivedData: Display: Building compressed audio format OGG hash OGG wave BONG_Bell_Timer_Hit_Deep_01...
[2018.12.02-22.28.02:216][899]LogTemp: Couldn't find amount to resample to.
[2018.12.02-22.28.03:932][899]LogMaterial: Display: Missing cached shader map for material M_Plains_Cage, compiling. 
[2018.12.02-22.28.06:547][899]LogTexture: Display: Building textures: T_Tile_Floor_Broken_D_NRM (BC5, 1024X1024)
[2018.12.02-22.28.06:547][899]LogTexture: Display: Building textures: T_Exo_Crate_Open_D (AutoDXT, 256X256)
[2018.12.02-22.28.06:547][899]LogTexture: Display: Building textures: T_Exo_Crate_Open_N (AutoDXT, 256X256)
[2018.12.02-22.28.06:547][899]LogTexture: Display: Building textures: T_Plains_Tree01_N (BC5, 2048X2048)
[2018.12.02-22.28.06:547][899]LogTexture: Display: Building textures: T_Decos_Door_N (BC5, 1024X1024)
[2018.12.02-22.28.06:547][899]LogTexture: Display: Building textures: T_Plains_Tree01_D (AutoDXT, 2048X2048)
[2018.12.02-22.28.06:547][899]LogTexture: Display: Building textures: T_Decos_Door_M (AutoDXT, 1024X1024)
[2018.12.02-22.28.06:547][899]LogTexture: Display: Building textures: T_Decos_Door_D (AutoDXT, 1024X1024)
[2018.12.02-22.28.06:547][899]LogTexture: Display: Building textures: T_WoodenBarrel_01_D (AutoDXT, 512X512)
[2018.12.02-22.28.06:547][899]LogTexture: Display: Building textures: T_WoodenBarrel_01_N (BC5, 512X512)
[2018.12.02-22.28.06:552][899]LogMaterial: Display: Missing cached shader map for material M_Plains_Angel_Statue, compiling. 
[2018.12.02-22.28.08:416][899]LogShaderCompilers: Display: Shaders left to compile 377
[2018.12.02-22.28.08:416][899]LogShaderCompilers: Display: Shaders left to compile 367
[2018.12.02-22.28.08:416][899]LogMaterial: Display: Missing cached shader map for material M_HardWood_Floor, compiling. 
[2018.12.02-22.28.08:458][899]LogMaterial: Display: Missing cached shader map for material M_Pew, compiling. 
[2018.12.02-22.28.09:535][899]LogShaderCompilers: Display: Shaders left to compile 419
[2018.12.02-22.28.09:535][899]LogMaterial: Display: Missing cached shader map for material M_Villa_Pillar_1, compiling. 
[2018.12.02-22.28.09:564][899]LogMaterial: Display: Missing cached shader map for material M_Decos_BSP_Stucco03, compiling. 
[2018.12.02-22.28.09:586][899]LogMaterial: Display: Missing cached shader map for material M_Decos_BSP_Stucco02, compiling. 
[2018.12.02-22.28.09:608][899]LogMaterial: Display: Missing cached shader map for material M_Exo_CobWeb01_NoMove, compiling. 
[2018.12.02-22.28.09:638][899]LogMaterial: Display: Missing cached shader map for material M_Tile_Floor_Broken_Tex_A, compiling. 
[2018.12.02-22.28.09:676][899]LogMaterial: Display: Missing cached shader map for material M_Plains_GroundBrick, compiling. 
[2018.12.02-22.28.09:697][899]LogMaterial: Display: Missing cached shader map for material M_Exo_Crate_Open, compiling. 
[2018.12.02-22.28.09:720][899]LogMaterial: Display: Missing cached shader map for material M_Env_Ice_Deco2_Flags, compiling. 
[2018.12.02-22.28.09:873][899]LogSkeletalMesh: Building Skeletal Mesh SK_Env_Ice_Deco2_BlowingFlag...
[2018.12.02-22.28.09:873][899]LogSkeletalMesh: Built Skeletal Mesh [0.00s] /Game/InfinityBladeGrassLands/Environments/Earth/EX_EnvAssets/Meshes/SK_Env_Ice_Deco2_BlowingFlag.SK_Env_Ice_Deco2_BlowingFlag
[2018.12.02-22.28.09:876][899]LogMaterial: Display: Missing cached shader map for material M_Plains_Tree_Stump01, compiling. 
[2018.12.02-22.28.09:899][899]LogMaterial: Display: Missing cached shader map for material M_Decos_Door, compiling. 
[2018.12.02-22.28.09:920][899]LogShaderCompilers: Display: Shaders left to compile 841
[2018.12.02-22.28.09:920][899]LogMaterial: Display: Missing cached shader map for material M_WoodenBarrel_01, compiling. 
[2018.12.02-22.28.09:943][899]LogAIModule: Creating AISystem for world New_Level_2
[2018.12.02-22.28.09:982][899]LogAssetEditorManager: Opening Asset editor for World /Game/ThirdPersonBP/Maps/Thomas_List_Levels/New_Level_2.New_Level_2
[2018.12.02-22.28.10:014][899]LightingResults: New page: Lighting Build
[2018.12.02-22.28.10:015][899]LoadErrors: New page: Loading map: New_Level_2.umap
[2018.12.02-22.28.10:017][899]MapCheck: New page: Map Check
[2018.12.02-22.28.10:017][899]LightingResults: New page: Lighting Build
[2018.12.02-22.28.10:087][899]LogEditorServer: Finished looking for orphan Actors (0.000 secs)
[2018.12.02-22.28.10:162][899]Cmd: MAP CHECKDEP NOCLEARLOG
[2018.12.02-22.28.10:280][899]MapCheck: Map check complete: 0 Error(s), 0 Warning(s), took 117.107ms to complete.
[2018.12.02-22.28.10:282][899]LogFileHelpers: Loading map 'New_Level_2' took 0.269
[2018.12.02-22.28.11:182][977]LogShaderCompilers: Display: Shaders left to compile 862
[2018.12.02-22.28.11:484][ 12]LogShaderCompilers: Display: Shaders left to compile 852
[2018.12.02-22.28.12:023][ 76]LogShaderCompilers: Display: Shaders left to compile 842
[2018.12.02-22.28.12:372][118]LogShaderCompilers: Display: Shaders left to compile 832
[2018.12.02-22.28.14:563][379]LogShaderCompilers: Display: Shaders left to compile 822
[2018.12.02-22.28.14:588][382]LogShaderCompilers: Display: Shaders left to compile 812
[2018.12.02-22.28.15:131][447]LogShaderCompilers: Display: Shaders left to compile 802
[2018.12.02-22.28.15:455][486]LogShaderCompilers: Display: Shaders left to compile 792
[2018.12.02-22.28.16:840][650]LogShaderCompilers: Display: Shaders left to compile 782
[2018.12.02-22.28.16:847][651]LogShaderCompilers: Display: Shaders left to compile 772
[2018.12.02-22.28.16:890][656]LogShaderCompilers: Display: Shaders left to compile 762
[2018.12.02-22.28.17:439][719]LogShaderCompilers: Display: Shaders left to compile 752
[2018.12.02-22.28.18:533][831]LogShaderCompilers: Display: Shaders left to compile 742
[2018.12.02-22.28.18:684][848]LogShaderCompilers: Display: Shaders left to compile 732
[2018.12.02-22.28.19:685][961]LogShaderCompilers: Display: Shaders left to compile 722
[2018.12.02-22.28.20:288][ 30]LogShaderCompilers: Display: Shaders left to compile 712
[2018.12.02-22.28.20:493][ 53]LogShaderCompilers: Display: Shaders left to compile 702
[2018.12.02-22.28.21:232][129]LogShaderCompilers: Display: Shaders left to compile 692
[2018.12.02-22.28.22:117][227]LogShaderCompilers: Display: Shaders left to compile 682
[2018.12.02-22.28.22:423][250]LogShaderCompilers: Display: Shaders left to compile 672
[2018.12.02-22.28.22:844][286]LogShaderCompilers: Display: Shaders left to compile 662
[2018.12.02-22.28.24:001][425]LogShaderCompilers: Display: Shaders left to compile 652
[2018.12.02-22.28.24:130][439]LogShaderCompilers: Display: Shaders left to compile 642
[2018.12.02-22.28.24:190][446]LogShaderCompilers: Display: Shaders left to compile 632
[2018.12.02-22.28.24:714][509]LogShaderCompilers: Display: Shaders left to compile 622
[2018.12.02-22.28.25:690][626]LogShaderCompilers: Display: Shaders left to compile 612
[2018.12.02-22.28.26:767][755]LogShaderCompilers: Display: Shaders left to compile 602
[2018.12.02-22.28.27:125][795]LogShaderCompilers: Display: Shaders left to compile 592
[2018.12.02-22.28.27:152][797]LogShaderCompilers: Display: Shaders left to compile 582
[2018.12.02-22.28.27:996][895]LogShaderCompilers: Display: Shaders left to compile 572
[2018.12.02-22.28.29:017][ 17]LogShaderCompilers: Display: Shaders left to compile 562
[2018.12.02-22.28.29:326][ 54]LogShaderCompilers: Display: Shaders left to compile 552
[2018.12.02-22.28.29:591][ 86]LogShaderCompilers: Display: Shaders left to compile 542
[2018.12.02-22.28.29:829][112]LogSlate: FSceneViewport::OnFocusLost() reason 0
[2018.12.02-22.28.30:742][220]LogShaderCompilers: Display: Shaders left to compile 532
[2018.12.02-22.28.31:078][260]LogShaderCompilers: Display: Shaders left to compile 522
[2018.12.02-22.28.31:410][297]LogShaderCompilers: Display: Shaders left to compile 512
[2018.12.02-22.28.32:316][400]LogShaderCompilers: Display: Shaders left to compile 502
[2018.12.02-22.28.33:135][498]LogShaderCompilers: Display: Shaders left to compile 492
[2018.12.02-22.28.33:168][502]LogShaderCompilers: Display: Shaders left to compile 482
[2018.12.02-22.28.34:404][649]LogShaderCompilers: Display: Shaders left to compile 472
[2018.12.02-22.28.34:761][690]LogShaderCompilers: Display: Shaders left to compile 462
[2018.12.02-22.28.34:992][717]LogShaderCompilers: Display: Shaders left to compile 452
[2018.12.02-22.28.36:004][837]LogShaderCompilers: Display: Shaders left to compile 442
[2018.12.02-22.28.36:539][901]LogShaderCompilers: Display: Shaders left to compile 432
[2018.12.02-22.28.36:903][943]LogShaderCompilers: Display: Shaders left to compile 422
[2018.12.02-22.28.37:261][976]LogAIModule: Creating AISystem for world Level_3
[2018.12.02-22.28.37:301][976]LogAssetEditorManager: Opening Asset editor for World /Game/ThirdPersonBP/Maps/Isaac_levels/Level_3.Level_3
[2018.12.02-22.28.37:325][976]Cmd: MAP LOAD FILE="../../../../../../Users/igarpendal/Documents/GitHub/GPG210-Prototypes/PlatformerPrototype/Content/ThirdPersonBP/Maps/Isaac_levels/Level_3.umap" TEMPLATE=0 SHOWPROGRESS=1 FEATURELEVEL=3
[2018.12.02-22.28.37:325][976]LightingResults: New page: Lighting Build
[2018.12.02-22.28.37:326][976]LoadErrors: New page: Loading map: Level_3.umap
[2018.12.02-22.28.37:328][976]MapCheck: New page: Map Check
[2018.12.02-22.28.37:329][976]LightingResults: New page: Lighting Build
[2018.12.02-22.28.37:410][976]LogEditorServer: Finished looking for orphan Actors (0.000 secs)
[2018.12.02-22.28.37:501][976]Cmd: MAP CHECKDEP NOCLEARLOG
[2018.12.02-22.28.37:618][976]MapCheck: Map check complete: 0 Error(s), 0 Warning(s), took 117.34ms to complete.
[2018.12.02-22.28.37:621][976]LogFileHelpers: Loading map 'Level_3' took 0.296
[2018.12.02-22.28.37:713][977]LogShaderCompilers: Display: Shaders left to compile 412
[2018.12.02-22.28.38:286][ 29]LogShaderCompilers: Display: Shaders left to compile 402
[2018.12.02-22.28.38:724][ 81]LogShaderCompilers: Display: Shaders left to compile 392
[2018.12.02-22.28.39:961][222]LogShaderCompilers: Display: Shaders left to compile 382
[2018.12.02-22.28.39:996][225]LogShaderCompilers: Display: Shaders left to compile 372
[2018.12.02-22.28.40:657][280]LogShaderCompilers: Display: Shaders left to compile 362
[2018.12.02-22.28.41:797][398]LogShaderCompilers: Display: Shaders left to compile 352
[2018.12.02-22.28.41:825][400]LogShaderCompilers: Display: Shaders left to compile 342
[2018.12.02-22.28.42:813][510]LogShaderCompilers: Display: Shaders left to compile 332
[2018.12.02-22.28.44:376][682]LogShaderCompilers: Display: Shaders left to compile 322
[2018.12.02-22.28.45:161][774]LogShaderCompilers: Display: Shaders left to compile 312
[2018.12.02-22.28.45:226][782]LogShaderCompilers: Display: Shaders left to compile 302
[2018.12.02-22.28.45:528][818]LogShaderCompilers: Display: Shaders left to compile 292
[2018.12.02-22.28.46:559][935]LogShaderCompilers: Display: Shaders left to compile 282
[2018.12.02-22.28.47:365][ 21]LogShaderCompilers: Display: Shaders left to compile 272
[2018.12.02-22.28.47:739][ 61]LogShaderCompilers: Display: Shaders left to compile 262
[2018.12.02-22.28.48:046][ 98]LogShaderCompilers: Display: Shaders left to compile 252
[2018.12.02-22.28.49:208][235]LogShaderCompilers: Display: Shaders left to compile 242
[2018.12.02-22.28.49:627][285]LogShaderCompilers: Display: Shaders left to compile 232
[2018.12.02-22.28.49:684][292]LogShaderCompilers: Display: Shaders left to compile 222
[2018.12.02-22.28.50:778][406]LogShaderCompilers: Display: Shaders left to compile 212
[2018.12.02-22.28.51:342][473]LogShaderCompilers: Display: Shaders left to compile 202
[2018.12.02-22.28.51:489][490]LogShaderCompilers: Display: Shaders left to compile 192
[2018.12.02-22.28.51:627][505]LogShaderCompilers: Display: Shaders left to compile 182
[2018.12.02-22.28.52:448][604]LogSlate: FSceneViewport::OnFocusLost() reason 0
[2018.12.02-22.28.52:520][613]LogShaderCompilers: Display: Shaders left to compile 172
[2018.12.02-22.28.53:989][774]LogShaderCompilers: Display: Shaders left to compile 162
[2018.12.02-22.28.54:255][806]LogShaderCompilers: Display: Shaders left to compile 152
[2018.12.02-22.28.54:401][822]LogShaderCompilers: Display: Shaders left to compile 142
[2018.12.02-22.28.54:448][828]LogShaderCompilers: Display: Shaders left to compile 132
[2018.12.02-22.28.56:073][ 23]LogShaderCompilers: Display: Shaders left to compile 122
[2018.12.02-22.28.56:265][ 46]LogShaderCompilers: Display: Shaders left to compile 112
[2018.12.02-22.28.57:315][110]LogShaderCompilers: Display: Shaders left to compile 102
[2018.12.02-22.28.57:359][114]LogShaderCompilers: Display: Shaders left to compile 92
[2018.12.02-22.28.58:123][188]LogShaderCompilers: Display: Shaders left to compile 82
[2018.12.02-22.28.58:987][281]LogShaderCompilers: Display: Shaders left to compile 72
[2018.12.02-22.28.59:144][299]LogShaderCompilers: Display: Shaders left to compile 62
[2018.12.02-22.29.00:197][417]LogShaderCompilers: Display: Shaders left to compile 52
[2018.12.02-22.29.00:768][475]LogShaderCompilers: Display: Shaders left to compile 42
[2018.12.02-22.29.00:865][483]LogShaderCompilers: Display: Shaders left to compile 32
[2018.12.02-22.29.01:530][559]LogShaderCompilers: Display: Shaders left to compile 22
[2018.12.02-22.29.02:329][650]LogShaderCompilers: Display: Shaders left to compile 12
[2018.12.02-22.29.02:654][688]LogSlate: FSceneViewport::OnFocusLost() reason 0
[2018.12.02-22.29.03:201][751]LogShaderCompilers: Display: Shaders left to compile 2
[2018.12.02-22.29.11:439][614]LogEditorViewport: Clicking on Actor (context menu): StaticMeshActor (Cube11)
[2018.12.02-22.29.11:500][614]LogSlate: FSceneViewport::OnFocusLost() reason 2
[2018.12.02-22.29.11:502][614]LogWindows: Windows GetLastError: The operation completed successfully. (0)
[2018.12.02-22.29.12:273][614]LogWindows: Error: === Critical error: ===
[2018.12.02-22.29.12:273][614]LogWindows: Error: 
[2018.12.02-22.29.12:273][614]LogWindows: Error: Assertion failed: (Index >= 0) & (Index < ArrayNum) [File:D:\Build\++UE4\Sync\Engine\Source\Runtime\Core\Public\Containers/Array.h] [Line: 611] 
[2018.12.02-22.29.12:273][614]LogWindows: Error: Array index out of bounds: -1131961926 from an array of size 0
[2018.12.02-22.29.12:273][614]LogWindows: Error: 
[2018.12.02-22.29.12:273][614]LogWindows: Error: 
[2018.12.02-22.29.12:273][614]LogWindows: Error: [Callstack] 0x00007ffafa52a388 KERNELBASE.dll!UnknownFunction []
[2018.12.02-22.29.12:273][614]LogWindows: Error: [Callstack] 0x00007ffacffe6850 UE4Editor-ApplicationCore.dll!UnknownFunction []
[2018.12.02-22.29.12:273][614]LogWindows: Error: [Callstack] 0x00007ffac0a062fc UE4Editor-Core.dll!UnknownFunction []
[2018.12.02-22.29.12:273][614]LogWindows: Error: [Callstack] 0x00007ffac09951db UE4Editor-Core.dll!UnknownFunction []
[2018.12.02-22.29.12:273][614]LogWindows: Error: [Callstack] 0x00007ffacc5f4f72 UE4Editor-SlateCore.dll!UnknownFunction []
[2018.12.02-22.29.12:273][614]LogWindows: Error: [Callstack] 0x00007ffacc685de9 UE4Editor-SlateCore.dll!UnknownFunction []
[2018.12.02-22.29.12:273][614]LogWindows: Error: [Callstack] 0x00007ffac18be947 UE4Editor-Slate.dll!UnknownFunction []
[2018.12.02-22.29.12:273][614]LogWindows: Error: [Callstack] 0x00007ffac190a0ad UE4Editor-Slate.dll!UnknownFunction []
[2018.12.02-22.29.12:273][614]LogWindows: Error: [Callstack] 0x00007ffac1887162 UE4Editor-Slate.dll!UnknownFunction []
[2018.12.02-22.29.12:273][614]LogWindows: Error: [Callstack] 0x00007ffac190606c UE4Editor-Slate.dll!UnknownFunction []
[2018.12.02-22.29.12:273][614]LogWindows: Error: [Callstack] 0x00007ffac18f9846 UE4Editor-Slate.dll!UnknownFunction []
[2018.12.02-22.29.12:273][614]LogWindows: Error: [Callstack] 0x00007ffacffdce45 UE4Editor-ApplicationCore.dll!UnknownFunction []
[2018.12.02-22.29.12:273][614]LogWindows: Error: [Callstack] 0x00007ffacffd0270 UE4Editor-ApplicationCore.dll!UnknownFunction []
[2018.12.02-22.29.12:273][614]LogWindows: Error: [Callstack] 0x00007ffacffdf4c5 UE4Editor-ApplicationCore.dll!UnknownFunction []
[2018.12.02-22.29.12:273][614]LogWindows: Error: [Callstack] 0x00007ffacffcc209 UE4Editor-ApplicationCore.dll!UnknownFunction []
[2018.12.02-22.29.12:273][614]LogWindows: Error: [Callstack] 0x00007ffafb3e6d41 USER32.dll!UnknownFunction []
[2018.12.02-22.29.12:273][614]LogWindows: Error: [Callstack] 0x00007ffafb3e6713 USER32.dll!UnknownFunction []
[2018.12.02-22.29.12:273][614]LogWindows: Error: [Callstack] 0x00007ffacffe0646 UE4Editor-ApplicationCore.dll!UnknownFunction []
[2018.12.02-22.29.12:273][614]LogWindows: Error: [Callstack] 0x00007ff772e254e5 UE4Editor.exe!UnknownFunction []
[2018.12.02-22.29.12:273][614]LogWindows: Error: [Callstack] 0x00007ff772e35b3c UE4Editor.exe!UnknownFunction []
[2018.12.02-22.29.12:273][614]LogWindows: Error: [Callstack] 0x00007ff772e35bba UE4Editor.exe!UnknownFunction []
[2018.12.02-22.29.12:273][614]LogWindows: Error: [Callstack] 0x00007ff772e43dac UE4Editor.exe!UnknownFunction []
[2018.12.02-22.29.12:273][614]LogWindows: Error: [Callstack] 0x00007ff772e45aaa UE4Editor.exe!UnknownFunction []
[2018.12.02-22.29.12:273][614]LogWindows: Error: [Callstack] 0x00007ffafb9c3034 KERNEL32.DLL!UnknownFunction []
[2018.12.02-22.29.12:273][614]LogWindows: Error: [Callstack] 0x00007ffafdf01471 ntdll.dll!UnknownFunction []
[2018.12.02-22.29.12:273][614]LogWindows: Error: 
[2018.12.02-22.29.12:282][614]LogExit: Executing StaticShutdownAfterError
[2018.12.02-22.29.12:316][614]LogWindows: FPlatformMisc::RequestExit(1)
[2018.12.02-22.29.12:319][614]Log file closed, 12/03/18 09:29:12
