Log file open, 10/09/18 10:18:24
LogWindows: Failed to load 'aqProf.dll' (GetLastError=126)
LogWindows: File 'aqProf.dll' does not exist
LogWindows: Failed to load 'VSPerf140.dll' (GetLastError=126)
LogWindows: File 'VSPerf140.dll' does not exist
LogWindows: Failed to load 'VtuneApi.dll' (GetLastError=126)
LogWindows: File 'VtuneApi.dll' does not exist
LogWindows: Failed to load 'VtuneApi32e.dll' (GetLastError=126)
LogWindows: File 'VtuneApi32e.dll' does not exist
LogInit: Display: Running engine for game: PlatformerPrototype
LogPlatformFile: Not using cached read wrapper
LogTaskGraph: Started task graph with 5 named threads and 23 total threads with 3 sets of task threads.
LogStats: Stats thread started at 0.262129
LogD3D11RHI: Loaded GFSDK_Aftermath_Lib.x64.dll
LogICUInternationalization: Display: ICU TimeZone Detection - Raw Offset: +10:00, Platform Override: ''
LogPluginManager: Mounting plugin Paper2D
LogPluginManager: Mounting plugin AISupport
LogPluginManager: Mounting plugin LightPropagationVolume
LogPluginManager: Mounting plugin CLionSourceCodeAccess
LogPluginManager: Mounting plugin CodeLiteSourceCodeAccess
LogPluginManager: Mounting plugin GitSourceControl
LogPluginManager: Mounting plugin KDevelopSourceCodeAccess
LogPluginManager: Mounting plugin NullSourceCodeAccess
LogPluginManager: Mounting plugin PerforceSourceControl
LogPluginManager: Mounting plugin SubversionSourceControl
LogPluginManager: Mounting plugin UObjectPlugin
LogPluginManager: Mounting plugin VisualStudioCodeSourceCodeAccess
LogPluginManager: Mounting plugin VisualStudioSourceCodeAccess
LogPluginManager: Mounting plugin XCodeSourceCodeAccess
LogPluginManager: Mounting plugin AssetManagerEditor
LogPluginManager: Mounting plugin CryptoKeys
LogPluginManager: Mounting plugin DataValidation
LogPluginManager: Mounting plugin EditorScriptingUtilities
LogPluginManager: Mounting plugin FacialAnimation
LogPluginManager: Mounting plugin GameplayTagsEditor
LogPluginManager: Mounting plugin MacGraphicsSwitching
LogPluginManager: Mounting plugin MeshEditor
LogPluginManager: Mounting plugin MobileLauncherProfileWizard
LogPluginManager: Mounting plugin PluginBrowser
LogPluginManager: Mounting plugin SpeedTreeImporter
LogPluginManager: Mounting plugin DatasmithContent
LogPluginManager: Mounting plugin AlembicImporter
LogPluginManager: Mounting plugin AppleImageUtils
LogPluginManager: Mounting plugin AppleVision
LogPluginManager: Mounting plugin BackChannel
LogPluginManager: Mounting plugin CharacterAI
LogPluginManager: Mounting plugin GeometryCache
LogPluginManager: Mounting plugin HTML5Networking
LogPluginManager: Mounting plugin ProxyLODPlugin
LogPluginManager: Mounting plugin MagicLeap
LogPluginManager: Mounting plugin MagicLeapEmulator
LogPluginManager: Mounting plugin MagicLeapMedia
LogPluginManager: Mounting plugin AndroidMedia
LogPluginManager: Mounting plugin AvfMedia
LogPluginManager: Mounting plugin ImgMedia
LogPluginManager: Mounting plugin LinearTimecode
LogPluginManager: Mounting plugin MediaCompositing
LogPluginManager: Mounting plugin MediaPlayerEditor
LogPluginManager: Mounting plugin WmfMedia
LogPluginManager: Mounting plugin TcpMessaging
LogPluginManager: Mounting plugin UdpMessaging
LogPluginManager: Mounting plugin ActorSequence
LogPluginManager: Mounting plugin LevelSequenceEditor
LogPluginManager: Mounting plugin MatineeToLevelSequence
LogPluginManager: Mounting plugin NetcodeUnitTest
LogPluginManager: Mounting plugin NUTUnrealEngine4
LogPluginManager: Mounting plugin OnlineSubsystemGooglePlay
LogPluginManager: Mounting plugin OnlineSubsystemIOS
LogPluginManager: Mounting plugin OnlineSubsystem
LogPluginManager: Mounting plugin OnlineSubsystemNull
LogPluginManager: Mounting plugin OnlineSubsystemUtils
LogPluginManager: Mounting plugin LauncherChunkInstaller
LogPluginManager: Mounting plugin AndroidDeviceProfileSelector
LogPluginManager: Mounting plugin AndroidMoviePlayer
LogPluginManager: Mounting plugin AndroidPermission
LogPluginManager: Mounting plugin AppleMoviePlayer
LogPluginManager: Mounting plugin ArchVisCharacter
LogPluginManager: Mounting plugin AudioCapture
LogPluginManager: Mounting plugin CableComponent
LogPluginManager: Mounting plugin CustomMeshComponent
LogPluginManager: Mounting plugin EditableMesh
LogPluginManager: Mounting plugin ExampleDeviceProfileSelector
LogPluginManager: Mounting plugin GoogleCloudMessaging
LogPluginManager: Mounting plugin ImmediatePhysics
LogPluginManager: Mounting plugin IOSDeviceProfileSelector
LogPluginManager: Mounting plugin LinuxDeviceProfileSelector
LogPluginManager: Mounting plugin LocationServicesBPLibrary
LogPluginManager: Mounting plugin MobilePatchingUtils
LogPluginManager: Mounting plugin OculusVR
LogPluginManager: Plugin shader directory ../../../Engine/Plugins/Runtime/Oculus/OculusVR/Shaders found
LogPluginManager: Mapping shader source directory ../../../Engine/Plugins/Runtime/Oculus/OculusVR/Shaders to virtual directory /Plugin/OculusVR
LogPluginManager: Mounting plugin PhysXVehicles
LogPluginManager: Mounting plugin ProceduralMeshComponent
LogPluginManager: Mounting plugin RuntimePhysXCooking
LogPluginManager: Mounting plugin SteamVR
LogPluginManager: Mounting plugin WindowsMoviePlayer
LogPluginManager: Mounting plugin DatasmithCADImporter
LogPluginManager: Mounting plugin DatasmithFBXImporter
LogPluginManager: Mounting plugin DatasmithImporter
LogPluginManager: Mounting plugin DatasmithMDLImporter
LogPluginManager: Mounting plugin StaticMeshEditorExtension
LogStreaming: Display: Took  0.103s to configure plugins.
LogInit: Using libcurl 7.55.1-DEV
LogInit:  - built for x86_64-pc-win32
LogInit:  - supports SSL with OpenSSL/1.0.2h
LogInit:  - supports HTTP deflate (compression) using libz 1.2.8
LogInit:  - other features:
LogInit:      CURL_VERSION_SSL
LogInit:      CURL_VERSION_LIBZ
LogInit:      CURL_VERSION_IPV6
LogInit:      CURL_VERSION_ASYNCHDNS
LogInit:      CURL_VERSION_LARGEFILE
LogInit:      CURL_VERSION_IDN
LogInit:  CurlRequestOptions (configurable via config and command line):
LogInit:  - bVerifyPeer = false  - Libcurl will NOT verify peer certificate
LogInit:  - bUseHttpProxy = false  - Libcurl will NOT use HTTP proxy
LogInit:  - bDontReuseConnections = false  - Libcurl will reuse connections
LogInit:  - CertBundlePath = nullptr  - Libcurl will use whatever was configured at build time.
LogInit:  - MaxHostConnections = 16  - Libcurl will limit the number of connections to a host
LogInit:  - LocalHostAddr = Default
LogInit:  - BufferSize = 65536
LogInit: WinSock: version 1.1 (2.2), MaxSocks=32767, MaxUdp=65467
LogHMD: Failed initializing OVRPlugin 1.25.0
LogInit: Build: ++UE4+Release-4.20-CL-4302132
LogInit: Engine Version: 4.20.2-4302132+++UE4+Release-4.20
LogInit: Compatible Engine Version: 4.20.0-4212847+++UE4+Release-4.20
LogInit: Net CL: 4212847
LogInit: OS: Windows 10 (), CPU: Intel(R) Core(TM) i7-6700 CPU @ 3.40GHz, GPU: NVIDIA GeForce GTX 980
LogInit: Compiled (64-bit): Aug 21 2018 02:06:06
LogInit: Compiled with Visual C++: 19.13.26129.00
LogInit: Build Configuration: Development
LogInit: Branch Name: ++UE4+Release-4.20
LogInit: Command Line:  
LogInit: Base Directory: C:/Program Files/Epic Games/UE_4.20/Engine/Binaries/Win64/
LogInit: Installed Engine Build: 1
LogDevObjectVersion: Number of dev versions registered: 20
LogDevObjectVersion:   Dev-Blueprints (B0D832E4-1F89-4F0D-ACCF-7EB736FD4AA2): 10
LogDevObjectVersion:   Dev-Build (E1C64328-A22C-4D53-A36C-8E866417BD8C): 0
LogDevObjectVersion:   Dev-Core (375EC13C-06E4-48FB-B500-84F0262A717E): 2
LogDevObjectVersion:   Dev-Editor (E4B068ED-F494-42E9-A231-DA0B2E46BB41): 24
LogDevObjectVersion:   Dev-Framework (CFFC743F-43B0-4480-9391-14DF171D2073): 34
LogDevObjectVersion:   Dev-Mobile (B02B49B5-BB20-44E9-A304-32B752E40360): 2
LogDevObjectVersion:   Dev-Networking (A4E4105C-59A1-49B5-A7C5-40C4547EDFEE): 0
LogDevObjectVersion:   Dev-Online (39C831C9-5AE6-47DC-9A44-9C173E1C8E7C): 0
LogDevObjectVersion:   Dev-Physics (78F01B33-EBEA-4F98-B9B4-84EACCB95AA2): 0
LogDevObjectVersion:   Dev-Platform (6631380F-2D4D-43E0-8009-CF276956A95A): 0
LogDevObjectVersion:   Dev-Rendering (12F88B9F-8875-4AFC-A67C-D90C383ABD29): 26
LogDevObjectVersion:   Dev-Sequencer (7B5AE74C-D270-4C10-A958-57980B212A5A): 9
LogDevObjectVersion:   Dev-VR (D7296918-1DD6-4BDD-9DE2-64A83CC13884): 2
LogDevObjectVersion:   Dev-LoadTimes (C2A15278-BFE7-4AFE-6C17-90FF531DF755): 1
LogDevObjectVersion:   Private-Geometry (6EACA3D4-40EC-4CC1-B786-8BED09428FC5): 3
LogDevObjectVersion:   Dev-AnimPhys (29E575DD-E0A3-4627-9D10-D276232CDCEA): 17
LogDevObjectVersion:   Dev-ReflectionCapture (6B266CEC-1EC7-4B8F-A30B-E4D90942FC07): 1
LogDevObjectVersion:   Dev-Automation (0DF73D61-A23F-47EA-B727-89E90C41499A): 1
LogDevObjectVersion:   FortniteMain (601D1886-AC64-4F84-AA16-D3DE0DEAC7D6): 12
LogDevObjectVersion:   Dev-Enterprise (9DFFBCD6-494F-0158-E221-12823C92A888): 1
LogStreaming: Display: Took  0.000s to delete old logs.
LogInit: Presizing for max 8388607 objects, including 0 objects not considered by GC, pre-allocating 0 bytes for permanent pool.
LogInit: Object subsystem initialized
[2018.10.08-23.18.25:717][  0]LogInit: Selected Device Profile: [Windows]
[2018.10.08-23.18.25:718][  0]LogInit: Applying CVar settings loaded from the selected device profile: [Windows]
[2018.10.08-23.18.25:740][  0]LogHAL: Display: Platform has ~ 32 GB [34267684864 / 34359738368 / 32], which maps to Largest [LargestMinGB=32, LargerMinGB=12, DefaultMinGB=8, SmallerMinGB=6, SmallestMinGB=0)
[2018.10.08-23.18.25:740][  0]LogInit: Setting Device Profile CVar: [[r.Vulkan.UseRealUBs:1]]
[2018.10.08-23.18.25:740][  0]LogInit: Going up to parent DeviceProfile []
[2018.10.08-23.18.25:741][  0]LogInit: Computer: SYD-TEST-GAMES
[2018.10.08-23.18.25:741][  0]LogInit: User: sae
[2018.10.08-23.18.25:741][  0]LogInit: CPU Page size=4096, Cores=4
[2018.10.08-23.18.25:741][  0]LogInit: High frequency timer resolution =3.328130 MHz
[2018.10.08-23.18.25:741][  0]LogMemory: Memory total: Physical=31.9GB (32GB approx)
[2018.10.08-23.18.25:741][  0]LogMemory: Platform Memory Stats for Windows
[2018.10.08-23.18.25:741][  0]LogMemory: Process Physical Memory: 102.32 MB used, 102.32 MB peak
[2018.10.08-23.18.25:741][  0]LogMemory: Process Virtual Memory: 92.33 MB used, 92.33 MB peak
[2018.10.08-23.18.25:741][  0]LogMemory: Physical Memory: 3403.33 MB used,  29276.88 MB free, 32680.21 MB total
[2018.10.08-23.18.25:741][  0]LogMemory: Virtual Memory: 4653.41 MB used,  29276.88 MB free, 134217728.00 MB total
[2018.10.08-23.18.25:760][  0]LogInit: Using OS detected language (en-US).
[2018.10.08-23.18.25:760][  0]LogInit: Using OS detected locale (en-AU).
[2018.10.08-23.18.25:761][  0]LogTextLocalizationManager: No specific localization for 'en-US' exists, so the 'en' localization will be used.
[2018.10.08-23.18.26:105][  0]LogStreaming: Display: Took  0.345s to InitEngineTextLocalization.
[2018.10.08-23.18.26:105][  0]LogInit: Setting process to per monitor DPI aware
[2018.10.08-23.18.26:131][  0]LogSlate: New Slate User Created.  User Index 0, Is Virtual User: 0
[2018.10.08-23.18.26:131][  0]LogSlate: Slate User Registered.  User Index 0, Is Virtual User: 0
[2018.10.08-23.18.26:295][  0]LogHMD: Failed to initialize OpenVR with code 126
[2018.10.08-23.18.26:295][  0]LogD3D11RHI: D3D11 adapters:
[2018.10.08-23.18.26:345][  0]LogD3D11RHI:    0. 'NVIDIA GeForce GTX 980' (Feature Level 11_0)
[2018.10.08-23.18.26:345][  0]LogD3D11RHI:       4053/0/16340 MB DedicatedVideo/DedicatedSystem/SharedSystem, Outputs:1, VendorId:0x10de
[2018.10.08-23.18.26:346][  0]LogD3D11RHI:    1. 'Microsoft Basic Render Driver' (Feature Level 11_0)
[2018.10.08-23.18.26:347][  0]LogD3D11RHI:       0/0/16340 MB DedicatedVideo/DedicatedSystem/SharedSystem, Outputs:0, VendorId:0x1414
[2018.10.08-23.18.26:347][  0]LogD3D11RHI: Chosen D3D11 Adapter: 0
[2018.10.08-23.18.26:351][  0]LogD3D11RHI: Creating new Direct3DDevice
[2018.10.08-23.18.26:351][  0]LogD3D11RHI:     GPU DeviceId: 0x13c0 (for the marketing name, search the web for "GPU Device Id")
[2018.10.08-23.18.26:351][  0]LogWindows: EnumDisplayDevices:
[2018.10.08-23.18.26:351][  0]LogWindows:    0. 'NVIDIA GeForce GTX 980' (P:1 D:1)
[2018.10.08-23.18.26:351][  0]LogWindows:    1. 'NVIDIA GeForce GTX 980' (P:0 D:0)
[2018.10.08-23.18.26:351][  0]LogWindows:    2. 'NVIDIA GeForce GTX 980' (P:0 D:0)
[2018.10.08-23.18.26:351][  0]LogWindows:    3. 'NVIDIA GeForce GTX 980' (P:0 D:0)
[2018.10.08-23.18.26:351][  0]LogWindows: DebugString: FoundDriverCount:4 
[2018.10.08-23.18.26:351][  0]LogD3D11RHI:     Adapter Name: NVIDIA GeForce GTX 980
[2018.10.08-23.18.26:351][  0]LogD3D11RHI:   Driver Version: 398.82 (internal:24.21.13.9882, unified:398.82)
[2018.10.08-23.18.26:351][  0]LogD3D11RHI:      Driver Date: 7-30-2018
[2018.10.08-23.18.26:351][  0]LogRHI: Texture pool is 2837 MB (70% of 4053 MB)
[2018.10.08-23.18.26:382][  0]LogD3D11RHI: Async texture creation enabled
[2018.10.08-23.18.26:398][  0]LogD3D11RHI: GPU Timing Frequency: 1000.000000 (Debug: 2 2)
[2018.10.08-23.18.26:440][  0]LogShaderCompilers: Guid format shader working directory is -38 characters bigger than the processId version (../../../../../../Users/sae/Documents/GitHub/GPG210-Prototypes/PlatformerPrototype/Intermediate/Shaders/WorkingDirectory/5380/).
[2018.10.08-23.18.26:440][  0]LogShaderCompilers: Cleaned the shader compiler working directory 'C:/Users/sae/AppData/Local/Temp/UnrealShaderWorkingDir/04CD288C42491F32BA6BDF9BBB789C9D/'.
[2018.10.08-23.18.26:676][  0]LogTemp: Display: Loaded TP AllDesktopTargetPlatform
[2018.10.08-23.18.26:687][  0]LogTemp: Display: Loaded TP MacClientTargetPlatform
[2018.10.08-23.18.26:701][  0]LogTemp: Display: Loaded TP MacNoEditorTargetPlatform
[2018.10.08-23.18.26:712][  0]LogTemp: Display: Loaded TP MacServerTargetPlatform
[2018.10.08-23.18.26:723][  0]LogTemp: Display: Loaded TP MacTargetPlatform
[2018.10.08-23.18.26:734][  0]LogTemp: Display: Loaded TP WindowsClientTargetPlatform
[2018.10.08-23.18.26:745][  0]LogTemp: Display: Loaded TP WindowsNoEditorTargetPlatform
[2018.10.08-23.18.26:759][  0]LogTemp: Display: Loaded TP WindowsServerTargetPlatform
[2018.10.08-23.18.26:765][  0]LogTemp: Display: Loaded TP WindowsTargetPlatform
[2018.10.08-23.18.26:833][  0]LogTemp: Display: Loaded TP AndroidTargetPlatform
[2018.10.08-23.18.26:833][  0]LogTemp: Display: Loaded TP AndroidTargetPlatform
[2018.10.08-23.18.26:833][  0]LogTemp: Display: Loaded TP AndroidTargetPlatform
[2018.10.08-23.18.26:833][  0]LogTemp: Display: Loaded TP AndroidTargetPlatform
[2018.10.08-23.18.26:833][  0]LogTemp: Display: Loaded TP AndroidTargetPlatform
[2018.10.08-23.18.26:833][  0]LogTemp: Display: Loaded TP AndroidTargetPlatform
[2018.10.08-23.18.26:833][  0]LogTemp: Display: Loaded TP AndroidTargetPlatform
[2018.10.08-23.18.26:833][  0]LogTemp: Display: Loaded TP AndroidTargetPlatform
[2018.10.08-23.18.26:833][  0]LogTemp: Display: Loaded TP AndroidTargetPlatform
[2018.10.08-23.18.26:833][  0]LogTemp: Display: Loaded TP AndroidTargetPlatform
[2018.10.08-23.18.26:833][  0]LogTemp: Display: Loaded TP AndroidTargetPlatform
[2018.10.08-23.18.26:833][  0]LogTemp: Display: Loaded TP AndroidTargetPlatform
[2018.10.08-23.18.26:833][  0]LogTemp: Display: Loaded TP AndroidTargetPlatform
[2018.10.08-23.18.26:833][  0]LogTemp: Display: Loaded TP AndroidTargetPlatform
[2018.10.08-23.18.26:833][  0]LogTemp: Display: Loaded TP AndroidTargetPlatform
[2018.10.08-23.18.26:833][  0]LogTemp: Display: Loaded TP AndroidTargetPlatform
[2018.10.08-23.18.26:833][  0]LogTemp: Display: Loaded TP AndroidTargetPlatform
[2018.10.08-23.18.26:833][  0]LogTemp: Display: Loaded TP AndroidTargetPlatform
[2018.10.08-23.18.26:834][  0]LogTemp: Display: Loaded TP HTML5TargetPlatform
[2018.10.08-23.18.26:889][  0]LogTemp: Display: Loaded TP IOSTargetPlatform
[2018.10.08-23.18.26:889][  0]LogTemp: Display: Loaded TP IOSTargetPlatform
[2018.10.08-23.18.26:910][  0]LogTemp: Display: Loaded TP TVOSTargetPlatform
[2018.10.08-23.18.26:910][  0]LogTemp: Display: Loaded TP TVOSTargetPlatform
[2018.10.08-23.18.26:920][  0]LogTemp: Display: Loaded TP LinuxClientTargetPlatform
[2018.10.08-23.18.26:930][  0]LogTemp: Display: Loaded TP LinuxNoEditorTargetPlatform
[2018.10.08-23.18.26:941][  0]LogTemp: Display: Loaded TP LinuxServerTargetPlatform
[2018.10.08-23.18.26:951][  0]LogTemp: Display: Loaded TP LinuxTargetPlatform
[2018.10.08-23.18.26:959][  0]LogTemp: Display: Loaded TP LuminTargetPlatform
[2018.10.08-23.18.26:959][  0]LogTargetPlatformManager: Display: Building Assets For Windows
[2018.10.08-23.18.27:001][  0]LogXGEController: Cleaning working directory: C:/Users/sae/AppData/Local/Temp/UnrealXGEWorkingDir/
[2018.10.08-23.18.27:001][  0]LogXGEController: Cannot use XGE Controller as Incredibuild is not installed on this machine.
[2018.10.08-23.18.27:001][  0]LogShaderCompilers: Cannot use XGE Shader Compiler as Incredibuild is not installed on this machine.
[2018.10.08-23.18.27:001][  0]LogShaderCompilers: Display: Using Local Shader Compiler.
[2018.10.08-23.18.27:598][  0]LogDerivedDataCache: Display: Max Cache Size: 512 MB
[2018.10.08-23.18.27:643][  0]LogDerivedDataCache: Loaded boot cache 0.04s 72MB C:/Users/sae/AppData/Local/UnrealEngine/4.20/DerivedDataCache/Boot.ddc.
[2018.10.08-23.18.27:643][  0]LogDerivedDataCache: Display: Loaded Boot cache: C:/Users/sae/AppData/Local/UnrealEngine/4.20/DerivedDataCache/Boot.ddc
[2018.10.08-23.18.27:643][  0]LogDerivedDataCache: FDerivedDataBackendGraph:  Pak pak cache file ../../../../../../Users/sae/Documents/GitHub/GPG210-Prototypes/PlatformerPrototype/DerivedDataCache/DDC.ddp not found, will not use a pak cache.
[2018.10.08-23.18.27:643][  0]LogDerivedDataCache: Unable to find inner node Pak for hierarchical cache Hierarchy.
[2018.10.08-23.18.27:643][  0]LogDerivedDataCache: FDerivedDataBackendGraph:  CompressedPak pak cache file ../../../../../../Users/sae/Documents/GitHub/GPG210-Prototypes/PlatformerPrototype/DerivedDataCache/Compressed.ddp not found, will not use a pak cache.
[2018.10.08-23.18.27:643][  0]LogDerivedDataCache: Unable to find inner node CompressedPak for hierarchical cache Hierarchy.
[2018.10.08-23.18.27:655][  0]LogDerivedDataCache: Display: Pak cache opened for reading ../../../Engine/DerivedDataCache/Compressed.ddp.
[2018.10.08-23.18.27:667][  0]LogDerivedDataCache: Using Local data cache path C:/Users/sae/AppData/Local/UnrealEngine/Common/DerivedDataCache: Writable
[2018.10.08-23.18.27:667][  0]LogDerivedDataCache: Shared data cache path not found in *engine.ini, will not use an Shared cache.
[2018.10.08-23.18.27:667][  0]LogDerivedDataCache: Unable to find inner node Shared for hierarchical cache Hierarchy.
[2018.10.08-23.18.27:683][  0]LogMaterial: Verifying Global Shaders for PCD3D_SM5
[2018.10.08-23.18.27:684][  0]LogSlate: Using FreeType 2.6.0
[2018.10.08-23.18.27:685][  0]LogSlate: SlateFontServices - WITH_FREETYPE: 1, WITH_HARFBUZZ: 1
[2018.10.08-23.18.27:751][  0]LogAssetRegistry: FAssetRegistry took 0.0260 seconds to start up
[2018.10.08-23.18.28:022][  0]LogInit: Selected Device Profile: [Windows]
[2018.10.08-23.18.28:142][  0]LogSimplygon: Simplygon DLL not present - disabling.
[2018.10.08-23.18.28:145][  0]LogMeshReduction: Using SimplygonSwarm for distributed automatic mesh merging
[2018.10.08-23.18.28:145][  0]LogMeshReduction: Using ProxyLODMeshReduction for automatic mesh merging
[2018.10.08-23.18.28:145][  0]LogMeshReduction: Using QuadricMeshReduction for automatic static mesh reduction
[2018.10.08-23.18.28:145][  0]LogMeshReduction: No automatic skeletal mesh reduction module available
[2018.10.08-23.18.28:161][  0]LogNetVersion: PlatformerPrototype 1.0.0, NetCL: 4212847, EngineNetVer: 5, GameNetVer: 0 (Checksum: 3545419167)
[2018.10.08-23.18.28:631][  0]LogPackageLocalizationCache: Processed 13 localized package path(s) for 2 prioritized culture(s) in 0.112274 seconds
[2018.10.08-23.18.28:637][  0]LogUObjectArray: 38425 objects as part of root set at end of initial load.
[2018.10.08-23.18.28:637][  0]LogUObjectAllocator: 6690864 out of 0 bytes used by permanent object pool.
[2018.10.08-23.18.28:637][  0]LogUObjectArray: CloseDisregardForGC: 0/0 objects in disregard for GC pool
[2018.10.08-23.18.29:335][  0]LogTcpMessaging: Initializing TcpMessaging bridge
[2018.10.08-23.18.29:348][  0]LogUdpMessaging: Initializing bridge on interface 0.0.0.0:0 to multicast group 230.0.0.1:6666.
[2018.10.08-23.18.29:487][  0]SourceControl: Source control is disabled
[2018.10.08-23.18.29:487][  0]SourceControl: Source control is disabled
[2018.10.08-23.18.29:488][  0]SourceControl: Source control is disabled
[2018.10.08-23.18.29:489][  0]SourceControl: Source control is disabled
[2018.10.08-23.18.29:666][  0]LogAndroidPermission: UAndroidPermissionCallbackProxy::GetInstance
[2018.10.08-23.18.29:769][  0]LogOcInput: OculusInput pre-init called
[2018.10.08-23.18.31:380][  0]LogEngine: Initializing Engine...
[2018.10.08-23.18.31:399][  0]LogHMD: Failed to initialize OpenVR with code 126
[2018.10.08-23.18.31:401][  0]LogStats: UGameplayTagsManager::ConstructGameplayTagTree: ImportINI prefixes -  0.000 s
[2018.10.08-23.18.31:401][  0]LogStats: UGameplayTagsManager::ConstructGameplayTagTree: Construct from data asset -  0.000 s
[2018.10.08-23.18.31:401][  0]LogStats: UGameplayTagsManager::ConstructGameplayTagTree: ImportINI -  0.000 s
[2018.10.08-23.18.31:401][  0]LogStats: UGameplayTagsManager::ConstructGameplayTagTree: GameplayTagTreeChangedEvent.Broadcast -  0.000 s
[2018.10.08-23.18.31:599][  0]LogInit: Initializing FReadOnlyCVARCache
[2018.10.08-23.18.31:609][  0]LogAIModule: Creating AISystem for world Untitled
[2018.10.08-23.18.31:625][  0]LogInit: XAudio2 using 'U28E850 (2- NVIDIA High Definition Audio)' : 2 channels at 48 kHz using 16 bits per sample (channel mask 0x3)
[2018.10.08-23.18.31:653][  0]LogInit: FAudioDevice initialized.
[2018.10.08-23.18.31:653][  0]LogNetVersion: Set ProjectVersion to 1.0.0.0. Version Checksum will be recalculated on next use.
[2018.10.08-23.18.31:729][  0]LogDerivedDataCache: Saved boot cache 0.08s 72MB C:/Users/sae/AppData/Local/UnrealEngine/4.20/DerivedDataCache/Boot.ddc.
[2018.10.08-23.18.31:732][  0]LogInit: Texture streaming: Enabled
[2018.10.08-23.18.31:744][  0]LogEngineSessionManager: EngineSessionManager initialized
[2018.10.08-23.18.31:755][  0]LogInit: Transaction tracking system initialized
[2018.10.08-23.18.31:784][  0]BlueprintLog: New page: Editor Load
[2018.10.08-23.18.31:842][  0]LocalizationService: Localization service is disabled
[2018.10.08-23.18.32:070][  0]LogCook: Display: Max memory allowance for cook 16384mb min free memory 0mb
[2018.10.08-23.18.32:070][  0]LogCook: Display: Mobile HDR setting 1
[2018.10.08-23.18.32:070][  0]LogGameplayTags: Display: UGameplayTagsManager::DoneAddingNativeTags. DelegateIsBound: 0
[2018.10.08-23.18.32:070][  0]LogStats: UGameplayTagsManager::ConstructGameplayTagTree: ImportINI prefixes -  0.000 s
[2018.10.08-23.18.32:070][  0]LogStats: UGameplayTagsManager::ConstructGameplayTagTree: Construct from data asset -  0.000 s
[2018.10.08-23.18.32:070][  0]LogStats: UGameplayTagsManager::ConstructGameplayTagTree: ImportINI -  0.000 s
[2018.10.08-23.18.32:070][  0]LogStats: UGameplayTagsManager::ConstructGameplayTagTree: GameplayTagTreeChangedEvent.Broadcast -  0.000 s
[2018.10.08-23.18.32:158][  0]LogFileCache: Scanning file cache for directory 'C:/Users/sae/Documents/GitHub/GPG210-Prototypes/PlatformerPrototype/Content/' took 0.01s
[2018.10.08-23.18.33:109][  0]SourceControl: Source control is disabled
[2018.10.08-23.18.33:109][  0]Cmd: MAP LOAD FILE="../../../../../../Users/sae/Documents/GitHub/GPG210-Prototypes/PlatformerPrototype/Content/Maps/Level_1.umap" TEMPLATE=0 SHOWPROGRESS=1 FEATURELEVEL=3
[2018.10.08-23.18.33:110][  0]LightingResults: New page: Lighting Build
[2018.10.08-23.18.33:112][  0]MapCheck: New page: Map Check
[2018.10.08-23.18.33:112][  0]LightingResults: New page: Lighting Build
[2018.10.08-23.18.33:348][  0]LogAIModule: Creating AISystem for world Level_1
[2018.10.08-23.18.33:359][  0]LogEditorServer: Finished looking for orphan Actors (0.000 secs)
[2018.10.08-23.18.33:381][  0]Cmd: MAP CHECKDEP NOCLEARLOG
[2018.10.08-23.18.33:432][  0]MapCheck: Map check complete: 0 Error(s), 0 Warning(s), took 51.219ms to complete.
[2018.10.08-23.18.33:433][  0]LogFileHelpers: Loading map 'Level_1' took 0.323
[2018.10.08-23.18.33:520][  0]LogSlate: Updating window title bar state: overlay mode, drag disabled, window buttons hidden, title bar hidden
[2018.10.08-23.18.33:526][  0]LogSlate: Updating window title bar state: overlay mode, drag disabled, window buttons hidden, title bar hidden
[2018.10.08-23.18.33:532][  0]LogSlate: Updating window title bar state: overlay mode, drag disabled, window buttons hidden, title bar hidden
[2018.10.08-23.18.33:539][  0]LogSlate: Updating window title bar state: overlay mode, drag disabled, window buttons hidden, title bar hidden
[2018.10.08-23.18.33:543][  0]LogCollectionManager: Loaded 0 collections in 0.001270 seconds
[2018.10.08-23.18.33:581][  0]LogFileCache: Scanning file cache for directory 'C:/Users/sae/Documents/GitHub/GPG210-Prototypes/PlatformerPrototype/Saved/Collections/' took 0.01s
[2018.10.08-23.18.33:581][  0]LogFileCache: Scanning file cache for directory 'C:/Users/sae/Documents/GitHub/GPG210-Prototypes/PlatformerPrototype/Content/Developers/sae/Collections/' took 0.01s
[2018.10.08-23.18.33:581][  0]LogFileCache: Scanning file cache for directory 'C:/Users/sae/Documents/GitHub/GPG210-Prototypes/PlatformerPrototype/Content/Collections/' took 0.01s
[2018.10.08-23.18.33:582][  0]LogCollectionManager: Rebuilt the GUID cache for 0 collections in 0.000000 seconds
[2018.10.08-23.18.33:590][  0]LogContentBrowser: Native class hierarchy populated in 0.0079 seconds. Added 2621 classes and 629 folders.
[2018.10.08-23.18.33:594][  0]LogContentBrowser: Native class hierarchy updated for 'WidgetCarousel' in 0.0002 seconds. Added 0 classes and 0 folders.
[2018.10.08-23.18.33:624][  0]LogContentBrowser: Native class hierarchy updated for 'AddContentDialog' in 0.0002 seconds. Added 0 classes and 0 folders.
[2018.10.08-23.18.33:627][  0]LogContentBrowser: Native class hierarchy updated for 'SceneOutliner' in 0.0002 seconds. Added 1 classes and 2 folders.
[2018.10.08-23.18.33:684][  0]LogSlate: Took 0.000233 seconds to synchronously load lazily loaded font '../../../Engine/Content/Slate/Fonts/Roboto-Regular.ttf' (155K)
[2018.10.08-23.18.33:686][  0]LogSlate: Took 0.000140 seconds to synchronously load lazily loaded font '../../../Engine/Content/Slate/Fonts/Roboto-Bold.ttf' (160K)
[2018.10.08-23.18.33:689][  0]LogSlate: Took 0.000218 seconds to synchronously load lazily loaded font '../../../Engine/Content/Editor/Slate/Fonts/FontAwesome.ttf' (139K)
[2018.10.08-23.18.33:758][  0]LogRenderer: Reallocating scene render targets to support 1648x836 Format 10 NumSamples 1 (Frame:1).
[2018.10.08-23.18.33:928][  0]LogContentBrowser: Native class hierarchy updated for 'HierarchicalLODOutliner' in 0.0002 seconds. Added 0 classes and 0 folders.
[2018.10.08-23.18.33:928][  0]LogLoad: (Engine Initialization) Total time: 10.16 seconds
[2018.10.08-23.18.33:928][  0]LogLoad: (Engine Initialization) Total Blueprint compile time: 0.00 seconds
[2018.10.08-23.18.33:964][  0]LogContentStreaming: Texture pool size now 1000 MB
[2018.10.08-23.18.34:005][  1]LogAssetRegistry: Asset discovery search completed in 6.2764 seconds
[2018.10.08-23.18.34:006][  1]LogCollectionManager: Rebuilt the object cache for 0 collections in 0.000000 seconds (found 0 objects)
[2018.10.08-23.18.34:006][  1]LogCollectionManager: Fixed up redirectors for 0 collections in 0.000037 seconds (updated 0 objects)
[2018.10.08-23.18.44:669][ 33]LogSlate: FSceneViewport::OnFocusLost() reason 0
[2018.10.08-23.19.41:377][756]LogAIModule: Creating AISystem for world Level_2
[2018.10.08-23.19.41:585][756]LogAIModule: Creating AISystem for world Level_1
[2018.10.08-23.19.41:874][756]LogAIModule: Creating AISystem for world Level_2
[2018.10.08-23.20.39:143][574]LogSlate: Took 0.000171 seconds to synchronously load lazily loaded font '../../../Engine/Content/Slate/Fonts/Roboto-Light.ttf' (167K)
[2018.10.08-23.20.39:150][574]LogAssetEditorManager: Opening Asset editor for World /Game/ThirdPersonBP/Maps/Thomas_List_Levels/TList_Testing.TList_Testing
[2018.10.08-23.20.40:769][574]LogSlate: Window 'Save Content' being destroyed
[2018.10.08-23.20.40:917][574]LogSavePackage: Moving '../../../../../../Users/sae/Documents/GitHub/GPG210-Prototypes/PlatformerPrototype/Saved/Level_17E4675174BFA090013E3CA99EA1237EB.tmp' to '../../../../../../Users/sae/Documents/GitHub/GPG210-Prototypes/PlatformerPrototype/Content/ThirdPersonBP/Maps/Thomas_List_Levels/Level_1.umap'
[2018.10.08-23.20.40:924][574]LogFileHelpers: Saving map 'Level_1' took 0.149
[2018.10.08-23.20.40:990][574]LogSavePackage: Moving '../../../../../../Users/sae/Documents/GitHub/GPG210-Prototypes/PlatformerPrototype/Saved/Level_1_BuiltDataA6BE099A4074E4C8600F5FAC543BE84F.tmp' to '../../../../../../Users/sae/Documents/GitHub/GPG210-Prototypes/PlatformerPrototype/Content/ThirdPersonBP/Maps/Thomas_List_Levels/Level_1_BuiltData.uasset'
[2018.10.08-23.20.41:171][574]LogSavePackage: Moving '../../../../../../Users/sae/Documents/GitHub/GPG210-Prototypes/PlatformerPrototype/Saved/Level_2EC0821164DAB431621DAA68A1FF781C4.tmp' to '../../../../../../Users/sae/Documents/GitHub/GPG210-Prototypes/PlatformerPrototype/Content/ThirdPersonBP/Maps/Thomas_List_Levels/Level_2.umap'
[2018.10.08-23.20.41:179][574]LogFileHelpers: Saving map 'Level_2' took 0.186
[2018.10.08-23.20.41:268][574]LogSavePackage: Moving '../../../../../../Users/sae/Documents/GitHub/GPG210-Prototypes/PlatformerPrototype/Saved/Level_2_BuiltData4291F38B4FA1565C5C5F0D8F10F82E1A.tmp' to '../../../../../../Users/sae/Documents/GitHub/GPG210-Prototypes/PlatformerPrototype/Content/ThirdPersonBP/Maps/Thomas_List_Levels/Level_2_BuiltData.uasset'
[2018.10.08-23.20.41:356][574]LogSavePackage: Moving '../../../../../../Users/sae/Documents/GitHub/GPG210-Prototypes/PlatformerPrototype/Saved/TList_Testing303C507443040AB8844AA3B7F5FB70F4.tmp' to '../../../../../../Users/sae/Documents/GitHub/GPG210-Prototypes/PlatformerPrototype/Content/ThirdPersonBP/Maps/Thomas_List_Levels/TList_Testing.umap'
[2018.10.08-23.20.41:358][574]LogFileHelpers: Saving map 'TList_Testing' took 0.087
[2018.10.08-23.20.41:360][574]LightingResults: New page: Lighting Build
[2018.10.08-23.20.41:361][574]LoadErrors: New page: Loading map: TList_Testing.umap
[2018.10.08-23.20.41:363][574]MapCheck: New page: Map Check
[2018.10.08-23.20.41:363][574]LightingResults: New page: Lighting Build
[2018.10.08-23.20.41:511][574]LogEditorServer: Finished looking for orphan Actors (0.000 secs)
[2018.10.08-23.20.41:511][574]LogAIModule: Creating AISystem for world TList_Testing
[2018.10.08-23.20.41:557][574]Cmd: MAP CHECKDEP NOCLEARLOG
[2018.10.08-23.20.41:612][574]MapCheck: Map check complete: 0 Error(s), 0 Warning(s), took 55.073ms to complete.
[2018.10.08-23.20.41:616][574]LogFileHelpers: Loading map 'TList_Testing' took 0.258
[2018.10.08-23.20.50:077][569]LogSlate: FSceneViewport::OnFocusLost() reason 2
[2018.10.08-23.20.51:504][736]LogSlate: FSceneViewport::OnFocusLost() reason 2
[2018.10.08-23.20.52:722][879]LogSlate: FSceneViewport::OnFocusLost() reason 2
[2018.10.08-23.22.50:511][936]LogSlate: Window 'Editor Preferences' being destroyed
[2018.10.08-23.22.50:514][936]LogSlate: Window 'Editor Preferences' being destroyed
[2018.10.08-23.22.53:103][235]LogSlate: FSceneViewport::OnFocusLost() reason 2
[2018.10.08-23.22.55:233][487]LogSlate: FSceneViewport::OnFocusLost() reason 2
[2018.10.08-23.22.56:720][665]LogSlate: FSceneViewport::OnFocusLost() reason 2
[2018.10.08-23.23.37:893][130]LogSlate: Window 'Editor Preferences' being destroyed
[2018.10.08-23.23.37:897][130]LogSlate: Window 'Editor Preferences' being destroyed
[2018.10.08-23.23.39:651][330]LogSlate: FSceneViewport::OnFocusLost() reason 2
[2018.10.08-23.23.42:262][643]LogSlate: FSceneViewport::OnFocusLost() reason 2
[2018.10.08-23.23.42:978][643]LogSlate: Only BGRA pngs, bmps or icos are supported in by External Image Picker
[2018.10.08-23.23.43:042][644]LogTemp: Executing iPhonePackager certificates Engine -bundlename com.YourCompany.PlatformerPrototype
[2018.10.08-23.23.43:042][644]LogTemp: CWD: C:\Program Files\Epic Games\UE_4.20\Engine\Binaries\DotNET\IOS
[2018.10.08-23.23.43:042][644]LogTemp: Initial Dir: C:\Program Files\Epic Games\UE_4.20
[2018.10.08-23.23.43:042][644]LogTemp: Env CWD: C:\Program Files\Epic Games\UE_4.20\Engine\Binaries\DotNET\IOS
[2018.10.08-23.23.43:042][644]LogTemp: BranchPath = SYD-TEST-GAMES/C/Program Files/Epic Games/UE_4.20/Engine/Binaries --- GameBranchPath = SYD-TEST-GAMES/C/Program Files/Epic Games/UE_4.20/Engine/Binaries
[2018.10.08-23.23.43:042][644]LogTemp: IPP ERROR: Could not find provision directory 'C:\Users\sae\AppData\Local/Apple Computer/MobileDevice/Provisioning Profiles/'.
[2018.10.08-23.24.03:183][ 43]LogSlate: Window 'Project Settings' being destroyed
[2018.10.08-23.24.03:187][ 43]LogSlate: Window 'Project Settings' being destroyed
[2018.10.08-23.24.04:138][154]LogSlate: FSceneViewport::OnFocusLost() reason 0
[2018.10.08-23.24.04:301][170]LogAIModule: Creating AISystem for world Level_1
[2018.10.08-23.24.04:306][170]LogAssetEditorManager: Opening Asset editor for World /Game/ThirdPersonBP/Maps/Thomas_List_Levels/Level_1.Level_1
[2018.10.08-23.24.04:327][170]Cmd: MAP LOAD FILE="../../../../../../Users/sae/Documents/GitHub/GPG210-Prototypes/PlatformerPrototype/Content/ThirdPersonBP/Maps/Thomas_List_Levels/Level_1.umap" TEMPLATE=0 SHOWPROGRESS=1 FEATURELEVEL=3
[2018.10.08-23.24.04:327][170]LightingResults: New page: Lighting Build
[2018.10.08-23.24.04:328][170]LoadErrors: New page: Loading map: Level_1.umap
[2018.10.08-23.24.04:328][170]MapCheck: New page: Map Check
[2018.10.08-23.24.04:328][170]LightingResults: New page: Lighting Build
[2018.10.08-23.24.04:397][170]LogEditorServer: Finished looking for orphan Actors (0.000 secs)
[2018.10.08-23.24.04:443][170]Cmd: MAP CHECKDEP NOCLEARLOG
[2018.10.08-23.24.04:502][170]MapCheck: Map check complete: 0 Error(s), 0 Warning(s), took 58.786ms to complete.
[2018.10.08-23.24.04:502][170]LogFileHelpers: Loading map 'Level_1' took 0.175
[2018.10.08-23.24.06:293][365]LogSlate: FSceneViewport::OnFocusLost() reason 0
[2018.10.08-23.24.06:435][381]LogAIModule: Creating AISystem for world TList_Testing
[2018.10.08-23.24.06:436][381]LogAssetEditorManager: Opening Asset editor for World /Game/ThirdPersonBP/Maps/Thomas_List_Levels/TList_Testing.TList_Testing
[2018.10.08-23.24.06:458][381]LightingResults: New page: Lighting Build
[2018.10.08-23.24.06:458][381]LoadErrors: New page: Loading map: TList_Testing.umap
[2018.10.08-23.24.06:459][381]MapCheck: New page: Map Check
[2018.10.08-23.24.06:459][381]LightingResults: New page: Lighting Build
[2018.10.08-23.24.06:521][381]LogEditorServer: Finished looking for orphan Actors (0.000 secs)
[2018.10.08-23.24.06:566][381]Cmd: MAP CHECKDEP NOCLEARLOG
[2018.10.08-23.24.06:621][381]MapCheck: Map check complete: 0 Error(s), 0 Warning(s), took 55.392ms to complete.
[2018.10.08-23.24.06:621][381]LogFileHelpers: Loading map 'TList_Testing' took 0.164
[2018.10.08-23.24.11:770][974]LogSlate: FSceneViewport::OnFocusLost() reason 0
[2018.10.08-23.24.11:953][991]LogAIModule: Creating AISystem for world Level_2
[2018.10.08-23.24.11:959][991]LogAssetEditorManager: Opening Asset editor for World /Game/ThirdPersonBP/Maps/Thomas_List_Levels/Level_2.Level_2
[2018.10.08-23.24.11:980][991]Cmd: MAP LOAD FILE="../../../../../../Users/sae/Documents/GitHub/GPG210-Prototypes/PlatformerPrototype/Content/ThirdPersonBP/Maps/Thomas_List_Levels/Level_2.umap" TEMPLATE=0 SHOWPROGRESS=1 FEATURELEVEL=3
[2018.10.08-23.24.11:980][991]LightingResults: New page: Lighting Build
[2018.10.08-23.24.11:981][991]LoadErrors: New page: Loading map: Level_2.umap
[2018.10.08-23.24.11:981][991]MapCheck: New page: Map Check
[2018.10.08-23.24.11:981][991]LightingResults: New page: Lighting Build
[2018.10.08-23.24.12:063][991]LogEditorServer: Finished looking for orphan Actors (0.000 secs)
[2018.10.08-23.24.12:107][991]Cmd: MAP CHECKDEP NOCLEARLOG
[2018.10.08-23.24.12:162][991]MapCheck: Map check complete: 0 Error(s), 0 Warning(s), took 55.02ms to complete.
[2018.10.08-23.24.12:163][991]LogFileHelpers: Loading map 'Level_2' took 0.184
[2018.10.08-23.24.13:766][173]LogSlate: FSceneViewport::OnFocusLost() reason 0
[2018.10.08-23.24.13:905][186]LogAIModule: Creating AISystem for world Level_1
[2018.10.08-23.24.13:911][186]LogAssetEditorManager: Opening Asset editor for World /Game/ThirdPersonBP/Maps/Thomas_List_Levels/Level_1.Level_1
[2018.10.08-23.24.13:930][186]Cmd: MAP LOAD FILE="../../../../../../Users/sae/Documents/GitHub/GPG210-Prototypes/PlatformerPrototype/Content/ThirdPersonBP/Maps/Thomas_List_Levels/Level_1.umap" TEMPLATE=0 SHOWPROGRESS=1 FEATURELEVEL=3
[2018.10.08-23.24.13:930][186]LightingResults: New page: Lighting Build
[2018.10.08-23.24.13:931][186]LoadErrors: New page: Loading map: Level_1.umap
[2018.10.08-23.24.13:932][186]MapCheck: New page: Map Check
[2018.10.08-23.24.13:932][186]LightingResults: New page: Lighting Build
[2018.10.08-23.24.14:003][186]LogEditorServer: Finished looking for orphan Actors (0.000 secs)
[2018.10.08-23.24.14:050][186]Cmd: MAP CHECKDEP NOCLEARLOG
[2018.10.08-23.24.14:110][186]MapCheck: Map check complete: 0 Error(s), 0 Warning(s), took 59.91ms to complete.
[2018.10.08-23.24.14:111][186]LogFileHelpers: Loading map 'Level_1' took 0.181
[2018.10.08-23.24.16:852][476]LogSlate: FSceneViewport::OnFocusLost() reason 0
[2018.10.08-23.24.16:970][489]LogAIModule: Creating AISystem for world TList_Testing
[2018.10.08-23.24.16:972][489]LogAssetEditorManager: Opening Asset editor for World /Game/ThirdPersonBP/Maps/Thomas_List_Levels/TList_Testing.TList_Testing
[2018.10.08-23.24.16:991][489]LightingResults: New page: Lighting Build
[2018.10.08-23.24.16:991][489]LoadErrors: New page: Loading map: TList_Testing.umap
[2018.10.08-23.24.16:992][489]MapCheck: New page: Map Check
[2018.10.08-23.24.16:992][489]LightingResults: New page: Lighting Build
[2018.10.08-23.24.17:055][489]LogEditorServer: Finished looking for orphan Actors (0.000 secs)
[2018.10.08-23.24.17:100][489]Cmd: MAP CHECKDEP NOCLEARLOG
[2018.10.08-23.24.17:155][489]MapCheck: Map check complete: 0 Error(s), 0 Warning(s), took 56.107ms to complete.
[2018.10.08-23.24.17:155][489]LogFileHelpers: Loading map 'TList_Testing' took 0.166
[2018.10.08-23.24.22:018][ 21]LogSlate: FSceneViewport::OnFocusLost() reason 2
[2018.10.08-23.24.24:093][267]LogSlate: FSceneViewport::OnFocusLost() reason 2
[2018.10.08-23.24.27:353][646]LogSlate: FSceneViewport::OnFocusLost() reason 0
[2018.10.08-23.24.32:121][210]LogSlate: FSceneViewport::OnFocusLost() reason 0
[2018.10.08-23.24.35:779][612]LogEditorViewport: Clicking Background
[2018.10.08-23.24.36:988][755]LogEditorViewport: Clicking on Actor (LMB): DirectionalLight (DirectionalLight)
[2018.10.08-23.24.38:741][956]Cmd: DELETE
[2018.10.08-23.24.38:741][956]Cmd: ACTOR DELETE
[2018.10.08-23.24.38:742][956]LogEditorActor: Deleted Actor: DirectionalLight
[2018.10.08-23.24.38:742][956]LogEditorActor: Deleted Actor: SkyLight
[2018.10.08-23.24.38:763][956]LogEditorActor: Deleted 2 Actors (0.023 secs)
[2018.10.08-23.24.39:868][ 88]LogSlate: FSceneViewport::OnFocusLost() reason 0
[2018.10.08-23.24.49:659][239]LogAIModule: Creating AISystem for world Level_2
[2018.10.08-23.24.49:815][239]LogSavePackage: Moving '../../../../../../Users/sae/Documents/GitHub/GPG210-Prototypes/PlatformerPrototype/Saved/TL_Level_2_BuiltDataF715E45B44A29E821336DBA59CB955FF.tmp' to '../../../../../../Users/sae/Documents/GitHub/GPG210-Prototypes/PlatformerPrototype/Content/ThirdPersonBP/Maps/Thomas_List_Levels/TL_Level_2_BuiltData.uasset'
[2018.10.08-23.24.49:993][239]LogSavePackage: Moving '../../../../../../Users/sae/Documents/GitHub/GPG210-Prototypes/PlatformerPrototype/Saved/TL_Level_2FE6E33134B7DD9CC0A180FB97B1063F4.tmp' to '../../../../../../Users/sae/Documents/GitHub/GPG210-Prototypes/PlatformerPrototype/Content/ThirdPersonBP/Maps/Thomas_List_Levels/TL_Level_2.umap'
[2018.10.08-23.24.50:001][239]LogFileHelpers: Saving map 'TL_Level_2' took 0.180
[2018.10.08-23.24.55:517][878]LogAIModule: Creating AISystem for world Level_1
[2018.10.08-23.24.55:632][878]LogSavePackage: Moving '../../../../../../Users/sae/Documents/GitHub/GPG210-Prototypes/PlatformerPrototype/Saved/TL_Level_1_BuiltDataB9750A614A8EA687BF3FDAB8D9BCAAFF.tmp' to '../../../../../../Users/sae/Documents/GitHub/GPG210-Prototypes/PlatformerPrototype/Content/ThirdPersonBP/Maps/Thomas_List_Levels/TL_Level_1_BuiltData.uasset'
[2018.10.08-23.24.55:769][878]LogSavePackage: Moving '../../../../../../Users/sae/Documents/GitHub/GPG210-Prototypes/PlatformerPrototype/Saved/TL_Level_15E0159AA41CF1FC25B11F0B91F436133.tmp' to '../../../../../../Users/sae/Documents/GitHub/GPG210-Prototypes/PlatformerPrototype/Content/ThirdPersonBP/Maps/Thomas_List_Levels/TL_Level_1.umap'
[2018.10.08-23.24.55:776][878]LogFileHelpers: Saving map 'TL_Level_1' took 0.138
[2018.10.08-23.25.03:831][574]LogSlate: Window 'Delete Assets' being destroyed
[2018.10.08-23.25.03:840][574]LightingResults: New page: Lighting Build
[2018.10.08-23.25.03:840][574]MapCheck: New page: Map Check
[2018.10.08-23.25.03:840][574]LightingResults: New page: Lighting Build
[2018.10.08-23.25.03:863][574]LogAIModule: Creating AISystem for world Untitled
[2018.10.08-23.25.03:915][574]LoadErrors: New page: New Map
[2018.10.08-23.25.03:919][574]LogAIModule: Creating AISystem for world TList_Testing
[2018.10.08-23.25.06:276][739]LogAssetEditorManager: Opening Asset editor for World /Game/ThirdPersonBP/Maps/Thomas_List_Levels/TL_Level_2.TL_Level_2
[2018.10.08-23.25.06:296][739]LightingResults: New page: Lighting Build
[2018.10.08-23.25.06:297][739]LoadErrors: New page: Loading map: TL_Level_2.umap
[2018.10.08-23.25.06:297][739]MapCheck: New page: Map Check
[2018.10.08-23.25.06:297][739]LightingResults: New page: Lighting Build
[2018.10.08-23.25.06:418][739]LogEditorServer: Finished looking for orphan Actors (0.000 secs)
[2018.10.08-23.25.06:469][739]Cmd: MAP CHECKDEP NOCLEARLOG
[2018.10.08-23.25.06:529][739]MapCheck: Map check complete: 0 Error(s), 0 Warning(s), took 59.28ms to complete.
[2018.10.08-23.25.06:530][739]LogFileHelpers: Loading map 'TL_Level_2' took 0.235
[2018.10.08-23.25.19:144][800]LogSlate: Window 'New Level' being destroyed
[2018.10.08-23.25.19:149][800]Cmd: MAP LOAD FILE="../../../Engine/Content/Maps/Templates/Template_Default.umap" TEMPLATE=1 SHOWPROGRESS=1 FEATURELEVEL=3
[2018.10.08-23.25.19:158][800]LightingResults: New page: Lighting Build
[2018.10.08-23.25.19:159][800]LoadErrors: New page: Loading map: Template_Default.umap
[2018.10.08-23.25.19:161][800]MapCheck: New page: Map Check
[2018.10.08-23.25.19:161][800]LightingResults: New page: Lighting Build
[2018.10.08-23.25.19:232][800]LogAIModule: Creating AISystem for world Untitled_2
[2018.10.08-23.25.19:284][800]LogEditorServer: Finished looking for orphan Actors (0.000 secs)
[2018.10.08-23.25.19:309][800]Cmd: MAP CHECKDEP NOCLEARLOG
[2018.10.08-23.25.19:370][800]MapCheck: Map check complete: 0 Error(s), 0 Warning(s), took 60.076ms to complete.
[2018.10.08-23.25.19:370][800]LogFileHelpers: Loading map 'Template_Default' took 0.221
[2018.10.08-23.25.47:105][170]LogSlate: Window 'Save Level As' being destroyed
[2018.10.08-23.25.47:227][170]LogSavePackage: Moving '../../../../../../Users/sae/Documents/GitHub/GPG210-Prototypes/PlatformerPrototype/Saved/Tlist_TestingCBD361904C06E46FEF6105B88534A20D.tmp' to '../../../../../../Users/sae/Documents/GitHub/GPG210-Prototypes/PlatformerPrototype/Content/ThirdPersonBP/Maps/Thomas_List_Levels/Tlist_Testing.umap'
[2018.10.08-23.25.47:270][170]LogSavePackage: Moving '../../../../../../Users/sae/Documents/GitHub/GPG210-Prototypes/PlatformerPrototype/Saved/Tlist_Testing_BuiltData184F7A8145B71363F23261AEE38F288A.tmp' to '../../../../../../Users/sae/Documents/GitHub/GPG210-Prototypes/PlatformerPrototype/Content/ThirdPersonBP/Maps/Thomas_List_Levels/Tlist_Testing_BuiltData.uasset'
[2018.10.08-23.25.47:278][170]LogFileHelpers: Saving map 'Tlist_Testing' took 0.168
[2018.10.08-23.25.47:285][170]LightingResults: New page: Lighting Build
[2018.10.08-23.25.47:286][170]LoadErrors: New page: Loading map: Tlist_Testing.umap
[2018.10.08-23.25.47:286][170]MapCheck: New page: Map Check
[2018.10.08-23.25.47:286][170]LightingResults: New page: Lighting Build
[2018.10.08-23.25.47:322][170]LogAIModule: Creating AISystem for world Tlist_Testing
[2018.10.08-23.25.47:373][170]LogEditorServer: Finished looking for orphan Actors (0.000 secs)
[2018.10.08-23.25.47:426][170]Cmd: MAP CHECKDEP NOCLEARLOG
[2018.10.08-23.25.47:485][170]MapCheck: Map check complete: 0 Error(s), 0 Warning(s), took 58.295ms to complete.
[2018.10.08-23.25.47:485][170]LogFileHelpers: Loading map 'Tlist_Testing' took 0.206
[2018.10.08-23.25.51:621][663]LogAIModule: Creating AISystem for world RandomSceneSN
[2018.10.08-23.25.51:623][663]LogAssetEditorManager: Opening Asset editor for World /Game/Maps/RandomSceneSN.RandomSceneSN
[2018.10.08-23.25.51:643][663]Cmd: MAP LOAD FILE="../../../../../../Users/sae/Documents/GitHub/GPG210-Prototypes/PlatformerPrototype/Content/Maps/RandomSceneSN.umap" TEMPLATE=0 SHOWPROGRESS=1 FEATURELEVEL=3
[2018.10.08-23.25.51:643][663]LightingResults: New page: Lighting Build
[2018.10.08-23.25.51:643][663]LoadErrors: New page: Loading map: RandomSceneSN.umap
[2018.10.08-23.25.51:645][663]MapCheck: New page: Map Check
[2018.10.08-23.25.51:645][663]LightingResults: New page: Lighting Build
[2018.10.08-23.25.51:705][663]LogEditorServer: Finished looking for orphan Actors (0.000 secs)
[2018.10.08-23.25.51:749][663]Cmd: MAP CHECKDEP NOCLEARLOG
[2018.10.08-23.25.51:804][663]MapCheck: Map check complete: 0 Error(s), 0 Warning(s), took 55.282ms to complete.
[2018.10.08-23.25.51:804][663]LogFileHelpers: Loading map 'RandomSceneSN' took 0.162
[2018.10.08-23.26.02:059][749]LogSlate: Window 'Delete Assets' being destroyed
[2018.10.08-23.26.02:069][749]LightingResults: New page: Lighting Build
[2018.10.08-23.26.02:069][749]MapCheck: New page: Map Check
[2018.10.08-23.26.02:069][749]LightingResults: New page: Lighting Build
[2018.10.08-23.26.02:090][749]LogAIModule: Creating AISystem for world Untitled
[2018.10.08-23.26.02:138][749]LoadErrors: New page: New Map
[2018.10.08-23.26.02:143][749]LogAIModule: Creating AISystem for world RandomSceneSN
[2018.10.08-23.26.15:063][257]LogAIModule: Creating AISystem for world TL_Level_2
[2018.10.08-23.26.15:070][257]LogAssetEditorManager: Opening Asset editor for World /Game/ThirdPersonBP/Maps/Thomas_List_Levels/TL_Level_2.TL_Level_2
[2018.10.08-23.26.15:090][257]LightingResults: New page: Lighting Build
[2018.10.08-23.26.15:090][257]LoadErrors: New page: Loading map: TL_Level_2.umap
[2018.10.08-23.26.15:090][257]MapCheck: New page: Map Check
[2018.10.08-23.26.15:090][257]LightingResults: New page: Lighting Build
[2018.10.08-23.26.15:173][257]LogEditorServer: Finished looking for orphan Actors (0.000 secs)
[2018.10.08-23.26.15:221][257]Cmd: MAP CHECKDEP NOCLEARLOG
[2018.10.08-23.26.15:280][257]MapCheck: Map check complete: 0 Error(s), 0 Warning(s), took 60.288ms to complete.
[2018.10.08-23.26.15:282][257]LogFileHelpers: Loading map 'TL_Level_2' took 0.193
[2018.10.08-23.26.32:617][314]LogAssetEditorManager: Opening Asset editor for MapBuildDataRegistry /Game/ThirdPersonBP/Maps/Thomas_List_Levels/Tlist_Testing_BuiltData.Tlist_Testing_BuiltData
[2018.10.08-23.26.34:529][537]LogSlate: Window 'Tlist_Testing_BuiltData - Generic Asset Editor' being destroyed
[2018.10.08-23.26.34:533][537]LogSlate: Window 'Tlist_Testing_BuiltData - Generic Asset Editor' being destroyed
[2018.10.08-23.26.53:580][593]LogSlate: Window 'Delete Assets' being destroyed
[2018.10.08-23.27.12:882][867]LogMaterial: Display: Missing cached shader map for material Material_0, compiling. 
[2018.10.08-23.27.12:943][868]LogShaderCompilers: Display: Shaders left to compile 44
[2018.10.08-23.27.12:943][868]LogShaderCompilers: Display: Shaders left to compile 34
[2018.10.08-23.27.12:943][868]LogShaderCompilers: Display: Shaders left to compile 24
[2018.10.08-23.27.12:943][868]LogShaderCompilers: Display: Shaders left to compile 14
[2018.10.08-23.27.12:951][868]LogMaterial: Display: Missing cached shader map for material Material_1, compiling. 
[2018.10.08-23.27.12:982][869]LogMaterial: Display: Missing cached shader map for material Material_2, compiling. 
[2018.10.08-23.27.13:017][870]LogMaterial: Display: Missing cached shader map for material Material_3, compiling. 
[2018.10.08-23.27.14:744][ 73]LogShaderCompilers: Display: Shaders left to compile 136
[2018.10.08-23.27.14:846][ 85]LogShaderCompilers: Display: Shaders left to compile 126
[2018.10.08-23.27.15:020][106]LogShaderCompilers: Display: Shaders left to compile 116
[2018.10.08-23.27.16:061][231]LogShaderCompilers: Display: Shaders left to compile 106
[2018.10.08-23.27.16:061][231]LogShaderCompilers: Display: Shaders left to compile 96
[2018.10.08-23.27.16:385][270]LogShaderCompilers: Display: Shaders left to compile 86
[2018.10.08-23.27.16:436][276]LogShaderCompilers: Display: Shaders left to compile 76
[2018.10.08-23.27.17:736][431]LogShaderCompilers: Display: Shaders left to compile 66
[2018.10.08-23.27.17:871][447]LogShaderCompilers: Display: Shaders left to compile 56
[2018.10.08-23.27.18:063][470]LogShaderCompilers: Display: Shaders left to compile 46
[2018.10.08-23.27.18:613][535]LogShaderCompilers: Display: Shaders left to compile 36
[2018.10.08-23.27.19:484][640]LogShaderCompilers: Display: Shaders left to compile 26
[2018.10.08-23.27.19:569][650]LogShaderCompilers: Display: Shaders left to compile 16
[2018.10.08-23.27.20:053][708]LogShaderCompilers: Display: Shaders left to compile 6
[2018.10.08-23.27.52:079][376]LogSlate: Window 'New Level' being destroyed
[2018.10.08-23.27.52:084][376]Cmd: MAP LOAD FILE="../../../Engine/Content/Maps/Templates/Template_Default.umap" TEMPLATE=1 SHOWPROGRESS=1 FEATURELEVEL=3
[2018.10.08-23.27.52:090][376]LightingResults: New page: Lighting Build
[2018.10.08-23.27.52:091][376]LoadErrors: New page: Loading map: Template_Default.umap
[2018.10.08-23.27.52:092][376]MapCheck: New page: Map Check
[2018.10.08-23.27.52:092][376]LightingResults: New page: Lighting Build
[2018.10.08-23.27.52:156][376]LogAIModule: Creating AISystem for world Untitled_4
[2018.10.08-23.27.52:208][376]LogEditorServer: Finished looking for orphan Actors (0.000 secs)
[2018.10.08-23.27.52:236][376]Cmd: MAP CHECKDEP NOCLEARLOG
[2018.10.08-23.27.52:297][376]MapCheck: Map check complete: 0 Error(s), 0 Warning(s), took 61.394ms to complete.
[2018.10.08-23.27.52:297][376]LogFileHelpers: Loading map 'Template_Default' took 0.215
[2018.10.08-23.28.11:268][858]LogTextFormatter: Warning: Failed to parse argument "ExistingAsset" as a number (using "0" as a fallback). Please check your format string for errors: "{ExistingAsset} already exists. Do you want to replace it?".
[2018.10.08-23.28.13:789][858]LogSlate: Window 'Message' being destroyed
[2018.10.08-23.28.13:794][858]LogSlate: Window 'Save Level As' being destroyed
[2018.10.08-23.28.13:925][858]LogSavePackage: Moving '../../../../../../Users/sae/Documents/GitHub/GPG210-Prototypes/PlatformerPrototype/Saved/Tlist_Testing663237D246D11C35AEAADE8217664E6D.tmp' to '../../../../../../Users/sae/Documents/GitHub/GPG210-Prototypes/PlatformerPrototype/Content/ThirdPersonBP/Maps/Thomas_List_Levels/Tlist_Testing.umap'
[2018.10.08-23.28.13:968][858]LogSavePackage: Moving '../../../../../../Users/sae/Documents/GitHub/GPG210-Prototypes/PlatformerPrototype/Saved/Tlist_Testing_BuiltData7B4D319D4E43E176855D1FB1A14B719B.tmp' to '../../../../../../Users/sae/Documents/GitHub/GPG210-Prototypes/PlatformerPrototype/Content/ThirdPersonBP/Maps/Thomas_List_Levels/Tlist_Testing_BuiltData.uasset'
[2018.10.08-23.28.13:974][858]LogFileHelpers: Saving map 'Tlist_Testing' took 0.177
[2018.10.08-23.28.13:982][858]LightingResults: New page: Lighting Build
[2018.10.08-23.28.13:983][858]LoadErrors: New page: Loading map: Tlist_Testing.umap
[2018.10.08-23.28.13:983][858]MapCheck: New page: Map Check
[2018.10.08-23.28.13:983][858]LightingResults: New page: Lighting Build
[2018.10.08-23.28.14:020][858]LogAIModule: Creating AISystem for world Tlist_Testing
[2018.10.08-23.28.14:070][858]LogEditorServer: Finished looking for orphan Actors (0.000 secs)
[2018.10.08-23.28.14:118][858]Cmd: MAP CHECKDEP NOCLEARLOG
[2018.10.08-23.28.14:177][858]MapCheck: Map check complete: 0 Error(s), 0 Warning(s), took 58.473ms to complete.
[2018.10.08-23.28.14:177][858]LogFileHelpers: Loading map 'Tlist_Testing' took 0.203
[2018.10.08-23.28.25:992][259]LogSavePackage: Moving '../../../../../../Users/sae/Documents/GitHub/GPG210-Prototypes/PlatformerPrototype/Saved/Tlist_Testing318BF24A4401E8BEC28DE79580BE5A41.tmp' to '../../../../../../Users/sae/Documents/GitHub/GPG210-Prototypes/PlatformerPrototype/Content/ThirdPersonBP/Maps/Thomas_List_Levels/Tlist_Testing.umap'
[2018.10.08-23.28.26:044][259]LogSavePackage: Moving '../../../../../../Users/sae/Documents/GitHub/GPG210-Prototypes/PlatformerPrototype/Saved/Tlist_Testing_BuiltData576800414AC10C69EC8C8DBC9421EAB9.tmp' to '../../../../../../Users/sae/Documents/GitHub/GPG210-Prototypes/PlatformerPrototype/Content/ThirdPersonBP/Maps/Thomas_List_Levels/Tlist_Testing_BuiltData.uasset'
[2018.10.08-23.28.32:956][ 73]LogSlate: Window 'PlatformerPrototype - Unreal Editor' being destroyed
[2018.10.08-23.28.33:331][ 74]Cmd: QUIT_EDITOR
[2018.10.08-23.28.33:371][ 74]LogWindowsTextInputMethodSystem: Display: IME system now deactivated.
[2018.10.08-23.28.33:419][ 74]LogExit: Preparing to exit.
[2018.10.08-23.28.33:717][ 74]LogExit: Editor shut down
[2018.10.08-23.28.33:718][ 74]LogExit: Transaction tracking system shut down
[2018.10.08-23.28.34:280][ 74]LogExit: Object subsystem successfully closed.
[2018.10.08-23.28.34:300][ 74]LogShaderCompilers: Display: Shaders left to compile 0
[2018.10.08-23.28.34:306][ 74]LogD3D11RHI: Shutdown
[2018.10.08-23.28.34:306][ 74]LogD3D11RHI: CleanupD3DDevice
[2018.10.08-23.28.34:312][ 74]LogD3D11RHI: ~FD3D11DynamicRHI
[2018.10.08-23.28.34:356][ 74]LogModuleManager: Shutting down and abandoning module NewLevelDialog (634)
[2018.10.08-23.28.34:356][ 74]LogModuleManager: Shutting down and abandoning module HierarchicalLODUtilities (632)
[2018.10.08-23.28.34:356][ 74]LogModuleManager: Shutting down and abandoning module ExternalImagePicker (630)
[2018.10.08-23.28.34:356][ 74]LogModuleManager: Shutting down and abandoning module HierarchicalLODOutliner (628)
[2018.10.08-23.28.34:356][ 74]LogModuleManager: Shutting down and abandoning module SceneOutliner (626)
[2018.10.08-23.28.34:356][ 74]LogModuleManager: Shutting down and abandoning module AddContentDialog (624)
[2018.10.08-23.28.34:357][ 74]LogModuleManager: Shutting down and abandoning module WidgetCarousel (623)
[2018.10.08-23.28.34:357][ 74]LogModuleManager: Shutting down and abandoning module EditorWidgets (620)
[2018.10.08-23.28.34:357][ 74]LogModuleManager: Shutting down and abandoning module CollectionManager (618)
[2018.10.08-23.28.34:357][ 74]LogModuleManager: Shutting down and abandoning module StatsViewer (616)
[2018.10.08-23.28.34:357][ 74]LogModuleManager: Shutting down and abandoning module FoliageEdit (614)
[2018.10.08-23.28.34:357][ 74]LogModuleManager: Shutting down and abandoning module LandscapeEditor (612)
[2018.10.08-23.28.34:357][ 74]LogModuleManager: Shutting down and abandoning module MeshPaintMode (610)
[2018.10.08-23.28.34:357][ 74]LogModuleManager: Shutting down and abandoning module SceneDepthPickerMode (608)
[2018.10.08-23.28.34:357][ 74]LogModuleManager: Shutting down and abandoning module ActorPickerMode (606)
[2018.10.08-23.28.34:358][ 74]LogModuleManager: Shutting down and abandoning module GeometryMode (604)
[2018.10.08-23.28.34:358][ 74]LogModuleManager: Shutting down and abandoning module TextureAlignMode (602)
[2018.10.08-23.28.34:358][ 74]LogModuleManager: Shutting down and abandoning module BspMode (600)
[2018.10.08-23.28.34:358][ 74]LogModuleManager: Shutting down and abandoning module PIEPreviewDeviceProfileSelector (598)
[2018.10.08-23.28.34:358][ 74]LogModuleManager: Shutting down and abandoning module SequenceRecorderSections (596)
[2018.10.08-23.28.34:358][ 74]LogModuleManager: Shutting down and abandoning module AutomationWorker (594)
[2018.10.08-23.28.34:358][ 74]LogModuleManager: Shutting down and abandoning module DatasmithFBXImporter (592)
[2018.10.08-23.28.34:358][ 74]LogModuleManager: Shutting down and abandoning module DatasmithDeltaGenImporter (590)
[2018.10.08-23.28.34:358][ 74]LogModuleManager: Shutting down and abandoning module DatasmithVREDImporter (588)
[2018.10.08-23.28.34:358][ 74]LogModuleManager: Shutting down and abandoning module AudioCaptureEditor (586)
[2018.10.08-23.28.34:358][ 74]LogModuleManager: Shutting down and abandoning module SequenceRecorder (585)
[2018.10.08-23.28.34:358][ 74]LogModuleManager: Shutting down and abandoning module MatineeToLevelSequence (582)
[2018.10.08-23.28.34:358][ 74]LogModuleManager: Shutting down and abandoning module LevelSequenceEditor (580)
[2018.10.08-23.28.34:358][ 74]LogModuleManager: Shutting down and abandoning module PlacementMode (579)
[2018.10.08-23.28.34:358][ 74]LogModuleManager: Shutting down and abandoning module MaterialEditor (578)
[2018.10.08-23.28.34:358][ 74]LogModuleManager: Shutting down and abandoning module WmfMediaFactory (574)
[2018.10.08-23.28.34:358][ 74]LogModuleManager: Shutting down and abandoning module WmfMediaEditor (572)
[2018.10.08-23.28.34:358][ 74]LogModuleManager: Shutting down and abandoning module MediaPlayerEditor (570)
[2018.10.08-23.28.34:359][ 74]LogModuleManager: Shutting down and abandoning module OpenExrWrapper (568)
[2018.10.08-23.28.34:359][ 74]LogModuleManager: Shutting down and abandoning module ImgMediaFactory (566)
[2018.10.08-23.28.34:359][ 74]LogModuleManager: Shutting down and abandoning module ImgMediaEditor (564)
[2018.10.08-23.28.34:359][ 74]LogModuleManager: Shutting down and abandoning module AvfMediaFactory (562)
[2018.10.08-23.28.34:359][ 74]LogModuleManager: Shutting down and abandoning module AvfMediaEditor (560)
[2018.10.08-23.28.34:359][ 74]LogModuleManager: Shutting down and abandoning module AndroidMediaFactory (558)
[2018.10.08-23.28.34:359][ 74]LogModuleManager: Shutting down and abandoning module AndroidMediaEditor (556)
[2018.10.08-23.28.34:359][ 74]LogModuleManager: Shutting down and abandoning module MagicLeapCameraPreviewFactory (554)
[2018.10.08-23.28.34:359][ 74]LogModuleManager: Shutting down and abandoning module MagicLeapMediaFactory (552)
[2018.10.08-23.28.34:359][ 74]LogModuleManager: Shutting down and abandoning module MagicLeapMediaEditor (550)
[2018.10.08-23.28.34:359][ 74]LogModuleManager: Shutting down and abandoning module CharacterAI (548)
[2018.10.08-23.28.34:359][ 74]LogModuleManager: Shutting down and abandoning module SmartSnapping (546)
[2018.10.08-23.28.34:359][ 74]LogModuleManager: Shutting down and abandoning module SessionServices (544)
[2018.10.08-23.28.34:359][ 74]LogModuleManager: Shutting down and abandoning module ViewportSnapping (542)
[2018.10.08-23.28.34:359][ 74]LogModuleManager: Shutting down and abandoning module ViewportInteraction (540)
[2018.10.08-23.28.34:359][ 74]LogModuleManager: Shutting down and abandoning module ClothPainter (538)
[2018.10.08-23.28.34:359][ 74]LogModuleManager: Shutting down and abandoning module SkeletalMeshEditor (537)
[2018.10.08-23.28.34:359][ 74]LogModuleManager: Shutting down and abandoning module LogVisualizer (534)
[2018.10.08-23.28.34:359][ 74]LogModuleManager: Shutting down and abandoning module IntroTutorials (532)
[2018.10.08-23.28.34:359][ 74]LogModuleManager: Shutting down and abandoning module GameProjectGeneration (531)
[2018.10.08-23.28.34:359][ 74]LogModuleManager: Shutting down and abandoning module LuminPlatformEditor (528)
[2018.10.08-23.28.34:359][ 74]LogModuleManager: Shutting down and abandoning module IOSPlatformEditor (526)
[2018.10.08-23.28.34:360][ 74]LogModuleManager: Shutting down and abandoning module HTML5PlatformEditor (524)
[2018.10.08-23.28.34:360][ 74]LogModuleManager: Shutting down and abandoning module AndroidPlatformEditor (522)
[2018.10.08-23.28.34:360][ 74]LogModuleManager: Shutting down and abandoning module AndroidDeviceDetection (521)
[2018.10.08-23.28.35:192][ 74]LogModuleManager: Shutting down and abandoning module WindowsPlatformEditor (518)
[2018.10.08-23.28.35:192][ 74]LogModuleManager: Shutting down and abandoning module LuminRuntimeSettings (516)
[2018.10.08-23.28.35:192][ 74]LogModuleManager: Shutting down and abandoning module IOSRuntimeSettings (514)
[2018.10.08-23.28.35:192][ 74]LogModuleManager: Shutting down and abandoning module AndroidRuntimeSettings (512)
[2018.10.08-23.28.35:193][ 74]LogModuleManager: Shutting down and abandoning module InputBindingEditor (510)
[2018.10.08-23.28.35:193][ 74]LogModuleManager: Shutting down and abandoning module MergeActors (508)
[2018.10.08-23.28.35:193][ 74]LogModuleManager: Shutting down and abandoning module LocalizationDashboard (506)
[2018.10.08-23.28.35:193][ 74]LogModuleManager: Shutting down and abandoning module LocalizationService (505)
[2018.10.08-23.28.35:193][ 74]LogModuleManager: Shutting down and abandoning module HardwareTargeting (502)
[2018.10.08-23.28.35:193][ 74]LogModuleManager: Shutting down and abandoning module DeviceProfileEditor (500)
[2018.10.08-23.28.35:193][ 74]LogModuleManager: Shutting down and abandoning module UndoHistory (498)
[2018.10.08-23.28.35:193][ 74]LogModuleManager: Shutting down and abandoning module XmlParser (496)
[2018.10.08-23.28.35:193][ 74]LogModuleManager: Shutting down and abandoning module Blutility (494)
[2018.10.08-23.28.35:193][ 74]LogModuleManager: Shutting down and abandoning module ProjectSettingsViewer (492)
[2018.10.08-23.28.35:194][ 74]LogModuleManager: Shutting down and abandoning module ProjectTargetPlatformEditor (491)
[2018.10.08-23.28.35:194][ 74]LogModuleManager: Shutting down and abandoning module EditorSettingsViewer (488)
[2018.10.08-23.28.35:194][ 74]LogModuleManager: Shutting down and abandoning module SettingsEditor (486)
[2018.10.08-23.28.35:194][ 74]LogModuleManager: Shutting down and abandoning module ProjectLauncher (484)
[2018.10.08-23.28.35:194][ 74]LogModuleManager: Shutting down and abandoning module SessionFrontend (482)
[2018.10.08-23.28.35:194][ 74]LogModuleManager: Shutting down and abandoning module ProfilerClient (480)
[2018.10.08-23.28.35:194][ 74]LogModuleManager: Shutting down and abandoning module DeviceManager (478)
[2018.10.08-23.28.35:194][ 74]LogModuleManager: Shutting down and abandoning module TargetDeviceServices (477)
[2018.10.08-23.28.35:261][ 74]LogModuleManager: Shutting down and abandoning module AutomationController (474)
[2018.10.08-23.28.35:261][ 74]LogModuleManager: Shutting down and abandoning module AutomationWindow (472)
[2018.10.08-23.28.35:261][ 74]LogModuleManager: Shutting down and abandoning module Layers (470)
[2018.10.08-23.28.35:261][ 74]LogModuleManager: Shutting down and abandoning module ComponentVisualizers (468)
[2018.10.08-23.28.35:261][ 74]LogModuleManager: Shutting down and abandoning module DetailCustomizations (466)
[2018.10.08-23.28.35:261][ 74]LogModuleManager: Shutting down and abandoning module PackagesDialog (464)
[2018.10.08-23.28.35:262][ 74]LogModuleManager: Shutting down and abandoning module Persona (462)
[2018.10.08-23.28.35:262][ 74]LogModuleManager: Shutting down and abandoning module AnimGraph (461)
[2018.10.08-23.28.35:262][ 74]LogModuleManager: Shutting down and abandoning module Kismet (458)
[2018.10.08-23.28.35:263][ 74]LogModuleManager: Shutting down and abandoning module GraphEditor (456)
[2018.10.08-23.28.35:263][ 74]LogModuleManager: Shutting down and abandoning module ClassViewer (454)
[2018.10.08-23.28.35:263][ 74]LogModuleManager: Shutting down and abandoning module Toolbox (452)
[2018.10.08-23.28.35:263][ 74]LogModuleManager: Shutting down and abandoning module ModuleUI (450)
[2018.10.08-23.28.35:263][ 74]LogModuleManager: Shutting down and abandoning module MovieSceneTools (448)
[2018.10.08-23.28.35:264][ 74]LogModuleManager: Shutting down and abandoning module OutputLog (446)
[2018.10.08-23.28.35:264][ 74]LogModuleManager: Shutting down and abandoning module GammaUI (444)
[2018.10.08-23.28.35:264][ 74]LogModuleManager: Shutting down and abandoning module Documentation (442)
[2018.10.08-23.28.35:264][ 74]LogModuleManager: Shutting down and abandoning module MovieSceneTracks (440)
[2018.10.08-23.28.35:264][ 74]LogModuleManager: Shutting down and abandoning module MovieScene (438)
[2018.10.08-23.28.35:264][ 74]LogModuleManager: Shutting down and abandoning module StreamingPauseRendering (436)
[2018.10.08-23.28.35:264][ 74]LogModuleManager: Shutting down and abandoning module LauncherPlatform (434)
[2018.10.08-23.28.35:264][ 74]LogModuleManager: Shutting down and abandoning module AnalyticsET (432)
[2018.10.08-23.28.35:264][ 74]LogModuleManager: Shutting down and abandoning module PortalServices (430)
[2018.10.08-23.28.35:264][ 74]LogModuleManager: Shutting down and abandoning module PortalRpc (428)
[2018.10.08-23.28.35:264][ 74]LogModuleManager: Shutting down and abandoning module MessagingRpc (426)
[2018.10.08-23.28.35:265][ 74]LogModuleManager: Shutting down and abandoning module AIModule (424)
[2018.10.08-23.28.35:265][ 74]LogModuleManager: Shutting down and abandoning module GameplayDebugger (423)
[2018.10.08-23.28.35:265][ 74]LogModuleManager: Shutting down and abandoning module AITestSuite (421)
[2018.10.08-23.28.35:265][ 74]LogModuleManager: Shutting down and abandoning module NavigationSystem (419)
[2018.10.08-23.28.35:265][ 74]LogModuleManager: Shutting down and abandoning module DesktopPlatform (416)
[2018.10.08-23.28.35:265][ 74]LogModuleManager: Shutting down and abandoning module ProfilerService (414)
[2018.10.08-23.28.35:369][ 74]LogModuleManager: Shutting down and abandoning module TaskGraph (412)
[2018.10.08-23.28.35:369][ 74]LogModuleManager: Shutting down and abandoning module DatasmithCADImporter (410)
[2018.10.08-23.28.35:370][ 74]LogModuleManager: Shutting down and abandoning module StaticMeshEditorExtension (408)
[2018.10.08-23.28.35:370][ 74]LogModuleManager: Shutting down and abandoning module StaticMeshEditor (407)
[2018.10.08-23.28.35:370][ 74]LogModuleManager: Shutting down and abandoning module AdvancedPreviewScene (406)
[2018.10.08-23.28.35:370][ 74]LogModuleManager: Shutting down and abandoning module DatasmithMDLImporter (402)
[2018.10.08-23.28.35:373][ 74]LogModuleManager: Shutting down and abandoning module DatasmithImporter (400)
[2018.10.08-23.28.35:374][ 74]LogModuleManager: Shutting down and abandoning module SteamVRController (398)
[2018.10.08-23.28.35:374][ 74]LogModuleManager: Shutting down and abandoning module ProceduralMeshComponentEditor (396)
[2018.10.08-23.28.35:374][ 74]LogModuleManager: Shutting down and abandoning module ProceduralMeshComponent (394)
[2018.10.08-23.28.35:374][ 74]LogModuleManager: Shutting down and abandoning module OculusInput (392)
[2018.10.08-23.28.35:374][ 74]LogModuleManager: Shutting down and abandoning module MobilePatchingUtils (390)
[2018.10.08-23.28.35:374][ 74]LogModuleManager: Shutting down and abandoning module EditableMesh (388)
[2018.10.08-23.28.35:374][ 74]LogModuleManager: Shutting down and abandoning module CustomMeshComponent (386)
[2018.10.08-23.28.35:374][ 74]LogModuleManager: Shutting down and abandoning module CableComponent (384)
[2018.10.08-23.28.35:374][ 74]LogModuleManager: Shutting down and abandoning module AudioCapture (382)
[2018.10.08-23.28.35:374][ 74]LogModuleManager: Shutting down and abandoning module ArchVisCharacter (380)
[2018.10.08-23.28.35:374][ 74]LogModuleManager: Shutting down and abandoning module AndroidPermission (378)
[2018.10.08-23.28.35:374][ 74]LogModuleManager: Shutting down and abandoning module NUTUnrealEngine4 (376)
[2018.10.08-23.28.35:375][ 74]LogModuleManager: Shutting down and abandoning module NetcodeUnitTest (374)
[2018.10.08-23.28.35:375][ 74]LogModuleManager: Shutting down and abandoning module MediaCompositingEditor (372)
[2018.10.08-23.28.35:375][ 74]LogModuleManager: Shutting down and abandoning module MediaCompositing (370)
[2018.10.08-23.28.35:375][ 74]LogModuleManager: Shutting down and abandoning module LinearTimecode (368)
[2018.10.08-23.28.35:375][ 74]LogModuleManager: Shutting down and abandoning module ImgMedia (366)
[2018.10.08-23.28.35:386][ 74]LogModuleManager: Shutting down and abandoning module HTML5Networking (364)
[2018.10.08-23.28.35:386][ 74]LogModuleManager: Shutting down and abandoning module GeometryCacheTracks (362)
[2018.10.08-23.28.35:386][ 74]LogModuleManager: Shutting down and abandoning module GeometryCacheSequencer (360)
[2018.10.08-23.28.35:386][ 74]LogModuleManager: Shutting down and abandoning module BackChannel (358)
[2018.10.08-23.28.35:387][ 74]LogModuleManager: Shutting down and abandoning module AppleVision (356)
[2018.10.08-23.28.35:387][ 74]LogModuleManager: Shutting down and abandoning module AppleImageUtils (354)
[2018.10.08-23.28.35:387][ 74]LogModuleManager: Shutting down and abandoning module AlembicImporter (352)
[2018.10.08-23.28.35:387][ 74]LogModuleManager: Shutting down and abandoning module AlembicLibrary (351)
[2018.10.08-23.28.35:387][ 74]LogModuleManager: Shutting down and abandoning module GeometryCache (350)
[2018.10.08-23.28.35:387][ 74]LogModuleManager: Shutting down and abandoning module GeometryCacheEd (349)
[2018.10.08-23.28.35:387][ 74]LogModuleManager: Shutting down and abandoning module DatasmithContentEditor (344)
[2018.10.08-23.28.35:387][ 74]LogModuleManager: Shutting down and abandoning module DatasmithContent (342)
[2018.10.08-23.28.35:388][ 74]LogModuleManager: Shutting down and abandoning module SpeedTreeImporter (340)
[2018.10.08-23.28.35:388][ 74]LogModuleManager: Shutting down and abandoning module PluginBrowser (338)
[2018.10.08-23.28.35:388][ 74]LogModuleManager: Shutting down and abandoning module MobileLauncherProfileWizard (336)
[2018.10.08-23.28.35:388][ 74]LogModuleManager: Shutting down and abandoning module PolygonModeling (334)
[2018.10.08-23.28.35:388][ 74]LogModuleManager: Shutting down and abandoning module MeshEditor (332)
[2018.10.08-23.28.35:389][ 74]LogModuleManager: Shutting down and abandoning module EditorScriptingUtilities (330)
[2018.10.08-23.28.35:389][ 74]LogModuleManager: Shutting down and abandoning module CryptoKeysOpenSSL (328)
[2018.10.08-23.28.35:389][ 74]LogModuleManager: Shutting down and abandoning module CryptoKeys (326)
[2018.10.08-23.28.35:389][ 74]LogModuleManager: Shutting down and abandoning module VisualStudioSourceCodeAccess (324)
[2018.10.08-23.28.35:389][ 74]LogModuleManager: Shutting down and abandoning module VisualStudioCodeSourceCodeAccess (322)
[2018.10.08-23.28.35:389][ 74]LogModuleManager: Shutting down and abandoning module UObjectPlugin (320)
[2018.10.08-23.28.35:389][ 74]LogModuleManager: Shutting down and abandoning module SubversionSourceControl (318)
[2018.10.08-23.28.35:389][ 74]LogModuleManager: Shutting down and abandoning module PerforceSourceControl (316)
[2018.10.08-23.28.35:389][ 74]LogModuleManager: Shutting down and abandoning module GitSourceControl (314)
[2018.10.08-23.28.35:389][ 74]LogModuleManager: Shutting down and abandoning module SourceControl (313)
[2018.10.08-23.28.35:389][ 74]LogModuleManager: Shutting down and abandoning module CLionSourceCodeAccess (310)
[2018.10.08-23.28.35:390][ 74]LogModuleManager: Shutting down and abandoning module LightPropagationVolumeEditor (308)
[2018.10.08-23.28.35:390][ 74]LogModuleManager: Shutting down and abandoning module PaperTiledImporter (306)
[2018.10.08-23.28.35:390][ 74]LogModuleManager: Shutting down and abandoning module PaperSpriteSheetImporter (304)
[2018.10.08-23.28.35:390][ 74]LogModuleManager: Shutting down and abandoning module Paper2DEditor (302)
[2018.10.08-23.28.35:390][ 74]LogModuleManager: Shutting down and abandoning module MeshPaint (301)
[2018.10.08-23.28.35:390][ 74]LogModuleManager: Shutting down and abandoning module RuntimePhysXCooking (298)
[2018.10.08-23.28.35:390][ 74]LogModuleManager: Shutting down and abandoning module PhysXVehiclesEditor (296)
[2018.10.08-23.28.35:390][ 74]LogModuleManager: Shutting down and abandoning module PhysXVehicles (294)
[2018.10.08-23.28.35:390][ 74]LogModuleManager: Shutting down and abandoning module OculusEditor (292)
[2018.10.08-23.28.35:390][ 74]LogModuleManager: Shutting down and abandoning module LocationServicesBPLibrary (290)
[2018.10.08-23.28.35:390][ 74]LogModuleManager: Shutting down and abandoning module ImmediatePhysicsEditor (288)
[2018.10.08-23.28.35:391][ 74]LogModuleManager: Shutting down and abandoning module ImmediatePhysics (286)
[2018.10.08-23.28.35:391][ 74]LogModuleManager: Shutting down and abandoning module ActorSequence (284)
[2018.10.08-23.28.35:391][ 74]LogModuleManager: Shutting down and abandoning module UdpMessaging (282)
[2018.10.08-23.28.35:492][ 74]LogModuleManager: Shutting down and abandoning module TcpMessaging (280)
[2018.10.08-23.28.35:593][ 74]LogModuleManager: Shutting down and abandoning module MagicLeapAudio (278)
[2018.10.08-23.28.35:593][ 74]LogModuleManager: Shutting down and abandoning module GameplayTagsEditor (276)
[2018.10.08-23.28.35:593][ 74]LogModuleManager: Shutting down and abandoning module FacialAnimationEditor (274)
[2018.10.08-23.28.35:593][ 74]LogModuleManager: Shutting down and abandoning module FacialAnimation (272)
[2018.10.08-23.28.35:593][ 74]LogModuleManager: Shutting down and abandoning module DataValidation (270)
[2018.10.08-23.28.35:593][ 74]LogModuleManager: Shutting down and abandoning module AssetManagerEditor (268)
[2018.10.08-23.28.35:593][ 74]LogModuleManager: Shutting down and abandoning module LevelEditor (267)
[2018.10.08-23.28.35:595][ 74]LogModuleManager: Shutting down and abandoning module PixelInspectorModule (266)
[2018.10.08-23.28.35:595][ 74]LogModuleManager: Shutting down and abandoning module CommonMenuExtensions (264)
[2018.10.08-23.28.35:596][ 74]LogModuleManager: Shutting down and abandoning module MainFrame (262)
[2018.10.08-23.28.35:596][ 74]LogModuleManager: Shutting down and abandoning module HotReload (261)
[2018.10.08-23.28.35:597][ 74]LogModuleManager: Shutting down and abandoning module ContentBrowser (257)
[2018.10.08-23.28.35:600][ 74]LogModuleManager: Shutting down and abandoning module TreeMap (255)
[2018.10.08-23.28.35:600][ 74]LogModuleManager: Shutting down and abandoning module LightPropagationVolumeRuntime (252)
[2018.10.08-23.28.35:600][ 74]LogModuleManager: Shutting down and abandoning module AISupportModule (250)
[2018.10.08-23.28.35:600][ 74]LogModuleManager: Shutting down and abandoning module Paper2D (248)
[2018.10.08-23.28.35:600][ 74]LogModuleManager: Shutting down and abandoning module WindowsMoviePlayer (246)
[2018.10.08-23.28.35:600][ 74]LogModuleManager: Shutting down and abandoning module WmfMedia (244)
[2018.10.08-23.28.35:604][ 74]LogModuleManager: Shutting down and abandoning module Media (243)
[2018.10.08-23.28.35:611][ 74]LogModuleManager: Shutting down and abandoning module PacketHandler (240)
[2018.10.08-23.28.35:611][ 74]LogModuleManager: Shutting down and abandoning module ClothingSystemEditor (238)
[2018.10.08-23.28.35:611][ 74]LogModuleManager: Shutting down and abandoning module ClothingSystemRuntime (236)
[2018.10.08-23.28.35:611][ 74]LogModuleManager: Shutting down and abandoning module MediaAssets (234)
[2018.10.08-23.28.35:611][ 74]LogModuleManager: Shutting down and abandoning module Overlay (232)
[2018.10.08-23.28.35:611][ 74]LogModuleManager: Shutting down and abandoning module OverlayEditor (231)
[2018.10.08-23.28.35:611][ 74]LogModuleManager: Shutting down and abandoning module VREditor (228)
[2018.10.08-23.28.35:611][ 74]LogModuleManager: Shutting down and abandoning module StringTableEditor (226)
[2018.10.08-23.28.35:612][ 74]LogModuleManager: Shutting down and abandoning module GameplayTasksEditor (224)
[2018.10.08-23.28.35:612][ 74]LogModuleManager: Shutting down and abandoning module BehaviorTreeEditor (222)
[2018.10.08-23.28.35:612][ 74]LogModuleManager: Shutting down and abandoning module FunctionalTesting (220)
[2018.10.08-23.28.35:612][ 74]LogModuleManager: Shutting down and abandoning module CollisionAnalyzer (218)
[2018.10.08-23.28.35:612][ 74]LogModuleManager: Shutting down and abandoning module WorkspaceMenuStructure (217)
[2018.10.08-23.28.35:612][ 74]LogModuleManager: Shutting down and abandoning module UMG (214)
[2018.10.08-23.28.35:612][ 74]LogModuleManager: Shutting down and abandoning module UMGEditor (213)
[2018.10.08-23.28.35:612][ 74]LogModuleManager: Shutting down and abandoning module Sequencer (212)
[2018.10.08-23.28.35:613][ 74]LogModuleManager: Shutting down and abandoning module MessageLog (209)
[2018.10.08-23.28.35:613][ 74]LogModuleManager: Shutting down and abandoning module SlateReflector (204)
[2018.10.08-23.28.35:613][ 74]LogModuleManager: Shutting down and abandoning module Slate (202)
[2018.10.08-23.28.35:613][ 74]LogModuleManager: Shutting down and abandoning module EditorStyle (200)
[2018.10.08-23.28.35:618][ 74]LogModuleManager: Shutting down and abandoning module MRMesh (198)
[2018.10.08-23.28.35:618][ 74]LogModuleManager: Shutting down and abandoning module SourceCodeAccess (196)
[2018.10.08-23.28.35:618][ 74]LogModuleManager: Shutting down and abandoning module HeadMountedDisplay (194)
[2018.10.08-23.28.35:618][ 74]LogModuleManager: Shutting down and abandoning module XAudio2 (192)
[2018.10.08-23.28.35:618][ 74]LogModuleManager: Shutting down and abandoning module Networking (190)
[2018.10.08-23.28.35:618][ 74]LogModuleManager: Shutting down and abandoning module Core (188)
[2018.10.08-23.28.35:618][ 74]LogModuleManager: Shutting down and abandoning module LevelSequence (186)
[2018.10.08-23.28.35:618][ 74]LogModuleManager: Shutting down and abandoning module KismetCompiler (184)
[2018.10.08-23.28.35:618][ 74]LogModuleManager: Shutting down and abandoning module MeshUtilities (182)
[2018.10.08-23.28.35:618][ 74]LogModuleManager: Shutting down and abandoning module MeshMergeUtilities (181)
[2018.10.08-23.28.35:619][ 74]LogModuleManager: Shutting down and abandoning module MeshReductionInterface (180)
[2018.10.08-23.28.35:619][ 74]LogModuleManager: Shutting down and abandoning module SimplygonSwarm (179)
[2018.10.08-23.28.35:619][ 74]LogModuleManager: Shutting down and abandoning module ProxyLODMeshReduction (177)
[2018.10.08-23.28.35:619][ 74]LogModuleManager: Shutting down and abandoning module SimplygonMeshReduction (175)
[2018.10.08-23.28.35:619][ 74]LogModuleManager: Shutting down and abandoning module QuadricMeshReduction (173)
[2018.10.08-23.28.35:619][ 74]LogModuleManager: Shutting down and abandoning module MaterialBaking (169)
[2018.10.08-23.28.35:619][ 74]LogModuleManager: Shutting down and abandoning module DirectoryWatcher (165)
[2018.10.08-23.28.35:619][ 74]LogModuleManager: Shutting down and abandoning module DerivedDataCache (162)
[2018.10.08-23.28.35:640][ 74]LogDerivedDataCache: Shutdown
[2018.10.08-23.28.35:640][ 74]LogModuleManager: Shutting down and abandoning module XGEController (160)
[2018.10.08-23.28.35:641][ 74]LogXGEController: Cleaning working directory: C:/Users/sae/AppData/Local/Temp/UnrealXGEWorkingDir/
[2018.10.08-23.28.35:641][ 74]LogModuleManager: Shutting down and abandoning module TargetPlatform (158)
[2018.10.08-23.28.35:641][ 74]LogModuleManager: Shutting down and abandoning module VulkanShaderFormat (157)
[2018.10.08-23.28.35:641][ 74]LogModuleManager: Shutting down and abandoning module ShaderFormatVectorVM (155)
[2018.10.08-23.28.35:641][ 74]LogModuleManager: Shutting down and abandoning module ShaderFormatOpenGL (153)
[2018.10.08-23.28.35:641][ 74]LogModuleManager: Shutting down and abandoning module ShaderFormatD3D (151)
[2018.10.08-23.28.35:641][ 74]LogModuleManager: Shutting down and abandoning module MetalShaderFormat (149)
[2018.10.08-23.28.35:641][ 74]LogModuleManager: Shutting down and abandoning module TextureFormatUncompressed (147)
[2018.10.08-23.28.35:641][ 74]LogModuleManager: Shutting down and abandoning module TextureFormatPVR (145)
[2018.10.08-23.28.35:641][ 74]LogModuleManager: Shutting down and abandoning module TextureFormatDXT (143)
[2018.10.08-23.28.35:642][ 74]LogModuleManager: Shutting down and abandoning module TextureFormatIntelISPCTexComp (141)
[2018.10.08-23.28.35:642][ 74]LogModuleManager: Shutting down and abandoning module TextureFormatASTC (139)
[2018.10.08-23.28.35:642][ 74]LogModuleManager: Shutting down and abandoning module ImageWrapper (138)
[2018.10.08-23.28.35:642][ 74]LogModuleManager: Shutting down and abandoning module TextureFormatAndroid (135)
[2018.10.08-23.28.35:642][ 74]LogModuleManager: Shutting down and abandoning module AudioFormatOpus (133)
[2018.10.08-23.28.35:642][ 74]LogModuleManager: Shutting down and abandoning module AudioFormatOgg (131)
[2018.10.08-23.28.35:642][ 74]LogModuleManager: Shutting down and abandoning module AudioFormatADPCM (129)
[2018.10.08-23.28.35:642][ 74]LogModuleManager: Shutting down and abandoning module LuminTargetPlatform (127)
[2018.10.08-23.28.35:642][ 74]LogModuleManager: Shutting down and abandoning module LinuxTargetPlatform (125)
[2018.10.08-23.28.35:642][ 74]LogModuleManager: Shutting down and abandoning module LinuxServerTargetPlatform (123)
[2018.10.08-23.28.35:642][ 74]LogModuleManager: Shutting down and abandoning module LinuxNoEditorTargetPlatform (121)
[2018.10.08-23.28.35:643][ 74]LogModuleManager: Shutting down and abandoning module LinuxClientTargetPlatform (119)
[2018.10.08-23.28.35:643][ 74]LogModuleManager: Shutting down and abandoning module TVOSTargetPlatform (117)
[2018.10.08-23.28.35:645][ 74]LogModuleManager: Shutting down and abandoning module Messaging (115)
[2018.10.08-23.28.35:645][ 74]LogModuleManager: Shutting down and abandoning module IOSTargetPlatform (113)
[2018.10.08-23.28.35:647][ 74]LogModuleManager: Shutting down and abandoning module HTML5TargetPlatform (111)
[2018.10.08-23.28.35:647][ 74]LogModuleManager: Shutting down and abandoning module AndroidTargetPlatform (109)
[2018.10.08-23.28.35:659][ 74]LogModuleManager: Shutting down and abandoning module WindowsTargetPlatform (107)
[2018.10.08-23.28.35:660][ 74]LogModuleManager: Shutting down and abandoning module WindowsServerTargetPlatform (105)
[2018.10.08-23.28.35:660][ 74]LogModuleManager: Shutting down and abandoning module WindowsNoEditorTargetPlatform (103)
[2018.10.08-23.28.35:660][ 74]LogModuleManager: Shutting down and abandoning module WindowsClientTargetPlatform (101)
[2018.10.08-23.28.35:660][ 74]LogModuleManager: Shutting down and abandoning module MacTargetPlatform (99)
[2018.10.08-23.28.35:660][ 74]LogModuleManager: Shutting down and abandoning module MacServerTargetPlatform (97)
[2018.10.08-23.28.35:660][ 74]LogModuleManager: Shutting down and abandoning module MacNoEditorTargetPlatform (95)
[2018.10.08-23.28.35:660][ 74]LogModuleManager: Shutting down and abandoning module MacClientTargetPlatform (93)
[2018.10.08-23.28.35:660][ 74]LogModuleManager: Shutting down and abandoning module AllDesktopTargetPlatform (91)
[2018.10.08-23.28.35:660][ 74]LogModuleManager: Shutting down and abandoning module InputCore (88)
[2018.10.08-23.28.35:660][ 74]LogModuleManager: Shutting down and abandoning module Settings (86)
[2018.10.08-23.28.35:660][ 74]LogModuleManager: Shutting down and abandoning module PhysXCooking (84)
[2018.10.08-23.28.35:660][ 74]LogModuleManager: Shutting down and abandoning module SteamVR (82)
[2018.10.08-23.28.35:660][ 74]LogModuleManager: Shutting down and abandoning module OculusHMD (80)
[2018.10.08-23.28.35:660][ 74]LogModuleManager: Shutting down and abandoning module ExampleDeviceProfileSelector (78)
[2018.10.08-23.28.35:660][ 74]LogModuleManager: Shutting down and abandoning module LauncherChunkInstaller (76)
[2018.10.08-23.28.35:660][ 74]LogModuleManager: Shutting down and abandoning module OnlineBlueprintSupport (74)
[2018.10.08-23.28.35:660][ 74]LogModuleManager: Shutting down and abandoning module OnlineSubsystem (70)
[2018.10.08-23.28.35:662][ 74]LogModuleManager: Shutting down and abandoning module XMPP (65)
[2018.10.08-23.28.35:662][ 74]LogModuleManager: Shutting down and abandoning module WebSockets (64)
[2018.10.08-23.28.35:672][ 74]LogModuleManager: Shutting down and abandoning module HTTP (61)
[2018.10.08-23.28.35:672][ 74]LogHttp: Display: Http module shutting down, but needs to wait on 1 outstanding Http requests:
[2018.10.08-23.28.35:672][ 74]LogHttp: Display: 	verb=[POST] url=[https://datarouter.ol.epicgames.com/datarouter/api/v1/public/data?SessionID=%7B1675999D-4E8F-4A46-24F1-69831F5FF831%7D&AppID=UEEditor.Rocket.Release&AppVersion=4.20.2-4302132%2B%2B%2BUE4%2BRelease-4.20&UserID=26656c2346c5cbba133f33baf66650c2%7C8c1a2c6f4e1b4539ab7cc674a1f0d00e%7C8f7ca108-0e80-45bf-b167-f38aa5d91da3&AppEnvironment=datacollector-binary&UploadType=eteventstream] status=Processing
[2018.10.08-23.28.35:683][ 74]LogModuleManager: Shutting down and abandoning module SSL (60)
[2018.10.08-23.28.35:684][ 74]LogModuleManager: Shutting down and abandoning module MagicLeapEmulator (56)
[2018.10.08-23.28.35:684][ 74]LogModuleManager: Shutting down and abandoning module MagicLeapPrivileges (54)
[2018.10.08-23.28.35:684][ 74]LogModuleManager: Shutting down and abandoning module MagicLeapIdentity (52)
[2018.10.08-23.28.35:684][ 74]LogModuleManager: Shutting down and abandoning module MagicLeapHelperVulkan (50)
[2018.10.08-23.28.35:684][ 74]LogModuleManager: Shutting down and abandoning module MagicLeapHelperOpenGL (48)
[2018.10.08-23.28.35:684][ 74]LogModuleManager: Shutting down and abandoning module MagicLeapSecureStorage (46)
[2018.10.08-23.28.35:684][ 74]LogModuleManager: Shutting down and abandoning module MagicLeapGestures (44)
[2018.10.08-23.28.35:684][ 74]LogModuleManager: Shutting down and abandoning module MagicLeapEyeTracker (42)
[2018.10.08-23.28.35:684][ 74]LogModuleManager: Shutting down and abandoning module MagicLeapController (40)
[2018.10.08-23.28.35:684][ 74]LogSlate: Slate User Destroyed.  User Index 0, Is Virtual User: 0
[2018.10.08-23.28.35:684][ 74]LogModuleManager: Shutting down and abandoning module MagicLeap (38)
[2018.10.08-23.28.35:684][ 74]LogModuleManager: Shutting down and abandoning module AnimationModifiers (36)
[2018.10.08-23.28.35:684][ 74]LogModuleManager: Shutting down and abandoning module PropertyEditor (35)
[2018.10.08-23.28.35:684][ 74]LogModuleManager: Shutting down and abandoning module AudioEditor (32)
[2018.10.08-23.28.35:684][ 74]LogModuleManager: Shutting down and abandoning module TextureCompressor (30)
[2018.10.08-23.28.35:685][ 74]LogModuleManager: Shutting down and abandoning module ShaderCore (28)
[2018.10.08-23.28.35:685][ 74]LogModuleManager: Shutting down and abandoning module Landscape (26)
[2018.10.08-23.28.35:685][ 74]LogModuleManager: Shutting down and abandoning module SlateRHIRenderer (24)
[2018.10.08-23.28.35:685][ 74]LogModuleManager: Shutting down and abandoning module OpenGLDrv (22)
[2018.10.08-23.28.35:685][ 74]LogModuleManager: Shutting down and abandoning module D3D11RHI (20)
[2018.10.08-23.28.35:685][ 74]LogModuleManager: Shutting down and abandoning module AnimGraphRuntime (18)
[2018.10.08-23.28.35:685][ 74]LogModuleManager: Shutting down and abandoning module Renderer (16)
[2018.10.08-23.28.35:685][ 74]LogModuleManager: Shutting down and abandoning module Engine (14)
[2018.10.08-23.28.35:685][ 74]LogModuleManager: Shutting down and abandoning module CoreUObject (12)
[2018.10.08-23.28.35:685][ 74]LogModuleManager: Shutting down and abandoning module NetworkFile (10)
[2018.10.08-23.28.35:685][ 74]LogModuleManager: Shutting down and abandoning module CookedIterativeFile (8)
[2018.10.08-23.28.35:685][ 74]LogModuleManager: Shutting down and abandoning module StreamingFile (6)
[2018.10.08-23.28.35:685][ 74]LogModuleManager: Shutting down and abandoning module SandboxFile (4)
[2018.10.08-23.28.35:685][ 74]LogModuleManager: Shutting down and abandoning module PakFile (2)
[2018.10.08-23.28.35:698][ 74]LogExit: Exiting.
[2018.10.08-23.28.35:726][ 74]Log file closed, 10/09/18 10:28:35
