Log file open, 12/04/18 11:35:21
LogWindows: Failed to load 'aqProf.dll' (GetLastError=126)
LogWindows: File 'aqProf.dll' does not exist
LogWindows: Failed to load 'VSPerf140.dll' (GetLastError=126)
LogWindows: File 'VSPerf140.dll' does not exist
LogWindows: Failed to load 'VtuneApi.dll' (GetLastError=126)
LogWindows: File 'VtuneApi.dll' does not exist
LogWindows: Failed to load 'VtuneApi32e.dll' (GetLastError=126)
LogWindows: File 'VtuneApi32e.dll' does not exist
LogInit: Display: Running engine for game: PlatformerPrototype
LogPlatformFile: Not using cached read wrapper
LogTaskGraph: Started task graph with 5 named threads and 23 total threads with 3 sets of task threads.
LogStats: Stats thread started at 0.271361
LogD3D11RHI: Loaded GFSDK_Aftermath_Lib.x64.dll
LogICUInternationalization: Display: ICU TimeZone Detection - Raw Offset: +10:00, Platform Override: ''
LogPluginManager: Mounting plugin Paper2D
LogPluginManager: Mounting plugin AISupport
LogPluginManager: Mounting plugin LightPropagationVolume
LogPluginManager: Mounting plugin CLionSourceCodeAccess
LogPluginManager: Mounting plugin CodeLiteSourceCodeAccess
LogPluginManager: Mounting plugin GitSourceControl
LogPluginManager: Mounting plugin KDevelopSourceCodeAccess
LogPluginManager: Mounting plugin NullSourceCodeAccess
LogPluginManager: Mounting plugin PerforceSourceControl
LogPluginManager: Mounting plugin SubversionSourceControl
LogPluginManager: Mounting plugin UObjectPlugin
LogPluginManager: Mounting plugin VisualStudioCodeSourceCodeAccess
LogPluginManager: Mounting plugin VisualStudioSourceCodeAccess
LogPluginManager: Mounting plugin XCodeSourceCodeAccess
LogPluginManager: Mounting plugin AssetManagerEditor
LogPluginManager: Mounting plugin CryptoKeys
LogPluginManager: Mounting plugin DataValidation
LogPluginManager: Mounting plugin EditorScriptingUtilities
LogPluginManager: Mounting plugin FacialAnimation
LogPluginManager: Mounting plugin GameplayTagsEditor
LogPluginManager: Mounting plugin MacGraphicsSwitching
LogPluginManager: Mounting plugin MeshEditor
LogPluginManager: Mounting plugin MobileLauncherProfileWizard
LogPluginManager: Mounting plugin PluginBrowser
LogPluginManager: Mounting plugin SpeedTreeImporter
LogPluginManager: Mounting plugin DatasmithContent
LogPluginManager: Mounting plugin AlembicImporter
LogPluginManager: Mounting plugin AppleImageUtils
LogPluginManager: Mounting plugin AppleVision
LogPluginManager: Mounting plugin BackChannel
LogPluginManager: Mounting plugin CharacterAI
LogPluginManager: Mounting plugin GeometryCache
LogPluginManager: Mounting plugin HTML5Networking
LogPluginManager: Mounting plugin ProxyLODPlugin
LogPluginManager: Mounting plugin MagicLeap
LogPluginManager: Mounting plugin MagicLeapEmulator
LogPluginManager: Mounting plugin MagicLeapMedia
LogPluginManager: Mounting plugin AndroidMedia
LogPluginManager: Mounting plugin AvfMedia
LogPluginManager: Mounting plugin ImgMedia
LogPluginManager: Mounting plugin LinearTimecode
LogPluginManager: Mounting plugin MediaCompositing
LogPluginManager: Mounting plugin MediaPlayerEditor
LogPluginManager: Mounting plugin WmfMedia
LogPluginManager: Mounting plugin TcpMessaging
LogPluginManager: Mounting plugin UdpMessaging
LogPluginManager: Mounting plugin ActorSequence
LogPluginManager: Mounting plugin LevelSequenceEditor
LogPluginManager: Mounting plugin MatineeToLevelSequence
LogPluginManager: Mounting plugin NetcodeUnitTest
LogPluginManager: Mounting plugin NUTUnrealEngine4
LogPluginManager: Mounting plugin OnlineSubsystemGooglePlay
LogPluginManager: Mounting plugin OnlineSubsystemIOS
LogPluginManager: Mounting plugin OnlineSubsystem
LogPluginManager: Mounting plugin OnlineSubsystemNull
LogPluginManager: Mounting plugin OnlineSubsystemUtils
LogPluginManager: Mounting plugin LauncherChunkInstaller
LogPluginManager: Mounting plugin AndroidDeviceProfileSelector
LogPluginManager: Mounting plugin AndroidMoviePlayer
LogPluginManager: Mounting plugin AndroidPermission
LogPluginManager: Mounting plugin AppleMoviePlayer
LogPluginManager: Mounting plugin ArchVisCharacter
LogPluginManager: Mounting plugin AudioCapture
LogPluginManager: Mounting plugin CableComponent
LogPluginManager: Mounting plugin CustomMeshComponent
LogPluginManager: Mounting plugin EditableMesh
LogPluginManager: Mounting plugin ExampleDeviceProfileSelector
LogPluginManager: Mounting plugin GoogleCloudMessaging
LogPluginManager: Mounting plugin ImmediatePhysics
LogPluginManager: Mounting plugin IOSDeviceProfileSelector
LogPluginManager: Mounting plugin LinuxDeviceProfileSelector
LogPluginManager: Mounting plugin LocationServicesBPLibrary
LogPluginManager: Mounting plugin MobilePatchingUtils
LogPluginManager: Mounting plugin OculusVR
LogPluginManager: Plugin shader directory ../../../Engine/Plugins/Runtime/Oculus/OculusVR/Shaders found
LogPluginManager: Mapping shader source directory ../../../Engine/Plugins/Runtime/Oculus/OculusVR/Shaders to virtual directory /Plugin/OculusVR
LogPluginManager: Mounting plugin PhysXVehicles
LogPluginManager: Mounting plugin ProceduralMeshComponent
LogPluginManager: Mounting plugin RuntimePhysXCooking
LogPluginManager: Mounting plugin SteamVR
LogPluginManager: Mounting plugin WindowsMoviePlayer
LogPluginManager: Mounting plugin DatasmithCADImporter
LogPluginManager: Mounting plugin DatasmithFBXImporter
LogPluginManager: Mounting plugin DatasmithImporter
LogPluginManager: Mounting plugin DatasmithMDLImporter
LogPluginManager: Mounting plugin StaticMeshEditorExtension
LogStreaming: Display: Took  0.087s to configure plugins.
LogInit: Using libcurl 7.55.1-DEV
LogInit:  - built for x86_64-pc-win32
LogInit:  - supports SSL with OpenSSL/1.0.2h
LogInit:  - supports HTTP deflate (compression) using libz 1.2.8
LogInit:  - other features:
LogInit:      CURL_VERSION_SSL
LogInit:      CURL_VERSION_LIBZ
LogInit:      CURL_VERSION_IPV6
LogInit:      CURL_VERSION_ASYNCHDNS
LogInit:      CURL_VERSION_LARGEFILE
LogInit:      CURL_VERSION_IDN
LogInit:  CurlRequestOptions (configurable via config and command line):
LogInit:  - bVerifyPeer = false  - Libcurl will NOT verify peer certificate
LogInit:  - bUseHttpProxy = false  - Libcurl will NOT use HTTP proxy
LogInit:  - bDontReuseConnections = false  - Libcurl will reuse connections
LogInit:  - CertBundlePath = nullptr  - Libcurl will use whatever was configured at build time.
LogInit:  - MaxHostConnections = 16  - Libcurl will limit the number of connections to a host
LogInit:  - LocalHostAddr = Default
LogInit:  - BufferSize = 65536
LogInit: WinSock: version 1.1 (2.2), MaxSocks=32767, MaxUdp=65467
LogHMD: Failed initializing OVRPlugin 1.25.0
LogInit: Build: ++UE4+Release-4.20-CL-4369336
LogInit: Engine Version: 4.20.3-4369336+++UE4+Release-4.20
LogInit: Compatible Engine Version: 4.20.0-4212847+++UE4+Release-4.20
LogInit: Net CL: 4212847
LogInit: OS: Windows 10 (), CPU: Intel(R) Core(TM) i7-6700 CPU @ 3.40GHz, GPU: NVIDIA GeForce GTX 980
LogInit: Compiled (64-bit): Sep 17 2018 12:26:19
LogInit: Compiled with Visual C++: 19.13.26129.00
LogInit: Build Configuration: Development
LogInit: Branch Name: ++UE4+Release-4.20
LogInit: Command Line:  
LogInit: Base Directory: C:/Program Files/Epic Games/UE_4.20/Engine/Binaries/Win64/
LogInit: Installed Engine Build: 1
LogDevObjectVersion: Number of dev versions registered: 20
LogDevObjectVersion:   Dev-Blueprints (B0D832E4-1F89-4F0D-ACCF-7EB736FD4AA2): 10
LogDevObjectVersion:   Dev-Build (E1C64328-A22C-4D53-A36C-8E866417BD8C): 0
LogDevObjectVersion:   Dev-Core (375EC13C-06E4-48FB-B500-84F0262A717E): 2
LogDevObjectVersion:   Dev-Editor (E4B068ED-F494-42E9-A231-DA0B2E46BB41): 24
LogDevObjectVersion:   Dev-Framework (CFFC743F-43B0-4480-9391-14DF171D2073): 34
LogDevObjectVersion:   Dev-Mobile (B02B49B5-BB20-44E9-A304-32B752E40360): 2
LogDevObjectVersion:   Dev-Networking (A4E4105C-59A1-49B5-A7C5-40C4547EDFEE): 0
LogDevObjectVersion:   Dev-Online (39C831C9-5AE6-47DC-9A44-9C173E1C8E7C): 0
LogDevObjectVersion:   Dev-Physics (78F01B33-EBEA-4F98-B9B4-84EACCB95AA2): 0
LogDevObjectVersion:   Dev-Platform (6631380F-2D4D-43E0-8009-CF276956A95A): 0
LogDevObjectVersion:   Dev-Rendering (12F88B9F-8875-4AFC-A67C-D90C383ABD29): 26
LogDevObjectVersion:   Dev-Sequencer (7B5AE74C-D270-4C10-A958-57980B212A5A): 9
LogDevObjectVersion:   Dev-VR (D7296918-1DD6-4BDD-9DE2-64A83CC13884): 2
LogDevObjectVersion:   Dev-LoadTimes (C2A15278-BFE7-4AFE-6C17-90FF531DF755): 1
LogDevObjectVersion:   Private-Geometry (6EACA3D4-40EC-4CC1-B786-8BED09428FC5): 3
LogDevObjectVersion:   Dev-AnimPhys (29E575DD-E0A3-4627-9D10-D276232CDCEA): 17
LogDevObjectVersion:   Dev-ReflectionCapture (6B266CEC-1EC7-4B8F-A30B-E4D90942FC07): 1
LogDevObjectVersion:   Dev-Automation (0DF73D61-A23F-47EA-B727-89E90C41499A): 1
LogDevObjectVersion:   FortniteMain (601D1886-AC64-4F84-AA16-D3DE0DEAC7D6): 12
LogDevObjectVersion:   Dev-Enterprise (9DFFBCD6-494F-0158-E221-12823C92A888): 1
LogStreaming: Display: Took  0.005s to delete old logs.
LogInit: Presizing for max 8388607 objects, including 0 objects not considered by GC, pre-allocating 0 bytes for permanent pool.
LogInit: Object subsystem initialized
[2018.12.04-00.35.21:851][  0]LogInit: Selected Device Profile: [Windows]
[2018.12.04-00.35.21:851][  0]LogInit: Applying CVar settings loaded from the selected device profile: [Windows]
[2018.12.04-00.35.21:889][  0]LogHAL: Display: Platform has ~ 32 GB [34270724096 / 34359738368 / 32], which maps to Largest [LargestMinGB=32, LargerMinGB=12, DefaultMinGB=8, SmallerMinGB=6, SmallestMinGB=0)
[2018.12.04-00.35.21:889][  0]LogInit: Setting Device Profile CVar: [[r.Vulkan.UseRealUBs:1]]
[2018.12.04-00.35.21:889][  0]LogInit: Going up to parent DeviceProfile []
[2018.12.04-00.35.21:890][  0]LogInit: Computer: SYD-R304-PC05
[2018.12.04-00.35.21:890][  0]LogInit: User: igarpendal
[2018.12.04-00.35.21:890][  0]LogInit: CPU Page size=4096, Cores=4
[2018.12.04-00.35.21:890][  0]LogInit: High frequency timer resolution =3.328123 MHz
[2018.12.04-00.35.21:890][  0]LogMemory: Memory total: Physical=31.9GB (32GB approx)
[2018.12.04-00.35.21:890][  0]LogMemory: Platform Memory Stats for Windows
[2018.12.04-00.35.21:890][  0]LogMemory: Process Physical Memory: 103.66 MB used, 103.66 MB peak
[2018.12.04-00.35.21:890][  0]LogMemory: Process Virtual Memory: 96.34 MB used, 96.34 MB peak
[2018.12.04-00.35.21:890][  0]LogMemory: Physical Memory: 6044.14 MB used,  26638.97 MB free, 32683.11 MB total
[2018.12.04-00.35.21:890][  0]LogMemory: Virtual Memory: 4657.41 MB used,  26638.97 MB free, 134217728.00 MB total
[2018.12.04-00.35.21:913][  0]LogInit: Using OS detected language (en-US).
[2018.12.04-00.35.21:913][  0]LogInit: Using OS detected locale (en-AU).
[2018.12.04-00.35.21:913][  0]LogTextLocalizationManager: No specific localization for 'en-US' exists, so the 'en' localization will be used.
[2018.12.04-00.35.22:265][  0]LogStreaming: Display: Took  0.353s to InitEngineTextLocalization.
[2018.12.04-00.35.22:265][  0]LogInit: Setting process to per monitor DPI aware
[2018.12.04-00.35.22:295][  0]LogSlate: New Slate User Created.  User Index 0, Is Virtual User: 0
[2018.12.04-00.35.22:295][  0]LogSlate: Slate User Registered.  User Index 0, Is Virtual User: 0
[2018.12.04-00.35.22:460][  0]LogHMD: Failed to initialize OpenVR with code 126
[2018.12.04-00.35.22:460][  0]LogD3D11RHI: D3D11 adapters:
[2018.12.04-00.35.22:514][  0]LogD3D11RHI:    0. 'NVIDIA GeForce GTX 980' (Feature Level 11_0)
[2018.12.04-00.35.22:514][  0]LogD3D11RHI:       4053/0/16341 MB DedicatedVideo/DedicatedSystem/SharedSystem, Outputs:1, VendorId:0x10de
[2018.12.04-00.35.22:515][  0]LogD3D11RHI:    1. 'Microsoft Basic Render Driver' (Feature Level 11_0)
[2018.12.04-00.35.22:515][  0]LogD3D11RHI:       0/0/16341 MB DedicatedVideo/DedicatedSystem/SharedSystem, Outputs:0, VendorId:0x1414
[2018.12.04-00.35.22:515][  0]LogD3D11RHI: Chosen D3D11 Adapter: 0
[2018.12.04-00.35.22:520][  0]LogD3D11RHI: Creating new Direct3DDevice
[2018.12.04-00.35.22:520][  0]LogD3D11RHI:     GPU DeviceId: 0x13c0 (for the marketing name, search the web for "GPU Device Id")
[2018.12.04-00.35.22:520][  0]LogWindows: EnumDisplayDevices:
[2018.12.04-00.35.22:521][  0]LogWindows:    0. 'NVIDIA GeForce GTX 980' (P:1 D:1)
[2018.12.04-00.35.22:521][  0]LogWindows:    1. 'NVIDIA GeForce GTX 980' (P:0 D:0)
[2018.12.04-00.35.22:521][  0]LogWindows:    2. 'NVIDIA GeForce GTX 980' (P:0 D:0)
[2018.12.04-00.35.22:521][  0]LogWindows:    3. 'NVIDIA GeForce GTX 980' (P:0 D:0)
[2018.12.04-00.35.22:521][  0]LogWindows: DebugString: FoundDriverCount:4 
[2018.12.04-00.35.22:521][  0]LogD3D11RHI:     Adapter Name: NVIDIA GeForce GTX 980
[2018.12.04-00.35.22:521][  0]LogD3D11RHI:   Driver Version: 398.82 (internal:24.21.13.9882, unified:398.82)
[2018.12.04-00.35.22:521][  0]LogD3D11RHI:      Driver Date: 7-30-2018
[2018.12.04-00.35.22:521][  0]LogRHI: Texture pool is 2837 MB (70% of 4053 MB)
[2018.12.04-00.35.22:558][  0]LogD3D11RHI: Async texture creation enabled
[2018.12.04-00.35.22:574][  0]LogD3D11RHI: GPU Timing Frequency: 1000.000000 (Debug: 2 2)
[2018.12.04-00.35.22:616][  0]LogShaderCompilers: Guid format shader working directory is -39 characters bigger than the processId version (../../../../../../Users/igarpendal/Documents/GitHub/GPG210-Prototypes/PlatformerPrototype/Intermediate/Shaders/WorkingDirectory/19300/).
[2018.12.04-00.35.22:616][  0]LogShaderCompilers: Cleaned the shader compiler working directory 'C:/Users/igarpendal/AppData/Local/Temp/UnrealShaderWorkingDir/AF91B9C6466FBA360DC329938303B366/'.
[2018.12.04-00.35.22:855][  0]LogTemp: Display: Loaded TP AllDesktopTargetPlatform
[2018.12.04-00.35.22:869][  0]LogTemp: Display: Loaded TP MacClientTargetPlatform
[2018.12.04-00.35.22:885][  0]LogTemp: Display: Loaded TP MacNoEditorTargetPlatform
[2018.12.04-00.35.22:897][  0]LogTemp: Display: Loaded TP MacServerTargetPlatform
[2018.12.04-00.35.22:911][  0]LogTemp: Display: Loaded TP MacTargetPlatform
[2018.12.04-00.35.22:924][  0]LogTemp: Display: Loaded TP WindowsClientTargetPlatform
[2018.12.04-00.35.22:940][  0]LogTemp: Display: Loaded TP WindowsNoEditorTargetPlatform
[2018.12.04-00.35.22:956][  0]LogTemp: Display: Loaded TP WindowsServerTargetPlatform
[2018.12.04-00.35.22:964][  0]LogTemp: Display: Loaded TP WindowsTargetPlatform
[2018.12.04-00.35.23:066][  0]LogTemp: Display: Loaded TP AndroidTargetPlatform
[2018.12.04-00.35.23:066][  0]LogTemp: Display: Loaded TP AndroidTargetPlatform
[2018.12.04-00.35.23:066][  0]LogTemp: Display: Loaded TP AndroidTargetPlatform
[2018.12.04-00.35.23:066][  0]LogTemp: Display: Loaded TP AndroidTargetPlatform
[2018.12.04-00.35.23:066][  0]LogTemp: Display: Loaded TP AndroidTargetPlatform
[2018.12.04-00.35.23:066][  0]LogTemp: Display: Loaded TP AndroidTargetPlatform
[2018.12.04-00.35.23:066][  0]LogTemp: Display: Loaded TP AndroidTargetPlatform
[2018.12.04-00.35.23:066][  0]LogTemp: Display: Loaded TP AndroidTargetPlatform
[2018.12.04-00.35.23:066][  0]LogTemp: Display: Loaded TP AndroidTargetPlatform
[2018.12.04-00.35.23:066][  0]LogTemp: Display: Loaded TP AndroidTargetPlatform
[2018.12.04-00.35.23:066][  0]LogTemp: Display: Loaded TP AndroidTargetPlatform
[2018.12.04-00.35.23:066][  0]LogTemp: Display: Loaded TP AndroidTargetPlatform
[2018.12.04-00.35.23:066][  0]LogTemp: Display: Loaded TP AndroidTargetPlatform
[2018.12.04-00.35.23:066][  0]LogTemp: Display: Loaded TP AndroidTargetPlatform
[2018.12.04-00.35.23:066][  0]LogTemp: Display: Loaded TP AndroidTargetPlatform
[2018.12.04-00.35.23:066][  0]LogTemp: Display: Loaded TP AndroidTargetPlatform
[2018.12.04-00.35.23:066][  0]LogTemp: Display: Loaded TP AndroidTargetPlatform
[2018.12.04-00.35.23:066][  0]LogTemp: Display: Loaded TP AndroidTargetPlatform
[2018.12.04-00.35.23:067][  0]LogTemp: Display: Loaded TP HTML5TargetPlatform
[2018.12.04-00.35.23:125][  0]LogTemp: Display: Loaded TP IOSTargetPlatform
[2018.12.04-00.35.23:125][  0]LogTemp: Display: Loaded TP IOSTargetPlatform
[2018.12.04-00.35.23:148][  0]LogTemp: Display: Loaded TP TVOSTargetPlatform
[2018.12.04-00.35.23:148][  0]LogTemp: Display: Loaded TP TVOSTargetPlatform
[2018.12.04-00.35.23:160][  0]LogTemp: Display: Loaded TP LinuxClientTargetPlatform
[2018.12.04-00.35.23:173][  0]LogTemp: Display: Loaded TP LinuxNoEditorTargetPlatform
[2018.12.04-00.35.23:185][  0]LogTemp: Display: Loaded TP LinuxServerTargetPlatform
[2018.12.04-00.35.23:196][  0]LogTemp: Display: Loaded TP LinuxTargetPlatform
[2018.12.04-00.35.23:204][  0]LogTemp: Display: Loaded TP LuminTargetPlatform
[2018.12.04-00.35.23:204][  0]LogTargetPlatformManager: Display: Building Assets For Windows
[2018.12.04-00.35.23:251][  0]LogXGEController: Cleaning working directory: C:/Users/igarpendal/AppData/Local/Temp/UnrealXGEWorkingDir/
[2018.12.04-00.35.23:251][  0]LogXGEController: Cannot use XGE Controller as Incredibuild is not installed on this machine.
[2018.12.04-00.35.23:251][  0]LogShaderCompilers: Cannot use XGE Shader Compiler as Incredibuild is not installed on this machine.
[2018.12.04-00.35.23:251][  0]LogShaderCompilers: Display: Using Local Shader Compiler.
[2018.12.04-00.35.23:992][  0]LogDerivedDataCache: Display: Max Cache Size: 512 MB
[2018.12.04-00.35.24:038][  0]LogDerivedDataCache: Loaded boot cache 0.05s 72MB C:/Users/igarpendal/AppData/Local/UnrealEngine/4.20/DerivedDataCache/Boot.ddc.
[2018.12.04-00.35.24:038][  0]LogDerivedDataCache: Display: Loaded Boot cache: C:/Users/igarpendal/AppData/Local/UnrealEngine/4.20/DerivedDataCache/Boot.ddc
[2018.12.04-00.35.24:039][  0]LogDerivedDataCache: FDerivedDataBackendGraph:  Pak pak cache file ../../../../../../Users/igarpendal/Documents/GitHub/GPG210-Prototypes/PlatformerPrototype/DerivedDataCache/DDC.ddp not found, will not use a pak cache.
[2018.12.04-00.35.24:039][  0]LogDerivedDataCache: Unable to find inner node Pak for hierarchical cache Hierarchy.
[2018.12.04-00.35.24:039][  0]LogDerivedDataCache: FDerivedDataBackendGraph:  CompressedPak pak cache file ../../../../../../Users/igarpendal/Documents/GitHub/GPG210-Prototypes/PlatformerPrototype/DerivedDataCache/Compressed.ddp not found, will not use a pak cache.
[2018.12.04-00.35.24:039][  0]LogDerivedDataCache: Unable to find inner node CompressedPak for hierarchical cache Hierarchy.
[2018.12.04-00.35.24:051][  0]LogDerivedDataCache: Display: Pak cache opened for reading ../../../Engine/DerivedDataCache/Compressed.ddp.
[2018.12.04-00.35.24:063][  0]LogDerivedDataCache: Using Local data cache path C:/Users/igarpendal/AppData/Local/UnrealEngine/Common/DerivedDataCache: Writable
[2018.12.04-00.35.24:063][  0]LogDerivedDataCache: Shared data cache path not found in *engine.ini, will not use an Shared cache.
[2018.12.04-00.35.24:063][  0]LogDerivedDataCache: Unable to find inner node Shared for hierarchical cache Hierarchy.
[2018.12.04-00.35.24:079][  0]LogMaterial: Verifying Global Shaders for PCD3D_SM5
[2018.12.04-00.35.24:080][  0]LogSlate: Using FreeType 2.6.0
[2018.12.04-00.35.24:081][  0]LogSlate: SlateFontServices - WITH_FREETYPE: 1, WITH_HARFBUZZ: 1
[2018.12.04-00.35.24:149][  0]LogAssetRegistry: FAssetRegistry took 0.0262 seconds to start up
[2018.12.04-00.35.24:432][  0]LogInit: Selected Device Profile: [Windows]
[2018.12.04-00.35.24:546][  0]LogSimplygon: Simplygon DLL not present - disabling.
[2018.12.04-00.35.24:549][  0]LogMeshReduction: Using SimplygonSwarm for distributed automatic mesh merging
[2018.12.04-00.35.24:549][  0]LogMeshReduction: Using ProxyLODMeshReduction for automatic mesh merging
[2018.12.04-00.35.24:549][  0]LogMeshReduction: Using QuadricMeshReduction for automatic static mesh reduction
[2018.12.04-00.35.24:549][  0]LogMeshReduction: No automatic skeletal mesh reduction module available
[2018.12.04-00.35.24:562][  0]LogNetVersion: PlatformerPrototype 1.0.0, NetCL: 4212847, EngineNetVer: 5, GameNetVer: 0 (Checksum: 3545419167)
[2018.12.04-00.35.25:022][  0]LogPackageLocalizationCache: Processed 13 localized package path(s) for 2 prioritized culture(s) in 0.105372 seconds
[2018.12.04-00.35.25:027][  0]LogUObjectArray: 38425 objects as part of root set at end of initial load.
[2018.12.04-00.35.25:027][  0]LogUObjectAllocator: 6690872 out of 0 bytes used by permanent object pool.
[2018.12.04-00.35.25:027][  0]LogUObjectArray: CloseDisregardForGC: 0/0 objects in disregard for GC pool
[2018.12.04-00.35.25:757][  0]LogTcpMessaging: Initializing TcpMessaging bridge
[2018.12.04-00.35.25:770][  0]LogUdpMessaging: Initializing bridge on interface 0.0.0.0:0 to multicast group 230.0.0.1:6666.
[2018.12.04-00.35.25:902][  0]SourceControl: Source control is disabled
[2018.12.04-00.35.25:902][  0]SourceControl: Source control is disabled
[2018.12.04-00.35.25:903][  0]SourceControl: Source control is disabled
[2018.12.04-00.35.25:903][  0]SourceControl: Source control is disabled
[2018.12.04-00.35.26:059][  0]LogAndroidPermission: UAndroidPermissionCallbackProxy::GetInstance
[2018.12.04-00.35.26:122][  0]LogOcInput: OculusInput pre-init called
[2018.12.04-00.35.27:859][  0]LogEngine: Initializing Engine...
[2018.12.04-00.35.27:876][  0]LogHMD: Failed to initialize OpenVR with code 126
[2018.12.04-00.35.27:877][  0]LogStats: UGameplayTagsManager::ConstructGameplayTagTree: ImportINI prefixes -  0.000 s
[2018.12.04-00.35.27:877][  0]LogStats: UGameplayTagsManager::ConstructGameplayTagTree: Construct from data asset -  0.000 s
[2018.12.04-00.35.27:877][  0]LogStats: UGameplayTagsManager::ConstructGameplayTagTree: ImportINI -  0.000 s
[2018.12.04-00.35.27:877][  0]LogStats: UGameplayTagsManager::ConstructGameplayTagTree: GameplayTagTreeChangedEvent.Broadcast -  0.000 s
[2018.12.04-00.35.28:068][  0]LogInit: Initializing FReadOnlyCVARCache
[2018.12.04-00.35.28:078][  0]LogAIModule: Creating AISystem for world Untitled
[2018.12.04-00.35.28:097][  0]LogInit: XAudio2 using 'Speakers (Realtek High Definition Audio)' : 2 channels at 48 kHz using 32 bits per sample (channel mask 0x3)
[2018.12.04-00.35.28:113][  0]LogInit: FAudioDevice initialized.
[2018.12.04-00.35.28:113][  0]LogNetVersion: Set ProjectVersion to 1.0.0.0. Version Checksum will be recalculated on next use.
[2018.12.04-00.35.28:190][  0]LogDerivedDataCache: Saved boot cache 0.08s 72MB C:/Users/igarpendal/AppData/Local/UnrealEngine/4.20/DerivedDataCache/Boot.ddc.
[2018.12.04-00.35.28:200][  0]LogInit: Texture streaming: Enabled
[2018.12.04-00.35.28:213][  0]LogEngineSessionManager: EngineSessionManager initialized
[2018.12.04-00.35.28:224][  0]LogInit: Transaction tracking system initialized
[2018.12.04-00.35.28:241][  0]BlueprintLog: New page: Editor Load
[2018.12.04-00.35.28:305][  0]LocalizationService: Localization service is disabled
[2018.12.04-00.35.28:544][  0]LogCook: Display: Max memory allowance for cook 16384mb min free memory 0mb
[2018.12.04-00.35.28:544][  0]LogCook: Display: Mobile HDR setting 1
[2018.12.04-00.35.28:544][  0]LogGameplayTags: Display: UGameplayTagsManager::DoneAddingNativeTags. DelegateIsBound: 0
[2018.12.04-00.35.28:544][  0]LogStats: UGameplayTagsManager::ConstructGameplayTagTree: ImportINI prefixes -  0.000 s
[2018.12.04-00.35.28:544][  0]LogStats: UGameplayTagsManager::ConstructGameplayTagTree: Construct from data asset -  0.000 s
[2018.12.04-00.35.28:544][  0]LogStats: UGameplayTagsManager::ConstructGameplayTagTree: ImportINI -  0.000 s
[2018.12.04-00.35.28:544][  0]LogStats: UGameplayTagsManager::ConstructGameplayTagTree: GameplayTagTreeChangedEvent.Broadcast -  0.000 s
[2018.12.04-00.35.28:638][  0]LogFileCache: Scanning file cache for directory 'C:/Users/igarpendal/Documents/GitHub/GPG210-Prototypes/PlatformerPrototype/Content/' took 0.02s
[2018.12.04-00.35.29:721][  0]SourceControl: Source control is disabled
[2018.12.04-00.35.29:721][  0]Cmd: MAP LOAD FILE="../../../../../../Users/igarpendal/Documents/GitHub/GPG210-Prototypes/PlatformerPrototype/Content/ThirdPersonBP/Maps/Menu.umap" TEMPLATE=0 SHOWPROGRESS=1 FEATURELEVEL=3
[2018.12.04-00.35.29:722][  0]LightingResults: New page: Lighting Build
[2018.12.04-00.35.29:724][  0]MapCheck: New page: Map Check
[2018.12.04-00.35.29:724][  0]LightingResults: New page: Lighting Build
[2018.12.04-00.35.29:763][  0]LogAIModule: Creating AISystem for world Menu
[2018.12.04-00.35.29:767][  0]LogEditorServer: Finished looking for orphan Actors (0.000 secs)
[2018.12.04-00.35.29:789][  0]Cmd: MAP CHECKDEP NOCLEARLOG
[2018.12.04-00.35.29:840][  0]MapCheck: Map check complete: 0 Error(s), 0 Warning(s), took 51.064ms to complete.
[2018.12.04-00.35.29:840][  0]LogFileHelpers: Loading map 'Menu' took 0.119
[2018.12.04-00.35.29:934][  0]LogSlate: Updating window title bar state: overlay mode, drag disabled, window buttons hidden, title bar hidden
[2018.12.04-00.35.29:944][  0]LogSlate: Updating window title bar state: overlay mode, drag disabled, window buttons hidden, title bar hidden
[2018.12.04-00.35.29:951][  0]LogSlate: Updating window title bar state: overlay mode, drag disabled, window buttons hidden, title bar hidden
[2018.12.04-00.35.29:958][  0]LogSlate: Updating window title bar state: overlay mode, drag disabled, window buttons hidden, title bar hidden
[2018.12.04-00.35.29:964][  0]LogCollectionManager: Loaded 0 collections in 0.001575 seconds
[2018.12.04-00.35.30:005][  0]LogFileCache: Scanning file cache for directory 'C:/Users/igarpendal/Documents/GitHub/GPG210-Prototypes/PlatformerPrototype/Saved/Collections/' took 0.01s
[2018.12.04-00.35.30:005][  0]LogFileCache: Scanning file cache for directory 'C:/Users/igarpendal/Documents/GitHub/GPG210-Prototypes/PlatformerPrototype/Content/Developers/igarpendal/Collections/' took 0.01s
[2018.12.04-00.35.30:005][  0]LogFileCache: Scanning file cache for directory 'C:/Users/igarpendal/Documents/GitHub/GPG210-Prototypes/PlatformerPrototype/Content/Collections/' took 0.01s
[2018.12.04-00.35.30:005][  0]LogCollectionManager: Rebuilt the GUID cache for 0 collections in 0.000000 seconds
[2018.12.04-00.35.30:014][  0]LogContentBrowser: Native class hierarchy populated in 0.0084 seconds. Added 2621 classes and 629 folders.
[2018.12.04-00.35.30:019][  0]LogContentBrowser: Native class hierarchy updated for 'WidgetCarousel' in 0.0002 seconds. Added 0 classes and 0 folders.
[2018.12.04-00.35.30:052][  0]LogContentBrowser: Native class hierarchy updated for 'AddContentDialog' in 0.0002 seconds. Added 0 classes and 0 folders.
[2018.12.04-00.35.30:056][  0]LogContentBrowser: Native class hierarchy updated for 'SceneOutliner' in 0.0002 seconds. Added 1 classes and 2 folders.
[2018.12.04-00.35.30:070][  0]LogSlate: Took 0.000181 seconds to synchronously load lazily loaded font '../../../Engine/Content/Slate/Fonts/Roboto-Regular.ttf' (155K)
[2018.12.04-00.35.30:072][  0]LogSlate: Took 0.000159 seconds to synchronously load lazily loaded font '../../../Engine/Content/Slate/Fonts/Roboto-Bold.ttf' (160K)
[2018.12.04-00.35.30:077][  0]LogSlate: Took 0.000165 seconds to synchronously load lazily loaded font '../../../Engine/Content/Editor/Slate/Fonts/FontAwesome.ttf' (139K)
[2018.12.04-00.35.30:147][  0]LogRenderer: Reallocating scene render targets to support 1856x796 Format 10 NumSamples 1 (Frame:1).
[2018.12.04-00.35.30:249][  0]LogContentBrowser: Native class hierarchy updated for 'HierarchicalLODOutliner' in 0.0002 seconds. Added 0 classes and 0 folders.
[2018.12.04-00.35.30:249][  0]LogLoad: (Engine Initialization) Total time: 10.34 seconds
[2018.12.04-00.35.30:249][  0]LogLoad: (Engine Initialization) Total Blueprint compile time: 0.00 seconds
[2018.12.04-00.35.30:261][  0]LogSlate: FSceneViewport::OnFocusLost() reason 0
[2018.12.04-00.35.30:261][  0]LogWindowsTextInputMethodSystem: Display: IME system now deactivated.
[2018.12.04-00.35.30:285][  0]LogContentStreaming: Texture pool size now 1000 MB
[2018.12.04-00.35.30:317][  1]LogAssetRegistry: Asset discovery search completed in 6.1905 seconds
[2018.12.04-00.35.30:319][  1]LogCollectionManager: Rebuilt the object cache for 0 collections in 0.000000 seconds (found 0 objects)
[2018.12.04-00.35.30:319][  1]LogCollectionManager: Fixed up redirectors for 0 collections in 0.000043 seconds (updated 0 objects)
[2018.12.04-00.35.31:291][113]LogSlate: Took 0.000160 seconds to synchronously load lazily loaded font '../../../Engine/Content/Slate/Fonts/Roboto-Light.ttf' (167K)
[2018.12.04-00.36.01:781][431]LogAIModule: Creating AISystem for world Level_3
[2018.12.04-00.36.01:806][431]LogAssetEditorManager: Opening Asset editor for World /Game/ThirdPersonBP/Maps/Isaac_levels/Level_3.Level_3
[2018.12.04-00.36.01:831][431]Cmd: MAP LOAD FILE="../../../../../../Users/igarpendal/Documents/GitHub/GPG210-Prototypes/PlatformerPrototype/Content/ThirdPersonBP/Maps/Isaac_levels/Level_3.umap" TEMPLATE=0 SHOWPROGRESS=1 FEATURELEVEL=3
[2018.12.04-00.36.01:831][431]LightingResults: New page: Lighting Build
[2018.12.04-00.36.01:832][431]LoadErrors: New page: Loading map: Level_3.umap
[2018.12.04-00.36.01:832][431]MapCheck: New page: Map Check
[2018.12.04-00.36.01:832][431]LightingResults: New page: Lighting Build
[2018.12.04-00.36.01:887][431]LogEditorServer: Finished looking for orphan Actors (0.000 secs)
[2018.12.04-00.36.01:958][431]Cmd: MAP CHECKDEP NOCLEARLOG
[2018.12.04-00.36.02:029][431]MapCheck: Map check complete: 0 Error(s), 0 Warning(s), took 71.942ms to complete.
[2018.12.04-00.36.02:035][431]LogFileHelpers: Loading map 'Level_3' took 0.204
[2018.12.04-00.36.04:438][706]MapCheck: New page: Map Check
[2018.12.04-00.36.04:456][706]LightingResults: New page: Lighting Build - 4 Dec 2018 10:36:04 pm
[2018.12.04-00.36.04:508][706]LogSwarmInterface: [OpenConnection] Registering TCP channel ...
[2018.12.04-00.36.04:576][706]LogSwarmInterface: [OpenConnection] Connecting to agent ...
[2018.12.04-00.36.04:596][706]LogSwarmInterface: [TryOpenConnection] Testing the Agent
[2018.12.04-00.36.05:135][706]LogSwarmInterface: [TryOpenConnection] Opening Connection to Agent
[2018.12.04-00.36.05:135][706]LogSwarmInterface: [TryOpenConnection] Local Process ID is 19300
[2018.12.04-00.36.10:069][706]LogStaticLightingSystem: Running Lightmass w/ ImmediateImport mode ENABLED
[2018.12.04-00.36.10:069][706]LogStaticLightingSystem: Running Lightmass w/ ImmediateProcess mode ENABLED
[2018.12.04-00.36.10:069][706]LogStaticLightingSystem: Running Lightmass w/ Sorting mode ENABLED
[2018.12.04-00.36.10:069][706]LogStaticLightingSystem: Running Lightmass w/ Mapping paddings ENABLED
[2018.12.04-00.36.10:070][706]LogStaticLightingSystem: Running Lightmass w/ Mapping debug paddings DISABLED
[2018.12.04-00.36.10:194][706]LogEditorBuildUtils: Build time 0:05
[2018.12.04-00.36.10:233][707]LogMaterial: Display: Missing cached shader map for material FLightmassMaterialRenderer Water, compiling. 
[2018.12.04-00.36.10:252][707]LogMaterial: Display: Missing cached shader map for material FLightmassMaterialRenderer Water, compiling. 
[2018.12.04-00.36.10:261][708]LogShaderCompilers: Display: Shaders left to compile 2
[2018.12.04-00.36.11:091][708]LogShaderCompilers: Display: Shaders left to compile 2
[2018.12.04-00.36.18:577][328]Job is a success!
[2018.12.04-00.36.18:669][329]LogVolumetricLightmapImport: Imported Volumetric Lightmap in 0.061s
[2018.12.04-00.36.18:669][329]LogVolumetricLightmapImport:      Indirection Texture 32x32x32 = 0.1Mb
[2018.12.04-00.36.18:669][329]LogVolumetricLightmapImport:      BrickData 1065x5x5 = 0.9Mb (trimmed 0.4Mb due to 0.010000 MinBrickError)
[2018.12.04-00.36.18:669][329]LogVolumetricLightmapImport:      Bricks at Level
[2018.12.04-00.36.18:669][329]LogVolumetricLightmapImport:          0: 3.8% covering 100.0% of volume
[2018.12.04-00.36.18:669][329]LogVolumetricLightmapImport:          1: 4.7% covering 2.0% of volume
[2018.12.04-00.36.18:669][329]LogVolumetricLightmapImport:          2: 91.5% covering 0.6% of volume
[2018.12.04-00.36.19:259][329]LogTexture: Display: Building textures: HQ_Lightmap0_1 (AutoDXT, 1024X1024)
[2018.12.04-00.36.19:259][329]LogTexture: Display: Building textures: LQ_Lightmap_0_1 (DXT1, 1024X1024)
[2018.12.04-00.36.19:259][329]LogTexture: Display: Building textures: HQ_Lightmap0_2 (AutoDXT, 64X64)
[2018.12.04-00.36.19:259][329]LogTexture: Display: Building textures: LQ_Lightmap_0_2 (DXT1, 64X64)
[2018.12.04-00.36.19:377][329]LogTexture: Display: Building textures: ShadowMapTexture2D_1 (G8, 32X32)
[2018.12.04-00.36.19:377][329]LogTexture: Display: Building textures: ShadowMapTexture2D_0 (BGRA8, 1024X512)
[2018.12.04-00.36.19:406][329]Lightmass on SYD-R304-PC05: 7.36 sec total, 205 ms importing, 77 ms setup, 1.15 sec photons, 5.90 sec processing, 0 ms extra exporting [94/94 mappings]. Threads: 41.1 sec total, 24.0 sec processing.
[2018.12.04-00.36.19:441][329]LogStaticLightingSystem: Illumination: 14.9 sec (536 ms encoding lightmaps, 114 ms encoding shadowmaps)
[2018.12.04-00.36.19:441][329]LogStaticLightingSystem: Lightmap texture memory:  2.0 MB (2.0 MB streaming, 0.0 MB non-streaming), 4 textures
[2018.12.04-00.36.19:441][329]LogStaticLightingSystem: Shadowmap texture memory: 2.7 MB (2.7 MB streaming, 0.0 MB non-streaming), 2 textures
[2018.12.04-00.36.20:075][329]DumpUnbuiltLightIteractions
[2018.12.04-00.36.20:076][329]Lights with unbuilt interactions: 0
[2018.12.04-00.36.20:076][329]
[2018.12.04-00.36.20:076][329]Primitives with unbuilt interactions: 0
[2018.12.04-00.36.20:156][330]Cmd: MAP CHECK NOTIFYRESULTS
[2018.12.04-00.36.20:156][330]MapCheck: New page: Level_3 - 4 Dec 2018 10:36:20 pm
[2018.12.04-00.36.20:239][330]MapCheck: Map check complete: 0 Error(s), 0 Warning(s), took 82.975ms to complete.
[2018.12.04-00.36.21:334][461]LogTemp: Repeating last play command: Selected Viewport
[2018.12.04-00.36.21:360][461]LogBlueprintUserMessages: Early PlayInEditor Detection: Level '/Game/ThirdPersonBP/Maps/Isaac_levels/Level_3.Level_3:PersistentLevel' has LevelScriptBlueprint '/Game/ThirdPersonBP/Maps/Isaac_levels/Level_3.Level_3:PersistentLevel.Level_3' with GeneratedClass '/Game/ThirdPersonBP/Maps/Isaac_levels/Level_3.Level_3_C' with ClassGeneratedBy '/Game/ThirdPersonBP/Maps/Isaac_levels/Level_3.Level_3:PersistentLevel.Level_3'
[2018.12.04-00.36.21:360][461]LogPlayLevel: PlayLevel: No blueprints needed recompiling
[2018.12.04-00.36.21:372][461]PIE: New page: PIE session: Level_3 (4 Dec 2018 10:36:21 pm)
[2018.12.04-00.36.21:372][461]LogPlayLevel: Creating play world package: /Game/ThirdPersonBP/Maps/Isaac_levels/UEDPIE_0_Level_3
[2018.12.04-00.36.21:399][461]LogPlayLevel: PIE: StaticDuplicateObject took: (0.026300s)
[2018.12.04-00.36.21:399][461]LogAIModule: Creating AISystem for world Level_3
[2018.12.04-00.36.21:399][461]LogPlayLevel: PIE: World Init took: (0.000666s)
[2018.12.04-00.36.21:399][461]LogPlayLevel: PIE: Created PIE world by copying editor world from /Game/ThirdPersonBP/Maps/Isaac_levels/Level_3.Level_3 to /Game/ThirdPersonBP/Maps/Isaac_levels/UEDPIE_0_Level_3.Level_3 (0.027156s)
[2018.12.04-00.36.21:436][461]LogInit: XAudio2 using 'Speakers (Realtek High Definition Audio)' : 2 channels at 48 kHz using 32 bits per sample (channel mask 0x3)
[2018.12.04-00.36.21:446][461]LogInit: FAudioDevice initialized.
[2018.12.04-00.36.21:516][461]LogLoad: Game class is 'ThirdPersonGameMode_C'
[2018.12.04-00.36.21:529][461]LogWorld: Bringing World /Game/ThirdPersonBP/Maps/Isaac_levels/UEDPIE_0_Level_3.Level_3 up for play (max tick rate 0) at 2018.12.04-11.36.21
[2018.12.04-00.36.21:531][461]LogWorld: Bringing up level for play took: 0.012465
[2018.12.04-00.36.21:554][461]LogContentBrowser: Native class hierarchy updated for 'MovieSceneCapture' in 0.0005 seconds. Added 10 classes and 0 folders.
[2018.12.04-00.36.21:560][461]PIE: Play in editor start time for /Game/ThirdPersonBP/Maps/Isaac_levels/UEDPIE_0_Level_3 -0.063
[2018.12.04-00.36.21:561][461]LogBlueprintUserMessages: Late PlayInEditor Detection: Level '/Game/ThirdPersonBP/Maps/Isaac_levels/Level_3.Level_3:PersistentLevel' has LevelScriptBlueprint '/Game/ThirdPersonBP/Maps/Isaac_levels/Level_3.Level_3:PersistentLevel.Level_3' with GeneratedClass '/Game/ThirdPersonBP/Maps/Isaac_levels/Level_3.Level_3_C' with ClassGeneratedBy '/Game/ThirdPersonBP/Maps/Isaac_levels/Level_3.Level_3:PersistentLevel.Level_3'
[2018.12.04-00.36.22:625][568]LogNet: Browse: /Game/ThirdPersonBP/Maps/Isaac_levels/Level_3
[2018.12.04-00.36.22:625][568]LogLoad: LoadMap: /Game/ThirdPersonBP/Maps/Isaac_levels/Level_3
[2018.12.04-00.36.22:648][568]LogPlayLevel: Creating play world package: /Game/ThirdPersonBP/Maps/Isaac_levels/UEDPIE_0_Level_3
[2018.12.04-00.36.22:671][568]LogPlayLevel: PIE: StaticDuplicateObject took: (0.022168s)
[2018.12.04-00.36.22:671][568]LogAIModule: Creating AISystem for world Level_3
[2018.12.04-00.36.22:672][568]LogPlayLevel: PIE: World Init took: (0.000932s)
[2018.12.04-00.36.22:672][568]LogPlayLevel: PIE: Created PIE world by copying editor world from /Game/ThirdPersonBP/Maps/Isaac_levels/Level_3.Level_3 to /Game/ThirdPersonBP/Maps/Isaac_levels/UEDPIE_0_Level_3.Level_3 (0.023383s)
[2018.12.04-00.36.22:672][568]LogLoad: Game class is 'ThirdPersonGameMode_C'
[2018.12.04-00.36.22:679][568]LogWorld: Bringing World /Game/ThirdPersonBP/Maps/Isaac_levels/UEDPIE_0_Level_3.Level_3 up for play (max tick rate 0) at 2018.12.04-11.36.22
[2018.12.04-00.36.22:680][568]LogWorld: Bringing up level for play took: 0.007335
[2018.12.04-00.36.22:683][568]LogLoad: Took 0.058091 seconds to LoadMap(/Game/ThirdPersonBP/Maps/Isaac_levels/UEDPIE_0_Level_3)
[2018.12.04-00.36.36:454][187]LogBlueprintUserMessages: [ThirdPersonCharacter_C_0] 10
[2018.12.04-00.36.36:454][187]LogBlueprintUserMessages: [BP_Coin_2] Got Coin
[2018.12.04-00.36.37:347][294]LogBlueprintUserMessages: [ThirdPersonCharacter_C_0] 20
[2018.12.04-00.36.37:347][294]LogBlueprintUserMessages: [BP_Coin8] Got Coin
[2018.12.04-00.36.38:180][394]LogBlueprintUserMessages: [ThirdPersonCharacter_C_0] 30
[2018.12.04-00.36.38:180][394]LogBlueprintUserMessages: [BP_Coin9] Got Coin
[2018.12.04-00.36.41:464][758]LogBlueprintUserMessages: [ThirdPersonCharacter_C_0] 40
[2018.12.04-00.36.41:464][758]LogBlueprintUserMessages: [BP_Coin2_2] Got Coin
[2018.12.04-00.36.45:699][ 65]LogBlueprintUserMessages: [ThirdPersonCharacter_C_0] 50
[2018.12.04-00.36.45:699][ 65]LogBlueprintUserMessages: [BP_Coin20] Got Coin
[2018.12.04-00.36.46:673][137]LogBlueprintUserMessages: [ThirdPersonCharacter_C_0] 60
[2018.12.04-00.36.46:673][137]LogBlueprintUserMessages: [BP_Coin16] Got Coin
[2018.12.04-00.36.47:452][198]LogBlueprintUserMessages: [ThirdPersonCharacter_C_0] 70
[2018.12.04-00.36.47:452][198]LogBlueprintUserMessages: [BP_Coin10_6] Got Coin
[2018.12.04-00.36.48:004][243]LogBlueprintUserMessages: [ThirdPersonCharacter_C_0] 80
[2018.12.04-00.36.48:004][243]LogBlueprintUserMessages: [BP_Coin21] Got Coin
[2018.12.04-00.36.48:758][309]LogBlueprintUserMessages: [ThirdPersonCharacter_C_0] 90
[2018.12.04-00.36.48:758][309]LogBlueprintUserMessages: [BP_Coin17] Got Coin
[2018.12.04-00.36.49:485][377]LogBlueprintUserMessages: [ThirdPersonCharacter_C_0] 100
[2018.12.04-00.36.49:485][377]LogBlueprintUserMessages: [BP_Coin11] Got Coin
[2018.12.04-00.36.49:994][428]LogBlueprintUserMessages: [ThirdPersonCharacter_C_0] 110
[2018.12.04-00.36.49:995][428]LogBlueprintUserMessages: [BP_Coin22] Got Coin
[2018.12.04-00.36.50:688][505]LogBlueprintUserMessages: [ThirdPersonCharacter_C_0] 120
[2018.12.04-00.36.50:688][505]LogBlueprintUserMessages: [BP_Coin18] Got Coin
[2018.12.04-00.36.51:398][590]LogBlueprintUserMessages: [ThirdPersonCharacter_C_0] 130
[2018.12.04-00.36.51:398][590]LogBlueprintUserMessages: [BP_Coin12] Got Coin
[2018.12.04-00.36.51:948][656]LogBlueprintUserMessages: [ThirdPersonCharacter_C_0] 140
[2018.12.04-00.36.51:948][656]LogBlueprintUserMessages: [BP_Coin23] Got Coin
[2018.12.04-00.36.52:573][731]LogBlueprintUserMessages: [ThirdPersonCharacter_C_0] 150
[2018.12.04-00.36.52:573][731]LogBlueprintUserMessages: [BP_Coin19] Got Coin
[2018.12.04-00.38.24:789][772]LogSlate: Updating window title bar state: overlay mode, drag disabled, window buttons hidden, title bar hidden
[2018.12.04-00.38.26:931][ 29]LogBlueprintUserMessages: Early EndPlayMap Detection: Level '/Game/ThirdPersonBP/Maps/Isaac_levels/Level_3.Level_3:PersistentLevel' has LevelScriptBlueprint '/Game/ThirdPersonBP/Maps/Isaac_levels/Level_3.Level_3:PersistentLevel.Level_3' with GeneratedClass '/Game/ThirdPersonBP/Maps/Isaac_levels/Level_3.Level_3_C' with ClassGeneratedBy '/Game/ThirdPersonBP/Maps/Isaac_levels/Level_3.Level_3:PersistentLevel.Level_3'
[2018.12.04-00.38.26:931][ 29]LogSlate: Updating window title bar state: overlay mode, drag disabled, window buttons hidden, title bar hidden
[2018.12.04-00.38.26:962][ 29]LogPlayLevel: Display: Shutting down PIE online subsystems
[2018.12.04-00.38.26:963][ 29]LogBlueprintUserMessages: Late EndPlayMap Detection: Level '/Game/ThirdPersonBP/Maps/Isaac_levels/Level_3.Level_3:PersistentLevel' has LevelScriptBlueprint '/Game/ThirdPersonBP/Maps/Isaac_levels/Level_3.Level_3:PersistentLevel.Level_3' with GeneratedClass '/Game/ThirdPersonBP/Maps/Isaac_levels/Level_3.Level_3_C' with ClassGeneratedBy '/Game/ThirdPersonBP/Maps/Isaac_levels/Level_3.Level_3:PersistentLevel.Level_3'
[2018.12.04-00.38.26:985][ 29]LogSlate: Updating window title bar state: overlay mode, drag disabled, window buttons hidden, title bar hidden
[2018.12.04-00.38.27:041][ 31]LogPlayLevel: Display: Destroying online subsystem :Context_1
[2018.12.04-00.38.28:292][181]LogSlate: FSceneViewport::OnFocusLost() reason 0
[2018.12.04-00.38.28:341][187]LogTemp: Repeating last play command: Selected Viewport
[2018.12.04-00.38.28:365][187]LogBlueprintUserMessages: Early PlayInEditor Detection: Level '/Game/ThirdPersonBP/Maps/Isaac_levels/Level_3.Level_3:PersistentLevel' has LevelScriptBlueprint '/Game/ThirdPersonBP/Maps/Isaac_levels/Level_3.Level_3:PersistentLevel.Level_3' with GeneratedClass '/Game/ThirdPersonBP/Maps/Isaac_levels/Level_3.Level_3_C' with ClassGeneratedBy '/Game/ThirdPersonBP/Maps/Isaac_levels/Level_3.Level_3:PersistentLevel.Level_3'
[2018.12.04-00.38.28:365][187]LogPlayLevel: PlayLevel: No blueprints needed recompiling
[2018.12.04-00.38.28:365][187]PIE: New page: PIE session: Level_3 (4 Dec 2018 10:38:28 pm)
[2018.12.04-00.38.28:365][187]LogPlayLevel: Creating play world package: /Game/ThirdPersonBP/Maps/Isaac_levels/UEDPIE_0_Level_3
[2018.12.04-00.38.28:386][187]LogPlayLevel: PIE: StaticDuplicateObject took: (0.019993s)
[2018.12.04-00.38.28:386][187]LogAIModule: Creating AISystem for world Level_3
[2018.12.04-00.38.28:387][187]LogPlayLevel: PIE: World Init took: (0.001019s)
[2018.12.04-00.38.28:387][187]LogPlayLevel: PIE: Created PIE world by copying editor world from /Game/ThirdPersonBP/Maps/Isaac_levels/Level_3.Level_3 to /Game/ThirdPersonBP/Maps/Isaac_levels/UEDPIE_0_Level_3.Level_3 (0.021234s)
[2018.12.04-00.38.28:422][187]LogInit: XAudio2 using 'Speakers (Realtek High Definition Audio)' : 2 channels at 48 kHz using 32 bits per sample (channel mask 0x3)
[2018.12.04-00.38.28:432][187]LogInit: FAudioDevice initialized.
[2018.12.04-00.38.28:468][187]LogLoad: Game class is 'ThirdPersonGameMode_C'
[2018.12.04-00.38.28:474][187]LogWorld: Bringing World /Game/ThirdPersonBP/Maps/Isaac_levels/UEDPIE_0_Level_3.Level_3 up for play (max tick rate 0) at 2018.12.04-11.38.28
[2018.12.04-00.38.28:475][187]LogWorld: Bringing up level for play took: 0.006146
[2018.12.04-00.38.28:490][187]PIE: Play in editor start time for /Game/ThirdPersonBP/Maps/Isaac_levels/UEDPIE_0_Level_3 0.867
[2018.12.04-00.38.28:490][187]LogBlueprintUserMessages: Late PlayInEditor Detection: Level '/Game/ThirdPersonBP/Maps/Isaac_levels/Level_3.Level_3:PersistentLevel' has LevelScriptBlueprint '/Game/ThirdPersonBP/Maps/Isaac_levels/Level_3.Level_3:PersistentLevel.Level_3' with GeneratedClass '/Game/ThirdPersonBP/Maps/Isaac_levels/Level_3.Level_3_C' with ClassGeneratedBy '/Game/ThirdPersonBP/Maps/Isaac_levels/Level_3.Level_3:PersistentLevel.Level_3'
[2018.12.04-00.38.29:515][302]LogSlate: FSceneViewport::OnFocusLost() reason 0
[2018.12.04-00.38.29:583][310]LogNet: Browse: /Game/ThirdPersonBP/Maps/Isaac_levels/Level_3
[2018.12.04-00.38.29:583][310]LogLoad: LoadMap: /Game/ThirdPersonBP/Maps/Isaac_levels/Level_3
[2018.12.04-00.38.29:608][310]LogPlayLevel: Creating play world package: /Game/ThirdPersonBP/Maps/Isaac_levels/UEDPIE_0_Level_3
[2018.12.04-00.38.29:629][310]LogPlayLevel: PIE: StaticDuplicateObject took: (0.021439s)
[2018.12.04-00.38.29:630][310]LogAIModule: Creating AISystem for world Level_3
[2018.12.04-00.38.29:630][310]LogPlayLevel: PIE: World Init took: (0.000708s)
[2018.12.04-00.38.29:630][310]LogPlayLevel: PIE: Created PIE world by copying editor world from /Game/ThirdPersonBP/Maps/Isaac_levels/Level_3.Level_3 to /Game/ThirdPersonBP/Maps/Isaac_levels/UEDPIE_0_Level_3.Level_3 (0.022423s)
[2018.12.04-00.38.29:630][310]LogLoad: Game class is 'ThirdPersonGameMode_C'
[2018.12.04-00.38.29:639][310]LogWorld: Bringing World /Game/ThirdPersonBP/Maps/Isaac_levels/UEDPIE_0_Level_3.Level_3 up for play (max tick rate 0) at 2018.12.04-11.38.29
[2018.12.04-00.38.29:639][310]LogWorld: Bringing up level for play took: 0.008650
[2018.12.04-00.38.29:642][310]LogLoad: Took 0.058826 seconds to LoadMap(/Game/ThirdPersonBP/Maps/Isaac_levels/UEDPIE_0_Level_3)
[2018.12.04-00.38.32:959][698]LogBlueprintUserMessages: [ThirdPersonCharacter_C_0] 10
[2018.12.04-00.38.32:959][698]LogBlueprintUserMessages: [BP_Coin_2] Got Coin
[2018.12.04-00.38.33:842][804]LogBlueprintUserMessages: [ThirdPersonCharacter_C_0] 20
[2018.12.04-00.38.33:842][804]LogBlueprintUserMessages: [BP_Coin8] Got Coin
[2018.12.04-00.38.34:709][908]LogBlueprintUserMessages: [ThirdPersonCharacter_C_0] 30
[2018.12.04-00.38.34:709][908]LogBlueprintUserMessages: [BP_Coin9] Got Coin
[2018.12.04-00.39.00:153][761]LogBlueprintUserMessages: Early EndPlayMap Detection: Level '/Game/ThirdPersonBP/Maps/Isaac_levels/Level_3.Level_3:PersistentLevel' has LevelScriptBlueprint '/Game/ThirdPersonBP/Maps/Isaac_levels/Level_3.Level_3:PersistentLevel.Level_3' with GeneratedClass '/Game/ThirdPersonBP/Maps/Isaac_levels/Level_3.Level_3_C' with ClassGeneratedBy '/Game/ThirdPersonBP/Maps/Isaac_levels/Level_3.Level_3:PersistentLevel.Level_3'
[2018.12.04-00.39.00:153][761]LogSlate: Updating window title bar state: overlay mode, drag disabled, window buttons hidden, title bar hidden
[2018.12.04-00.39.00:192][761]LogPlayLevel: Display: Shutting down PIE online subsystems
[2018.12.04-00.39.00:192][761]LogBlueprintUserMessages: Late EndPlayMap Detection: Level '/Game/ThirdPersonBP/Maps/Isaac_levels/Level_3.Level_3:PersistentLevel' has LevelScriptBlueprint '/Game/ThirdPersonBP/Maps/Isaac_levels/Level_3.Level_3:PersistentLevel.Level_3' with GeneratedClass '/Game/ThirdPersonBP/Maps/Isaac_levels/Level_3.Level_3_C' with ClassGeneratedBy '/Game/ThirdPersonBP/Maps/Isaac_levels/Level_3.Level_3:PersistentLevel.Level_3'
[2018.12.04-00.39.00:215][761]LogSlate: Updating window title bar state: overlay mode, drag disabled, window buttons hidden, title bar hidden
[2018.12.04-00.39.00:275][763]LogPlayLevel: Display: Destroying online subsystem :Context_2
[2018.12.04-00.39.03:522][152]LogSlate: FSceneViewport::OnFocusLost() reason 0
[2018.12.04-00.39.04:635][282]LogAssetEditorManager: Opening Asset editor for Blueprint /Game/ThirdPersonBP/Maps/Isaac_levels/Blueprints/AI_BadGuy.AI_BadGuy
[2018.12.04-00.39.05:045][282]LogContentBrowser: Native class hierarchy updated for 'BlueprintGraph' in 0.0005 seconds. Added 116 classes and 0 folders.
[2018.12.04-00.39.05:770][282]LogSlate: Took 0.000177 seconds to synchronously load lazily loaded font '../../../Engine/Content/Slate/Fonts/Roboto-BoldCondensed.ttf' (158K)
[2018.12.04-00.39.05:830][283]LogSlate: Took 0.000225 seconds to synchronously load lazily loaded font '../../../Engine/Content/Slate/Fonts/Roboto-Italic.ttf' (157K)
[2018.12.04-00.39.11:668][965]LogAssetEditorManager: Opening Asset editor for Blueprint /Game/ThirdPersonBP/Maps/Isaac_levels/Blueprints/AI_BadGuyCon.AI_BadGuyCon
[2018.12.04-00.39.14:931][299]LogSlate: Window 'AI_BadGuyCon' being destroyed
[2018.12.04-00.39.15:734][385]LogAssetEditorManager: Opening Asset editor for Blueprint /Game/ThirdPersonBP/Maps/Isaac_levels/Blueprints/ArgoCheck.ArgoCheck
[2018.12.04-00.39.22:368][103]BlueprintLog: New page: Compile ArgoCheck
[2018.12.04-00.39.22:589][103]LogSavePackage: Moving '../../../../../../Users/igarpendal/Documents/GitHub/GPG210-Prototypes/PlatformerPrototype/Saved/ArgoCheckDA9BA4DD470A65B60669E88C8BA13163.tmp' to '../../../../../../Users/igarpendal/Documents/GitHub/GPG210-Prototypes/PlatformerPrototype/Content/ThirdPersonBP/Maps/Isaac_levels/Blueprints/ArgoCheck.uasset'
[2018.12.04-00.39.24:095][267]LogSlate: Window 'ArgoCheck' being destroyed
[2018.12.04-00.39.24:098][267]LogSlate: Window 'ArgoCheck' being destroyed
[2018.12.04-00.39.24:851][352]LogTemp: Repeating last play command: Selected Viewport
[2018.12.04-00.39.24:882][352]LogBlueprintUserMessages: Early PlayInEditor Detection: Level '/Game/ThirdPersonBP/Maps/Isaac_levels/Level_3.Level_3:PersistentLevel' has LevelScriptBlueprint '/Game/ThirdPersonBP/Maps/Isaac_levels/Level_3.Level_3:PersistentLevel.Level_3' with GeneratedClass '/Game/ThirdPersonBP/Maps/Isaac_levels/Level_3.Level_3_C' with ClassGeneratedBy '/Game/ThirdPersonBP/Maps/Isaac_levels/Level_3.Level_3:PersistentLevel.Level_3'
[2018.12.04-00.39.24:882][352]LogPlayLevel: PlayLevel: No blueprints needed recompiling
[2018.12.04-00.39.24:882][352]PIE: New page: PIE session: Level_3 (4 Dec 2018 10:39:24 pm)
[2018.12.04-00.39.24:883][352]LogPlayLevel: Creating play world package: /Game/ThirdPersonBP/Maps/Isaac_levels/UEDPIE_0_Level_3
[2018.12.04-00.39.24:906][352]LogPlayLevel: PIE: StaticDuplicateObject took: (0.023511s)
[2018.12.04-00.39.24:907][352]LogAIModule: Creating AISystem for world Level_3
[2018.12.04-00.39.24:907][352]LogPlayLevel: PIE: World Init took: (0.000965s)
[2018.12.04-00.39.24:908][352]LogPlayLevel: PIE: Created PIE world by copying editor world from /Game/ThirdPersonBP/Maps/Isaac_levels/Level_3.Level_3 to /Game/ThirdPersonBP/Maps/Isaac_levels/UEDPIE_0_Level_3.Level_3 (0.024784s)
[2018.12.04-00.39.24:956][352]LogInit: XAudio2 using 'Speakers (Realtek High Definition Audio)' : 2 channels at 48 kHz using 32 bits per sample (channel mask 0x3)
[2018.12.04-00.39.24:967][352]LogInit: FAudioDevice initialized.
[2018.12.04-00.39.25:000][352]LogLoad: Game class is 'ThirdPersonGameMode_C'
[2018.12.04-00.39.25:007][352]LogWorld: Bringing World /Game/ThirdPersonBP/Maps/Isaac_levels/UEDPIE_0_Level_3.Level_3 up for play (max tick rate 0) at 2018.12.04-11.39.25
[2018.12.04-00.39.25:008][352]LogWorld: Bringing up level for play took: 0.007353
[2018.12.04-00.39.25:023][352]PIE: Play in editor start time for /Game/ThirdPersonBP/Maps/Isaac_levels/UEDPIE_0_Level_3 -0.599
[2018.12.04-00.39.25:024][352]LogBlueprintUserMessages: Late PlayInEditor Detection: Level '/Game/ThirdPersonBP/Maps/Isaac_levels/Level_3.Level_3:PersistentLevel' has LevelScriptBlueprint '/Game/ThirdPersonBP/Maps/Isaac_levels/Level_3.Level_3:PersistentLevel.Level_3' with GeneratedClass '/Game/ThirdPersonBP/Maps/Isaac_levels/Level_3.Level_3_C' with ClassGeneratedBy '/Game/ThirdPersonBP/Maps/Isaac_levels/Level_3.Level_3:PersistentLevel.Level_3'
[2018.12.04-00.39.25:756][437]LogNet: Browse: /Game/ThirdPersonBP/Maps/Isaac_levels/Level_3
[2018.12.04-00.39.25:756][437]LogLoad: LoadMap: /Game/ThirdPersonBP/Maps/Isaac_levels/Level_3
[2018.12.04-00.39.25:784][437]LogPlayLevel: Creating play world package: /Game/ThirdPersonBP/Maps/Isaac_levels/UEDPIE_0_Level_3
[2018.12.04-00.39.25:807][437]LogPlayLevel: PIE: StaticDuplicateObject took: (0.022827s)
[2018.12.04-00.39.25:808][437]LogAIModule: Creating AISystem for world Level_3
[2018.12.04-00.39.25:808][437]LogPlayLevel: PIE: World Init took: (0.000752s)
[2018.12.04-00.39.25:808][437]LogPlayLevel: PIE: Created PIE world by copying editor world from /Game/ThirdPersonBP/Maps/Isaac_levels/Level_3.Level_3 to /Game/ThirdPersonBP/Maps/Isaac_levels/UEDPIE_0_Level_3.Level_3 (0.023795s)
[2018.12.04-00.39.25:808][437]LogLoad: Game class is 'ThirdPersonGameMode_C'
[2018.12.04-00.39.25:816][437]LogWorld: Bringing World /Game/ThirdPersonBP/Maps/Isaac_levels/UEDPIE_0_Level_3.Level_3 up for play (max tick rate 0) at 2018.12.04-11.39.25
[2018.12.04-00.39.25:816][437]LogWorld: Bringing up level for play took: 0.007768
[2018.12.04-00.39.25:819][437]LogLoad: Took 0.063374 seconds to LoadMap(/Game/ThirdPersonBP/Maps/Isaac_levels/UEDPIE_0_Level_3)
[2018.12.04-00.39.29:326][849]LogBlueprintUserMessages: [ThirdPersonCharacter_C_0] 10
[2018.12.04-00.39.29:326][849]LogBlueprintUserMessages: [BP_Coin_2] Got Coin
[2018.12.04-00.39.30:168][950]LogBlueprintUserMessages: [ThirdPersonCharacter_C_0] 20
[2018.12.04-00.39.30:168][950]LogBlueprintUserMessages: [BP_Coin8] Got Coin
[2018.12.04-00.39.31:052][ 56]LogBlueprintUserMessages: [ThirdPersonCharacter_C_0] 30
[2018.12.04-00.39.31:052][ 56]LogBlueprintUserMessages: [BP_Coin9] Got Coin
[2018.12.04-00.39.45:554][616]LogBlueprintUserMessages: [ThirdPersonCharacter_C_0] 40
[2018.12.04-00.39.45:555][616]LogBlueprintUserMessages: [BP_Coin2_2] Got Coin
[2018.12.04-00.39.55:739][574]LogBlueprintUserMessages: [ThirdPersonCharacter_C_0] 50
[2018.12.04-00.39.55:741][574]LogBlueprintUserMessages: [BP_Coin20] Got Coin
[2018.12.04-00.39.56:424][623]LogBlueprintUserMessages: [ThirdPersonCharacter_C_0] 60
[2018.12.04-00.39.56:424][623]LogBlueprintUserMessages: [BP_Coin16] Got Coin
[2018.12.04-00.39.56:987][665]LogBlueprintUserMessages: [ThirdPersonCharacter_C_0] 70
[2018.12.04-00.39.56:987][665]LogBlueprintUserMessages: [BP_Coin10_6] Got Coin
[2018.12.04-00.39.57:426][699]LogBlueprintUserMessages: [ThirdPersonCharacter_C_0] 80
[2018.12.04-00.39.57:426][699]LogBlueprintUserMessages: [BP_Coin21] Got Coin
[2018.12.04-00.39.58:188][764]LogBlueprintUserMessages: [ThirdPersonCharacter_C_0] 90
[2018.12.04-00.39.58:189][764]LogBlueprintUserMessages: [BP_Coin17] Got Coin
[2018.12.04-00.39.58:876][826]LogBlueprintUserMessages: [ThirdPersonCharacter_C_0] 100
[2018.12.04-00.39.58:876][826]LogBlueprintUserMessages: [BP_Coin11] Got Coin
[2018.12.04-00.39.59:422][880]LogBlueprintUserMessages: [ThirdPersonCharacter_C_0] 110
[2018.12.04-00.39.59:422][880]LogBlueprintUserMessages: [BP_Coin22] Got Coin
[2018.12.04-00.40.00:076][953]LogBlueprintUserMessages: [ThirdPersonCharacter_C_0] 120
[2018.12.04-00.40.00:077][953]LogBlueprintUserMessages: [BP_Coin18] Got Coin
[2018.12.04-00.40.00:747][ 33]LogBlueprintUserMessages: [ThirdPersonCharacter_C_0] 130
[2018.12.04-00.40.00:747][ 33]LogBlueprintUserMessages: [BP_Coin12] Got Coin
[2018.12.04-00.40.01:223][ 90]LogBlueprintUserMessages: [ThirdPersonCharacter_C_0] 140
[2018.12.04-00.40.01:223][ 90]LogBlueprintUserMessages: [BP_Coin23] Got Coin
[2018.12.04-00.40.02:006][184]LogBlueprintUserMessages: [ThirdPersonCharacter_C_0] 150
[2018.12.04-00.40.02:007][184]LogBlueprintUserMessages: [BP_Coin19] Got Coin
[2018.12.04-00.41.16:606][123]LogBlueprintUserMessages: Early EndPlayMap Detection: Level '/Game/ThirdPersonBP/Maps/Isaac_levels/Level_3.Level_3:PersistentLevel' has LevelScriptBlueprint '/Game/ThirdPersonBP/Maps/Isaac_levels/Level_3.Level_3:PersistentLevel.Level_3' with GeneratedClass '/Game/ThirdPersonBP/Maps/Isaac_levels/Level_3.Level_3_C' with ClassGeneratedBy '/Game/ThirdPersonBP/Maps/Isaac_levels/Level_3.Level_3:PersistentLevel.Level_3'
[2018.12.04-00.41.16:606][123]LogSlate: Updating window title bar state: overlay mode, drag disabled, window buttons hidden, title bar hidden
[2018.12.04-00.41.16:641][123]LogPlayLevel: Display: Shutting down PIE online subsystems
[2018.12.04-00.41.16:641][123]LogBlueprintUserMessages: Late EndPlayMap Detection: Level '/Game/ThirdPersonBP/Maps/Isaac_levels/Level_3.Level_3:PersistentLevel' has LevelScriptBlueprint '/Game/ThirdPersonBP/Maps/Isaac_levels/Level_3.Level_3:PersistentLevel.Level_3' with GeneratedClass '/Game/ThirdPersonBP/Maps/Isaac_levels/Level_3.Level_3_C' with ClassGeneratedBy '/Game/ThirdPersonBP/Maps/Isaac_levels/Level_3.Level_3:PersistentLevel.Level_3'
[2018.12.04-00.41.16:669][123]LogSlate: Updating window title bar state: overlay mode, drag disabled, window buttons hidden, title bar hidden
[2018.12.04-00.41.16:705][124]LogPlayLevel: Display: Destroying online subsystem :Context_7
[2018.12.04-00.41.18:145][294]LogSlate: FSceneViewport::OnFocusLost() reason 0
[2018.12.04-00.41.18:285][310]LogAssetEditorManager: Opening Asset editor for Blueprint /Game/ThirdPersonBP/Maps/Isaac_levels/Blueprints/AI_BadGuy.AI_BadGuy
[2018.12.04-00.42.00:289][170]BlueprintLog: New page: Compile AI_BadGuy
[2018.12.04-00.42.00:538][170]LogSavePackage: Moving '../../../../../../Users/igarpendal/Documents/GitHub/GPG210-Prototypes/PlatformerPrototype/Saved/AI_BadGuy28D3A76E4FDAAE49E024E084C07B6069.tmp' to '../../../../../../Users/igarpendal/Documents/GitHub/GPG210-Prototypes/PlatformerPrototype/Content/ThirdPersonBP/Maps/Isaac_levels/Blueprints/AI_BadGuy.uasset'
[2018.12.04-00.42.04:385][621]LogTemp: Repeating last play command: Selected Viewport
[2018.12.04-00.42.04:417][621]LogBlueprintUserMessages: Early PlayInEditor Detection: Level '/Game/ThirdPersonBP/Maps/Isaac_levels/Level_3.Level_3:PersistentLevel' has LevelScriptBlueprint '/Game/ThirdPersonBP/Maps/Isaac_levels/Level_3.Level_3:PersistentLevel.Level_3' with GeneratedClass '/Game/ThirdPersonBP/Maps/Isaac_levels/Level_3.Level_3_C' with ClassGeneratedBy '/Game/ThirdPersonBP/Maps/Isaac_levels/Level_3.Level_3:PersistentLevel.Level_3'
[2018.12.04-00.42.04:418][621]LogPlayLevel: PlayLevel: No blueprints needed recompiling
[2018.12.04-00.42.04:418][621]PIE: New page: PIE session: Level_3 (4 Dec 2018 10:42:04 pm)
[2018.12.04-00.42.04:418][621]LogPlayLevel: Creating play world package: /Game/ThirdPersonBP/Maps/Isaac_levels/UEDPIE_0_Level_3
[2018.12.04-00.42.04:440][621]LogPlayLevel: PIE: StaticDuplicateObject took: (0.021942s)
[2018.12.04-00.42.04:441][621]LogAIModule: Creating AISystem for world Level_3
[2018.12.04-00.42.04:441][621]LogPlayLevel: PIE: World Init took: (0.001285s)
[2018.12.04-00.42.04:441][621]LogPlayLevel: PIE: Created PIE world by copying editor world from /Game/ThirdPersonBP/Maps/Isaac_levels/Level_3.Level_3 to /Game/ThirdPersonBP/Maps/Isaac_levels/UEDPIE_0_Level_3.Level_3 (0.023446s)
[2018.12.04-00.42.04:483][621]LogInit: XAudio2 using 'Speakers (Realtek High Definition Audio)' : 2 channels at 48 kHz using 32 bits per sample (channel mask 0x3)
[2018.12.04-00.42.04:495][621]LogInit: FAudioDevice initialized.
[2018.12.04-00.42.04:502][621]LogSlate: Updating window title bar state: overlay mode, drag disabled, window buttons hidden, title bar hidden
[2018.12.04-00.42.04:563][621]LogLoad: Game class is 'ThirdPersonGameMode_C'
[2018.12.04-00.42.04:569][621]LogWorld: Bringing World /Game/ThirdPersonBP/Maps/Isaac_levels/UEDPIE_0_Level_3.Level_3 up for play (max tick rate 0) at 2018.12.04-11.42.04
[2018.12.04-00.42.04:569][621]LogWorld: Bringing up level for play took: 0.005713
[2018.12.04-00.42.04:585][621]PIE: Play in editor start time for /Game/ThirdPersonBP/Maps/Isaac_levels/UEDPIE_0_Level_3 0.963
[2018.12.04-00.42.04:585][621]LogBlueprintUserMessages: Late PlayInEditor Detection: Level '/Game/ThirdPersonBP/Maps/Isaac_levels/Level_3.Level_3:PersistentLevel' has LevelScriptBlueprint '/Game/ThirdPersonBP/Maps/Isaac_levels/Level_3.Level_3:PersistentLevel.Level_3' with GeneratedClass '/Game/ThirdPersonBP/Maps/Isaac_levels/Level_3.Level_3_C' with ClassGeneratedBy '/Game/ThirdPersonBP/Maps/Isaac_levels/Level_3.Level_3:PersistentLevel.Level_3'
[2018.12.04-00.42.05:750][742]LogNet: Browse: /Game/ThirdPersonBP/Maps/Isaac_levels/Level_3
[2018.12.04-00.42.05:751][742]LogLoad: LoadMap: /Game/ThirdPersonBP/Maps/Isaac_levels/Level_3
[2018.12.04-00.42.05:783][742]LogPlayLevel: Creating play world package: /Game/ThirdPersonBP/Maps/Isaac_levels/UEDPIE_0_Level_3
[2018.12.04-00.42.05:806][742]LogPlayLevel: PIE: StaticDuplicateObject took: (0.022642s)
[2018.12.04-00.42.05:806][742]LogAIModule: Creating AISystem for world Level_3
[2018.12.04-00.42.05:807][742]LogPlayLevel: PIE: World Init took: (0.001015s)
[2018.12.04-00.42.05:807][742]LogPlayLevel: PIE: Created PIE world by copying editor world from /Game/ThirdPersonBP/Maps/Isaac_levels/Level_3.Level_3 to /Game/ThirdPersonBP/Maps/Isaac_levels/UEDPIE_0_Level_3.Level_3 (0.023929s)
[2018.12.04-00.42.05:807][742]LogLoad: Game class is 'ThirdPersonGameMode_C'
[2018.12.04-00.42.05:818][742]LogWorld: Bringing World /Game/ThirdPersonBP/Maps/Isaac_levels/UEDPIE_0_Level_3.Level_3 up for play (max tick rate 0) at 2018.12.04-11.42.05
[2018.12.04-00.42.05:819][742]LogWorld: Bringing up level for play took: 0.011073
[2018.12.04-00.42.05:821][742]LogLoad: Took 0.070535 seconds to LoadMap(/Game/ThirdPersonBP/Maps/Isaac_levels/UEDPIE_0_Level_3)
[2018.12.04-00.42.12:196][503]LogBlueprintUserMessages: Early EndPlayMap Detection: Level '/Game/ThirdPersonBP/Maps/Isaac_levels/Level_3.Level_3:PersistentLevel' has LevelScriptBlueprint '/Game/ThirdPersonBP/Maps/Isaac_levels/Level_3.Level_3:PersistentLevel.Level_3' with GeneratedClass '/Game/ThirdPersonBP/Maps/Isaac_levels/Level_3.Level_3_C' with ClassGeneratedBy '/Game/ThirdPersonBP/Maps/Isaac_levels/Level_3.Level_3:PersistentLevel.Level_3'
[2018.12.04-00.42.12:196][503]LogSlate: Updating window title bar state: overlay mode, drag disabled, window buttons hidden, title bar hidden
[2018.12.04-00.42.12:221][503]LogSlate: Window 'PlatformerPrototype Game Preview Standalone (64-bit/PCD3D_SM5)' being destroyed
[2018.12.04-00.42.12:254][503]LogPlayLevel: Display: Shutting down PIE online subsystems
[2018.12.04-00.42.12:254][503]LogBlueprintUserMessages: Late EndPlayMap Detection: Level '/Game/ThirdPersonBP/Maps/Isaac_levels/Level_3.Level_3:PersistentLevel' has LevelScriptBlueprint '/Game/ThirdPersonBP/Maps/Isaac_levels/Level_3.Level_3:PersistentLevel.Level_3' with GeneratedClass '/Game/ThirdPersonBP/Maps/Isaac_levels/Level_3.Level_3_C' with ClassGeneratedBy '/Game/ThirdPersonBP/Maps/Isaac_levels/Level_3.Level_3:PersistentLevel.Level_3'
[2018.12.04-00.42.12:297][504]LogPlayLevel: Display: Destroying online subsystem :Context_9
[2018.12.04-00.42.18:138][ 74]LogSlate: Window 'Save Content' being destroyed
[2018.12.04-00.42.18:561][ 74]LogSavePackage: Moving '../../../../../../Users/igarpendal/Documents/GitHub/GPG210-Prototypes/PlatformerPrototype/Saved/Level_3CBD961634C02738559D2C597D9897508.tmp' to '../../../../../../Users/igarpendal/Documents/GitHub/GPG210-Prototypes/PlatformerPrototype/Content/ThirdPersonBP/Maps/Isaac_levels/Level_3.umap'
[2018.12.04-00.42.18:612][ 74]LogFileHelpers: Saving map 'Level_3' took 0.460
[2018.12.04-00.42.18:745][ 74]LogSavePackage: Moving '../../../../../../Users/igarpendal/Documents/GitHub/GPG210-Prototypes/PlatformerPrototype/Saved/Level_3_BuiltData5995F3E846D2F7754CC601A220FA2177.tmp' to '../../../../../../Users/igarpendal/Documents/GitHub/GPG210-Prototypes/PlatformerPrototype/Content/ThirdPersonBP/Maps/Isaac_levels/Level_3_BuiltData.uasset'
[2018.12.04-00.42.18:923][ 74]LogSlate: Window 'PlatformerPrototype - Unreal Editor' being destroyed
[2018.12.04-00.42.19:151][ 75]Cmd: QUIT_EDITOR
[2018.12.04-00.42.19:935][ 75]LogWindowsTextInputMethodSystem: Display: IME system now deactivated.
[2018.12.04-00.42.19:961][ 75]LogExit: Preparing to exit.
[2018.12.04-00.42.21:030][ 75]LogExit: Editor shut down
[2018.12.04-00.42.21:031][ 75]LogExit: Transaction tracking system shut down
[2018.12.04-00.42.21:437][ 75]LogExit: Object subsystem successfully closed.
[2018.12.04-00.42.21:466][ 75]LogShaderCompilers: Display: Shaders left to compile 0
[2018.12.04-00.42.21:472][ 75]LogD3D11RHI: Shutdown
[2018.12.04-00.42.21:472][ 75]LogD3D11RHI: CleanupD3DDevice
[2018.12.04-00.42.21:474][ 75]LogD3D11RHI: ~FD3D11DynamicRHI
[2018.12.04-00.42.21:497][ 75]LogModuleManager: Shutting down and abandoning module BlueprintGraph (634)
[2018.12.04-00.42.21:497][ 75]LogModuleManager: Shutting down and abandoning module MovieSceneCapture (632)
[2018.12.04-00.42.21:497][ 75]LogModuleManager: Shutting down and abandoning module Voice (630)
[2018.12.04-00.42.21:497][ 75]LogModuleManager: Shutting down and abandoning module HierarchicalLODOutliner (628)
[2018.12.04-00.42.21:497][ 75]LogModuleManager: Shutting down and abandoning module SceneOutliner (626)
[2018.12.04-00.42.21:497][ 75]LogModuleManager: Shutting down and abandoning module AddContentDialog (624)
[2018.12.04-00.42.21:497][ 75]LogModuleManager: Shutting down and abandoning module WidgetCarousel (623)
[2018.12.04-00.42.21:497][ 75]LogModuleManager: Shutting down and abandoning module EditorWidgets (620)
[2018.12.04-00.42.21:497][ 75]LogModuleManager: Shutting down and abandoning module CollectionManager (618)
[2018.12.04-00.42.21:497][ 75]LogModuleManager: Shutting down and abandoning module StatsViewer (616)
[2018.12.04-00.42.21:497][ 75]LogModuleManager: Shutting down and abandoning module FoliageEdit (614)
[2018.12.04-00.42.21:497][ 75]LogModuleManager: Shutting down and abandoning module LandscapeEditor (612)
[2018.12.04-00.42.21:497][ 75]LogModuleManager: Shutting down and abandoning module MeshPaintMode (610)
[2018.12.04-00.42.21:497][ 75]LogModuleManager: Shutting down and abandoning module SceneDepthPickerMode (608)
[2018.12.04-00.42.21:497][ 75]LogModuleManager: Shutting down and abandoning module ActorPickerMode (606)
[2018.12.04-00.42.21:497][ 75]LogModuleManager: Shutting down and abandoning module GeometryMode (604)
[2018.12.04-00.42.21:497][ 75]LogModuleManager: Shutting down and abandoning module TextureAlignMode (602)
[2018.12.04-00.42.21:497][ 75]LogModuleManager: Shutting down and abandoning module BspMode (600)
[2018.12.04-00.42.21:497][ 75]LogModuleManager: Shutting down and abandoning module PIEPreviewDeviceProfileSelector (598)
[2018.12.04-00.42.21:497][ 75]LogModuleManager: Shutting down and abandoning module SequenceRecorderSections (596)
[2018.12.04-00.42.21:497][ 75]LogModuleManager: Shutting down and abandoning module AutomationWorker (594)
[2018.12.04-00.42.21:498][ 75]LogModuleManager: Shutting down and abandoning module DatasmithFBXImporter (592)
[2018.12.04-00.42.21:498][ 75]LogModuleManager: Shutting down and abandoning module DatasmithDeltaGenImporter (590)
[2018.12.04-00.42.21:498][ 75]LogModuleManager: Shutting down and abandoning module DatasmithVREDImporter (588)
[2018.12.04-00.42.21:498][ 75]LogModuleManager: Shutting down and abandoning module AudioCaptureEditor (586)
[2018.12.04-00.42.21:498][ 75]LogModuleManager: Shutting down and abandoning module SequenceRecorder (585)
[2018.12.04-00.42.21:498][ 75]LogModuleManager: Shutting down and abandoning module MatineeToLevelSequence (582)
[2018.12.04-00.42.21:498][ 75]LogModuleManager: Shutting down and abandoning module LevelSequenceEditor (580)
[2018.12.04-00.42.21:498][ 75]LogModuleManager: Shutting down and abandoning module PlacementMode (579)
[2018.12.04-00.42.21:498][ 75]LogModuleManager: Shutting down and abandoning module MaterialEditor (578)
[2018.12.04-00.42.21:498][ 75]LogModuleManager: Shutting down and abandoning module WmfMediaFactory (574)
[2018.12.04-00.42.21:498][ 75]LogModuleManager: Shutting down and abandoning module WmfMediaEditor (572)
[2018.12.04-00.42.21:498][ 75]LogModuleManager: Shutting down and abandoning module MediaPlayerEditor (570)
[2018.12.04-00.42.21:498][ 75]LogModuleManager: Shutting down and abandoning module OpenExrWrapper (568)
[2018.12.04-00.42.21:498][ 75]LogModuleManager: Shutting down and abandoning module ImgMediaFactory (566)
[2018.12.04-00.42.21:498][ 75]LogModuleManager: Shutting down and abandoning module ImgMediaEditor (564)
[2018.12.04-00.42.21:498][ 75]LogModuleManager: Shutting down and abandoning module AvfMediaFactory (562)
[2018.12.04-00.42.21:498][ 75]LogModuleManager: Shutting down and abandoning module AvfMediaEditor (560)
[2018.12.04-00.42.21:498][ 75]LogModuleManager: Shutting down and abandoning module AndroidMediaFactory (558)
[2018.12.04-00.42.21:498][ 75]LogModuleManager: Shutting down and abandoning module AndroidMediaEditor (556)
[2018.12.04-00.42.21:498][ 75]LogModuleManager: Shutting down and abandoning module MagicLeapCameraPreviewFactory (554)
[2018.12.04-00.42.21:498][ 75]LogModuleManager: Shutting down and abandoning module MagicLeapMediaFactory (552)
[2018.12.04-00.42.21:498][ 75]LogModuleManager: Shutting down and abandoning module MagicLeapMediaEditor (550)
[2018.12.04-00.42.21:498][ 75]LogModuleManager: Shutting down and abandoning module CharacterAI (548)
[2018.12.04-00.42.21:498][ 75]LogModuleManager: Shutting down and abandoning module SmartSnapping (546)
[2018.12.04-00.42.21:498][ 75]LogModuleManager: Shutting down and abandoning module SessionServices (544)
[2018.12.04-00.42.21:498][ 75]LogModuleManager: Shutting down and abandoning module ViewportSnapping (542)
[2018.12.04-00.42.21:498][ 75]LogModuleManager: Shutting down and abandoning module ViewportInteraction (540)
[2018.12.04-00.42.21:498][ 75]LogModuleManager: Shutting down and abandoning module ClothPainter (538)
[2018.12.04-00.42.21:498][ 75]LogModuleManager: Shutting down and abandoning module SkeletalMeshEditor (537)
[2018.12.04-00.42.21:498][ 75]LogModuleManager: Shutting down and abandoning module LogVisualizer (534)
[2018.12.04-00.42.21:498][ 75]LogModuleManager: Shutting down and abandoning module IntroTutorials (532)
[2018.12.04-00.42.21:498][ 75]LogModuleManager: Shutting down and abandoning module GameProjectGeneration (531)
[2018.12.04-00.42.21:498][ 75]LogModuleManager: Shutting down and abandoning module LuminPlatformEditor (528)
[2018.12.04-00.42.21:498][ 75]LogModuleManager: Shutting down and abandoning module IOSPlatformEditor (526)
[2018.12.04-00.42.21:498][ 75]LogModuleManager: Shutting down and abandoning module HTML5PlatformEditor (524)
[2018.12.04-00.42.21:498][ 75]LogModuleManager: Shutting down and abandoning module AndroidPlatformEditor (522)
[2018.12.04-00.42.21:498][ 75]LogModuleManager: Shutting down and abandoning module AndroidDeviceDetection (521)
[2018.12.04-00.42.21:565][ 75]LogModuleManager: Shutting down and abandoning module WindowsPlatformEditor (518)
[2018.12.04-00.42.21:565][ 75]LogModuleManager: Shutting down and abandoning module LuminRuntimeSettings (516)
[2018.12.04-00.42.21:565][ 75]LogModuleManager: Shutting down and abandoning module IOSRuntimeSettings (514)
[2018.12.04-00.42.21:565][ 75]LogModuleManager: Shutting down and abandoning module AndroidRuntimeSettings (512)
[2018.12.04-00.42.21:565][ 75]LogModuleManager: Shutting down and abandoning module InputBindingEditor (510)
[2018.12.04-00.42.21:565][ 75]LogModuleManager: Shutting down and abandoning module MergeActors (508)
[2018.12.04-00.42.21:565][ 75]LogModuleManager: Shutting down and abandoning module LocalizationDashboard (506)
[2018.12.04-00.42.21:565][ 75]LogModuleManager: Shutting down and abandoning module LocalizationService (505)
[2018.12.04-00.42.21:566][ 75]LogModuleManager: Shutting down and abandoning module HardwareTargeting (502)
[2018.12.04-00.42.21:566][ 75]LogModuleManager: Shutting down and abandoning module DeviceProfileEditor (500)
[2018.12.04-00.42.21:566][ 75]LogModuleManager: Shutting down and abandoning module UndoHistory (498)
[2018.12.04-00.42.21:566][ 75]LogModuleManager: Shutting down and abandoning module XmlParser (496)
[2018.12.04-00.42.21:566][ 75]LogModuleManager: Shutting down and abandoning module Blutility (494)
[2018.12.04-00.42.21:566][ 75]LogModuleManager: Shutting down and abandoning module ProjectSettingsViewer (492)
[2018.12.04-00.42.21:566][ 75]LogModuleManager: Shutting down and abandoning module ProjectTargetPlatformEditor (491)
[2018.12.04-00.42.21:566][ 75]LogModuleManager: Shutting down and abandoning module EditorSettingsViewer (488)
[2018.12.04-00.42.21:566][ 75]LogModuleManager: Shutting down and abandoning module SettingsEditor (486)
[2018.12.04-00.42.21:566][ 75]LogModuleManager: Shutting down and abandoning module ProjectLauncher (484)
[2018.12.04-00.42.21:566][ 75]LogModuleManager: Shutting down and abandoning module SessionFrontend (482)
[2018.12.04-00.42.21:566][ 75]LogModuleManager: Shutting down and abandoning module ProfilerClient (480)
[2018.12.04-00.42.21:566][ 75]LogModuleManager: Shutting down and abandoning module DeviceManager (478)
[2018.12.04-00.42.21:566][ 75]LogModuleManager: Shutting down and abandoning module TargetDeviceServices (477)
[2018.12.04-00.42.21:631][ 75]LogModuleManager: Shutting down and abandoning module AutomationController (474)
[2018.12.04-00.42.21:631][ 75]LogModuleManager: Shutting down and abandoning module AutomationWindow (472)
[2018.12.04-00.42.21:631][ 75]LogModuleManager: Shutting down and abandoning module Layers (470)
[2018.12.04-00.42.21:631][ 75]LogModuleManager: Shutting down and abandoning module ComponentVisualizers (468)
[2018.12.04-00.42.21:631][ 75]LogModuleManager: Shutting down and abandoning module DetailCustomizations (466)
[2018.12.04-00.42.21:631][ 75]LogModuleManager: Shutting down and abandoning module PackagesDialog (464)
[2018.12.04-00.42.21:631][ 75]LogModuleManager: Shutting down and abandoning module Persona (462)
[2018.12.04-00.42.21:631][ 75]LogModuleManager: Shutting down and abandoning module AnimGraph (461)
[2018.12.04-00.42.21:631][ 75]LogModuleManager: Shutting down and abandoning module Kismet (458)
[2018.12.04-00.42.21:636][ 75]LogModuleManager: Shutting down and abandoning module GraphEditor (456)
[2018.12.04-00.42.21:636][ 75]LogModuleManager: Shutting down and abandoning module ClassViewer (454)
[2018.12.04-00.42.21:636][ 75]LogModuleManager: Shutting down and abandoning module Toolbox (452)
[2018.12.04-00.42.21:636][ 75]LogModuleManager: Shutting down and abandoning module ModuleUI (450)
[2018.12.04-00.42.21:636][ 75]LogModuleManager: Shutting down and abandoning module MovieSceneTools (448)
[2018.12.04-00.42.21:636][ 75]LogModuleManager: Shutting down and abandoning module OutputLog (446)
[2018.12.04-00.42.21:636][ 75]LogModuleManager: Shutting down and abandoning module GammaUI (444)
[2018.12.04-00.42.21:636][ 75]LogModuleManager: Shutting down and abandoning module Documentation (442)
[2018.12.04-00.42.21:636][ 75]LogModuleManager: Shutting down and abandoning module MovieSceneTracks (440)
[2018.12.04-00.42.21:636][ 75]LogModuleManager: Shutting down and abandoning module MovieScene (438)
[2018.12.04-00.42.21:636][ 75]LogModuleManager: Shutting down and abandoning module StreamingPauseRendering (436)
[2018.12.04-00.42.21:636][ 75]LogModuleManager: Shutting down and abandoning module LauncherPlatform (434)
[2018.12.04-00.42.21:636][ 75]LogModuleManager: Shutting down and abandoning module AnalyticsET (432)
[2018.12.04-00.42.21:636][ 75]LogModuleManager: Shutting down and abandoning module PortalServices (430)
[2018.12.04-00.42.21:636][ 75]LogModuleManager: Shutting down and abandoning module PortalRpc (428)
[2018.12.04-00.42.21:636][ 75]LogModuleManager: Shutting down and abandoning module MessagingRpc (426)
[2018.12.04-00.42.21:636][ 75]LogModuleManager: Shutting down and abandoning module AIModule (424)
[2018.12.04-00.42.21:636][ 75]LogModuleManager: Shutting down and abandoning module GameplayDebugger (423)
[2018.12.04-00.42.21:636][ 75]LogModuleManager: Shutting down and abandoning module AITestSuite (421)
[2018.12.04-00.42.21:636][ 75]LogModuleManager: Shutting down and abandoning module NavigationSystem (419)
[2018.12.04-00.42.21:636][ 75]LogModuleManager: Shutting down and abandoning module DesktopPlatform (416)
[2018.12.04-00.42.21:636][ 75]LogModuleManager: Shutting down and abandoning module ProfilerService (414)
[2018.12.04-00.42.21:860][ 75]LogModuleManager: Shutting down and abandoning module TaskGraph (412)
[2018.12.04-00.42.21:860][ 75]LogModuleManager: Shutting down and abandoning module DatasmithCADImporter (410)
[2018.12.04-00.42.21:861][ 75]LogModuleManager: Shutting down and abandoning module StaticMeshEditorExtension (408)
[2018.12.04-00.42.21:861][ 75]LogModuleManager: Shutting down and abandoning module StaticMeshEditor (407)
[2018.12.04-00.42.21:861][ 75]LogModuleManager: Shutting down and abandoning module AdvancedPreviewScene (406)
[2018.12.04-00.42.21:861][ 75]LogModuleManager: Shutting down and abandoning module DatasmithMDLImporter (402)
[2018.12.04-00.42.21:861][ 75]LogModuleManager: Shutting down and abandoning module DatasmithImporter (400)
[2018.12.04-00.42.21:861][ 75]LogModuleManager: Shutting down and abandoning module SteamVRController (398)
[2018.12.04-00.42.21:862][ 75]LogModuleManager: Shutting down and abandoning module ProceduralMeshComponentEditor (396)
[2018.12.04-00.42.21:862][ 75]LogModuleManager: Shutting down and abandoning module ProceduralMeshComponent (394)
[2018.12.04-00.42.21:862][ 75]LogModuleManager: Shutting down and abandoning module OculusInput (392)
[2018.12.04-00.42.21:862][ 75]LogModuleManager: Shutting down and abandoning module MobilePatchingUtils (390)
[2018.12.04-00.42.21:862][ 75]LogModuleManager: Shutting down and abandoning module EditableMesh (388)
[2018.12.04-00.42.21:862][ 75]LogModuleManager: Shutting down and abandoning module CustomMeshComponent (386)
[2018.12.04-00.42.21:862][ 75]LogModuleManager: Shutting down and abandoning module CableComponent (384)
[2018.12.04-00.42.21:862][ 75]LogModuleManager: Shutting down and abandoning module AudioCapture (382)
[2018.12.04-00.42.21:862][ 75]LogModuleManager: Shutting down and abandoning module ArchVisCharacter (380)
[2018.12.04-00.42.21:862][ 75]LogModuleManager: Shutting down and abandoning module AndroidPermission (378)
[2018.12.04-00.42.21:862][ 75]LogModuleManager: Shutting down and abandoning module NUTUnrealEngine4 (376)
[2018.12.04-00.42.21:862][ 75]LogModuleManager: Shutting down and abandoning module NetcodeUnitTest (374)
[2018.12.04-00.42.21:862][ 75]LogModuleManager: Shutting down and abandoning module MediaCompositingEditor (372)
[2018.12.04-00.42.21:862][ 75]LogModuleManager: Shutting down and abandoning module MediaCompositing (370)
[2018.12.04-00.42.21:862][ 75]LogModuleManager: Shutting down and abandoning module LinearTimecode (368)
[2018.12.04-00.42.21:862][ 75]LogModuleManager: Shutting down and abandoning module ImgMedia (366)
[2018.12.04-00.42.21:865][ 75]LogModuleManager: Shutting down and abandoning module HTML5Networking (364)
[2018.12.04-00.42.21:865][ 75]LogModuleManager: Shutting down and abandoning module GeometryCacheTracks (362)
[2018.12.04-00.42.21:865][ 75]LogModuleManager: Shutting down and abandoning module GeometryCacheSequencer (360)
[2018.12.04-00.42.21:865][ 75]LogModuleManager: Shutting down and abandoning module BackChannel (358)
[2018.12.04-00.42.21:865][ 75]LogModuleManager: Shutting down and abandoning module AppleVision (356)
[2018.12.04-00.42.21:865][ 75]LogModuleManager: Shutting down and abandoning module AppleImageUtils (354)
[2018.12.04-00.42.21:865][ 75]LogModuleManager: Shutting down and abandoning module AlembicImporter (352)
[2018.12.04-00.42.21:865][ 75]LogModuleManager: Shutting down and abandoning module AlembicLibrary (351)
[2018.12.04-00.42.21:865][ 75]LogModuleManager: Shutting down and abandoning module GeometryCache (350)
[2018.12.04-00.42.21:865][ 75]LogModuleManager: Shutting down and abandoning module GeometryCacheEd (349)
[2018.12.04-00.42.21:865][ 75]LogModuleManager: Shutting down and abandoning module DatasmithContentEditor (344)
[2018.12.04-00.42.21:865][ 75]LogModuleManager: Shutting down and abandoning module DatasmithContent (342)
[2018.12.04-00.42.21:866][ 75]LogModuleManager: Shutting down and abandoning module SpeedTreeImporter (340)
[2018.12.04-00.42.21:866][ 75]LogModuleManager: Shutting down and abandoning module PluginBrowser (338)
[2018.12.04-00.42.21:866][ 75]LogModuleManager: Shutting down and abandoning module MobileLauncherProfileWizard (336)
[2018.12.04-00.42.21:866][ 75]LogModuleManager: Shutting down and abandoning module PolygonModeling (334)
[2018.12.04-00.42.21:866][ 75]LogModuleManager: Shutting down and abandoning module MeshEditor (332)
[2018.12.04-00.42.21:866][ 75]LogModuleManager: Shutting down and abandoning module EditorScriptingUtilities (330)
[2018.12.04-00.42.21:866][ 75]LogModuleManager: Shutting down and abandoning module CryptoKeysOpenSSL (328)
[2018.12.04-00.42.21:866][ 75]LogModuleManager: Shutting down and abandoning module CryptoKeys (326)
[2018.12.04-00.42.21:866][ 75]LogModuleManager: Shutting down and abandoning module VisualStudioSourceCodeAccess (324)
[2018.12.04-00.42.21:866][ 75]LogModuleManager: Shutting down and abandoning module VisualStudioCodeSourceCodeAccess (322)
[2018.12.04-00.42.21:866][ 75]LogModuleManager: Shutting down and abandoning module UObjectPlugin (320)
[2018.12.04-00.42.21:866][ 75]LogModuleManager: Shutting down and abandoning module SubversionSourceControl (318)
[2018.12.04-00.42.21:866][ 75]LogModuleManager: Shutting down and abandoning module PerforceSourceControl (316)
[2018.12.04-00.42.21:866][ 75]LogModuleManager: Shutting down and abandoning module GitSourceControl (314)
[2018.12.04-00.42.21:866][ 75]LogModuleManager: Shutting down and abandoning module SourceControl (313)
[2018.12.04-00.42.21:866][ 75]LogModuleManager: Shutting down and abandoning module CLionSourceCodeAccess (310)
[2018.12.04-00.42.21:866][ 75]LogModuleManager: Shutting down and abandoning module LightPropagationVolumeEditor (308)
[2018.12.04-00.42.21:866][ 75]LogModuleManager: Shutting down and abandoning module PaperTiledImporter (306)
[2018.12.04-00.42.21:866][ 75]LogModuleManager: Shutting down and abandoning module PaperSpriteSheetImporter (304)
[2018.12.04-00.42.21:866][ 75]LogModuleManager: Shutting down and abandoning module Paper2DEditor (302)
[2018.12.04-00.42.21:866][ 75]LogModuleManager: Shutting down and abandoning module MeshPaint (301)
[2018.12.04-00.42.21:866][ 75]LogModuleManager: Shutting down and abandoning module RuntimePhysXCooking (298)
[2018.12.04-00.42.21:866][ 75]LogModuleManager: Shutting down and abandoning module PhysXVehiclesEditor (296)
[2018.12.04-00.42.21:866][ 75]LogModuleManager: Shutting down and abandoning module PhysXVehicles (294)
[2018.12.04-00.42.21:866][ 75]LogModuleManager: Shutting down and abandoning module OculusEditor (292)
[2018.12.04-00.42.21:866][ 75]LogModuleManager: Shutting down and abandoning module LocationServicesBPLibrary (290)
[2018.12.04-00.42.21:866][ 75]LogModuleManager: Shutting down and abandoning module ImmediatePhysicsEditor (288)
[2018.12.04-00.42.21:866][ 75]LogModuleManager: Shutting down and abandoning module ImmediatePhysics (286)
[2018.12.04-00.42.21:866][ 75]LogModuleManager: Shutting down and abandoning module ActorSequence (284)
[2018.12.04-00.42.21:866][ 75]LogModuleManager: Shutting down and abandoning module UdpMessaging (282)
[2018.12.04-00.42.21:968][ 75]LogModuleManager: Shutting down and abandoning module TcpMessaging (280)
[2018.12.04-00.42.22:069][ 75]LogModuleManager: Shutting down and abandoning module MagicLeapAudio (278)
[2018.12.04-00.42.22:069][ 75]LogModuleManager: Shutting down and abandoning module GameplayTagsEditor (276)
[2018.12.04-00.42.22:069][ 75]LogModuleManager: Shutting down and abandoning module FacialAnimationEditor (274)
[2018.12.04-00.42.22:069][ 75]LogModuleManager: Shutting down and abandoning module FacialAnimation (272)
[2018.12.04-00.42.22:069][ 75]LogModuleManager: Shutting down and abandoning module DataValidation (270)
[2018.12.04-00.42.22:069][ 75]LogModuleManager: Shutting down and abandoning module AssetManagerEditor (268)
[2018.12.04-00.42.22:069][ 75]LogModuleManager: Shutting down and abandoning module LevelEditor (267)
[2018.12.04-00.42.22:069][ 75]LogModuleManager: Shutting down and abandoning module PixelInspectorModule (266)
[2018.12.04-00.42.22:069][ 75]LogModuleManager: Shutting down and abandoning module CommonMenuExtensions (264)
[2018.12.04-00.42.22:070][ 75]LogModuleManager: Shutting down and abandoning module MainFrame (262)
[2018.12.04-00.42.22:070][ 75]LogModuleManager: Shutting down and abandoning module HotReload (261)
[2018.12.04-00.42.22:070][ 75]LogModuleManager: Shutting down and abandoning module ContentBrowser (257)
[2018.12.04-00.42.22:071][ 75]LogModuleManager: Shutting down and abandoning module TreeMap (255)
[2018.12.04-00.42.22:071][ 75]LogModuleManager: Shutting down and abandoning module LightPropagationVolumeRuntime (252)
[2018.12.04-00.42.22:071][ 75]LogModuleManager: Shutting down and abandoning module AISupportModule (250)
[2018.12.04-00.42.22:071][ 75]LogModuleManager: Shutting down and abandoning module Paper2D (248)
[2018.12.04-00.42.22:071][ 75]LogModuleManager: Shutting down and abandoning module WindowsMoviePlayer (246)
[2018.12.04-00.42.22:071][ 75]LogModuleManager: Shutting down and abandoning module WmfMedia (244)
[2018.12.04-00.42.22:072][ 75]LogModuleManager: Shutting down and abandoning module Media (243)
[2018.12.04-00.42.22:078][ 75]LogModuleManager: Shutting down and abandoning module PacketHandler (240)
[2018.12.04-00.42.22:078][ 75]LogModuleManager: Shutting down and abandoning module ClothingSystemEditor (238)
[2018.12.04-00.42.22:078][ 75]LogModuleManager: Shutting down and abandoning module ClothingSystemRuntime (236)
[2018.12.04-00.42.22:078][ 75]LogModuleManager: Shutting down and abandoning module MediaAssets (234)
[2018.12.04-00.42.22:078][ 75]LogModuleManager: Shutting down and abandoning module Overlay (232)
[2018.12.04-00.42.22:078][ 75]LogModuleManager: Shutting down and abandoning module OverlayEditor (231)
[2018.12.04-00.42.22:078][ 75]LogModuleManager: Shutting down and abandoning module VREditor (228)
[2018.12.04-00.42.22:078][ 75]LogModuleManager: Shutting down and abandoning module StringTableEditor (226)
[2018.12.04-00.42.22:078][ 75]LogModuleManager: Shutting down and abandoning module GameplayTasksEditor (224)
[2018.12.04-00.42.22:078][ 75]LogModuleManager: Shutting down and abandoning module BehaviorTreeEditor (222)
[2018.12.04-00.42.22:078][ 75]LogModuleManager: Shutting down and abandoning module FunctionalTesting (220)
[2018.12.04-00.42.22:078][ 75]LogModuleManager: Shutting down and abandoning module CollisionAnalyzer (218)
[2018.12.04-00.42.22:079][ 75]LogModuleManager: Shutting down and abandoning module WorkspaceMenuStructure (217)
[2018.12.04-00.42.22:079][ 75]LogModuleManager: Shutting down and abandoning module UMG (214)
[2018.12.04-00.42.22:079][ 75]LogModuleManager: Shutting down and abandoning module UMGEditor (213)
[2018.12.04-00.42.22:079][ 75]LogModuleManager: Shutting down and abandoning module Sequencer (212)
[2018.12.04-00.42.22:079][ 75]LogModuleManager: Shutting down and abandoning module MessageLog (209)
[2018.12.04-00.42.22:079][ 75]LogModuleManager: Shutting down and abandoning module SlateReflector (204)
[2018.12.04-00.42.22:079][ 75]LogModuleManager: Shutting down and abandoning module Slate (202)
[2018.12.04-00.42.22:079][ 75]LogModuleManager: Shutting down and abandoning module EditorStyle (200)
[2018.12.04-00.42.22:080][ 75]LogModuleManager: Shutting down and abandoning module MRMesh (198)
[2018.12.04-00.42.22:080][ 75]LogModuleManager: Shutting down and abandoning module SourceCodeAccess (196)
[2018.12.04-00.42.22:080][ 75]LogModuleManager: Shutting down and abandoning module HeadMountedDisplay (194)
[2018.12.04-00.42.22:080][ 75]LogModuleManager: Shutting down and abandoning module XAudio2 (192)
[2018.12.04-00.42.22:080][ 75]LogModuleManager: Shutting down and abandoning module Networking (190)
[2018.12.04-00.42.22:080][ 75]LogModuleManager: Shutting down and abandoning module Core (188)
[2018.12.04-00.42.22:080][ 75]LogModuleManager: Shutting down and abandoning module LevelSequence (186)
[2018.12.04-00.42.22:080][ 75]LogModuleManager: Shutting down and abandoning module KismetCompiler (184)
[2018.12.04-00.42.22:080][ 75]LogModuleManager: Shutting down and abandoning module MeshUtilities (182)
[2018.12.04-00.42.22:080][ 75]LogModuleManager: Shutting down and abandoning module MeshMergeUtilities (181)
[2018.12.04-00.42.22:080][ 75]LogModuleManager: Shutting down and abandoning module MeshReductionInterface (180)
[2018.12.04-00.42.22:080][ 75]LogModuleManager: Shutting down and abandoning module SimplygonSwarm (179)
[2018.12.04-00.42.22:080][ 75]LogModuleManager: Shutting down and abandoning module ProxyLODMeshReduction (177)
[2018.12.04-00.42.22:080][ 75]LogModuleManager: Shutting down and abandoning module SimplygonMeshReduction (175)
[2018.12.04-00.42.22:080][ 75]LogModuleManager: Shutting down and abandoning module QuadricMeshReduction (173)
[2018.12.04-00.42.22:080][ 75]LogModuleManager: Shutting down and abandoning module MaterialBaking (169)
[2018.12.04-00.42.22:080][ 75]LogModuleManager: Shutting down and abandoning module DirectoryWatcher (165)
[2018.12.04-00.42.22:080][ 75]LogModuleManager: Shutting down and abandoning module DerivedDataCache (162)
[2018.12.04-00.42.22:086][ 75]LogDerivedDataCache: Shutdown
[2018.12.04-00.42.22:086][ 75]LogModuleManager: Shutting down and abandoning module XGEController (160)
[2018.12.04-00.42.22:086][ 75]LogXGEController: Cleaning working directory: C:/Users/igarpendal/AppData/Local/Temp/UnrealXGEWorkingDir/
[2018.12.04-00.42.22:086][ 75]LogModuleManager: Shutting down and abandoning module TargetPlatform (158)
[2018.12.04-00.42.22:086][ 75]LogModuleManager: Shutting down and abandoning module VulkanShaderFormat (157)
[2018.12.04-00.42.22:086][ 75]LogModuleManager: Shutting down and abandoning module ShaderFormatVectorVM (155)
[2018.12.04-00.42.22:086][ 75]LogModuleManager: Shutting down and abandoning module ShaderFormatOpenGL (153)
[2018.12.04-00.42.22:086][ 75]LogModuleManager: Shutting down and abandoning module ShaderFormatD3D (151)
[2018.12.04-00.42.22:086][ 75]LogModuleManager: Shutting down and abandoning module MetalShaderFormat (149)
[2018.12.04-00.42.22:086][ 75]LogModuleManager: Shutting down and abandoning module TextureFormatUncompressed (147)
[2018.12.04-00.42.22:086][ 75]LogModuleManager: Shutting down and abandoning module TextureFormatPVR (145)
[2018.12.04-00.42.22:087][ 75]LogModuleManager: Shutting down and abandoning module TextureFormatDXT (143)
[2018.12.04-00.42.22:087][ 75]LogModuleManager: Shutting down and abandoning module TextureFormatIntelISPCTexComp (141)
[2018.12.04-00.42.22:087][ 75]LogModuleManager: Shutting down and abandoning module TextureFormatASTC (139)
[2018.12.04-00.42.22:087][ 75]LogModuleManager: Shutting down and abandoning module ImageWrapper (138)
[2018.12.04-00.42.22:087][ 75]LogModuleManager: Shutting down and abandoning module TextureFormatAndroid (135)
[2018.12.04-00.42.22:087][ 75]LogModuleManager: Shutting down and abandoning module AudioFormatOpus (133)
[2018.12.04-00.42.22:087][ 75]LogModuleManager: Shutting down and abandoning module AudioFormatOgg (131)
[2018.12.04-00.42.22:087][ 75]LogModuleManager: Shutting down and abandoning module AudioFormatADPCM (129)
[2018.12.04-00.42.22:087][ 75]LogModuleManager: Shutting down and abandoning module LuminTargetPlatform (127)
[2018.12.04-00.42.22:087][ 75]LogModuleManager: Shutting down and abandoning module LinuxTargetPlatform (125)
[2018.12.04-00.42.22:087][ 75]LogModuleManager: Shutting down and abandoning module LinuxServerTargetPlatform (123)
[2018.12.04-00.42.22:087][ 75]LogModuleManager: Shutting down and abandoning module LinuxNoEditorTargetPlatform (121)
[2018.12.04-00.42.22:087][ 75]LogModuleManager: Shutting down and abandoning module LinuxClientTargetPlatform (119)
[2018.12.04-00.42.22:087][ 75]LogModuleManager: Shutting down and abandoning module TVOSTargetPlatform (117)
[2018.12.04-00.42.22:087][ 75]LogModuleManager: Shutting down and abandoning module Messaging (115)
[2018.12.04-00.42.22:087][ 75]LogModuleManager: Shutting down and abandoning module IOSTargetPlatform (113)
[2018.12.04-00.42.22:088][ 75]LogModuleManager: Shutting down and abandoning module HTML5TargetPlatform (111)
[2018.12.04-00.42.22:088][ 75]LogModuleManager: Shutting down and abandoning module AndroidTargetPlatform (109)
[2018.12.04-00.42.22:093][ 75]LogModuleManager: Shutting down and abandoning module WindowsTargetPlatform (107)
[2018.12.04-00.42.22:093][ 75]LogModuleManager: Shutting down and abandoning module WindowsServerTargetPlatform (105)
[2018.12.04-00.42.22:093][ 75]LogModuleManager: Shutting down and abandoning module WindowsNoEditorTargetPlatform (103)
[2018.12.04-00.42.22:093][ 75]LogModuleManager: Shutting down and abandoning module WindowsClientTargetPlatform (101)
[2018.12.04-00.42.22:093][ 75]LogModuleManager: Shutting down and abandoning module MacTargetPlatform (99)
[2018.12.04-00.42.22:093][ 75]LogModuleManager: Shutting down and abandoning module MacServerTargetPlatform (97)
[2018.12.04-00.42.22:093][ 75]LogModuleManager: Shutting down and abandoning module MacNoEditorTargetPlatform (95)
[2018.12.04-00.42.22:094][ 75]LogModuleManager: Shutting down and abandoning module MacClientTargetPlatform (93)
[2018.12.04-00.42.22:094][ 75]LogModuleManager: Shutting down and abandoning module AllDesktopTargetPlatform (91)
[2018.12.04-00.42.22:094][ 75]LogModuleManager: Shutting down and abandoning module InputCore (88)
[2018.12.04-00.42.22:094][ 75]LogModuleManager: Shutting down and abandoning module Settings (86)
[2018.12.04-00.42.22:094][ 75]LogModuleManager: Shutting down and abandoning module PhysXCooking (84)
[2018.12.04-00.42.22:094][ 75]LogModuleManager: Shutting down and abandoning module SteamVR (82)
[2018.12.04-00.42.22:094][ 75]LogModuleManager: Shutting down and abandoning module OculusHMD (80)
[2018.12.04-00.42.22:094][ 75]LogModuleManager: Shutting down and abandoning module ExampleDeviceProfileSelector (78)
[2018.12.04-00.42.22:094][ 75]LogModuleManager: Shutting down and abandoning module LauncherChunkInstaller (76)
[2018.12.04-00.42.22:094][ 75]LogModuleManager: Shutting down and abandoning module OnlineBlueprintSupport (74)
[2018.12.04-00.42.22:094][ 75]LogModuleManager: Shutting down and abandoning module OnlineSubsystem (70)
[2018.12.04-00.42.22:094][ 75]LogModuleManager: Shutting down and abandoning module XMPP (65)
[2018.12.04-00.42.22:094][ 75]LogModuleManager: Shutting down and abandoning module WebSockets (64)
[2018.12.04-00.42.22:117][ 75]LogModuleManager: Shutting down and abandoning module HTTP (61)
[2018.12.04-00.42.22:117][ 75]LogHttp: Display: Http module shutting down, but needs to wait on 1 outstanding Http requests:
[2018.12.04-00.42.22:117][ 75]LogHttp: Display: 	verb=[POST] url=[https://datarouter.ol.epicgames.com/datarouter/api/v1/public/data?SessionID=%7B41573C3B-46C6-2895-660A-58AA70602AF7%7D&AppID=UEEditor.Rocket.Release&AppVersion=4.20.3-4369336%2B%2B%2BUE4%2BRelease-4.20&UserID=8ed71d7140d7bb25c41d68a3a57cba4b%7C52104c89cd7e4bc1973b39f9a16df27e%7C8f7ca108-0e80-45bf-b167-f38aa5d91da3&AppEnvironment=datacollector-binary&UploadType=eteventstream] status=Processing
[2018.12.04-00.42.22:126][ 75]LogModuleManager: Shutting down and abandoning module SSL (60)
[2018.12.04-00.42.22:128][ 75]LogModuleManager: Shutting down and abandoning module MagicLeapEmulator (56)
[2018.12.04-00.42.22:128][ 75]LogModuleManager: Shutting down and abandoning module MagicLeapPrivileges (54)
[2018.12.04-00.42.22:128][ 75]LogModuleManager: Shutting down and abandoning module MagicLeapIdentity (52)
[2018.12.04-00.42.22:128][ 75]LogModuleManager: Shutting down and abandoning module MagicLeapHelperVulkan (50)
[2018.12.04-00.42.22:128][ 75]LogModuleManager: Shutting down and abandoning module MagicLeapHelperOpenGL (48)
[2018.12.04-00.42.22:128][ 75]LogModuleManager: Shutting down and abandoning module MagicLeapSecureStorage (46)
[2018.12.04-00.42.22:128][ 75]LogModuleManager: Shutting down and abandoning module MagicLeapGestures (44)
[2018.12.04-00.42.22:128][ 75]LogModuleManager: Shutting down and abandoning module MagicLeapEyeTracker (42)
[2018.12.04-00.42.22:128][ 75]LogModuleManager: Shutting down and abandoning module MagicLeapController (40)
[2018.12.04-00.42.22:128][ 75]LogSlate: Slate User Destroyed.  User Index 0, Is Virtual User: 0
[2018.12.04-00.42.22:128][ 75]LogModuleManager: Shutting down and abandoning module MagicLeap (38)
[2018.12.04-00.42.22:128][ 75]LogModuleManager: Shutting down and abandoning module AnimationModifiers (36)
[2018.12.04-00.42.22:128][ 75]LogModuleManager: Shutting down and abandoning module PropertyEditor (35)
[2018.12.04-00.42.22:128][ 75]LogModuleManager: Shutting down and abandoning module AudioEditor (32)
[2018.12.04-00.42.22:128][ 75]LogModuleManager: Shutting down and abandoning module TextureCompressor (30)
[2018.12.04-00.42.22:128][ 75]LogModuleManager: Shutting down and abandoning module ShaderCore (28)
[2018.12.04-00.42.22:128][ 75]LogModuleManager: Shutting down and abandoning module Landscape (26)
[2018.12.04-00.42.22:128][ 75]LogModuleManager: Shutting down and abandoning module SlateRHIRenderer (24)
[2018.12.04-00.42.22:128][ 75]LogModuleManager: Shutting down and abandoning module OpenGLDrv (22)
[2018.12.04-00.42.22:128][ 75]LogModuleManager: Shutting down and abandoning module D3D11RHI (20)
[2018.12.04-00.42.22:128][ 75]LogModuleManager: Shutting down and abandoning module AnimGraphRuntime (18)
[2018.12.04-00.42.22:128][ 75]LogModuleManager: Shutting down and abandoning module Renderer (16)
[2018.12.04-00.42.22:128][ 75]LogModuleManager: Shutting down and abandoning module Engine (14)
[2018.12.04-00.42.22:128][ 75]LogModuleManager: Shutting down and abandoning module CoreUObject (12)
[2018.12.04-00.42.22:128][ 75]LogModuleManager: Shutting down and abandoning module NetworkFile (10)
[2018.12.04-00.42.22:128][ 75]LogModuleManager: Shutting down and abandoning module CookedIterativeFile (8)
[2018.12.04-00.42.22:128][ 75]LogModuleManager: Shutting down and abandoning module StreamingFile (6)
[2018.12.04-00.42.22:128][ 75]LogModuleManager: Shutting down and abandoning module SandboxFile (4)
[2018.12.04-00.42.22:128][ 75]LogModuleManager: Shutting down and abandoning module PakFile (2)
[2018.12.04-00.42.22:134][ 75]LogExit: Exiting.
[2018.12.04-00.42.22:140][ 75]Log file closed, 12/04/18 11:42:22
