Log file open, 12/04/18 11:42:48
LogWindows: Failed to load 'aqProf.dll' (GetLastError=126)
LogWindows: File 'aqProf.dll' does not exist
LogWindows: Failed to load 'VSPerf140.dll' (GetLastError=126)
LogWindows: File 'VSPerf140.dll' does not exist
LogWindows: Failed to load 'VtuneApi.dll' (GetLastError=126)
LogWindows: File 'VtuneApi.dll' does not exist
LogWindows: Failed to load 'VtuneApi32e.dll' (GetLastError=126)
LogWindows: File 'VtuneApi32e.dll' does not exist
LogInit: Display: Running engine for game: PlatformerPrototype
LogPlatformFile: Not using cached read wrapper
LogTaskGraph: Started task graph with 5 named threads and 23 total threads with 3 sets of task threads.
LogStats: Stats thread started at 0.275266
LogD3D11RHI: Loaded GFSDK_Aftermath_Lib.x64.dll
LogICUInternationalization: Display: ICU TimeZone Detection - Raw Offset: +10:00, Platform Override: ''
LogPluginManager: Mounting plugin Paper2D
LogPluginManager: Mounting plugin AISupport
LogPluginManager: Mounting plugin LightPropagationVolume
LogPluginManager: Mounting plugin CLionSourceCodeAccess
LogPluginManager: Mounting plugin CodeLiteSourceCodeAccess
LogPluginManager: Mounting plugin GitSourceControl
LogPluginManager: Mounting plugin KDevelopSourceCodeAccess
LogPluginManager: Mounting plugin NullSourceCodeAccess
LogPluginManager: Mounting plugin PerforceSourceControl
LogPluginManager: Mounting plugin SubversionSourceControl
LogPluginManager: Mounting plugin UObjectPlugin
LogPluginManager: Mounting plugin VisualStudioCodeSourceCodeAccess
LogPluginManager: Mounting plugin VisualStudioSourceCodeAccess
LogPluginManager: Mounting plugin XCodeSourceCodeAccess
LogPluginManager: Mounting plugin AssetManagerEditor
LogPluginManager: Mounting plugin CryptoKeys
LogPluginManager: Mounting plugin DataValidation
LogPluginManager: Mounting plugin EditorScriptingUtilities
LogPluginManager: Mounting plugin FacialAnimation
LogPluginManager: Mounting plugin GameplayTagsEditor
LogPluginManager: Mounting plugin MacGraphicsSwitching
LogPluginManager: Mounting plugin MeshEditor
LogPluginManager: Mounting plugin MobileLauncherProfileWizard
LogPluginManager: Mounting plugin PluginBrowser
LogPluginManager: Mounting plugin SpeedTreeImporter
LogPluginManager: Mounting plugin DatasmithContent
LogPluginManager: Mounting plugin AlembicImporter
LogPluginManager: Mounting plugin AppleImageUtils
LogPluginManager: Mounting plugin AppleVision
LogPluginManager: Mounting plugin BackChannel
LogPluginManager: Mounting plugin CharacterAI
LogPluginManager: Mounting plugin GeometryCache
LogPluginManager: Mounting plugin HTML5Networking
LogPluginManager: Mounting plugin ProxyLODPlugin
LogPluginManager: Mounting plugin MagicLeap
LogPluginManager: Mounting plugin MagicLeapEmulator
LogPluginManager: Mounting plugin MagicLeapMedia
LogPluginManager: Mounting plugin AndroidMedia
LogPluginManager: Mounting plugin AvfMedia
LogPluginManager: Mounting plugin ImgMedia
LogPluginManager: Mounting plugin LinearTimecode
LogPluginManager: Mounting plugin MediaCompositing
LogPluginManager: Mounting plugin MediaPlayerEditor
LogPluginManager: Mounting plugin WmfMedia
LogPluginManager: Mounting plugin TcpMessaging
LogPluginManager: Mounting plugin UdpMessaging
LogPluginManager: Mounting plugin ActorSequence
LogPluginManager: Mounting plugin LevelSequenceEditor
LogPluginManager: Mounting plugin MatineeToLevelSequence
LogPluginManager: Mounting plugin NetcodeUnitTest
LogPluginManager: Mounting plugin NUTUnrealEngine4
LogPluginManager: Mounting plugin OnlineSubsystemGooglePlay
LogPluginManager: Mounting plugin OnlineSubsystemIOS
LogPluginManager: Mounting plugin OnlineSubsystem
LogPluginManager: Mounting plugin OnlineSubsystemNull
LogPluginManager: Mounting plugin OnlineSubsystemUtils
LogPluginManager: Mounting plugin LauncherChunkInstaller
LogPluginManager: Mounting plugin AndroidDeviceProfileSelector
LogPluginManager: Mounting plugin AndroidMoviePlayer
LogPluginManager: Mounting plugin AndroidPermission
LogPluginManager: Mounting plugin AppleMoviePlayer
LogPluginManager: Mounting plugin ArchVisCharacter
LogPluginManager: Mounting plugin AudioCapture
LogPluginManager: Mounting plugin CableComponent
LogPluginManager: Mounting plugin CustomMeshComponent
LogPluginManager: Mounting plugin EditableMesh
LogPluginManager: Mounting plugin ExampleDeviceProfileSelector
LogPluginManager: Mounting plugin GoogleCloudMessaging
LogPluginManager: Mounting plugin ImmediatePhysics
LogPluginManager: Mounting plugin IOSDeviceProfileSelector
LogPluginManager: Mounting plugin LinuxDeviceProfileSelector
LogPluginManager: Mounting plugin LocationServicesBPLibrary
LogPluginManager: Mounting plugin MobilePatchingUtils
LogPluginManager: Mounting plugin OculusVR
LogPluginManager: Plugin shader directory ../../../Engine/Plugins/Runtime/Oculus/OculusVR/Shaders found
LogPluginManager: Mapping shader source directory ../../../Engine/Plugins/Runtime/Oculus/OculusVR/Shaders to virtual directory /Plugin/OculusVR
LogPluginManager: Mounting plugin PhysXVehicles
LogPluginManager: Mounting plugin ProceduralMeshComponent
LogPluginManager: Mounting plugin RuntimePhysXCooking
LogPluginManager: Mounting plugin SteamVR
LogPluginManager: Mounting plugin WindowsMoviePlayer
LogPluginManager: Mounting plugin DatasmithCADImporter
LogPluginManager: Mounting plugin DatasmithFBXImporter
LogPluginManager: Mounting plugin DatasmithImporter
LogPluginManager: Mounting plugin DatasmithMDLImporter
LogPluginManager: Mounting plugin StaticMeshEditorExtension
LogStreaming: Display: Took  0.085s to configure plugins.
LogInit: Using libcurl 7.55.1-DEV
LogInit:  - built for x86_64-pc-win32
LogInit:  - supports SSL with OpenSSL/1.0.2h
LogInit:  - supports HTTP deflate (compression) using libz 1.2.8
LogInit:  - other features:
LogInit:      CURL_VERSION_SSL
LogInit:      CURL_VERSION_LIBZ
LogInit:      CURL_VERSION_IPV6
LogInit:      CURL_VERSION_ASYNCHDNS
LogInit:      CURL_VERSION_LARGEFILE
LogInit:      CURL_VERSION_IDN
LogInit:  CurlRequestOptions (configurable via config and command line):
LogInit:  - bVerifyPeer = false  - Libcurl will NOT verify peer certificate
LogInit:  - bUseHttpProxy = false  - Libcurl will NOT use HTTP proxy
LogInit:  - bDontReuseConnections = false  - Libcurl will reuse connections
LogInit:  - CertBundlePath = nullptr  - Libcurl will use whatever was configured at build time.
LogInit:  - MaxHostConnections = 16  - Libcurl will limit the number of connections to a host
LogInit:  - LocalHostAddr = Default
LogInit:  - BufferSize = 65536
LogInit: WinSock: version 1.1 (2.2), MaxSocks=32767, MaxUdp=65467
LogHMD: Failed initializing OVRPlugin 1.25.0
LogInit: Build: ++UE4+Release-4.20-CL-4369336
LogInit: Engine Version: 4.20.3-4369336+++UE4+Release-4.20
LogInit: Compatible Engine Version: 4.20.0-4212847+++UE4+Release-4.20
LogInit: Net CL: 4212847
LogInit: OS: Windows 10 (), CPU: Intel(R) Core(TM) i7-6700 CPU @ 3.40GHz, GPU: NVIDIA GeForce GTX 980
LogInit: Compiled (64-bit): Sep 17 2018 12:26:19
LogInit: Compiled with Visual C++: 19.13.26129.00
LogInit: Build Configuration: Development
LogInit: Branch Name: ++UE4+Release-4.20
LogInit: Command Line:  
LogInit: Base Directory: C:/Program Files/Epic Games/UE_4.20/Engine/Binaries/Win64/
LogInit: Installed Engine Build: 1
LogDevObjectVersion: Number of dev versions registered: 20
LogDevObjectVersion:   Dev-Blueprints (B0D832E4-1F89-4F0D-ACCF-7EB736FD4AA2): 10
LogDevObjectVersion:   Dev-Build (E1C64328-A22C-4D53-A36C-8E866417BD8C): 0
LogDevObjectVersion:   Dev-Core (375EC13C-06E4-48FB-B500-84F0262A717E): 2
LogDevObjectVersion:   Dev-Editor (E4B068ED-F494-42E9-A231-DA0B2E46BB41): 24
LogDevObjectVersion:   Dev-Framework (CFFC743F-43B0-4480-9391-14DF171D2073): 34
LogDevObjectVersion:   Dev-Mobile (B02B49B5-BB20-44E9-A304-32B752E40360): 2
LogDevObjectVersion:   Dev-Networking (A4E4105C-59A1-49B5-A7C5-40C4547EDFEE): 0
LogDevObjectVersion:   Dev-Online (39C831C9-5AE6-47DC-9A44-9C173E1C8E7C): 0
LogDevObjectVersion:   Dev-Physics (78F01B33-EBEA-4F98-B9B4-84EACCB95AA2): 0
LogDevObjectVersion:   Dev-Platform (6631380F-2D4D-43E0-8009-CF276956A95A): 0
LogDevObjectVersion:   Dev-Rendering (12F88B9F-8875-4AFC-A67C-D90C383ABD29): 26
LogDevObjectVersion:   Dev-Sequencer (7B5AE74C-D270-4C10-A958-57980B212A5A): 9
LogDevObjectVersion:   Dev-VR (D7296918-1DD6-4BDD-9DE2-64A83CC13884): 2
LogDevObjectVersion:   Dev-LoadTimes (C2A15278-BFE7-4AFE-6C17-90FF531DF755): 1
LogDevObjectVersion:   Private-Geometry (6EACA3D4-40EC-4CC1-B786-8BED09428FC5): 3
LogDevObjectVersion:   Dev-AnimPhys (29E575DD-E0A3-4627-9D10-D276232CDCEA): 17
LogDevObjectVersion:   Dev-ReflectionCapture (6B266CEC-1EC7-4B8F-A30B-E4D90942FC07): 1
LogDevObjectVersion:   Dev-Automation (0DF73D61-A23F-47EA-B727-89E90C41499A): 1
LogDevObjectVersion:   FortniteMain (601D1886-AC64-4F84-AA16-D3DE0DEAC7D6): 12
LogDevObjectVersion:   Dev-Enterprise (9DFFBCD6-494F-0158-E221-12823C92A888): 1
LogStreaming: Display: Took  0.004s to delete old logs.
LogInit: Presizing for max 8388607 objects, including 0 objects not considered by GC, pre-allocating 0 bytes for permanent pool.
LogInit: Object subsystem initialized
[2018.12.04-00.42.48:922][  0]LogInit: Selected Device Profile: [Windows]
[2018.12.04-00.42.48:922][  0]LogInit: Applying CVar settings loaded from the selected device profile: [Windows]
[2018.12.04-00.42.48:935][  0]LogHAL: Display: Platform has ~ 32 GB [34270724096 / 34359738368 / 32], which maps to Largest [LargestMinGB=32, LargerMinGB=12, DefaultMinGB=8, SmallerMinGB=6, SmallestMinGB=0)
[2018.12.04-00.42.48:935][  0]LogInit: Setting Device Profile CVar: [[r.Vulkan.UseRealUBs:1]]
[2018.12.04-00.42.48:935][  0]LogInit: Going up to parent DeviceProfile []
[2018.12.04-00.42.48:935][  0]LogInit: Computer: SYD-R304-PC05
[2018.12.04-00.42.48:935][  0]LogInit: User: igarpendal
[2018.12.04-00.42.48:935][  0]LogInit: CPU Page size=4096, Cores=4
[2018.12.04-00.42.48:935][  0]LogInit: High frequency timer resolution =3.328123 MHz
[2018.12.04-00.42.48:935][  0]LogMemory: Memory total: Physical=31.9GB (32GB approx)
[2018.12.04-00.42.48:935][  0]LogMemory: Platform Memory Stats for Windows
[2018.12.04-00.42.48:935][  0]LogMemory: Process Physical Memory: 103.78 MB used, 103.78 MB peak
[2018.12.04-00.42.48:935][  0]LogMemory: Process Virtual Memory: 96.41 MB used, 96.41 MB peak
[2018.12.04-00.42.48:935][  0]LogMemory: Physical Memory: 6113.61 MB used,  26569.50 MB free, 32683.11 MB total
[2018.12.04-00.42.48:935][  0]LogMemory: Virtual Memory: 4657.41 MB used,  26569.50 MB free, 134217728.00 MB total
[2018.12.04-00.42.48:952][  0]LogInit: Using OS detected language (en-US).
[2018.12.04-00.42.48:952][  0]LogInit: Using OS detected locale (en-AU).
[2018.12.04-00.42.48:952][  0]LogTextLocalizationManager: No specific localization for 'en-US' exists, so the 'en' localization will be used.
[2018.12.04-00.42.49:322][  0]LogStreaming: Display: Took  0.370s to InitEngineTextLocalization.
[2018.12.04-00.42.49:322][  0]LogInit: Setting process to per monitor DPI aware
[2018.12.04-00.42.49:358][  0]LogSlate: New Slate User Created.  User Index 0, Is Virtual User: 0
[2018.12.04-00.42.49:358][  0]LogSlate: Slate User Registered.  User Index 0, Is Virtual User: 0
[2018.12.04-00.42.49:532][  0]LogHMD: Failed to initialize OpenVR with code 126
[2018.12.04-00.42.49:532][  0]LogD3D11RHI: D3D11 adapters:
[2018.12.04-00.42.49:601][  0]LogD3D11RHI:    0. 'NVIDIA GeForce GTX 980' (Feature Level 11_0)
[2018.12.04-00.42.49:601][  0]LogD3D11RHI:       4053/0/16341 MB DedicatedVideo/DedicatedSystem/SharedSystem, Outputs:1, VendorId:0x10de
[2018.12.04-00.42.49:603][  0]LogD3D11RHI:    1. 'Microsoft Basic Render Driver' (Feature Level 11_0)
[2018.12.04-00.42.49:603][  0]LogD3D11RHI:       0/0/16341 MB DedicatedVideo/DedicatedSystem/SharedSystem, Outputs:0, VendorId:0x1414
[2018.12.04-00.42.49:603][  0]LogD3D11RHI: Chosen D3D11 Adapter: 0
[2018.12.04-00.42.49:610][  0]LogD3D11RHI: Creating new Direct3DDevice
[2018.12.04-00.42.49:610][  0]LogD3D11RHI:     GPU DeviceId: 0x13c0 (for the marketing name, search the web for "GPU Device Id")
[2018.12.04-00.42.49:610][  0]LogWindows: EnumDisplayDevices:
[2018.12.04-00.42.49:610][  0]LogWindows:    0. 'NVIDIA GeForce GTX 980' (P:1 D:1)
[2018.12.04-00.42.49:611][  0]LogWindows:    1. 'NVIDIA GeForce GTX 980' (P:0 D:0)
[2018.12.04-00.42.49:611][  0]LogWindows:    2. 'NVIDIA GeForce GTX 980' (P:0 D:0)
[2018.12.04-00.42.49:611][  0]LogWindows:    3. 'NVIDIA GeForce GTX 980' (P:0 D:0)
[2018.12.04-00.42.49:611][  0]LogWindows: DebugString: FoundDriverCount:4 
[2018.12.04-00.42.49:611][  0]LogD3D11RHI:     Adapter Name: NVIDIA GeForce GTX 980
[2018.12.04-00.42.49:611][  0]LogD3D11RHI:   Driver Version: 398.82 (internal:24.21.13.9882, unified:398.82)
[2018.12.04-00.42.49:611][  0]LogD3D11RHI:      Driver Date: 7-30-2018
[2018.12.04-00.42.49:611][  0]LogRHI: Texture pool is 2837 MB (70% of 4053 MB)
[2018.12.04-00.42.49:652][  0]LogD3D11RHI: Async texture creation enabled
[2018.12.04-00.42.49:669][  0]LogD3D11RHI: GPU Timing Frequency: 1000.000000 (Debug: 2 2)
[2018.12.04-00.42.49:711][  0]LogShaderCompilers: Guid format shader working directory is -39 characters bigger than the processId version (../../../../../../Users/igarpendal/Documents/GitHub/GPG210-Prototypes/PlatformerPrototype/Intermediate/Shaders/WorkingDirectory/18948/).
[2018.12.04-00.42.49:711][  0]LogShaderCompilers: Cleaned the shader compiler working directory 'C:/Users/igarpendal/AppData/Local/Temp/UnrealShaderWorkingDir/86481A8D492E03C2D18D30BF9739C84B/'.
[2018.12.04-00.42.49:947][  0]LogTemp: Display: Loaded TP AllDesktopTargetPlatform
[2018.12.04-00.42.49:959][  0]LogTemp: Display: Loaded TP MacClientTargetPlatform
[2018.12.04-00.42.49:971][  0]LogTemp: Display: Loaded TP MacNoEditorTargetPlatform
[2018.12.04-00.42.49:984][  0]LogTemp: Display: Loaded TP MacServerTargetPlatform
[2018.12.04-00.42.49:999][  0]LogTemp: Display: Loaded TP MacTargetPlatform
[2018.12.04-00.42.50:016][  0]LogTemp: Display: Loaded TP WindowsClientTargetPlatform
[2018.12.04-00.42.50:030][  0]LogTemp: Display: Loaded TP WindowsNoEditorTargetPlatform
[2018.12.04-00.42.50:043][  0]LogTemp: Display: Loaded TP WindowsServerTargetPlatform
[2018.12.04-00.42.50:049][  0]LogTemp: Display: Loaded TP WindowsTargetPlatform
[2018.12.04-00.42.50:140][  0]LogTemp: Display: Loaded TP AndroidTargetPlatform
[2018.12.04-00.42.50:140][  0]LogTemp: Display: Loaded TP AndroidTargetPlatform
[2018.12.04-00.42.50:140][  0]LogTemp: Display: Loaded TP AndroidTargetPlatform
[2018.12.04-00.42.50:140][  0]LogTemp: Display: Loaded TP AndroidTargetPlatform
[2018.12.04-00.42.50:140][  0]LogTemp: Display: Loaded TP AndroidTargetPlatform
[2018.12.04-00.42.50:140][  0]LogTemp: Display: Loaded TP AndroidTargetPlatform
[2018.12.04-00.42.50:140][  0]LogTemp: Display: Loaded TP AndroidTargetPlatform
[2018.12.04-00.42.50:140][  0]LogTemp: Display: Loaded TP AndroidTargetPlatform
[2018.12.04-00.42.50:140][  0]LogTemp: Display: Loaded TP AndroidTargetPlatform
[2018.12.04-00.42.50:140][  0]LogTemp: Display: Loaded TP AndroidTargetPlatform
[2018.12.04-00.42.50:140][  0]LogTemp: Display: Loaded TP AndroidTargetPlatform
[2018.12.04-00.42.50:140][  0]LogTemp: Display: Loaded TP AndroidTargetPlatform
[2018.12.04-00.42.50:140][  0]LogTemp: Display: Loaded TP AndroidTargetPlatform
[2018.12.04-00.42.50:140][  0]LogTemp: Display: Loaded TP AndroidTargetPlatform
[2018.12.04-00.42.50:141][  0]LogTemp: Display: Loaded TP AndroidTargetPlatform
[2018.12.04-00.42.50:141][  0]LogTemp: Display: Loaded TP AndroidTargetPlatform
[2018.12.04-00.42.50:141][  0]LogTemp: Display: Loaded TP AndroidTargetPlatform
[2018.12.04-00.42.50:141][  0]LogTemp: Display: Loaded TP AndroidTargetPlatform
[2018.12.04-00.42.50:142][  0]LogTemp: Display: Loaded TP HTML5TargetPlatform
[2018.12.04-00.42.50:206][  0]LogTemp: Display: Loaded TP IOSTargetPlatform
[2018.12.04-00.42.50:206][  0]LogTemp: Display: Loaded TP IOSTargetPlatform
[2018.12.04-00.42.50:230][  0]LogTemp: Display: Loaded TP TVOSTargetPlatform
[2018.12.04-00.42.50:230][  0]LogTemp: Display: Loaded TP TVOSTargetPlatform
[2018.12.04-00.42.50:241][  0]LogTemp: Display: Loaded TP LinuxClientTargetPlatform
[2018.12.04-00.42.50:252][  0]LogTemp: Display: Loaded TP LinuxNoEditorTargetPlatform
[2018.12.04-00.42.50:267][  0]LogTemp: Display: Loaded TP LinuxServerTargetPlatform
[2018.12.04-00.42.50:280][  0]LogTemp: Display: Loaded TP LinuxTargetPlatform
[2018.12.04-00.42.50:289][  0]LogTemp: Display: Loaded TP LuminTargetPlatform
[2018.12.04-00.42.50:289][  0]LogTargetPlatformManager: Display: Building Assets For Windows
[2018.12.04-00.42.50:343][  0]LogXGEController: Cleaning working directory: C:/Users/igarpendal/AppData/Local/Temp/UnrealXGEWorkingDir/
[2018.12.04-00.42.50:343][  0]LogXGEController: Cannot use XGE Controller as Incredibuild is not installed on this machine.
[2018.12.04-00.42.50:343][  0]LogShaderCompilers: Cannot use XGE Shader Compiler as Incredibuild is not installed on this machine.
[2018.12.04-00.42.50:343][  0]LogShaderCompilers: Display: Using Local Shader Compiler.
[2018.12.04-00.42.51:019][  0]LogDerivedDataCache: Display: Max Cache Size: 512 MB
[2018.12.04-00.42.51:069][  0]LogDerivedDataCache: Loaded boot cache 0.05s 72MB C:/Users/igarpendal/AppData/Local/UnrealEngine/4.20/DerivedDataCache/Boot.ddc.
[2018.12.04-00.42.51:070][  0]LogDerivedDataCache: Display: Loaded Boot cache: C:/Users/igarpendal/AppData/Local/UnrealEngine/4.20/DerivedDataCache/Boot.ddc
[2018.12.04-00.42.51:070][  0]LogDerivedDataCache: FDerivedDataBackendGraph:  Pak pak cache file ../../../../../../Users/igarpendal/Documents/GitHub/GPG210-Prototypes/PlatformerPrototype/DerivedDataCache/DDC.ddp not found, will not use a pak cache.
[2018.12.04-00.42.51:070][  0]LogDerivedDataCache: Unable to find inner node Pak for hierarchical cache Hierarchy.
[2018.12.04-00.42.51:070][  0]LogDerivedDataCache: FDerivedDataBackendGraph:  CompressedPak pak cache file ../../../../../../Users/igarpendal/Documents/GitHub/GPG210-Prototypes/PlatformerPrototype/DerivedDataCache/Compressed.ddp not found, will not use a pak cache.
[2018.12.04-00.42.51:070][  0]LogDerivedDataCache: Unable to find inner node CompressedPak for hierarchical cache Hierarchy.
[2018.12.04-00.42.51:083][  0]LogDerivedDataCache: Display: Pak cache opened for reading ../../../Engine/DerivedDataCache/Compressed.ddp.
[2018.12.04-00.42.51:096][  0]LogDerivedDataCache: Using Local data cache path C:/Users/igarpendal/AppData/Local/UnrealEngine/Common/DerivedDataCache: Writable
[2018.12.04-00.42.51:096][  0]LogDerivedDataCache: Shared data cache path not found in *engine.ini, will not use an Shared cache.
[2018.12.04-00.42.51:096][  0]LogDerivedDataCache: Unable to find inner node Shared for hierarchical cache Hierarchy.
[2018.12.04-00.42.51:114][  0]LogMaterial: Verifying Global Shaders for PCD3D_SM5
[2018.12.04-00.42.51:115][  0]LogSlate: Using FreeType 2.6.0
[2018.12.04-00.42.51:116][  0]LogSlate: SlateFontServices - WITH_FREETYPE: 1, WITH_HARFBUZZ: 1
[2018.12.04-00.42.51:183][  0]LogAssetRegistry: FAssetRegistry took 0.0261 seconds to start up
[2018.12.04-00.42.51:505][  0]LogInit: Selected Device Profile: [Windows]
[2018.12.04-00.42.51:636][  0]LogSimplygon: Simplygon DLL not present - disabling.
[2018.12.04-00.42.51:639][  0]LogMeshReduction: Using SimplygonSwarm for distributed automatic mesh merging
[2018.12.04-00.42.51:639][  0]LogMeshReduction: Using ProxyLODMeshReduction for automatic mesh merging
[2018.12.04-00.42.51:639][  0]LogMeshReduction: Using QuadricMeshReduction for automatic static mesh reduction
[2018.12.04-00.42.51:639][  0]LogMeshReduction: No automatic skeletal mesh reduction module available
[2018.12.04-00.42.51:655][  0]LogNetVersion: PlatformerPrototype 1.0.0, NetCL: 4212847, EngineNetVer: 5, GameNetVer: 0 (Checksum: 3545419167)
[2018.12.04-00.42.52:164][  0]LogPackageLocalizationCache: Processed 13 localized package path(s) for 2 prioritized culture(s) in 0.117308 seconds
[2018.12.04-00.42.52:170][  0]LogUObjectArray: 38425 objects as part of root set at end of initial load.
[2018.12.04-00.42.52:170][  0]LogUObjectAllocator: 6690872 out of 0 bytes used by permanent object pool.
[2018.12.04-00.42.52:170][  0]LogUObjectArray: CloseDisregardForGC: 0/0 objects in disregard for GC pool
[2018.12.04-00.42.52:976][  0]LogTcpMessaging: Initializing TcpMessaging bridge
[2018.12.04-00.42.52:989][  0]LogUdpMessaging: Initializing bridge on interface 0.0.0.0:0 to multicast group 230.0.0.1:6666.
[2018.12.04-00.42.53:118][  0]SourceControl: Source control is disabled
[2018.12.04-00.42.53:119][  0]SourceControl: Source control is disabled
[2018.12.04-00.42.53:120][  0]SourceControl: Source control is disabled
[2018.12.04-00.42.53:120][  0]SourceControl: Source control is disabled
[2018.12.04-00.42.53:286][  0]LogAndroidPermission: UAndroidPermissionCallbackProxy::GetInstance
[2018.12.04-00.42.53:350][  0]LogOcInput: OculusInput pre-init called
[2018.12.04-00.42.55:123][  0]LogEngine: Initializing Engine...
[2018.12.04-00.42.55:141][  0]LogHMD: Failed to initialize OpenVR with code 126
[2018.12.04-00.42.55:142][  0]LogStats: UGameplayTagsManager::ConstructGameplayTagTree: ImportINI prefixes -  0.000 s
[2018.12.04-00.42.55:142][  0]LogStats: UGameplayTagsManager::ConstructGameplayTagTree: Construct from data asset -  0.000 s
[2018.12.04-00.42.55:142][  0]LogStats: UGameplayTagsManager::ConstructGameplayTagTree: ImportINI -  0.000 s
[2018.12.04-00.42.55:142][  0]LogStats: UGameplayTagsManager::ConstructGameplayTagTree: GameplayTagTreeChangedEvent.Broadcast -  0.000 s
[2018.12.04-00.42.55:330][  0]LogInit: Initializing FReadOnlyCVARCache
[2018.12.04-00.42.55:340][  0]LogAIModule: Creating AISystem for world Untitled
[2018.12.04-00.42.55:360][  0]LogInit: XAudio2 using 'Speakers (Realtek High Definition Audio)' : 2 channels at 48 kHz using 32 bits per sample (channel mask 0x3)
[2018.12.04-00.42.55:374][  0]LogInit: FAudioDevice initialized.
[2018.12.04-00.42.55:375][  0]LogNetVersion: Set ProjectVersion to 1.0.0.0. Version Checksum will be recalculated on next use.
[2018.12.04-00.42.55:455][  0]LogDerivedDataCache: Saved boot cache 0.08s 72MB C:/Users/igarpendal/AppData/Local/UnrealEngine/4.20/DerivedDataCache/Boot.ddc.
[2018.12.04-00.42.55:466][  0]LogInit: Texture streaming: Enabled
[2018.12.04-00.42.55:480][  0]LogEngineSessionManager: EngineSessionManager initialized
[2018.12.04-00.42.55:492][  0]LogInit: Transaction tracking system initialized
[2018.12.04-00.42.55:511][  0]BlueprintLog: New page: Editor Load
[2018.12.04-00.42.55:568][  0]LocalizationService: Localization service is disabled
[2018.12.04-00.42.55:816][  0]LogCook: Display: Max memory allowance for cook 16384mb min free memory 0mb
[2018.12.04-00.42.55:816][  0]LogCook: Display: Mobile HDR setting 1
[2018.12.04-00.42.55:816][  0]LogGameplayTags: Display: UGameplayTagsManager::DoneAddingNativeTags. DelegateIsBound: 0
[2018.12.04-00.42.55:816][  0]LogStats: UGameplayTagsManager::ConstructGameplayTagTree: ImportINI prefixes -  0.000 s
[2018.12.04-00.42.55:816][  0]LogStats: UGameplayTagsManager::ConstructGameplayTagTree: Construct from data asset -  0.000 s
[2018.12.04-00.42.55:816][  0]LogStats: UGameplayTagsManager::ConstructGameplayTagTree: ImportINI -  0.000 s
[2018.12.04-00.42.55:816][  0]LogStats: UGameplayTagsManager::ConstructGameplayTagTree: GameplayTagTreeChangedEvent.Broadcast -  0.000 s
[2018.12.04-00.42.55:920][  0]LogFileCache: Scanning file cache for directory 'C:/Users/igarpendal/Documents/GitHub/GPG210-Prototypes/PlatformerPrototype/Content/' took 0.02s
[2018.12.04-00.42.57:050][  0]SourceControl: Source control is disabled
[2018.12.04-00.42.57:050][  0]Cmd: MAP LOAD FILE="../../../../../../Users/igarpendal/Documents/GitHub/GPG210-Prototypes/PlatformerPrototype/Content/ThirdPersonBP/Maps/Menu.umap" TEMPLATE=0 SHOWPROGRESS=1 FEATURELEVEL=3
[2018.12.04-00.42.57:050][  0]LightingResults: New page: Lighting Build
[2018.12.04-00.42.57:052][  0]MapCheck: New page: Map Check
[2018.12.04-00.42.57:053][  0]LightingResults: New page: Lighting Build
[2018.12.04-00.42.57:095][  0]LogAIModule: Creating AISystem for world Menu
[2018.12.04-00.42.57:098][  0]LogEditorServer: Finished looking for orphan Actors (0.000 secs)
[2018.12.04-00.42.57:120][  0]Cmd: MAP CHECKDEP NOCLEARLOG
[2018.12.04-00.42.57:172][  0]MapCheck: Map check complete: 0 Error(s), 0 Warning(s), took 52.238ms to complete.
[2018.12.04-00.42.57:172][  0]LogFileHelpers: Loading map 'Menu' took 0.122
[2018.12.04-00.42.57:267][  0]LogSlate: Updating window title bar state: overlay mode, drag disabled, window buttons hidden, title bar hidden
[2018.12.04-00.42.57:274][  0]LogSlate: Updating window title bar state: overlay mode, drag disabled, window buttons hidden, title bar hidden
[2018.12.04-00.42.57:282][  0]LogSlate: Updating window title bar state: overlay mode, drag disabled, window buttons hidden, title bar hidden
[2018.12.04-00.42.57:288][  0]LogSlate: Updating window title bar state: overlay mode, drag disabled, window buttons hidden, title bar hidden
[2018.12.04-00.42.57:294][  0]LogCollectionManager: Loaded 0 collections in 0.001475 seconds
[2018.12.04-00.42.57:334][  0]LogFileCache: Scanning file cache for directory 'C:/Users/igarpendal/Documents/GitHub/GPG210-Prototypes/PlatformerPrototype/Saved/Collections/' took 0.01s
[2018.12.04-00.42.57:334][  0]LogFileCache: Scanning file cache for directory 'C:/Users/igarpendal/Documents/GitHub/GPG210-Prototypes/PlatformerPrototype/Content/Developers/igarpendal/Collections/' took 0.01s
[2018.12.04-00.42.57:334][  0]LogFileCache: Scanning file cache for directory 'C:/Users/igarpendal/Documents/GitHub/GPG210-Prototypes/PlatformerPrototype/Content/Collections/' took 0.01s
[2018.12.04-00.42.57:334][  0]LogCollectionManager: Rebuilt the GUID cache for 0 collections in 0.000000 seconds
[2018.12.04-00.42.57:344][  0]LogContentBrowser: Native class hierarchy populated in 0.0095 seconds. Added 2621 classes and 629 folders.
[2018.12.04-00.42.57:350][  0]LogContentBrowser: Native class hierarchy updated for 'WidgetCarousel' in 0.0002 seconds. Added 0 classes and 0 folders.
[2018.12.04-00.42.57:383][  0]LogContentBrowser: Native class hierarchy updated for 'AddContentDialog' in 0.0004 seconds. Added 0 classes and 0 folders.
[2018.12.04-00.42.57:387][  0]LogContentBrowser: Native class hierarchy updated for 'SceneOutliner' in 0.0002 seconds. Added 1 classes and 2 folders.
[2018.12.04-00.42.57:402][  0]LogSlate: Took 0.000174 seconds to synchronously load lazily loaded font '../../../Engine/Content/Slate/Fonts/Roboto-Regular.ttf' (155K)
[2018.12.04-00.42.57:405][  0]LogSlate: Took 0.000260 seconds to synchronously load lazily loaded font '../../../Engine/Content/Slate/Fonts/Roboto-Bold.ttf' (160K)
[2018.12.04-00.42.57:410][  0]LogSlate: Took 0.000220 seconds to synchronously load lazily loaded font '../../../Engine/Content/Editor/Slate/Fonts/FontAwesome.ttf' (139K)
[2018.12.04-00.42.57:491][  0]LogRenderer: Reallocating scene render targets to support 1856x796 Format 10 NumSamples 1 (Frame:1).
[2018.12.04-00.42.57:604][  0]LogContentBrowser: Native class hierarchy updated for 'HierarchicalLODOutliner' in 0.0002 seconds. Added 0 classes and 0 folders.
[2018.12.04-00.42.57:604][  0]LogLoad: (Engine Initialization) Total time: 10.55 seconds
[2018.12.04-00.42.57:604][  0]LogLoad: (Engine Initialization) Total Blueprint compile time: 0.00 seconds
[2018.12.04-00.42.57:614][  0]LogWindowsTextInputMethodSystem: Display: IME system now deactivated.
[2018.12.04-00.42.57:636][  0]LogContentStreaming: Texture pool size now 1000 MB
[2018.12.04-00.42.57:677][  1]LogAssetRegistry: Asset discovery search completed in 6.5153 seconds
[2018.12.04-00.42.57:679][  1]LogCollectionManager: Rebuilt the object cache for 0 collections in 0.000000 seconds (found 0 objects)
[2018.12.04-00.42.57:679][  1]LogCollectionManager: Fixed up redirectors for 0 collections in 0.000060 seconds (updated 0 objects)
[2018.12.04-00.43.03:355][297]LogSlate: FSceneViewport::OnFocusLost() reason 0
[2018.12.04-00.43.03:561][304]LogSlate: Took 0.000160 seconds to synchronously load lazily loaded font '../../../Engine/Content/Slate/Fonts/Roboto-Light.ttf' (167K)
[2018.12.04-00.43.04:483][304]LogAIModule: Creating AISystem for world Level_3
[2018.12.04-00.43.04:506][304]LogAssetEditorManager: Opening Asset editor for World /Game/ThirdPersonBP/Maps/Isaac_levels/Level_3.Level_3
[2018.12.04-00.43.04:532][304]Cmd: MAP LOAD FILE="../../../../../../Users/igarpendal/Documents/GitHub/GPG210-Prototypes/PlatformerPrototype/Content/ThirdPersonBP/Maps/Isaac_levels/Level_3.umap" TEMPLATE=0 SHOWPROGRESS=1 FEATURELEVEL=3
[2018.12.04-00.43.04:532][304]LightingResults: New page: Lighting Build
[2018.12.04-00.43.04:532][304]LoadErrors: New page: Loading map: Level_3.umap
[2018.12.04-00.43.04:533][304]MapCheck: New page: Map Check
[2018.12.04-00.43.04:533][304]LightingResults: New page: Lighting Build
[2018.12.04-00.43.04:585][304]LogEditorServer: Finished looking for orphan Actors (0.000 secs)
[2018.12.04-00.43.04:651][304]Cmd: MAP CHECKDEP NOCLEARLOG
[2018.12.04-00.43.04:727][304]MapCheck: Map check complete: 0 Error(s), 0 Warning(s), took 76.36ms to complete.
[2018.12.04-00.43.04:729][304]LogFileHelpers: Loading map 'Level_3' took 0.197
[2018.12.04-00.43.08:955][797]MapCheck: New page: Map Check
[2018.12.04-00.43.08:967][797]LightingResults: New page: Lighting Build - 4 Dec 2018 10:43:08 pm
[2018.12.04-00.43.09:002][797]LogSwarmInterface: [OpenConnection] Registering TCP channel ...
[2018.12.04-00.43.09:067][797]LogSwarmInterface: [OpenConnection] Connecting to agent ...
[2018.12.04-00.43.09:079][797]LogSwarmInterface: [TryOpenConnection] Testing the Agent
[2018.12.04-00.43.09:585][797]LogSwarmInterface: [TryOpenConnection] Opening Connection to Agent
[2018.12.04-00.43.09:585][797]LogSwarmInterface: [TryOpenConnection] Local Process ID is 18948
[2018.12.04-00.43.13:924][797]LogStaticLightingSystem: Running Lightmass w/ ImmediateImport mode ENABLED
[2018.12.04-00.43.13:924][797]LogStaticLightingSystem: Running Lightmass w/ ImmediateProcess mode ENABLED
[2018.12.04-00.43.13:924][797]LogStaticLightingSystem: Running Lightmass w/ Sorting mode ENABLED
[2018.12.04-00.43.13:924][797]LogStaticLightingSystem: Running Lightmass w/ Mapping paddings ENABLED
[2018.12.04-00.43.13:924][797]LogStaticLightingSystem: Running Lightmass w/ Mapping debug paddings DISABLED
[2018.12.04-00.43.14:020][797]LogEditorBuildUtils: Build time 0:05
[2018.12.04-00.43.21:187][415]Job is a success!
[2018.12.04-00.43.21:280][416]LogVolumetricLightmapImport: Imported Volumetric Lightmap in 0.053s
[2018.12.04-00.43.21:281][416]LogVolumetricLightmapImport:      Indirection Texture 32x32x32 = 0.1Mb
[2018.12.04-00.43.21:281][416]LogVolumetricLightmapImport:      BrickData 1000x5x5 = 0.9Mb (trimmed 0.4Mb due to 0.010000 MinBrickError)
[2018.12.04-00.43.21:281][416]LogVolumetricLightmapImport:      Bricks at Level
[2018.12.04-00.43.21:281][416]LogVolumetricLightmapImport:          0: 4.0% covering 100.0% of volume
[2018.12.04-00.43.21:281][416]LogVolumetricLightmapImport:          1: 5.0% covering 2.0% of volume
[2018.12.04-00.43.21:281][416]LogVolumetricLightmapImport:          2: 91.0% covering 0.6% of volume
[2018.12.04-00.43.21:869][416]LogTexture: Display: Building textures: HQ_Lightmap1_1 (AutoDXT, 1024X1024)
[2018.12.04-00.43.21:869][416]LogTexture: Display: Building textures: LQ_Lightmap_1_1 (DXT1, 1024X1024)
[2018.12.04-00.43.21:869][416]LogTexture: Display: Building textures: LQ_Lightmap_1_2 (DXT1, 64X64)
[2018.12.04-00.43.21:869][416]LogTexture: Display: Building textures: HQ_Lightmap1_2 (AutoDXT, 64X64)
[2018.12.04-00.43.21:978][416]LogTexture: Display: Building textures: ShadowMapTexture2D_3 (G8, 32X32)
[2018.12.04-00.43.21:978][416]LogTexture: Display: Building textures: ShadowMapTexture2D_2 (BGRA8, 1024X512)
[2018.12.04-00.43.22:001][416]Lightmass on SYD-R304-PC05: 7.43 sec total, 126 ms importing, 66 ms setup, 1.22 sec photons, 5.98 sec processing, 0 ms extra exporting [94/94 mappings]. Threads: 41.7 sec total, 24.4 sec processing.
[2018.12.04-00.43.22:030][416]LogStaticLightingSystem: Illumination: 13.0 sec (535 ms encoding lightmaps, 105 ms encoding shadowmaps)
[2018.12.04-00.43.22:030][416]LogStaticLightingSystem: Lightmap texture memory:  2.0 MB (2.0 MB streaming, 0.0 MB non-streaming), 4 textures
[2018.12.04-00.43.22:030][416]LogStaticLightingSystem: Shadowmap texture memory: 2.7 MB (2.7 MB streaming, 0.0 MB non-streaming), 2 textures
[2018.12.04-00.43.22:932][416]DumpUnbuiltLightIteractions
[2018.12.04-00.43.22:932][416]Lights with unbuilt interactions: 0
[2018.12.04-00.43.22:932][416]
[2018.12.04-00.43.22:932][416]Primitives with unbuilt interactions: 0
[2018.12.04-00.43.23:042][417]Cmd: MAP CHECK NOTIFYRESULTS
[2018.12.04-00.43.23:042][417]MapCheck: New page: Level_3 - 4 Dec 2018 10:43:23 pm
[2018.12.04-00.43.23:131][417]MapCheck: Map check complete: 0 Error(s), 0 Warning(s), took 88.848ms to complete.
[2018.12.04-00.43.56:487][617]LogEditorViewport: Clicking on Actor (LMB): BP_MovingPlatform_C (BP_MovingPlatform16)
[2018.12.04-00.44.11:910][367]LogEditorViewport: Clicking on Actor (LMB): BP_Coin_C (BP_Coin18)
[2018.12.04-00.44.26:949][ 51]LogSlate: FSceneViewport::OnFocusLost() reason 0
[2018.12.04-00.44.28:843][269]Cmd: EDIT COPY
[2018.12.04-00.44.29:558][348]Cmd: EDIT PASTE
[2018.12.04-00.45.02:894][933]Cmd: CAMERA ALIGN ACTIVEVIEWPORTONLY
[2018.12.04-00.45.09:783][742]LogEditorViewport: Clicking on Actor (LMB): BP_MovingPlatform_C (BP_MovingPlatform16)
[2018.12.04-00.45.13:745][198]LogSlate: FSceneViewport::OnFocusLost() reason 0
[2018.12.04-00.45.20:486][981]EditorErrors: New page: Actor attachment
[2018.12.04-00.45.24:514][423]LogSavePackage: Moving '../../../../../../Users/igarpendal/Documents/GitHub/GPG210-Prototypes/PlatformerPrototype/Saved/Level_3D779B729440C4940C92A5FB636687FD8.tmp' to '../../../../../../Users/igarpendal/Documents/GitHub/GPG210-Prototypes/PlatformerPrototype/Content/ThirdPersonBP/Maps/Isaac_levels/Level_3.umap'
[2018.12.04-00.45.24:710][423]LogSavePackage: Moving '../../../../../../Users/igarpendal/Documents/GitHub/GPG210-Prototypes/PlatformerPrototype/Saved/Level_3_BuiltData4E3D5A6B496C7C9EAC1E7A9E1883A014.tmp' to '../../../../../../Users/igarpendal/Documents/GitHub/GPG210-Prototypes/PlatformerPrototype/Content/ThirdPersonBP/Maps/Isaac_levels/Level_3_BuiltData.uasset'
[2018.12.04-00.45.25:162][469]LogTemp: Repeating last play command: Selected Viewport
[2018.12.04-00.45.25:185][469]LogBlueprintUserMessages: Early PlayInEditor Detection: Level '/Game/ThirdPersonBP/Maps/Isaac_levels/Level_3.Level_3:PersistentLevel' has LevelScriptBlueprint '/Game/ThirdPersonBP/Maps/Isaac_levels/Level_3.Level_3:PersistentLevel.Level_3' with GeneratedClass '/Game/ThirdPersonBP/Maps/Isaac_levels/Level_3.Level_3_C' with ClassGeneratedBy '/Game/ThirdPersonBP/Maps/Isaac_levels/Level_3.Level_3:PersistentLevel.Level_3'
[2018.12.04-00.45.25:185][469]LogPlayLevel: PlayLevel: No blueprints needed recompiling
[2018.12.04-00.45.25:197][469]PIE: New page: PIE session: Level_3 (4 Dec 2018 10:45:25 pm)
[2018.12.04-00.45.25:197][469]LogPlayLevel: Creating play world package: /Game/ThirdPersonBP/Maps/Isaac_levels/UEDPIE_0_Level_3
[2018.12.04-00.45.25:218][469]LogPlayLevel: PIE: StaticDuplicateObject took: (0.020540s)
[2018.12.04-00.45.25:219][469]LogAIModule: Creating AISystem for world Level_3
[2018.12.04-00.45.25:219][469]LogPlayLevel: PIE: World Init took: (0.001321s)
[2018.12.04-00.45.25:219][469]LogPlayLevel: PIE: Created PIE world by copying editor world from /Game/ThirdPersonBP/Maps/Isaac_levels/Level_3.Level_3 to /Game/ThirdPersonBP/Maps/Isaac_levels/UEDPIE_0_Level_3.Level_3 (0.022197s)
[2018.12.04-00.45.25:254][469]LogInit: XAudio2 using 'Speakers (Realtek High Definition Audio)' : 2 channels at 48 kHz using 32 bits per sample (channel mask 0x3)
[2018.12.04-00.45.25:265][469]LogInit: FAudioDevice initialized.
[2018.12.04-00.45.25:338][469]LogLoad: Game class is 'ThirdPersonGameMode_C'
[2018.12.04-00.45.25:345][469]LogWorld: Bringing World /Game/ThirdPersonBP/Maps/Isaac_levels/UEDPIE_0_Level_3.Level_3 up for play (max tick rate 0) at 2018.12.04-11.45.25
[2018.12.04-00.45.25:346][469]LogWorld: Bringing up level for play took: 0.007431
[2018.12.04-00.45.25:362][469]LogContentBrowser: Native class hierarchy updated for 'MovieSceneCapture' in 0.0002 seconds. Added 10 classes and 0 folders.
[2018.12.04-00.45.25:366][469]PIE: Play in editor start time for /Game/ThirdPersonBP/Maps/Isaac_levels/UEDPIE_0_Level_3 -0.254
[2018.12.04-00.45.25:367][469]LogBlueprintUserMessages: Late PlayInEditor Detection: Level '/Game/ThirdPersonBP/Maps/Isaac_levels/Level_3.Level_3:PersistentLevel' has LevelScriptBlueprint '/Game/ThirdPersonBP/Maps/Isaac_levels/Level_3.Level_3:PersistentLevel.Level_3' with GeneratedClass '/Game/ThirdPersonBP/Maps/Isaac_levels/Level_3.Level_3_C' with ClassGeneratedBy '/Game/ThirdPersonBP/Maps/Isaac_levels/Level_3.Level_3:PersistentLevel.Level_3'
[2018.12.04-00.45.26:464][597]LogNet: Browse: /Game/ThirdPersonBP/Maps/Isaac_levels/Level_3
[2018.12.04-00.45.26:464][597]LogLoad: LoadMap: /Game/ThirdPersonBP/Maps/Isaac_levels/Level_3
[2018.12.04-00.45.26:489][597]LogPlayLevel: Creating play world package: /Game/ThirdPersonBP/Maps/Isaac_levels/UEDPIE_0_Level_3
[2018.12.04-00.45.26:511][597]LogPlayLevel: PIE: StaticDuplicateObject took: (0.021816s)
[2018.12.04-00.45.26:512][597]LogAIModule: Creating AISystem for world Level_3
[2018.12.04-00.45.26:512][597]LogPlayLevel: PIE: World Init took: (0.000682s)
[2018.12.04-00.45.26:512][597]LogPlayLevel: PIE: Created PIE world by copying editor world from /Game/ThirdPersonBP/Maps/Isaac_levels/Level_3.Level_3 to /Game/ThirdPersonBP/Maps/Isaac_levels/UEDPIE_0_Level_3.Level_3 (0.022724s)
[2018.12.04-00.45.26:512][597]LogLoad: Game class is 'ThirdPersonGameMode_C'
[2018.12.04-00.45.26:522][597]LogWorld: Bringing World /Game/ThirdPersonBP/Maps/Isaac_levels/UEDPIE_0_Level_3.Level_3 up for play (max tick rate 0) at 2018.12.04-11.45.26
[2018.12.04-00.45.26:522][597]LogWorld: Bringing up level for play took: 0.009134
[2018.12.04-00.45.26:525][597]LogLoad: Took 0.061082 seconds to LoadMap(/Game/ThirdPersonBP/Maps/Isaac_levels/UEDPIE_0_Level_3)
[2018.12.04-00.45.29:975][  4]LogBlueprintUserMessages: [ThirdPersonCharacter_C_0] 10
[2018.12.04-00.45.29:975][  4]LogBlueprintUserMessages: [BP_Coin_2] Got Coin
[2018.12.04-00.45.30:899][114]LogBlueprintUserMessages: [ThirdPersonCharacter_C_0] 20
[2018.12.04-00.45.30:899][114]LogBlueprintUserMessages: [BP_Coin8] Got Coin
[2018.12.04-00.45.31:798][222]LogBlueprintUserMessages: [ThirdPersonCharacter_C_0] 30
[2018.12.04-00.45.31:798][222]LogBlueprintUserMessages: [BP_Coin9] Got Coin
[2018.12.04-00.45.36:951][804]LogBlueprintUserMessages: [ThirdPersonCharacter_C_0] 40
[2018.12.04-00.45.36:951][804]LogBlueprintUserMessages: [BP_Coin2_2] Got Coin
[2018.12.04-00.45.39:278][967]LogBlueprintUserMessages: [ThirdPersonCharacter_C_0] 50
[2018.12.04-00.45.39:279][967]LogBlueprintUserMessages: [BP_Coin20] Got Coin
[2018.12.04-00.45.39:960][ 19]LogBlueprintUserMessages: [ThirdPersonCharacter_C_0] 60
[2018.12.04-00.45.39:961][ 19]LogBlueprintUserMessages: [BP_Coin16] Got Coin
[2018.12.04-00.45.40:852][ 88]LogBlueprintUserMessages: [ThirdPersonCharacter_C_0] 70
[2018.12.04-00.45.40:852][ 88]LogBlueprintUserMessages: [BP_Coin10_6] Got Coin
[2018.12.04-00.45.52:477][375]LogBlueprintUserMessages: [ThirdPersonCharacter_C_0] 80
[2018.12.04-00.45.52:477][375]LogBlueprintUserMessages: [BP_Coin21] Got Coin
[2018.12.04-00.45.52:950][416]LogBlueprintUserMessages: [ThirdPersonCharacter_C_0] 90
[2018.12.04-00.45.52:950][416]LogBlueprintUserMessages: [BP_Coin17] Got Coin
[2018.12.04-00.45.53:706][485]LogBlueprintUserMessages: [ThirdPersonCharacter_C_0] 100
[2018.12.04-00.45.53:706][485]LogBlueprintUserMessages: [BP_Coin11] Got Coin
[2018.12.04-00.45.54:334][550]LogBlueprintUserMessages: [ThirdPersonCharacter_C_0] 110
[2018.12.04-00.45.54:334][550]LogBlueprintUserMessages: [BP_Coin22] Got Coin
[2018.12.04-00.45.55:045][631]LogBlueprintUserMessages: [ThirdPersonCharacter_C_0] 120
[2018.12.04-00.45.55:045][631]LogBlueprintUserMessages: [BP_Coin18] Got Coin
[2018.12.04-00.46.09:653][384]LogBlueprintUserMessages: [ThirdPersonCharacter_C_0] 130
[2018.12.04-00.46.09:653][384]LogBlueprintUserMessages: [BP_Coin12] Got Coin
[2018.12.04-00.46.10:128][441]LogBlueprintUserMessages: [ThirdPersonCharacter_C_0] 140
[2018.12.04-00.46.10:129][441]LogBlueprintUserMessages: [BP_Coin19] Got Coin
[2018.12.04-00.46.10:945][539]LogBlueprintUserMessages: [ThirdPersonCharacter_C_0] 150
[2018.12.04-00.46.10:945][539]LogBlueprintUserMessages: [BP_Coin23] Got Coin
[2018.12.04-00.47.50:402][459]LogBlueprintUserMessages: [ThirdPersonCharacter_C_0] 160
[2018.12.04-00.47.50:402][459]LogBlueprintUserMessages: [BP_Coin24] Got Coin
[2018.12.04-00.47.57:441][303]LogSlate: Updating window title bar state: overlay mode, drag disabled, window buttons hidden, title bar hidden
[2018.12.04-00.48.02:441][903]LogNet: Browse: /Game/ThirdPersonBP/Maps/Level1SN
[2018.12.04-00.48.02:441][903]LogLoad: LoadMap: /Game/ThirdPersonBP/Maps/Level1SN
[2018.12.04-00.48.02:486][903]LogLinker: Warning: Can't find file '/Game/ThirdPersonBP/Maps/Level1SN_BuiltData'
[2018.12.04-00.48.02:487][903]LogLinker: Warning: Can't find file for asset '/Game/ThirdPersonBP/Maps/Level1SN_BuiltData' while loading ../../../../../../Users/igarpendal/Documents/GitHub/GPG210-Prototypes/PlatformerPrototype/Content/ThirdPersonBP/Maps/Level1SN.umap.
[2018.12.04-00.48.02:487][903]LoadErrors: Error: /Game/ThirdPersonBP/Maps/Level1SN : Can't find file for asset. /Game/ThirdPersonBP/Maps/Level1SN_BuiltData
[2018.12.04-00.48.02:535][903]LogLinker: Warning: Can't find file '/Game/ThirdPersonBP/Maps/Level1SN_BuiltData'
[2018.12.04-00.48.02:535][903]LogLinker: Warning: Can't find file for asset '/Game/ThirdPersonBP/Maps/Level1SN_BuiltData' while loading ../../../../../../Users/igarpendal/Documents/GitHub/GPG210-Prototypes/PlatformerPrototype/Content/ThirdPersonBP/Maps/Level1SN.umap.
[2018.12.04-00.48.02:550][903]LogLinker: Warning: Can't find file '/Game/ThirdPersonBP/Maps/Level1SN_BuiltData'
[2018.12.04-00.48.02:550][903]LoadErrors: Failed to load /Game/ThirdPersonBP/Maps/Level1SN_BuiltData.Level1SN_BuiltData Referenced by PersistentLevel
[2018.12.04-00.48.02:551][903]LogLinker: Warning: Can't find file for asset '/Game/ThirdPersonBP/Maps/Level1SN_BuiltData' while loading NULL.
[2018.12.04-00.48.02:570][903]LogStaticMesh: Building static mesh SM_GroundCover_Leafy01...
[2018.12.04-00.48.02:576][903]LogStaticMesh: Built static mesh [0.01s] /Game/InfinityBladeGrassLands/Environments/Earth/StaticMesh/SM_GroundCover_Leafy01.SM_GroundCover_Leafy01
[2018.12.04-00.48.02:578][903]LogStaticMesh: Building static mesh Level1MainPlat...
[2018.12.04-00.48.02:584][903]LogStaticMesh: Built static mesh [0.01s] /Game/ThirdPersonBP/Level1MainPlat.Level1MainPlat
[2018.12.04-00.48.02:586][903]LogStaticMesh: Building static mesh SM_Exo_Decos_Door_Frame_Column...
[2018.12.04-00.48.02:587][903]LogStaticMesh: Built static mesh [0.00s] /Game/InfinityBladeGrassLands/Environments/Misc/Exo_Deco02/StaticMesh/SM_Exo_Decos_Door_Frame_Column.SM_Exo_Decos_Door_Frame_Column
[2018.12.04-00.48.02:589][903]LogStaticMesh: Building static mesh SM_Exo_Stone01...
[2018.12.04-00.48.02:590][903]LogStaticMesh: Built static mesh [0.00s] /Game/InfinityBladeGrassLands/Environments/Misc/Exo_Deco02/StaticMesh/SM_Exo_Stone01.SM_Exo_Stone01
[2018.12.04-00.48.02:597][903]LogStaticMesh: Building static mesh SM_Exo_Stone01_Chained...
[2018.12.04-00.48.02:606][903]LogTexture: Display: Building textures: T_Decos_Facade01_D_NRM (BC5, 1024X1024)
[2018.12.04-00.48.02:606][903]LogStaticMesh: Built static mesh [0.01s] /Game/InfinityBladeGrassLands/Environments/Misc/Exo_Deco02/StaticMesh/SM_Exo_Stone01_Chained.SM_Exo_Stone01_Chained
[2018.12.04-00.48.02:608][903]LogStaticMesh: Building static mesh SM_Exo_Stone01_Framed...
[2018.12.04-00.48.02:610][903]LogStaticMesh: Built static mesh [0.00s] /Game/InfinityBladeGrassLands/Environments/Misc/Exo_Deco02/StaticMesh/SM_Exo_Stone01_Framed.SM_Exo_Stone01_Framed
[2018.12.04-00.48.02:619][903]LogStaticMesh: Building static mesh SM_GroundCover_Leafy03...
[2018.12.04-00.48.02:626][903]LogStaticMesh: Built static mesh [0.01s] /Game/InfinityBladeGrassLands/Environments/Earth/StaticMesh/SM_GroundCover_Leafy03.SM_GroundCover_Leafy03
[2018.12.04-00.48.02:634][903]LogStaticMesh: Building static mesh SM_SmallTree02...
[2018.12.04-00.48.02:645][903]LogTexture: Display: Building textures: T_Decos_Facade01_D (AutoDXT, 1024X1024)
[2018.12.04-00.48.02:645][903]LogStaticMesh: Built static mesh [0.01s] /Game/InfinityBladeGrassLands/Environments/Earth/StaticMesh/SM_SmallTree02.SM_SmallTree02
[2018.12.04-00.48.03:396][903]LogTexture: Display: Building textures: T_GroundCover_Leaf01_D (AutoDXT, 256X256)
[2018.12.04-00.48.03:396][903]LogTexture: Display: Building textures: T_Plants_D (AutoDXT, 2048X2048)
[2018.12.04-00.48.03:396][903]LogTexture: Display: Building textures: T_GroundCover_Leaf01_N (BC5, 256X256)
[2018.12.04-00.48.03:396][903]LogTexture: Display: Building textures: T_Plants_N (BC5, 2048X2048)
[2018.12.04-00.48.03:396][903]LogMaterial: Display: Missing cached shader map for material M_Decos_Facade01, compiling. 
[2018.12.04-00.48.03:634][903]LogShaderCompilers: Display: Shaders left to compile 31
[2018.12.04-00.48.03:634][903]LogShaderCompilers: Display: Shaders left to compile 21
[2018.12.04-00.48.03:634][903]LogShaderCompilers: Display: Shaders left to compile 11
[2018.12.04-00.48.03:634][903]LogShaderCompilers: Display: Shaders left to compile 1
[2018.12.04-00.48.03:634][903]LogMaterial: Display: Missing cached shader map for material M_Exo_Generic_Plants, compiling. 
[2018.12.04-00.48.03:689][903]LogMaterial: Display: Missing cached shader map for material M_GroundCover_LEafy, compiling. 
[2018.12.04-00.48.03:977][903]LogShaderCompilers: Display: Shaders left to compile 117
[2018.12.04-00.48.04:257][903]LogAIModule: Creating AISystem for world Level1SN
[2018.12.04-00.48.04:257][903]LogLoad: Game class is 'ThirdPersonGameMode_C'
[2018.12.04-00.48.04:274][903]LogWorld: Bringing World /Game/ThirdPersonBP/Maps/UEDPIE_0_Level1SN.Level1SN up for play (max tick rate 0) at 2018.12.04-11.48.04
[2018.12.04-00.48.04:275][903]LogWorld: Bringing up level for play took: 0.016501
[2018.12.04-00.48.04:277][903]LogLoad: Took 1.835645 seconds to LoadMap(/Game/ThirdPersonBP/Maps/Level1SN)
[2018.12.04-00.48.05:679][ 21]LogShaderCompilers: Display: Shaders left to compile 107
[2018.12.04-00.48.05:760][ 27]LogShaderCompilers: Display: Shaders left to compile 97
[2018.12.04-00.48.06:729][128]LogShaderCompilers: Display: Shaders left to compile 87
[2018.12.04-00.48.06:895][145]LogShaderCompilers: Display: Shaders left to compile 77
[2018.12.04-00.48.07:524][209]LogShaderCompilers: Display: Shaders left to compile 67
[2018.12.04-00.48.07:788][233]LogShaderCompilers: Display: Shaders left to compile 57
[2018.12.04-00.48.09:366][395]LogShaderCompilers: Display: Shaders left to compile 47
[2018.12.04-00.48.09:395][398]LogShaderCompilers: Display: Shaders left to compile 37
[2018.12.04-00.48.10:226][483]LogShaderCompilers: Display: Shaders left to compile 27
[2018.12.04-00.48.10:536][517]LogShaderCompilers: Display: Shaders left to compile 17
[2018.12.04-00.48.10:581][520]LogBlueprintUserMessages: [ThirdPersonCharacter_C_0] 10
[2018.12.04-00.48.10:582][520]LogBlueprintUserMessages: [BP_Coin9] Got Coin
[2018.12.04-00.48.10:899][558]LogShaderCompilers: Display: Shaders left to compile 7
[2018.12.04-00.48.17:930][397]LogBlueprintUserMessages: [ThirdPersonCharacter_C_0] 20
[2018.12.04-00.48.17:930][397]LogBlueprintUserMessages: [BP_Coin8] Got Coin
[2018.12.04-00.48.37:275][664]LogBlueprintUserMessages: [ThirdPersonCharacter_C_0] 30
[2018.12.04-00.48.37:275][664]LogBlueprintUserMessages: [BP_Coin3] Got Coin
[2018.12.04-00.48.37:756][720]LogBlueprintUserMessages: [ThirdPersonCharacter_C_0] 40
[2018.12.04-00.48.37:756][720]LogBlueprintUserMessages: [BP_MovingCoin2_11] Got Coin
[2018.12.04-00.48.38:222][776]LogBlueprintUserMessages: [ThirdPersonCharacter_C_0] 50
[2018.12.04-00.48.38:223][776]LogBlueprintUserMessages: [BP_Coin5] Got Coin
[2018.12.04-00.48.38:706][834]LogBlueprintUserMessages: [ThirdPersonCharacter_C_0] 60
[2018.12.04-00.48.38:707][834]LogBlueprintUserMessages: [BP_MovingCoin_8] Got Coin
[2018.12.04-00.48.39:232][897]LogBlueprintUserMessages: [ThirdPersonCharacter_C_0] 70
[2018.12.04-00.48.39:232][897]LogBlueprintUserMessages: [BP_Coin_2] Got Coin
[2018.12.04-00.48.43:715][435]LogBlueprintUserMessages: [ThirdPersonCharacter_C_0] 80
[2018.12.04-00.48.43:715][435]LogBlueprintUserMessages: [BP_Coin10] Got Coin
[2018.12.04-00.48.46:090][720]LogBlueprintUserMessages: [ThirdPersonCharacter_C_0] 90
[2018.12.04-00.48.46:090][720]LogBlueprintUserMessages: [BP_Coin7] Got Coin
[2018.12.04-00.48.54:587][739]LogSlate: Updating window title bar state: overlay mode, drag disabled, window buttons hidden, title bar hidden
[2018.12.04-00.48.59:589][334]LogNet: Browse: /Game/ThirdPersonBP/Maps/Thomas_List_Levels/New_Level_2
[2018.12.04-00.48.59:589][334]LogLoad: LoadMap: /Game/ThirdPersonBP/Maps/Thomas_List_Levels/New_Level_2
[2018.12.04-00.48.59:765][334]LogLinker: Warning: Can't find file '/Game/ThirdPersonBP/Maps/Thomas_List_Levels/New_Level_2_BuiltData'
[2018.12.04-00.48.59:765][334]LogLinker: Warning: Can't find file for asset '/Game/ThirdPersonBP/Maps/Thomas_List_Levels/New_Level_2_BuiltData' while loading ../../../../../../Users/igarpendal/Documents/GitHub/GPG210-Prototypes/PlatformerPrototype/Content/ThirdPersonBP/Maps/Thomas_List_Levels/New_Level_2.umap.
[2018.12.04-00.48.59:765][334]LoadErrors: Error: /Game/ThirdPersonBP/Maps/Thomas_List_Levels/New_Level_2 : Can't find file for asset. /Game/ThirdPersonBP/Maps/Thomas_List_Levels/New_Level_2_BuiltData
[2018.12.04-00.48.59:887][334]LogLinker: Warning: Can't find file '/Game/ThirdPersonBP/Maps/Thomas_List_Levels/New_Level_2_BuiltData'
[2018.12.04-00.48.59:887][334]LogLinker: Warning: Can't find file for asset '/Game/ThirdPersonBP/Maps/Thomas_List_Levels/New_Level_2_BuiltData' while loading ../../../../../../Users/igarpendal/Documents/GitHub/GPG210-Prototypes/PlatformerPrototype/Content/ThirdPersonBP/Maps/Thomas_List_Levels/New_Level_2.umap.
[2018.12.04-00.48.59:920][334]LogLinker: Warning: Can't find file '/Game/ThirdPersonBP/Maps/Thomas_List_Levels/New_Level_2_BuiltData'
[2018.12.04-00.48.59:920][334]LoadErrors: Failed to load /Game/ThirdPersonBP/Maps/Thomas_List_Levels/New_Level_2_BuiltData.New_Level_2_BuiltData Referenced by PersistentLevel
[2018.12.04-00.48.59:920][334]LogLinker: Warning: Can't find file for asset '/Game/ThirdPersonBP/Maps/Thomas_List_Levels/New_Level_2_BuiltData' while loading NULL.
[2018.12.04-00.49.00:239][334]LogAIModule: Creating AISystem for world New_Level_2
[2018.12.04-00.49.00:239][334]LogLoad: Game class is 'ThirdPersonGameMode_C'
[2018.12.04-00.49.00:261][334]LogWorld: Bringing World /Game/ThirdPersonBP/Maps/Thomas_List_Levels/UEDPIE_0_New_Level_2.New_Level_2 up for play (max tick rate 0) at 2018.12.04-11.49.00
[2018.12.04-00.49.00:261][334]LogWorld: Bringing up level for play took: 0.020802
[2018.12.04-00.49.00:265][334]LogLoad: Took 0.674772 seconds to LoadMap(/Game/ThirdPersonBP/Maps/Thomas_List_Levels/New_Level_2)
[2018.12.04-00.49.02:289][478]LogBlueprintUserMessages: [ThirdPersonCharacter_C_0] 10
[2018.12.04-00.49.02:289][478]LogBlueprintUserMessages: [BP_Coin8] Got Coin
[2018.12.04-00.49.03:777][599]LogBlueprintUserMessages: [ThirdPersonCharacter_C_0] 20
[2018.12.04-00.49.03:777][599]LogBlueprintUserMessages: [BP_Coin9] Got Coin
[2018.12.04-00.49.06:349][837]LogBlueprintUserMessages: [ThirdPersonCharacter_C_0] 30
[2018.12.04-00.49.06:349][837]LogBlueprintUserMessages: [BP_Coin7_12] Got Coin
[2018.12.04-00.49.10:039][166]LogBlueprintUserMessages: [ThirdPersonCharacter_C_0] 40
[2018.12.04-00.49.10:039][166]LogBlueprintUserMessages: [BP_MovingCoin3_8] Got Coin
[2018.12.04-00.49.10:903][239]LogBlueprintUserMessages: [ThirdPersonCharacter_C_0] 50
[2018.12.04-00.49.10:903][239]LogBlueprintUserMessages: [BP_Coin11] Got Coin
[2018.12.04-00.49.12:412][356]LogBlueprintUserMessages: [ThirdPersonCharacter_C_0] 60
[2018.12.04-00.49.12:412][356]LogBlueprintUserMessages: [BP_Coin12] Got Coin
[2018.12.04-00.49.14:354][518]LogBlueprintUserMessages: [ThirdPersonCharacter_C_0] 70
[2018.12.04-00.49.14:354][518]LogBlueprintUserMessages: [BP_Coin10] Got Coin
[2018.12.04-00.49.15:437][603]LogBlueprintUserMessages: [ThirdPersonCharacter_C_0] 80
[2018.12.04-00.49.15:437][603]LogBlueprintUserMessages: [BP_MovingCoin4_11] Got Coin
[2018.12.04-00.49.16:458][678]LogBlueprintUserMessages: [ThirdPersonCharacter_C_0] 90
[2018.12.04-00.49.16:458][678]LogBlueprintUserMessages: [BP_Coin_2] Got Coin
[2018.12.04-00.49.17:631][772]LogBlueprintUserMessages: [BP_HighJump_3] High Jump Start
[2018.12.04-00.49.18:306][824]LogBlueprintUserMessages: [ThirdPersonCharacter_C_0] 100
[2018.12.04-00.49.18:306][824]LogBlueprintUserMessages: [BP_Coin2] Got Coin
[2018.12.04-00.49.19:718][916]LogBlueprintUserMessages: [ThirdPersonCharacter_C_0] 110
[2018.12.04-00.49.19:718][916]LogBlueprintUserMessages: [BP_Coin6] Got Coin
[2018.12.04-00.49.19:853][924]LogBlueprintUserMessages: [ThirdPersonCharacter_C_0] 120
[2018.12.04-00.49.19:853][924]LogBlueprintUserMessages: [BP_Coin5] Got Coin
[2018.12.04-00.49.21:843][ 39]LogBlueprintUserMessages: [ThirdPersonCharacter_C_0] 130
[2018.12.04-00.49.21:843][ 39]LogBlueprintUserMessages: [BP_Coin17] Got Coin
[2018.12.04-00.49.23:273][138]LogBlueprintUserMessages: [ThirdPersonCharacter_C_0] 140
[2018.12.04-00.49.23:273][138]LogBlueprintUserMessages: [BP_Coin14] Got Coin
[2018.12.04-00.49.23:955][200]LogBlueprintUserMessages: [ThirdPersonCharacter_C_0] 150
[2018.12.04-00.49.23:955][200]LogBlueprintUserMessages: [BP_Coin15] Got Coin
[2018.12.04-00.49.26:646][455]LogBlueprintUserMessages: [ThirdPersonCharacter_C_0] 160
[2018.12.04-00.49.26:646][455]LogBlueprintUserMessages: [BP_Coin3_6] Got Coin
[2018.12.04-00.49.26:878][477]LogBlueprintUserMessages: [ThirdPersonCharacter_C_0] 170
[2018.12.04-00.49.26:878][477]LogBlueprintUserMessages: [BP_Coin4] Got Coin
[2018.12.04-00.49.28:822][646]LogBlueprintUserMessages: [ThirdPersonCharacter_C_0] High Jump end
[2018.12.04-00.49.28:852][648]LogBlueprintUserMessages: [ThirdPersonCharacter_C_0] 180
[2018.12.04-00.49.28:852][648]LogBlueprintUserMessages: [BP_Coin16] Got Coin
[2018.12.04-00.49.31:032][803]LogBlueprintUserMessages: [ThirdPersonCharacter_C_0] 190
[2018.12.04-00.49.31:032][803]LogBlueprintUserMessages: [BP_Coin13_20] Got Coin
[2018.12.04-00.49.33:509][997]LogBlueprintUserMessages: [ThirdPersonCharacter_C_0] 200
[2018.12.04-00.49.33:510][997]LogBlueprintUserMessages: [BP_MovingCoin5_14] Got Coin
[2018.12.04-00.49.37:136][253]LogBlueprintUserMessages: [ThirdPersonCharacter_C_0] 210
[2018.12.04-00.49.37:136][253]LogBlueprintUserMessages: [BP_MovingCoin_2] Got Coin
[2018.12.04-00.49.37:826][303]LogBlueprintUserMessages: [ThirdPersonCharacter_C_0] High Jump end
[2018.12.04-00.49.40:258][482]LogBlueprintUserMessages: [ThirdPersonCharacter_C_0] 220
[2018.12.04-00.49.40:259][482]LogBlueprintUserMessages: [BP_Coin23] Got Coin
[2018.12.04-00.49.41:057][544]LogBlueprintUserMessages: [ThirdPersonCharacter_C_0] 230
[2018.12.04-00.49.41:057][544]LogBlueprintUserMessages: [BP_Coin18_30] Got Coin
[2018.12.04-00.49.41:879][611]LogBlueprintUserMessages: [ThirdPersonCharacter_C_0] 240
[2018.12.04-00.49.41:879][611]LogBlueprintUserMessages: [BP_Coin19] Got Coin
[2018.12.04-00.49.42:726][686]LogBlueprintUserMessages: [ThirdPersonCharacter_C_0] 250
[2018.12.04-00.49.42:726][686]LogBlueprintUserMessages: [BP_Coin20] Got Coin
[2018.12.04-00.50.36:285][621]LogBlueprintUserMessages: [ThirdPersonCharacter_C_0] 260
[2018.12.04-00.50.36:285][621]LogBlueprintUserMessages: [BP_MovingCoin2_5] Got Coin
[2018.12.04-00.50.37:185][712]LogBlueprintUserMessages: [ThirdPersonCharacter_C_0] 270
[2018.12.04-00.50.37:185][712]LogBlueprintUserMessages: [BP_Coin22] Got Coin
[2018.12.04-00.50.38:332][841]LogBlueprintUserMessages: [ThirdPersonCharacter_C_0] 280
[2018.12.04-00.50.38:332][841]LogBlueprintUserMessages: [BP_Coin21] Got Coin
[2018.12.04-00.50.39:371][965]LogSlate: Updating window title bar state: overlay mode, drag disabled, window buttons hidden, title bar hidden
[2018.12.04-00.50.44:368][565]LogNet: Browse: /Game/ThirdPersonBP/Maps/Isaac_levels/Level_3
[2018.12.04-00.50.44:368][565]LogLoad: LoadMap: /Game/ThirdPersonBP/Maps/Isaac_levels/Level_3
[2018.12.04-00.50.44:391][565]LogPlayLevel: Creating play world package: /Game/ThirdPersonBP/Maps/Isaac_levels/UEDPIE_0_Level_3
[2018.12.04-00.50.44:412][565]LogPlayLevel: PIE: StaticDuplicateObject took: (0.021059s)
[2018.12.04-00.50.44:413][565]LogAIModule: Creating AISystem for world Level_3
[2018.12.04-00.50.44:413][565]LogPlayLevel: PIE: World Init took: (0.001049s)
[2018.12.04-00.50.44:414][565]LogPlayLevel: PIE: Created PIE world by copying editor world from /Game/ThirdPersonBP/Maps/Isaac_levels/Level_3.Level_3 to /Game/ThirdPersonBP/Maps/Isaac_levels/UEDPIE_0_Level_3.Level_3 (0.022383s)
[2018.12.04-00.50.44:414][565]LogLoad: Game class is 'ThirdPersonGameMode_C'
[2018.12.04-00.50.44:432][565]LogWorld: Bringing World /Game/ThirdPersonBP/Maps/Isaac_levels/UEDPIE_0_Level_3.Level_3 up for play (max tick rate 0) at 2018.12.04-11.50.44
[2018.12.04-00.50.44:433][565]LogWorld: Bringing up level for play took: 0.018616
[2018.12.04-00.50.44:436][565]LogLoad: Took 0.067331 seconds to LoadMap(/Game/ThirdPersonBP/Maps/Isaac_levels/UEDPIE_0_Level_3)
[2018.12.04-00.50.48:032][991]LogBlueprintUserMessages: [ThirdPersonCharacter_C_0] 10
[2018.12.04-00.50.48:032][991]LogBlueprintUserMessages: [BP_Coin_2] Got Coin
[2018.12.04-00.50.48:866][ 91]LogBlueprintUserMessages: [ThirdPersonCharacter_C_0] 20
[2018.12.04-00.50.48:866][ 91]LogBlueprintUserMessages: [BP_Coin8] Got Coin
[2018.12.04-00.50.49:758][198]LogBlueprintUserMessages: [ThirdPersonCharacter_C_0] 30
[2018.12.04-00.50.49:758][198]LogBlueprintUserMessages: [BP_Coin9] Got Coin
[2018.12.04-00.51.02:817][642]LogBlueprintUserMessages: [ThirdPersonCharacter_C_0] 40
[2018.12.04-00.51.02:817][642]LogBlueprintUserMessages: [BP_Coin2_2] Got Coin
[2018.12.04-00.51.08:704][141]LogBlueprintUserMessages: [ThirdPersonCharacter_C_0] 50
[2018.12.04-00.51.08:704][141]LogBlueprintUserMessages: [BP_Coin20] Got Coin
[2018.12.04-00.51.09:524][201]LogBlueprintUserMessages: [ThirdPersonCharacter_C_0] 60
[2018.12.04-00.51.09:524][201]LogBlueprintUserMessages: [BP_Coin16] Got Coin
[2018.12.04-00.51.10:109][245]LogBlueprintUserMessages: [ThirdPersonCharacter_C_0] 70
[2018.12.04-00.51.10:109][245]LogBlueprintUserMessages: [BP_Coin10_6] Got Coin
[2018.12.04-00.51.10:637][288]LogBlueprintUserMessages: [ThirdPersonCharacter_C_0] 80
[2018.12.04-00.51.10:637][288]LogBlueprintUserMessages: [BP_Coin21] Got Coin
[2018.12.04-00.51.11:387][355]LogBlueprintUserMessages: [ThirdPersonCharacter_C_0] 90
[2018.12.04-00.51.11:388][355]LogBlueprintUserMessages: [BP_Coin17] Got Coin
[2018.12.04-00.51.12:053][417]LogBlueprintUserMessages: [ThirdPersonCharacter_C_0] 100
[2018.12.04-00.51.12:053][417]LogBlueprintUserMessages: [BP_Coin11] Got Coin
[2018.12.04-00.51.12:548][468]LogBlueprintUserMessages: [ThirdPersonCharacter_C_0] 110
[2018.12.04-00.51.12:548][468]LogBlueprintUserMessages: [BP_Coin22] Got Coin
[2018.12.04-00.51.13:387][565]LogBlueprintUserMessages: [ThirdPersonCharacter_C_0] 120
[2018.12.04-00.51.13:388][565]LogBlueprintUserMessages: [BP_Coin18] Got Coin
[2018.12.04-00.51.14:706][723]LogBlueprintUserMessages: [ThirdPersonCharacter_C_0] 130
[2018.12.04-00.51.14:706][723]LogBlueprintUserMessages: [BP_Coin23] Got Coin
[2018.12.04-00.52.39:208][847]LogBlueprintUserMessages: Early EndPlayMap Detection: Level '/Game/ThirdPersonBP/Maps/Isaac_levels/Level_3.Level_3:PersistentLevel' has LevelScriptBlueprint '/Game/ThirdPersonBP/Maps/Isaac_levels/Level_3.Level_3:PersistentLevel.Level_3' with GeneratedClass '/Game/ThirdPersonBP/Maps/Isaac_levels/Level_3.Level_3_C' with ClassGeneratedBy '/Game/ThirdPersonBP/Maps/Isaac_levels/Level_3.Level_3:PersistentLevel.Level_3'
[2018.12.04-00.52.39:208][847]LogSlate: Updating window title bar state: overlay mode, drag disabled, window buttons hidden, title bar hidden
[2018.12.04-00.52.39:241][847]LogPlayLevel: Display: Shutting down PIE online subsystems
[2018.12.04-00.52.39:241][847]LogBlueprintUserMessages: Late EndPlayMap Detection: Level '/Game/ThirdPersonBP/Maps/Isaac_levels/Level_3.Level_3:PersistentLevel' has LevelScriptBlueprint '/Game/ThirdPersonBP/Maps/Isaac_levels/Level_3.Level_3:PersistentLevel.Level_3' with GeneratedClass '/Game/ThirdPersonBP/Maps/Isaac_levels/Level_3.Level_3_C' with ClassGeneratedBy '/Game/ThirdPersonBP/Maps/Isaac_levels/Level_3.Level_3:PersistentLevel.Level_3'
[2018.12.04-00.52.39:266][847]LogSlate: Updating window title bar state: overlay mode, drag disabled, window buttons hidden, title bar hidden
[2018.12.04-00.52.39:319][849]LogPlayLevel: Display: Destroying online subsystem :Context_1
[2018.12.04-00.52.41:553][117]LogSlate: FSceneViewport::OnFocusLost() reason 0
[2018.12.04-00.52.41:750][124]LogSlate: Window 'PlatformerPrototype - Unreal Editor' being destroyed
[2018.12.04-00.52.41:992][125]Cmd: QUIT_EDITOR
[2018.12.04-00.52.42:334][125]LogWindowsTextInputMethodSystem: Display: IME system now deactivated.
[2018.12.04-00.52.42:348][125]LogExit: Preparing to exit.
[2018.12.04-00.52.43:323][125]LogExit: Editor shut down
[2018.12.04-00.52.43:324][125]LogExit: Transaction tracking system shut down
[2018.12.04-00.52.43:777][125]LogExit: Object subsystem successfully closed.
[2018.12.04-00.52.43:796][125]LogShaderCompilers: Display: Shaders left to compile 0
[2018.12.04-00.52.43:800][125]LogD3D11RHI: Shutdown
[2018.12.04-00.52.43:800][125]LogD3D11RHI: CleanupD3DDevice
[2018.12.04-00.52.43:802][125]LogD3D11RHI: ~FD3D11DynamicRHI
[2018.12.04-00.52.43:818][125]LogModuleManager: Shutting down and abandoning module MeshBuilder (634)
[2018.12.04-00.52.43:818][125]LogModuleManager: Shutting down and abandoning module MovieSceneCapture (632)
[2018.12.04-00.52.43:818][125]LogModuleManager: Shutting down and abandoning module Voice (630)
[2018.12.04-00.52.43:818][125]LogModuleManager: Shutting down and abandoning module HierarchicalLODOutliner (628)
[2018.12.04-00.52.43:818][125]LogModuleManager: Shutting down and abandoning module SceneOutliner (626)
[2018.12.04-00.52.43:818][125]LogModuleManager: Shutting down and abandoning module AddContentDialog (624)
[2018.12.04-00.52.43:818][125]LogModuleManager: Shutting down and abandoning module WidgetCarousel (623)
[2018.12.04-00.52.43:818][125]LogModuleManager: Shutting down and abandoning module EditorWidgets (620)
[2018.12.04-00.52.43:818][125]LogModuleManager: Shutting down and abandoning module CollectionManager (618)
[2018.12.04-00.52.43:818][125]LogModuleManager: Shutting down and abandoning module StatsViewer (616)
[2018.12.04-00.52.43:818][125]LogModuleManager: Shutting down and abandoning module FoliageEdit (614)
[2018.12.04-00.52.43:818][125]LogModuleManager: Shutting down and abandoning module LandscapeEditor (612)
[2018.12.04-00.52.43:819][125]LogModuleManager: Shutting down and abandoning module MeshPaintMode (610)
[2018.12.04-00.52.43:819][125]LogModuleManager: Shutting down and abandoning module SceneDepthPickerMode (608)
[2018.12.04-00.52.43:819][125]LogModuleManager: Shutting down and abandoning module ActorPickerMode (606)
[2018.12.04-00.52.43:819][125]LogModuleManager: Shutting down and abandoning module GeometryMode (604)
[2018.12.04-00.52.43:819][125]LogModuleManager: Shutting down and abandoning module TextureAlignMode (602)
[2018.12.04-00.52.43:819][125]LogModuleManager: Shutting down and abandoning module BspMode (600)
[2018.12.04-00.52.43:819][125]LogModuleManager: Shutting down and abandoning module PIEPreviewDeviceProfileSelector (598)
[2018.12.04-00.52.43:819][125]LogModuleManager: Shutting down and abandoning module SequenceRecorderSections (596)
[2018.12.04-00.52.43:819][125]LogModuleManager: Shutting down and abandoning module AutomationWorker (594)
[2018.12.04-00.52.43:819][125]LogModuleManager: Shutting down and abandoning module DatasmithFBXImporter (592)
[2018.12.04-00.52.43:819][125]LogModuleManager: Shutting down and abandoning module DatasmithDeltaGenImporter (590)
[2018.12.04-00.52.43:819][125]LogModuleManager: Shutting down and abandoning module DatasmithVREDImporter (588)
[2018.12.04-00.52.43:819][125]LogModuleManager: Shutting down and abandoning module AudioCaptureEditor (586)
[2018.12.04-00.52.43:819][125]LogModuleManager: Shutting down and abandoning module SequenceRecorder (585)
[2018.12.04-00.52.43:819][125]LogModuleManager: Shutting down and abandoning module MatineeToLevelSequence (582)
[2018.12.04-00.52.43:819][125]LogModuleManager: Shutting down and abandoning module LevelSequenceEditor (580)
[2018.12.04-00.52.43:819][125]LogModuleManager: Shutting down and abandoning module PlacementMode (579)
[2018.12.04-00.52.43:819][125]LogModuleManager: Shutting down and abandoning module MaterialEditor (578)
[2018.12.04-00.52.43:819][125]LogModuleManager: Shutting down and abandoning module WmfMediaFactory (574)
[2018.12.04-00.52.43:819][125]LogModuleManager: Shutting down and abandoning module WmfMediaEditor (572)
[2018.12.04-00.52.43:819][125]LogModuleManager: Shutting down and abandoning module MediaPlayerEditor (570)
[2018.12.04-00.52.43:819][125]LogModuleManager: Shutting down and abandoning module OpenExrWrapper (568)
[2018.12.04-00.52.43:819][125]LogModuleManager: Shutting down and abandoning module ImgMediaFactory (566)
[2018.12.04-00.52.43:819][125]LogModuleManager: Shutting down and abandoning module ImgMediaEditor (564)
[2018.12.04-00.52.43:819][125]LogModuleManager: Shutting down and abandoning module AvfMediaFactory (562)
[2018.12.04-00.52.43:819][125]LogModuleManager: Shutting down and abandoning module AvfMediaEditor (560)
[2018.12.04-00.52.43:819][125]LogModuleManager: Shutting down and abandoning module AndroidMediaFactory (558)
[2018.12.04-00.52.43:819][125]LogModuleManager: Shutting down and abandoning module AndroidMediaEditor (556)
[2018.12.04-00.52.43:819][125]LogModuleManager: Shutting down and abandoning module MagicLeapCameraPreviewFactory (554)
[2018.12.04-00.52.43:819][125]LogModuleManager: Shutting down and abandoning module MagicLeapMediaFactory (552)
[2018.12.04-00.52.43:819][125]LogModuleManager: Shutting down and abandoning module MagicLeapMediaEditor (550)
[2018.12.04-00.52.43:819][125]LogModuleManager: Shutting down and abandoning module CharacterAI (548)
[2018.12.04-00.52.43:819][125]LogModuleManager: Shutting down and abandoning module SmartSnapping (546)
[2018.12.04-00.52.43:819][125]LogModuleManager: Shutting down and abandoning module SessionServices (544)
[2018.12.04-00.52.43:819][125]LogModuleManager: Shutting down and abandoning module ViewportSnapping (542)
[2018.12.04-00.52.43:819][125]LogModuleManager: Shutting down and abandoning module ViewportInteraction (540)
[2018.12.04-00.52.43:819][125]LogModuleManager: Shutting down and abandoning module ClothPainter (538)
[2018.12.04-00.52.43:819][125]LogModuleManager: Shutting down and abandoning module SkeletalMeshEditor (537)
[2018.12.04-00.52.43:819][125]LogModuleManager: Shutting down and abandoning module LogVisualizer (534)
[2018.12.04-00.52.43:820][125]LogModuleManager: Shutting down and abandoning module IntroTutorials (532)
[2018.12.04-00.52.43:820][125]LogModuleManager: Shutting down and abandoning module GameProjectGeneration (531)
[2018.12.04-00.52.43:820][125]LogModuleManager: Shutting down and abandoning module LuminPlatformEditor (528)
[2018.12.04-00.52.43:820][125]LogModuleManager: Shutting down and abandoning module IOSPlatformEditor (526)
[2018.12.04-00.52.43:820][125]LogModuleManager: Shutting down and abandoning module HTML5PlatformEditor (524)
[2018.12.04-00.52.43:820][125]LogModuleManager: Shutting down and abandoning module AndroidPlatformEditor (522)
[2018.12.04-00.52.43:820][125]LogModuleManager: Shutting down and abandoning module AndroidDeviceDetection (521)
[2018.12.04-00.52.43:911][125]LogModuleManager: Shutting down and abandoning module WindowsPlatformEditor (518)
[2018.12.04-00.52.43:911][125]LogModuleManager: Shutting down and abandoning module LuminRuntimeSettings (516)
[2018.12.04-00.52.43:911][125]LogModuleManager: Shutting down and abandoning module IOSRuntimeSettings (514)
[2018.12.04-00.52.43:911][125]LogModuleManager: Shutting down and abandoning module AndroidRuntimeSettings (512)
[2018.12.04-00.52.43:911][125]LogModuleManager: Shutting down and abandoning module InputBindingEditor (510)
[2018.12.04-00.52.43:911][125]LogModuleManager: Shutting down and abandoning module MergeActors (508)
[2018.12.04-00.52.43:911][125]LogModuleManager: Shutting down and abandoning module LocalizationDashboard (506)
[2018.12.04-00.52.43:911][125]LogModuleManager: Shutting down and abandoning module LocalizationService (505)
[2018.12.04-00.52.43:911][125]LogModuleManager: Shutting down and abandoning module HardwareTargeting (502)
[2018.12.04-00.52.43:911][125]LogModuleManager: Shutting down and abandoning module DeviceProfileEditor (500)
[2018.12.04-00.52.43:911][125]LogModuleManager: Shutting down and abandoning module UndoHistory (498)
[2018.12.04-00.52.43:911][125]LogModuleManager: Shutting down and abandoning module XmlParser (496)
[2018.12.04-00.52.43:911][125]LogModuleManager: Shutting down and abandoning module Blutility (494)
[2018.12.04-00.52.43:911][125]LogModuleManager: Shutting down and abandoning module ProjectSettingsViewer (492)
[2018.12.04-00.52.43:911][125]LogModuleManager: Shutting down and abandoning module ProjectTargetPlatformEditor (491)
[2018.12.04-00.52.43:912][125]LogModuleManager: Shutting down and abandoning module EditorSettingsViewer (488)
[2018.12.04-00.52.43:912][125]LogModuleManager: Shutting down and abandoning module SettingsEditor (486)
[2018.12.04-00.52.43:912][125]LogModuleManager: Shutting down and abandoning module ProjectLauncher (484)
[2018.12.04-00.52.43:912][125]LogModuleManager: Shutting down and abandoning module SessionFrontend (482)
[2018.12.04-00.52.43:912][125]LogModuleManager: Shutting down and abandoning module ProfilerClient (480)
[2018.12.04-00.52.43:912][125]LogModuleManager: Shutting down and abandoning module DeviceManager (478)
[2018.12.04-00.52.43:912][125]LogModuleManager: Shutting down and abandoning module TargetDeviceServices (477)
[2018.12.04-00.52.43:977][125]LogModuleManager: Shutting down and abandoning module AutomationController (474)
[2018.12.04-00.52.43:977][125]LogModuleManager: Shutting down and abandoning module AutomationWindow (472)
[2018.12.04-00.52.43:977][125]LogModuleManager: Shutting down and abandoning module Layers (470)
[2018.12.04-00.52.43:977][125]LogModuleManager: Shutting down and abandoning module ComponentVisualizers (468)
[2018.12.04-00.52.43:977][125]LogModuleManager: Shutting down and abandoning module DetailCustomizations (466)
[2018.12.04-00.52.43:977][125]LogModuleManager: Shutting down and abandoning module PackagesDialog (464)
[2018.12.04-00.52.43:977][125]LogModuleManager: Shutting down and abandoning module Persona (462)
[2018.12.04-00.52.43:977][125]LogModuleManager: Shutting down and abandoning module AnimGraph (461)
[2018.12.04-00.52.43:977][125]LogModuleManager: Shutting down and abandoning module Kismet (458)
[2018.12.04-00.52.43:978][125]LogModuleManager: Shutting down and abandoning module GraphEditor (456)
[2018.12.04-00.52.43:978][125]LogModuleManager: Shutting down and abandoning module ClassViewer (454)
[2018.12.04-00.52.43:978][125]LogModuleManager: Shutting down and abandoning module Toolbox (452)
[2018.12.04-00.52.43:978][125]LogModuleManager: Shutting down and abandoning module ModuleUI (450)
[2018.12.04-00.52.43:978][125]LogModuleManager: Shutting down and abandoning module MovieSceneTools (448)
[2018.12.04-00.52.43:978][125]LogModuleManager: Shutting down and abandoning module OutputLog (446)
[2018.12.04-00.52.43:978][125]LogModuleManager: Shutting down and abandoning module GammaUI (444)
[2018.12.04-00.52.43:978][125]LogModuleManager: Shutting down and abandoning module Documentation (442)
[2018.12.04-00.52.43:978][125]LogModuleManager: Shutting down and abandoning module MovieSceneTracks (440)
[2018.12.04-00.52.43:978][125]LogModuleManager: Shutting down and abandoning module MovieScene (438)
[2018.12.04-00.52.43:978][125]LogModuleManager: Shutting down and abandoning module StreamingPauseRendering (436)
[2018.12.04-00.52.43:978][125]LogModuleManager: Shutting down and abandoning module LauncherPlatform (434)
[2018.12.04-00.52.43:978][125]LogModuleManager: Shutting down and abandoning module AnalyticsET (432)
[2018.12.04-00.52.43:978][125]LogModuleManager: Shutting down and abandoning module PortalServices (430)
[2018.12.04-00.52.43:978][125]LogModuleManager: Shutting down and abandoning module PortalRpc (428)
[2018.12.04-00.52.43:978][125]LogModuleManager: Shutting down and abandoning module MessagingRpc (426)
[2018.12.04-00.52.43:978][125]LogModuleManager: Shutting down and abandoning module AIModule (424)
[2018.12.04-00.52.43:978][125]LogModuleManager: Shutting down and abandoning module GameplayDebugger (423)
[2018.12.04-00.52.43:978][125]LogModuleManager: Shutting down and abandoning module AITestSuite (421)
[2018.12.04-00.52.43:978][125]LogModuleManager: Shutting down and abandoning module NavigationSystem (419)
[2018.12.04-00.52.43:978][125]LogModuleManager: Shutting down and abandoning module DesktopPlatform (416)
[2018.12.04-00.52.43:978][125]LogModuleManager: Shutting down and abandoning module ProfilerService (414)
[2018.12.04-00.52.44:192][125]LogModuleManager: Shutting down and abandoning module TaskGraph (412)
[2018.12.04-00.52.44:193][125]LogModuleManager: Shutting down and abandoning module DatasmithCADImporter (410)
[2018.12.04-00.52.44:193][125]LogModuleManager: Shutting down and abandoning module StaticMeshEditorExtension (408)
[2018.12.04-00.52.44:194][125]LogModuleManager: Shutting down and abandoning module StaticMeshEditor (407)
[2018.12.04-00.52.44:194][125]LogModuleManager: Shutting down and abandoning module AdvancedPreviewScene (406)
[2018.12.04-00.52.44:194][125]LogModuleManager: Shutting down and abandoning module DatasmithMDLImporter (402)
[2018.12.04-00.52.44:197][125]LogModuleManager: Shutting down and abandoning module DatasmithImporter (400)
[2018.12.04-00.52.44:197][125]LogModuleManager: Shutting down and abandoning module SteamVRController (398)
[2018.12.04-00.52.44:197][125]LogModuleManager: Shutting down and abandoning module ProceduralMeshComponentEditor (396)
[2018.12.04-00.52.44:197][125]LogModuleManager: Shutting down and abandoning module ProceduralMeshComponent (394)
[2018.12.04-00.52.44:197][125]LogModuleManager: Shutting down and abandoning module OculusInput (392)
[2018.12.04-00.52.44:197][125]LogModuleManager: Shutting down and abandoning module MobilePatchingUtils (390)
[2018.12.04-00.52.44:197][125]LogModuleManager: Shutting down and abandoning module EditableMesh (388)
[2018.12.04-00.52.44:197][125]LogModuleManager: Shutting down and abandoning module CustomMeshComponent (386)
[2018.12.04-00.52.44:197][125]LogModuleManager: Shutting down and abandoning module CableComponent (384)
[2018.12.04-00.52.44:197][125]LogModuleManager: Shutting down and abandoning module AudioCapture (382)
[2018.12.04-00.52.44:198][125]LogModuleManager: Shutting down and abandoning module ArchVisCharacter (380)
[2018.12.04-00.52.44:198][125]LogModuleManager: Shutting down and abandoning module AndroidPermission (378)
[2018.12.04-00.52.44:198][125]LogModuleManager: Shutting down and abandoning module NUTUnrealEngine4 (376)
[2018.12.04-00.52.44:198][125]LogModuleManager: Shutting down and abandoning module NetcodeUnitTest (374)
[2018.12.04-00.52.44:198][125]LogModuleManager: Shutting down and abandoning module MediaCompositingEditor (372)
[2018.12.04-00.52.44:198][125]LogModuleManager: Shutting down and abandoning module MediaCompositing (370)
[2018.12.04-00.52.44:198][125]LogModuleManager: Shutting down and abandoning module LinearTimecode (368)
[2018.12.04-00.52.44:198][125]LogModuleManager: Shutting down and abandoning module ImgMedia (366)
[2018.12.04-00.52.44:210][125]LogModuleManager: Shutting down and abandoning module HTML5Networking (364)
[2018.12.04-00.52.44:210][125]LogModuleManager: Shutting down and abandoning module GeometryCacheTracks (362)
[2018.12.04-00.52.44:210][125]LogModuleManager: Shutting down and abandoning module GeometryCacheSequencer (360)
[2018.12.04-00.52.44:210][125]LogModuleManager: Shutting down and abandoning module BackChannel (358)
[2018.12.04-00.52.44:210][125]LogModuleManager: Shutting down and abandoning module AppleVision (356)
[2018.12.04-00.52.44:210][125]LogModuleManager: Shutting down and abandoning module AppleImageUtils (354)
[2018.12.04-00.52.44:210][125]LogModuleManager: Shutting down and abandoning module AlembicImporter (352)
[2018.12.04-00.52.44:210][125]LogModuleManager: Shutting down and abandoning module AlembicLibrary (351)
[2018.12.04-00.52.44:210][125]LogModuleManager: Shutting down and abandoning module GeometryCache (350)
[2018.12.04-00.52.44:210][125]LogModuleManager: Shutting down and abandoning module GeometryCacheEd (349)
[2018.12.04-00.52.44:210][125]LogModuleManager: Shutting down and abandoning module DatasmithContentEditor (344)
[2018.12.04-00.52.44:210][125]LogModuleManager: Shutting down and abandoning module DatasmithContent (342)
[2018.12.04-00.52.44:211][125]LogModuleManager: Shutting down and abandoning module SpeedTreeImporter (340)
[2018.12.04-00.52.44:211][125]LogModuleManager: Shutting down and abandoning module PluginBrowser (338)
[2018.12.04-00.52.44:212][125]LogModuleManager: Shutting down and abandoning module MobileLauncherProfileWizard (336)
[2018.12.04-00.52.44:212][125]LogModuleManager: Shutting down and abandoning module PolygonModeling (334)
[2018.12.04-00.52.44:212][125]LogModuleManager: Shutting down and abandoning module MeshEditor (332)
[2018.12.04-00.52.44:212][125]LogModuleManager: Shutting down and abandoning module EditorScriptingUtilities (330)
[2018.12.04-00.52.44:212][125]LogModuleManager: Shutting down and abandoning module CryptoKeysOpenSSL (328)
[2018.12.04-00.52.44:212][125]LogModuleManager: Shutting down and abandoning module CryptoKeys (326)
[2018.12.04-00.52.44:212][125]LogModuleManager: Shutting down and abandoning module VisualStudioSourceCodeAccess (324)
[2018.12.04-00.52.44:212][125]LogModuleManager: Shutting down and abandoning module VisualStudioCodeSourceCodeAccess (322)
[2018.12.04-00.52.44:212][125]LogModuleManager: Shutting down and abandoning module UObjectPlugin (320)
[2018.12.04-00.52.44:212][125]LogModuleManager: Shutting down and abandoning module SubversionSourceControl (318)
[2018.12.04-00.52.44:213][125]LogModuleManager: Shutting down and abandoning module PerforceSourceControl (316)
[2018.12.04-00.52.44:213][125]LogModuleManager: Shutting down and abandoning module GitSourceControl (314)
[2018.12.04-00.52.44:213][125]LogModuleManager: Shutting down and abandoning module SourceControl (313)
[2018.12.04-00.52.44:213][125]LogModuleManager: Shutting down and abandoning module CLionSourceCodeAccess (310)
[2018.12.04-00.52.44:213][125]LogModuleManager: Shutting down and abandoning module LightPropagationVolumeEditor (308)
[2018.12.04-00.52.44:213][125]LogModuleManager: Shutting down and abandoning module PaperTiledImporter (306)
[2018.12.04-00.52.44:213][125]LogModuleManager: Shutting down and abandoning module PaperSpriteSheetImporter (304)
[2018.12.04-00.52.44:213][125]LogModuleManager: Shutting down and abandoning module Paper2DEditor (302)
[2018.12.04-00.52.44:213][125]LogModuleManager: Shutting down and abandoning module MeshPaint (301)
[2018.12.04-00.52.44:213][125]LogModuleManager: Shutting down and abandoning module RuntimePhysXCooking (298)
[2018.12.04-00.52.44:214][125]LogModuleManager: Shutting down and abandoning module PhysXVehiclesEditor (296)
[2018.12.04-00.52.44:214][125]LogModuleManager: Shutting down and abandoning module PhysXVehicles (294)
[2018.12.04-00.52.44:214][125]LogModuleManager: Shutting down and abandoning module OculusEditor (292)
[2018.12.04-00.52.44:214][125]LogModuleManager: Shutting down and abandoning module LocationServicesBPLibrary (290)
[2018.12.04-00.52.44:214][125]LogModuleManager: Shutting down and abandoning module ImmediatePhysicsEditor (288)
[2018.12.04-00.52.44:214][125]LogModuleManager: Shutting down and abandoning module ImmediatePhysics (286)
[2018.12.04-00.52.44:214][125]LogModuleManager: Shutting down and abandoning module ActorSequence (284)
[2018.12.04-00.52.44:215][125]LogModuleManager: Shutting down and abandoning module UdpMessaging (282)
[2018.12.04-00.52.44:316][125]LogModuleManager: Shutting down and abandoning module TcpMessaging (280)
[2018.12.04-00.52.44:416][125]LogModuleManager: Shutting down and abandoning module MagicLeapAudio (278)
[2018.12.04-00.52.44:416][125]LogModuleManager: Shutting down and abandoning module GameplayTagsEditor (276)
[2018.12.04-00.52.44:416][125]LogModuleManager: Shutting down and abandoning module FacialAnimationEditor (274)
[2018.12.04-00.52.44:416][125]LogModuleManager: Shutting down and abandoning module FacialAnimation (272)
[2018.12.04-00.52.44:416][125]LogModuleManager: Shutting down and abandoning module DataValidation (270)
[2018.12.04-00.52.44:416][125]LogModuleManager: Shutting down and abandoning module AssetManagerEditor (268)
[2018.12.04-00.52.44:416][125]LogModuleManager: Shutting down and abandoning module LevelEditor (267)
[2018.12.04-00.52.44:418][125]LogModuleManager: Shutting down and abandoning module PixelInspectorModule (266)
[2018.12.04-00.52.44:418][125]LogModuleManager: Shutting down and abandoning module CommonMenuExtensions (264)
[2018.12.04-00.52.44:419][125]LogModuleManager: Shutting down and abandoning module MainFrame (262)
[2018.12.04-00.52.44:419][125]LogModuleManager: Shutting down and abandoning module HotReload (261)
[2018.12.04-00.52.44:421][125]LogModuleManager: Shutting down and abandoning module ContentBrowser (257)
[2018.12.04-00.52.44:423][125]LogModuleManager: Shutting down and abandoning module TreeMap (255)
[2018.12.04-00.52.44:423][125]LogModuleManager: Shutting down and abandoning module LightPropagationVolumeRuntime (252)
[2018.12.04-00.52.44:424][125]LogModuleManager: Shutting down and abandoning module AISupportModule (250)
[2018.12.04-00.52.44:424][125]LogModuleManager: Shutting down and abandoning module Paper2D (248)
[2018.12.04-00.52.44:424][125]LogModuleManager: Shutting down and abandoning module WindowsMoviePlayer (246)
[2018.12.04-00.52.44:424][125]LogModuleManager: Shutting down and abandoning module WmfMedia (244)
[2018.12.04-00.52.44:427][125]LogModuleManager: Shutting down and abandoning module Media (243)
[2018.12.04-00.52.44:435][125]LogModuleManager: Shutting down and abandoning module PacketHandler (240)
[2018.12.04-00.52.44:435][125]LogModuleManager: Shutting down and abandoning module ClothingSystemEditor (238)
[2018.12.04-00.52.44:435][125]LogModuleManager: Shutting down and abandoning module ClothingSystemRuntime (236)
[2018.12.04-00.52.44:435][125]LogModuleManager: Shutting down and abandoning module MediaAssets (234)
[2018.12.04-00.52.44:435][125]LogModuleManager: Shutting down and abandoning module Overlay (232)
[2018.12.04-00.52.44:435][125]LogModuleManager: Shutting down and abandoning module OverlayEditor (231)
[2018.12.04-00.52.44:435][125]LogModuleManager: Shutting down and abandoning module VREditor (228)
[2018.12.04-00.52.44:435][125]LogModuleManager: Shutting down and abandoning module StringTableEditor (226)
[2018.12.04-00.52.44:436][125]LogModuleManager: Shutting down and abandoning module GameplayTasksEditor (224)
[2018.12.04-00.52.44:436][125]LogModuleManager: Shutting down and abandoning module BehaviorTreeEditor (222)
[2018.12.04-00.52.44:436][125]LogModuleManager: Shutting down and abandoning module FunctionalTesting (220)
[2018.12.04-00.52.44:436][125]LogModuleManager: Shutting down and abandoning module CollisionAnalyzer (218)
[2018.12.04-00.52.44:436][125]LogModuleManager: Shutting down and abandoning module WorkspaceMenuStructure (217)
[2018.12.04-00.52.44:436][125]LogModuleManager: Shutting down and abandoning module UMG (214)
[2018.12.04-00.52.44:436][125]LogModuleManager: Shutting down and abandoning module UMGEditor (213)
[2018.12.04-00.52.44:437][125]LogModuleManager: Shutting down and abandoning module Sequencer (212)
[2018.12.04-00.52.44:437][125]LogModuleManager: Shutting down and abandoning module MessageLog (209)
[2018.12.04-00.52.44:437][125]LogModuleManager: Shutting down and abandoning module SlateReflector (204)
[2018.12.04-00.52.44:437][125]LogModuleManager: Shutting down and abandoning module Slate (202)
[2018.12.04-00.52.44:437][125]LogModuleManager: Shutting down and abandoning module EditorStyle (200)
[2018.12.04-00.52.44:444][125]LogModuleManager: Shutting down and abandoning module MRMesh (198)
[2018.12.04-00.52.44:444][125]LogModuleManager: Shutting down and abandoning module SourceCodeAccess (196)
[2018.12.04-00.52.44:444][125]LogModuleManager: Shutting down and abandoning module HeadMountedDisplay (194)
[2018.12.04-00.52.44:444][125]LogModuleManager: Shutting down and abandoning module XAudio2 (192)
[2018.12.04-00.52.44:444][125]LogModuleManager: Shutting down and abandoning module Networking (190)
[2018.12.04-00.52.44:444][125]LogModuleManager: Shutting down and abandoning module Core (188)
[2018.12.04-00.52.44:444][125]LogModuleManager: Shutting down and abandoning module LevelSequence (186)
[2018.12.04-00.52.44:444][125]LogModuleManager: Shutting down and abandoning module KismetCompiler (184)
[2018.12.04-00.52.44:444][125]LogModuleManager: Shutting down and abandoning module MeshUtilities (182)
[2018.12.04-00.52.44:444][125]LogModuleManager: Shutting down and abandoning module MeshMergeUtilities (181)
[2018.12.04-00.52.44:444][125]LogModuleManager: Shutting down and abandoning module MeshReductionInterface (180)
[2018.12.04-00.52.44:445][125]LogModuleManager: Shutting down and abandoning module SimplygonSwarm (179)
[2018.12.04-00.52.44:445][125]LogModuleManager: Shutting down and abandoning module ProxyLODMeshReduction (177)
[2018.12.04-00.52.44:445][125]LogModuleManager: Shutting down and abandoning module SimplygonMeshReduction (175)
[2018.12.04-00.52.44:445][125]LogModuleManager: Shutting down and abandoning module QuadricMeshReduction (173)
[2018.12.04-00.52.44:445][125]LogModuleManager: Shutting down and abandoning module MaterialBaking (169)
[2018.12.04-00.52.44:445][125]LogModuleManager: Shutting down and abandoning module DirectoryWatcher (165)
[2018.12.04-00.52.44:445][125]LogModuleManager: Shutting down and abandoning module DerivedDataCache (162)
[2018.12.04-00.52.44:471][125]LogDerivedDataCache: Shutdown
[2018.12.04-00.52.44:471][125]LogModuleManager: Shutting down and abandoning module XGEController (160)
[2018.12.04-00.52.44:471][125]LogXGEController: Cleaning working directory: C:/Users/igarpendal/AppData/Local/Temp/UnrealXGEWorkingDir/
[2018.12.04-00.52.44:471][125]LogModuleManager: Shutting down and abandoning module TargetPlatform (158)
[2018.12.04-00.52.44:471][125]LogModuleManager: Shutting down and abandoning module VulkanShaderFormat (157)
[2018.12.04-00.52.44:471][125]LogModuleManager: Shutting down and abandoning module ShaderFormatVectorVM (155)
[2018.12.04-00.52.44:471][125]LogModuleManager: Shutting down and abandoning module ShaderFormatOpenGL (153)
[2018.12.04-00.52.44:471][125]LogModuleManager: Shutting down and abandoning module ShaderFormatD3D (151)
[2018.12.04-00.52.44:471][125]LogModuleManager: Shutting down and abandoning module MetalShaderFormat (149)
[2018.12.04-00.52.44:471][125]LogModuleManager: Shutting down and abandoning module TextureFormatUncompressed (147)
[2018.12.04-00.52.44:471][125]LogModuleManager: Shutting down and abandoning module TextureFormatPVR (145)
[2018.12.04-00.52.44:471][125]LogModuleManager: Shutting down and abandoning module TextureFormatDXT (143)
[2018.12.04-00.52.44:471][125]LogModuleManager: Shutting down and abandoning module TextureFormatIntelISPCTexComp (141)
[2018.12.04-00.52.44:472][125]LogModuleManager: Shutting down and abandoning module TextureFormatASTC (139)
[2018.12.04-00.52.44:472][125]LogModuleManager: Shutting down and abandoning module ImageWrapper (138)
[2018.12.04-00.52.44:472][125]LogModuleManager: Shutting down and abandoning module TextureFormatAndroid (135)
[2018.12.04-00.52.44:472][125]LogModuleManager: Shutting down and abandoning module AudioFormatOpus (133)
[2018.12.04-00.52.44:472][125]LogModuleManager: Shutting down and abandoning module AudioFormatOgg (131)
[2018.12.04-00.52.44:472][125]LogModuleManager: Shutting down and abandoning module AudioFormatADPCM (129)
[2018.12.04-00.52.44:472][125]LogModuleManager: Shutting down and abandoning module LuminTargetPlatform (127)
[2018.12.04-00.52.44:472][125]LogModuleManager: Shutting down and abandoning module LinuxTargetPlatform (125)
[2018.12.04-00.52.44:472][125]LogModuleManager: Shutting down and abandoning module LinuxServerTargetPlatform (123)
[2018.12.04-00.52.44:472][125]LogModuleManager: Shutting down and abandoning module LinuxNoEditorTargetPlatform (121)
[2018.12.04-00.52.44:472][125]LogModuleManager: Shutting down and abandoning module LinuxClientTargetPlatform (119)
[2018.12.04-00.52.44:472][125]LogModuleManager: Shutting down and abandoning module TVOSTargetPlatform (117)
[2018.12.04-00.52.44:473][125]LogModuleManager: Shutting down and abandoning module Messaging (115)
[2018.12.04-00.52.44:474][125]LogModuleManager: Shutting down and abandoning module IOSTargetPlatform (113)
[2018.12.04-00.52.44:475][125]LogModuleManager: Shutting down and abandoning module HTML5TargetPlatform (111)
[2018.12.04-00.52.44:475][125]LogModuleManager: Shutting down and abandoning module AndroidTargetPlatform (109)
[2018.12.04-00.52.44:485][125]LogModuleManager: Shutting down and abandoning module WindowsTargetPlatform (107)
[2018.12.04-00.52.44:485][125]LogModuleManager: Shutting down and abandoning module WindowsServerTargetPlatform (105)
[2018.12.04-00.52.44:485][125]LogModuleManager: Shutting down and abandoning module WindowsNoEditorTargetPlatform (103)
[2018.12.04-00.52.44:485][125]LogModuleManager: Shutting down and abandoning module WindowsClientTargetPlatform (101)
[2018.12.04-00.52.44:485][125]LogModuleManager: Shutting down and abandoning module MacTargetPlatform (99)
[2018.12.04-00.52.44:486][125]LogModuleManager: Shutting down and abandoning module MacServerTargetPlatform (97)
[2018.12.04-00.52.44:486][125]LogModuleManager: Shutting down and abandoning module MacNoEditorTargetPlatform (95)
[2018.12.04-00.52.44:486][125]LogModuleManager: Shutting down and abandoning module MacClientTargetPlatform (93)
[2018.12.04-00.52.44:486][125]LogModuleManager: Shutting down and abandoning module AllDesktopTargetPlatform (91)
[2018.12.04-00.52.44:486][125]LogModuleManager: Shutting down and abandoning module InputCore (88)
[2018.12.04-00.52.44:486][125]LogModuleManager: Shutting down and abandoning module Settings (86)
[2018.12.04-00.52.44:486][125]LogModuleManager: Shutting down and abandoning module PhysXCooking (84)
[2018.12.04-00.52.44:486][125]LogModuleManager: Shutting down and abandoning module SteamVR (82)
[2018.12.04-00.52.44:486][125]LogModuleManager: Shutting down and abandoning module OculusHMD (80)
[2018.12.04-00.52.44:486][125]LogModuleManager: Shutting down and abandoning module ExampleDeviceProfileSelector (78)
[2018.12.04-00.52.44:486][125]LogModuleManager: Shutting down and abandoning module LauncherChunkInstaller (76)
[2018.12.04-00.52.44:486][125]LogModuleManager: Shutting down and abandoning module OnlineBlueprintSupport (74)
[2018.12.04-00.52.44:486][125]LogModuleManager: Shutting down and abandoning module OnlineSubsystem (70)
[2018.12.04-00.52.44:487][125]LogModuleManager: Shutting down and abandoning module XMPP (65)
[2018.12.04-00.52.44:488][125]LogModuleManager: Shutting down and abandoning module WebSockets (64)
[2018.12.04-00.52.44:523][125]LogModuleManager: Shutting down and abandoning module HTTP (61)
[2018.12.04-00.52.44:523][125]LogHttp: Display: Http module shutting down, but needs to wait on 1 outstanding Http requests:
[2018.12.04-00.52.44:523][125]LogHttp: Display: 	verb=[POST] url=[https://datarouter.ol.epicgames.com/datarouter/api/v1/public/data?SessionID=%7B270537E9-4DEA-365D-03D3-F99A005EFF8E%7D&AppID=UEEditor.Rocket.Release&AppVersion=4.20.3-4369336%2B%2B%2BUE4%2BRelease-4.20&UserID=8ed71d7140d7bb25c41d68a3a57cba4b%7C52104c89cd7e4bc1973b39f9a16df27e%7C8f7ca108-0e80-45bf-b167-f38aa5d91da3&AppEnvironment=datacollector-binary&UploadType=eteventstream] status=Processing
[2018.12.04-00.52.44:553][125]LogModuleManager: Shutting down and abandoning module SSL (60)
[2018.12.04-00.52.44:554][125]LogModuleManager: Shutting down and abandoning module MagicLeapEmulator (56)
[2018.12.04-00.52.44:554][125]LogModuleManager: Shutting down and abandoning module MagicLeapPrivileges (54)
[2018.12.04-00.52.44:554][125]LogModuleManager: Shutting down and abandoning module MagicLeapIdentity (52)
[2018.12.04-00.52.44:554][125]LogModuleManager: Shutting down and abandoning module MagicLeapHelperVulkan (50)
[2018.12.04-00.52.44:554][125]LogModuleManager: Shutting down and abandoning module MagicLeapHelperOpenGL (48)
[2018.12.04-00.52.44:554][125]LogModuleManager: Shutting down and abandoning module MagicLeapSecureStorage (46)
[2018.12.04-00.52.44:554][125]LogModuleManager: Shutting down and abandoning module MagicLeapGestures (44)
[2018.12.04-00.52.44:554][125]LogModuleManager: Shutting down and abandoning module MagicLeapEyeTracker (42)
[2018.12.04-00.52.44:554][125]LogModuleManager: Shutting down and abandoning module MagicLeapController (40)
[2018.12.04-00.52.44:554][125]LogSlate: Slate User Destroyed.  User Index 0, Is Virtual User: 0
[2018.12.04-00.52.44:554][125]LogModuleManager: Shutting down and abandoning module MagicLeap (38)
[2018.12.04-00.52.44:554][125]LogModuleManager: Shutting down and abandoning module AnimationModifiers (36)
[2018.12.04-00.52.44:554][125]LogModuleManager: Shutting down and abandoning module PropertyEditor (35)
[2018.12.04-00.52.44:554][125]LogModuleManager: Shutting down and abandoning module AudioEditor (32)
[2018.12.04-00.52.44:554][125]LogModuleManager: Shutting down and abandoning module TextureCompressor (30)
[2018.12.04-00.52.44:554][125]LogModuleManager: Shutting down and abandoning module ShaderCore (28)
[2018.12.04-00.52.44:554][125]LogModuleManager: Shutting down and abandoning module Landscape (26)
[2018.12.04-00.52.44:554][125]LogModuleManager: Shutting down and abandoning module SlateRHIRenderer (24)
[2018.12.04-00.52.44:554][125]LogModuleManager: Shutting down and abandoning module OpenGLDrv (22)
[2018.12.04-00.52.44:554][125]LogModuleManager: Shutting down and abandoning module D3D11RHI (20)
[2018.12.04-00.52.44:554][125]LogModuleManager: Shutting down and abandoning module AnimGraphRuntime (18)
[2018.12.04-00.52.44:554][125]LogModuleManager: Shutting down and abandoning module Renderer (16)
[2018.12.04-00.52.44:554][125]LogModuleManager: Shutting down and abandoning module Engine (14)
[2018.12.04-00.52.44:554][125]LogModuleManager: Shutting down and abandoning module CoreUObject (12)
[2018.12.04-00.52.44:554][125]LogModuleManager: Shutting down and abandoning module NetworkFile (10)
[2018.12.04-00.52.44:554][125]LogModuleManager: Shutting down and abandoning module CookedIterativeFile (8)
[2018.12.04-00.52.44:554][125]LogModuleManager: Shutting down and abandoning module StreamingFile (6)
[2018.12.04-00.52.44:554][125]LogModuleManager: Shutting down and abandoning module SandboxFile (4)
[2018.12.04-00.52.44:554][125]LogModuleManager: Shutting down and abandoning module PakFile (2)
[2018.12.04-00.52.44:561][125]LogExit: Exiting.
[2018.12.04-00.52.44:586][125]Log file closed, 12/04/18 11:52:44
