Log file open, 12/10/18 15:23:15
LogWindows: Failed to load 'aqProf.dll' (GetLastError=126)
LogWindows: File 'aqProf.dll' does not exist
LogWindows: Failed to load 'VSPerf140.dll' (GetLastError=126)
LogWindows: File 'VSPerf140.dll' does not exist
LogWindows: Failed to load 'VtuneApi.dll' (GetLastError=126)
LogWindows: File 'VtuneApi.dll' does not exist
LogWindows: Failed to load 'VtuneApi32e.dll' (GetLastError=126)
LogWindows: File 'VtuneApi32e.dll' does not exist
LogInit: Display: Running engine for game: PlatformerPrototype
LogPlatformFile: Not using cached read wrapper
LogTaskGraph: Started task graph with 5 named threads and 23 total threads with 3 sets of task threads.
LogStats: Stats thread started at 0.285063
LogD3D11RHI: Loaded GFSDK_Aftermath_Lib.x64.dll
LogICUInternationalization: Display: ICU TimeZone Detection - Raw Offset: +10:00, Platform Override: ''
LogPluginManager: Mounting plugin Paper2D
LogPluginManager: Mounting plugin AISupport
LogPluginManager: Mounting plugin LightPropagationVolume
LogPluginManager: Mounting plugin CLionSourceCodeAccess
LogPluginManager: Mounting plugin CodeLiteSourceCodeAccess
LogPluginManager: Mounting plugin GitSourceControl
LogPluginManager: Mounting plugin KDevelopSourceCodeAccess
LogPluginManager: Mounting plugin NullSourceCodeAccess
LogPluginManager: Mounting plugin PerforceSourceControl
LogPluginManager: Mounting plugin SubversionSourceControl
LogPluginManager: Mounting plugin UObjectPlugin
LogPluginManager: Mounting plugin VisualStudioCodeSourceCodeAccess
LogPluginManager: Mounting plugin VisualStudioSourceCodeAccess
LogPluginManager: Mounting plugin XCodeSourceCodeAccess
LogPluginManager: Mounting plugin AssetManagerEditor
LogPluginManager: Mounting plugin CryptoKeys
LogPluginManager: Mounting plugin DataValidation
LogPluginManager: Mounting plugin EditorScriptingUtilities
LogPluginManager: Mounting plugin FacialAnimation
LogPluginManager: Mounting plugin GameplayTagsEditor
LogPluginManager: Mounting plugin MacGraphicsSwitching
LogPluginManager: Mounting plugin MeshEditor
LogPluginManager: Mounting plugin MobileLauncherProfileWizard
LogPluginManager: Mounting plugin PluginBrowser
LogPluginManager: Mounting plugin SpeedTreeImporter
LogPluginManager: Mounting plugin DatasmithContent
LogPluginManager: Mounting plugin AlembicImporter
LogPluginManager: Mounting plugin AppleImageUtils
LogPluginManager: Mounting plugin AppleVision
LogPluginManager: Mounting plugin BackChannel
LogPluginManager: Mounting plugin CharacterAI
LogPluginManager: Mounting plugin GeometryCache
LogPluginManager: Mounting plugin HTML5Networking
LogPluginManager: Mounting plugin ProxyLODPlugin
LogPluginManager: Mounting plugin MagicLeap
LogPluginManager: Mounting plugin MagicLeapEmulator
LogPluginManager: Mounting plugin MagicLeapMedia
LogPluginManager: Mounting plugin AndroidMedia
LogPluginManager: Mounting plugin AvfMedia
LogPluginManager: Mounting plugin ImgMedia
LogPluginManager: Mounting plugin LinearTimecode
LogPluginManager: Mounting plugin MediaCompositing
LogPluginManager: Mounting plugin MediaPlayerEditor
LogPluginManager: Mounting plugin WmfMedia
LogPluginManager: Mounting plugin TcpMessaging
LogPluginManager: Mounting plugin UdpMessaging
LogPluginManager: Mounting plugin ActorSequence
LogPluginManager: Mounting plugin LevelSequenceEditor
LogPluginManager: Mounting plugin MatineeToLevelSequence
LogPluginManager: Mounting plugin NetcodeUnitTest
LogPluginManager: Mounting plugin NUTUnrealEngine4
LogPluginManager: Mounting plugin OnlineSubsystemGooglePlay
LogPluginManager: Mounting plugin OnlineSubsystemIOS
LogPluginManager: Mounting plugin OnlineSubsystem
LogPluginManager: Mounting plugin OnlineSubsystemNull
LogPluginManager: Mounting plugin OnlineSubsystemUtils
LogPluginManager: Mounting plugin LauncherChunkInstaller
LogPluginManager: Mounting plugin AndroidDeviceProfileSelector
LogPluginManager: Mounting plugin AndroidMoviePlayer
LogPluginManager: Mounting plugin AndroidPermission
LogPluginManager: Mounting plugin AppleMoviePlayer
LogPluginManager: Mounting plugin ArchVisCharacter
LogPluginManager: Mounting plugin AudioCapture
LogPluginManager: Mounting plugin CableComponent
LogPluginManager: Mounting plugin CustomMeshComponent
LogPluginManager: Mounting plugin EditableMesh
LogPluginManager: Mounting plugin ExampleDeviceProfileSelector
LogPluginManager: Mounting plugin GoogleCloudMessaging
LogPluginManager: Mounting plugin ImmediatePhysics
LogPluginManager: Mounting plugin IOSDeviceProfileSelector
LogPluginManager: Mounting plugin LinuxDeviceProfileSelector
LogPluginManager: Mounting plugin LocationServicesBPLibrary
LogPluginManager: Mounting plugin MobilePatchingUtils
LogPluginManager: Mounting plugin OculusVR
LogPluginManager: Plugin shader directory ../../../Engine/Plugins/Runtime/Oculus/OculusVR/Shaders found
LogPluginManager: Mapping shader source directory ../../../Engine/Plugins/Runtime/Oculus/OculusVR/Shaders to virtual directory /Plugin/OculusVR
LogPluginManager: Mounting plugin PhysXVehicles
LogPluginManager: Mounting plugin ProceduralMeshComponent
LogPluginManager: Mounting plugin RuntimePhysXCooking
LogPluginManager: Mounting plugin SteamVR
LogPluginManager: Mounting plugin WindowsMoviePlayer
LogPluginManager: Mounting plugin DatasmithCADImporter
LogPluginManager: Mounting plugin DatasmithFBXImporter
LogPluginManager: Mounting plugin DatasmithImporter
LogPluginManager: Mounting plugin DatasmithMDLImporter
LogPluginManager: Mounting plugin StaticMeshEditorExtension
LogStreaming: Display: Took  0.122s to configure plugins.
LogInit: Using libcurl 7.55.1-DEV
LogInit:  - built for x86_64-pc-win32
LogInit:  - supports SSL with OpenSSL/1.0.2h
LogInit:  - supports HTTP deflate (compression) using libz 1.2.8
LogInit:  - other features:
LogInit:      CURL_VERSION_SSL
LogInit:      CURL_VERSION_LIBZ
LogInit:      CURL_VERSION_IPV6
LogInit:      CURL_VERSION_ASYNCHDNS
LogInit:      CURL_VERSION_LARGEFILE
LogInit:      CURL_VERSION_IDN
LogInit:  CurlRequestOptions (configurable via config and command line):
LogInit:  - bVerifyPeer = false  - Libcurl will NOT verify peer certificate
LogInit:  - bUseHttpProxy = false  - Libcurl will NOT use HTTP proxy
LogInit:  - bDontReuseConnections = false  - Libcurl will reuse connections
LogInit:  - CertBundlePath = nullptr  - Libcurl will use whatever was configured at build time.
LogInit:  - MaxHostConnections = 16  - Libcurl will limit the number of connections to a host
LogInit:  - LocalHostAddr = Default
LogInit:  - BufferSize = 65536
LogInit: WinSock: version 1.1 (2.2), MaxSocks=32767, MaxUdp=65467
LogHMD: Failed initializing OVRPlugin 1.25.0
LogInit: Build: ++UE4+Release-4.20-CL-4369336
LogInit: Engine Version: 4.20.3-4369336+++UE4+Release-4.20
LogInit: Compatible Engine Version: 4.20.0-4212847+++UE4+Release-4.20
LogInit: Net CL: 4212847
LogInit: OS: Windows 10 (), CPU: Intel(R) Core(TM) i7-6700 CPU @ 3.40GHz, GPU: NVIDIA GeForce GTX 980
LogInit: Compiled (64-bit): Sep 17 2018 12:26:19
LogInit: Compiled with Visual C++: 19.13.26129.00
LogInit: Build Configuration: Development
LogInit: Branch Name: ++UE4+Release-4.20
LogInit: Command Line:  
LogInit: Base Directory: C:/Program Files/Epic Games/UE_4.20/Engine/Binaries/Win64/
LogInit: Installed Engine Build: 1
LogDevObjectVersion: Number of dev versions registered: 20
LogDevObjectVersion:   Dev-Blueprints (B0D832E4-1F89-4F0D-ACCF-7EB736FD4AA2): 10
LogDevObjectVersion:   Dev-Build (E1C64328-A22C-4D53-A36C-8E866417BD8C): 0
LogDevObjectVersion:   Dev-Core (375EC13C-06E4-48FB-B500-84F0262A717E): 2
LogDevObjectVersion:   Dev-Editor (E4B068ED-F494-42E9-A231-DA0B2E46BB41): 24
LogDevObjectVersion:   Dev-Framework (CFFC743F-43B0-4480-9391-14DF171D2073): 34
LogDevObjectVersion:   Dev-Mobile (B02B49B5-BB20-44E9-A304-32B752E40360): 2
LogDevObjectVersion:   Dev-Networking (A4E4105C-59A1-49B5-A7C5-40C4547EDFEE): 0
LogDevObjectVersion:   Dev-Online (39C831C9-5AE6-47DC-9A44-9C173E1C8E7C): 0
LogDevObjectVersion:   Dev-Physics (78F01B33-EBEA-4F98-B9B4-84EACCB95AA2): 0
LogDevObjectVersion:   Dev-Platform (6631380F-2D4D-43E0-8009-CF276956A95A): 0
LogDevObjectVersion:   Dev-Rendering (12F88B9F-8875-4AFC-A67C-D90C383ABD29): 26
LogDevObjectVersion:   Dev-Sequencer (7B5AE74C-D270-4C10-A958-57980B212A5A): 9
LogDevObjectVersion:   Dev-VR (D7296918-1DD6-4BDD-9DE2-64A83CC13884): 2
LogDevObjectVersion:   Dev-LoadTimes (C2A15278-BFE7-4AFE-6C17-90FF531DF755): 1
LogDevObjectVersion:   Private-Geometry (6EACA3D4-40EC-4CC1-B786-8BED09428FC5): 3
LogDevObjectVersion:   Dev-AnimPhys (29E575DD-E0A3-4627-9D10-D276232CDCEA): 17
LogDevObjectVersion:   Dev-ReflectionCapture (6B266CEC-1EC7-4B8F-A30B-E4D90942FC07): 1
LogDevObjectVersion:   Dev-Automation (0DF73D61-A23F-47EA-B727-89E90C41499A): 1
LogDevObjectVersion:   FortniteMain (601D1886-AC64-4F84-AA16-D3DE0DEAC7D6): 12
LogDevObjectVersion:   Dev-Enterprise (9DFFBCD6-494F-0158-E221-12823C92A888): 1
LogStreaming: Display: Took  0.004s to delete old logs.
LogInit: Presizing for max 8388607 objects, including 0 objects not considered by GC, pre-allocating 0 bytes for permanent pool.
LogInit: Object subsystem initialized
[2018.12.10-04.23.16:902][  0]LogInit: Selected Device Profile: [Windows]
[2018.12.10-04.23.16:902][  0]LogInit: Applying CVar settings loaded from the selected device profile: [Windows]
[2018.12.10-04.23.16:927][  0]LogHAL: Display: Platform has ~ 32 GB [34270724096 / 34359738368 / 32], which maps to Largest [LargestMinGB=32, LargerMinGB=12, DefaultMinGB=8, SmallerMinGB=6, SmallestMinGB=0)
[2018.12.10-04.23.16:927][  0]LogInit: Setting Device Profile CVar: [[r.Vulkan.UseRealUBs:1]]
[2018.12.10-04.23.16:927][  0]LogInit: Going up to parent DeviceProfile []
[2018.12.10-04.23.16:931][  0]LogInit: Computer: SYD-R304-PC05
[2018.12.10-04.23.16:931][  0]LogInit: User: igarpendal
[2018.12.10-04.23.16:931][  0]LogInit: CPU Page size=4096, Cores=4
[2018.12.10-04.23.16:931][  0]LogInit: High frequency timer resolution =3.328131 MHz
[2018.12.10-04.23.16:932][  0]LogMemory: Memory total: Physical=31.9GB (32GB approx)
[2018.12.10-04.23.16:932][  0]LogMemory: Platform Memory Stats for Windows
[2018.12.10-04.23.16:932][  0]LogMemory: Process Physical Memory: 103.87 MB used, 103.87 MB peak
[2018.12.10-04.23.16:932][  0]LogMemory: Process Virtual Memory: 96.50 MB used, 96.50 MB peak
[2018.12.10-04.23.16:932][  0]LogMemory: Physical Memory: 4587.44 MB used,  28095.67 MB free, 32683.11 MB total
[2018.12.10-04.23.16:932][  0]LogMemory: Virtual Memory: 4657.41 MB used,  28095.67 MB free, 134217728.00 MB total
[2018.12.10-04.23.17:039][  0]LogInit: Using OS detected language (en-US).
[2018.12.10-04.23.17:039][  0]LogInit: Using OS detected locale (en-AU).
[2018.12.10-04.23.17:040][  0]LogTextLocalizationManager: No specific localization for 'en-US' exists, so the 'en' localization will be used.
[2018.12.10-04.23.17:397][  0]LogStreaming: Display: Took  0.358s to InitEngineTextLocalization.
[2018.12.10-04.23.17:397][  0]LogInit: Setting process to per monitor DPI aware
[2018.12.10-04.23.17:459][  0]LogSlate: New Slate User Created.  User Index 0, Is Virtual User: 0
[2018.12.10-04.23.17:459][  0]LogSlate: Slate User Registered.  User Index 0, Is Virtual User: 0
[2018.12.10-04.23.19:161][  0]LogHMD: Failed to initialize OpenVR with code 126
[2018.12.10-04.23.19:161][  0]LogD3D11RHI: D3D11 adapters:
[2018.12.10-04.23.19:215][  0]LogD3D11RHI:    0. 'NVIDIA GeForce GTX 980' (Feature Level 11_0)
[2018.12.10-04.23.19:215][  0]LogD3D11RHI:       4053/0/16341 MB DedicatedVideo/DedicatedSystem/SharedSystem, Outputs:1, VendorId:0x10de
[2018.12.10-04.23.19:216][  0]LogD3D11RHI:    1. 'Microsoft Basic Render Driver' (Feature Level 11_0)
[2018.12.10-04.23.19:216][  0]LogD3D11RHI:       0/0/16341 MB DedicatedVideo/DedicatedSystem/SharedSystem, Outputs:0, VendorId:0x1414
[2018.12.10-04.23.19:216][  0]LogD3D11RHI: Chosen D3D11 Adapter: 0
[2018.12.10-04.23.19:221][  0]LogD3D11RHI: Creating new Direct3DDevice
[2018.12.10-04.23.19:221][  0]LogD3D11RHI:     GPU DeviceId: 0x13c0 (for the marketing name, search the web for "GPU Device Id")
[2018.12.10-04.23.19:221][  0]LogWindows: EnumDisplayDevices:
[2018.12.10-04.23.19:221][  0]LogWindows:    0. 'NVIDIA GeForce GTX 980' (P:1 D:1)
[2018.12.10-04.23.19:221][  0]LogWindows:    1. 'NVIDIA GeForce GTX 980' (P:0 D:0)
[2018.12.10-04.23.19:221][  0]LogWindows:    2. 'NVIDIA GeForce GTX 980' (P:0 D:0)
[2018.12.10-04.23.19:221][  0]LogWindows:    3. 'NVIDIA GeForce GTX 980' (P:0 D:0)
[2018.12.10-04.23.19:221][  0]LogWindows: DebugString: FoundDriverCount:4 
[2018.12.10-04.23.19:221][  0]LogD3D11RHI:     Adapter Name: NVIDIA GeForce GTX 980
[2018.12.10-04.23.19:221][  0]LogD3D11RHI:   Driver Version: 398.82 (internal:24.21.13.9882, unified:398.82)
[2018.12.10-04.23.19:221][  0]LogD3D11RHI:      Driver Date: 7-30-2018
[2018.12.10-04.23.19:221][  0]LogRHI: Texture pool is 2837 MB (70% of 4053 MB)
[2018.12.10-04.23.19:250][  0]LogD3D11RHI: Async texture creation enabled
[2018.12.10-04.23.19:266][  0]LogD3D11RHI: GPU Timing Frequency: 1000.000000 (Debug: 2 2)
[2018.12.10-04.23.19:308][  0]LogShaderCompilers: Guid format shader working directory is -39 characters bigger than the processId version (../../../../../../Users/igarpendal/Documents/GitHub/GPG210-Prototypes/PlatformerPrototype/Intermediate/Shaders/WorkingDirectory/13756/).
[2018.12.10-04.23.19:308][  0]LogShaderCompilers: Cleaned the shader compiler working directory 'C:/Users/igarpendal/AppData/Local/Temp/UnrealShaderWorkingDir/C543CBDF45EED5C2DFC38FADF9354F22/'.
[2018.12.10-04.23.19:557][  0]LogTemp: Display: Loaded TP AllDesktopTargetPlatform
[2018.12.10-04.23.19:569][  0]LogTemp: Display: Loaded TP MacClientTargetPlatform
[2018.12.10-04.23.19:581][  0]LogTemp: Display: Loaded TP MacNoEditorTargetPlatform
[2018.12.10-04.23.19:593][  0]LogTemp: Display: Loaded TP MacServerTargetPlatform
[2018.12.10-04.23.19:608][  0]LogTemp: Display: Loaded TP MacTargetPlatform
[2018.12.10-04.23.19:621][  0]LogTemp: Display: Loaded TP WindowsClientTargetPlatform
[2018.12.10-04.23.19:633][  0]LogTemp: Display: Loaded TP WindowsNoEditorTargetPlatform
[2018.12.10-04.23.19:647][  0]LogTemp: Display: Loaded TP WindowsServerTargetPlatform
[2018.12.10-04.23.19:653][  0]LogTemp: Display: Loaded TP WindowsTargetPlatform
[2018.12.10-04.23.19:734][  0]LogTemp: Display: Loaded TP AndroidTargetPlatform
[2018.12.10-04.23.19:734][  0]LogTemp: Display: Loaded TP AndroidTargetPlatform
[2018.12.10-04.23.19:734][  0]LogTemp: Display: Loaded TP AndroidTargetPlatform
[2018.12.10-04.23.19:734][  0]LogTemp: Display: Loaded TP AndroidTargetPlatform
[2018.12.10-04.23.19:734][  0]LogTemp: Display: Loaded TP AndroidTargetPlatform
[2018.12.10-04.23.19:734][  0]LogTemp: Display: Loaded TP AndroidTargetPlatform
[2018.12.10-04.23.19:734][  0]LogTemp: Display: Loaded TP AndroidTargetPlatform
[2018.12.10-04.23.19:734][  0]LogTemp: Display: Loaded TP AndroidTargetPlatform
[2018.12.10-04.23.19:734][  0]LogTemp: Display: Loaded TP AndroidTargetPlatform
[2018.12.10-04.23.19:734][  0]LogTemp: Display: Loaded TP AndroidTargetPlatform
[2018.12.10-04.23.19:734][  0]LogTemp: Display: Loaded TP AndroidTargetPlatform
[2018.12.10-04.23.19:734][  0]LogTemp: Display: Loaded TP AndroidTargetPlatform
[2018.12.10-04.23.19:734][  0]LogTemp: Display: Loaded TP AndroidTargetPlatform
[2018.12.10-04.23.19:734][  0]LogTemp: Display: Loaded TP AndroidTargetPlatform
[2018.12.10-04.23.19:734][  0]LogTemp: Display: Loaded TP AndroidTargetPlatform
[2018.12.10-04.23.19:734][  0]LogTemp: Display: Loaded TP AndroidTargetPlatform
[2018.12.10-04.23.19:734][  0]LogTemp: Display: Loaded TP AndroidTargetPlatform
[2018.12.10-04.23.19:734][  0]LogTemp: Display: Loaded TP AndroidTargetPlatform
[2018.12.10-04.23.19:735][  0]LogTemp: Display: Loaded TP HTML5TargetPlatform
[2018.12.10-04.23.19:799][  0]LogTemp: Display: Loaded TP IOSTargetPlatform
[2018.12.10-04.23.19:799][  0]LogTemp: Display: Loaded TP IOSTargetPlatform
[2018.12.10-04.23.19:833][  0]LogTemp: Display: Loaded TP TVOSTargetPlatform
[2018.12.10-04.23.19:833][  0]LogTemp: Display: Loaded TP TVOSTargetPlatform
[2018.12.10-04.23.19:845][  0]LogTemp: Display: Loaded TP LinuxClientTargetPlatform
[2018.12.10-04.23.19:857][  0]LogTemp: Display: Loaded TP LinuxNoEditorTargetPlatform
[2018.12.10-04.23.19:868][  0]LogTemp: Display: Loaded TP LinuxServerTargetPlatform
[2018.12.10-04.23.19:884][  0]LogTemp: Display: Loaded TP LinuxTargetPlatform
[2018.12.10-04.23.19:894][  0]LogTemp: Display: Loaded TP LuminTargetPlatform
[2018.12.10-04.23.19:894][  0]LogTargetPlatformManager: Display: Building Assets For Windows
[2018.12.10-04.23.19:966][  0]LogXGEController: Cleaning working directory: C:/Users/igarpendal/AppData/Local/Temp/UnrealXGEWorkingDir/
[2018.12.10-04.23.19:966][  0]LogXGEController: Cannot use XGE Controller as Incredibuild is not installed on this machine.
[2018.12.10-04.23.19:966][  0]LogShaderCompilers: Cannot use XGE Shader Compiler as Incredibuild is not installed on this machine.
[2018.12.10-04.23.19:966][  0]LogShaderCompilers: Display: Using Local Shader Compiler.
[2018.12.10-04.23.21:549][  0]LogDerivedDataCache: Display: Max Cache Size: 512 MB
[2018.12.10-04.23.21:598][  0]LogDerivedDataCache: Loaded boot cache 0.05s 72MB C:/Users/igarpendal/AppData/Local/UnrealEngine/4.20/DerivedDataCache/Boot.ddc.
[2018.12.10-04.23.21:599][  0]LogDerivedDataCache: Display: Loaded Boot cache: C:/Users/igarpendal/AppData/Local/UnrealEngine/4.20/DerivedDataCache/Boot.ddc
[2018.12.10-04.23.21:599][  0]LogDerivedDataCache: FDerivedDataBackendGraph:  Pak pak cache file ../../../../../../Users/igarpendal/Documents/GitHub/GPG210-Prototypes/PlatformerPrototype/DerivedDataCache/DDC.ddp not found, will not use a pak cache.
[2018.12.10-04.23.21:599][  0]LogDerivedDataCache: Unable to find inner node Pak for hierarchical cache Hierarchy.
[2018.12.10-04.23.21:599][  0]LogDerivedDataCache: FDerivedDataBackendGraph:  CompressedPak pak cache file ../../../../../../Users/igarpendal/Documents/GitHub/GPG210-Prototypes/PlatformerPrototype/DerivedDataCache/Compressed.ddp not found, will not use a pak cache.
[2018.12.10-04.23.21:599][  0]LogDerivedDataCache: Unable to find inner node CompressedPak for hierarchical cache Hierarchy.
[2018.12.10-04.23.21:614][  0]LogDerivedDataCache: Display: Pak cache opened for reading ../../../Engine/DerivedDataCache/Compressed.ddp.
[2018.12.10-04.23.21:627][  0]LogDerivedDataCache: Using Local data cache path C:/Users/igarpendal/AppData/Local/UnrealEngine/Common/DerivedDataCache: Writable
[2018.12.10-04.23.21:627][  0]LogDerivedDataCache: Shared data cache path not found in *engine.ini, will not use an Shared cache.
[2018.12.10-04.23.21:627][  0]LogDerivedDataCache: Unable to find inner node Shared for hierarchical cache Hierarchy.
[2018.12.10-04.23.21:642][  0]LogMaterial: Verifying Global Shaders for PCD3D_SM5
[2018.12.10-04.23.21:643][  0]LogSlate: Using FreeType 2.6.0
[2018.12.10-04.23.21:656][  0]LogSlate: SlateFontServices - WITH_FREETYPE: 1, WITH_HARFBUZZ: 1
[2018.12.10-04.23.21:832][  0]LogAssetRegistry: FAssetRegistry took 0.0251 seconds to start up
[2018.12.10-04.23.22:094][  0]LogInit: Selected Device Profile: [Windows]
[2018.12.10-04.23.22:285][  0]LogSimplygon: Simplygon DLL not present - disabling.
[2018.12.10-04.23.22:288][  0]LogMeshReduction: Using SimplygonSwarm for distributed automatic mesh merging
[2018.12.10-04.23.22:288][  0]LogMeshReduction: Using ProxyLODMeshReduction for automatic mesh merging
[2018.12.10-04.23.22:288][  0]LogMeshReduction: Using QuadricMeshReduction for automatic static mesh reduction
[2018.12.10-04.23.22:288][  0]LogMeshReduction: No automatic skeletal mesh reduction module available
[2018.12.10-04.23.22:319][  0]LogNetVersion: PlatformerPrototype 1.0.0, NetCL: 4212847, EngineNetVer: 5, GameNetVer: 0 (Checksum: 3545419167)
[2018.12.10-04.23.23:235][  0]LogPackageLocalizationCache: Processed 13 localized package path(s) for 2 prioritized culture(s) in 0.113960 seconds
[2018.12.10-04.23.23:240][  0]LogUObjectArray: 38425 objects as part of root set at end of initial load.
[2018.12.10-04.23.23:240][  0]LogUObjectAllocator: 6690864 out of 0 bytes used by permanent object pool.
[2018.12.10-04.23.23:240][  0]LogUObjectArray: CloseDisregardForGC: 0/0 objects in disregard for GC pool
[2018.12.10-04.23.25:325][  0]LogTcpMessaging: Initializing TcpMessaging bridge
[2018.12.10-04.23.25:339][  0]LogUdpMessaging: Initializing bridge on interface 0.0.0.0:0 to multicast group 230.0.0.1:6666.
[2018.12.10-04.23.25:585][  0]SourceControl: Source control is disabled
[2018.12.10-04.23.25:586][  0]SourceControl: Source control is disabled
[2018.12.10-04.23.25:587][  0]SourceControl: Source control is disabled
[2018.12.10-04.23.25:588][  0]SourceControl: Source control is disabled
[2018.12.10-04.23.25:774][  0]LogAndroidPermission: UAndroidPermissionCallbackProxy::GetInstance
[2018.12.10-04.23.25:840][  0]LogOcInput: OculusInput pre-init called
[2018.12.10-04.23.27:574][  0]LogEngine: Initializing Engine...
[2018.12.10-04.23.27:590][  0]LogHMD: Failed to initialize OpenVR with code 126
[2018.12.10-04.23.27:591][  0]LogStats: UGameplayTagsManager::ConstructGameplayTagTree: ImportINI prefixes -  0.000 s
[2018.12.10-04.23.27:591][  0]LogStats: UGameplayTagsManager::ConstructGameplayTagTree: Construct from data asset -  0.000 s
[2018.12.10-04.23.27:591][  0]LogStats: UGameplayTagsManager::ConstructGameplayTagTree: ImportINI -  0.000 s
[2018.12.10-04.23.27:591][  0]LogStats: UGameplayTagsManager::ConstructGameplayTagTree: GameplayTagTreeChangedEvent.Broadcast -  0.000 s
[2018.12.10-04.23.27:898][  0]LogInit: Initializing FReadOnlyCVARCache
[2018.12.10-04.23.27:908][  0]LogAIModule: Creating AISystem for world Untitled
[2018.12.10-04.23.27:918][  0]LogInit: XAudio2 using 'Realtek Digital Output(Optical) (Realtek High Definition Audio)' : 2 channels at 48 kHz using 16 bits per sample (channel mask 0x3)
[2018.12.10-04.23.27:985][  0]LogInit: FAudioDevice initialized.
[2018.12.10-04.23.27:985][  0]LogNetVersion: Set ProjectVersion to 1.0.0.0. Version Checksum will be recalculated on next use.
[2018.12.10-04.23.28:057][  0]LogDerivedDataCache: Saved boot cache 0.07s 72MB C:/Users/igarpendal/AppData/Local/UnrealEngine/4.20/DerivedDataCache/Boot.ddc.
[2018.12.10-04.23.28:068][  0]LogInit: Texture streaming: Enabled
[2018.12.10-04.23.28:080][  0]LogEngineSessionManager: EngineSessionManager initialized
[2018.12.10-04.23.28:091][  0]LogInit: Transaction tracking system initialized
[2018.12.10-04.23.28:108][  0]BlueprintLog: New page: Editor Load
[2018.12.10-04.23.28:169][  0]LocalizationService: Localization service is disabled
[2018.12.10-04.23.28:590][  0]LogCook: Display: Max memory allowance for cook 16384mb min free memory 0mb
[2018.12.10-04.23.28:590][  0]LogCook: Display: Mobile HDR setting 1
[2018.12.10-04.23.28:590][  0]LogGameplayTags: Display: UGameplayTagsManager::DoneAddingNativeTags. DelegateIsBound: 0
[2018.12.10-04.23.28:590][  0]LogStats: UGameplayTagsManager::ConstructGameplayTagTree: ImportINI prefixes -  0.000 s
[2018.12.10-04.23.28:590][  0]LogStats: UGameplayTagsManager::ConstructGameplayTagTree: Construct from data asset -  0.000 s
[2018.12.10-04.23.28:590][  0]LogStats: UGameplayTagsManager::ConstructGameplayTagTree: ImportINI -  0.000 s
[2018.12.10-04.23.28:590][  0]LogStats: UGameplayTagsManager::ConstructGameplayTagTree: GameplayTagTreeChangedEvent.Broadcast -  0.000 s
[2018.12.10-04.23.28:693][  0]LogFileCache: Scanning file cache for directory 'C:/Users/igarpendal/Documents/GitHub/GPG210-Prototypes/PlatformerPrototype/Content/' took 0.02s
[2018.12.10-04.23.29:795][  0]SourceControl: Source control is disabled
[2018.12.10-04.23.29:795][  0]Cmd: MAP LOAD FILE="../../../../../../Users/igarpendal/Documents/GitHub/GPG210-Prototypes/PlatformerPrototype/Content/ThirdPersonBP/Maps/Menu.umap" TEMPLATE=0 SHOWPROGRESS=1 FEATURELEVEL=3
[2018.12.10-04.23.29:800][  0]LightingResults: New page: Lighting Build
[2018.12.10-04.23.29:803][  0]MapCheck: New page: Map Check
[2018.12.10-04.23.29:803][  0]LightingResults: New page: Lighting Build
[2018.12.10-04.23.29:868][  0]LogAIModule: Creating AISystem for world Menu
[2018.12.10-04.23.29:875][  0]LogEditorServer: Finished looking for orphan Actors (0.000 secs)
[2018.12.10-04.23.29:895][  0]Cmd: MAP CHECKDEP NOCLEARLOG
[2018.12.10-04.23.29:947][  0]MapCheck: Map check complete: 0 Error(s), 0 Warning(s), took 51.998ms to complete.
[2018.12.10-04.23.29:947][  0]LogFileHelpers: Loading map 'Menu' took 0.152
[2018.12.10-04.23.30:079][  0]LogSlate: Updating window title bar state: overlay mode, drag disabled, window buttons hidden, title bar hidden
[2018.12.10-04.23.30:086][  0]LogSlate: Updating window title bar state: overlay mode, drag disabled, window buttons hidden, title bar hidden
[2018.12.10-04.23.30:092][  0]LogSlate: Updating window title bar state: overlay mode, drag disabled, window buttons hidden, title bar hidden
[2018.12.10-04.23.30:098][  0]LogSlate: Updating window title bar state: overlay mode, drag disabled, window buttons hidden, title bar hidden
[2018.12.10-04.23.30:107][  0]LogCollectionManager: Loaded 0 collections in 0.001103 seconds
[2018.12.10-04.23.30:153][  0]LogFileCache: Scanning file cache for directory 'C:/Users/igarpendal/Documents/GitHub/GPG210-Prototypes/PlatformerPrototype/Saved/Collections/' took 0.01s
[2018.12.10-04.23.30:153][  0]LogFileCache: Scanning file cache for directory 'C:/Users/igarpendal/Documents/GitHub/GPG210-Prototypes/PlatformerPrototype/Content/Developers/igarpendal/Collections/' took 0.01s
[2018.12.10-04.23.30:153][  0]LogFileCache: Scanning file cache for directory 'C:/Users/igarpendal/Documents/GitHub/GPG210-Prototypes/PlatformerPrototype/Content/Collections/' took 0.01s
[2018.12.10-04.23.30:153][  0]LogCollectionManager: Rebuilt the GUID cache for 0 collections in 0.000000 seconds
[2018.12.10-04.23.30:171][  0]LogContentBrowser: Native class hierarchy populated in 0.0178 seconds. Added 2621 classes and 629 folders.
[2018.12.10-04.23.30:175][  0]LogContentBrowser: Native class hierarchy updated for 'WidgetCarousel' in 0.0002 seconds. Added 0 classes and 0 folders.
[2018.12.10-04.23.30:430][  0]LogContentBrowser: Native class hierarchy updated for 'AddContentDialog' in 0.0002 seconds. Added 0 classes and 0 folders.
[2018.12.10-04.23.30:433][  0]LogContentBrowser: Native class hierarchy updated for 'SceneOutliner' in 0.0002 seconds. Added 1 classes and 2 folders.
[2018.12.10-04.23.30:453][  0]LogSlate: Took 0.005216 seconds to synchronously load lazily loaded font '../../../Engine/Content/Slate/Fonts/Roboto-Regular.ttf' (155K)
[2018.12.10-04.23.30:457][  0]LogSlate: Took 0.003342 seconds to synchronously load lazily loaded font '../../../Engine/Content/Slate/Fonts/Roboto-Bold.ttf' (160K)
[2018.12.10-04.23.30:466][  0]LogSlate: Took 0.003741 seconds to synchronously load lazily loaded font '../../../Engine/Content/Editor/Slate/Fonts/FontAwesome.ttf' (139K)
[2018.12.10-04.23.30:579][  0]LogRenderer: Reallocating scene render targets to support 1856x796 Format 10 NumSamples 1 (Frame:1).
[2018.12.10-04.23.30:752][  0]LogContentBrowser: Native class hierarchy updated for 'HierarchicalLODOutliner' in 0.0004 seconds. Added 0 classes and 0 folders.
[2018.12.10-04.23.30:752][  0]LogLoad: (Engine Initialization) Total time: 16.78 seconds
[2018.12.10-04.23.30:752][  0]LogLoad: (Engine Initialization) Total Blueprint compile time: 0.00 seconds
[2018.12.10-04.23.30:804][  0]LogContentStreaming: Texture pool size now 1000 MB
[2018.12.10-04.23.30:833][  1]LogFileCache: Retrieving MD5 hashes for directory 'C:/Users/igarpendal/Documents/GitHub/GPG210-Prototypes/PlatformerPrototype/Content/' took 0.06s
[2018.12.10-04.23.30:879][  2]LogAssetRegistry: Asset discovery search completed in 9.0685 seconds
[2018.12.10-04.23.30:880][  2]LogCollectionManager: Rebuilt the object cache for 0 collections in 0.000000 seconds (found 0 objects)
[2018.12.10-04.23.30:880][  2]LogCollectionManager: Fixed up redirectors for 0 collections in 0.000038 seconds (updated 0 objects)
[2018.12.10-04.24.05:507][145]LogSlate: FSceneViewport::OnFocusLost() reason 0
[2018.12.10-04.24.37:633][898]LogSlate: Took 0.004369 seconds to synchronously load lazily loaded font '../../../Engine/Content/Slate/Fonts/Roboto-Light.ttf' (167K)
[2018.12.10-04.24.37:642][898]LogAssetEditorManager: Opening Asset editor for Blueprint /Game/ThirdPersonBP/Blueprints/TL_BluePrints/ThirdPersonCharacter1.ThirdPersonCharacter1
[2018.12.10-04.24.38:141][898]LogContentBrowser: Native class hierarchy updated for 'BlueprintGraph' in 0.0005 seconds. Added 116 classes and 0 folders.
[2018.12.10-04.24.38:880][898]LogSlate: Took 0.003544 seconds to synchronously load lazily loaded font '../../../Engine/Content/Slate/Fonts/Roboto-BoldCondensed.ttf' (158K)
[2018.12.10-04.24.39:137][899]LogSlate: Took 0.004421 seconds to synchronously load lazily loaded font '../../../Engine/Content/Slate/Fonts/Roboto-Italic.ttf' (157K)
[2018.12.10-04.24.41:323][ 57]LogSlate: Window 'ThirdPersonCharacter1' being destroyed
[2018.12.10-04.24.41:327][ 57]LogSlate: Window 'ThirdPersonCharacter1' being destroyed
[2018.12.10-04.24.46:948][705]LogAssetEditorManager: Opening Asset editor for Blueprint /Game/ThirdPersonBP/Maps/Isaac_levels/Blueprints/ThirdPersonCharacter.ThirdPersonCharacter
[2018.12.10-04.24.49:276][898]LogSlate: Window 'ThirdPersonCharacter' being destroyed
[2018.12.10-04.24.49:279][898]LogSlate: Window 'ThirdPersonCharacter' being destroyed
[2018.12.10-04.25.03:609][572]LogSavePackage: Moving '../../../../../../Users/igarpendal/Documents/GitHub/GPG210-Prototypes/PlatformerPrototype/Saved/AI_patrol6B7D2B7C4FCB76F50E0981BB14B6601F.tmp' to '../../../../../../Users/igarpendal/Documents/GitHub/GPG210-Prototypes/PlatformerPrototype/Content/ThirdPersonBP/Maps/Isaac_levels/Blueprints/AI_patrol.uasset'
[2018.12.10-04.25.03:614][572]LogMetaData: Removing '/Game/ThirdPersonBP/Maps/Isaac_levels/Blueprints/AI_patrol.AI_patrol_C' ref from Metadata '/Game/ThirdPersonBP/Maps/Isaac_levels/Blueprints/ThirdPersonCharacter.PackageMetaData'
[2018.12.10-04.25.03:614][572]LogMetaData: Removing '/Game/ThirdPersonBP/Maps/Isaac_levels/Blueprints/AI_patrol.AI_patrol:Respawn.K2Node_FunctionEntry_240' ref from Metadata '/Game/ThirdPersonBP/Maps/Isaac_levels/Blueprints/ThirdPersonCharacter.PackageMetaData'
[2018.12.10-04.25.03:614][572]LogMetaData: Removing '/Game/ThirdPersonBP/Maps/Isaac_levels/Blueprints/AI_patrol.SKEL_AI_patrol_C' ref from Metadata '/Game/ThirdPersonBP/Maps/Isaac_levels/Blueprints/ThirdPersonCharacter.PackageMetaData'
[2018.12.10-04.25.03:670][572]LogSavePackage: Moving '../../../../../../Users/igarpendal/Documents/GitHub/GPG210-Prototypes/PlatformerPrototype/Saved/AI_patrolA62CD072447C4CC164FC4A8ECFC7ACCF.tmp' to '../../../../../../Users/igarpendal/Documents/GitHub/GPG210-Prototypes/PlatformerPrototype/Content/ThirdPersonBP/Maps/Isaac_levels/Blueprints/AI_patrol.uasset'
[2018.12.10-04.25.03:694][572]LogSavePackage: Moving '../../../../../../Users/igarpendal/Documents/GitHub/GPG210-Prototypes/PlatformerPrototype/Saved/ThirdPersonCharacter1B333ADA48A8D15D639FA4BDEAF6BDAB.tmp' to '../../../../../../Users/igarpendal/Documents/GitHub/GPG210-Prototypes/PlatformerPrototype/Content/ThirdPersonBP/Maps/Isaac_levels/Blueprints/ThirdPersonCharacter.uasset'
[2018.12.10-04.25.15:341][748]LogAIModule: Creating AISystem for world New_Level_2
[2018.12.10-04.25.15:393][748]LogAssetEditorManager: Opening Asset editor for World /Game/ThirdPersonBP/Maps/Thomas_List_Levels/New_Level_2.New_Level_2
[2018.12.10-04.25.15:421][748]LightingResults: New page: Lighting Build
[2018.12.10-04.25.15:421][748]LoadErrors: New page: Loading map: New_Level_2.umap
[2018.12.10-04.25.15:422][748]MapCheck: New page: Map Check
[2018.12.10-04.25.15:422][748]LightingResults: New page: Lighting Build
[2018.12.10-04.25.15:480][748]LogEditorServer: Finished looking for orphan Actors (0.000 secs)
[2018.12.10-04.25.15:543][748]Cmd: MAP CHECKDEP NOCLEARLOG
[2018.12.10-04.25.15:632][748]MapCheck: Map check complete: 0 Error(s), 0 Warning(s), took 89.754ms to complete.
[2018.12.10-04.25.15:635][748]LogFileHelpers: Loading map 'New_Level_2' took 0.215
[2018.12.10-04.25.17:361][924]LogTemp: Repeating last play command: Selected Viewport
[2018.12.10-04.25.17:389][924]LogPlayLevel: PlayLevel: No blueprints needed recompiling
[2018.12.10-04.25.17:401][924]PIE: New page: PIE session: New_Level_2 (11 Dec 2018 2:25:17 am)
[2018.12.10-04.25.17:401][924]LogPlayLevel: Creating play world package: /Game/ThirdPersonBP/Maps/Thomas_List_Levels/UEDPIE_0_New_Level_2
[2018.12.10-04.25.17:414][924]LogPlayLevel: PIE: StaticDuplicateObject took: (0.012222s)
[2018.12.10-04.25.17:414][924]LogAIModule: Creating AISystem for world New_Level_2
[2018.12.10-04.25.17:415][924]LogPlayLevel: PIE: World Init took: (0.000997s)
[2018.12.10-04.25.17:415][924]LogPlayLevel: PIE: Created PIE world by copying editor world from /Game/ThirdPersonBP/Maps/Thomas_List_Levels/New_Level_2.New_Level_2 to /Game/ThirdPersonBP/Maps/Thomas_List_Levels/UEDPIE_0_New_Level_2.New_Level_2 (0.013443s)
[2018.12.10-04.25.17:443][924]LogInit: XAudio2 using 'Realtek Digital Output(Optical) (Realtek High Definition Audio)' : 2 channels at 48 kHz using 16 bits per sample (channel mask 0x3)
[2018.12.10-04.25.17:452][924]LogInit: FAudioDevice initialized.
[2018.12.10-04.25.17:531][924]LogLoad: Game class is 'ThirdPersonGameMode_C'
[2018.12.10-04.25.17:538][924]LogWorld: Bringing World /Game/ThirdPersonBP/Maps/Thomas_List_Levels/UEDPIE_0_New_Level_2.New_Level_2 up for play (max tick rate 0) at 2018.12.10-15.25.17
[2018.12.10-04.25.17:539][924]LogWorld: Bringing up level for play took: 0.006143
[2018.12.10-04.25.17:554][924]LogContentBrowser: Native class hierarchy updated for 'MovieSceneCapture' in 0.0002 seconds. Added 10 classes and 0 folders.
[2018.12.10-04.25.17:557][924]PIE: Play in editor start time for /Game/ThirdPersonBP/Maps/Thomas_List_Levels/UEDPIE_0_New_Level_2 -0.267
[2018.12.10-04.25.18:778][  1]LogNet: Browse: /Game/ThirdPersonBP/Maps/Thomas_List_Levels/New_Level_2
[2018.12.10-04.25.18:793][  1]LogLoad: LoadMap: /Game/ThirdPersonBP/Maps/Thomas_List_Levels/New_Level_2
[2018.12.10-04.25.18:822][  1]LogPlayLevel: Creating play world package: /Game/ThirdPersonBP/Maps/Thomas_List_Levels/UEDPIE_0_New_Level_2
[2018.12.10-04.25.18:834][  1]LogPlayLevel: PIE: StaticDuplicateObject took: (0.012247s)
[2018.12.10-04.25.18:835][  1]LogAIModule: Creating AISystem for world New_Level_2
[2018.12.10-04.25.18:835][  1]LogPlayLevel: PIE: World Init took: (0.000769s)
[2018.12.10-04.25.18:835][  1]LogPlayLevel: PIE: Created PIE world by copying editor world from /Game/ThirdPersonBP/Maps/Thomas_List_Levels/New_Level_2.New_Level_2 to /Game/ThirdPersonBP/Maps/Thomas_List_Levels/UEDPIE_0_New_Level_2.New_Level_2 (0.013170s)
[2018.12.10-04.25.18:835][  1]LogLoad: Game class is 'ThirdPersonGameMode_C'
[2018.12.10-04.25.18:841][  1]LogWorld: Bringing World /Game/ThirdPersonBP/Maps/Thomas_List_Levels/UEDPIE_0_New_Level_2.New_Level_2 up for play (max tick rate 0) at 2018.12.10-15.25.18
[2018.12.10-04.25.18:842][  1]LogWorld: Bringing up level for play took: 0.005363
[2018.12.10-04.25.18:844][  1]LogLoad: Took 0.050560 seconds to LoadMap(/Game/ThirdPersonBP/Maps/Thomas_List_Levels/UEDPIE_0_New_Level_2)
[2018.12.10-04.25.20:593][112]LogBlueprintUserMessages: [ThirdPersonCharacter_C_0] 10
[2018.12.10-04.25.20:593][112]LogBlueprintUserMessages: [BP_Coin8] Got Coin
[2018.12.10-04.25.23:921][305]LogBlueprintUserMessages: [ThirdPersonCharacter_C_0] 20
[2018.12.10-04.25.23:921][305]LogBlueprintUserMessages: [BP_Coin10] Got Coin
[2018.12.10-04.25.25:137][378]LogBlueprintUserMessages: [ThirdPersonCharacter_C_0] 30
[2018.12.10-04.25.25:137][378]LogBlueprintUserMessages: [BP_MovingCoin4_11] Got Coin
[2018.12.10-04.25.26:138][434]LogBlueprintUserMessages: [BP_HighJump_3] High Jump Start
[2018.12.10-04.25.26:873][476]LogBlueprintUserMessages: [ThirdPersonCharacter_C_0] 40
[2018.12.10-04.25.26:873][476]LogBlueprintUserMessages: [BP_Coin2] Got Coin
[2018.12.10-04.25.28:089][546]LogBlueprintUserMessages: [ThirdPersonCharacter_C_0] 50
[2018.12.10-04.25.28:089][546]LogBlueprintUserMessages: [BP_Coin6] Got Coin
[2018.12.10-04.25.28:308][559]LogBlueprintUserMessages: [ThirdPersonCharacter_C_0] 60
[2018.12.10-04.25.28:308][559]LogBlueprintUserMessages: [BP_Coin5] Got Coin
[2018.12.10-04.25.29:508][626]LogBlueprintUserMessages: [ThirdPersonCharacter_C_0] 70
[2018.12.10-04.25.29:508][626]LogBlueprintUserMessages: [BP_Coin17] Got Coin
[2018.12.10-04.25.32:454][797]LogBlueprintUserMessages: [ThirdPersonCharacter_C_0] 80
[2018.12.10-04.25.32:454][797]LogBlueprintUserMessages: [BP_Coin21] Got Coin
[2018.12.10-04.25.34:838][963]LogNet: Browse: /Game/ThirdPersonBP/Maps/Thomas_List_Levels/New_Level_2
[2018.12.10-04.25.34:853][963]LogLoad: LoadMap: /Game/ThirdPersonBP/Maps/Thomas_List_Levels/New_Level_2
[2018.12.10-04.25.34:883][963]LogPlayLevel: Creating play world package: /Game/ThirdPersonBP/Maps/Thomas_List_Levels/UEDPIE_0_New_Level_2
[2018.12.10-04.25.34:894][963]LogPlayLevel: PIE: StaticDuplicateObject took: (0.011118s)
[2018.12.10-04.25.34:895][963]LogAIModule: Creating AISystem for world New_Level_2
[2018.12.10-04.25.34:895][963]LogPlayLevel: PIE: World Init took: (0.000860s)
[2018.12.10-04.25.34:895][963]LogPlayLevel: PIE: Created PIE world by copying editor world from /Game/ThirdPersonBP/Maps/Thomas_List_Levels/New_Level_2.New_Level_2 to /Game/ThirdPersonBP/Maps/Thomas_List_Levels/UEDPIE_0_New_Level_2.New_Level_2 (0.012145s)
[2018.12.10-04.25.34:895][963]LogLoad: Game class is 'ThirdPersonGameMode_C'
[2018.12.10-04.25.34:901][963]LogWorld: Bringing World /Game/ThirdPersonBP/Maps/Thomas_List_Levels/UEDPIE_0_New_Level_2.New_Level_2 up for play (max tick rate 0) at 2018.12.10-15.25.34
[2018.12.10-04.25.34:902][963]LogWorld: Bringing up level for play took: 0.005105
[2018.12.10-04.25.34:904][963]LogLoad: Took 0.050576 seconds to LoadMap(/Game/ThirdPersonBP/Maps/Thomas_List_Levels/UEDPIE_0_New_Level_2)
[2018.12.10-04.25.37:680][138]LogBlueprintUserMessages: [ThirdPersonCharacter_C_0] 10
[2018.12.10-04.25.37:680][138]LogBlueprintUserMessages: [BP_Coin8] Got Coin
[2018.12.10-04.25.38:712][197]LogBlueprintUserMessages: [ThirdPersonCharacter_C_0] 20
[2018.12.10-04.25.38:712][197]LogBlueprintUserMessages: [BP_MovingCoin3_8] Got Coin
[2018.12.10-04.25.39:920][268]LogBlueprintUserMessages: [ThirdPersonCharacter_C_0] 30
[2018.12.10-04.25.39:920][268]LogBlueprintUserMessages: [BP_Coin10] Got Coin
[2018.12.10-04.25.40:949][329]LogBlueprintUserMessages: [ThirdPersonCharacter_C_0] 40
[2018.12.10-04.25.40:949][329]LogBlueprintUserMessages: [BP_MovingCoin4_11] Got Coin
[2018.12.10-04.25.41:816][376]LogBlueprintUserMessages: [BP_HighJump_3] High Jump Start
[2018.12.10-04.25.42:527][415]LogBlueprintUserMessages: [ThirdPersonCharacter_C_0] 50
[2018.12.10-04.25.42:527][415]LogBlueprintUserMessages: [BP_Coin2] Got Coin
[2018.12.10-04.25.43:651][476]LogBlueprintUserMessages: [ThirdPersonCharacter_C_0] 60
[2018.12.10-04.25.43:652][476]LogBlueprintUserMessages: [BP_Coin6] Got Coin
[2018.12.10-04.25.43:956][493]LogBlueprintUserMessages: [ThirdPersonCharacter_C_0] 70
[2018.12.10-04.25.43:957][493]LogBlueprintUserMessages: [BP_Coin5] Got Coin
[2018.12.10-04.25.45:088][557]LogBlueprintUserMessages: [ThirdPersonCharacter_C_0] 80
[2018.12.10-04.25.45:088][557]LogBlueprintUserMessages: [BP_Coin17] Got Coin
[2018.12.10-04.25.48:138][735]LogBlueprintUserMessages: [ThirdPersonCharacter_C_0] 90
[2018.12.10-04.25.48:138][735]LogBlueprintUserMessages: [BP_Coin22] Got Coin
[2018.12.10-04.25.48:727][777]LogNet: Browse: /Game/ThirdPersonBP/Maps/Thomas_List_Levels/New_Level_2
[2018.12.10-04.25.48:741][777]LogLoad: LoadMap: /Game/ThirdPersonBP/Maps/Thomas_List_Levels/New_Level_2
[2018.12.10-04.25.48:779][777]LogPlayLevel: Creating play world package: /Game/ThirdPersonBP/Maps/Thomas_List_Levels/UEDPIE_0_New_Level_2
[2018.12.10-04.25.48:790][777]LogPlayLevel: PIE: StaticDuplicateObject took: (0.011015s)
[2018.12.10-04.25.48:791][777]LogAIModule: Creating AISystem for world New_Level_2
[2018.12.10-04.25.48:791][777]LogPlayLevel: PIE: World Init took: (0.000930s)
[2018.12.10-04.25.48:791][777]LogPlayLevel: PIE: Created PIE world by copying editor world from /Game/ThirdPersonBP/Maps/Thomas_List_Levels/New_Level_2.New_Level_2 to /Game/ThirdPersonBP/Maps/Thomas_List_Levels/UEDPIE_0_New_Level_2.New_Level_2 (0.012132s)
[2018.12.10-04.25.48:791][777]LogLoad: Game class is 'ThirdPersonGameMode_C'
[2018.12.10-04.25.48:797][777]LogWorld: Bringing World /Game/ThirdPersonBP/Maps/Thomas_List_Levels/UEDPIE_0_New_Level_2.New_Level_2 up for play (max tick rate 0) at 2018.12.10-15.25.48
[2018.12.10-04.25.48:798][777]LogWorld: Bringing up level for play took: 0.005274
[2018.12.10-04.25.48:800][777]LogLoad: Took 0.059162 seconds to LoadMap(/Game/ThirdPersonBP/Maps/Thomas_List_Levels/UEDPIE_0_New_Level_2)
[2018.12.10-04.25.50:653][896]LogBlueprintUserMessages: [ThirdPersonCharacter_C_0] 10
[2018.12.10-04.25.50:654][896]LogBlueprintUserMessages: [BP_Coin8] Got Coin
[2018.12.10-04.25.52:582][  7]LogBlueprintUserMessages: [ThirdPersonCharacter_C_0] 20
[2018.12.10-04.25.52:582][  7]LogBlueprintUserMessages: [BP_Coin10] Got Coin
[2018.12.10-04.26.02:851][789]LogBlueprintUserMessages: [ThirdPersonCharacter_C_0] 30
[2018.12.10-04.26.02:851][789]LogBlueprintUserMessages: [BP_Coin7_12] Got Coin
[2018.12.10-04.26.06:679][ 44]LogBlueprintUserMessages: [BP_HighJump_3] High Jump Start
[2018.12.10-04.26.07:490][ 88]LogBlueprintUserMessages: [ThirdPersonCharacter_C_0] 40
[2018.12.10-04.26.07:490][ 88]LogBlueprintUserMessages: [BP_Coin2] Got Coin
[2018.12.10-04.26.08:667][151]LogBlueprintUserMessages: [ThirdPersonCharacter_C_0] 50
[2018.12.10-04.26.08:668][151]LogBlueprintUserMessages: [BP_Coin6] Got Coin
[2018.12.10-04.26.08:941][166]LogBlueprintUserMessages: [ThirdPersonCharacter_C_0] 60
[2018.12.10-04.26.08:941][166]LogBlueprintUserMessages: [BP_Coin5] Got Coin
[2018.12.10-04.26.10:145][234]LogBlueprintUserMessages: [ThirdPersonCharacter_C_0] 70
[2018.12.10-04.26.10:145][234]LogBlueprintUserMessages: [BP_Coin17] Got Coin
[2018.12.10-04.26.15:429][542]LogNet: Browse: /Game/ThirdPersonBP/Maps/Thomas_List_Levels/New_Level_2
[2018.12.10-04.26.15:443][542]LogLoad: LoadMap: /Game/ThirdPersonBP/Maps/Thomas_List_Levels/New_Level_2
[2018.12.10-04.26.15:483][542]LogPlayLevel: Creating play world package: /Game/ThirdPersonBP/Maps/Thomas_List_Levels/UEDPIE_0_New_Level_2
[2018.12.10-04.26.15:496][542]LogPlayLevel: PIE: StaticDuplicateObject took: (0.012747s)
[2018.12.10-04.26.15:496][542]LogAIModule: Creating AISystem for world New_Level_2
[2018.12.10-04.26.15:496][542]LogPlayLevel: PIE: World Init took: (0.000584s)
[2018.12.10-04.26.15:496][542]LogPlayLevel: PIE: Created PIE world by copying editor world from /Game/ThirdPersonBP/Maps/Thomas_List_Levels/New_Level_2.New_Level_2 to /Game/ThirdPersonBP/Maps/Thomas_List_Levels/UEDPIE_0_New_Level_2.New_Level_2 (0.013502s)
[2018.12.10-04.26.15:496][542]LogLoad: Game class is 'ThirdPersonGameMode_C'
[2018.12.10-04.26.15:502][542]LogWorld: Bringing World /Game/ThirdPersonBP/Maps/Thomas_List_Levels/UEDPIE_0_New_Level_2.New_Level_2 up for play (max tick rate 0) at 2018.12.10-15.26.15
[2018.12.10-04.26.15:502][542]LogWorld: Bringing up level for play took: 0.005004
[2018.12.10-04.26.15:504][542]LogLoad: Took 0.061295 seconds to LoadMap(/Game/ThirdPersonBP/Maps/Thomas_List_Levels/UEDPIE_0_New_Level_2)
[2018.12.10-04.26.18:308][719]LogBlueprintUserMessages: [ThirdPersonCharacter_C_0] 10
[2018.12.10-04.26.18:308][719]LogBlueprintUserMessages: [BP_Coin8] Got Coin
[2018.12.10-04.26.19:161][768]LogBlueprintUserMessages: [ThirdPersonCharacter_C_0] 20
[2018.12.10-04.26.19:161][768]LogBlueprintUserMessages: [BP_MovingCoin3_8] Got Coin
[2018.12.10-04.26.36:701][198]LogBlueprintUserMessages: [ThirdPersonCharacter_C_0] 30
[2018.12.10-04.26.36:701][198]LogBlueprintUserMessages: [BP_Coin10] Got Coin
[2018.12.10-04.26.37:279][234]LogBlueprintUserMessages: [ThirdPersonCharacter_C_0] 40
[2018.12.10-04.26.37:279][234]LogBlueprintUserMessages: [BP_MovingCoin4_11] Got Coin
[2018.12.10-04.26.37:771][264]LogBlueprintUserMessages: [ThirdPersonCharacter_C_0] 50
[2018.12.10-04.26.37:771][264]LogBlueprintUserMessages: [BP_Coin_2] Got Coin
[2018.12.10-04.26.38:619][317]LogBlueprintUserMessages: [BP_HighJump_3] High Jump Start
[2018.12.10-04.26.39:377][364]LogBlueprintUserMessages: [ThirdPersonCharacter_C_0] 60
[2018.12.10-04.26.39:377][364]LogBlueprintUserMessages: [BP_Coin2] Got Coin
[2018.12.10-04.26.40:532][431]LogBlueprintUserMessages: [ThirdPersonCharacter_C_0] 70
[2018.12.10-04.26.40:532][431]LogBlueprintUserMessages: [BP_Coin6] Got Coin
[2018.12.10-04.26.44:063][666]LogBlueprintUserMessages: [ThirdPersonCharacter_C_0] 80
[2018.12.10-04.26.44:063][666]LogBlueprintUserMessages: [BP_Coin15] Got Coin
[2018.12.10-04.26.44:766][708]LogBlueprintUserMessages: [ThirdPersonCharacter_C_0] 90
[2018.12.10-04.26.44:766][708]LogBlueprintUserMessages: [BP_Coin14] Got Coin
[2018.12.10-04.26.45:478][750]LogBlueprintUserMessages: [ThirdPersonCharacter_C_0] 100
[2018.12.10-04.26.45:478][750]LogBlueprintUserMessages: [BP_Coin13_20] Got Coin
[2018.12.10-04.26.49:602][ 17]LogBlueprintUserMessages: [ThirdPersonCharacter_C_0] High Jump end
[2018.12.10-04.26.54:720][506]LogBlueprintUserMessages: [ThirdPersonCharacter_C_0] 110
[2018.12.10-04.26.54:720][506]LogBlueprintUserMessages: [BP_MovingCoin5_14] Got Coin
[2018.12.10-04.26.56:983][643]LogBlueprintUserMessages: [ThirdPersonCharacter_C_0] 120
[2018.12.10-04.26.56:984][643]LogBlueprintUserMessages: [BP_MovingCoin_2] Got Coin
[2018.12.10-04.26.57:925][705]LogBlueprintUserMessages: [ThirdPersonCharacter_C_0] High Jump end
[2018.12.10-04.26.59:293][792]LogBlueprintUserMessages: [ThirdPersonCharacter_C_0] 130
[2018.12.10-04.26.59:293][792]LogBlueprintUserMessages: [BP_Coin19] Got Coin
[2018.12.10-04.27.01:673][953]LogBlueprintUserMessages: [ThirdPersonCharacter_C_0] 140
[2018.12.10-04.27.01:673][953]LogBlueprintUserMessages: [BP_MovingCoin2_5] Got Coin
[2018.12.10-04.27.05:098][220]LogBlueprintUserMessages: [ThirdPersonCharacter_C_0] 150
[2018.12.10-04.27.05:098][220]LogBlueprintUserMessages: [BP_Coin21] Got Coin
[2018.12.10-04.27.05:587][262]LogNet: Browse: /Game/ThirdPersonBP/Maps/Thomas_List_Levels/New_Level_2
[2018.12.10-04.27.05:599][262]LogLoad: LoadMap: /Game/ThirdPersonBP/Maps/Thomas_List_Levels/New_Level_2
[2018.12.10-04.27.05:626][262]LogPlayLevel: Creating play world package: /Game/ThirdPersonBP/Maps/Thomas_List_Levels/UEDPIE_0_New_Level_2
[2018.12.10-04.27.05:638][262]LogPlayLevel: PIE: StaticDuplicateObject took: (0.011856s)
[2018.12.10-04.27.05:639][262]LogAIModule: Creating AISystem for world New_Level_2
[2018.12.10-04.27.05:639][262]LogPlayLevel: PIE: World Init took: (0.001162s)
[2018.12.10-04.27.05:639][262]LogPlayLevel: PIE: Created PIE world by copying editor world from /Game/ThirdPersonBP/Maps/Thomas_List_Levels/New_Level_2.New_Level_2 to /Game/ThirdPersonBP/Maps/Thomas_List_Levels/UEDPIE_0_New_Level_2.New_Level_2 (0.013186s)
[2018.12.10-04.27.05:639][262]LogLoad: Game class is 'ThirdPersonGameMode_C'
[2018.12.10-04.27.05:645][262]LogWorld: Bringing World /Game/ThirdPersonBP/Maps/Thomas_List_Levels/UEDPIE_0_New_Level_2.New_Level_2 up for play (max tick rate 0) at 2018.12.10-15.27.05
[2018.12.10-04.27.05:645][262]LogWorld: Bringing up level for play took: 0.005440
[2018.12.10-04.27.05:647][262]LogLoad: Took 0.049829 seconds to LoadMap(/Game/ThirdPersonBP/Maps/Thomas_List_Levels/UEDPIE_0_New_Level_2)
[2018.12.10-04.27.07:295][367]LogBlueprintUserMessages: [ThirdPersonCharacter_C_0] 10
[2018.12.10-04.27.07:295][367]LogBlueprintUserMessages: [BP_Coin8] Got Coin
[2018.12.10-04.27.07:926][404]LogSlate: Updating window title bar state: overlay mode, drag disabled, window buttons hidden, title bar hidden
[2018.12.10-04.27.07:982][404]LogPlayLevel: Display: Shutting down PIE online subsystems
[2018.12.10-04.27.08:033][404]LogSlate: Updating window title bar state: overlay mode, drag disabled, window buttons hidden, title bar hidden
[2018.12.10-04.27.08:066][405]LogPlayLevel: Display: Destroying online subsystem :Context_7
[2018.12.10-04.27.11:129][765]LogSlate: FSceneViewport::OnFocusLost() reason 0
[2018.12.10-04.27.13:195][  8]LogAssetEditorManager: Opening Asset editor for Blueprint /Game/ThirdPersonBP/Maps/Isaac_levels/Blueprints/AI_patrol.AI_patrol
[2018.12.10-04.27.30:908][691]LogSlate: Window 'AI_patrol' being destroyed
[2018.12.10-04.27.30:912][691]LogSlate: Window 'AI_patrol' being destroyed
[2018.12.10-04.27.31:690][757]LogSlate: Window 'PlatformerPrototype - Unreal Editor' being destroyed
[2018.12.10-04.27.31:692][757]LogWindowsTextInputMethodSystem: Display: IME system now deactivated.
[2018.12.10-04.27.31:908][758]Cmd: QUIT_EDITOR
[2018.12.10-04.27.32:556][758]LogExit: Preparing to exit.
[2018.12.10-04.27.33:544][758]LogExit: Editor shut down
[2018.12.10-04.27.33:545][758]LogExit: Transaction tracking system shut down
[2018.12.10-04.27.33:962][758]LogExit: Object subsystem successfully closed.
[2018.12.10-04.27.33:982][758]LogShaderCompilers: Display: Shaders left to compile 0
[2018.12.10-04.27.33:986][758]LogD3D11RHI: Shutdown
[2018.12.10-04.27.33:986][758]LogD3D11RHI: CleanupD3DDevice
[2018.12.10-04.27.33:987][758]LogD3D11RHI: ~FD3D11DynamicRHI
[2018.12.10-04.27.34:001][758]LogModuleManager: Shutting down and abandoning module MovieSceneCapture (634)
[2018.12.10-04.27.34:001][758]LogModuleManager: Shutting down and abandoning module Voice (632)
[2018.12.10-04.27.34:001][758]LogModuleManager: Shutting down and abandoning module BlueprintGraph (630)
[2018.12.10-04.27.34:001][758]LogModuleManager: Shutting down and abandoning module HierarchicalLODOutliner (628)
[2018.12.10-04.27.34:001][758]LogModuleManager: Shutting down and abandoning module SceneOutliner (626)
[2018.12.10-04.27.34:001][758]LogModuleManager: Shutting down and abandoning module AddContentDialog (624)
[2018.12.10-04.27.34:001][758]LogModuleManager: Shutting down and abandoning module WidgetCarousel (623)
[2018.12.10-04.27.34:001][758]LogModuleManager: Shutting down and abandoning module EditorWidgets (620)
[2018.12.10-04.27.34:001][758]LogModuleManager: Shutting down and abandoning module CollectionManager (618)
[2018.12.10-04.27.34:001][758]LogModuleManager: Shutting down and abandoning module StatsViewer (616)
[2018.12.10-04.27.34:001][758]LogModuleManager: Shutting down and abandoning module FoliageEdit (614)
[2018.12.10-04.27.34:001][758]LogModuleManager: Shutting down and abandoning module LandscapeEditor (612)
[2018.12.10-04.27.34:001][758]LogModuleManager: Shutting down and abandoning module MeshPaintMode (610)
[2018.12.10-04.27.34:001][758]LogModuleManager: Shutting down and abandoning module SceneDepthPickerMode (608)
[2018.12.10-04.27.34:001][758]LogModuleManager: Shutting down and abandoning module ActorPickerMode (606)
[2018.12.10-04.27.34:001][758]LogModuleManager: Shutting down and abandoning module GeometryMode (604)
[2018.12.10-04.27.34:001][758]LogModuleManager: Shutting down and abandoning module TextureAlignMode (602)
[2018.12.10-04.27.34:001][758]LogModuleManager: Shutting down and abandoning module BspMode (600)
[2018.12.10-04.27.34:001][758]LogModuleManager: Shutting down and abandoning module PIEPreviewDeviceProfileSelector (598)
[2018.12.10-04.27.34:001][758]LogModuleManager: Shutting down and abandoning module SequenceRecorderSections (596)
[2018.12.10-04.27.34:001][758]LogModuleManager: Shutting down and abandoning module AutomationWorker (594)
[2018.12.10-04.27.34:001][758]LogModuleManager: Shutting down and abandoning module DatasmithFBXImporter (592)
[2018.12.10-04.27.34:001][758]LogModuleManager: Shutting down and abandoning module DatasmithDeltaGenImporter (590)
[2018.12.10-04.27.34:001][758]LogModuleManager: Shutting down and abandoning module DatasmithVREDImporter (588)
[2018.12.10-04.27.34:001][758]LogModuleManager: Shutting down and abandoning module AudioCaptureEditor (586)
[2018.12.10-04.27.34:002][758]LogModuleManager: Shutting down and abandoning module SequenceRecorder (585)
[2018.12.10-04.27.34:002][758]LogModuleManager: Shutting down and abandoning module MatineeToLevelSequence (582)
[2018.12.10-04.27.34:002][758]LogModuleManager: Shutting down and abandoning module LevelSequenceEditor (580)
[2018.12.10-04.27.34:002][758]LogModuleManager: Shutting down and abandoning module PlacementMode (579)
[2018.12.10-04.27.34:002][758]LogModuleManager: Shutting down and abandoning module MaterialEditor (578)
[2018.12.10-04.27.34:002][758]LogModuleManager: Shutting down and abandoning module WmfMediaFactory (574)
[2018.12.10-04.27.34:002][758]LogModuleManager: Shutting down and abandoning module WmfMediaEditor (572)
[2018.12.10-04.27.34:002][758]LogModuleManager: Shutting down and abandoning module MediaPlayerEditor (570)
[2018.12.10-04.27.34:002][758]LogModuleManager: Shutting down and abandoning module OpenExrWrapper (568)
[2018.12.10-04.27.34:002][758]LogModuleManager: Shutting down and abandoning module ImgMediaFactory (566)
[2018.12.10-04.27.34:002][758]LogModuleManager: Shutting down and abandoning module ImgMediaEditor (564)
[2018.12.10-04.27.34:002][758]LogModuleManager: Shutting down and abandoning module AvfMediaFactory (562)
[2018.12.10-04.27.34:002][758]LogModuleManager: Shutting down and abandoning module AvfMediaEditor (560)
[2018.12.10-04.27.34:002][758]LogModuleManager: Shutting down and abandoning module AndroidMediaFactory (558)
[2018.12.10-04.27.34:002][758]LogModuleManager: Shutting down and abandoning module AndroidMediaEditor (556)
[2018.12.10-04.27.34:002][758]LogModuleManager: Shutting down and abandoning module MagicLeapCameraPreviewFactory (554)
[2018.12.10-04.27.34:002][758]LogModuleManager: Shutting down and abandoning module MagicLeapMediaFactory (552)
[2018.12.10-04.27.34:002][758]LogModuleManager: Shutting down and abandoning module MagicLeapMediaEditor (550)
[2018.12.10-04.27.34:002][758]LogModuleManager: Shutting down and abandoning module CharacterAI (548)
[2018.12.10-04.27.34:002][758]LogModuleManager: Shutting down and abandoning module SmartSnapping (546)
[2018.12.10-04.27.34:002][758]LogModuleManager: Shutting down and abandoning module SessionServices (544)
[2018.12.10-04.27.34:002][758]LogModuleManager: Shutting down and abandoning module ViewportSnapping (542)
[2018.12.10-04.27.34:002][758]LogModuleManager: Shutting down and abandoning module ViewportInteraction (540)
[2018.12.10-04.27.34:002][758]LogModuleManager: Shutting down and abandoning module ClothPainter (538)
[2018.12.10-04.27.34:002][758]LogModuleManager: Shutting down and abandoning module SkeletalMeshEditor (537)
[2018.12.10-04.27.34:002][758]LogModuleManager: Shutting down and abandoning module LogVisualizer (534)
[2018.12.10-04.27.34:002][758]LogModuleManager: Shutting down and abandoning module IntroTutorials (532)
[2018.12.10-04.27.34:002][758]LogModuleManager: Shutting down and abandoning module GameProjectGeneration (531)
[2018.12.10-04.27.34:002][758]LogModuleManager: Shutting down and abandoning module LuminPlatformEditor (528)
[2018.12.10-04.27.34:002][758]LogModuleManager: Shutting down and abandoning module IOSPlatformEditor (526)
[2018.12.10-04.27.34:002][758]LogModuleManager: Shutting down and abandoning module HTML5PlatformEditor (524)
[2018.12.10-04.27.34:002][758]LogModuleManager: Shutting down and abandoning module AndroidPlatformEditor (522)
[2018.12.10-04.27.34:002][758]LogModuleManager: Shutting down and abandoning module AndroidDeviceDetection (521)
[2018.12.10-04.27.34:332][758]LogModuleManager: Shutting down and abandoning module WindowsPlatformEditor (518)
[2018.12.10-04.27.34:332][758]LogModuleManager: Shutting down and abandoning module LuminRuntimeSettings (516)
[2018.12.10-04.27.34:332][758]LogModuleManager: Shutting down and abandoning module IOSRuntimeSettings (514)
[2018.12.10-04.27.34:332][758]LogModuleManager: Shutting down and abandoning module AndroidRuntimeSettings (512)
[2018.12.10-04.27.34:332][758]LogModuleManager: Shutting down and abandoning module InputBindingEditor (510)
[2018.12.10-04.27.34:332][758]LogModuleManager: Shutting down and abandoning module MergeActors (508)
[2018.12.10-04.27.34:332][758]LogModuleManager: Shutting down and abandoning module LocalizationDashboard (506)
[2018.12.10-04.27.34:333][758]LogModuleManager: Shutting down and abandoning module LocalizationService (505)
[2018.12.10-04.27.34:333][758]LogModuleManager: Shutting down and abandoning module HardwareTargeting (502)
[2018.12.10-04.27.34:333][758]LogModuleManager: Shutting down and abandoning module DeviceProfileEditor (500)
[2018.12.10-04.27.34:333][758]LogModuleManager: Shutting down and abandoning module UndoHistory (498)
[2018.12.10-04.27.34:333][758]LogModuleManager: Shutting down and abandoning module XmlParser (496)
[2018.12.10-04.27.34:333][758]LogModuleManager: Shutting down and abandoning module Blutility (494)
[2018.12.10-04.27.34:333][758]LogModuleManager: Shutting down and abandoning module ProjectSettingsViewer (492)
[2018.12.10-04.27.34:333][758]LogModuleManager: Shutting down and abandoning module ProjectTargetPlatformEditor (491)
[2018.12.10-04.27.34:333][758]LogModuleManager: Shutting down and abandoning module EditorSettingsViewer (488)
[2018.12.10-04.27.34:334][758]LogModuleManager: Shutting down and abandoning module SettingsEditor (486)
[2018.12.10-04.27.34:334][758]LogModuleManager: Shutting down and abandoning module ProjectLauncher (484)
[2018.12.10-04.27.34:334][758]LogModuleManager: Shutting down and abandoning module SessionFrontend (482)
[2018.12.10-04.27.34:334][758]LogModuleManager: Shutting down and abandoning module ProfilerClient (480)
[2018.12.10-04.27.34:334][758]LogModuleManager: Shutting down and abandoning module DeviceManager (478)
[2018.12.10-04.27.34:334][758]LogModuleManager: Shutting down and abandoning module TargetDeviceServices (477)
[2018.12.10-04.27.34:397][758]LogModuleManager: Shutting down and abandoning module AutomationController (474)
[2018.12.10-04.27.34:397][758]LogModuleManager: Shutting down and abandoning module AutomationWindow (472)
[2018.12.10-04.27.34:397][758]LogModuleManager: Shutting down and abandoning module Layers (470)
[2018.12.10-04.27.34:397][758]LogModuleManager: Shutting down and abandoning module ComponentVisualizers (468)
[2018.12.10-04.27.34:397][758]LogModuleManager: Shutting down and abandoning module DetailCustomizations (466)
[2018.12.10-04.27.34:397][758]LogModuleManager: Shutting down and abandoning module PackagesDialog (464)
[2018.12.10-04.27.34:398][758]LogModuleManager: Shutting down and abandoning module Persona (462)
[2018.12.10-04.27.34:398][758]LogModuleManager: Shutting down and abandoning module AnimGraph (461)
[2018.12.10-04.27.34:398][758]LogModuleManager: Shutting down and abandoning module Kismet (458)
[2018.12.10-04.27.34:412][758]LogModuleManager: Shutting down and abandoning module GraphEditor (456)
[2018.12.10-04.27.34:412][758]LogModuleManager: Shutting down and abandoning module ClassViewer (454)
[2018.12.10-04.27.34:412][758]LogModuleManager: Shutting down and abandoning module Toolbox (452)
[2018.12.10-04.27.34:412][758]LogModuleManager: Shutting down and abandoning module ModuleUI (450)
[2018.12.10-04.27.34:412][758]LogModuleManager: Shutting down and abandoning module MovieSceneTools (448)
[2018.12.10-04.27.34:412][758]LogModuleManager: Shutting down and abandoning module OutputLog (446)
[2018.12.10-04.27.34:412][758]LogModuleManager: Shutting down and abandoning module GammaUI (444)
[2018.12.10-04.27.34:412][758]LogModuleManager: Shutting down and abandoning module Documentation (442)
[2018.12.10-04.27.34:412][758]LogModuleManager: Shutting down and abandoning module MovieSceneTracks (440)
[2018.12.10-04.27.34:413][758]LogModuleManager: Shutting down and abandoning module MovieScene (438)
[2018.12.10-04.27.34:413][758]LogModuleManager: Shutting down and abandoning module StreamingPauseRendering (436)
[2018.12.10-04.27.34:413][758]LogModuleManager: Shutting down and abandoning module LauncherPlatform (434)
[2018.12.10-04.27.34:413][758]LogModuleManager: Shutting down and abandoning module AnalyticsET (432)
[2018.12.10-04.27.34:413][758]LogModuleManager: Shutting down and abandoning module PortalServices (430)
[2018.12.10-04.27.34:413][758]LogModuleManager: Shutting down and abandoning module PortalRpc (428)
[2018.12.10-04.27.34:413][758]LogModuleManager: Shutting down and abandoning module MessagingRpc (426)
[2018.12.10-04.27.34:413][758]LogModuleManager: Shutting down and abandoning module AIModule (424)
[2018.12.10-04.27.34:413][758]LogModuleManager: Shutting down and abandoning module GameplayDebugger (423)
[2018.12.10-04.27.34:413][758]LogModuleManager: Shutting down and abandoning module AITestSuite (421)
[2018.12.10-04.27.34:413][758]LogModuleManager: Shutting down and abandoning module NavigationSystem (419)
[2018.12.10-04.27.34:413][758]LogModuleManager: Shutting down and abandoning module DesktopPlatform (416)
[2018.12.10-04.27.34:413][758]LogModuleManager: Shutting down and abandoning module ProfilerService (414)
[2018.12.10-04.27.34:459][758]LogModuleManager: Shutting down and abandoning module TaskGraph (412)
[2018.12.10-04.27.34:459][758]LogModuleManager: Shutting down and abandoning module DatasmithCADImporter (410)
[2018.12.10-04.27.34:460][758]LogModuleManager: Shutting down and abandoning module StaticMeshEditorExtension (408)
[2018.12.10-04.27.34:460][758]LogModuleManager: Shutting down and abandoning module StaticMeshEditor (407)
[2018.12.10-04.27.34:460][758]LogModuleManager: Shutting down and abandoning module AdvancedPreviewScene (406)
[2018.12.10-04.27.34:460][758]LogModuleManager: Shutting down and abandoning module DatasmithMDLImporter (402)
[2018.12.10-04.27.34:462][758]LogModuleManager: Shutting down and abandoning module DatasmithImporter (400)
[2018.12.10-04.27.34:462][758]LogModuleManager: Shutting down and abandoning module SteamVRController (398)
[2018.12.10-04.27.34:462][758]LogModuleManager: Shutting down and abandoning module ProceduralMeshComponentEditor (396)
[2018.12.10-04.27.34:462][758]LogModuleManager: Shutting down and abandoning module ProceduralMeshComponent (394)
[2018.12.10-04.27.34:462][758]LogModuleManager: Shutting down and abandoning module OculusInput (392)
[2018.12.10-04.27.34:462][758]LogModuleManager: Shutting down and abandoning module MobilePatchingUtils (390)
[2018.12.10-04.27.34:462][758]LogModuleManager: Shutting down and abandoning module EditableMesh (388)
[2018.12.10-04.27.34:462][758]LogModuleManager: Shutting down and abandoning module CustomMeshComponent (386)
[2018.12.10-04.27.34:462][758]LogModuleManager: Shutting down and abandoning module CableComponent (384)
[2018.12.10-04.27.34:462][758]LogModuleManager: Shutting down and abandoning module AudioCapture (382)
[2018.12.10-04.27.34:462][758]LogModuleManager: Shutting down and abandoning module ArchVisCharacter (380)
[2018.12.10-04.27.34:462][758]LogModuleManager: Shutting down and abandoning module AndroidPermission (378)
[2018.12.10-04.27.34:462][758]LogModuleManager: Shutting down and abandoning module NUTUnrealEngine4 (376)
[2018.12.10-04.27.34:462][758]LogModuleManager: Shutting down and abandoning module NetcodeUnitTest (374)
[2018.12.10-04.27.34:462][758]LogModuleManager: Shutting down and abandoning module MediaCompositingEditor (372)
[2018.12.10-04.27.34:462][758]LogModuleManager: Shutting down and abandoning module MediaCompositing (370)
[2018.12.10-04.27.34:462][758]LogModuleManager: Shutting down and abandoning module LinearTimecode (368)
[2018.12.10-04.27.34:463][758]LogModuleManager: Shutting down and abandoning module ImgMedia (366)
[2018.12.10-04.27.34:469][758]LogModuleManager: Shutting down and abandoning module HTML5Networking (364)
[2018.12.10-04.27.34:469][758]LogModuleManager: Shutting down and abandoning module GeometryCacheTracks (362)
[2018.12.10-04.27.34:469][758]LogModuleManager: Shutting down and abandoning module GeometryCacheSequencer (360)
[2018.12.10-04.27.34:469][758]LogModuleManager: Shutting down and abandoning module BackChannel (358)
[2018.12.10-04.27.34:469][758]LogModuleManager: Shutting down and abandoning module AppleVision (356)
[2018.12.10-04.27.34:469][758]LogModuleManager: Shutting down and abandoning module AppleImageUtils (354)
[2018.12.10-04.27.34:469][758]LogModuleManager: Shutting down and abandoning module AlembicImporter (352)
[2018.12.10-04.27.34:469][758]LogModuleManager: Shutting down and abandoning module AlembicLibrary (351)
[2018.12.10-04.27.34:469][758]LogModuleManager: Shutting down and abandoning module GeometryCache (350)
[2018.12.10-04.27.34:469][758]LogModuleManager: Shutting down and abandoning module GeometryCacheEd (349)
[2018.12.10-04.27.34:469][758]LogModuleManager: Shutting down and abandoning module DatasmithContentEditor (344)
[2018.12.10-04.27.34:469][758]LogModuleManager: Shutting down and abandoning module DatasmithContent (342)
[2018.12.10-04.27.34:470][758]LogModuleManager: Shutting down and abandoning module SpeedTreeImporter (340)
[2018.12.10-04.27.34:470][758]LogModuleManager: Shutting down and abandoning module PluginBrowser (338)
[2018.12.10-04.27.34:470][758]LogModuleManager: Shutting down and abandoning module MobileLauncherProfileWizard (336)
[2018.12.10-04.27.34:470][758]LogModuleManager: Shutting down and abandoning module PolygonModeling (334)
[2018.12.10-04.27.34:470][758]LogModuleManager: Shutting down and abandoning module MeshEditor (332)
[2018.12.10-04.27.34:470][758]LogModuleManager: Shutting down and abandoning module EditorScriptingUtilities (330)
[2018.12.10-04.27.34:470][758]LogModuleManager: Shutting down and abandoning module CryptoKeysOpenSSL (328)
[2018.12.10-04.27.34:470][758]LogModuleManager: Shutting down and abandoning module CryptoKeys (326)
[2018.12.10-04.27.34:470][758]LogModuleManager: Shutting down and abandoning module VisualStudioSourceCodeAccess (324)
[2018.12.10-04.27.34:470][758]LogModuleManager: Shutting down and abandoning module VisualStudioCodeSourceCodeAccess (322)
[2018.12.10-04.27.34:470][758]LogModuleManager: Shutting down and abandoning module UObjectPlugin (320)
[2018.12.10-04.27.34:470][758]LogModuleManager: Shutting down and abandoning module SubversionSourceControl (318)
[2018.12.10-04.27.34:470][758]LogModuleManager: Shutting down and abandoning module PerforceSourceControl (316)
[2018.12.10-04.27.34:470][758]LogModuleManager: Shutting down and abandoning module GitSourceControl (314)
[2018.12.10-04.27.34:471][758]LogModuleManager: Shutting down and abandoning module SourceControl (313)
[2018.12.10-04.27.34:471][758]LogModuleManager: Shutting down and abandoning module CLionSourceCodeAccess (310)
[2018.12.10-04.27.34:471][758]LogModuleManager: Shutting down and abandoning module LightPropagationVolumeEditor (308)
[2018.12.10-04.27.34:471][758]LogModuleManager: Shutting down and abandoning module PaperTiledImporter (306)
[2018.12.10-04.27.34:471][758]LogModuleManager: Shutting down and abandoning module PaperSpriteSheetImporter (304)
[2018.12.10-04.27.34:471][758]LogModuleManager: Shutting down and abandoning module Paper2DEditor (302)
[2018.12.10-04.27.34:471][758]LogModuleManager: Shutting down and abandoning module MeshPaint (301)
[2018.12.10-04.27.34:471][758]LogModuleManager: Shutting down and abandoning module RuntimePhysXCooking (298)
[2018.12.10-04.27.34:471][758]LogModuleManager: Shutting down and abandoning module PhysXVehiclesEditor (296)
[2018.12.10-04.27.34:471][758]LogModuleManager: Shutting down and abandoning module PhysXVehicles (294)
[2018.12.10-04.27.34:471][758]LogModuleManager: Shutting down and abandoning module OculusEditor (292)
[2018.12.10-04.27.34:471][758]LogModuleManager: Shutting down and abandoning module LocationServicesBPLibrary (290)
[2018.12.10-04.27.34:471][758]LogModuleManager: Shutting down and abandoning module ImmediatePhysicsEditor (288)
[2018.12.10-04.27.34:471][758]LogModuleManager: Shutting down and abandoning module ImmediatePhysics (286)
[2018.12.10-04.27.34:471][758]LogModuleManager: Shutting down and abandoning module ActorSequence (284)
[2018.12.10-04.27.34:471][758]LogModuleManager: Shutting down and abandoning module UdpMessaging (282)
[2018.12.10-04.27.34:572][758]LogModuleManager: Shutting down and abandoning module TcpMessaging (280)
[2018.12.10-04.27.34:673][758]LogModuleManager: Shutting down and abandoning module MagicLeapAudio (278)
[2018.12.10-04.27.34:673][758]LogModuleManager: Shutting down and abandoning module GameplayTagsEditor (276)
[2018.12.10-04.27.34:673][758]LogModuleManager: Shutting down and abandoning module FacialAnimationEditor (274)
[2018.12.10-04.27.34:673][758]LogModuleManager: Shutting down and abandoning module FacialAnimation (272)
[2018.12.10-04.27.34:673][758]LogModuleManager: Shutting down and abandoning module DataValidation (270)
[2018.12.10-04.27.34:673][758]LogModuleManager: Shutting down and abandoning module AssetManagerEditor (268)
[2018.12.10-04.27.34:673][758]LogModuleManager: Shutting down and abandoning module LevelEditor (267)
[2018.12.10-04.27.34:674][758]LogModuleManager: Shutting down and abandoning module PixelInspectorModule (266)
[2018.12.10-04.27.34:674][758]LogModuleManager: Shutting down and abandoning module CommonMenuExtensions (264)
[2018.12.10-04.27.34:674][758]LogModuleManager: Shutting down and abandoning module MainFrame (262)
[2018.12.10-04.27.34:675][758]LogModuleManager: Shutting down and abandoning module HotReload (261)
[2018.12.10-04.27.34:675][758]LogModuleManager: Shutting down and abandoning module ContentBrowser (257)
[2018.12.10-04.27.34:677][758]LogModuleManager: Shutting down and abandoning module TreeMap (255)
[2018.12.10-04.27.34:677][758]LogModuleManager: Shutting down and abandoning module LightPropagationVolumeRuntime (252)
[2018.12.10-04.27.34:677][758]LogModuleManager: Shutting down and abandoning module AISupportModule (250)
[2018.12.10-04.27.34:677][758]LogModuleManager: Shutting down and abandoning module Paper2D (248)
[2018.12.10-04.27.34:677][758]LogModuleManager: Shutting down and abandoning module WindowsMoviePlayer (246)
[2018.12.10-04.27.34:677][758]LogModuleManager: Shutting down and abandoning module WmfMedia (244)
[2018.12.10-04.27.34:679][758]LogModuleManager: Shutting down and abandoning module Media (243)
[2018.12.10-04.27.34:684][758]LogModuleManager: Shutting down and abandoning module PacketHandler (240)
[2018.12.10-04.27.34:684][758]LogModuleManager: Shutting down and abandoning module ClothingSystemEditor (238)
[2018.12.10-04.27.34:684][758]LogModuleManager: Shutting down and abandoning module ClothingSystemRuntime (236)
[2018.12.10-04.27.34:684][758]LogModuleManager: Shutting down and abandoning module MediaAssets (234)
[2018.12.10-04.27.34:685][758]LogModuleManager: Shutting down and abandoning module Overlay (232)
[2018.12.10-04.27.34:685][758]LogModuleManager: Shutting down and abandoning module OverlayEditor (231)
[2018.12.10-04.27.34:685][758]LogModuleManager: Shutting down and abandoning module VREditor (228)
[2018.12.10-04.27.34:685][758]LogModuleManager: Shutting down and abandoning module StringTableEditor (226)
[2018.12.10-04.27.34:685][758]LogModuleManager: Shutting down and abandoning module GameplayTasksEditor (224)
[2018.12.10-04.27.34:685][758]LogModuleManager: Shutting down and abandoning module BehaviorTreeEditor (222)
[2018.12.10-04.27.34:685][758]LogModuleManager: Shutting down and abandoning module FunctionalTesting (220)
[2018.12.10-04.27.34:685][758]LogModuleManager: Shutting down and abandoning module CollisionAnalyzer (218)
[2018.12.10-04.27.34:685][758]LogModuleManager: Shutting down and abandoning module WorkspaceMenuStructure (217)
[2018.12.10-04.27.34:685][758]LogModuleManager: Shutting down and abandoning module UMG (214)
[2018.12.10-04.27.34:685][758]LogModuleManager: Shutting down and abandoning module UMGEditor (213)
[2018.12.10-04.27.34:685][758]LogModuleManager: Shutting down and abandoning module Sequencer (212)
[2018.12.10-04.27.34:685][758]LogModuleManager: Shutting down and abandoning module MessageLog (209)
[2018.12.10-04.27.34:685][758]LogModuleManager: Shutting down and abandoning module SlateReflector (204)
[2018.12.10-04.27.34:685][758]LogModuleManager: Shutting down and abandoning module Slate (202)
[2018.12.10-04.27.34:685][758]LogModuleManager: Shutting down and abandoning module EditorStyle (200)
[2018.12.10-04.27.34:688][758]LogModuleManager: Shutting down and abandoning module MRMesh (198)
[2018.12.10-04.27.34:688][758]LogModuleManager: Shutting down and abandoning module SourceCodeAccess (196)
[2018.12.10-04.27.34:688][758]LogModuleManager: Shutting down and abandoning module HeadMountedDisplay (194)
[2018.12.10-04.27.34:688][758]LogModuleManager: Shutting down and abandoning module XAudio2 (192)
[2018.12.10-04.27.34:688][758]LogModuleManager: Shutting down and abandoning module Networking (190)
[2018.12.10-04.27.34:688][758]LogModuleManager: Shutting down and abandoning module Core (188)
[2018.12.10-04.27.34:689][758]LogModuleManager: Shutting down and abandoning module LevelSequence (186)
[2018.12.10-04.27.34:689][758]LogModuleManager: Shutting down and abandoning module KismetCompiler (184)
[2018.12.10-04.27.34:689][758]LogModuleManager: Shutting down and abandoning module MeshUtilities (182)
[2018.12.10-04.27.34:689][758]LogModuleManager: Shutting down and abandoning module MeshMergeUtilities (181)
[2018.12.10-04.27.34:689][758]LogModuleManager: Shutting down and abandoning module MeshReductionInterface (180)
[2018.12.10-04.27.34:689][758]LogModuleManager: Shutting down and abandoning module SimplygonSwarm (179)
[2018.12.10-04.27.34:689][758]LogModuleManager: Shutting down and abandoning module ProxyLODMeshReduction (177)
[2018.12.10-04.27.34:689][758]LogModuleManager: Shutting down and abandoning module SimplygonMeshReduction (175)
[2018.12.10-04.27.34:689][758]LogModuleManager: Shutting down and abandoning module QuadricMeshReduction (173)
[2018.12.10-04.27.34:689][758]LogModuleManager: Shutting down and abandoning module MaterialBaking (169)
[2018.12.10-04.27.34:689][758]LogModuleManager: Shutting down and abandoning module DirectoryWatcher (165)
[2018.12.10-04.27.34:689][758]LogModuleManager: Shutting down and abandoning module DerivedDataCache (162)
[2018.12.10-04.27.34:719][758]LogDerivedDataCache: Shutdown
[2018.12.10-04.27.34:719][758]LogModuleManager: Shutting down and abandoning module XGEController (160)
[2018.12.10-04.27.34:719][758]LogXGEController: Cleaning working directory: C:/Users/igarpendal/AppData/Local/Temp/UnrealXGEWorkingDir/
[2018.12.10-04.27.34:720][758]LogModuleManager: Shutting down and abandoning module TargetPlatform (158)
[2018.12.10-04.27.34:720][758]LogModuleManager: Shutting down and abandoning module VulkanShaderFormat (157)
[2018.12.10-04.27.34:720][758]LogModuleManager: Shutting down and abandoning module ShaderFormatVectorVM (155)
[2018.12.10-04.27.34:720][758]LogModuleManager: Shutting down and abandoning module ShaderFormatOpenGL (153)
[2018.12.10-04.27.34:720][758]LogModuleManager: Shutting down and abandoning module ShaderFormatD3D (151)
[2018.12.10-04.27.34:720][758]LogModuleManager: Shutting down and abandoning module MetalShaderFormat (149)
[2018.12.10-04.27.34:720][758]LogModuleManager: Shutting down and abandoning module TextureFormatUncompressed (147)
[2018.12.10-04.27.34:720][758]LogModuleManager: Shutting down and abandoning module TextureFormatPVR (145)
[2018.12.10-04.27.34:720][758]LogModuleManager: Shutting down and abandoning module TextureFormatDXT (143)
[2018.12.10-04.27.34:720][758]LogModuleManager: Shutting down and abandoning module TextureFormatIntelISPCTexComp (141)
[2018.12.10-04.27.34:720][758]LogModuleManager: Shutting down and abandoning module TextureFormatASTC (139)
[2018.12.10-04.27.34:720][758]LogModuleManager: Shutting down and abandoning module ImageWrapper (138)
[2018.12.10-04.27.34:720][758]LogModuleManager: Shutting down and abandoning module TextureFormatAndroid (135)
[2018.12.10-04.27.34:721][758]LogModuleManager: Shutting down and abandoning module AudioFormatOpus (133)
[2018.12.10-04.27.34:721][758]LogModuleManager: Shutting down and abandoning module AudioFormatOgg (131)
[2018.12.10-04.27.34:721][758]LogModuleManager: Shutting down and abandoning module AudioFormatADPCM (129)
[2018.12.10-04.27.34:721][758]LogModuleManager: Shutting down and abandoning module LuminTargetPlatform (127)
[2018.12.10-04.27.34:721][758]LogModuleManager: Shutting down and abandoning module LinuxTargetPlatform (125)
[2018.12.10-04.27.34:721][758]LogModuleManager: Shutting down and abandoning module LinuxServerTargetPlatform (123)
[2018.12.10-04.27.34:721][758]LogModuleManager: Shutting down and abandoning module LinuxNoEditorTargetPlatform (121)
[2018.12.10-04.27.34:721][758]LogModuleManager: Shutting down and abandoning module LinuxClientTargetPlatform (119)
[2018.12.10-04.27.34:721][758]LogModuleManager: Shutting down and abandoning module TVOSTargetPlatform (117)
[2018.12.10-04.27.34:723][758]LogModuleManager: Shutting down and abandoning module Messaging (115)
[2018.12.10-04.27.34:723][758]LogModuleManager: Shutting down and abandoning module IOSTargetPlatform (113)
[2018.12.10-04.27.34:725][758]LogModuleManager: Shutting down and abandoning module HTML5TargetPlatform (111)
[2018.12.10-04.27.34:725][758]LogModuleManager: Shutting down and abandoning module AndroidTargetPlatform (109)
[2018.12.10-04.27.34:736][758]LogModuleManager: Shutting down and abandoning module WindowsTargetPlatform (107)
[2018.12.10-04.27.34:736][758]LogModuleManager: Shutting down and abandoning module WindowsServerTargetPlatform (105)
[2018.12.10-04.27.34:737][758]LogModuleManager: Shutting down and abandoning module WindowsNoEditorTargetPlatform (103)
[2018.12.10-04.27.34:737][758]LogModuleManager: Shutting down and abandoning module WindowsClientTargetPlatform (101)
[2018.12.10-04.27.34:737][758]LogModuleManager: Shutting down and abandoning module MacTargetPlatform (99)
[2018.12.10-04.27.34:737][758]LogModuleManager: Shutting down and abandoning module MacServerTargetPlatform (97)
[2018.12.10-04.27.34:737][758]LogModuleManager: Shutting down and abandoning module MacNoEditorTargetPlatform (95)
[2018.12.10-04.27.34:737][758]LogModuleManager: Shutting down and abandoning module MacClientTargetPlatform (93)
[2018.12.10-04.27.34:737][758]LogModuleManager: Shutting down and abandoning module AllDesktopTargetPlatform (91)
[2018.12.10-04.27.34:737][758]LogModuleManager: Shutting down and abandoning module InputCore (88)
[2018.12.10-04.27.34:737][758]LogModuleManager: Shutting down and abandoning module Settings (86)
[2018.12.10-04.27.34:737][758]LogModuleManager: Shutting down and abandoning module PhysXCooking (84)
[2018.12.10-04.27.34:737][758]LogModuleManager: Shutting down and abandoning module SteamVR (82)
[2018.12.10-04.27.34:737][758]LogModuleManager: Shutting down and abandoning module OculusHMD (80)
[2018.12.10-04.27.34:737][758]LogModuleManager: Shutting down and abandoning module ExampleDeviceProfileSelector (78)
[2018.12.10-04.27.34:737][758]LogModuleManager: Shutting down and abandoning module LauncherChunkInstaller (76)
[2018.12.10-04.27.34:737][758]LogModuleManager: Shutting down and abandoning module OnlineBlueprintSupport (74)
[2018.12.10-04.27.34:737][758]LogModuleManager: Shutting down and abandoning module OnlineSubsystem (70)
[2018.12.10-04.27.34:738][758]LogModuleManager: Shutting down and abandoning module XMPP (65)
[2018.12.10-04.27.34:739][758]LogModuleManager: Shutting down and abandoning module WebSockets (64)
[2018.12.10-04.27.34:774][758]LogModuleManager: Shutting down and abandoning module HTTP (61)
[2018.12.10-04.27.34:774][758]LogHttp: Display: Http module shutting down, but needs to wait on 1 outstanding Http requests:
[2018.12.10-04.27.34:774][758]LogHttp: Display: 	verb=[POST] url=[https://datarouter.ol.epicgames.com/datarouter/api/v1/public/data?SessionID=%7B1E1F06D9-4EE5-EE4E-4E98-DCAFB331A6F7%7D&AppID=UEEditor.Rocket.Release&AppVersion=4.20.3-4369336%2B%2B%2BUE4%2BRelease-4.20&UserID=8ed71d7140d7bb25c41d68a3a57cba4b%7C52104c89cd7e4bc1973b39f9a16df27e%7C8f7ca108-0e80-45bf-b167-f38aa5d91da3&AppEnvironment=datacollector-binary&UploadType=eteventstream] status=Processing
[2018.12.10-04.27.34:795][758]LogModuleManager: Shutting down and abandoning module SSL (60)
[2018.12.10-04.27.34:797][758]LogModuleManager: Shutting down and abandoning module MagicLeapEmulator (56)
[2018.12.10-04.27.34:797][758]LogModuleManager: Shutting down and abandoning module MagicLeapPrivileges (54)
[2018.12.10-04.27.34:798][758]LogModuleManager: Shutting down and abandoning module MagicLeapIdentity (52)
[2018.12.10-04.27.34:798][758]LogModuleManager: Shutting down and abandoning module MagicLeapHelperVulkan (50)
[2018.12.10-04.27.34:798][758]LogModuleManager: Shutting down and abandoning module MagicLeapHelperOpenGL (48)
[2018.12.10-04.27.34:798][758]LogModuleManager: Shutting down and abandoning module MagicLeapSecureStorage (46)
[2018.12.10-04.27.34:798][758]LogModuleManager: Shutting down and abandoning module MagicLeapGestures (44)
[2018.12.10-04.27.34:798][758]LogModuleManager: Shutting down and abandoning module MagicLeapEyeTracker (42)
[2018.12.10-04.27.34:798][758]LogModuleManager: Shutting down and abandoning module MagicLeapController (40)
[2018.12.10-04.27.34:798][758]LogSlate: Slate User Destroyed.  User Index 0, Is Virtual User: 0
[2018.12.10-04.27.34:798][758]LogModuleManager: Shutting down and abandoning module MagicLeap (38)
[2018.12.10-04.27.34:798][758]LogModuleManager: Shutting down and abandoning module AnimationModifiers (36)
[2018.12.10-04.27.34:798][758]LogModuleManager: Shutting down and abandoning module PropertyEditor (35)
[2018.12.10-04.27.34:798][758]LogModuleManager: Shutting down and abandoning module AudioEditor (32)
[2018.12.10-04.27.34:798][758]LogModuleManager: Shutting down and abandoning module TextureCompressor (30)
[2018.12.10-04.27.34:799][758]LogModuleManager: Shutting down and abandoning module ShaderCore (28)
[2018.12.10-04.27.34:799][758]LogModuleManager: Shutting down and abandoning module Landscape (26)
[2018.12.10-04.27.34:799][758]LogModuleManager: Shutting down and abandoning module SlateRHIRenderer (24)
[2018.12.10-04.27.34:800][758]LogModuleManager: Shutting down and abandoning module OpenGLDrv (22)
[2018.12.10-04.27.34:800][758]LogModuleManager: Shutting down and abandoning module D3D11RHI (20)
[2018.12.10-04.27.34:800][758]LogModuleManager: Shutting down and abandoning module AnimGraphRuntime (18)
[2018.12.10-04.27.34:800][758]LogModuleManager: Shutting down and abandoning module Renderer (16)
[2018.12.10-04.27.34:800][758]LogModuleManager: Shutting down and abandoning module Engine (14)
[2018.12.10-04.27.34:800][758]LogModuleManager: Shutting down and abandoning module CoreUObject (12)
[2018.12.10-04.27.34:800][758]LogModuleManager: Shutting down and abandoning module NetworkFile (10)
[2018.12.10-04.27.34:800][758]LogModuleManager: Shutting down and abandoning module CookedIterativeFile (8)
[2018.12.10-04.27.34:800][758]LogModuleManager: Shutting down and abandoning module StreamingFile (6)
[2018.12.10-04.27.34:800][758]LogModuleManager: Shutting down and abandoning module SandboxFile (4)
[2018.12.10-04.27.34:800][758]LogModuleManager: Shutting down and abandoning module PakFile (2)
[2018.12.10-04.27.34:815][758]LogExit: Exiting.
[2018.12.10-04.27.34:818][758]Log file closed, 12/10/18 15:27:34
