Log file open, 12/10/18 13:55:11
LogWindows: Failed to load 'aqProf.dll' (GetLastError=126)
LogWindows: File 'aqProf.dll' does not exist
LogWindows: Failed to load 'VSPerf140.dll' (GetLastError=126)
LogWindows: File 'VSPerf140.dll' does not exist
LogWindows: Failed to load 'VtuneApi.dll' (GetLastError=126)
LogWindows: File 'VtuneApi.dll' does not exist
LogWindows: Failed to load 'VtuneApi32e.dll' (GetLastError=126)
LogWindows: File 'VtuneApi32e.dll' does not exist
LogInit: Display: Running engine for game: PlatformerPrototype
LogPlatformFile: Not using cached read wrapper
LogTaskGraph: Started task graph with 5 named threads and 23 total threads with 3 sets of task threads.
LogStats: Stats thread started at 0.264105
LogD3D11RHI: Loaded GFSDK_Aftermath_Lib.x64.dll
LogICUInternationalization: Display: ICU TimeZone Detection - Raw Offset: +10:00, Platform Override: ''
LogPluginManager: Mounting plugin Paper2D
LogPluginManager: Mounting plugin AISupport
LogPluginManager: Mounting plugin LightPropagationVolume
LogPluginManager: Mounting plugin CLionSourceCodeAccess
LogPluginManager: Mounting plugin CodeLiteSourceCodeAccess
LogPluginManager: Mounting plugin GitSourceControl
LogPluginManager: Mounting plugin KDevelopSourceCodeAccess
LogPluginManager: Mounting plugin NullSourceCodeAccess
LogPluginManager: Mounting plugin PerforceSourceControl
LogPluginManager: Mounting plugin SubversionSourceControl
LogPluginManager: Mounting plugin UObjectPlugin
LogPluginManager: Mounting plugin VisualStudioCodeSourceCodeAccess
LogPluginManager: Mounting plugin VisualStudioSourceCodeAccess
LogPluginManager: Mounting plugin XCodeSourceCodeAccess
LogPluginManager: Mounting plugin AssetManagerEditor
LogPluginManager: Mounting plugin CryptoKeys
LogPluginManager: Mounting plugin DataValidation
LogPluginManager: Mounting plugin EditorScriptingUtilities
LogPluginManager: Mounting plugin FacialAnimation
LogPluginManager: Mounting plugin GameplayTagsEditor
LogPluginManager: Mounting plugin MacGraphicsSwitching
LogPluginManager: Mounting plugin MeshEditor
LogPluginManager: Mounting plugin MobileLauncherProfileWizard
LogPluginManager: Mounting plugin PluginBrowser
LogPluginManager: Mounting plugin SpeedTreeImporter
LogPluginManager: Mounting plugin DatasmithContent
LogPluginManager: Mounting plugin AlembicImporter
LogPluginManager: Mounting plugin AppleImageUtils
LogPluginManager: Mounting plugin AppleVision
LogPluginManager: Mounting plugin BackChannel
LogPluginManager: Mounting plugin CharacterAI
LogPluginManager: Mounting plugin GeometryCache
LogPluginManager: Mounting plugin HTML5Networking
LogPluginManager: Mounting plugin ProxyLODPlugin
LogPluginManager: Mounting plugin MagicLeap
LogPluginManager: Mounting plugin MagicLeapEmulator
LogPluginManager: Mounting plugin MagicLeapMedia
LogPluginManager: Mounting plugin AndroidMedia
LogPluginManager: Mounting plugin AvfMedia
LogPluginManager: Mounting plugin ImgMedia
LogPluginManager: Mounting plugin LinearTimecode
LogPluginManager: Mounting plugin MediaCompositing
LogPluginManager: Mounting plugin MediaPlayerEditor
LogPluginManager: Mounting plugin WmfMedia
LogPluginManager: Mounting plugin TcpMessaging
LogPluginManager: Mounting plugin UdpMessaging
LogPluginManager: Mounting plugin ActorSequence
LogPluginManager: Mounting plugin LevelSequenceEditor
LogPluginManager: Mounting plugin MatineeToLevelSequence
LogPluginManager: Mounting plugin NetcodeUnitTest
LogPluginManager: Mounting plugin NUTUnrealEngine4
LogPluginManager: Mounting plugin OnlineSubsystemGooglePlay
LogPluginManager: Mounting plugin OnlineSubsystemIOS
LogPluginManager: Mounting plugin OnlineSubsystem
LogPluginManager: Mounting plugin OnlineSubsystemNull
LogPluginManager: Mounting plugin OnlineSubsystemUtils
LogPluginManager: Mounting plugin LauncherChunkInstaller
LogPluginManager: Mounting plugin AndroidDeviceProfileSelector
LogPluginManager: Mounting plugin AndroidMoviePlayer
LogPluginManager: Mounting plugin AndroidPermission
LogPluginManager: Mounting plugin AppleMoviePlayer
LogPluginManager: Mounting plugin ArchVisCharacter
LogPluginManager: Mounting plugin AudioCapture
LogPluginManager: Mounting plugin CableComponent
LogPluginManager: Mounting plugin CustomMeshComponent
LogPluginManager: Mounting plugin EditableMesh
LogPluginManager: Mounting plugin ExampleDeviceProfileSelector
LogPluginManager: Mounting plugin GoogleCloudMessaging
LogPluginManager: Mounting plugin ImmediatePhysics
LogPluginManager: Mounting plugin IOSDeviceProfileSelector
LogPluginManager: Mounting plugin LinuxDeviceProfileSelector
LogPluginManager: Mounting plugin LocationServicesBPLibrary
LogPluginManager: Mounting plugin MobilePatchingUtils
LogPluginManager: Mounting plugin OculusVR
LogPluginManager: Plugin shader directory ../../../Engine/Plugins/Runtime/Oculus/OculusVR/Shaders found
LogPluginManager: Mapping shader source directory ../../../Engine/Plugins/Runtime/Oculus/OculusVR/Shaders to virtual directory /Plugin/OculusVR
LogPluginManager: Mounting plugin PhysXVehicles
LogPluginManager: Mounting plugin ProceduralMeshComponent
LogPluginManager: Mounting plugin RuntimePhysXCooking
LogPluginManager: Mounting plugin SteamVR
LogPluginManager: Mounting plugin WindowsMoviePlayer
LogPluginManager: Mounting plugin DatasmithCADImporter
LogPluginManager: Mounting plugin DatasmithFBXImporter
LogPluginManager: Mounting plugin DatasmithImporter
LogPluginManager: Mounting plugin DatasmithMDLImporter
LogPluginManager: Mounting plugin StaticMeshEditorExtension
LogStreaming: Display: Took  0.078s to configure plugins.
LogInit: Using libcurl 7.55.1-DEV
LogInit:  - built for x86_64-pc-win32
LogInit:  - supports SSL with OpenSSL/1.0.2h
LogInit:  - supports HTTP deflate (compression) using libz 1.2.8
LogInit:  - other features:
LogInit:      CURL_VERSION_SSL
LogInit:      CURL_VERSION_LIBZ
LogInit:      CURL_VERSION_IPV6
LogInit:      CURL_VERSION_ASYNCHDNS
LogInit:      CURL_VERSION_LARGEFILE
LogInit:      CURL_VERSION_IDN
LogInit:  CurlRequestOptions (configurable via config and command line):
LogInit:  - bVerifyPeer = false  - Libcurl will NOT verify peer certificate
LogInit:  - bUseHttpProxy = false  - Libcurl will NOT use HTTP proxy
LogInit:  - bDontReuseConnections = false  - Libcurl will reuse connections
LogInit:  - CertBundlePath = nullptr  - Libcurl will use whatever was configured at build time.
LogInit:  - MaxHostConnections = 16  - Libcurl will limit the number of connections to a host
LogInit:  - LocalHostAddr = Default
LogInit:  - BufferSize = 65536
LogInit: WinSock: version 1.1 (2.2), MaxSocks=32767, MaxUdp=65467
LogHMD: Failed initializing OVRPlugin 1.25.0
LogInit: Build: ++UE4+Release-4.20-CL-4302132
LogInit: Engine Version: 4.20.2-4302132+++UE4+Release-4.20
LogInit: Compatible Engine Version: 4.20.0-4212847+++UE4+Release-4.20
LogInit: Net CL: 4212847
LogInit: OS: Windows 10 (), CPU: Intel(R) Core(TM) i7-6700 CPU @ 3.40GHz, GPU: NVIDIA GeForce GTX 980
LogInit: Compiled (64-bit): Aug 21 2018 02:06:06
LogInit: Compiled with Visual C++: 19.13.26129.00
LogInit: Build Configuration: Development
LogInit: Branch Name: ++UE4+Release-4.20
LogInit: Command Line:  
LogInit: Base Directory: C:/Program Files/Epic Games/UE_4.20/Engine/Binaries/Win64/
LogInit: Installed Engine Build: 1
LogDevObjectVersion: Number of dev versions registered: 20
LogDevObjectVersion:   Dev-Blueprints (B0D832E4-1F89-4F0D-ACCF-7EB736FD4AA2): 10
LogDevObjectVersion:   Dev-Build (E1C64328-A22C-4D53-A36C-8E866417BD8C): 0
LogDevObjectVersion:   Dev-Core (375EC13C-06E4-48FB-B500-84F0262A717E): 2
LogDevObjectVersion:   Dev-Editor (E4B068ED-F494-42E9-A231-DA0B2E46BB41): 24
LogDevObjectVersion:   Dev-Framework (CFFC743F-43B0-4480-9391-14DF171D2073): 34
LogDevObjectVersion:   Dev-Mobile (B02B49B5-BB20-44E9-A304-32B752E40360): 2
LogDevObjectVersion:   Dev-Networking (A4E4105C-59A1-49B5-A7C5-40C4547EDFEE): 0
LogDevObjectVersion:   Dev-Online (39C831C9-5AE6-47DC-9A44-9C173E1C8E7C): 0
LogDevObjectVersion:   Dev-Physics (78F01B33-EBEA-4F98-B9B4-84EACCB95AA2): 0
LogDevObjectVersion:   Dev-Platform (6631380F-2D4D-43E0-8009-CF276956A95A): 0
LogDevObjectVersion:   Dev-Rendering (12F88B9F-8875-4AFC-A67C-D90C383ABD29): 26
LogDevObjectVersion:   Dev-Sequencer (7B5AE74C-D270-4C10-A958-57980B212A5A): 9
LogDevObjectVersion:   Dev-VR (D7296918-1DD6-4BDD-9DE2-64A83CC13884): 2
LogDevObjectVersion:   Dev-LoadTimes (C2A15278-BFE7-4AFE-6C17-90FF531DF755): 1
LogDevObjectVersion:   Private-Geometry (6EACA3D4-40EC-4CC1-B786-8BED09428FC5): 3
LogDevObjectVersion:   Dev-AnimPhys (29E575DD-E0A3-4627-9D10-D276232CDCEA): 17
LogDevObjectVersion:   Dev-ReflectionCapture (6B266CEC-1EC7-4B8F-A30B-E4D90942FC07): 1
LogDevObjectVersion:   Dev-Automation (0DF73D61-A23F-47EA-B727-89E90C41499A): 1
LogDevObjectVersion:   FortniteMain (601D1886-AC64-4F84-AA16-D3DE0DEAC7D6): 12
LogDevObjectVersion:   Dev-Enterprise (9DFFBCD6-494F-0158-E221-12823C92A888): 1
LogStreaming: Display: Took  0.006s to delete old logs.
LogInit: Presizing for max 8388607 objects, including 0 objects not considered by GC, pre-allocating 0 bytes for permanent pool.
LogInit: Object subsystem initialized
[2018.12.10-02.55.11:803][  0]LogInit: Selected Device Profile: [Windows]
[2018.12.10-02.55.11:803][  0]LogInit: Applying CVar settings loaded from the selected device profile: [Windows]
[2018.12.10-02.55.11:831][  0]LogHAL: Display: Platform has ~ 32 GB [34267684864 / 34359738368 / 32], which maps to Largest [LargestMinGB=32, LargerMinGB=12, DefaultMinGB=8, SmallerMinGB=6, SmallestMinGB=0)
[2018.12.10-02.55.11:831][  0]LogInit: Setting Device Profile CVar: [[r.Vulkan.UseRealUBs:1]]
[2018.12.10-02.55.11:831][  0]LogInit: Going up to parent DeviceProfile []
[2018.12.10-02.55.11:831][  0]LogInit: Computer: SYD-R304-PC02
[2018.12.10-02.55.11:831][  0]LogInit: User: tlist
[2018.12.10-02.55.11:831][  0]LogInit: CPU Page size=4096, Cores=4
[2018.12.10-02.55.11:831][  0]LogInit: High frequency timer resolution =3.328125 MHz
[2018.12.10-02.55.11:832][  0]LogMemory: Memory total: Physical=31.9GB (32GB approx)
[2018.12.10-02.55.11:832][  0]LogMemory: Platform Memory Stats for Windows
[2018.12.10-02.55.11:832][  0]LogMemory: Process Physical Memory: 104.20 MB used, 104.20 MB peak
[2018.12.10-02.55.11:832][  0]LogMemory: Process Virtual Memory: 101.15 MB used, 101.15 MB peak
[2018.12.10-02.55.11:832][  0]LogMemory: Physical Memory: 7399.78 MB used,  25280.43 MB free, 32680.21 MB total
[2018.12.10-02.55.11:832][  0]LogMemory: Virtual Memory: 4662.03 MB used,  25280.43 MB free, 134217728.00 MB total
[2018.12.10-02.55.11:851][  0]LogInit: Using OS detected language (en-US).
[2018.12.10-02.55.11:851][  0]LogInit: Using OS detected locale (en-AU).
[2018.12.10-02.55.11:851][  0]LogTextLocalizationManager: No specific localization for 'en-US' exists, so the 'en' localization will be used.
[2018.12.10-02.55.12:223][  0]LogStreaming: Display: Took  0.372s to InitEngineTextLocalization.
[2018.12.10-02.55.12:224][  0]LogInit: Setting process to per monitor DPI aware
[2018.12.10-02.55.12:252][  0]LogSlate: New Slate User Created.  User Index 0, Is Virtual User: 0
[2018.12.10-02.55.12:252][  0]LogSlate: Slate User Registered.  User Index 0, Is Virtual User: 0
[2018.12.10-02.55.12:411][  0]LogHMD: Failed to initialize OpenVR with code 110
[2018.12.10-02.55.12:411][  0]LogD3D11RHI: D3D11 adapters:
[2018.12.10-02.55.12:459][  0]LogD3D11RHI:    0. 'NVIDIA GeForce GTX 980' (Feature Level 11_0)
[2018.12.10-02.55.12:459][  0]LogD3D11RHI:       4053/0/16340 MB DedicatedVideo/DedicatedSystem/SharedSystem, Outputs:1, VendorId:0x10de
[2018.12.10-02.55.12:461][  0]LogD3D11RHI:    1. 'Microsoft Basic Render Driver' (Feature Level 11_0)
[2018.12.10-02.55.12:461][  0]LogD3D11RHI:       0/0/16340 MB DedicatedVideo/DedicatedSystem/SharedSystem, Outputs:0, VendorId:0x1414
[2018.12.10-02.55.12:461][  0]LogD3D11RHI: Chosen D3D11 Adapter: 0
[2018.12.10-02.55.12:466][  0]LogD3D11RHI: Creating new Direct3DDevice
[2018.12.10-02.55.12:466][  0]LogD3D11RHI:     GPU DeviceId: 0x13c0 (for the marketing name, search the web for "GPU Device Id")
[2018.12.10-02.55.12:466][  0]LogWindows: EnumDisplayDevices:
[2018.12.10-02.55.12:466][  0]LogWindows:    0. 'NVIDIA GeForce GTX 980' (P:1 D:1)
[2018.12.10-02.55.12:466][  0]LogWindows:    1. 'NVIDIA GeForce GTX 980' (P:0 D:0)
[2018.12.10-02.55.12:466][  0]LogWindows:    2. 'NVIDIA GeForce GTX 980' (P:0 D:0)
[2018.12.10-02.55.12:466][  0]LogWindows:    3. 'NVIDIA GeForce GTX 980' (P:0 D:0)
[2018.12.10-02.55.12:467][  0]LogWindows: DebugString: FoundDriverCount:4 
[2018.12.10-02.55.12:467][  0]LogD3D11RHI:     Adapter Name: NVIDIA GeForce GTX 980
[2018.12.10-02.55.12:467][  0]LogD3D11RHI:   Driver Version: 398.82 (internal:24.21.13.9882, unified:398.82)
[2018.12.10-02.55.12:467][  0]LogD3D11RHI:      Driver Date: 7-30-2018
[2018.12.10-02.55.12:467][  0]LogRHI: Texture pool is 2837 MB (70% of 4053 MB)
[2018.12.10-02.55.12:491][  0]LogD3D11RHI: Async texture creation enabled
[2018.12.10-02.55.12:508][  0]LogD3D11RHI: GPU Timing Frequency: 1000.000000 (Debug: 2 2)
[2018.12.10-02.55.12:550][  0]LogShaderCompilers: Guid format shader working directory is -39 characters bigger than the processId version (../../../../../../Users/tlist/Documents/GitHub/GPG210-Prototypes/PlatformerPrototype/Intermediate/Shaders/WorkingDirectory/38672/).
[2018.12.10-02.55.12:550][  0]LogShaderCompilers: Cleaned the shader compiler working directory 'C:/Users/tlist/AppData/Local/Temp/UnrealShaderWorkingDir/9B5172824B0DC805842305BA5D33DEA7/'.
[2018.12.10-02.55.12:763][  0]LogTemp: Display: Loaded TP AllDesktopTargetPlatform
[2018.12.10-02.55.12:774][  0]LogTemp: Display: Loaded TP MacClientTargetPlatform
[2018.12.10-02.55.12:785][  0]LogTemp: Display: Loaded TP MacNoEditorTargetPlatform
[2018.12.10-02.55.12:796][  0]LogTemp: Display: Loaded TP MacServerTargetPlatform
[2018.12.10-02.55.12:808][  0]LogTemp: Display: Loaded TP MacTargetPlatform
[2018.12.10-02.55.12:819][  0]LogTemp: Display: Loaded TP WindowsClientTargetPlatform
[2018.12.10-02.55.12:830][  0]LogTemp: Display: Loaded TP WindowsNoEditorTargetPlatform
[2018.12.10-02.55.12:842][  0]LogTemp: Display: Loaded TP WindowsServerTargetPlatform
[2018.12.10-02.55.12:847][  0]LogTemp: Display: Loaded TP WindowsTargetPlatform
[2018.12.10-02.55.12:916][  0]LogTemp: Display: Loaded TP AndroidTargetPlatform
[2018.12.10-02.55.12:916][  0]LogTemp: Display: Loaded TP AndroidTargetPlatform
[2018.12.10-02.55.12:916][  0]LogTemp: Display: Loaded TP AndroidTargetPlatform
[2018.12.10-02.55.12:916][  0]LogTemp: Display: Loaded TP AndroidTargetPlatform
[2018.12.10-02.55.12:916][  0]LogTemp: Display: Loaded TP AndroidTargetPlatform
[2018.12.10-02.55.12:916][  0]LogTemp: Display: Loaded TP AndroidTargetPlatform
[2018.12.10-02.55.12:916][  0]LogTemp: Display: Loaded TP AndroidTargetPlatform
[2018.12.10-02.55.12:916][  0]LogTemp: Display: Loaded TP AndroidTargetPlatform
[2018.12.10-02.55.12:916][  0]LogTemp: Display: Loaded TP AndroidTargetPlatform
[2018.12.10-02.55.12:916][  0]LogTemp: Display: Loaded TP AndroidTargetPlatform
[2018.12.10-02.55.12:916][  0]LogTemp: Display: Loaded TP AndroidTargetPlatform
[2018.12.10-02.55.12:916][  0]LogTemp: Display: Loaded TP AndroidTargetPlatform
[2018.12.10-02.55.12:916][  0]LogTemp: Display: Loaded TP AndroidTargetPlatform
[2018.12.10-02.55.12:916][  0]LogTemp: Display: Loaded TP AndroidTargetPlatform
[2018.12.10-02.55.12:916][  0]LogTemp: Display: Loaded TP AndroidTargetPlatform
[2018.12.10-02.55.12:916][  0]LogTemp: Display: Loaded TP AndroidTargetPlatform
[2018.12.10-02.55.12:916][  0]LogTemp: Display: Loaded TP AndroidTargetPlatform
[2018.12.10-02.55.12:916][  0]LogTemp: Display: Loaded TP AndroidTargetPlatform
[2018.12.10-02.55.12:917][  0]LogTemp: Display: Loaded TP HTML5TargetPlatform
[2018.12.10-02.55.12:975][  0]LogTemp: Display: Loaded TP IOSTargetPlatform
[2018.12.10-02.55.12:975][  0]LogTemp: Display: Loaded TP IOSTargetPlatform
[2018.12.10-02.55.13:014][  0]LogTemp: Display: Loaded TP TVOSTargetPlatform
[2018.12.10-02.55.13:014][  0]LogTemp: Display: Loaded TP TVOSTargetPlatform
[2018.12.10-02.55.13:029][  0]LogTemp: Display: Loaded TP LinuxClientTargetPlatform
[2018.12.10-02.55.13:044][  0]LogTemp: Display: Loaded TP LinuxNoEditorTargetPlatform
[2018.12.10-02.55.13:059][  0]LogTemp: Display: Loaded TP LinuxServerTargetPlatform
[2018.12.10-02.55.13:074][  0]LogTemp: Display: Loaded TP LinuxTargetPlatform
[2018.12.10-02.55.13:082][  0]LogTemp: Display: Loaded TP LuminTargetPlatform
[2018.12.10-02.55.13:082][  0]LogTargetPlatformManager: Display: Building Assets For Windows
[2018.12.10-02.55.13:127][  0]LogXGEController: Cleaning working directory: C:/Users/tlist/AppData/Local/Temp/UnrealXGEWorkingDir/
[2018.12.10-02.55.13:127][  0]LogXGEController: Cannot use XGE Controller as Incredibuild is not installed on this machine.
[2018.12.10-02.55.13:127][  0]LogShaderCompilers: Cannot use XGE Shader Compiler as Incredibuild is not installed on this machine.
[2018.12.10-02.55.13:127][  0]LogShaderCompilers: Display: Using Local Shader Compiler.
[2018.12.10-02.55.13:714][  0]LogDerivedDataCache: Display: Max Cache Size: 512 MB
[2018.12.10-02.55.13:766][  0]LogDerivedDataCache: Loaded boot cache 0.05s 72MB C:/Users/tlist/AppData/Local/UnrealEngine/4.20/DerivedDataCache/Boot.ddc.
[2018.12.10-02.55.13:767][  0]LogDerivedDataCache: Display: Loaded Boot cache: C:/Users/tlist/AppData/Local/UnrealEngine/4.20/DerivedDataCache/Boot.ddc
[2018.12.10-02.55.13:767][  0]LogDerivedDataCache: FDerivedDataBackendGraph:  Pak pak cache file ../../../../../../Users/tlist/Documents/GitHub/GPG210-Prototypes/PlatformerPrototype/DerivedDataCache/DDC.ddp not found, will not use a pak cache.
[2018.12.10-02.55.13:767][  0]LogDerivedDataCache: Unable to find inner node Pak for hierarchical cache Hierarchy.
[2018.12.10-02.55.13:767][  0]LogDerivedDataCache: FDerivedDataBackendGraph:  CompressedPak pak cache file ../../../../../../Users/tlist/Documents/GitHub/GPG210-Prototypes/PlatformerPrototype/DerivedDataCache/Compressed.ddp not found, will not use a pak cache.
[2018.12.10-02.55.13:767][  0]LogDerivedDataCache: Unable to find inner node CompressedPak for hierarchical cache Hierarchy.
[2018.12.10-02.55.13:779][  0]LogDerivedDataCache: Display: Pak cache opened for reading ../../../Engine/DerivedDataCache/Compressed.ddp.
[2018.12.10-02.55.13:792][  0]LogDerivedDataCache: Using Local data cache path C:/Users/tlist/AppData/Local/UnrealEngine/Common/DerivedDataCache: Writable
[2018.12.10-02.55.13:792][  0]LogDerivedDataCache: Shared data cache path not found in *engine.ini, will not use an Shared cache.
[2018.12.10-02.55.13:792][  0]LogDerivedDataCache: Unable to find inner node Shared for hierarchical cache Hierarchy.
[2018.12.10-02.55.13:822][  0]LogMaterial: Verifying Global Shaders for PCD3D_SM5
[2018.12.10-02.55.13:826][  0]LogSlate: Using FreeType 2.6.0
[2018.12.10-02.55.13:827][  0]LogSlate: SlateFontServices - WITH_FREETYPE: 1, WITH_HARFBUZZ: 1
[2018.12.10-02.55.13:924][  0]LogAssetRegistry: FAssetRegistry took 0.0253 seconds to start up
[2018.12.10-02.55.14:195][  0]LogInit: Selected Device Profile: [Windows]
[2018.12.10-02.55.14:310][  0]LogSimplygon: Simplygon DLL not present - disabling.
[2018.12.10-02.55.14:313][  0]LogMeshReduction: Using SimplygonSwarm for distributed automatic mesh merging
[2018.12.10-02.55.14:313][  0]LogMeshReduction: Using ProxyLODMeshReduction for automatic mesh merging
[2018.12.10-02.55.14:313][  0]LogMeshReduction: Using QuadricMeshReduction for automatic static mesh reduction
[2018.12.10-02.55.14:313][  0]LogMeshReduction: No automatic skeletal mesh reduction module available
[2018.12.10-02.55.14:329][  0]LogNetVersion: PlatformerPrototype 1.0.0, NetCL: 4212847, EngineNetVer: 5, GameNetVer: 0 (Checksum: 3545419167)
[2018.12.10-02.55.14:820][  0]LogPackageLocalizationCache: Processed 13 localized package path(s) for 2 prioritized culture(s) in 0.112248 seconds
[2018.12.10-02.55.14:826][  0]LogUObjectArray: 38425 objects as part of root set at end of initial load.
[2018.12.10-02.55.14:826][  0]LogUObjectAllocator: 6690872 out of 0 bytes used by permanent object pool.
[2018.12.10-02.55.14:826][  0]LogUObjectArray: CloseDisregardForGC: 0/0 objects in disregard for GC pool
[2018.12.10-02.55.15:540][  0]LogTcpMessaging: Initializing TcpMessaging bridge
[2018.12.10-02.55.15:553][  0]LogUdpMessaging: Initializing bridge on interface 0.0.0.0:0 to multicast group 230.0.0.1:6666.
[2018.12.10-02.55.15:713][  0]SourceControl: Source control is disabled
[2018.12.10-02.55.15:713][  0]SourceControl: Source control is disabled
[2018.12.10-02.55.15:715][  0]SourceControl: Source control is disabled
[2018.12.10-02.55.15:716][  0]SourceControl: Source control is disabled
[2018.12.10-02.55.15:911][  0]LogAndroidPermission: UAndroidPermissionCallbackProxy::GetInstance
[2018.12.10-02.55.16:009][  0]LogOcInput: OculusInput pre-init called
[2018.12.10-02.55.17:640][  0]LogEngine: Initializing Engine...
[2018.12.10-02.55.17:640][  0]LogHMD: Failed to initialize OpenVR with code 110
[2018.12.10-02.55.17:641][  0]LogStats: UGameplayTagsManager::ConstructGameplayTagTree: ImportINI prefixes -  0.000 s
[2018.12.10-02.55.17:641][  0]LogStats: UGameplayTagsManager::ConstructGameplayTagTree: Construct from data asset -  0.000 s
[2018.12.10-02.55.17:641][  0]LogStats: UGameplayTagsManager::ConstructGameplayTagTree: ImportINI -  0.000 s
[2018.12.10-02.55.17:641][  0]LogStats: UGameplayTagsManager::ConstructGameplayTagTree: GameplayTagTreeChangedEvent.Broadcast -  0.000 s
[2018.12.10-02.55.17:826][  0]LogInit: Initializing FReadOnlyCVARCache
[2018.12.10-02.55.17:836][  0]LogAIModule: Creating AISystem for world Untitled
[2018.12.10-02.55.17:857][  0]LogInit: XAudio2 using 'Realtek Digital Output(Optical) (Realtek High Definition Audio)' : 2 channels at 48 kHz using 16 bits per sample (channel mask 0x3)
[2018.12.10-02.55.17:911][  0]LogInit: FAudioDevice initialized.
[2018.12.10-02.55.17:911][  0]LogNetVersion: Set ProjectVersion to 1.0.0.0. Version Checksum will be recalculated on next use.
[2018.12.10-02.55.17:980][  0]LogDerivedDataCache: Saved boot cache 0.07s 72MB C:/Users/tlist/AppData/Local/UnrealEngine/4.20/DerivedDataCache/Boot.ddc.
[2018.12.10-02.55.17:986][  0]LogInit: Texture streaming: Enabled
[2018.12.10-02.55.17:998][  0]LogEngineSessionManager: EngineSessionManager initialized
[2018.12.10-02.55.18:011][  0]LogInit: Transaction tracking system initialized
[2018.12.10-02.55.18:026][  0]BlueprintLog: New page: Editor Load
[2018.12.10-02.55.18:076][  0]LocalizationService: Localization service is disabled
[2018.12.10-02.55.18:356][  0]LogCook: Display: Max memory allowance for cook 16384mb min free memory 0mb
[2018.12.10-02.55.18:356][  0]LogCook: Display: Mobile HDR setting 1
[2018.12.10-02.55.18:356][  0]LogGameplayTags: Display: UGameplayTagsManager::DoneAddingNativeTags. DelegateIsBound: 0
[2018.12.10-02.55.18:356][  0]LogStats: UGameplayTagsManager::ConstructGameplayTagTree: ImportINI prefixes -  0.000 s
[2018.12.10-02.55.18:356][  0]LogStats: UGameplayTagsManager::ConstructGameplayTagTree: Construct from data asset -  0.000 s
[2018.12.10-02.55.18:356][  0]LogStats: UGameplayTagsManager::ConstructGameplayTagTree: ImportINI -  0.000 s
[2018.12.10-02.55.18:356][  0]LogStats: UGameplayTagsManager::ConstructGameplayTagTree: GameplayTagTreeChangedEvent.Broadcast -  0.000 s
[2018.12.10-02.55.18:444][  0]LogFileCache: Scanning file cache for directory 'C:/Users/tlist/Documents/GitHub/GPG210-Prototypes/PlatformerPrototype/Content/' took 0.02s
[2018.12.10-02.55.19:405][  0]SourceControl: Source control is disabled
[2018.12.10-02.55.19:405][  0]Cmd: MAP LOAD FILE="../../../../../../Users/tlist/Documents/GitHub/GPG210-Prototypes/PlatformerPrototype/Content/ThirdPersonBP/Maps/Menu.umap" TEMPLATE=0 SHOWPROGRESS=1 FEATURELEVEL=3
[2018.12.10-02.55.19:405][  0]LightingResults: New page: Lighting Build
[2018.12.10-02.55.19:407][  0]MapCheck: New page: Map Check
[2018.12.10-02.55.19:407][  0]LightingResults: New page: Lighting Build
[2018.12.10-02.55.19:448][  0]LogAIModule: Creating AISystem for world Menu
[2018.12.10-02.55.19:452][  0]LogEditorServer: Finished looking for orphan Actors (0.000 secs)
[2018.12.10-02.55.19:471][  0]Cmd: MAP CHECKDEP NOCLEARLOG
[2018.12.10-02.55.19:521][  0]MapCheck: Map check complete: 0 Error(s), 0 Warning(s), took 50.723ms to complete.
[2018.12.10-02.55.19:522][  0]LogFileHelpers: Loading map 'Menu' took 0.117
[2018.12.10-02.55.19:675][  0]LogSlate: Updating window title bar state: overlay mode, drag disabled, window buttons hidden, title bar hidden
[2018.12.10-02.55.19:683][  0]LogSlate: Updating window title bar state: overlay mode, drag disabled, window buttons hidden, title bar hidden
[2018.12.10-02.55.19:692][  0]LogSlate: Updating window title bar state: overlay mode, drag disabled, window buttons hidden, title bar hidden
[2018.12.10-02.55.19:700][  0]LogSlate: Updating window title bar state: overlay mode, drag disabled, window buttons hidden, title bar hidden
[2018.12.10-02.55.19:705][  0]LogCollectionManager: Loaded 0 collections in 0.001222 seconds
[2018.12.10-02.55.19:744][  0]LogFileCache: Scanning file cache for directory 'C:/Users/tlist/Documents/GitHub/GPG210-Prototypes/PlatformerPrototype/Saved/Collections/' took 0.01s
[2018.12.10-02.55.19:744][  0]LogFileCache: Scanning file cache for directory 'C:/Users/tlist/Documents/GitHub/GPG210-Prototypes/PlatformerPrototype/Content/Developers/tlist/Collections/' took 0.01s
[2018.12.10-02.55.19:744][  0]LogFileCache: Scanning file cache for directory 'C:/Users/tlist/Documents/GitHub/GPG210-Prototypes/PlatformerPrototype/Content/Collections/' took 0.01s
[2018.12.10-02.55.19:744][  0]LogCollectionManager: Rebuilt the GUID cache for 0 collections in 0.000000 seconds
[2018.12.10-02.55.19:754][  0]LogContentBrowser: Native class hierarchy populated in 0.0096 seconds. Added 2621 classes and 629 folders.
[2018.12.10-02.55.19:760][  0]LogContentBrowser: Native class hierarchy updated for 'WidgetCarousel' in 0.0002 seconds. Added 0 classes and 0 folders.
[2018.12.10-02.55.19:792][  0]LogContentBrowser: Native class hierarchy updated for 'AddContentDialog' in 0.0002 seconds. Added 0 classes and 0 folders.
[2018.12.10-02.55.19:795][  0]LogContentBrowser: Native class hierarchy updated for 'SceneOutliner' in 0.0002 seconds. Added 1 classes and 2 folders.
[2018.12.10-02.55.19:843][  0]LogSlate: Took 0.000146 seconds to synchronously load lazily loaded font '../../../Engine/Content/Slate/Fonts/Roboto-Regular.ttf' (155K)
[2018.12.10-02.55.19:845][  0]LogSlate: Took 0.000137 seconds to synchronously load lazily loaded font '../../../Engine/Content/Slate/Fonts/Roboto-Bold.ttf' (160K)
[2018.12.10-02.55.19:850][  0]LogSlate: Took 0.000204 seconds to synchronously load lazily loaded font '../../../Engine/Content/Editor/Slate/Fonts/FontAwesome.ttf' (139K)
[2018.12.10-02.55.19:951][  0]LogRenderer: Reallocating scene render targets to support 1796x820 Format 10 NumSamples 1 (Frame:1).
[2018.12.10-02.55.20:071][  0]LogContentBrowser: Native class hierarchy updated for 'HierarchicalLODOutliner' in 0.0005 seconds. Added 0 classes and 0 folders.
[2018.12.10-02.55.20:071][  0]LogLoad: (Engine Initialization) Total time: 10.22 seconds
[2018.12.10-02.55.20:071][  0]LogLoad: (Engine Initialization) Total Blueprint compile time: 0.00 seconds
[2018.12.10-02.55.20:128][  0]LogContentStreaming: Texture pool size now 1000 MB
[2018.12.10-02.55.20:204][  1]LogFileCache: Retrieving MD5 hashes for directory 'C:/Users/tlist/Documents/GitHub/GPG210-Prototypes/PlatformerPrototype/Content/' took 0.10s
[2018.12.10-02.55.20:365][  2]LogAssetRegistry: Asset discovery search completed in 6.4632 seconds
[2018.12.10-02.55.20:367][  2]LogCollectionManager: Rebuilt the object cache for 0 collections in 0.000001 seconds (found 0 objects)
[2018.12.10-02.55.20:367][  2]LogCollectionManager: Fixed up redirectors for 0 collections in 0.000040 seconds (updated 0 objects)
[2018.12.10-02.57.07:526][321]LogSlate: FSceneViewport::OnFocusLost() reason 0
[2018.12.10-02.57.24:292][203]LogSlate: Took 0.000336 seconds to synchronously load lazily loaded font '../../../Engine/Content/Slate/Fonts/Roboto-Light.ttf' (167K)
[2018.12.10-02.57.24:893][203]LogAIModule: Creating AISystem for world Tlist_Testing
[2018.12.10-02.57.24:909][203]LogAssetEditorManager: Opening Asset editor for World /Game/ThirdPersonBP/Maps/Thomas_List_Levels/Tlist_Testing.Tlist_Testing
[2018.12.10-02.57.24:933][203]LightingResults: New page: Lighting Build
[2018.12.10-02.57.24:934][203]LoadErrors: New page: Loading map: Tlist_Testing.umap
[2018.12.10-02.57.24:934][203]MapCheck: New page: Map Check
[2018.12.10-02.57.24:934][203]LightingResults: New page: Lighting Build
[2018.12.10-02.57.25:022][203]LogEditorServer: Finished looking for orphan Actors (0.000 secs)
[2018.12.10-02.57.25:087][203]Cmd: MAP CHECKDEP NOCLEARLOG
[2018.12.10-02.57.25:167][203]MapCheck: Map check complete: 0 Error(s), 0 Warning(s), took 79.77ms to complete.
[2018.12.10-02.57.25:168][203]LogFileHelpers: Loading map 'Tlist_Testing' took 0.235
[2018.12.10-02.57.55:677][904]LogSlate: FSceneViewport::OnFocusLost() reason 0
[2018.12.10-02.58.43:447][686]LogSlate: Window 'Pick Parent Class' being destroyed
[2018.12.10-02.59.29:593][677]LogSlate: Window 'Pick Parent Class' being destroyed
[2018.12.10-03.00.58:548][988]LogAssetEditorManager: Opening Asset editor for Blueprint /Game/ThirdPersonBP/Blueprints/TL_BluePrints/TL_AI/BP_AI.BP_AI
[2018.12.10-03.00.58:920][988]LogContentBrowser: Native class hierarchy updated for 'BlueprintGraph' in 0.0005 seconds. Added 116 classes and 0 folders.
[2018.12.10-03.01.01:511][160]LogRenderer: Reallocating scene render targets to support 1796x984 Format 10 NumSamples 1 (Frame:151).
[2018.12.10-03.01.01:671][179]LogSlate: Window 'BP_AI*' being destroyed
[2018.12.10-03.01.03:120][352]LogSlate: Took 0.000182 seconds to synchronously load lazily loaded font '../../../Engine/Content/Slate/Fonts/Roboto-Italic.ttf' (157K)
[2018.12.10-03.02.11:694][532]LogSlate: FSceneViewport::OnFocusLost() reason 0
[2018.12.10-03.02.14:720][894]LogSlate: Prevented a slow task dialog from being summoned while a context menu was open
[2018.12.10-03.03.15:140][130]LogSlate: FSceneViewport::OnFocusLost() reason 0
[2018.12.10-03.05.05:264][762]LogSlate: FSceneViewport::OnFocusLost() reason 0
[2018.12.10-03.06.15:946][221]BlueprintLog: New page: Compile BP_AI
[2018.12.10-03.06.16:166][221]LogSavePackage: Moving '../../../../../../Users/tlist/Documents/GitHub/GPG210-Prototypes/PlatformerPrototype/Saved/BP_AIA307DD4D45E3FBC6E87DA286C66C750F.tmp' to '../../../../../../Users/tlist/Documents/GitHub/GPG210-Prototypes/PlatformerPrototype/Content/ThirdPersonBP/Blueprints/TL_BluePrints/TL_AI/BP_AI.uasset'
[2018.12.10-03.06.24:893][251]LogAssetEditorManager: Opening Asset editor for BlackboardData /Game/ThirdPersonBP/Blueprints/TL_BluePrints/TL_AI/BB_AIBlackBoard.BB_AIBlackBoard
[2018.12.10-03.06.40:296][ 88]LogSlate: Prevented a slow task dialog from being summoned while a context menu was open
[2018.12.10-03.07.35:136][628]LogSlate: Prevented a slow task dialog from being summoned while a context menu was open
[2018.12.10-03.08.04:545][139]LogSavePackage: Moving '../../../../../../Users/tlist/Documents/GitHub/GPG210-Prototypes/PlatformerPrototype/Saved/BB_AIBlackBoard7B2453B34A9B3E71ABD547A7BF99ED11.tmp' to '../../../../../../Users/tlist/Documents/GitHub/GPG210-Prototypes/PlatformerPrototype/Content/ThirdPersonBP/Blueprints/TL_BluePrints/TL_AI/BB_AIBlackBoard.uasset'
[2018.12.10-03.08.22:796][324]LogAssetEditorManager: Opening Asset editor for Blueprint /Game/ThirdPersonBP/Blueprints/TL_BluePrints/TL_AI/BP_Controller.BP_Controller
[2018.12.10-03.08.42:022][572]LogSlate: Took 0.000153 seconds to synchronously load lazily loaded font '../../../Engine/Content/Slate/Fonts/Roboto-BoldCondensed.ttf' (158K)
[2018.12.10-03.09.52:959][  0]LogFileHelpers: Editor autosave (incl. sublevels) for '/Game/ThirdPersonBP/Maps/Thomas_List_Levels/Tlist_Testing' took 0.023
[2018.12.10-03.09.52:961][  0]OBJ SavePackage: Generating thumbnails for [0] asset(s) in package [/Game/ThirdPersonBP/Blueprints/TL_BluePrints/TL_AI/BP_Controller] ([1] browsable assets)...
[2018.12.10-03.09.52:961][  0]OBJ SavePackage: Finished generating thumbnails for package [/Game/ThirdPersonBP/Blueprints/TL_BluePrints/TL_AI/BP_Controller]
[2018.12.10-03.09.52:973][  0]LogSavePackage: Moving '../../../../../../Users/tlist/Documents/GitHub/GPG210-Prototypes/PlatformerPrototype/Saved/BP_Controller_Auto1EB92507747EEF9DB112DC18B4D13698A.tmp' to '../../../../../../Users/tlist/Documents/GitHub/GPG210-Prototypes/PlatformerPrototype/Saved/Autosaves/Game/ThirdPersonBP/Blueprints/TL_BluePrints/TL_AI/BP_Controller_Auto1.uasset'
[2018.12.10-03.09.52:975][  0]OBJ SavePackage: Generating thumbnails for [0] asset(s) in package [/Game/ThirdPersonBP/Blueprints/TL_BluePrints/TL_AI/BT_AIBehaviourTree] ([1] browsable assets)...
[2018.12.10-03.09.52:975][  0]OBJ SavePackage: Finished generating thumbnails for package [/Game/ThirdPersonBP/Blueprints/TL_BluePrints/TL_AI/BT_AIBehaviourTree]
[2018.12.10-03.09.52:980][  0]LogSavePackage: Moving '../../../../../../Users/tlist/Documents/GitHub/GPG210-Prototypes/PlatformerPrototype/Saved/BT_AIBehaviourTree_Auto16DCE910849C55815D946A8ABD018341E.tmp' to '../../../../../../Users/tlist/Documents/GitHub/GPG210-Prototypes/PlatformerPrototype/Saved/Autosaves/Game/ThirdPersonBP/Blueprints/TL_BluePrints/TL_AI/BT_AIBehaviourTree_Auto1.uasset'
[2018.12.10-03.09.52:981][  0]LogFileHelpers: Auto-saving content packages took 0.022
[2018.12.10-03.14.20:472][891]BlueprintLog: New page: Compile BP_Controller
[2018.12.10-03.14.20:638][891]LogSavePackage: Moving '../../../../../../Users/tlist/Documents/GitHub/GPG210-Prototypes/PlatformerPrototype/Saved/BP_ControllerBA4553604F1268133A0148955D32D6E8.tmp' to '../../../../../../Users/tlist/Documents/GitHub/GPG210-Prototypes/PlatformerPrototype/Content/ThirdPersonBP/Blueprints/TL_BluePrints/TL_AI/BP_Controller.uasset'
[2018.12.10-03.14.20:699][895]LogPackageName: SearchForPackageOnDisk took   0.000s to resolve /Game/ThirdPersonBP/Blueprints/TL_BluePrints/TL_AI/BP_Controller.
[2018.12.10-03.16.31:950][591]BlueprintLog: New page: Compile BP_Controller
[2018.12.10-03.16.32:118][591]LogSavePackage: Moving '../../../../../../Users/tlist/Documents/GitHub/GPG210-Prototypes/PlatformerPrototype/Saved/BP_Controller0767906B403A96928089D2BEEA1EC373.tmp' to '../../../../../../Users/tlist/Documents/GitHub/GPG210-Prototypes/PlatformerPrototype/Content/ThirdPersonBP/Blueprints/TL_BluePrints/TL_AI/BP_Controller.uasset'
[2018.12.10-03.16.51:578][488]LogEditorViewport: Clicking on Actor (LMB): StaticMeshActor (Floor)
[2018.12.10-03.17.06:800][165]LogSlate: FSceneViewport::OnFocusLost() reason 0
[2018.12.10-03.17.06:927][179]LogAssetEditorManager: Opening Asset editor for BehaviorTree /Game/ThirdPersonBP/Blueprints/TL_BluePrints/TL_AI/BT_AIBehaviourTree.BT_AIBehaviourTree
[2018.12.10-03.19.53:432][168]LogSavePackage: Moving '../../../../../../Users/tlist/Documents/GitHub/GPG210-Prototypes/PlatformerPrototype/Saved/Tlist_Testing_Auto2380FC50F41B67DB845D546B548472E6C.tmp' to '../../../../../../Users/tlist/Documents/GitHub/GPG210-Prototypes/PlatformerPrototype/Saved/Autosaves/Game/ThirdPersonBP/Maps/Thomas_List_Levels/Tlist_Testing_Auto2.umap'
[2018.12.10-03.19.53:435][168]LogFileHelpers: Editor autosave (incl. sublevels) for '/Game/ThirdPersonBP/Maps/Thomas_List_Levels/Tlist_Testing' took 0.131
[2018.12.10-03.19.53:435][168]LogFileHelpers: Editor autosave (incl. sublevels) for all levels took 0.131
[2018.12.10-03.19.53:437][168]OBJ SavePackage: Generating thumbnails for [0] asset(s) in package [/Game/ThirdPersonBP/Blueprints/TL_BluePrints/TL_AI/BT_AIBehaviourTree] ([1] browsable assets)...
[2018.12.10-03.19.53:437][168]OBJ SavePackage: Finished generating thumbnails for package [/Game/ThirdPersonBP/Blueprints/TL_BluePrints/TL_AI/BT_AIBehaviourTree]
[2018.12.10-03.19.53:444][168]LogSavePackage: Moving '../../../../../../Users/tlist/Documents/GitHub/GPG210-Prototypes/PlatformerPrototype/Saved/BT_AIBehaviourTree_Auto2A3FCEA8D46A05C1AB24D1EA75876EC37.tmp' to '../../../../../../Users/tlist/Documents/GitHub/GPG210-Prototypes/PlatformerPrototype/Saved/Autosaves/Game/ThirdPersonBP/Blueprints/TL_BluePrints/TL_AI/BT_AIBehaviourTree_Auto2.uasset'
[2018.12.10-03.19.53:445][168]LogFileHelpers: Auto-saving content packages took 0.009
[2018.12.10-03.21.59:527][387]LogSlate: Prevented a slow task dialog from being summoned while a context menu was open
[2018.12.10-03.22.22:071][ 72]LogSlate: Prevented a slow task dialog from being summoned while a context menu was open
[2018.12.10-03.22.22:071][ 72]LogAssetEditorManager: Opening Asset editor for Blueprint /Game/ThirdPersonBP/Blueprints/TL_BluePrints/TL_AI/ArgoCheck_New.ArgoCheck_New
[2018.12.10-03.22.22:374][ 72]LogPackageName: SearchForPackageOnDisk took   0.000s, but failed to resolve /Game/ThirdPersonBP/Blueprints/TL_BluePrints/TL_AI/ArgoCheck_New.
[2018.12.10-03.31.42:931][255]LogFileHelpers: Editor autosave (incl. sublevels) for '/Game/ThirdPersonBP/Maps/Thomas_List_Levels/Tlist_Testing' took 0.067
[2018.12.10-03.31.42:932][255]OBJ SavePackage: Generating thumbnails for [0] asset(s) in package [/Game/ThirdPersonBP/Blueprints/TL_BluePrints/TL_AI/ArgoCheck_New] ([1] browsable assets)...
[2018.12.10-03.31.42:932][255]OBJ SavePackage: Finished generating thumbnails for package [/Game/ThirdPersonBP/Blueprints/TL_BluePrints/TL_AI/ArgoCheck_New]
[2018.12.10-03.31.42:947][255]LogSavePackage: Moving '../../../../../../Users/tlist/Documents/GitHub/GPG210-Prototypes/PlatformerPrototype/Saved/ArgoCheck_New_Auto3D86BE4A44A619CC1A51330B2A57DA3F9.tmp' to '../../../../../../Users/tlist/Documents/GitHub/GPG210-Prototypes/PlatformerPrototype/Saved/Autosaves/Game/ThirdPersonBP/Blueprints/TL_BluePrints/TL_AI/ArgoCheck_New_Auto3.uasset'
[2018.12.10-03.31.42:947][255]LogFileHelpers: Auto-saving content packages took 0.017
[2018.12.10-03.33.55:313][438]LogSlate: Took 0.007761 seconds to synchronously load lazily loaded font '../../../Engine/Content/Slate/Fonts/Roboto-BoldCondensedItalic.ttf' (160K)
[2018.12.10-03.35.21:614][608]LogWindows: Error: === Critical error: ===
[2018.12.10-03.35.21:614][608]LogWindows: Error: 
[2018.12.10-03.35.21:614][608]LogWindows: Error: Fatal error!
[2018.12.10-03.35.21:614][608]LogWindows: Error: 
[2018.12.10-03.35.21:614][608]LogWindows: Error: Unhandled Exception: EXCEPTION_STACK_OVERFLOW
[2018.12.10-03.35.21:614][608]LogWindows: Error: 
[2018.12.10-03.35.21:614][608]LogWindows: Error: [Callstack] 0x00007fffe6874e96 UE4Editor-AssetRegistry.dll!UnknownFunction []
[2018.12.10-03.35.21:614][608]LogWindows: Error: [Callstack] 0x00007fffe68a702d UE4Editor-AssetRegistry.dll!UnknownFunction []
[2018.12.10-03.35.21:614][608]LogWindows: Error: [Callstack] 0x00007fffe68a740e UE4Editor-AssetRegistry.dll!UnknownFunction []
[2018.12.10-03.35.21:614][608]LogWindows: Error: [Callstack] 0x00007fffe68a740e UE4Editor-AssetRegistry.dll!UnknownFunction []
[2018.12.10-03.35.21:614][608]LogWindows: Error: [Callstack] 0x00007fffe68a740e UE4Editor-AssetRegistry.dll!UnknownFunction []
[2018.12.10-03.35.21:614][608]LogWindows: Error: [Callstack] 0x00007fffe68a740e UE4Editor-AssetRegistry.dll!UnknownFunction []
[2018.12.10-03.35.21:614][608]LogWindows: Error: [Callstack] 0x00007fffe68a740e UE4Editor-AssetRegistry.dll!UnknownFunction []
[2018.12.10-03.35.21:614][608]LogWindows: Error: [Callstack] 0x00007fffe68a740e UE4Editor-AssetRegistry.dll!UnknownFunction []
[2018.12.10-03.35.21:614][608]LogWindows: Error: [Callstack] 0x00007fffe68a740e UE4Editor-AssetRegistry.dll!UnknownFunction []
[2018.12.10-03.35.21:614][608]LogWindows: Error: [Callstack] 0x00007fffe68a740e UE4Editor-AssetRegistry.dll!UnknownFunction []
[2018.12.10-03.35.21:614][608]LogWindows: Error: [Callstack] 0x00007fffe68a740e UE4Editor-AssetRegistry.dll!UnknownFunction []
[2018.12.10-03.35.21:614][608]LogWindows: Error: [Callstack] 0x00007fffe68a740e UE4Editor-AssetRegistry.dll!UnknownFunction []
[2018.12.10-03.35.21:614][608]LogWindows: Error: [Callstack] 0x00007fffe68a740e UE4Editor-AssetRegistry.dll!UnknownFunction []
[2018.12.10-03.35.21:614][608]LogWindows: Error: [Callstack] 0x00007fffe68a740e UE4Editor-AssetRegistry.dll!UnknownFunction []
[2018.12.10-03.35.21:614][608]LogWindows: Error: [Callstack] 0x00007fffe68a740e UE4Editor-AssetRegistry.dll!UnknownFunction []
[2018.12.10-03.35.21:614][608]LogWindows: Error: [Callstack] 0x00007fffe68a740e UE4Editor-AssetRegistry.dll!UnknownFunction []
[2018.12.10-03.35.21:614][608]LogWindows: Error: [Callstack] 0x00007fffe68a740e UE4Editor-AssetRegistry.dll!UnknownFunction []
[2018.12.10-03.35.21:614][608]LogWindows: Error: [Callstack] 0x00007fffe68a740e UE4Editor-AssetRegistry.dll!UnknownFunction []
[2018.12.10-03.35.21:614][608]LogWindows: Error: [Callstack] 0x00007fffe68a740e UE4Editor-AssetRegistry.dll!UnknownFunction []
[2018.12.10-03.35.21:614][608]LogWindows: Error: [Callstack] 0x00007fffe68a740e UE4Editor-AssetRegistry.dll!UnknownFunction []
[2018.12.10-03.35.21:614][608]LogWindows: Error: [Callstack] 0x00007fffe68a740e UE4Editor-AssetRegistry.dll!UnknownFunction []
[2018.12.10-03.35.21:614][608]LogWindows: Error: [Callstack] 0x00007fffe68a740e UE4Editor-AssetRegistry.dll!UnknownFunction []
[2018.12.10-03.35.21:614][608]LogWindows: Error: [Callstack] 0x00007fffe68a740e UE4Editor-AssetRegistry.dll!UnknownFunction []
[2018.12.10-03.35.21:614][608]LogWindows: Error: [Callstack] 0x00007fffe68a740e UE4Editor-AssetRegistry.dll!UnknownFunction []
[2018.12.10-03.35.21:614][608]LogWindows: Error: [Callstack] 0x00007fffe68a740e UE4Editor-AssetRegistry.dll!UnknownFunction []
[2018.12.10-03.35.21:614][608]LogWindows: Error: [Callstack] 0x00007fffe68a740e UE4Editor-AssetRegistry.dll!UnknownFunction []
[2018.12.10-03.35.21:614][608]LogWindows: Error: [Callstack] 0x00007fffe68a740e UE4Editor-AssetRegistry.dll!UnknownFunction []
[2018.12.10-03.35.21:614][608]LogWindows: Error: [Callstack] 0x00007fffe68a740e UE4Editor-AssetRegistry.dll!UnknownFunction []
[2018.12.10-03.35.21:614][608]LogWindows: Error: [Callstack] 0x00007fffe68a740e UE4Editor-AssetRegistry.dll!UnknownFunction []
[2018.12.10-03.35.21:614][608]LogWindows: Error: [Callstack] 0x00007fffe68a740e UE4Editor-AssetRegistry.dll!UnknownFunction []
[2018.12.10-03.35.21:614][608]LogWindows: Error: [Callstack] 0x00007fffe68a740e UE4Editor-AssetRegistry.dll!UnknownFunction []
[2018.12.10-03.35.21:614][608]LogWindows: Error: [Callstack] 0x00007fffe68a740e UE4Editor-AssetRegistry.dll!UnknownFunction []
[2018.12.10-03.35.21:614][608]LogWindows: Error: [Callstack] 0x00007fffe68a740e UE4Editor-AssetRegistry.dll!UnknownFunction []
[2018.12.10-03.35.21:614][608]LogWindows: Error: [Callstack] 0x00007fffe68a740e UE4Editor-AssetRegistry.dll!UnknownFunction []
[2018.12.10-03.35.21:614][608]LogWindows: Error: [Callstack] 0x00007fffe68a740e UE4Editor-AssetRegistry.dll!UnknownFunction []
[2018.12.10-03.35.21:614][608]LogWindows: Error: [Callstack] 0x00007fffe68a740e UE4Editor-AssetRegistry.dll!UnknownFunction []
[2018.12.10-03.35.21:614][608]LogWindows: Error: [Callstack] 0x00007fffe68a740e UE4Editor-AssetRegistry.dll!UnknownFunction []
[2018.12.10-03.35.21:614][608]LogWindows: Error: [Callstack] 0x00007fffe68a740e UE4Editor-AssetRegistry.dll!UnknownFunction []
[2018.12.10-03.35.21:614][608]LogWindows: Error: [Callstack] 0x00007fffe68a740e UE4Editor-AssetRegistry.dll!UnknownFunction []
[2018.12.10-03.35.21:614][608]LogWindows: Error: [Callstack] 0x00007fffe68a740e UE4Editor-AssetRegistry.dll!UnknownFunction []
[2018.12.10-03.35.21:614][608]LogWindows: Error: [Callstack] 0x00007fffe68a740e UE4Editor-AssetRegistry.dll!UnknownFunction []
[2018.12.10-03.35.21:614][608]LogWindows: Error: [Callstack] 0x00007fffe68a740e UE4Editor-AssetRegistry.dll!UnknownFunction []
[2018.12.10-03.35.21:614][608]LogWindows: Error: [Callstack] 0x00007fffe68a740e UE4Editor-AssetRegistry.dll!UnknownFunction []
[2018.12.10-03.35.21:614][608]LogWindows: Error: [Callstack] 0x00007fffe68a740e UE4Editor-AssetRegistry.dll!UnknownFunction []
[2018.12.10-03.35.21:614][608]LogWindows: Error: [Callstack] 0x00007fffe68a740e UE4Editor-AssetRegistry.dll!UnknownFunction []
[2018.12.10-03.35.21:614][608]LogWindows: Error: [Callstack] 0x00007fffe68a740e UE4Editor-AssetRegistry.dll!UnknownFunction []
[2018.12.10-03.35.21:614][608]LogWindows: Error: [Callstack] 0x00007fffe68a740e UE4Editor-AssetRegistry.dll!UnknownFunction []
[2018.12.10-03.35.21:615][608]LogWindows: Error: [Callstack] 0x00007fffe68a740e UE4Editor-AssetRegistry.dll!UnknownFunction []
[2018.12.10-03.35.21:615][608]LogWindows: Error: [Callstack] 0x00007fffe68a740e UE4Editor-AssetRegistry.dll!UnknownFunction []
[2018.12.10-03.35.21:615][608]LogWindows: Error: [Callstack] 0x00007fffe68a740e UE4Editor-AssetRegistry.dll!UnknownFunction []
[2018.12.10-03.35.21:615][608]LogWindows: Error: [Callstack] 0x00007fffe68a740e UE4Editor-AssetRegistry.dll!UnknownFunction []
[2018.12.10-03.35.21:615][608]LogWindows: Error: [Callstack] 0x00007fffe68a740e UE4Editor-AssetRegistry.dll!UnknownFunction []
[2018.12.10-03.35.21:615][608]LogWindows: Error: [Callstack] 0x00007fffe68a740e UE4Editor-AssetRegistry.dll!UnknownFunction []
[2018.12.10-03.35.21:615][608]LogWindows: Error: [Callstack] 0x00007fffe68a740e UE4Editor-AssetRegistry.dll!UnknownFunction []
[2018.12.10-03.35.21:615][608]LogWindows: Error: [Callstack] 0x00007fffe68a740e UE4Editor-AssetRegistry.dll!UnknownFunction []
[2018.12.10-03.35.21:615][608]LogWindows: Error: [Callstack] 0x00007fffe68a740e UE4Editor-AssetRegistry.dll!UnknownFunction []
[2018.12.10-03.35.21:615][608]LogWindows: Error: [Callstack] 0x00007fffe68a740e UE4Editor-AssetRegistry.dll!UnknownFunction []
[2018.12.10-03.35.21:615][608]LogWindows: Error: [Callstack] 0x00007fffe68a740e UE4Editor-AssetRegistry.dll!UnknownFunction []
[2018.12.10-03.35.21:615][608]LogWindows: Error: [Callstack] 0x00007fffe68a740e UE4Editor-AssetRegistry.dll!UnknownFunction []
[2018.12.10-03.35.21:615][608]LogWindows: Error: [Callstack] 0x00007fffe68a740e UE4Editor-AssetRegistry.dll!UnknownFunction []
[2018.12.10-03.35.21:615][608]LogWindows: Error: [Callstack] 0x00007fffe68a740e UE4Editor-AssetRegistry.dll!UnknownFunction []
[2018.12.10-03.35.21:615][608]LogWindows: Error: [Callstack] 0x00007fffe68a740e UE4Editor-AssetRegistry.dll!UnknownFunction []
[2018.12.10-03.35.21:615][608]LogWindows: Error: [Callstack] 0x00007fffe68a740e UE4Editor-AssetRegistry.dll!UnknownFunction []
[2018.12.10-03.35.21:615][608]LogWindows: Error: [Callstack] 0x00007fffe68a740e UE4Editor-AssetRegistry.dll!UnknownFunction []
[2018.12.10-03.35.21:615][608]LogWindows: Error: [Callstack] 0x00007fffe68a740e UE4Editor-AssetRegistry.dll!UnknownFunction []
[2018.12.10-03.35.21:615][608]LogWindows: Error: [Callstack] 0x00007fffe68a740e UE4Editor-AssetRegistry.dll!UnknownFunction []
[2018.12.10-03.35.21:615][608]LogWindows: Error: [Callstack] 0x00007fffe68a740e UE4Editor-AssetRegistry.dll!UnknownFunction []
[2018.12.10-03.35.21:615][608]LogWindows: Error: [Callstack] 0x00007fffe68a740e UE4Editor-AssetRegistry.dll!UnknownFunction []
[2018.12.10-03.35.21:615][608]LogWindows: Error: [Callstack] 0x00007fffe68a740e UE4Editor-AssetRegistry.dll!UnknownFunction []
[2018.12.10-03.35.21:615][608]LogWindows: Error: [Callstack] 0x00007fffe68a740e UE4Editor-AssetRegistry.dll!UnknownFunction []
[2018.12.10-03.35.21:615][608]LogWindows: Error: [Callstack] 0x00007fffe68a740e UE4Editor-AssetRegistry.dll!UnknownFunction []
[2018.12.10-03.35.21:615][608]LogWindows: Error: [Callstack] 0x00007fffe68a740e UE4Editor-AssetRegistry.dll!UnknownFunction []
[2018.12.10-03.35.21:615][608]LogWindows: Error: [Callstack] 0x00007fffe68a740e UE4Editor-AssetRegistry.dll!UnknownFunction []
[2018.12.10-03.35.21:615][608]LogWindows: Error: [Callstack] 0x00007fffe68a740e UE4Editor-AssetRegistry.dll!UnknownFunction []
[2018.12.10-03.35.21:615][608]LogWindows: Error: [Callstack] 0x00007fffe68a740e UE4Editor-AssetRegistry.dll!UnknownFunction []
[2018.12.10-03.35.21:615][608]LogWindows: Error: [Callstack] 0x00007fffe68a740e UE4Editor-AssetRegistry.dll!UnknownFunction []
[2018.12.10-03.35.21:615][608]LogWindows: Error: [Callstack] 0x00007fffe68a740e UE4Editor-AssetRegistry.dll!UnknownFunction []
[2018.12.10-03.35.21:615][608]LogWindows: Error: [Callstack] 0x00007fffe68a740e UE4Editor-AssetRegistry.dll!UnknownFunction []
[2018.12.10-03.35.21:615][608]LogWindows: Error: [Callstack] 0x00007fffe68a740e UE4Editor-AssetRegistry.dll!UnknownFunction []
[2018.12.10-03.35.21:615][608]LogWindows: Error: [Callstack] 0x00007fffe68a740e UE4Editor-AssetRegistry.dll!UnknownFunction []
[2018.12.10-03.35.21:615][608]LogWindows: Error: [Callstack] 0x00007fffe68a740e UE4Editor-AssetRegistry.dll!UnknownFunction []
[2018.12.10-03.35.21:615][608]LogWindows: Error: [Callstack] 0x00007fffe68a740e UE4Editor-AssetRegistry.dll!UnknownFunction []
[2018.12.10-03.35.21:615][608]LogWindows: Error: [Callstack] 0x00007fffe68a740e UE4Editor-AssetRegistry.dll!UnknownFunction []
[2018.12.10-03.35.21:615][608]LogWindows: Error: [Callstack] 0x00007fffe68a740e UE4Editor-AssetRegistry.dll!UnknownFunction []
[2018.12.10-03.35.21:615][608]LogWindows: Error: [Callstack] 0x00007fffe68a740e UE4Editor-AssetRegistry.dll!UnknownFunction []
[2018.12.10-03.35.21:615][608]LogWindows: Error: [Callstack] 0x00007fffe68a740e UE4Editor-AssetRegistry.dll!UnknownFunction []
[2018.12.10-03.35.21:615][608]LogWindows: Error: [Callstack] 0x00007fffe68a740e UE4Editor-AssetRegistry.dll!UnknownFunction []
[2018.12.10-03.35.21:615][608]LogWindows: Error: [Callstack] 0x00007fffe68a740e UE4Editor-AssetRegistry.dll!UnknownFunction []
[2018.12.10-03.35.21:615][608]LogWindows: Error: [Callstack] 0x00007fffe68a740e UE4Editor-AssetRegistry.dll!UnknownFunction []
[2018.12.10-03.35.21:615][608]LogWindows: Error: [Callstack] 0x00007fffe68a740e UE4Editor-AssetRegistry.dll!UnknownFunction []
[2018.12.10-03.35.21:615][608]LogWindows: Error: [Callstack] 0x00007fffe68a740e UE4Editor-AssetRegistry.dll!UnknownFunction []
[2018.12.10-03.35.21:615][608]LogWindows: Error: [Callstack] 0x00007fffe68a740e UE4Editor-AssetRegistry.dll!UnknownFunction []
[2018.12.10-03.35.21:615][608]LogWindows: Error: [Callstack] 0x00007fffe68a740e UE4Editor-AssetRegistry.dll!UnknownFunction []
[2018.12.10-03.35.21:615][608]LogWindows: Error: [Callstack] 0x00007fffe68a740e UE4Editor-AssetRegistry.dll!UnknownFunction []
[2018.12.10-03.35.21:615][608]LogWindows: Error: [Callstack] 0x00007fffe68a740e UE4Editor-AssetRegistry.dll!UnknownFunction []
[2018.12.10-03.35.21:615][608]LogWindows: Error: [Callstack] 0x00007fffe68a740e UE4Editor-AssetRegistry.dll!UnknownFunction []
[2018.12.10-03.35.21:615][608]LogWindows: Error: [Callstack] 0x00007fffe68a740e UE4Editor-AssetRegistry.dll!UnknownFunction []
[2018.12.10-03.35.21:615][608]LogWindows: Error: [Callstack] 0x00007fffe68a740e UE4Editor-AssetRegistry.dll!UnknownFunction []
[2018.12.10-03.35.21:615][608]LogWindows: Error: [Callstack] 0x00007fffe68a740e UE4Editor-AssetRegistry.dll!UnknownFunction []
[2018.12.10-03.35.21:615][608]LogWindows: Error: [Callstack] 0x00007fffe68a740e UE4Editor-AssetRegistry.dll!UnknownFunction []
[2018.12.10-03.35.21:615][608]LogWindows: Error: 
[2018.12.10-03.35.21:630][608]LogExit: Executing StaticShutdownAfterError
[2018.12.10-03.35.21:633][608]LogWindows: FPlatformMisc::RequestExit(1)
[2018.12.10-03.35.21:645][608]Log file closed, 12/10/18 14:35:21
