Log file open, 11/20/18 10:48:15
LogWindows: Failed to load 'aqProf.dll' (GetLastError=126)
LogWindows: File 'aqProf.dll' does not exist
LogWindows: Failed to load 'VSPerf140.dll' (GetLastError=126)
LogWindows: File 'VSPerf140.dll' does not exist
LogWindows: Failed to load 'VtuneApi.dll' (GetLastError=126)
LogWindows: File 'VtuneApi.dll' does not exist
LogWindows: Failed to load 'VtuneApi32e.dll' (GetLastError=126)
LogWindows: File 'VtuneApi32e.dll' does not exist
LogInit: Display: Running engine for game: PlatformerPrototype
LogPlatformFile: Not using cached read wrapper
LogTaskGraph: Started task graph with 5 named threads and 23 total threads with 3 sets of task threads.
LogStats: Stats thread started at 0.285227
LogD3D11RHI: Loaded GFSDK_Aftermath_Lib.x64.dll
LogICUInternationalization: Display: ICU TimeZone Detection - Raw Offset: +10:00, Platform Override: ''
LogPluginManager: Mounting plugin Paper2D
LogPluginManager: Mounting plugin AISupport
LogPluginManager: Mounting plugin LightPropagationVolume
LogPluginManager: Mounting plugin CLionSourceCodeAccess
LogPluginManager: Mounting plugin CodeLiteSourceCodeAccess
LogPluginManager: Mounting plugin GitSourceControl
LogPluginManager: Mounting plugin KDevelopSourceCodeAccess
LogPluginManager: Mounting plugin NullSourceCodeAccess
LogPluginManager: Mounting plugin PerforceSourceControl
LogPluginManager: Mounting plugin SubversionSourceControl
LogPluginManager: Mounting plugin UObjectPlugin
LogPluginManager: Mounting plugin VisualStudioCodeSourceCodeAccess
LogPluginManager: Mounting plugin VisualStudioSourceCodeAccess
LogPluginManager: Mounting plugin XCodeSourceCodeAccess
LogPluginManager: Mounting plugin AssetManagerEditor
LogPluginManager: Mounting plugin CryptoKeys
LogPluginManager: Mounting plugin DataValidation
LogPluginManager: Mounting plugin EditorScriptingUtilities
LogPluginManager: Mounting plugin FacialAnimation
LogPluginManager: Mounting plugin GameplayTagsEditor
LogPluginManager: Mounting plugin MacGraphicsSwitching
LogPluginManager: Mounting plugin MeshEditor
LogPluginManager: Mounting plugin MobileLauncherProfileWizard
LogPluginManager: Mounting plugin PluginBrowser
LogPluginManager: Mounting plugin SpeedTreeImporter
LogPluginManager: Mounting plugin DatasmithContent
LogPluginManager: Mounting plugin AlembicImporter
LogPluginManager: Mounting plugin AppleImageUtils
LogPluginManager: Mounting plugin AppleVision
LogPluginManager: Mounting plugin BackChannel
LogPluginManager: Mounting plugin CharacterAI
LogPluginManager: Mounting plugin GeometryCache
LogPluginManager: Mounting plugin HTML5Networking
LogPluginManager: Mounting plugin ProxyLODPlugin
LogPluginManager: Mounting plugin MagicLeap
LogPluginManager: Mounting plugin MagicLeapEmulator
LogPluginManager: Mounting plugin MagicLeapMedia
LogPluginManager: Mounting plugin AndroidMedia
LogPluginManager: Mounting plugin AvfMedia
LogPluginManager: Mounting plugin ImgMedia
LogPluginManager: Mounting plugin LinearTimecode
LogPluginManager: Mounting plugin MediaCompositing
LogPluginManager: Mounting plugin MediaPlayerEditor
LogPluginManager: Mounting plugin WmfMedia
LogPluginManager: Mounting plugin TcpMessaging
LogPluginManager: Mounting plugin UdpMessaging
LogPluginManager: Mounting plugin ActorSequence
LogPluginManager: Mounting plugin LevelSequenceEditor
LogPluginManager: Mounting plugin MatineeToLevelSequence
LogPluginManager: Mounting plugin NetcodeUnitTest
LogPluginManager: Mounting plugin NUTUnrealEngine4
LogPluginManager: Mounting plugin OnlineSubsystemGooglePlay
LogPluginManager: Mounting plugin OnlineSubsystemIOS
LogPluginManager: Mounting plugin OnlineSubsystem
LogPluginManager: Mounting plugin OnlineSubsystemNull
LogPluginManager: Mounting plugin OnlineSubsystemUtils
LogPluginManager: Mounting plugin LauncherChunkInstaller
LogPluginManager: Mounting plugin AndroidDeviceProfileSelector
LogPluginManager: Mounting plugin AndroidMoviePlayer
LogPluginManager: Mounting plugin AndroidPermission
LogPluginManager: Mounting plugin AppleMoviePlayer
LogPluginManager: Mounting plugin ArchVisCharacter
LogPluginManager: Mounting plugin AudioCapture
LogPluginManager: Mounting plugin CableComponent
LogPluginManager: Mounting plugin CustomMeshComponent
LogPluginManager: Mounting plugin EditableMesh
LogPluginManager: Mounting plugin ExampleDeviceProfileSelector
LogPluginManager: Mounting plugin GoogleCloudMessaging
LogPluginManager: Mounting plugin ImmediatePhysics
LogPluginManager: Mounting plugin IOSDeviceProfileSelector
LogPluginManager: Mounting plugin LinuxDeviceProfileSelector
LogPluginManager: Mounting plugin LocationServicesBPLibrary
LogPluginManager: Mounting plugin MobilePatchingUtils
LogPluginManager: Mounting plugin OculusVR
LogPluginManager: Plugin shader directory ../../../Engine/Plugins/Runtime/Oculus/OculusVR/Shaders found
LogPluginManager: Mapping shader source directory ../../../Engine/Plugins/Runtime/Oculus/OculusVR/Shaders to virtual directory /Plugin/OculusVR
LogPluginManager: Mounting plugin PhysXVehicles
LogPluginManager: Mounting plugin ProceduralMeshComponent
LogPluginManager: Mounting plugin RuntimePhysXCooking
LogPluginManager: Mounting plugin SteamVR
LogPluginManager: Mounting plugin WindowsMoviePlayer
LogPluginManager: Mounting plugin DatasmithCADImporter
LogPluginManager: Mounting plugin DatasmithFBXImporter
LogPluginManager: Mounting plugin DatasmithImporter
LogPluginManager: Mounting plugin DatasmithMDLImporter
LogPluginManager: Mounting plugin StaticMeshEditorExtension
LogStreaming: Display: Took  0.100s to configure plugins.
LogInit: Using libcurl 7.55.1-DEV
LogInit:  - built for x86_64-pc-win32
LogInit:  - supports SSL with OpenSSL/1.0.2h
LogInit:  - supports HTTP deflate (compression) using libz 1.2.8
LogInit:  - other features:
LogInit:      CURL_VERSION_SSL
LogInit:      CURL_VERSION_LIBZ
LogInit:      CURL_VERSION_IPV6
LogInit:      CURL_VERSION_ASYNCHDNS
LogInit:      CURL_VERSION_LARGEFILE
LogInit:      CURL_VERSION_IDN
LogInit:  CurlRequestOptions (configurable via config and command line):
LogInit:  - bVerifyPeer = false  - Libcurl will NOT verify peer certificate
LogInit:  - bUseHttpProxy = false  - Libcurl will NOT use HTTP proxy
LogInit:  - bDontReuseConnections = false  - Libcurl will reuse connections
LogInit:  - CertBundlePath = nullptr  - Libcurl will use whatever was configured at build time.
LogInit:  - MaxHostConnections = 16  - Libcurl will limit the number of connections to a host
LogInit:  - LocalHostAddr = Default
LogInit:  - BufferSize = 65536
LogInit: WinSock: version 1.1 (2.2), MaxSocks=32767, MaxUdp=65467
LogHMD: Failed initializing OVRPlugin 1.25.0
LogInit: Build: ++UE4+Release-4.20-CL-4302132
LogInit: Engine Version: 4.20.2-4302132+++UE4+Release-4.20
LogInit: Compatible Engine Version: 4.20.0-4212847+++UE4+Release-4.20
LogInit: Net CL: 4212847
LogInit: OS: Windows 10 (), CPU: Intel(R) Core(TM) i7-6700 CPU @ 3.40GHz, GPU: NVIDIA GeForce GTX 980
LogInit: Compiled (64-bit): Aug 21 2018 02:06:06
LogInit: Compiled with Visual C++: 19.13.26129.00
LogInit: Build Configuration: Development
LogInit: Branch Name: ++UE4+Release-4.20
LogInit: Command Line:  
LogInit: Base Directory: C:/Program Files/Epic Games/UE_4.20/Engine/Binaries/Win64/
LogInit: Installed Engine Build: 1
LogDevObjectVersion: Number of dev versions registered: 20
LogDevObjectVersion:   Dev-Blueprints (B0D832E4-1F89-4F0D-ACCF-7EB736FD4AA2): 10
LogDevObjectVersion:   Dev-Build (E1C64328-A22C-4D53-A36C-8E866417BD8C): 0
LogDevObjectVersion:   Dev-Core (375EC13C-06E4-48FB-B500-84F0262A717E): 2
LogDevObjectVersion:   Dev-Editor (E4B068ED-F494-42E9-A231-DA0B2E46BB41): 24
LogDevObjectVersion:   Dev-Framework (CFFC743F-43B0-4480-9391-14DF171D2073): 34
LogDevObjectVersion:   Dev-Mobile (B02B49B5-BB20-44E9-A304-32B752E40360): 2
LogDevObjectVersion:   Dev-Networking (A4E4105C-59A1-49B5-A7C5-40C4547EDFEE): 0
LogDevObjectVersion:   Dev-Online (39C831C9-5AE6-47DC-9A44-9C173E1C8E7C): 0
LogDevObjectVersion:   Dev-Physics (78F01B33-EBEA-4F98-B9B4-84EACCB95AA2): 0
LogDevObjectVersion:   Dev-Platform (6631380F-2D4D-43E0-8009-CF276956A95A): 0
LogDevObjectVersion:   Dev-Rendering (12F88B9F-8875-4AFC-A67C-D90C383ABD29): 26
LogDevObjectVersion:   Dev-Sequencer (7B5AE74C-D270-4C10-A958-57980B212A5A): 9
LogDevObjectVersion:   Dev-VR (D7296918-1DD6-4BDD-9DE2-64A83CC13884): 2
LogDevObjectVersion:   Dev-LoadTimes (C2A15278-BFE7-4AFE-6C17-90FF531DF755): 1
LogDevObjectVersion:   Private-Geometry (6EACA3D4-40EC-4CC1-B786-8BED09428FC5): 3
LogDevObjectVersion:   Dev-AnimPhys (29E575DD-E0A3-4627-9D10-D276232CDCEA): 17
LogDevObjectVersion:   Dev-ReflectionCapture (6B266CEC-1EC7-4B8F-A30B-E4D90942FC07): 1
LogDevObjectVersion:   Dev-Automation (0DF73D61-A23F-47EA-B727-89E90C41499A): 1
LogDevObjectVersion:   FortniteMain (601D1886-AC64-4F84-AA16-D3DE0DEAC7D6): 12
LogDevObjectVersion:   Dev-Enterprise (9DFFBCD6-494F-0158-E221-12823C92A888): 1
LogStreaming: Display: Took  0.004s to delete old logs.
LogInit: Presizing for max 8388607 objects, including 0 objects not considered by GC, pre-allocating 0 bytes for permanent pool.
LogInit: Object subsystem initialized
[2018.11.19-23.48.16:278][  0]LogInit: Selected Device Profile: [Windows]
[2018.11.19-23.48.16:278][  0]LogInit: Applying CVar settings loaded from the selected device profile: [Windows]
[2018.11.19-23.48.16:295][  0]LogHAL: Display: Platform has ~ 32 GB [34267594752 / 34359738368 / 32], which maps to Largest [LargestMinGB=32, LargerMinGB=12, DefaultMinGB=8, SmallerMinGB=6, SmallestMinGB=0)
[2018.11.19-23.48.16:295][  0]LogInit: Setting Device Profile CVar: [[r.Vulkan.UseRealUBs:1]]
[2018.11.19-23.48.16:295][  0]LogInit: Going up to parent DeviceProfile []
[2018.11.19-23.48.16:295][  0]LogInit: Computer: SYD-R304-PC06
[2018.11.19-23.48.16:295][  0]LogInit: User: Snielsen2
[2018.11.19-23.48.16:295][  0]LogInit: CPU Page size=4096, Cores=4
[2018.11.19-23.48.16:295][  0]LogInit: High frequency timer resolution =3.328129 MHz
[2018.11.19-23.48.16:295][  0]LogMemory: Memory total: Physical=31.9GB (32GB approx)
[2018.11.19-23.48.16:295][  0]LogMemory: Platform Memory Stats for Windows
[2018.11.19-23.48.16:295][  0]LogMemory: Process Physical Memory: 104.36 MB used, 104.36 MB peak
[2018.11.19-23.48.16:295][  0]LogMemory: Process Virtual Memory: 96.52 MB used, 96.52 MB peak
[2018.11.19-23.48.16:295][  0]LogMemory: Physical Memory: 4313.82 MB used,  28366.30 MB free, 32680.13 MB total
[2018.11.19-23.48.16:295][  0]LogMemory: Virtual Memory: 4657.41 MB used,  28366.30 MB free, 134217728.00 MB total
[2018.11.19-23.48.16:402][  0]LogInit: Using OS detected language (en-US).
[2018.11.19-23.48.16:402][  0]LogInit: Using OS detected locale (en-AU).
[2018.11.19-23.48.16:403][  0]LogTextLocalizationManager: No specific localization for 'en-US' exists, so the 'en' localization will be used.
[2018.11.19-23.48.16:771][  0]LogStreaming: Display: Took  0.369s to InitEngineTextLocalization.
[2018.11.19-23.48.16:772][  0]LogInit: Setting process to per monitor DPI aware
[2018.11.19-23.48.16:842][  0]LogSlate: New Slate User Created.  User Index 0, Is Virtual User: 0
[2018.11.19-23.48.16:842][  0]LogSlate: Slate User Registered.  User Index 0, Is Virtual User: 0
[2018.11.19-23.48.18:699][  0]LogHMD: Failed to initialize OpenVR with code 110
[2018.11.19-23.48.18:700][  0]LogD3D11RHI: D3D11 adapters:
[2018.11.19-23.48.18:751][  0]LogD3D11RHI:    0. 'NVIDIA GeForce GTX 980' (Feature Level 11_0)
[2018.11.19-23.48.18:751][  0]LogD3D11RHI:       4053/0/16340 MB DedicatedVideo/DedicatedSystem/SharedSystem, Outputs:1, VendorId:0x10de
[2018.11.19-23.48.18:752][  0]LogD3D11RHI:    1. 'Microsoft Basic Render Driver' (Feature Level 11_0)
[2018.11.19-23.48.18:752][  0]LogD3D11RHI:       0/0/16340 MB DedicatedVideo/DedicatedSystem/SharedSystem, Outputs:0, VendorId:0x1414
[2018.11.19-23.48.18:752][  0]LogD3D11RHI: Chosen D3D11 Adapter: 0
[2018.11.19-23.48.18:757][  0]LogD3D11RHI: Creating new Direct3DDevice
[2018.11.19-23.48.18:757][  0]LogD3D11RHI:     GPU DeviceId: 0x13c0 (for the marketing name, search the web for "GPU Device Id")
[2018.11.19-23.48.18:757][  0]LogWindows: EnumDisplayDevices:
[2018.11.19-23.48.18:757][  0]LogWindows:    0. 'NVIDIA GeForce GTX 980' (P:1 D:1)
[2018.11.19-23.48.18:757][  0]LogWindows:    1. 'NVIDIA GeForce GTX 980' (P:0 D:0)
[2018.11.19-23.48.18:757][  0]LogWindows:    2. 'NVIDIA GeForce GTX 980' (P:0 D:0)
[2018.11.19-23.48.18:757][  0]LogWindows:    3. 'NVIDIA GeForce GTX 980' (P:0 D:0)
[2018.11.19-23.48.18:758][  0]LogWindows: DebugString: FoundDriverCount:4 
[2018.11.19-23.48.18:758][  0]LogD3D11RHI:     Adapter Name: NVIDIA GeForce GTX 980
[2018.11.19-23.48.18:758][  0]LogD3D11RHI:   Driver Version: 398.82 (internal:24.21.13.9882, unified:398.82)
[2018.11.19-23.48.18:758][  0]LogD3D11RHI:      Driver Date: 7-30-2018
[2018.11.19-23.48.18:758][  0]LogRHI: Texture pool is 2837 MB (70% of 4053 MB)
[2018.11.19-23.48.18:788][  0]LogD3D11RHI: Async texture creation enabled
[2018.11.19-23.48.18:805][  0]LogD3D11RHI: GPU Timing Frequency: 1000.000000 (Debug: 2 2)
[2018.11.19-23.48.18:853][  0]LogShaderCompilers: Guid format shader working directory is -39 characters bigger than the processId version (../../../../../../Users/Snielsen2/Documents/GitHub/GPG210-Prototypes/PlatformerPrototype/Intermediate/Shaders/WorkingDirectory/21484/).
[2018.11.19-23.48.18:853][  0]LogShaderCompilers: Cleaned the shader compiler working directory 'C:/Users/Snielsen2/AppData/Local/Temp/UnrealShaderWorkingDir/9E79C2A442E29AEE56DF5CBF5EE21E3F/'.
[2018.11.19-23.48.19:110][  0]LogTemp: Display: Loaded TP AllDesktopTargetPlatform
[2018.11.19-23.48.19:122][  0]LogTemp: Display: Loaded TP MacClientTargetPlatform
[2018.11.19-23.48.19:134][  0]LogTemp: Display: Loaded TP MacNoEditorTargetPlatform
[2018.11.19-23.48.19:146][  0]LogTemp: Display: Loaded TP MacServerTargetPlatform
[2018.11.19-23.48.19:161][  0]LogTemp: Display: Loaded TP MacTargetPlatform
[2018.11.19-23.48.19:174][  0]LogTemp: Display: Loaded TP WindowsClientTargetPlatform
[2018.11.19-23.48.19:186][  0]LogTemp: Display: Loaded TP WindowsNoEditorTargetPlatform
[2018.11.19-23.48.19:198][  0]LogTemp: Display: Loaded TP WindowsServerTargetPlatform
[2018.11.19-23.48.19:203][  0]LogTemp: Display: Loaded TP WindowsTargetPlatform
[2018.11.19-23.48.19:287][  0]LogTemp: Display: Loaded TP AndroidTargetPlatform
[2018.11.19-23.48.19:287][  0]LogTemp: Display: Loaded TP AndroidTargetPlatform
[2018.11.19-23.48.19:287][  0]LogTemp: Display: Loaded TP AndroidTargetPlatform
[2018.11.19-23.48.19:287][  0]LogTemp: Display: Loaded TP AndroidTargetPlatform
[2018.11.19-23.48.19:287][  0]LogTemp: Display: Loaded TP AndroidTargetPlatform
[2018.11.19-23.48.19:287][  0]LogTemp: Display: Loaded TP AndroidTargetPlatform
[2018.11.19-23.48.19:287][  0]LogTemp: Display: Loaded TP AndroidTargetPlatform
[2018.11.19-23.48.19:287][  0]LogTemp: Display: Loaded TP AndroidTargetPlatform
[2018.11.19-23.48.19:287][  0]LogTemp: Display: Loaded TP AndroidTargetPlatform
[2018.11.19-23.48.19:287][  0]LogTemp: Display: Loaded TP AndroidTargetPlatform
[2018.11.19-23.48.19:287][  0]LogTemp: Display: Loaded TP AndroidTargetPlatform
[2018.11.19-23.48.19:287][  0]LogTemp: Display: Loaded TP AndroidTargetPlatform
[2018.11.19-23.48.19:287][  0]LogTemp: Display: Loaded TP AndroidTargetPlatform
[2018.11.19-23.48.19:287][  0]LogTemp: Display: Loaded TP AndroidTargetPlatform
[2018.11.19-23.48.19:287][  0]LogTemp: Display: Loaded TP AndroidTargetPlatform
[2018.11.19-23.48.19:287][  0]LogTemp: Display: Loaded TP AndroidTargetPlatform
[2018.11.19-23.48.19:287][  0]LogTemp: Display: Loaded TP AndroidTargetPlatform
[2018.11.19-23.48.19:287][  0]LogTemp: Display: Loaded TP AndroidTargetPlatform
[2018.11.19-23.48.19:288][  0]LogTemp: Display: Loaded TP HTML5TargetPlatform
[2018.11.19-23.48.19:351][  0]LogTemp: Display: Loaded TP IOSTargetPlatform
[2018.11.19-23.48.19:351][  0]LogTemp: Display: Loaded TP IOSTargetPlatform
[2018.11.19-23.48.19:373][  0]LogTemp: Display: Loaded TP TVOSTargetPlatform
[2018.11.19-23.48.19:373][  0]LogTemp: Display: Loaded TP TVOSTargetPlatform
[2018.11.19-23.48.19:384][  0]LogTemp: Display: Loaded TP LinuxClientTargetPlatform
[2018.11.19-23.48.19:396][  0]LogTemp: Display: Loaded TP LinuxNoEditorTargetPlatform
[2018.11.19-23.48.19:408][  0]LogTemp: Display: Loaded TP LinuxServerTargetPlatform
[2018.11.19-23.48.19:426][  0]LogTemp: Display: Loaded TP LinuxTargetPlatform
[2018.11.19-23.48.19:435][  0]LogTemp: Display: Loaded TP LuminTargetPlatform
[2018.11.19-23.48.19:435][  0]LogTargetPlatformManager: Display: Building Assets For Windows
[2018.11.19-23.48.19:499][  0]LogXGEController: Cleaning working directory: C:/Users/Snielsen2/AppData/Local/Temp/UnrealXGEWorkingDir/
[2018.11.19-23.48.19:500][  0]LogXGEController: Cannot use XGE Controller as Incredibuild is not installed on this machine.
[2018.11.19-23.48.19:500][  0]LogShaderCompilers: Cannot use XGE Shader Compiler as Incredibuild is not installed on this machine.
[2018.11.19-23.48.19:500][  0]LogShaderCompilers: Display: Using Local Shader Compiler.
[2018.11.19-23.48.20:926][  0]LogDerivedDataCache: Display: Max Cache Size: 512 MB
[2018.11.19-23.48.20:983][  0]LogDerivedDataCache: Loaded boot cache 0.06s 72MB C:/Users/Snielsen2/AppData/Local/UnrealEngine/4.20/DerivedDataCache/Boot.ddc.
[2018.11.19-23.48.20:984][  0]LogDerivedDataCache: Display: Loaded Boot cache: C:/Users/Snielsen2/AppData/Local/UnrealEngine/4.20/DerivedDataCache/Boot.ddc
[2018.11.19-23.48.20:984][  0]LogDerivedDataCache: FDerivedDataBackendGraph:  Pak pak cache file ../../../../../../Users/Snielsen2/Documents/GitHub/GPG210-Prototypes/PlatformerPrototype/DerivedDataCache/DDC.ddp not found, will not use a pak cache.
[2018.11.19-23.48.20:984][  0]LogDerivedDataCache: Unable to find inner node Pak for hierarchical cache Hierarchy.
[2018.11.19-23.48.20:984][  0]LogDerivedDataCache: FDerivedDataBackendGraph:  CompressedPak pak cache file ../../../../../../Users/Snielsen2/Documents/GitHub/GPG210-Prototypes/PlatformerPrototype/DerivedDataCache/Compressed.ddp not found, will not use a pak cache.
[2018.11.19-23.48.20:984][  0]LogDerivedDataCache: Unable to find inner node CompressedPak for hierarchical cache Hierarchy.
[2018.11.19-23.48.21:000][  0]LogDerivedDataCache: Display: Pak cache opened for reading ../../../Engine/DerivedDataCache/Compressed.ddp.
[2018.11.19-23.48.21:012][  0]LogDerivedDataCache: Using Local data cache path C:/Users/Snielsen2/AppData/Local/UnrealEngine/Common/DerivedDataCache: Writable
[2018.11.19-23.48.21:012][  0]LogDerivedDataCache: Shared data cache path not found in *engine.ini, will not use an Shared cache.
[2018.11.19-23.48.21:012][  0]LogDerivedDataCache: Unable to find inner node Shared for hierarchical cache Hierarchy.
[2018.11.19-23.48.21:029][  0]LogMaterial: Verifying Global Shaders for PCD3D_SM5
[2018.11.19-23.48.21:030][  0]LogSlate: Using FreeType 2.6.0
[2018.11.19-23.48.21:043][  0]LogSlate: SlateFontServices - WITH_FREETYPE: 1, WITH_HARFBUZZ: 1
[2018.11.19-23.48.21:232][  0]LogAssetRegistry: FAssetRegistry took 0.0260 seconds to start up
[2018.11.19-23.48.21:507][  0]LogInit: Selected Device Profile: [Windows]
[2018.11.19-23.48.21:647][  0]LogSimplygon: Simplygon DLL not present - disabling.
[2018.11.19-23.48.21:650][  0]LogMeshReduction: Using SimplygonSwarm for distributed automatic mesh merging
[2018.11.19-23.48.21:650][  0]LogMeshReduction: Using ProxyLODMeshReduction for automatic mesh merging
[2018.11.19-23.48.21:650][  0]LogMeshReduction: Using QuadricMeshReduction for automatic static mesh reduction
[2018.11.19-23.48.21:650][  0]LogMeshReduction: No automatic skeletal mesh reduction module available
[2018.11.19-23.48.21:665][  0]LogNetVersion: PlatformerPrototype 1.0.0, NetCL: 4212847, EngineNetVer: 5, GameNetVer: 0 (Checksum: 3545419167)
[2018.11.19-23.48.22:113][  0]LogPackageLocalizationCache: Processed 13 localized package path(s) for 2 prioritized culture(s) in 0.098586 seconds
[2018.11.19-23.48.22:117][  0]LogUObjectArray: 38425 objects as part of root set at end of initial load.
[2018.11.19-23.48.22:117][  0]LogUObjectAllocator: 6690864 out of 0 bytes used by permanent object pool.
[2018.11.19-23.48.22:117][  0]LogUObjectArray: CloseDisregardForGC: 0/0 objects in disregard for GC pool
[2018.11.19-23.48.24:198][  0]LogTcpMessaging: Initializing TcpMessaging bridge
[2018.11.19-23.48.24:210][  0]LogUdpMessaging: Initializing bridge on interface 0.0.0.0:0 to multicast group 230.0.0.1:6666.
[2018.11.19-23.48.24:365][  0]SourceControl: Source control is disabled
[2018.11.19-23.48.24:365][  0]SourceControl: Source control is disabled
[2018.11.19-23.48.24:366][  0]SourceControl: Source control is disabled
[2018.11.19-23.48.24:367][  0]SourceControl: Source control is disabled
[2018.11.19-23.48.24:537][  0]LogAndroidPermission: UAndroidPermissionCallbackProxy::GetInstance
[2018.11.19-23.48.24:590][  0]LogOcInput: OculusInput pre-init called
[2018.11.19-23.48.26:168][  0]LogEngine: Initializing Engine...
[2018.11.19-23.48.26:168][  0]LogHMD: Failed to initialize OpenVR with code 110
[2018.11.19-23.48.26:169][  0]LogStats: UGameplayTagsManager::ConstructGameplayTagTree: ImportINI prefixes -  0.000 s
[2018.11.19-23.48.26:169][  0]LogStats: UGameplayTagsManager::ConstructGameplayTagTree: Construct from data asset -  0.000 s
[2018.11.19-23.48.26:169][  0]LogStats: UGameplayTagsManager::ConstructGameplayTagTree: ImportINI -  0.000 s
[2018.11.19-23.48.26:169][  0]LogStats: UGameplayTagsManager::ConstructGameplayTagTree: GameplayTagTreeChangedEvent.Broadcast -  0.000 s
[2018.11.19-23.48.26:338][  0]LogInit: Initializing FReadOnlyCVARCache
[2018.11.19-23.48.26:349][  0]LogAIModule: Creating AISystem for world Untitled
[2018.11.19-23.48.26:367][  0]LogInit: XAudio2 using 'U28E850 (2- NVIDIA High Definition Audio)' : 2 channels at 48 kHz using 16 bits per sample (channel mask 0x3)
[2018.11.19-23.48.26:475][  0]LogInit: FAudioDevice initialized.
[2018.11.19-23.48.26:476][  0]LogNetVersion: Set ProjectVersion to 1.0.0.0. Version Checksum will be recalculated on next use.
[2018.11.19-23.48.26:552][  0]LogDerivedDataCache: Saved boot cache 0.08s 72MB C:/Users/Snielsen2/AppData/Local/UnrealEngine/4.20/DerivedDataCache/Boot.ddc.
[2018.11.19-23.48.26:561][  0]LogInit: Texture streaming: Enabled
[2018.11.19-23.48.26:580][  0]LogEngineSessionManager: EngineSessionManager initialized
[2018.11.19-23.48.26:593][  0]LogInit: Transaction tracking system initialized
[2018.11.19-23.48.26:609][  0]BlueprintLog: New page: Editor Load
[2018.11.19-23.48.26:671][  0]LocalizationService: Localization service is disabled
[2018.11.19-23.48.26:892][  0]LogCook: Display: Max memory allowance for cook 16384mb min free memory 0mb
[2018.11.19-23.48.26:892][  0]LogCook: Display: Mobile HDR setting 1
[2018.11.19-23.48.26:892][  0]LogGameplayTags: Display: UGameplayTagsManager::DoneAddingNativeTags. DelegateIsBound: 0
[2018.11.19-23.48.26:892][  0]LogStats: UGameplayTagsManager::ConstructGameplayTagTree: ImportINI prefixes -  0.000 s
[2018.11.19-23.48.26:892][  0]LogStats: UGameplayTagsManager::ConstructGameplayTagTree: Construct from data asset -  0.000 s
[2018.11.19-23.48.26:892][  0]LogStats: UGameplayTagsManager::ConstructGameplayTagTree: ImportINI -  0.000 s
[2018.11.19-23.48.26:892][  0]LogStats: UGameplayTagsManager::ConstructGameplayTagTree: GameplayTagTreeChangedEvent.Broadcast -  0.000 s
[2018.11.19-23.48.27:035][  0]LogFileCache: Scanning file cache for directory 'C:/Users/Snielsen2/Documents/GitHub/GPG210-Prototypes/PlatformerPrototype/Content/' took 0.02s
[2018.11.19-23.48.27:996][  0]SourceControl: Source control is disabled
[2018.11.19-23.48.27:997][  0]Cmd: MAP LOAD FILE="../../../../../../Users/Snielsen2/Documents/GitHub/GPG210-Prototypes/PlatformerPrototype/Content/ThirdPersonBP/Maps/Menu.umap" TEMPLATE=0 SHOWPROGRESS=1 FEATURELEVEL=3
[2018.11.19-23.48.28:000][  0]LightingResults: New page: Lighting Build
[2018.11.19-23.48.28:002][  0]MapCheck: New page: Map Check
[2018.11.19-23.48.28:002][  0]LightingResults: New page: Lighting Build
[2018.11.19-23.48.28:024][  0]LogAIModule: Creating AISystem for world Menu
[2018.11.19-23.48.28:025][  0]LogEditorServer: Finished looking for orphan Actors (0.000 secs)
[2018.11.19-23.48.28:045][  0]Cmd: MAP CHECKDEP NOCLEARLOG
[2018.11.19-23.48.28:093][  0]MapCheck: Map check complete: 0 Error(s), 0 Warning(s), took 48.047ms to complete.
[2018.11.19-23.48.28:093][  0]LogFileHelpers: Loading map 'Menu' took 0.097
[2018.11.19-23.48.28:210][  0]LogSlate: Updating window title bar state: overlay mode, drag disabled, window buttons hidden, title bar hidden
[2018.11.19-23.48.28:217][  0]LogSlate: Updating window title bar state: overlay mode, drag disabled, window buttons hidden, title bar hidden
[2018.11.19-23.48.28:223][  0]LogSlate: Updating window title bar state: overlay mode, drag disabled, window buttons hidden, title bar hidden
[2018.11.19-23.48.28:229][  0]LogSlate: Updating window title bar state: overlay mode, drag disabled, window buttons hidden, title bar hidden
[2018.11.19-23.48.28:237][  0]LogCollectionManager: Loaded 0 collections in 0.001081 seconds
[2018.11.19-23.48.28:275][  0]LogFileCache: Scanning file cache for directory 'C:/Users/Snielsen2/Documents/GitHub/GPG210-Prototypes/PlatformerPrototype/Saved/Collections/' took 0.01s
[2018.11.19-23.48.28:275][  0]LogFileCache: Scanning file cache for directory 'C:/Users/Snielsen2/Documents/GitHub/GPG210-Prototypes/PlatformerPrototype/Content/Developers/Snielsen2/Collections/' took 0.01s
[2018.11.19-23.48.28:275][  0]LogFileCache: Scanning file cache for directory 'C:/Users/Snielsen2/Documents/GitHub/GPG210-Prototypes/PlatformerPrototype/Content/Collections/' took 0.01s
[2018.11.19-23.48.28:275][  0]LogCollectionManager: Rebuilt the GUID cache for 0 collections in 0.000000 seconds
[2018.11.19-23.48.28:283][  0]LogContentBrowser: Native class hierarchy populated in 0.0079 seconds. Added 2621 classes and 629 folders.
[2018.11.19-23.48.28:288][  0]LogContentBrowser: Native class hierarchy updated for 'WidgetCarousel' in 0.0002 seconds. Added 0 classes and 0 folders.
[2018.11.19-23.48.28:562][  0]LogContentBrowser: Native class hierarchy updated for 'AddContentDialog' in 0.0002 seconds. Added 0 classes and 0 folders.
[2018.11.19-23.48.28:567][  0]LogContentBrowser: Native class hierarchy updated for 'SceneOutliner' in 0.0002 seconds. Added 1 classes and 2 folders.
[2018.11.19-23.48.28:643][  0]LogSlate: Took 0.005008 seconds to synchronously load lazily loaded font '../../../Engine/Content/Slate/Fonts/Roboto-Regular.ttf' (155K)
[2018.11.19-23.48.28:649][  0]LogSlate: Took 0.003687 seconds to synchronously load lazily loaded font '../../../Engine/Content/Slate/Fonts/Roboto-Bold.ttf' (160K)
[2018.11.19-23.48.28:656][  0]LogSlate: Took 0.003974 seconds to synchronously load lazily loaded font '../../../Engine/Content/Editor/Slate/Fonts/FontAwesome.ttf' (139K)
[2018.11.19-23.48.28:723][  0]LogRenderer: Reallocating scene render targets to support 1616x812 Format 10 NumSamples 1 (Frame:1).
[2018.11.19-23.48.28:845][  0]LogContentBrowser: Native class hierarchy updated for 'HierarchicalLODOutliner' in 0.0002 seconds. Added 0 classes and 0 folders.
[2018.11.19-23.48.28:845][  0]LogLoad: (Engine Initialization) Total time: 15.34 seconds
[2018.11.19-23.48.28:845][  0]LogLoad: (Engine Initialization) Total Blueprint compile time: 0.00 seconds
[2018.11.19-23.48.28:874][  0]LogContentStreaming: Texture pool size now 1000 MB
[2018.11.19-23.48.28:952][  1]LogAssetRegistry: Asset discovery search completed in 7.7422 seconds
[2018.11.19-23.48.28:953][  1]LogCollectionManager: Rebuilt the object cache for 0 collections in 0.000000 seconds (found 0 objects)
[2018.11.19-23.48.28:953][  1]LogCollectionManager: Fixed up redirectors for 0 collections in 0.000050 seconds (updated 0 objects)
[2018.11.19-23.48.29:894][108]LogSlate: Took 0.008181 seconds to synchronously load lazily loaded font '../../../Engine/Content/Slate/Fonts/Roboto-Light.ttf' (167K)
[2018.11.19-23.49.15:529][583]LogSlate: FSceneViewport::OnFocusLost() reason 0
[2018.11.19-23.49.16:024][598]LogAssetEditorManager: Opening Asset editor for Blueprint /Game/ThirdPersonBP/Blueprints/LevelObjects/BP_NextLevel.BP_NextLevel
[2018.11.19-23.49.16:415][598]LogContentBrowser: Native class hierarchy updated for 'BlueprintGraph' in 0.0005 seconds. Added 116 classes and 0 folders.
[2018.11.19-23.49.17:093][598]LogSlate: Took 0.005195 seconds to synchronously load lazily loaded font '../../../Engine/Content/Slate/Fonts/Roboto-BoldCondensed.ttf' (158K)
[2018.11.19-23.49.17:216][599]LogSlate: Took 0.003723 seconds to synchronously load lazily loaded font '../../../Engine/Content/Slate/Fonts/Roboto-Italic.ttf' (157K)
[2018.11.19-23.50.14:879][446]LogAssetEditorManager: Opening Asset editor for WidgetBlueprint /Game/ThirdPersonBP/Blueprints/ScoreTable.ScoreTable
[2018.11.19-23.52.16:938][ 24]LogTemp: Repeating last play command: Selected Viewport
[2018.11.19-23.52.16:966][ 24]BlueprintLog: New page: Pre-Play auto-recompile
[2018.11.19-23.52.16:981][ 24]LogPlayLevel: [PlayLevel] Compiling ScoreTable before play...
[2018.11.19-23.52.17:143][ 24]LogSavePackage: Moving '../../../../../../Users/Snielsen2/Documents/GitHub/GPG210-Prototypes/PlatformerPrototype/Saved/ScoreTableDD052A174ABFA498B4A797ACDAFEECC5.tmp' to '../../../../../../Users/Snielsen2/Documents/GitHub/GPG210-Prototypes/PlatformerPrototype/Content/ThirdPersonBP/Blueprints/ScoreTable.uasset'
[2018.11.19-23.52.17:182][ 24]LogPlayLevel: PlayLevel: Blueprint regeneration took 216 ms (1 blueprints)
[2018.11.19-23.52.17:194][ 24]PIE: New page: PIE session: Menu (20 Nov 2018 9:52:17 pm)
[2018.11.19-23.52.17:194][ 24]LogPlayLevel: Creating play world package: /Game/ThirdPersonBP/Maps/UEDPIE_0_Menu
[2018.11.19-23.52.17:195][ 24]LogPlayLevel: PIE: StaticDuplicateObject took: (0.000533s)
[2018.11.19-23.52.17:195][ 24]LogAIModule: Creating AISystem for world Menu
[2018.11.19-23.52.17:196][ 24]LogPlayLevel: PIE: World Init took: (0.000514s)
[2018.11.19-23.52.17:196][ 24]LogPlayLevel: PIE: Created PIE world by copying editor world from /Game/ThirdPersonBP/Maps/Menu.Menu to /Game/ThirdPersonBP/Maps/UEDPIE_0_Menu.Menu (0.001161s)
[2018.11.19-23.52.17:229][ 24]LogInit: XAudio2 using 'U28E850 (2- NVIDIA High Definition Audio)' : 2 channels at 48 kHz using 16 bits per sample (channel mask 0x3)
[2018.11.19-23.52.17:236][ 24]LogInit: FAudioDevice initialized.
[2018.11.19-23.52.17:296][ 24]LogLoad: Game class is 'ThirdPersonGameMode_C'
[2018.11.19-23.52.17:298][ 24]LogWorld: Bringing World /Game/ThirdPersonBP/Maps/UEDPIE_0_Menu.Menu up for play (max tick rate 0) at 2018.11.20-10.52.17
[2018.11.19-23.52.17:298][ 24]LogWorld: Bringing up level for play took: 0.000306
[2018.11.19-23.52.17:313][ 24]LogContentBrowser: Native class hierarchy updated for 'MovieSceneCapture' in 0.0002 seconds. Added 10 classes and 0 folders.
[2018.11.19-23.52.17:315][ 24]PIE: Play in editor start time for /Game/ThirdPersonBP/Maps/UEDPIE_0_Menu -0.193
[2018.11.19-23.52.18:578][130]LogSlate: Window 'ScoreTable' being destroyed
[2018.11.19-23.52.18:582][130]LogSlate: Window 'ScoreTable' being destroyed
[2018.11.19-23.52.19:472][231]LogNet: Browse: /Game/ThirdPersonBP/Maps/Level1SN
[2018.11.19-23.52.19:472][231]LogLoad: LoadMap: /Game/ThirdPersonBP/Maps/Level1SN
[2018.11.19-23.52.19:947][231]LogAIModule: Creating AISystem for world Level1SN
[2018.11.19-23.52.19:947][231]LogLoad: Game class is 'ThirdPersonGameMode_C'
[2018.11.19-23.52.19:962][231]LogWorld: Bringing World /Game/ThirdPersonBP/Maps/UEDPIE_0_Level1SN.Level1SN up for play (max tick rate 0) at 2018.11.20-10.52.19
[2018.11.19-23.52.19:962][231]LogWorld: Bringing up level for play took: 0.013127
[2018.11.19-23.52.19:964][231]LogLoad: Took 0.492122 seconds to LoadMap(/Game/ThirdPersonBP/Maps/Level1SN)
[2018.11.19-23.52.19:990][232]LogCharacterMovement: Warning: GetSimulationTimeStep() - Max iterations 8 hit while remaining time 0.077009 > MaxSimulationTimeStep (0.050) for 'ThirdPersonCharacter_C_0', movement 'Walking'
[2018.11.19-23.52.21:230][343]LogSlate: Updating window title bar state: overlay mode, drag disabled, window buttons hidden, title bar hidden
[2018.11.19-23.52.21:269][343]LogPlayLevel: Display: Shutting down PIE online subsystems
[2018.11.19-23.52.21:315][343]LogSlate: Updating window title bar state: overlay mode, drag disabled, window buttons hidden, title bar hidden
[2018.11.19-23.52.21:348][344]LogPlayLevel: Display: Destroying online subsystem :Context_6
[2018.11.19-23.52.25:234][689]LogSlate: FSceneViewport::OnFocusLost() reason 0
[2018.11.19-23.52.25:433][712]LogAssetEditorManager: Opening Asset editor for WidgetBlueprint /Game/ThirdPersonBP/Blueprints/ScoreTable.ScoreTable
[2018.11.19-23.52.27:703][924]LogSlate: Window 'ScoreTable' being destroyed
[2018.11.19-23.54.41:467][888]LogEditorTransaction: Undo Move Widget
[2018.11.19-23.54.51:998][143]BlueprintLog: New page: Compile ScoreTable
[2018.11.19-23.54.52:086][143]LogSavePackage: Moving '../../../../../../Users/Snielsen2/Documents/GitHub/GPG210-Prototypes/PlatformerPrototype/Saved/ScoreTable786BBAF644BCCAC232D14D87D1B26B02.tmp' to '../../../../../../Users/Snielsen2/Documents/GitHub/GPG210-Prototypes/PlatformerPrototype/Content/ThirdPersonBP/Blueprints/ScoreTable.uasset'
[2018.11.19-23.55.46:652][250]BlueprintLog: New page: Compile ScoreTable
[2018.11.19-23.55.46:765][250]LogSavePackage: Moving '../../../../../../Users/Snielsen2/Documents/GitHub/GPG210-Prototypes/PlatformerPrototype/Saved/ScoreTable5FBF95544BD33771567A1C85797DB8C8.tmp' to '../../../../../../Users/Snielsen2/Documents/GitHub/GPG210-Prototypes/PlatformerPrototype/Content/ThirdPersonBP/Blueprints/ScoreTable.uasset'
[2018.11.19-23.55.48:628][469]LogTemp: Repeating last play command: Selected Viewport
[2018.11.19-23.55.48:656][469]LogPlayLevel: PlayLevel: No blueprints needed recompiling
[2018.11.19-23.55.48:656][469]PIE: New page: PIE session: Menu (20 Nov 2018 9:55:48 pm)
[2018.11.19-23.55.48:660][469]LogPlayLevel: Creating play world package: /Game/ThirdPersonBP/Maps/UEDPIE_0_Menu
[2018.11.19-23.55.48:660][469]LogPlayLevel: PIE: StaticDuplicateObject took: (0.000511s)
[2018.11.19-23.55.48:661][469]LogAIModule: Creating AISystem for world Menu
[2018.11.19-23.55.48:661][469]LogPlayLevel: PIE: World Init took: (0.000610s)
[2018.11.19-23.55.48:661][469]LogPlayLevel: PIE: Created PIE world by copying editor world from /Game/ThirdPersonBP/Maps/Menu.Menu to /Game/ThirdPersonBP/Maps/UEDPIE_0_Menu.Menu (0.001240s)
[2018.11.19-23.55.48:696][469]LogInit: XAudio2 using 'U28E850 (2- NVIDIA High Definition Audio)' : 2 channels at 48 kHz using 16 bits per sample (channel mask 0x3)
[2018.11.19-23.55.48:704][469]LogInit: FAudioDevice initialized.
[2018.11.19-23.55.48:733][469]LogLoad: Game class is 'ThirdPersonGameMode_C'
[2018.11.19-23.55.48:734][469]LogWorld: Bringing World /Game/ThirdPersonBP/Maps/UEDPIE_0_Menu.Menu up for play (max tick rate 0) at 2018.11.20-10.55.48
[2018.11.19-23.55.48:734][469]LogWorld: Bringing up level for play took: 0.000288
[2018.11.19-23.55.48:748][469]PIE: Play in editor start time for /Game/ThirdPersonBP/Maps/UEDPIE_0_Menu -0.758
[2018.11.19-23.55.49:421][549]LogNet: Browse: /Game/ThirdPersonBP/Maps/Level1SN
[2018.11.19-23.55.49:421][549]LogLoad: LoadMap: /Game/ThirdPersonBP/Maps/Level1SN
[2018.11.19-23.55.49:588][549]LogAIModule: Creating AISystem for world Level1SN
[2018.11.19-23.55.49:588][549]LogLoad: Game class is 'ThirdPersonGameMode_C'
[2018.11.19-23.55.49:600][549]LogWorld: Bringing World /Game/ThirdPersonBP/Maps/UEDPIE_0_Level1SN.Level1SN up for play (max tick rate 0) at 2018.11.20-10.55.49
[2018.11.19-23.55.49:600][549]LogWorld: Bringing up level for play took: 0.010893
[2018.11.19-23.55.49:602][549]LogLoad: Took 0.180134 seconds to LoadMap(/Game/ThirdPersonBP/Maps/Level1SN)
[2018.11.19-23.55.52:074][779]LogBlueprintUserMessages: [ThirdPersonCharacter_C_0] 10
[2018.11.19-23.55.52:074][779]LogBlueprintUserMessages: [BP_Coin6] Got Coin
[2018.11.19-23.55.53:052][884]LogBlueprintUserMessages: [ThirdPersonCharacter_C_0] 20
[2018.11.19-23.55.53:052][884]LogBlueprintUserMessages: [BP_Coin4] Got Coin
[2018.11.19-23.55.53:778][971]LogBlueprintUserMessages: [ThirdPersonCharacter_C_0] 30
[2018.11.19-23.55.53:778][971]LogBlueprintUserMessages: [BP_Coin3] Got Coin
[2018.11.19-23.55.55:978][235]LogBlueprintUserMessages: [ThirdPersonCharacter_C_0] 40
[2018.11.19-23.55.55:978][235]LogBlueprintUserMessages: [BP_Coin5] Got Coin
[2018.11.19-23.55.56:446][291]LogSlate: Updating window title bar state: overlay mode, drag disabled, window buttons hidden, title bar hidden
[2018.11.19-23.55.56:483][291]LogPlayLevel: Display: Shutting down PIE online subsystems
[2018.11.19-23.55.56:512][291]LogSlate: Updating window title bar state: overlay mode, drag disabled, window buttons hidden, title bar hidden
[2018.11.19-23.55.56:564][293]LogSlate: FSceneViewport::OnFocusLost() reason 2
[2018.11.19-23.55.56:567][293]LogPlayLevel: Display: Destroying online subsystem :Context_9
[2018.11.19-23.55.56:575][293]LogSlate: Took 0.005476 seconds to synchronously load lazily loaded font '../../../Engine/Content/Slate/Fonts/DroidSansMono.ttf' (77K)
[2018.11.19-23.55.57:370][389]LogTemp: Repeating last play command: Selected Viewport
[2018.11.19-23.55.57:395][389]LogPlayLevel: PlayLevel: No blueprints needed recompiling
[2018.11.19-23.55.57:395][389]PIE: New page: PIE session: Menu (20 Nov 2018 9:55:57 pm)
[2018.11.19-23.55.57:398][389]LogPlayLevel: Creating play world package: /Game/ThirdPersonBP/Maps/UEDPIE_0_Menu
[2018.11.19-23.55.57:399][389]LogPlayLevel: PIE: StaticDuplicateObject took: (0.000501s)
[2018.11.19-23.55.57:399][389]LogAIModule: Creating AISystem for world Menu
[2018.11.19-23.55.57:399][389]LogPlayLevel: PIE: World Init took: (0.000494s)
[2018.11.19-23.55.57:399][389]LogPlayLevel: PIE: Created PIE world by copying editor world from /Game/ThirdPersonBP/Maps/Menu.Menu to /Game/ThirdPersonBP/Maps/UEDPIE_0_Menu.Menu (0.001103s)
[2018.11.19-23.55.57:434][389]LogInit: XAudio2 using 'U28E850 (2- NVIDIA High Definition Audio)' : 2 channels at 48 kHz using 16 bits per sample (channel mask 0x3)
[2018.11.19-23.55.57:440][389]LogInit: FAudioDevice initialized.
[2018.11.19-23.55.57:468][389]LogLoad: Game class is 'ThirdPersonGameMode_C'
[2018.11.19-23.55.57:469][389]LogWorld: Bringing World /Game/ThirdPersonBP/Maps/UEDPIE_0_Menu.Menu up for play (max tick rate 0) at 2018.11.20-10.55.57
[2018.11.19-23.55.57:469][389]LogWorld: Bringing up level for play took: 0.000245
[2018.11.19-23.55.57:483][389]PIE: Play in editor start time for /Game/ThirdPersonBP/Maps/UEDPIE_0_Menu -0.023
[2018.11.19-23.55.58:778][544]LogSlate: FSceneViewport::OnFocusLost() reason 0
[2018.11.19-23.55.58:888][557]LogNet: Browse: /Game/ThirdPersonBP/Maps/Thomas_List_Levels/New_Level_2
[2018.11.19-23.55.58:888][557]LogLoad: LoadMap: /Game/ThirdPersonBP/Maps/Thomas_List_Levels/New_Level_2
[2018.11.19-23.55.59:093][557]LogAIModule: Creating AISystem for world New_Level_2
[2018.11.19-23.55.59:094][557]LogLoad: Game class is 'ThirdPersonGameMode_C'
[2018.11.19-23.55.59:110][557]LogWorld: Bringing World /Game/ThirdPersonBP/Maps/Thomas_List_Levels/UEDPIE_0_New_Level_2.New_Level_2 up for play (max tick rate 0) at 2018.11.20-10.55.59
[2018.11.19-23.55.59:111][557]LogWorld: Bringing up level for play took: 0.016091
[2018.11.19-23.55.59:113][557]LogLoad: Took 0.225010 seconds to LoadMap(/Game/ThirdPersonBP/Maps/Thomas_List_Levels/New_Level_2)
[2018.11.19-23.56.00:827][726]LogBlueprintUserMessages: [ThirdPersonCharacter_C_0] 10
[2018.11.19-23.56.00:827][726]LogBlueprintUserMessages: [BP_Coin8] Got Coin
[2018.11.19-23.56.02:510][873]LogBlueprintUserMessages: [ThirdPersonCharacter_C_0] 20
[2018.11.19-23.56.02:510][873]LogBlueprintUserMessages: [BP_Coin11] Got Coin
[2018.11.19-23.56.03:295][934]LogBlueprintUserMessages: [BP_HighJump_3] High Jump Start
[2018.11.19-23.56.04:894][ 50]LogBlueprintUserMessages: [ThirdPersonCharacter_C_0] 30
[2018.11.19-23.56.04:894][ 50]LogBlueprintUserMessages: [BP_Coin4] Got Coin
[2018.11.19-23.56.05:146][ 70]LogBlueprintUserMessages: [ThirdPersonCharacter_C_0] 40
[2018.11.19-23.56.05:146][ 70]LogBlueprintUserMessages: [BP_Coin3_6] Got Coin
[2018.11.19-23.56.06:373][172]LogBlueprintUserMessages: [ThirdPersonCharacter_C_0] 50
[2018.11.19-23.56.06:373][172]LogBlueprintUserMessages: [BP_Coin15] Got Coin
[2018.11.19-23.56.09:243][435]LogBlueprintUserMessages: [ThirdPersonCharacter_C_0] 60
[2018.11.19-23.56.09:243][435]LogBlueprintUserMessages: [BP_Coin14] Got Coin
[2018.11.19-23.56.09:710][481]LogBlueprintUserMessages: [ThirdPersonCharacter_C_0] 70
[2018.11.19-23.56.09:710][481]LogBlueprintUserMessages: [BP_Coin13_20] Got Coin
[2018.11.19-23.56.13:528][852]LogSlate: Updating window title bar state: overlay mode, drag disabled, window buttons hidden, title bar hidden
[2018.11.19-23.56.13:980][906]LogBlueprintUserMessages: [ThirdPersonCharacter_C_0] High Jump end
[2018.11.19-23.56.18:525][347]LogNet: Browse: /Game/ThirdPersonBP/Maps/Isaac_levels/Level_3
[2018.11.19-23.56.18:533][347]LogLoad: LoadMap: /Game/ThirdPersonBP/Maps/Isaac_levels/Level_3
[2018.11.19-23.56.18:760][347]LogAIModule: Creating AISystem for world Level_3
[2018.11.19-23.56.18:760][347]LogLoad: Game class is 'ThirdPersonGameMode_C'
[2018.11.19-23.56.18:789][347]LogWorld: Bringing World /Game/ThirdPersonBP/Maps/Isaac_levels/UEDPIE_0_Level_3.Level_3 up for play (max tick rate 0) at 2018.11.20-10.56.18
[2018.11.19-23.56.18:790][347]LogWorld: Bringing up level for play took: 0.028603
[2018.11.19-23.56.18:792][347]LogLoad: Took 0.258450 seconds to LoadMap(/Game/ThirdPersonBP/Maps/Isaac_levels/Level_3)
[2018.11.19-23.56.20:302][524]LogSlate: Updating window title bar state: overlay mode, drag disabled, window buttons hidden, title bar hidden
[2018.11.19-23.56.20:337][524]LogPlayLevel: Display: Shutting down PIE online subsystems
[2018.11.19-23.56.20:366][524]LogSlate: Updating window title bar state: overlay mode, drag disabled, window buttons hidden, title bar hidden
[2018.11.19-23.56.20:412][526]LogPlayLevel: Display: Destroying online subsystem :Context_10
[2018.11.19-23.56.21:187][619]LogSlate: FSceneViewport::OnFocusLost() reason 0
[2018.11.19-23.58.15:482][300]BlueprintLog: New page: Compile ScoreTable
[2018.11.19-23.58.15:574][300]LogSavePackage: Moving '../../../../../../Users/Snielsen2/Documents/GitHub/GPG210-Prototypes/PlatformerPrototype/Saved/ScoreTable9CF2C55643855CB1C67C2FB2AF57894D.tmp' to '../../../../../../Users/Snielsen2/Documents/GitHub/GPG210-Prototypes/PlatformerPrototype/Content/ThirdPersonBP/Blueprints/ScoreTable.uasset'
[2018.11.19-23.58.17:101][482]LogTemp: Repeating last play command: Selected Viewport
[2018.11.19-23.58.17:126][482]LogPlayLevel: PlayLevel: No blueprints needed recompiling
[2018.11.19-23.58.17:126][482]PIE: New page: PIE session: Menu (20 Nov 2018 9:58:17 pm)
[2018.11.19-23.58.17:129][482]LogPlayLevel: Creating play world package: /Game/ThirdPersonBP/Maps/UEDPIE_0_Menu
[2018.11.19-23.58.17:130][482]LogPlayLevel: PIE: StaticDuplicateObject took: (0.000446s)
[2018.11.19-23.58.17:130][482]LogAIModule: Creating AISystem for world Menu
[2018.11.19-23.58.17:130][482]LogPlayLevel: PIE: World Init took: (0.000495s)
[2018.11.19-23.58.17:130][482]LogPlayLevel: PIE: Created PIE world by copying editor world from /Game/ThirdPersonBP/Maps/Menu.Menu to /Game/ThirdPersonBP/Maps/UEDPIE_0_Menu.Menu (0.001050s)
[2018.11.19-23.58.17:162][482]LogInit: XAudio2 using 'U28E850 (2- NVIDIA High Definition Audio)' : 2 channels at 48 kHz using 16 bits per sample (channel mask 0x3)
[2018.11.19-23.58.17:168][482]LogInit: FAudioDevice initialized.
[2018.11.19-23.58.17:198][482]LogLoad: Game class is 'ThirdPersonGameMode_C'
[2018.11.19-23.58.17:199][482]LogWorld: Bringing World /Game/ThirdPersonBP/Maps/UEDPIE_0_Menu.Menu up for play (max tick rate 0) at 2018.11.20-10.58.17
[2018.11.19-23.58.17:199][482]LogWorld: Bringing up level for play took: 0.000255
[2018.11.19-23.58.17:213][482]PIE: Play in editor start time for /Game/ThirdPersonBP/Maps/UEDPIE_0_Menu -0.293
[2018.11.19-23.58.18:792][671]LogSlate: FSceneViewport::OnFocusLost() reason 0
[2018.11.19-23.58.18:868][680]LogNet: Browse: /Game/ThirdPersonBP/Maps/Thomas_List_Levels/New_Level_2
[2018.11.19-23.58.18:868][680]LogLoad: LoadMap: /Game/ThirdPersonBP/Maps/Thomas_List_Levels/New_Level_2
[2018.11.19-23.58.19:055][680]LogAIModule: Creating AISystem for world New_Level_2
[2018.11.19-23.58.19:055][680]LogLoad: Game class is 'ThirdPersonGameMode_C'
[2018.11.19-23.58.19:071][680]LogWorld: Bringing World /Game/ThirdPersonBP/Maps/Thomas_List_Levels/UEDPIE_0_New_Level_2.New_Level_2 up for play (max tick rate 0) at 2018.11.20-10.58.19
[2018.11.19-23.58.19:071][680]LogWorld: Bringing up level for play took: 0.015597
[2018.11.19-23.58.19:073][680]LogLoad: Took 0.205290 seconds to LoadMap(/Game/ThirdPersonBP/Maps/Thomas_List_Levels/New_Level_2)
[2018.11.19-23.58.20:747][848]LogBlueprintUserMessages: [ThirdPersonCharacter_C_0] 10
[2018.11.19-23.58.20:747][848]LogBlueprintUserMessages: [BP_Coin8] Got Coin
[2018.11.19-23.58.22:794][ 31]LogBlueprintUserMessages: [ThirdPersonCharacter_C_0] 20
[2018.11.19-23.58.22:794][ 31]LogBlueprintUserMessages: [BP_Coin11] Got Coin
[2018.11.19-23.58.23:629][ 96]LogBlueprintUserMessages: [BP_HighJump_3] High Jump Start
[2018.11.19-23.58.25:272][216]LogBlueprintUserMessages: [ThirdPersonCharacter_C_0] 30
[2018.11.19-23.58.25:272][216]LogBlueprintUserMessages: [BP_Coin4] Got Coin
[2018.11.19-23.58.25:558][239]LogBlueprintUserMessages: [ThirdPersonCharacter_C_0] 40
[2018.11.19-23.58.25:558][239]LogBlueprintUserMessages: [BP_Coin3_6] Got Coin
[2018.11.19-23.58.27:213][373]LogBlueprintUserMessages: [ThirdPersonCharacter_C_0] 50
[2018.11.19-23.58.27:213][373]LogBlueprintUserMessages: [BP_Coin15] Got Coin
[2018.11.19-23.58.30:479][672]LogBlueprintUserMessages: [ThirdPersonCharacter_C_0] 60
[2018.11.19-23.58.30:479][672]LogBlueprintUserMessages: [BP_Coin13_20] Got Coin
[2018.11.19-23.58.34:212][ 28]LogSlate: Updating window title bar state: overlay mode, drag disabled, window buttons hidden, title bar hidden
[2018.11.19-23.58.34:262][ 34]LogBlueprintUserMessages: [ThirdPersonCharacter_C_0] High Jump end
[2018.11.19-23.58.38:138][409]LogBlueprintUserMessages: [ThirdPersonCharacter_C_0] 70
[2018.11.19-23.58.38:139][409]LogBlueprintUserMessages: [BP_Coin19] Got Coin
[2018.11.19-23.58.39:211][520]LogNet: Browse: /Game/ThirdPersonBP/Maps/Isaac_levels/Level_3
[2018.11.19-23.58.39:218][520]LogLoad: LoadMap: /Game/ThirdPersonBP/Maps/Isaac_levels/Level_3
[2018.11.19-23.58.39:426][520]LogAIModule: Creating AISystem for world Level_3
[2018.11.19-23.58.39:427][520]LogLoad: Game class is 'ThirdPersonGameMode_C'
[2018.11.19-23.58.39:456][520]LogWorld: Bringing World /Game/ThirdPersonBP/Maps/Isaac_levels/UEDPIE_0_Level_3.Level_3 up for play (max tick rate 0) at 2018.11.20-10.58.39
[2018.11.19-23.58.39:457][520]LogWorld: Bringing up level for play took: 0.028827
[2018.11.19-23.58.39:459][520]LogLoad: Took 0.240398 seconds to LoadMap(/Game/ThirdPersonBP/Maps/Isaac_levels/Level_3)
[2018.11.19-23.58.43:235][943]LogBlueprintUserMessages: [ThirdPersonCharacter_C_0] 10
[2018.11.19-23.58.43:235][943]LogBlueprintUserMessages: [BP_Coin8] Got Coin
[2018.11.19-23.58.46:465][282]LogBlueprintUserMessages: [ThirdPersonCharacter_C_0] 20
[2018.11.19-23.58.46:465][282]LogBlueprintUserMessages: [BP_Coin2_2] Got Coin
[2018.11.19-23.58.48:044][376]LogBlueprintUserMessages: [ThirdPersonCharacter_C_0] 30
[2018.11.19-23.58.48:044][376]LogBlueprintUserMessages: [BP_Coin22] Got Coin
[2018.11.19-23.58.48:875][419]LogBlueprintUserMessages: [ThirdPersonCharacter_C_0] 40
[2018.11.19-23.58.48:875][419]LogBlueprintUserMessages: [BP_Coin18] Got Coin
[2018.11.19-23.58.57:671][401]LogSlate: Updating window title bar state: overlay mode, drag disabled, window buttons hidden, title bar hidden
[2018.11.19-23.58.57:706][401]LogPlayLevel: Display: Shutting down PIE online subsystems
[2018.11.19-23.58.57:735][401]LogSlate: Updating window title bar state: overlay mode, drag disabled, window buttons hidden, title bar hidden
[2018.11.19-23.58.57:783][403]LogPlayLevel: Display: Destroying online subsystem :Context_12
[2018.11.19-23.59.01:985][907]LogSlate: FSceneViewport::OnFocusLost() reason 0
[2018.11.19-23.59.02:068][917]LogTemp: Repeating last play command: Selected Viewport
[2018.11.19-23.59.02:093][917]LogPlayLevel: PlayLevel: No blueprints needed recompiling
[2018.11.19-23.59.02:093][917]PIE: New page: PIE session: Menu (20 Nov 2018 9:59:02 pm)
[2018.11.19-23.59.02:096][917]LogPlayLevel: Creating play world package: /Game/ThirdPersonBP/Maps/UEDPIE_0_Menu
[2018.11.19-23.59.02:097][917]LogPlayLevel: PIE: StaticDuplicateObject took: (0.000482s)
[2018.11.19-23.59.02:097][917]LogAIModule: Creating AISystem for world Menu
[2018.11.19-23.59.02:097][917]LogPlayLevel: PIE: World Init took: (0.000525s)
[2018.11.19-23.59.02:097][917]LogPlayLevel: PIE: Created PIE world by copying editor world from /Game/ThirdPersonBP/Maps/Menu.Menu to /Game/ThirdPersonBP/Maps/UEDPIE_0_Menu.Menu (0.001171s)
[2018.11.19-23.59.02:132][917]LogInit: XAudio2 using 'U28E850 (2- NVIDIA High Definition Audio)' : 2 channels at 48 kHz using 16 bits per sample (channel mask 0x3)
[2018.11.19-23.59.02:139][917]LogInit: FAudioDevice initialized.
[2018.11.19-23.59.02:170][917]LogLoad: Game class is 'ThirdPersonGameMode_C'
[2018.11.19-23.59.02:171][917]LogWorld: Bringing World /Game/ThirdPersonBP/Maps/UEDPIE_0_Menu.Menu up for play (max tick rate 0) at 2018.11.20-10.59.02
[2018.11.19-23.59.02:171][917]LogWorld: Bringing up level for play took: 0.000360
[2018.11.19-23.59.02:185][917]PIE: Play in editor start time for /Game/ThirdPersonBP/Maps/UEDPIE_0_Menu 0.68
[2018.11.19-23.59.10:416][880]LogSlate: Window 'PlatformerPrototype - Unreal Editor' being destroyed
[2018.11.19-23.59.10:418][880]LogWindowsTextInputMethodSystem: Display: IME system now deactivated.
[2018.11.19-23.59.10:531][880]LogSlate: Updating window title bar state: overlay mode, drag disabled, window buttons hidden, title bar hidden
[2018.11.19-23.59.10:565][880]LogPlayLevel: Display: Shutting down PIE online subsystems
[2018.11.19-23.59.10:591][880]LogSlate: Updating window title bar state: overlay mode, drag disabled, window buttons hidden, title bar hidden
[2018.11.19-23.59.10:718][881]Cmd: QUIT_EDITOR
[2018.11.19-23.59.11:485][881]LogExit: Preparing to exit.
[2018.11.19-23.59.12:615][881]LogExit: Editor shut down
[2018.11.19-23.59.12:616][881]LogExit: Transaction tracking system shut down
[2018.11.19-23.59.13:307][881]LogExit: Object subsystem successfully closed.
[2018.11.19-23.59.13:326][881]LogShaderCompilers: Display: Shaders left to compile 0
[2018.11.19-23.59.13:328][881]LogD3D11RHI: Shutdown
[2018.11.19-23.59.13:328][881]LogD3D11RHI: CleanupD3DDevice
[2018.11.19-23.59.13:335][881]LogD3D11RHI: ~FD3D11DynamicRHI
[2018.11.19-23.59.13:348][881]LogModuleManager: Shutting down and abandoning module MovieSceneCapture (636)
[2018.11.19-23.59.13:348][881]LogModuleManager: Shutting down and abandoning module Voice (634)
[2018.11.19-23.59.13:348][881]LogModuleManager: Shutting down and abandoning module SequencerWidgets (632)
[2018.11.19-23.59.13:348][881]LogModuleManager: Shutting down and abandoning module BlueprintGraph (630)
[2018.11.19-23.59.13:348][881]LogModuleManager: Shutting down and abandoning module HierarchicalLODOutliner (628)
[2018.11.19-23.59.13:349][881]LogModuleManager: Shutting down and abandoning module SceneOutliner (626)
[2018.11.19-23.59.13:349][881]LogModuleManager: Shutting down and abandoning module AddContentDialog (624)
[2018.11.19-23.59.13:349][881]LogModuleManager: Shutting down and abandoning module WidgetCarousel (623)
[2018.11.19-23.59.13:349][881]LogModuleManager: Shutting down and abandoning module EditorWidgets (620)
[2018.11.19-23.59.13:349][881]LogModuleManager: Shutting down and abandoning module CollectionManager (618)
[2018.11.19-23.59.13:349][881]LogModuleManager: Shutting down and abandoning module StatsViewer (616)
[2018.11.19-23.59.13:349][881]LogModuleManager: Shutting down and abandoning module FoliageEdit (614)
[2018.11.19-23.59.13:349][881]LogModuleManager: Shutting down and abandoning module LandscapeEditor (612)
[2018.11.19-23.59.13:349][881]LogModuleManager: Shutting down and abandoning module MeshPaintMode (610)
[2018.11.19-23.59.13:349][881]LogModuleManager: Shutting down and abandoning module SceneDepthPickerMode (608)
[2018.11.19-23.59.13:349][881]LogModuleManager: Shutting down and abandoning module ActorPickerMode (606)
[2018.11.19-23.59.13:349][881]LogModuleManager: Shutting down and abandoning module GeometryMode (604)
[2018.11.19-23.59.13:349][881]LogModuleManager: Shutting down and abandoning module TextureAlignMode (602)
[2018.11.19-23.59.13:349][881]LogModuleManager: Shutting down and abandoning module BspMode (600)
[2018.11.19-23.59.13:349][881]LogModuleManager: Shutting down and abandoning module PIEPreviewDeviceProfileSelector (598)
[2018.11.19-23.59.13:349][881]LogModuleManager: Shutting down and abandoning module SequenceRecorderSections (596)
[2018.11.19-23.59.13:349][881]LogModuleManager: Shutting down and abandoning module AutomationWorker (594)
[2018.11.19-23.59.13:349][881]LogModuleManager: Shutting down and abandoning module DatasmithFBXImporter (592)
[2018.11.19-23.59.13:349][881]LogModuleManager: Shutting down and abandoning module DatasmithDeltaGenImporter (590)
[2018.11.19-23.59.13:349][881]LogModuleManager: Shutting down and abandoning module DatasmithVREDImporter (588)
[2018.11.19-23.59.13:349][881]LogModuleManager: Shutting down and abandoning module AudioCaptureEditor (586)
[2018.11.19-23.59.13:349][881]LogModuleManager: Shutting down and abandoning module SequenceRecorder (585)
[2018.11.19-23.59.13:349][881]LogModuleManager: Shutting down and abandoning module MatineeToLevelSequence (582)
[2018.11.19-23.59.13:349][881]LogModuleManager: Shutting down and abandoning module LevelSequenceEditor (580)
[2018.11.19-23.59.13:349][881]LogModuleManager: Shutting down and abandoning module PlacementMode (579)
[2018.11.19-23.59.13:349][881]LogModuleManager: Shutting down and abandoning module MaterialEditor (578)
[2018.11.19-23.59.13:349][881]LogModuleManager: Shutting down and abandoning module WmfMediaFactory (574)
[2018.11.19-23.59.13:349][881]LogModuleManager: Shutting down and abandoning module WmfMediaEditor (572)
[2018.11.19-23.59.13:350][881]LogModuleManager: Shutting down and abandoning module MediaPlayerEditor (570)
[2018.11.19-23.59.13:350][881]LogModuleManager: Shutting down and abandoning module OpenExrWrapper (568)
[2018.11.19-23.59.13:350][881]LogModuleManager: Shutting down and abandoning module ImgMediaFactory (566)
[2018.11.19-23.59.13:350][881]LogModuleManager: Shutting down and abandoning module ImgMediaEditor (564)
[2018.11.19-23.59.13:350][881]LogModuleManager: Shutting down and abandoning module AvfMediaFactory (562)
[2018.11.19-23.59.13:350][881]LogModuleManager: Shutting down and abandoning module AvfMediaEditor (560)
[2018.11.19-23.59.13:350][881]LogModuleManager: Shutting down and abandoning module AndroidMediaFactory (558)
[2018.11.19-23.59.13:350][881]LogModuleManager: Shutting down and abandoning module AndroidMediaEditor (556)
[2018.11.19-23.59.13:350][881]LogModuleManager: Shutting down and abandoning module MagicLeapCameraPreviewFactory (554)
[2018.11.19-23.59.13:350][881]LogModuleManager: Shutting down and abandoning module MagicLeapMediaFactory (552)
[2018.11.19-23.59.13:350][881]LogModuleManager: Shutting down and abandoning module MagicLeapMediaEditor (550)
[2018.11.19-23.59.13:350][881]LogModuleManager: Shutting down and abandoning module CharacterAI (548)
[2018.11.19-23.59.13:350][881]LogModuleManager: Shutting down and abandoning module SmartSnapping (546)
[2018.11.19-23.59.13:350][881]LogModuleManager: Shutting down and abandoning module SessionServices (544)
[2018.11.19-23.59.13:350][881]LogModuleManager: Shutting down and abandoning module ViewportSnapping (542)
[2018.11.19-23.59.13:350][881]LogModuleManager: Shutting down and abandoning module ViewportInteraction (540)
[2018.11.19-23.59.13:350][881]LogModuleManager: Shutting down and abandoning module ClothPainter (538)
[2018.11.19-23.59.13:350][881]LogModuleManager: Shutting down and abandoning module SkeletalMeshEditor (537)
[2018.11.19-23.59.13:350][881]LogModuleManager: Shutting down and abandoning module LogVisualizer (534)
[2018.11.19-23.59.13:350][881]LogModuleManager: Shutting down and abandoning module IntroTutorials (532)
[2018.11.19-23.59.13:350][881]LogModuleManager: Shutting down and abandoning module GameProjectGeneration (531)
[2018.11.19-23.59.13:350][881]LogModuleManager: Shutting down and abandoning module LuminPlatformEditor (528)
[2018.11.19-23.59.13:350][881]LogModuleManager: Shutting down and abandoning module IOSPlatformEditor (526)
[2018.11.19-23.59.13:350][881]LogModuleManager: Shutting down and abandoning module HTML5PlatformEditor (524)
[2018.11.19-23.59.13:350][881]LogModuleManager: Shutting down and abandoning module AndroidPlatformEditor (522)
[2018.11.19-23.59.13:350][881]LogModuleManager: Shutting down and abandoning module AndroidDeviceDetection (521)
[2018.11.19-23.59.14:036][881]LogModuleManager: Shutting down and abandoning module WindowsPlatformEditor (518)
[2018.11.19-23.59.14:036][881]LogModuleManager: Shutting down and abandoning module LuminRuntimeSettings (516)
[2018.11.19-23.59.14:036][881]LogModuleManager: Shutting down and abandoning module IOSRuntimeSettings (514)
[2018.11.19-23.59.14:036][881]LogModuleManager: Shutting down and abandoning module AndroidRuntimeSettings (512)
[2018.11.19-23.59.14:036][881]LogModuleManager: Shutting down and abandoning module InputBindingEditor (510)
[2018.11.19-23.59.14:036][881]LogModuleManager: Shutting down and abandoning module MergeActors (508)
[2018.11.19-23.59.14:036][881]LogModuleManager: Shutting down and abandoning module LocalizationDashboard (506)
[2018.11.19-23.59.14:036][881]LogModuleManager: Shutting down and abandoning module LocalizationService (505)
[2018.11.19-23.59.14:037][881]LogModuleManager: Shutting down and abandoning module HardwareTargeting (502)
[2018.11.19-23.59.14:037][881]LogModuleManager: Shutting down and abandoning module DeviceProfileEditor (500)
[2018.11.19-23.59.14:037][881]LogModuleManager: Shutting down and abandoning module UndoHistory (498)
[2018.11.19-23.59.14:037][881]LogModuleManager: Shutting down and abandoning module XmlParser (496)
[2018.11.19-23.59.14:037][881]LogModuleManager: Shutting down and abandoning module Blutility (494)
[2018.11.19-23.59.14:037][881]LogModuleManager: Shutting down and abandoning module ProjectSettingsViewer (492)
[2018.11.19-23.59.14:037][881]LogModuleManager: Shutting down and abandoning module ProjectTargetPlatformEditor (491)
[2018.11.19-23.59.14:037][881]LogModuleManager: Shutting down and abandoning module EditorSettingsViewer (488)
[2018.11.19-23.59.14:037][881]LogModuleManager: Shutting down and abandoning module SettingsEditor (486)
[2018.11.19-23.59.14:038][881]LogModuleManager: Shutting down and abandoning module ProjectLauncher (484)
[2018.11.19-23.59.14:038][881]LogModuleManager: Shutting down and abandoning module SessionFrontend (482)
[2018.11.19-23.59.14:038][881]LogModuleManager: Shutting down and abandoning module ProfilerClient (480)
[2018.11.19-23.59.14:038][881]LogModuleManager: Shutting down and abandoning module DeviceManager (478)
[2018.11.19-23.59.14:038][881]LogModuleManager: Shutting down and abandoning module TargetDeviceServices (477)
[2018.11.19-23.59.14:101][881]LogModuleManager: Shutting down and abandoning module AutomationController (474)
[2018.11.19-23.59.14:101][881]LogModuleManager: Shutting down and abandoning module AutomationWindow (472)
[2018.11.19-23.59.14:101][881]LogModuleManager: Shutting down and abandoning module Layers (470)
[2018.11.19-23.59.14:101][881]LogModuleManager: Shutting down and abandoning module ComponentVisualizers (468)
[2018.11.19-23.59.14:101][881]LogModuleManager: Shutting down and abandoning module DetailCustomizations (466)
[2018.11.19-23.59.14:101][881]LogModuleManager: Shutting down and abandoning module PackagesDialog (464)
[2018.11.19-23.59.14:102][881]LogModuleManager: Shutting down and abandoning module Persona (462)
[2018.11.19-23.59.14:102][881]LogModuleManager: Shutting down and abandoning module AnimGraph (461)
[2018.11.19-23.59.14:102][881]LogModuleManager: Shutting down and abandoning module Kismet (458)
[2018.11.19-23.59.14:115][881]LogModuleManager: Shutting down and abandoning module GraphEditor (456)
[2018.11.19-23.59.14:116][881]LogModuleManager: Shutting down and abandoning module ClassViewer (454)
[2018.11.19-23.59.14:116][881]LogModuleManager: Shutting down and abandoning module Toolbox (452)
[2018.11.19-23.59.14:116][881]LogModuleManager: Shutting down and abandoning module ModuleUI (450)
[2018.11.19-23.59.14:116][881]LogModuleManager: Shutting down and abandoning module MovieSceneTools (448)
[2018.11.19-23.59.14:116][881]LogModuleManager: Shutting down and abandoning module OutputLog (446)
[2018.11.19-23.59.14:116][881]LogModuleManager: Shutting down and abandoning module GammaUI (444)
[2018.11.19-23.59.14:116][881]LogModuleManager: Shutting down and abandoning module Documentation (442)
[2018.11.19-23.59.14:116][881]LogModuleManager: Shutting down and abandoning module MovieSceneTracks (440)
[2018.11.19-23.59.14:116][881]LogModuleManager: Shutting down and abandoning module MovieScene (438)
[2018.11.19-23.59.14:117][881]LogModuleManager: Shutting down and abandoning module StreamingPauseRendering (436)
[2018.11.19-23.59.14:117][881]LogModuleManager: Shutting down and abandoning module LauncherPlatform (434)
[2018.11.19-23.59.14:117][881]LogModuleManager: Shutting down and abandoning module AnalyticsET (432)
[2018.11.19-23.59.14:117][881]LogModuleManager: Shutting down and abandoning module PortalServices (430)
[2018.11.19-23.59.14:117][881]LogModuleManager: Shutting down and abandoning module PortalRpc (428)
[2018.11.19-23.59.14:117][881]LogModuleManager: Shutting down and abandoning module MessagingRpc (426)
[2018.11.19-23.59.14:117][881]LogModuleManager: Shutting down and abandoning module AIModule (424)
[2018.11.19-23.59.14:117][881]LogModuleManager: Shutting down and abandoning module GameplayDebugger (423)
[2018.11.19-23.59.14:117][881]LogModuleManager: Shutting down and abandoning module AITestSuite (421)
[2018.11.19-23.59.14:117][881]LogModuleManager: Shutting down and abandoning module NavigationSystem (419)
[2018.11.19-23.59.14:117][881]LogModuleManager: Shutting down and abandoning module DesktopPlatform (416)
[2018.11.19-23.59.14:117][881]LogModuleManager: Shutting down and abandoning module ProfilerService (414)
[2018.11.19-23.59.14:338][881]LogModuleManager: Shutting down and abandoning module TaskGraph (412)
[2018.11.19-23.59.14:338][881]LogModuleManager: Shutting down and abandoning module DatasmithCADImporter (410)
[2018.11.19-23.59.14:339][881]LogModuleManager: Shutting down and abandoning module StaticMeshEditorExtension (408)
[2018.11.19-23.59.14:339][881]LogModuleManager: Shutting down and abandoning module StaticMeshEditor (407)
[2018.11.19-23.59.14:340][881]LogModuleManager: Shutting down and abandoning module AdvancedPreviewScene (406)
[2018.11.19-23.59.14:340][881]LogModuleManager: Shutting down and abandoning module DatasmithMDLImporter (402)
[2018.11.19-23.59.14:343][881]LogModuleManager: Shutting down and abandoning module DatasmithImporter (400)
[2018.11.19-23.59.14:343][881]LogModuleManager: Shutting down and abandoning module SteamVRController (398)
[2018.11.19-23.59.14:343][881]LogModuleManager: Shutting down and abandoning module ProceduralMeshComponentEditor (396)
[2018.11.19-23.59.14:343][881]LogModuleManager: Shutting down and abandoning module ProceduralMeshComponent (394)
[2018.11.19-23.59.14:343][881]LogModuleManager: Shutting down and abandoning module OculusInput (392)
[2018.11.19-23.59.14:343][881]LogModuleManager: Shutting down and abandoning module MobilePatchingUtils (390)
[2018.11.19-23.59.14:343][881]LogModuleManager: Shutting down and abandoning module EditableMesh (388)
[2018.11.19-23.59.14:344][881]LogModuleManager: Shutting down and abandoning module CustomMeshComponent (386)
[2018.11.19-23.59.14:344][881]LogModuleManager: Shutting down and abandoning module CableComponent (384)
[2018.11.19-23.59.14:344][881]LogModuleManager: Shutting down and abandoning module AudioCapture (382)
[2018.11.19-23.59.14:344][881]LogModuleManager: Shutting down and abandoning module ArchVisCharacter (380)
[2018.11.19-23.59.14:344][881]LogModuleManager: Shutting down and abandoning module AndroidPermission (378)
[2018.11.19-23.59.14:344][881]LogModuleManager: Shutting down and abandoning module NUTUnrealEngine4 (376)
[2018.11.19-23.59.14:344][881]LogModuleManager: Shutting down and abandoning module NetcodeUnitTest (374)
[2018.11.19-23.59.14:344][881]LogModuleManager: Shutting down and abandoning module MediaCompositingEditor (372)
[2018.11.19-23.59.14:344][881]LogModuleManager: Shutting down and abandoning module MediaCompositing (370)
[2018.11.19-23.59.14:344][881]LogModuleManager: Shutting down and abandoning module LinearTimecode (368)
[2018.11.19-23.59.14:344][881]LogModuleManager: Shutting down and abandoning module ImgMedia (366)
[2018.11.19-23.59.14:356][881]LogModuleManager: Shutting down and abandoning module HTML5Networking (364)
[2018.11.19-23.59.14:357][881]LogModuleManager: Shutting down and abandoning module GeometryCacheTracks (362)
[2018.11.19-23.59.14:357][881]LogModuleManager: Shutting down and abandoning module GeometryCacheSequencer (360)
[2018.11.19-23.59.14:357][881]LogModuleManager: Shutting down and abandoning module BackChannel (358)
[2018.11.19-23.59.14:357][881]LogModuleManager: Shutting down and abandoning module AppleVision (356)
[2018.11.19-23.59.14:357][881]LogModuleManager: Shutting down and abandoning module AppleImageUtils (354)
[2018.11.19-23.59.14:357][881]LogModuleManager: Shutting down and abandoning module AlembicImporter (352)
[2018.11.19-23.59.14:357][881]LogModuleManager: Shutting down and abandoning module AlembicLibrary (351)
[2018.11.19-23.59.14:357][881]LogModuleManager: Shutting down and abandoning module GeometryCache (350)
[2018.11.19-23.59.14:357][881]LogModuleManager: Shutting down and abandoning module GeometryCacheEd (349)
[2018.11.19-23.59.14:357][881]LogModuleManager: Shutting down and abandoning module DatasmithContentEditor (344)
[2018.11.19-23.59.14:358][881]LogModuleManager: Shutting down and abandoning module DatasmithContent (342)
[2018.11.19-23.59.14:359][881]LogModuleManager: Shutting down and abandoning module SpeedTreeImporter (340)
[2018.11.19-23.59.14:359][881]LogModuleManager: Shutting down and abandoning module PluginBrowser (338)
[2018.11.19-23.59.14:359][881]LogModuleManager: Shutting down and abandoning module MobileLauncherProfileWizard (336)
[2018.11.19-23.59.14:359][881]LogModuleManager: Shutting down and abandoning module PolygonModeling (334)
[2018.11.19-23.59.14:359][881]LogModuleManager: Shutting down and abandoning module MeshEditor (332)
[2018.11.19-23.59.14:360][881]LogModuleManager: Shutting down and abandoning module EditorScriptingUtilities (330)
[2018.11.19-23.59.14:360][881]LogModuleManager: Shutting down and abandoning module CryptoKeysOpenSSL (328)
[2018.11.19-23.59.14:360][881]LogModuleManager: Shutting down and abandoning module CryptoKeys (326)
[2018.11.19-23.59.14:360][881]LogModuleManager: Shutting down and abandoning module VisualStudioSourceCodeAccess (324)
[2018.11.19-23.59.14:360][881]LogModuleManager: Shutting down and abandoning module VisualStudioCodeSourceCodeAccess (322)
[2018.11.19-23.59.14:360][881]LogModuleManager: Shutting down and abandoning module UObjectPlugin (320)
[2018.11.19-23.59.14:360][881]LogModuleManager: Shutting down and abandoning module SubversionSourceControl (318)
[2018.11.19-23.59.14:360][881]LogModuleManager: Shutting down and abandoning module PerforceSourceControl (316)
[2018.11.19-23.59.14:361][881]LogModuleManager: Shutting down and abandoning module GitSourceControl (314)
[2018.11.19-23.59.14:361][881]LogModuleManager: Shutting down and abandoning module SourceControl (313)
[2018.11.19-23.59.14:361][881]LogModuleManager: Shutting down and abandoning module CLionSourceCodeAccess (310)
[2018.11.19-23.59.14:361][881]LogModuleManager: Shutting down and abandoning module LightPropagationVolumeEditor (308)
[2018.11.19-23.59.14:361][881]LogModuleManager: Shutting down and abandoning module PaperTiledImporter (306)
[2018.11.19-23.59.14:361][881]LogModuleManager: Shutting down and abandoning module PaperSpriteSheetImporter (304)
[2018.11.19-23.59.14:361][881]LogModuleManager: Shutting down and abandoning module Paper2DEditor (302)
[2018.11.19-23.59.14:361][881]LogModuleManager: Shutting down and abandoning module MeshPaint (301)
[2018.11.19-23.59.14:362][881]LogModuleManager: Shutting down and abandoning module RuntimePhysXCooking (298)
[2018.11.19-23.59.14:362][881]LogModuleManager: Shutting down and abandoning module PhysXVehiclesEditor (296)
[2018.11.19-23.59.14:362][881]LogModuleManager: Shutting down and abandoning module PhysXVehicles (294)
[2018.11.19-23.59.14:362][881]LogModuleManager: Shutting down and abandoning module OculusEditor (292)
[2018.11.19-23.59.14:362][881]LogModuleManager: Shutting down and abandoning module LocationServicesBPLibrary (290)
[2018.11.19-23.59.14:362][881]LogModuleManager: Shutting down and abandoning module ImmediatePhysicsEditor (288)
[2018.11.19-23.59.14:362][881]LogModuleManager: Shutting down and abandoning module ImmediatePhysics (286)
[2018.11.19-23.59.14:362][881]LogModuleManager: Shutting down and abandoning module ActorSequence (284)
[2018.11.19-23.59.14:362][881]LogModuleManager: Shutting down and abandoning module UdpMessaging (282)
[2018.11.19-23.59.14:463][881]LogModuleManager: Shutting down and abandoning module TcpMessaging (280)
[2018.11.19-23.59.14:564][881]LogModuleManager: Shutting down and abandoning module MagicLeapAudio (278)
[2018.11.19-23.59.14:564][881]LogModuleManager: Shutting down and abandoning module GameplayTagsEditor (276)
[2018.11.19-23.59.14:564][881]LogModuleManager: Shutting down and abandoning module FacialAnimationEditor (274)
[2018.11.19-23.59.14:564][881]LogModuleManager: Shutting down and abandoning module FacialAnimation (272)
[2018.11.19-23.59.14:564][881]LogModuleManager: Shutting down and abandoning module DataValidation (270)
[2018.11.19-23.59.14:564][881]LogModuleManager: Shutting down and abandoning module AssetManagerEditor (268)
[2018.11.19-23.59.14:564][881]LogModuleManager: Shutting down and abandoning module LevelEditor (267)
[2018.11.19-23.59.14:565][881]LogModuleManager: Shutting down and abandoning module PixelInspectorModule (266)
[2018.11.19-23.59.14:565][881]LogModuleManager: Shutting down and abandoning module CommonMenuExtensions (264)
[2018.11.19-23.59.14:565][881]LogModuleManager: Shutting down and abandoning module MainFrame (262)
[2018.11.19-23.59.14:565][881]LogModuleManager: Shutting down and abandoning module HotReload (261)
[2018.11.19-23.59.14:566][881]LogModuleManager: Shutting down and abandoning module ContentBrowser (257)
[2018.11.19-23.59.14:567][881]LogModuleManager: Shutting down and abandoning module TreeMap (255)
[2018.11.19-23.59.14:567][881]LogModuleManager: Shutting down and abandoning module LightPropagationVolumeRuntime (252)
[2018.11.19-23.59.14:567][881]LogModuleManager: Shutting down and abandoning module AISupportModule (250)
[2018.11.19-23.59.14:567][881]LogModuleManager: Shutting down and abandoning module Paper2D (248)
[2018.11.19-23.59.14:567][881]LogModuleManager: Shutting down and abandoning module WindowsMoviePlayer (246)
[2018.11.19-23.59.14:568][881]LogModuleManager: Shutting down and abandoning module WmfMedia (244)
[2018.11.19-23.59.14:569][881]LogModuleManager: Shutting down and abandoning module Media (243)
[2018.11.19-23.59.14:575][881]LogModuleManager: Shutting down and abandoning module PacketHandler (240)
[2018.11.19-23.59.14:576][881]LogModuleManager: Shutting down and abandoning module ClothingSystemEditor (238)
[2018.11.19-23.59.14:576][881]LogModuleManager: Shutting down and abandoning module ClothingSystemRuntime (236)
[2018.11.19-23.59.14:576][881]LogModuleManager: Shutting down and abandoning module MediaAssets (234)
[2018.11.19-23.59.14:576][881]LogModuleManager: Shutting down and abandoning module Overlay (232)
[2018.11.19-23.59.14:576][881]LogModuleManager: Shutting down and abandoning module OverlayEditor (231)
[2018.11.19-23.59.14:576][881]LogModuleManager: Shutting down and abandoning module VREditor (228)
[2018.11.19-23.59.14:576][881]LogModuleManager: Shutting down and abandoning module StringTableEditor (226)
[2018.11.19-23.59.14:576][881]LogModuleManager: Shutting down and abandoning module GameplayTasksEditor (224)
[2018.11.19-23.59.14:576][881]LogModuleManager: Shutting down and abandoning module BehaviorTreeEditor (222)
[2018.11.19-23.59.14:576][881]LogModuleManager: Shutting down and abandoning module FunctionalTesting (220)
[2018.11.19-23.59.14:576][881]LogModuleManager: Shutting down and abandoning module CollisionAnalyzer (218)
[2018.11.19-23.59.14:576][881]LogModuleManager: Shutting down and abandoning module WorkspaceMenuStructure (217)
[2018.11.19-23.59.14:576][881]LogModuleManager: Shutting down and abandoning module UMG (214)
[2018.11.19-23.59.14:576][881]LogModuleManager: Shutting down and abandoning module UMGEditor (213)
[2018.11.19-23.59.14:576][881]LogModuleManager: Shutting down and abandoning module Sequencer (212)
[2018.11.19-23.59.14:576][881]LogModuleManager: Shutting down and abandoning module MessageLog (209)
[2018.11.19-23.59.14:576][881]LogModuleManager: Shutting down and abandoning module SlateReflector (204)
[2018.11.19-23.59.14:576][881]LogModuleManager: Shutting down and abandoning module Slate (202)
[2018.11.19-23.59.14:576][881]LogModuleManager: Shutting down and abandoning module EditorStyle (200)
[2018.11.19-23.59.14:579][881]LogModuleManager: Shutting down and abandoning module MRMesh (198)
[2018.11.19-23.59.14:579][881]LogModuleManager: Shutting down and abandoning module SourceCodeAccess (196)
[2018.11.19-23.59.14:579][881]LogModuleManager: Shutting down and abandoning module HeadMountedDisplay (194)
[2018.11.19-23.59.14:579][881]LogModuleManager: Shutting down and abandoning module XAudio2 (192)
[2018.11.19-23.59.14:579][881]LogModuleManager: Shutting down and abandoning module Networking (190)
[2018.11.19-23.59.14:579][881]LogModuleManager: Shutting down and abandoning module Core (188)
[2018.11.19-23.59.14:579][881]LogModuleManager: Shutting down and abandoning module LevelSequence (186)
[2018.11.19-23.59.14:579][881]LogModuleManager: Shutting down and abandoning module KismetCompiler (184)
[2018.11.19-23.59.14:579][881]LogModuleManager: Shutting down and abandoning module MeshUtilities (182)
[2018.11.19-23.59.14:579][881]LogModuleManager: Shutting down and abandoning module MeshMergeUtilities (181)
[2018.11.19-23.59.14:579][881]LogModuleManager: Shutting down and abandoning module MeshReductionInterface (180)
[2018.11.19-23.59.14:579][881]LogModuleManager: Shutting down and abandoning module SimplygonSwarm (179)
[2018.11.19-23.59.14:579][881]LogModuleManager: Shutting down and abandoning module ProxyLODMeshReduction (177)
[2018.11.19-23.59.14:579][881]LogModuleManager: Shutting down and abandoning module SimplygonMeshReduction (175)
[2018.11.19-23.59.14:579][881]LogModuleManager: Shutting down and abandoning module QuadricMeshReduction (173)
[2018.11.19-23.59.14:579][881]LogModuleManager: Shutting down and abandoning module MaterialBaking (169)
[2018.11.19-23.59.14:579][881]LogModuleManager: Shutting down and abandoning module DirectoryWatcher (165)
[2018.11.19-23.59.14:580][881]LogModuleManager: Shutting down and abandoning module DerivedDataCache (162)
[2018.11.19-23.59.14:653][881]LogDerivedDataCache: Shutdown
[2018.11.19-23.59.14:654][881]LogModuleManager: Shutting down and abandoning module XGEController (160)
[2018.11.19-23.59.14:654][881]LogXGEController: Cleaning working directory: C:/Users/Snielsen2/AppData/Local/Temp/UnrealXGEWorkingDir/
[2018.11.19-23.59.14:654][881]LogModuleManager: Shutting down and abandoning module TargetPlatform (158)
[2018.11.19-23.59.14:654][881]LogModuleManager: Shutting down and abandoning module VulkanShaderFormat (157)
[2018.11.19-23.59.14:654][881]LogModuleManager: Shutting down and abandoning module ShaderFormatVectorVM (155)
[2018.11.19-23.59.14:654][881]LogModuleManager: Shutting down and abandoning module ShaderFormatOpenGL (153)
[2018.11.19-23.59.14:654][881]LogModuleManager: Shutting down and abandoning module ShaderFormatD3D (151)
[2018.11.19-23.59.14:654][881]LogModuleManager: Shutting down and abandoning module MetalShaderFormat (149)
[2018.11.19-23.59.14:654][881]LogModuleManager: Shutting down and abandoning module TextureFormatUncompressed (147)
[2018.11.19-23.59.14:654][881]LogModuleManager: Shutting down and abandoning module TextureFormatPVR (145)
[2018.11.19-23.59.14:654][881]LogModuleManager: Shutting down and abandoning module TextureFormatDXT (143)
[2018.11.19-23.59.14:654][881]LogModuleManager: Shutting down and abandoning module TextureFormatIntelISPCTexComp (141)
[2018.11.19-23.59.14:654][881]LogModuleManager: Shutting down and abandoning module TextureFormatASTC (139)
[2018.11.19-23.59.14:654][881]LogModuleManager: Shutting down and abandoning module ImageWrapper (138)
[2018.11.19-23.59.14:654][881]LogModuleManager: Shutting down and abandoning module TextureFormatAndroid (135)
[2018.11.19-23.59.14:654][881]LogModuleManager: Shutting down and abandoning module AudioFormatOpus (133)
[2018.11.19-23.59.14:654][881]LogModuleManager: Shutting down and abandoning module AudioFormatOgg (131)
[2018.11.19-23.59.14:654][881]LogModuleManager: Shutting down and abandoning module AudioFormatADPCM (129)
[2018.11.19-23.59.14:654][881]LogModuleManager: Shutting down and abandoning module LuminTargetPlatform (127)
[2018.11.19-23.59.14:654][881]LogModuleManager: Shutting down and abandoning module LinuxTargetPlatform (125)
[2018.11.19-23.59.14:654][881]LogModuleManager: Shutting down and abandoning module LinuxServerTargetPlatform (123)
[2018.11.19-23.59.14:654][881]LogModuleManager: Shutting down and abandoning module LinuxNoEditorTargetPlatform (121)
[2018.11.19-23.59.14:654][881]LogModuleManager: Shutting down and abandoning module LinuxClientTargetPlatform (119)
[2018.11.19-23.59.14:655][881]LogModuleManager: Shutting down and abandoning module TVOSTargetPlatform (117)
[2018.11.19-23.59.14:656][881]LogModuleManager: Shutting down and abandoning module Messaging (115)
[2018.11.19-23.59.14:656][881]LogModuleManager: Shutting down and abandoning module IOSTargetPlatform (113)
[2018.11.19-23.59.14:657][881]LogModuleManager: Shutting down and abandoning module HTML5TargetPlatform (111)
[2018.11.19-23.59.14:657][881]LogModuleManager: Shutting down and abandoning module AndroidTargetPlatform (109)
[2018.11.19-23.59.14:666][881]LogModuleManager: Shutting down and abandoning module WindowsTargetPlatform (107)
[2018.11.19-23.59.14:666][881]LogModuleManager: Shutting down and abandoning module WindowsServerTargetPlatform (105)
[2018.11.19-23.59.14:666][881]LogModuleManager: Shutting down and abandoning module WindowsNoEditorTargetPlatform (103)
[2018.11.19-23.59.14:666][881]LogModuleManager: Shutting down and abandoning module WindowsClientTargetPlatform (101)
[2018.11.19-23.59.14:666][881]LogModuleManager: Shutting down and abandoning module MacTargetPlatform (99)
[2018.11.19-23.59.14:666][881]LogModuleManager: Shutting down and abandoning module MacServerTargetPlatform (97)
[2018.11.19-23.59.14:666][881]LogModuleManager: Shutting down and abandoning module MacNoEditorTargetPlatform (95)
[2018.11.19-23.59.14:666][881]LogModuleManager: Shutting down and abandoning module MacClientTargetPlatform (93)
[2018.11.19-23.59.14:666][881]LogModuleManager: Shutting down and abandoning module AllDesktopTargetPlatform (91)
[2018.11.19-23.59.14:666][881]LogModuleManager: Shutting down and abandoning module InputCore (88)
[2018.11.19-23.59.14:666][881]LogModuleManager: Shutting down and abandoning module Settings (86)
[2018.11.19-23.59.14:666][881]LogModuleManager: Shutting down and abandoning module PhysXCooking (84)
[2018.11.19-23.59.14:666][881]LogModuleManager: Shutting down and abandoning module SteamVR (82)
[2018.11.19-23.59.14:666][881]LogModuleManager: Shutting down and abandoning module OculusHMD (80)
[2018.11.19-23.59.14:666][881]LogModuleManager: Shutting down and abandoning module ExampleDeviceProfileSelector (78)
[2018.11.19-23.59.14:666][881]LogModuleManager: Shutting down and abandoning module LauncherChunkInstaller (76)
[2018.11.19-23.59.14:666][881]LogModuleManager: Shutting down and abandoning module OnlineBlueprintSupport (74)
[2018.11.19-23.59.14:666][881]LogModuleManager: Shutting down and abandoning module OnlineSubsystem (70)
[2018.11.19-23.59.14:667][881]LogModuleManager: Shutting down and abandoning module XMPP (65)
[2018.11.19-23.59.14:667][881]LogModuleManager: Shutting down and abandoning module WebSockets (64)
[2018.11.19-23.59.14:695][881]LogModuleManager: Shutting down and abandoning module HTTP (61)
[2018.11.19-23.59.14:695][881]LogHttp: Display: Http module shutting down, but needs to wait on 1 outstanding Http requests:
[2018.11.19-23.59.14:695][881]LogHttp: Display: 	verb=[POST] url=[https://datarouter.ol.epicgames.com/datarouter/api/v1/public/data?SessionID=%7B9292B0C0-4B53-8CD8-A624-03AC0C3E93BC%7D&AppID=UEEditor.Rocket.Release&AppVersion=4.20.2-4302132%2B%2B%2BUE4%2BRelease-4.20&UserID=2853eb7e4d25111711eae787e8555a17%7C%7C8f7ca108-0e80-45bf-b167-f38aa5d91da3&AppEnvironment=datacollector-binary&UploadType=eteventstream] status=Processing
[2018.11.19-23.59.14:721][881]LogModuleManager: Shutting down and abandoning module SSL (60)
[2018.11.19-23.59.14:723][881]LogModuleManager: Shutting down and abandoning module MagicLeapEmulator (56)
[2018.11.19-23.59.14:723][881]LogModuleManager: Shutting down and abandoning module MagicLeapPrivileges (54)
[2018.11.19-23.59.14:723][881]LogModuleManager: Shutting down and abandoning module MagicLeapIdentity (52)
[2018.11.19-23.59.14:723][881]LogModuleManager: Shutting down and abandoning module MagicLeapHelperVulkan (50)
[2018.11.19-23.59.14:723][881]LogModuleManager: Shutting down and abandoning module MagicLeapHelperOpenGL (48)
[2018.11.19-23.59.14:723][881]LogModuleManager: Shutting down and abandoning module MagicLeapSecureStorage (46)
[2018.11.19-23.59.14:723][881]LogModuleManager: Shutting down and abandoning module MagicLeapGestures (44)
[2018.11.19-23.59.14:723][881]LogModuleManager: Shutting down and abandoning module MagicLeapEyeTracker (42)
[2018.11.19-23.59.14:723][881]LogModuleManager: Shutting down and abandoning module MagicLeapController (40)
[2018.11.19-23.59.14:723][881]LogSlate: Slate User Destroyed.  User Index 0, Is Virtual User: 0
[2018.11.19-23.59.14:723][881]LogModuleManager: Shutting down and abandoning module MagicLeap (38)
[2018.11.19-23.59.14:723][881]LogModuleManager: Shutting down and abandoning module AnimationModifiers (36)
[2018.11.19-23.59.14:723][881]LogModuleManager: Shutting down and abandoning module PropertyEditor (35)
[2018.11.19-23.59.14:723][881]LogModuleManager: Shutting down and abandoning module AudioEditor (32)
[2018.11.19-23.59.14:723][881]LogModuleManager: Shutting down and abandoning module TextureCompressor (30)
[2018.11.19-23.59.14:724][881]LogModuleManager: Shutting down and abandoning module ShaderCore (28)
[2018.11.19-23.59.14:724][881]LogModuleManager: Shutting down and abandoning module Landscape (26)
[2018.11.19-23.59.14:724][881]LogModuleManager: Shutting down and abandoning module SlateRHIRenderer (24)
[2018.11.19-23.59.14:724][881]LogModuleManager: Shutting down and abandoning module OpenGLDrv (22)
[2018.11.19-23.59.14:725][881]LogModuleManager: Shutting down and abandoning module D3D11RHI (20)
[2018.11.19-23.59.14:725][881]LogModuleManager: Shutting down and abandoning module AnimGraphRuntime (18)
[2018.11.19-23.59.14:725][881]LogModuleManager: Shutting down and abandoning module Renderer (16)
[2018.11.19-23.59.14:725][881]LogModuleManager: Shutting down and abandoning module Engine (14)
[2018.11.19-23.59.14:725][881]LogModuleManager: Shutting down and abandoning module CoreUObject (12)
[2018.11.19-23.59.14:725][881]LogModuleManager: Shutting down and abandoning module NetworkFile (10)
[2018.11.19-23.59.14:725][881]LogModuleManager: Shutting down and abandoning module CookedIterativeFile (8)
[2018.11.19-23.59.14:725][881]LogModuleManager: Shutting down and abandoning module StreamingFile (6)
[2018.11.19-23.59.14:725][881]LogModuleManager: Shutting down and abandoning module SandboxFile (4)
[2018.11.19-23.59.14:725][881]LogModuleManager: Shutting down and abandoning module PakFile (2)
[2018.11.19-23.59.14:736][881]LogExit: Exiting.
[2018.11.19-23.59.14:749][881]Log file closed, 11/20/18 10:59:14
