Log file open, 11/13/18 10:22:21
LogWindows: Failed to load 'aqProf.dll' (GetLastError=126)
LogWindows: File 'aqProf.dll' does not exist
LogWindows: Failed to load 'VSPerf140.dll' (GetLastError=126)
LogWindows: File 'VSPerf140.dll' does not exist
LogWindows: Failed to load 'VtuneApi.dll' (GetLastError=126)
LogWindows: File 'VtuneApi.dll' does not exist
LogWindows: Failed to load 'VtuneApi32e.dll' (GetLastError=126)
LogWindows: File 'VtuneApi32e.dll' does not exist
LogInit: Display: Running engine for game: PlatformerPrototype
LogPlatformFile: Not using cached read wrapper
LogTaskGraph: Started task graph with 5 named threads and 23 total threads with 3 sets of task threads.
LogStats: Stats thread started at 0.274082
LogD3D11RHI: Loaded GFSDK_Aftermath_Lib.x64.dll
LogICUInternationalization: Display: ICU TimeZone Detection - Raw Offset: +10:00, Platform Override: ''
LogPluginManager: Mounting plugin Paper2D
LogPluginManager: Mounting plugin AISupport
LogPluginManager: Mounting plugin LightPropagationVolume
LogPluginManager: Mounting plugin CLionSourceCodeAccess
LogPluginManager: Mounting plugin CodeLiteSourceCodeAccess
LogPluginManager: Mounting plugin GitSourceControl
LogPluginManager: Mounting plugin KDevelopSourceCodeAccess
LogPluginManager: Mounting plugin NullSourceCodeAccess
LogPluginManager: Mounting plugin PerforceSourceControl
LogPluginManager: Mounting plugin SubversionSourceControl
LogPluginManager: Mounting plugin UObjectPlugin
LogPluginManager: Mounting plugin VisualStudioCodeSourceCodeAccess
LogPluginManager: Mounting plugin VisualStudioSourceCodeAccess
LogPluginManager: Mounting plugin XCodeSourceCodeAccess
LogPluginManager: Mounting plugin AssetManagerEditor
LogPluginManager: Mounting plugin CryptoKeys
LogPluginManager: Mounting plugin DataValidation
LogPluginManager: Mounting plugin EditorScriptingUtilities
LogPluginManager: Mounting plugin FacialAnimation
LogPluginManager: Mounting plugin GameplayTagsEditor
LogPluginManager: Mounting plugin MacGraphicsSwitching
LogPluginManager: Mounting plugin MeshEditor
LogPluginManager: Mounting plugin MobileLauncherProfileWizard
LogPluginManager: Mounting plugin PluginBrowser
LogPluginManager: Mounting plugin SpeedTreeImporter
LogPluginManager: Mounting plugin DatasmithContent
LogPluginManager: Mounting plugin AlembicImporter
LogPluginManager: Mounting plugin AppleImageUtils
LogPluginManager: Mounting plugin AppleVision
LogPluginManager: Mounting plugin BackChannel
LogPluginManager: Mounting plugin CharacterAI
LogPluginManager: Mounting plugin GeometryCache
LogPluginManager: Mounting plugin HTML5Networking
LogPluginManager: Mounting plugin ProxyLODPlugin
LogPluginManager: Mounting plugin MagicLeap
LogPluginManager: Mounting plugin MagicLeapEmulator
LogPluginManager: Mounting plugin MagicLeapMedia
LogPluginManager: Mounting plugin AndroidMedia
LogPluginManager: Mounting plugin AvfMedia
LogPluginManager: Mounting plugin ImgMedia
LogPluginManager: Mounting plugin LinearTimecode
LogPluginManager: Mounting plugin MediaCompositing
LogPluginManager: Mounting plugin MediaPlayerEditor
LogPluginManager: Mounting plugin WmfMedia
LogPluginManager: Mounting plugin TcpMessaging
LogPluginManager: Mounting plugin UdpMessaging
LogPluginManager: Mounting plugin ActorSequence
LogPluginManager: Mounting plugin LevelSequenceEditor
LogPluginManager: Mounting plugin MatineeToLevelSequence
LogPluginManager: Mounting plugin NetcodeUnitTest
LogPluginManager: Mounting plugin NUTUnrealEngine4
LogPluginManager: Mounting plugin OnlineSubsystemGooglePlay
LogPluginManager: Mounting plugin OnlineSubsystemIOS
LogPluginManager: Mounting plugin OnlineSubsystem
LogPluginManager: Mounting plugin OnlineSubsystemNull
LogPluginManager: Mounting plugin OnlineSubsystemUtils
LogPluginManager: Mounting plugin LauncherChunkInstaller
LogPluginManager: Mounting plugin AndroidDeviceProfileSelector
LogPluginManager: Mounting plugin AndroidMoviePlayer
LogPluginManager: Mounting plugin AndroidPermission
LogPluginManager: Mounting plugin AppleMoviePlayer
LogPluginManager: Mounting plugin ArchVisCharacter
LogPluginManager: Mounting plugin AudioCapture
LogPluginManager: Mounting plugin CableComponent
LogPluginManager: Mounting plugin CustomMeshComponent
LogPluginManager: Mounting plugin EditableMesh
LogPluginManager: Mounting plugin ExampleDeviceProfileSelector
LogPluginManager: Mounting plugin GoogleCloudMessaging
LogPluginManager: Mounting plugin ImmediatePhysics
LogPluginManager: Mounting plugin IOSDeviceProfileSelector
LogPluginManager: Mounting plugin LinuxDeviceProfileSelector
LogPluginManager: Mounting plugin LocationServicesBPLibrary
LogPluginManager: Mounting plugin MobilePatchingUtils
LogPluginManager: Mounting plugin OculusVR
LogPluginManager: Plugin shader directory ../../../Engine/Plugins/Runtime/Oculus/OculusVR/Shaders found
LogPluginManager: Mapping shader source directory ../../../Engine/Plugins/Runtime/Oculus/OculusVR/Shaders to virtual directory /Plugin/OculusVR
LogPluginManager: Mounting plugin PhysXVehicles
LogPluginManager: Mounting plugin ProceduralMeshComponent
LogPluginManager: Mounting plugin RuntimePhysXCooking
LogPluginManager: Mounting plugin SteamVR
LogPluginManager: Mounting plugin WindowsMoviePlayer
LogPluginManager: Mounting plugin DatasmithCADImporter
LogPluginManager: Mounting plugin DatasmithFBXImporter
LogPluginManager: Mounting plugin DatasmithImporter
LogPluginManager: Mounting plugin DatasmithMDLImporter
LogPluginManager: Mounting plugin StaticMeshEditorExtension
LogStreaming: Display: Took  0.042s to configure plugins.
LogInit: Using libcurl 7.55.1-DEV
LogInit:  - built for x86_64-pc-win32
LogInit:  - supports SSL with OpenSSL/1.0.2h
LogInit:  - supports HTTP deflate (compression) using libz 1.2.8
LogInit:  - other features:
LogInit:      CURL_VERSION_SSL
LogInit:      CURL_VERSION_LIBZ
LogInit:      CURL_VERSION_IPV6
LogInit:      CURL_VERSION_ASYNCHDNS
LogInit:      CURL_VERSION_LARGEFILE
LogInit:      CURL_VERSION_IDN
LogInit:  CurlRequestOptions (configurable via config and command line):
LogInit:  - bVerifyPeer = false  - Libcurl will NOT verify peer certificate
LogInit:  - bUseHttpProxy = false  - Libcurl will NOT use HTTP proxy
LogInit:  - bDontReuseConnections = false  - Libcurl will reuse connections
LogInit:  - CertBundlePath = nullptr  - Libcurl will use whatever was configured at build time.
LogInit:  - MaxHostConnections = 16  - Libcurl will limit the number of connections to a host
LogInit:  - LocalHostAddr = Default
LogInit:  - BufferSize = 65536
LogInit: WinSock: version 1.1 (2.2), MaxSocks=32767, MaxUdp=65467
LogHMD: Failed initializing OVRPlugin 1.25.0
LogInit: Build: ++UE4+Release-4.20-CL-4302132
LogInit: Engine Version: 4.20.2-4302132+++UE4+Release-4.20
LogInit: Compatible Engine Version: 4.20.0-4212847+++UE4+Release-4.20
LogInit: Net CL: 4212847
LogInit: OS: Windows 10 (), CPU: Intel(R) Core(TM) i7-6700 CPU @ 3.40GHz, GPU: NVIDIA GeForce GTX 980
LogInit: Compiled (64-bit): Aug 21 2018 02:06:06
LogInit: Compiled with Visual C++: 19.13.26129.00
LogInit: Build Configuration: Development
LogInit: Branch Name: ++UE4+Release-4.20
LogInit: Command Line:  /Game/ThirdPersonBP/Maps/Menu -game -PIEVIACONSOLE -ResX=1280 -ResY=720  -Multiprocess -messaging -SessionName="Play in Standalone Game" -windowed 
LogInit: Base Directory: C:/Program Files/Epic Games/UE_4.20/Engine/Binaries/Win64/
LogInit: Installed Engine Build: 1
LogDevObjectVersion: Number of dev versions registered: 20
LogDevObjectVersion:   Dev-Blueprints (B0D832E4-1F89-4F0D-ACCF-7EB736FD4AA2): 10
LogDevObjectVersion:   Dev-Build (E1C64328-A22C-4D53-A36C-8E866417BD8C): 0
LogDevObjectVersion:   Dev-Core (375EC13C-06E4-48FB-B500-84F0262A717E): 2
LogDevObjectVersion:   Dev-Editor (E4B068ED-F494-42E9-A231-DA0B2E46BB41): 24
LogDevObjectVersion:   Dev-Framework (CFFC743F-43B0-4480-9391-14DF171D2073): 34
LogDevObjectVersion:   Dev-Mobile (B02B49B5-BB20-44E9-A304-32B752E40360): 2
LogDevObjectVersion:   Dev-Networking (A4E4105C-59A1-49B5-A7C5-40C4547EDFEE): 0
LogDevObjectVersion:   Dev-Online (39C831C9-5AE6-47DC-9A44-9C173E1C8E7C): 0
LogDevObjectVersion:   Dev-Physics (78F01B33-EBEA-4F98-B9B4-84EACCB95AA2): 0
LogDevObjectVersion:   Dev-Platform (6631380F-2D4D-43E0-8009-CF276956A95A): 0
LogDevObjectVersion:   Dev-Rendering (12F88B9F-8875-4AFC-A67C-D90C383ABD29): 26
LogDevObjectVersion:   Dev-Sequencer (7B5AE74C-D270-4C10-A958-57980B212A5A): 9
LogDevObjectVersion:   Dev-VR (D7296918-1DD6-4BDD-9DE2-64A83CC13884): 2
LogDevObjectVersion:   Dev-LoadTimes (C2A15278-BFE7-4AFE-6C17-90FF531DF755): 1
LogDevObjectVersion:   Private-Geometry (6EACA3D4-40EC-4CC1-B786-8BED09428FC5): 3
LogDevObjectVersion:   Dev-AnimPhys (29E575DD-E0A3-4627-9D10-D276232CDCEA): 17
LogDevObjectVersion:   Dev-ReflectionCapture (6B266CEC-1EC7-4B8F-A30B-E4D90942FC07): 1
LogDevObjectVersion:   Dev-Automation (0DF73D61-A23F-47EA-B727-89E90C41499A): 1
LogDevObjectVersion:   FortniteMain (601D1886-AC64-4F84-AA16-D3DE0DEAC7D6): 12
LogDevObjectVersion:   Dev-Enterprise (9DFFBCD6-494F-0158-E221-12823C92A888): 1
LogStreaming: Display: Took  0.002s to delete old logs.
LogInit: Presizing for max 8388607 objects, including 0 objects not considered by GC, pre-allocating 0 bytes for permanent pool.
LogInit: Object subsystem initialized
[2018.11.12-23.22.22:428][  0]LogInit: Selected Device Profile: [Windows]
[2018.11.12-23.22.22:428][  0]LogInit: Applying CVar settings loaded from the selected device profile: [Windows]
[2018.11.12-23.22.22:432][  0]LogHAL: Display: Platform has ~ 32 GB [34267594752 / 34359738368 / 32], which maps to Largest [LargestMinGB=32, LargerMinGB=12, DefaultMinGB=8, SmallerMinGB=6, SmallestMinGB=0)
[2018.11.12-23.22.22:432][  0]LogInit: Setting Device Profile CVar: [[r.Vulkan.UseRealUBs:1]]
[2018.11.12-23.22.22:432][  0]LogInit: Going up to parent DeviceProfile []
[2018.11.12-23.22.22:432][  0]LogInit: Computer: SYD-R304-PC06
[2018.11.12-23.22.22:432][  0]LogInit: User: snielsen2
[2018.11.12-23.22.22:432][  0]LogInit: CPU Page size=4096, Cores=4
[2018.11.12-23.22.22:432][  0]LogInit: High frequency timer resolution =3.328130 MHz
[2018.11.12-23.22.22:432][  0]LogMemory: Memory total: Physical=31.9GB (32GB approx)
[2018.11.12-23.22.22:432][  0]LogMemory: Platform Memory Stats for Windows
[2018.11.12-23.22.22:432][  0]LogMemory: Process Physical Memory: 103.76 MB used, 103.76 MB peak
[2018.11.12-23.22.22:432][  0]LogMemory: Process Virtual Memory: 101.06 MB used, 101.06 MB peak
[2018.11.12-23.22.22:432][  0]LogMemory: Physical Memory: 6552.42 MB used,  26127.71 MB free, 32680.13 MB total
[2018.11.12-23.22.22:432][  0]LogMemory: Virtual Memory: 4662.04 MB used,  26127.71 MB free, 134217728.00 MB total
[2018.11.12-23.22.22:451][  0]LogInit: Using OS detected language (en-US).
[2018.11.12-23.22.22:451][  0]LogInit: Using OS detected locale (en-AU).
[2018.11.12-23.22.22:451][  0]LogTextLocalizationManager: No specific localization for 'en-US' exists, so the 'en' localization will be used.
[2018.11.12-23.22.22:801][  0]LogStreaming: Display: Took  0.350s to InitEngineTextLocalization.
[2018.11.12-23.22.22:822][  0]LogSlate: New Slate User Created.  User Index 0, Is Virtual User: 0
[2018.11.12-23.22.22:822][  0]LogSlate: Slate User Registered.  User Index 0, Is Virtual User: 0
[2018.11.12-23.22.22:825][  0]LogHMD: Failed to initialize OpenVR with code 110
[2018.11.12-23.22.22:825][  0]LogD3D11RHI: D3D11 adapters:
[2018.11.12-23.22.22:868][  0]LogD3D11RHI:    0. 'NVIDIA GeForce GTX 980' (Feature Level 11_0)
[2018.11.12-23.22.22:868][  0]LogD3D11RHI:       4053/0/16340 MB DedicatedVideo/DedicatedSystem/SharedSystem, Outputs:1, VendorId:0x10de
[2018.11.12-23.22.22:869][  0]LogD3D11RHI:    1. 'Microsoft Basic Render Driver' (Feature Level 11_0)
[2018.11.12-23.22.22:869][  0]LogD3D11RHI:       0/0/16340 MB DedicatedVideo/DedicatedSystem/SharedSystem, Outputs:0, VendorId:0x1414
[2018.11.12-23.22.22:869][  0]LogD3D11RHI: Chosen D3D11 Adapter: 0
[2018.11.12-23.22.22:874][  0]LogD3D11RHI: Creating new Direct3DDevice
[2018.11.12-23.22.22:874][  0]LogD3D11RHI:     GPU DeviceId: 0x13c0 (for the marketing name, search the web for "GPU Device Id")
[2018.11.12-23.22.22:874][  0]LogWindows: EnumDisplayDevices:
[2018.11.12-23.22.22:874][  0]LogWindows:    0. 'NVIDIA GeForce GTX 980' (P:1 D:1)
[2018.11.12-23.22.22:875][  0]LogWindows:    1. 'NVIDIA GeForce GTX 980' (P:0 D:0)
[2018.11.12-23.22.22:875][  0]LogWindows:    2. 'NVIDIA GeForce GTX 980' (P:0 D:0)
[2018.11.12-23.22.22:875][  0]LogWindows:    3. 'NVIDIA GeForce GTX 980' (P:0 D:0)
[2018.11.12-23.22.22:875][  0]LogWindows: DebugString: FoundDriverCount:4 
[2018.11.12-23.22.22:875][  0]LogD3D11RHI:     Adapter Name: NVIDIA GeForce GTX 980
[2018.11.12-23.22.22:875][  0]LogD3D11RHI:   Driver Version: 398.82 (internal:24.21.13.9882, unified:398.82)
[2018.11.12-23.22.22:875][  0]LogD3D11RHI:      Driver Date: 7-30-2018
[2018.11.12-23.22.22:875][  0]LogRHI: Texture pool is 2837 MB (70% of 4053 MB)
[2018.11.12-23.22.22:904][  0]LogD3D11RHI: Async texture creation enabled
[2018.11.12-23.22.22:921][  0]LogD3D11RHI: GPU Timing Frequency: 1000.000000 (Debug: 2 2)
[2018.11.12-23.22.22:969][  0]LogShaderCompilers: Guid format shader working directory is -39 characters bigger than the processId version (../../../../../../Users/Snielsen2/Documents/GitHub/GPG210-Prototypes/PlatformerPrototype/Intermediate/Shaders/WorkingDirectory/78804/).
[2018.11.12-23.22.22:970][  0]LogShaderCompilers: Cleaned the shader compiler working directory 'C:/Users/Snielsen2/AppData/Local/Temp/UnrealShaderWorkingDir/9DBF9F5A4B79B09D294B03A7AAA82BAB/'.
[2018.11.12-23.22.23:171][  0]LogTemp: Display: Loaded TP WindowsClientTargetPlatform
[2018.11.12-23.22.23:182][  0]LogTemp: Display: Loaded TP WindowsNoEditorTargetPlatform
[2018.11.12-23.22.23:193][  0]LogTemp: Display: Loaded TP WindowsServerTargetPlatform
[2018.11.12-23.22.23:204][  0]LogTemp: Display: Loaded TP WindowsTargetPlatform
[2018.11.12-23.22.23:204][  0]LogTargetPlatformManager: Display: Building Assets For Windows
[2018.11.12-23.22.23:246][  0]LogXGEController: Cannot use XGE Controller as Incredibuild is not installed on this machine.
[2018.11.12-23.22.23:246][  0]LogShaderCompilers: Cannot use XGE Shader Compiler as Incredibuild is not installed on this machine.
[2018.11.12-23.22.23:246][  0]LogShaderCompilers: Display: Using Local Shader Compiler.
[2018.11.12-23.22.23:844][  0]LogDerivedDataCache: Display: Max Cache Size: 512 MB
[2018.11.12-23.22.23:890][  0]LogDerivedDataCache: Loaded boot cache 0.05s 72MB C:/Users/Snielsen2/AppData/Local/UnrealEngine/4.20/DerivedDataCache/Boot.ddc.
[2018.11.12-23.22.23:890][  0]LogDerivedDataCache: Display: Loaded Boot cache: C:/Users/Snielsen2/AppData/Local/UnrealEngine/4.20/DerivedDataCache/Boot.ddc
[2018.11.12-23.22.23:890][  0]LogDerivedDataCache: FDerivedDataBackendGraph:  Pak pak cache file ../../../../../../Users/Snielsen2/Documents/GitHub/GPG210-Prototypes/PlatformerPrototype/DerivedDataCache/DDC.ddp not found, will not use a pak cache.
[2018.11.12-23.22.23:891][  0]LogDerivedDataCache: Unable to find inner node Pak for hierarchical cache Hierarchy.
[2018.11.12-23.22.23:891][  0]LogDerivedDataCache: FDerivedDataBackendGraph:  CompressedPak pak cache file ../../../../../../Users/Snielsen2/Documents/GitHub/GPG210-Prototypes/PlatformerPrototype/DerivedDataCache/Compressed.ddp not found, will not use a pak cache.
[2018.11.12-23.22.23:891][  0]LogDerivedDataCache: Unable to find inner node CompressedPak for hierarchical cache Hierarchy.
[2018.11.12-23.22.23:902][  0]LogDerivedDataCache: Display: Pak cache opened for reading ../../../Engine/DerivedDataCache/Compressed.ddp.
[2018.11.12-23.22.23:914][  0]LogDerivedDataCache: Using Local data cache path C:/Users/Snielsen2/AppData/Local/UnrealEngine/Common/DerivedDataCache: Writable
[2018.11.12-23.22.23:914][  0]LogDerivedDataCache: Shared data cache path not found in *engine.ini, will not use an Shared cache.
[2018.11.12-23.22.23:914][  0]LogDerivedDataCache: Unable to find inner node Shared for hierarchical cache Hierarchy.
[2018.11.12-23.22.23:928][  0]LogMaterial: Verifying Global Shaders for PCD3D_SM5
[2018.11.12-23.22.23:929][  0]LogSlate: Using FreeType 2.6.0
[2018.11.12-23.22.23:930][  0]LogSlate: SlateFontServices - WITH_FREETYPE: 1, WITH_HARFBUZZ: 1
[2018.11.12-23.22.23:964][  0]LogInit: Using OS detected language (en-US).
[2018.11.12-23.22.23:964][  0]LogInit: Using OS detected locale (en-AU).
[2018.11.12-23.22.23:964][  0]LogTextLocalizationManager: No localization for 'en-US' exists, so 'en' will be used for the language.
[2018.11.12-23.22.23:964][  0]LogTextLocalizationManager: No localization for 'en-AU' exists, so 'en' will be used for the locale.
[2018.11.12-23.22.24:212][  0]LogStreaming: Display: Took  0.247s to InitGameTextLocalization.
[2018.11.12-23.22.24:218][  0]LogAssetRegistry: FAssetRegistry took 0.0042 seconds to start up
[2018.11.12-23.22.24:382][  0]LogPackageLocalizationCache: Processed 13 localized package path(s) for 1 prioritized culture(s) in 0.011124 seconds
[2018.11.12-23.22.24:466][  0]LogInit: Selected Device Profile: [Windows]
[2018.11.12-23.22.24:572][  0]LogSimplygon: Simplygon DLL not present - disabling.
[2018.11.12-23.22.24:574][  0]LogMeshReduction: Using SimplygonSwarm for distributed automatic mesh merging
[2018.11.12-23.22.24:574][  0]LogMeshReduction: Using ProxyLODMeshReduction for automatic mesh merging
[2018.11.12-23.22.24:574][  0]LogMeshReduction: Using QuadricMeshReduction for automatic static mesh reduction
[2018.11.12-23.22.24:574][  0]LogMeshReduction: No automatic skeletal mesh reduction module available
[2018.11.12-23.22.24:586][  0]LogNetVersion: PlatformerPrototype 1.0.0, NetCL: 4212847, EngineNetVer: 5, GameNetVer: 0 (Checksum: 3545419167)
[2018.11.12-23.22.24:980][  0]LogMoviePlayer: Initializing movie player
[2018.11.12-23.22.25:174][  0]LogTcpMessaging: Initializing TcpMessaging bridge
[2018.11.12-23.22.25:186][  0]LogUdpMessaging: Initializing bridge on interface 0.0.0.0:0 to multicast group 230.0.0.1:6666.
[2018.11.12-23.22.25:306][  0]SourceControl: Source control is disabled
[2018.11.12-23.22.25:306][  0]SourceControl: Source control is disabled
[2018.11.12-23.22.25:307][  0]SourceControl: Source control is disabled
[2018.11.12-23.22.25:454][  0]LogAndroidPermission: UAndroidPermissionCallbackProxy::GetInstance
[2018.11.12-23.22.25:601][  0]LogOcInput: OculusInput pre-init called
[2018.11.12-23.22.25:615][  0]LogUObjectArray: 42168 objects as part of root set at end of initial load.
[2018.11.12-23.22.25:615][  0]LogUObjectAllocator: 7432344 out of 0 bytes used by permanent object pool.
[2018.11.12-23.22.25:615][  0]LogUObjectArray: CloseDisregardForGC: 0/0 objects in disregard for GC pool
[2018.11.12-23.22.25:704][  0]LogEngine: Initializing Engine...
[2018.11.12-23.22.25:705][  0]LogHMD: Failed to initialize OpenVR with code 110
[2018.11.12-23.22.25:718][  0]LogStats: UGameplayTagsManager::ConstructGameplayTagTree: ImportINI prefixes -  0.000 s
[2018.11.12-23.22.25:718][  0]LogStats: UGameplayTagsManager::ConstructGameplayTagTree: Construct from data asset -  0.000 s
[2018.11.12-23.22.25:718][  0]LogStats: UGameplayTagsManager::ConstructGameplayTagTree: ImportINI -  0.000 s
[2018.11.12-23.22.25:718][  0]LogStats: UGameplayTagsManager::ConstructGameplayTagTree: GameplayTagTreeChangedEvent.Broadcast -  0.000 s
[2018.11.12-23.22.25:868][  0]LogInit: Initializing FReadOnlyCVARCache
[2018.11.12-23.22.25:878][  0]LogInit: XAudio2 using 'U28E850 (2- NVIDIA High Definition Audio)' : 2 channels at 48 kHz using 16 bits per sample (channel mask 0x3)
[2018.11.12-23.22.25:889][  0]LogInit: FAudioDevice initialized.
[2018.11.12-23.22.25:900][  0]LogNetVersion: Set ProjectVersion to 1.0.0.0. Version Checksum will be recalculated on next use.
[2018.11.12-23.22.25:910][  0]LogInit: Texture streaming: Enabled
[2018.11.12-23.22.26:021][  0]LogSlate: Updating window title bar state: overlay mode, drag disabled, window buttons hidden, title bar hidden
[2018.11.12-23.22.26:022][  0]LogInit: Display: Game Engine Initialized.
[2018.11.12-23.22.26:022][  0]LogGameplayTags: Display: UGameplayTagsManager::DoneAddingNativeTags. DelegateIsBound: 0
[2018.11.12-23.22.26:022][  0]LogStats: UGameplayTagsManager::ConstructGameplayTagTree: ImportINI prefixes -  0.000 s
[2018.11.12-23.22.26:022][  0]LogStats: UGameplayTagsManager::ConstructGameplayTagTree: Construct from data asset -  0.000 s
[2018.11.12-23.22.26:022][  0]LogStats: UGameplayTagsManager::ConstructGameplayTagTree: ImportINI -  0.000 s
[2018.11.12-23.22.26:022][  0]LogStats: UGameplayTagsManager::ConstructGameplayTagTree: GameplayTagTreeChangedEvent.Broadcast -  0.000 s
[2018.11.12-23.22.26:032][  0]LogInit: Display: Starting Game.
[2018.11.12-23.22.26:032][  0]LogNet: Browse: /Game/ThirdPersonBP/Maps/Menu?Name=Player
[2018.11.12-23.22.26:032][  0]LogLoad: LoadMap: /Game/ThirdPersonBP/Maps/Menu?Name=Player
[2018.11.12-23.22.26:063][  0]LogAIModule: Creating AISystem for world Menu
[2018.11.12-23.22.26:248][  0]LogLoad: Game class is 'ThirdPersonGameMode_C'
[2018.11.12-23.22.26:249][  0]LogWorld: Bringing World /Game/ThirdPersonBP/Maps/Menu.Menu up for play (max tick rate 0) at 2018.11.13-10.22.26
[2018.11.12-23.22.26:249][  0]LogWorld: Bringing up level for play took: 0.000403
[2018.11.12-23.22.26:249][  0]LogGameMode: FindPlayerStart: PATHS NOT DEFINED or NO PLAYERSTART with positive rating
[2018.11.12-23.22.26:255][  0]LogLoad: Took 0.222168 seconds to LoadMap(/Game/ThirdPersonBP/Maps/Menu)
[2018.11.12-23.22.26:305][  0]LogRenderer: Reallocating scene render targets to support 1280x720 Format 10 NumSamples 1 (Frame:1).
[2018.11.12-23.22.26:305][  0]LogLoad: (Engine Initialization) Total time: 5.57 seconds
[2018.11.12-23.22.26:305][  0]LogLoad: (Engine Initialization) Total Blueprint compile time: 0.00 seconds
[2018.11.12-23.22.26:323][  0]LogWindowsTextInputMethodSystem: Display: IME system now deactivated.
[2018.11.12-23.22.26:325][  0]LogContentStreaming: Texture pool size now 1000 MB
[2018.11.12-23.22.28:614][142]LogSlate: FSceneViewport::OnFocusLost() reason 0
[2018.11.12-23.22.28:763][148]LogPackageName: SearchForPackageOnDisk took   0.053s to resolve Level1SN.umap.
[2018.11.12-23.22.28:813][148]LogPackageName: SearchForPackageOnDisk took   0.049s to resolve Level1SN.umap.
[2018.11.12-23.22.28:813][148]LogNet: Browse: /Game/ThirdPersonBP/Maps/Level1SN
[2018.11.12-23.22.28:813][148]LogLoad: LoadMap: /Game/ThirdPersonBP/Maps/Level1SN
[2018.11.12-23.22.29:161][148]LogAIModule: Creating AISystem for world Level1SN
[2018.11.12-23.22.29:161][148]LogLoad: Game class is 'ThirdPersonGameMode_C'
[2018.11.12-23.22.29:175][148]LogWorld: Bringing World /Game/ThirdPersonBP/Maps/Level1SN.Level1SN up for play (max tick rate 0) at 2018.11.13-10.22.29
[2018.11.12-23.22.29:175][148]LogWorld: Bringing up level for play took: 0.012217
[2018.11.12-23.22.29:178][148]LogLoad: Took 0.364925 seconds to LoadMap(/Game/ThirdPersonBP/Maps/Level1SN)
[2018.11.12-23.22.30:438][220]LogSlate: Updating window title bar state: overlay mode, drag disabled, window buttons hidden, title bar hidden
[2018.11.12-23.22.31:680][297]LogSlate: FSceneViewport::OnFocusLost() reason 0
[2018.11.12-23.22.31:760][302]LogNet: Browse: /Game/ThirdPersonBP/Maps/Level1SN
[2018.11.12-23.22.31:760][302]LogLoad: LoadMap: /Game/ThirdPersonBP/Maps/Level1SN
[2018.11.12-23.22.32:143][302]LogAIModule: Creating AISystem for world Level1SN
[2018.11.12-23.22.32:143][302]LogLoad: Game class is 'ThirdPersonGameMode_C'
[2018.11.12-23.22.32:157][302]LogWorld: Bringing World /Game/ThirdPersonBP/Maps/Level1SN.Level1SN up for play (max tick rate 0) at 2018.11.13-10.22.32
[2018.11.12-23.22.32:158][302]LogWorld: Bringing up level for play took: 0.013381
[2018.11.12-23.22.32:160][302]LogLoad: Took 0.400177 seconds to LoadMap(/Game/ThirdPersonBP/Maps/Level1SN)
[2018.11.12-23.22.34:476][439]LogBlueprintUserMessages: [ThirdPersonCharacter_C_0] 10
[2018.11.12-23.22.34:476][439]LogBlueprintUserMessages: [BP_Coin_2] Got Coin
[2018.11.12-23.22.34:477][439]LogBlueprintUserMessages: [ThirdPersonCharacter_C_0] 20
[2018.11.12-23.22.34:477][439]LogBlueprintUserMessages: [BP_Coin2] Got Coin
[2018.11.12-23.22.34:959][469]LogBlueprintUserMessages: [ThirdPersonCharacter_C_0] 30
[2018.11.12-23.22.34:959][469]LogBlueprintUserMessages: [BP_Coin6] Got Coin
[2018.11.12-23.22.35:977][532]LogBlueprintUserMessages: [ThirdPersonCharacter_C_0] 40
[2018.11.12-23.22.35:977][532]LogBlueprintUserMessages: [BP_Coin4] Got Coin
[2018.11.12-23.22.36:476][563]LogBlueprintUserMessages: [ThirdPersonCharacter_C_0] 50
[2018.11.12-23.22.36:476][563]LogBlueprintUserMessages: [BP_Coin3] Got Coin
[2018.11.12-23.22.36:976][594]LogBlueprintUserMessages: [Bp_Key2_6] Key get
[2018.11.12-23.22.39:347][741]LogSlate: Updating window title bar state: overlay mode, drag disabled, window buttons hidden, title bar hidden
[2018.11.12-23.22.40:347][803]LogSlate: FSceneViewport::OnFocusLost() reason 0
[2018.11.12-23.22.40:459][810]LogNet: Browse: /Game/ThirdPersonBP/Maps/Level1SN
[2018.11.12-23.22.40:460][810]LogLoad: LoadMap: /Game/ThirdPersonBP/Maps/Level1SN
[2018.11.12-23.22.40:809][810]LogAIModule: Creating AISystem for world Level1SN
[2018.11.12-23.22.40:809][810]LogLoad: Game class is 'ThirdPersonGameMode_C'
[2018.11.12-23.22.40:821][810]LogWorld: Bringing World /Game/ThirdPersonBP/Maps/Level1SN.Level1SN up for play (max tick rate 0) at 2018.11.13-10.22.40
[2018.11.12-23.22.40:821][810]LogWorld: Bringing up level for play took: 0.011556
[2018.11.12-23.22.40:823][810]LogLoad: Took 0.363791 seconds to LoadMap(/Game/ThirdPersonBP/Maps/Level1SN)
[2018.11.12-23.22.43:659][980]LogBlueprintUserMessages: [ThirdPersonCharacter_C_0] 10
[2018.11.12-23.22.43:659][980]LogBlueprintUserMessages: [BP_Coin10] Got Coin
[2018.11.12-23.22.45:725][108]LogBlueprintUserMessages: [ThirdPersonCharacter_C_0] 20
[2018.11.12-23.22.45:725][108]LogBlueprintUserMessages: [BP_Coin7] Got Coin
[2018.11.12-23.22.46:935][183]LogBlueprintUserMessages: [Bp_Key_2] Key get
[2018.11.12-23.22.52:304][516]LogBlueprintUserMessages: [ThirdPersonCharacter_C_0] 30
[2018.11.12-23.22.52:304][516]LogBlueprintUserMessages: [BP_Coin_2] Got Coin
[2018.11.12-23.22.52:304][516]LogBlueprintUserMessages: [ThirdPersonCharacter_C_0] 40
[2018.11.12-23.22.52:305][516]LogBlueprintUserMessages: [BP_Coin2] Got Coin
[2018.11.12-23.22.53:305][578]LogBlueprintUserMessages: [ThirdPersonCharacter_C_0] 50
[2018.11.12-23.22.53:305][578]LogBlueprintUserMessages: [BP_Coin5] Got Coin
[2018.11.12-23.22.54:288][639]LogBlueprintUserMessages: [ThirdPersonCharacter_C_0] 60
[2018.11.12-23.22.54:289][639]LogBlueprintUserMessages: [BP_Coin3] Got Coin
[2018.11.12-23.22.54:854][674]LogBlueprintUserMessages: [Bp_Key2_6] Key get
[2018.11.12-23.22.56:483][775]LogBlueprintUserMessages: [ThirdPersonCharacter_C_0] 70
[2018.11.12-23.22.56:483][775]LogBlueprintUserMessages: [BP_Coin4] Got Coin
[2018.11.12-23.22.57:514][839]LogBlueprintUserMessages: [ThirdPersonCharacter_C_0] 80
[2018.11.12-23.22.57:515][839]LogBlueprintUserMessages: [BP_Coin6] Got Coin
[2018.11.12-23.23.00:902][ 49]LogBlueprintUserMessages: [ThirdPersonCharacter_C_0] 90
[2018.11.12-23.23.00:903][ 49]LogBlueprintUserMessages: [BP_Coin9] Got Coin
[2018.11.12-23.23.04:274][258]LogBlueprintUserMessages: [ThirdPersonCharacter_C_0] 100
[2018.11.12-23.23.04:274][258]LogBlueprintUserMessages: [BP_Coin8] Got Coin
[2018.11.12-23.23.06:355][387]LogBlueprintUserMessages: [BP_Key1] Key get
[2018.11.12-23.23.12:529][763]LogPackageName: SearchForPackageOnDisk took   0.106s to resolve New_Level_2.umap.
[2018.11.12-23.23.12:580][764]LogPackageName: SearchForPackageOnDisk took   0.050s to resolve New_Level_2.umap.
[2018.11.12-23.23.12:580][764]LogNet: Browse: /Game/ThirdPersonBP/Maps/Thomas_List_Levels/New_Level_2
[2018.11.12-23.23.12:580][764]LogLoad: LoadMap: /Game/ThirdPersonBP/Maps/Thomas_List_Levels/New_Level_2
[2018.11.12-23.23.12:834][764]LogLinker: Warning: Can't find file '/Game/ThirdPersonBP/Maps/Thomas_List_Levels/New_Level_2_BuiltData'
[2018.11.12-23.23.12:834][764]LoadErrors: Failed to load /Game/ThirdPersonBP/Maps/Thomas_List_Levels/New_Level_2_BuiltData.New_Level_2_BuiltData Referenced by PersistentLevel
[2018.11.12-23.23.12:834][764]LogUObjectGlobals: Warning: Failed to load '/Game/ThirdPersonBP/Maps/Thomas_List_Levels/New_Level_2_BuiltData': Can't find file '/Game/ThirdPersonBP/Maps/Thomas_List_Levels/New_Level_2_BuiltData'
[2018.11.12-23.23.12:834][764]LogLinker: Warning: Can't find file for asset '/Game/ThirdPersonBP/Maps/Thomas_List_Levels/New_Level_2_BuiltData' while loading NULL.
[2018.11.12-23.23.12:834][764]LoadErrors: Failed to load /Game/ThirdPersonBP/Maps/Thomas_List_Levels/New_Level_2_BuiltData.New_Level_2_BuiltData Referenced by PersistentLevel
[2018.11.12-23.23.12:834][764]LogUObjectGlobals: Warning: Failed to load '/Game/ThirdPersonBP/Maps/Thomas_List_Levels/New_Level_2_BuiltData': Can't find file for asset '/Game/ThirdPersonBP/Maps/Thomas_List_Levels/New_Level_2_BuiltData' while loading NULL.
[2018.11.12-23.23.12:946][764]LogAIModule: Creating AISystem for world New_Level_2
[2018.11.12-23.23.12:955][764]LogLoad: Game class is 'ThirdPersonGameMode_C'
[2018.11.12-23.23.12:971][764]LogWorld: Bringing World /Game/ThirdPersonBP/Maps/Thomas_List_Levels/New_Level_2.New_Level_2 up for play (max tick rate 0) at 2018.11.13-10.23.12
[2018.11.12-23.23.12:971][764]LogWorld: Bringing up level for play took: 0.015542
[2018.11.12-23.23.12:976][764]LogLoad: Took 0.394668 seconds to LoadMap(/Game/ThirdPersonBP/Maps/Thomas_List_Levels/New_Level_2)
[2018.11.12-23.23.14:649][858]LogBlueprintUserMessages: [ThirdPersonCharacter_C_0] 10
[2018.11.12-23.23.14:650][858]LogBlueprintUserMessages: [BP_Coin8] Got Coin
[2018.11.12-23.23.16:279][959]LogBlueprintUserMessages: [ThirdPersonCharacter_C_0] 20
[2018.11.12-23.23.16:280][959]LogBlueprintUserMessages: [BP_Coin11] Got Coin
[2018.11.12-23.23.17:779][ 52]LogBlueprintUserMessages: [BP_HighJump_3] High Jump Start
[2018.11.12-23.23.26:881][616]LogBlueprintUserMessages: [ThirdPersonCharacter_C_0] 30
[2018.11.12-23.23.26:881][616]LogBlueprintUserMessages: [BP_Coin4] Got Coin
[2018.11.12-23.23.27:155][633]LogBlueprintUserMessages: [ThirdPersonCharacter_C_0] 40
[2018.11.12-23.23.27:155][633]LogBlueprintUserMessages: [BP_Coin3_6] Got Coin
[2018.11.12-23.23.28:295][702]LogBlueprintUserMessages: [ThirdPersonCharacter_C_0] High Jump end
[2018.11.12-23.23.28:342][705]LogBlueprintUserMessages: [ThirdPersonCharacter_C_0] 50
[2018.11.12-23.23.28:343][705]LogBlueprintUserMessages: [BP_Coin13_20] Got Coin
[2018.11.12-23.23.29:196][758]LogBlueprintUserMessages: [ThirdPersonCharacter_C_0] 60
[2018.11.12-23.23.29:197][758]LogBlueprintUserMessages: [BP_Coin14] Got Coin
[2018.11.12-23.23.29:890][801]LogBlueprintUserMessages: [ThirdPersonCharacter_C_0] 70
[2018.11.12-23.23.29:890][801]LogBlueprintUserMessages: [BP_Coin15] Got Coin
[2018.11.12-23.23.30:664][849]LogBlueprintUserMessages: [Bp_Key_2] Key get
[2018.11.12-23.23.58:538][577]LogBlueprintUserMessages: [ThirdPersonCharacter_C_0] 80
[2018.11.12-23.23.58:538][577]LogBlueprintUserMessages: [BP_Coin2] Got Coin
[2018.11.12-23.24.00:522][700]LogBlueprintUserMessages: [ThirdPersonCharacter_C_0] 90
[2018.11.12-23.24.00:523][700]LogBlueprintUserMessages: [BP_Coin6] Got Coin
[2018.11.12-23.24.00:796][717]LogBlueprintUserMessages: [ThirdPersonCharacter_C_0] 100
[2018.11.12-23.24.00:797][717]LogBlueprintUserMessages: [BP_Coin5] Got Coin
[2018.11.12-23.24.02:748][838]LogBlueprintUserMessages: [ThirdPersonCharacter_C_0] 110
[2018.11.12-23.24.02:749][838]LogBlueprintUserMessages: [BP_Coin17] Got Coin
[2018.11.12-23.24.06:785][ 84]LogPackageName: SearchForPackageOnDisk took   0.068s to resolve Level_3.umap.
[2018.11.12-23.24.06:836][ 85]LogPackageName: SearchForPackageOnDisk took   0.049s to resolve Level_3.umap.
[2018.11.12-23.24.06:836][ 85]LogNet: Browse: /Game/ThirdPersonBP/Maps/Isaac_levels/Level_3
[2018.11.12-23.24.06:836][ 85]LogLoad: LoadMap: /Game/ThirdPersonBP/Maps/Isaac_levels/Level_3
[2018.11.12-23.24.06:963][ 85]LogLinker: Warning: Can't find file '/Game/ThirdPersonBP/Maps/Isaac_levels/Level_3_BuiltData'
[2018.11.12-23.24.06:963][ 85]LogUObjectGlobals: Warning: Failed to load '/Game/ThirdPersonBP/Maps/Isaac_levels/Level_3_BuiltData': Can't find file '/Game/ThirdPersonBP/Maps/Isaac_levels/Level_3_BuiltData'
[2018.11.12-23.24.06:963][ 85]LogLinker: Warning: Can't find file for asset '/Game/ThirdPersonBP/Maps/Isaac_levels/Level_3_BuiltData' while loading NULL.
[2018.11.12-23.24.06:963][ 85]LogUObjectGlobals: Warning: Failed to load '/Game/ThirdPersonBP/Maps/Isaac_levels/Level_3_BuiltData': Can't find file for asset '/Game/ThirdPersonBP/Maps/Isaac_levels/Level_3_BuiltData' while loading NULL.
[2018.11.12-23.24.07:088][ 85]LogLinker: Warning: Can't find file '/Game/ThirdPersonBP/Maps/Isaac_levels/Level_3_BuiltData'
[2018.11.12-23.24.07:088][ 85]LoadErrors: Failed to load /Game/ThirdPersonBP/Maps/Isaac_levels/Level_3_BuiltData.Level_3_BuiltData Referenced by PersistentLevel
[2018.11.12-23.24.07:088][ 85]LogUObjectGlobals: Warning: Failed to load '/Game/ThirdPersonBP/Maps/Isaac_levels/Level_3_BuiltData': Can't find file '/Game/ThirdPersonBP/Maps/Isaac_levels/Level_3_BuiltData'
[2018.11.12-23.24.07:088][ 85]LogLinker: Warning: Can't find file for asset '/Game/ThirdPersonBP/Maps/Isaac_levels/Level_3_BuiltData' while loading NULL.
[2018.11.12-23.24.07:088][ 85]LoadErrors: Failed to load /Game/ThirdPersonBP/Maps/Isaac_levels/Level_3_BuiltData.Level_3_BuiltData Referenced by PersistentLevel
[2018.11.12-23.24.07:088][ 85]LogUObjectGlobals: Warning: Failed to load '/Game/ThirdPersonBP/Maps/Isaac_levels/Level_3_BuiltData': Can't find file for asset '/Game/ThirdPersonBP/Maps/Isaac_levels/Level_3_BuiltData' while loading NULL.
[2018.11.12-23.24.07:239][ 85]LogAIModule: Creating AISystem for world Level_3
[2018.11.12-23.24.07:247][ 85]LogLoad: Game class is 'ThirdPersonGameMode_C'
[2018.11.12-23.24.07:272][ 85]LogWorld: Bringing World /Game/ThirdPersonBP/Maps/Isaac_levels/Level_3.Level_3 up for play (max tick rate 0) at 2018.11.13-10.24.07
[2018.11.12-23.24.07:273][ 85]LogWorld: Bringing up level for play took: 0.025229
[2018.11.12-23.24.07:276][ 85]LogLoad: Took 0.439195 seconds to LoadMap(/Game/ThirdPersonBP/Maps/Isaac_levels/Level_3)
[2018.11.12-23.24.10:732][293]LogBlueprintUserMessages: [ThirdPersonCharacter_C_0] 10
[2018.11.12-23.24.10:733][293]LogBlueprintUserMessages: [BP_Coin8] Got Coin
[2018.11.12-23.24.14:684][538]LogSlate: Updating window title bar state: overlay mode, drag disabled, window buttons hidden, title bar hidden
[2018.11.12-23.24.15:748][604]LogSlate: FSceneViewport::OnFocusLost() reason 0
[2018.11.12-23.24.15:845][610]LogNet: Browse: /Game/ThirdPersonBP/Maps/Isaac_levels/Level_3
[2018.11.12-23.24.15:846][610]LogLoad: LoadMap: /Game/ThirdPersonBP/Maps/Isaac_levels/Level_3
[2018.11.12-23.24.15:990][610]LogLinker: Warning: Can't find file '/Game/ThirdPersonBP/Maps/Isaac_levels/Level_3_BuiltData'
[2018.11.12-23.24.15:990][610]LogUObjectGlobals: Warning: Failed to load '/Game/ThirdPersonBP/Maps/Isaac_levels/Level_3_BuiltData': Can't find file '/Game/ThirdPersonBP/Maps/Isaac_levels/Level_3_BuiltData'
[2018.11.12-23.24.15:990][610]LogLinker: Warning: Can't find file for asset '/Game/ThirdPersonBP/Maps/Isaac_levels/Level_3_BuiltData' while loading NULL.
[2018.11.12-23.24.15:990][610]LogUObjectGlobals: Warning: Failed to load '/Game/ThirdPersonBP/Maps/Isaac_levels/Level_3_BuiltData': Can't find file for asset '/Game/ThirdPersonBP/Maps/Isaac_levels/Level_3_BuiltData' while loading NULL.
[2018.11.12-23.24.16:113][610]LogLinker: Warning: Can't find file '/Game/ThirdPersonBP/Maps/Isaac_levels/Level_3_BuiltData'
[2018.11.12-23.24.16:113][610]LoadErrors: Failed to load /Game/ThirdPersonBP/Maps/Isaac_levels/Level_3_BuiltData.Level_3_BuiltData Referenced by PersistentLevel
[2018.11.12-23.24.16:113][610]LogUObjectGlobals: Warning: Failed to load '/Game/ThirdPersonBP/Maps/Isaac_levels/Level_3_BuiltData': Can't find file '/Game/ThirdPersonBP/Maps/Isaac_levels/Level_3_BuiltData'
[2018.11.12-23.24.16:113][610]LogLinker: Warning: Can't find file for asset '/Game/ThirdPersonBP/Maps/Isaac_levels/Level_3_BuiltData' while loading NULL.
[2018.11.12-23.24.16:113][610]LoadErrors: Failed to load /Game/ThirdPersonBP/Maps/Isaac_levels/Level_3_BuiltData.Level_3_BuiltData Referenced by PersistentLevel
[2018.11.12-23.24.16:113][610]LogUObjectGlobals: Warning: Failed to load '/Game/ThirdPersonBP/Maps/Isaac_levels/Level_3_BuiltData': Can't find file for asset '/Game/ThirdPersonBP/Maps/Isaac_levels/Level_3_BuiltData' while loading NULL.
[2018.11.12-23.24.16:225][610]LogAIModule: Creating AISystem for world Level_3
[2018.11.12-23.24.16:232][610]LogLoad: Game class is 'ThirdPersonGameMode_C'
[2018.11.12-23.24.16:260][610]LogWorld: Bringing World /Game/ThirdPersonBP/Maps/Isaac_levels/Level_3.Level_3 up for play (max tick rate 0) at 2018.11.13-10.24.16
[2018.11.12-23.24.16:260][610]LogWorld: Bringing up level for play took: 0.027078
[2018.11.12-23.24.16:263][610]LogLoad: Took 0.417009 seconds to LoadMap(/Game/ThirdPersonBP/Maps/Isaac_levels/Level_3)
[2018.11.12-23.24.16:266][611]LogCharacterMovement: Warning: GetSimulationTimeStep() - Max iterations 8 hit while remaining time 0.078073 > MaxSimulationTimeStep (0.050) for 'ThirdPersonCharacter_C_0', movement 'Walking'
[2018.11.12-23.24.18:824][762]LogBlueprintUserMessages: [ThirdPersonCharacter_C_0] 10
[2018.11.12-23.24.18:824][762]LogBlueprintUserMessages: [BP_Coin8] Got Coin
[2018.11.12-23.24.22:227][973]LogBlueprintUserMessages: [ThirdPersonCharacter_C_0] 20
[2018.11.12-23.24.22:227][973]LogBlueprintUserMessages: [BP_Coin2_2] Got Coin
[2018.11.12-23.24.23:374][ 44]LogBlueprintUserMessages: [ThirdPersonCharacter_C_0] 30
[2018.11.12-23.24.23:374][ 44]LogBlueprintUserMessages: [BP_Coin6_14] Got Coin
[2018.11.12-23.24.23:825][ 72]LogBlueprintUserMessages: [ThirdPersonCharacter_C_0] 40
[2018.11.12-23.24.23:825][ 72]LogBlueprintUserMessages: [BP_Coin22] Got Coin
[2018.11.12-23.24.24:163][ 93]LogBlueprintUserMessages: [ThirdPersonCharacter_C_0] 50
[2018.11.12-23.24.24:163][ 93]LogBlueprintUserMessages: [BP_Coin11] Got Coin
[2018.11.12-23.24.24:663][124]LogBlueprintUserMessages: [ThirdPersonCharacter_C_0] 60
[2018.11.12-23.24.24:663][124]LogBlueprintUserMessages: [BP_Coin18] Got Coin
[2018.11.12-23.24.25:035][147]LogBlueprintUserMessages: [ThirdPersonCharacter_C_0] 70
[2018.11.12-23.24.25:035][147]LogBlueprintUserMessages: [BP_Coin14] Got Coin
[2018.11.12-23.24.27:390][293]LogSlate: Updating window title bar state: overlay mode, drag disabled, window buttons hidden, title bar hidden
[2018.11.12-23.24.28:629][369]LogSlate: FSceneViewport::OnFocusLost() reason 0
[2018.11.12-23.24.28:761][374]LogPackageName: SearchForPackageOnDisk took   0.051s to resolve Level1SN.umap.
[2018.11.12-23.24.28:811][374]LogPackageName: SearchForPackageOnDisk took   0.050s to resolve Level1SN.umap.
[2018.11.12-23.24.28:811][374]LogNet: Browse: /Game/ThirdPersonBP/Maps/Level1SN
[2018.11.12-23.24.28:812][374]LogLoad: LoadMap: /Game/ThirdPersonBP/Maps/Level1SN
[2018.11.12-23.24.29:160][374]LogAIModule: Creating AISystem for world Level1SN
[2018.11.12-23.24.29:160][374]LogLoad: Game class is 'ThirdPersonGameMode_C'
[2018.11.12-23.24.29:172][374]LogWorld: Bringing World /Game/ThirdPersonBP/Maps/Level1SN.Level1SN up for play (max tick rate 0) at 2018.11.13-10.24.29
[2018.11.12-23.24.29:173][374]LogWorld: Bringing up level for play took: 0.011186
[2018.11.12-23.24.29:175][374]LogLoad: Took 0.363313 seconds to LoadMap(/Game/ThirdPersonBP/Maps/Level1SN)
[2018.11.12-23.24.33:947][663]LogSlate: Updating window title bar state: overlay mode, drag disabled, window buttons hidden, title bar hidden
[2018.11.12-23.24.35:054][725]LogSlate: Window 'PlatformerPrototype (64-bit Development PCD3D_SM5) ' being destroyed
[2018.11.12-23.24.35:054][725]LogWindowsTextInputMethodSystem: Display: IME system now deactivated.
[2018.11.12-23.24.35:058][725]LogWindowsTextInputMethodSystem: Display: IME system now deactivated.
[2018.11.12-23.24.35:058][725]LogSlate: Updating window title bar state: overlay mode, drag disabled, window buttons hidden, title bar hidden
[2018.11.12-23.24.35:058][725]LogEngine: All Windows Closed
[2018.11.12-23.24.35:058][725]LogWindows: FPlatformMisc::RequestExit(0)
[2018.11.12-23.24.35:781][726]LogExit: Preparing to exit.
[2018.11.12-23.24.35:781][726]LogMoviePlayer: Shutting down movie player
[2018.11.12-23.24.36:283][726]LogSlate: Updating window title bar state: overlay mode, drag disabled, window buttons hidden, title bar hidden
[2018.11.12-23.24.36:298][726]LogExit: Game engine shut down
[2018.11.12-23.24.36:553][726]LogExit: Object subsystem successfully closed.
[2018.11.12-23.24.36:574][726]LogShaderCompilers: Display: Shaders left to compile 0
[2018.11.12-23.24.36:576][726]LogD3D11RHI: Shutdown
[2018.11.12-23.24.36:577][726]LogD3D11RHI: CleanupD3DDevice
[2018.11.12-23.24.36:578][726]LogD3D11RHI: ~FD3D11DynamicRHI
[2018.11.12-23.24.36:586][726]LogModuleManager: Shutting down and abandoning module SequenceRecorderSections (376)
[2018.11.12-23.24.36:586][726]LogModuleManager: Shutting down and abandoning module SequenceRecorder (374)
[2018.11.12-23.24.36:586][726]LogModuleManager: Shutting down and abandoning module AutomationController (372)
[2018.11.12-23.24.36:586][726]LogModuleManager: Shutting down and abandoning module AutomationWorker (370)
[2018.11.12-23.24.36:586][726]LogModuleManager: Shutting down and abandoning module Voice (368)
[2018.11.12-23.24.36:586][726]LogModuleManager: Shutting down and abandoning module AIModule (366)
[2018.11.12-23.24.36:586][726]LogModuleManager: Shutting down and abandoning module GameplayDebugger (365)
[2018.11.12-23.24.36:586][726]LogModuleManager: Shutting down and abandoning module AITestSuite (363)
[2018.11.12-23.24.36:586][726]LogModuleManager: Shutting down and abandoning module NavigationSystem (361)
[2018.11.12-23.24.36:586][726]LogModuleManager: Shutting down and abandoning module WmfMediaFactory (358)
[2018.11.12-23.24.36:586][726]LogModuleManager: Shutting down and abandoning module OpenExrWrapper (356)
[2018.11.12-23.24.36:586][726]LogModuleManager: Shutting down and abandoning module ImgMediaFactory (354)
[2018.11.12-23.24.36:586][726]LogModuleManager: Shutting down and abandoning module AvfMediaFactory (352)
[2018.11.12-23.24.36:586][726]LogModuleManager: Shutting down and abandoning module MagicLeapCameraPreviewFactory (350)
[2018.11.12-23.24.36:586][726]LogModuleManager: Shutting down and abandoning module MagicLeapMediaFactory (348)
[2018.11.12-23.24.36:586][726]LogModuleManager: Shutting down and abandoning module CharacterAI (346)
[2018.11.12-23.24.36:586][726]LogModuleManager: Shutting down and abandoning module SessionServices (344)
[2018.11.12-23.24.36:586][726]LogModuleManager: Shutting down and abandoning module MovieSceneCapture (342)
[2018.11.12-23.24.36:586][726]LogModuleManager: Shutting down and abandoning module MovieSceneTracks (340)
[2018.11.12-23.24.36:586][726]LogModuleManager: Shutting down and abandoning module MovieScene (338)
[2018.11.12-23.24.36:586][726]LogModuleManager: Shutting down and abandoning module StreamingPauseRendering (336)
[2018.11.12-23.24.36:586][726]LogModuleManager: Shutting down and abandoning module PortalServices (334)
[2018.11.12-23.24.36:586][726]LogModuleManager: Shutting down and abandoning module PortalRpc (332)
[2018.11.12-23.24.36:586][726]LogModuleManager: Shutting down and abandoning module MessagingRpc (330)
[2018.11.12-23.24.36:586][726]LogModuleManager: Shutting down and abandoning module ProfilerService (328)
[2018.11.12-23.24.36:661][726]LogModuleManager: Shutting down and abandoning module TaskGraph (326)
[2018.11.12-23.24.36:661][726]LogModuleManager: Shutting down and abandoning module SteamVRController (324)
[2018.11.12-23.24.36:661][726]LogModuleManager: Shutting down and abandoning module ProceduralMeshComponent (322)
[2018.11.12-23.24.36:661][726]LogModuleManager: Shutting down and abandoning module OculusInput (320)
[2018.11.12-23.24.36:661][726]LogModuleManager: Shutting down and abandoning module MobilePatchingUtils (318)
[2018.11.12-23.24.36:661][726]LogModuleManager: Shutting down and abandoning module EditableMesh (316)
[2018.11.12-23.24.36:661][726]LogModuleManager: Shutting down and abandoning module CustomMeshComponent (314)
[2018.11.12-23.24.36:661][726]LogModuleManager: Shutting down and abandoning module CableComponent (312)
[2018.11.12-23.24.36:661][726]LogModuleManager: Shutting down and abandoning module AudioCapture (310)
[2018.11.12-23.24.36:661][726]LogModuleManager: Shutting down and abandoning module ArchVisCharacter (308)
[2018.11.12-23.24.36:661][726]LogModuleManager: Shutting down and abandoning module AndroidPermission (306)
[2018.11.12-23.24.36:661][726]LogModuleManager: Shutting down and abandoning module NUTUnrealEngine4 (304)
[2018.11.12-23.24.36:661][726]LogModuleManager: Shutting down and abandoning module NetcodeUnitTest (302)
[2018.11.12-23.24.36:661][726]LogModuleManager: Shutting down and abandoning module MediaCompositing (300)
[2018.11.12-23.24.36:662][726]LogModuleManager: Shutting down and abandoning module LinearTimecode (298)
[2018.11.12-23.24.36:662][726]LogModuleManager: Shutting down and abandoning module ImgMedia (296)
[2018.11.12-23.24.36:669][726]LogModuleManager: Shutting down and abandoning module HTML5Networking (294)
[2018.11.12-23.24.36:669][726]LogModuleManager: Shutting down and abandoning module GeometryCacheTracks (292)
[2018.11.12-23.24.36:669][726]LogModuleManager: Shutting down and abandoning module GeometryCacheSequencer (291)
[2018.11.12-23.24.36:669][726]LogModuleManager: Shutting down and abandoning module GeometryCache (288)
[2018.11.12-23.24.36:669][726]LogModuleManager: Shutting down and abandoning module GeometryCacheEd (287)
[2018.11.12-23.24.36:669][726]LogModuleManager: Shutting down and abandoning module BackChannel (284)
[2018.11.12-23.24.36:669][726]LogModuleManager: Shutting down and abandoning module AppleVision (282)
[2018.11.12-23.24.36:669][726]LogModuleManager: Shutting down and abandoning module AppleImageUtils (280)
[2018.11.12-23.24.36:669][726]LogModuleManager: Shutting down and abandoning module DatasmithContent (278)
[2018.11.12-23.24.36:670][726]LogModuleManager: Shutting down and abandoning module CryptoKeysOpenSSL (276)
[2018.11.12-23.24.36:670][726]LogModuleManager: Shutting down and abandoning module CryptoKeys (274)
[2018.11.12-23.24.36:670][726]LogModuleManager: Shutting down and abandoning module VisualStudioSourceCodeAccess (272)
[2018.11.12-23.24.36:670][726]LogModuleManager: Shutting down and abandoning module HotReload (271)
[2018.11.12-23.24.36:671][726]LogModuleManager: Shutting down and abandoning module DirectoryWatcher (270)
[2018.11.12-23.24.36:671][726]LogModuleManager: Shutting down and abandoning module VisualStudioCodeSourceCodeAccess (266)
[2018.11.12-23.24.36:671][726]LogModuleManager: Shutting down and abandoning module UObjectPlugin (264)
[2018.11.12-23.24.36:671][726]LogModuleManager: Shutting down and abandoning module SubversionSourceControl (262)
[2018.11.12-23.24.36:671][726]LogModuleManager: Shutting down and abandoning module PerforceSourceControl (260)
[2018.11.12-23.24.36:671][726]LogModuleManager: Shutting down and abandoning module SourceControl (259)
[2018.11.12-23.24.36:671][726]LogModuleManager: Shutting down and abandoning module CLionSourceCodeAccess (256)
[2018.11.12-23.24.36:671][726]LogModuleManager: Shutting down and abandoning module RuntimePhysXCooking (254)
[2018.11.12-23.24.36:672][726]LogModuleManager: Shutting down and abandoning module PhysXVehiclesEditor (252)
[2018.11.12-23.24.36:672][726]LogModuleManager: Shutting down and abandoning module PhysXVehicles (250)
[2018.11.12-23.24.36:672][726]LogModuleManager: Shutting down and abandoning module LocationServicesBPLibrary (248)
[2018.11.12-23.24.36:672][726]LogModuleManager: Shutting down and abandoning module ImmediatePhysicsEditor (246)
[2018.11.12-23.24.36:672][726]LogModuleManager: Shutting down and abandoning module ImmediatePhysics (244)
[2018.11.12-23.24.36:672][726]LogModuleManager: Shutting down and abandoning module ActorSequence (242)
[2018.11.12-23.24.36:672][726]LogModuleManager: Shutting down and abandoning module UdpMessaging (240)
[2018.11.12-23.24.36:774][726]LogModuleManager: Shutting down and abandoning module TcpMessaging (238)
[2018.11.12-23.24.37:250][726]LogModuleManager: Shutting down and abandoning module MagicLeapAudio (236)
[2018.11.12-23.24.37:250][726]LogModuleManager: Shutting down and abandoning module GameplayTagsEditor (234)
[2018.11.12-23.24.37:251][726]LogModuleManager: Shutting down and abandoning module FacialAnimation (232)
[2018.11.12-23.24.37:251][726]LogModuleManager: Shutting down and abandoning module DataValidation (230)
[2018.11.12-23.24.37:251][726]LogModuleManager: Shutting down and abandoning module AssetManagerEditor (228)
[2018.11.12-23.24.37:251][726]LogModuleManager: Shutting down and abandoning module TreeMap (227)
[2018.11.12-23.24.37:251][726]LogModuleManager: Shutting down and abandoning module LightPropagationVolumeRuntime (224)
[2018.11.12-23.24.37:251][726]LogModuleManager: Shutting down and abandoning module AISupportModule (222)
[2018.11.12-23.24.37:251][726]LogModuleManager: Shutting down and abandoning module Paper2D (220)
[2018.11.12-23.24.37:251][726]LogModuleManager: Shutting down and abandoning module PIEPreviewDeviceProfileSelector (218)
[2018.11.12-23.24.37:251][726]LogModuleManager: Shutting down and abandoning module WindowsMoviePlayer (216)
[2018.11.12-23.24.37:251][726]LogModuleManager: Shutting down and abandoning module WmfMedia (214)
[2018.11.12-23.24.37:251][726]LogModuleManager: Shutting down and abandoning module Media (213)
[2018.11.12-23.24.37:257][726]LogModuleManager: Shutting down and abandoning module PacketHandler (210)
[2018.11.12-23.24.37:257][726]LogModuleManager: Shutting down and abandoning module ClothingSystemEditor (208)
[2018.11.12-23.24.37:257][726]LogModuleManager: Shutting down and abandoning module ClothingSystemRuntime (206)
[2018.11.12-23.24.37:257][726]LogModuleManager: Shutting down and abandoning module MediaAssets (204)
[2018.11.12-23.24.37:257][726]LogModuleManager: Shutting down and abandoning module Overlay (202)
[2018.11.12-23.24.37:257][726]LogModuleManager: Shutting down and abandoning module OverlayEditor (201)
[2018.11.12-23.24.37:257][726]LogModuleManager: Shutting down and abandoning module VREditor (198)
[2018.11.12-23.24.37:257][726]LogModuleManager: Shutting down and abandoning module StringTableEditor (196)
[2018.11.12-23.24.37:257][726]LogModuleManager: Shutting down and abandoning module GameplayTasksEditor (194)
[2018.11.12-23.24.37:257][726]LogModuleManager: Shutting down and abandoning module BehaviorTreeEditor (192)
[2018.11.12-23.24.37:257][726]LogModuleManager: Shutting down and abandoning module FunctionalTesting (190)
[2018.11.12-23.24.37:257][726]LogModuleManager: Shutting down and abandoning module CollisionAnalyzer (188)
[2018.11.12-23.24.37:257][726]LogModuleManager: Shutting down and abandoning module WorkspaceMenuStructure (187)
[2018.11.12-23.24.37:257][726]LogModuleManager: Shutting down and abandoning module UMG (184)
[2018.11.12-23.24.37:257][726]LogModuleManager: Shutting down and abandoning module UMGEditor (183)
[2018.11.12-23.24.37:257][726]LogModuleManager: Shutting down and abandoning module Sequencer (182)
[2018.11.12-23.24.37:257][726]LogModuleManager: Shutting down and abandoning module MessageLog (179)
[2018.11.12-23.24.37:258][726]LogModuleManager: Shutting down and abandoning module SlateReflector (174)
[2018.11.12-23.24.37:258][726]LogModuleManager: Shutting down and abandoning module Slate (172)
[2018.11.12-23.24.37:258][726]LogModuleManager: Shutting down and abandoning module EditorStyle (170)
[2018.11.12-23.24.37:259][726]LogModuleManager: Shutting down and abandoning module MRMesh (168)
[2018.11.12-23.24.37:259][726]LogModuleManager: Shutting down and abandoning module Messaging (166)
[2018.11.12-23.24.37:259][726]LogModuleManager: Shutting down and abandoning module SourceCodeAccess (164)
[2018.11.12-23.24.37:259][726]LogModuleManager: Shutting down and abandoning module HeadMountedDisplay (162)
[2018.11.12-23.24.37:259][726]LogModuleManager: Shutting down and abandoning module XAudio2 (160)
[2018.11.12-23.24.37:259][726]LogModuleManager: Shutting down and abandoning module Networking (158)
[2018.11.12-23.24.37:259][726]LogModuleManager: Shutting down and abandoning module Core (156)
[2018.11.12-23.24.37:259][726]LogModuleManager: Shutting down and abandoning module LevelSequence (154)
[2018.11.12-23.24.37:259][726]LogModuleManager: Shutting down and abandoning module KismetCompiler (152)
[2018.11.12-23.24.37:259][726]LogModuleManager: Shutting down and abandoning module MeshUtilities (150)
[2018.11.12-23.24.37:259][726]LogModuleManager: Shutting down and abandoning module MeshMergeUtilities (149)
[2018.11.12-23.24.37:259][726]LogModuleManager: Shutting down and abandoning module MeshReductionInterface (148)
[2018.11.12-23.24.37:259][726]LogModuleManager: Shutting down and abandoning module SimplygonSwarm (147)
[2018.11.12-23.24.37:259][726]LogModuleManager: Shutting down and abandoning module ProxyLODMeshReduction (145)
[2018.11.12-23.24.37:259][726]LogModuleManager: Shutting down and abandoning module SimplygonMeshReduction (143)
[2018.11.12-23.24.37:259][726]LogModuleManager: Shutting down and abandoning module QuadricMeshReduction (141)
[2018.11.12-23.24.37:259][726]LogModuleManager: Shutting down and abandoning module MaterialBaking (137)
[2018.11.12-23.24.37:259][726]LogModuleManager: Shutting down and abandoning module DerivedDataCache (132)
[2018.11.12-23.24.37:271][726]LogDerivedDataCache: Shutdown
[2018.11.12-23.24.37:271][726]LogModuleManager: Shutting down and abandoning module XGEController (130)
[2018.11.12-23.24.37:271][726]LogModuleManager: Shutting down and abandoning module TargetPlatform (128)
[2018.11.12-23.24.37:271][726]LogModuleManager: Shutting down and abandoning module VulkanShaderFormat (127)
[2018.11.12-23.24.37:271][726]LogModuleManager: Shutting down and abandoning module ShaderFormatVectorVM (125)
[2018.11.12-23.24.37:271][726]LogModuleManager: Shutting down and abandoning module ShaderFormatOpenGL (123)
[2018.11.12-23.24.37:271][726]LogModuleManager: Shutting down and abandoning module ShaderFormatD3D (121)
[2018.11.12-23.24.37:271][726]LogModuleManager: Shutting down and abandoning module MetalShaderFormat (119)
[2018.11.12-23.24.37:271][726]LogModuleManager: Shutting down and abandoning module TextureFormatUncompressed (117)
[2018.11.12-23.24.37:271][726]LogModuleManager: Shutting down and abandoning module TextureFormatPVR (115)
[2018.11.12-23.24.37:271][726]LogModuleManager: Shutting down and abandoning module TextureFormatDXT (113)
[2018.11.12-23.24.37:271][726]LogModuleManager: Shutting down and abandoning module TextureFormatIntelISPCTexComp (111)
[2018.11.12-23.24.37:272][726]LogModuleManager: Shutting down and abandoning module TextureFormatASTC (109)
[2018.11.12-23.24.37:272][726]LogModuleManager: Shutting down and abandoning module ImageWrapper (108)
[2018.11.12-23.24.37:272][726]LogModuleManager: Shutting down and abandoning module TextureFormatAndroid (105)
[2018.11.12-23.24.37:272][726]LogModuleManager: Shutting down and abandoning module AudioFormatOpus (103)
[2018.11.12-23.24.37:272][726]LogModuleManager: Shutting down and abandoning module AudioFormatOgg (101)
[2018.11.12-23.24.37:272][726]LogModuleManager: Shutting down and abandoning module AudioFormatADPCM (99)
[2018.11.12-23.24.37:272][726]LogModuleManager: Shutting down and abandoning module WindowsTargetPlatform (97)
[2018.11.12-23.24.37:272][726]LogModuleManager: Shutting down and abandoning module WindowsServerTargetPlatform (95)
[2018.11.12-23.24.37:272][726]LogModuleManager: Shutting down and abandoning module WindowsNoEditorTargetPlatform (93)
[2018.11.12-23.24.37:272][726]LogModuleManager: Shutting down and abandoning module WindowsClientTargetPlatform (91)
[2018.11.12-23.24.37:272][726]LogModuleManager: Shutting down and abandoning module InputCore (88)
[2018.11.12-23.24.37:272][726]LogModuleManager: Shutting down and abandoning module Settings (86)
[2018.11.12-23.24.37:272][726]LogModuleManager: Shutting down and abandoning module PhysXCooking (84)
[2018.11.12-23.24.37:272][726]LogModuleManager: Shutting down and abandoning module SteamVR (82)
[2018.11.12-23.24.37:272][726]LogModuleManager: Shutting down and abandoning module OculusHMD (80)
[2018.11.12-23.24.37:272][726]LogModuleManager: Shutting down and abandoning module ExampleDeviceProfileSelector (78)
[2018.11.12-23.24.37:272][726]LogModuleManager: Shutting down and abandoning module LauncherChunkInstaller (76)
[2018.11.12-23.24.37:272][726]LogModuleManager: Shutting down and abandoning module OnlineBlueprintSupport (74)
[2018.11.12-23.24.37:272][726]LogModuleManager: Shutting down and abandoning module OnlineSubsystem (70)
[2018.11.12-23.24.37:272][726]LogModuleManager: Shutting down and abandoning module XMPP (65)
[2018.11.12-23.24.37:272][726]LogModuleManager: Shutting down and abandoning module WebSockets (64)
[2018.11.12-23.24.37:284][726]LogModuleManager: Shutting down and abandoning module HTTP (61)
[2018.11.12-23.24.37:308][726]LogModuleManager: Shutting down and abandoning module SSL (60)
[2018.11.12-23.24.37:309][726]LogModuleManager: Shutting down and abandoning module MagicLeapEmulator (56)
[2018.11.12-23.24.37:309][726]LogModuleManager: Shutting down and abandoning module MagicLeapPrivileges (54)
[2018.11.12-23.24.37:309][726]LogModuleManager: Shutting down and abandoning module MagicLeapIdentity (52)
[2018.11.12-23.24.37:309][726]LogModuleManager: Shutting down and abandoning module MagicLeapHelperVulkan (50)
[2018.11.12-23.24.37:309][726]LogModuleManager: Shutting down and abandoning module MagicLeapHelperOpenGL (48)
[2018.11.12-23.24.37:309][726]LogModuleManager: Shutting down and abandoning module MagicLeapSecureStorage (46)
[2018.11.12-23.24.37:309][726]LogModuleManager: Shutting down and abandoning module MagicLeapGestures (44)
[2018.11.12-23.24.37:309][726]LogModuleManager: Shutting down and abandoning module MagicLeapEyeTracker (42)
[2018.11.12-23.24.37:309][726]LogModuleManager: Shutting down and abandoning module MagicLeapController (40)
[2018.11.12-23.24.37:309][726]LogSlate: Slate User Destroyed.  User Index 0, Is Virtual User: 0
[2018.11.12-23.24.37:310][726]LogModuleManager: Shutting down and abandoning module MagicLeap (38)
[2018.11.12-23.24.37:310][726]LogModuleManager: Shutting down and abandoning module AnimationModifiers (36)
[2018.11.12-23.24.37:310][726]LogModuleManager: Shutting down and abandoning module PropertyEditor (35)
[2018.11.12-23.24.37:310][726]LogModuleManager: Shutting down and abandoning module AudioEditor (32)
[2018.11.12-23.24.37:310][726]LogModuleManager: Shutting down and abandoning module TextureCompressor (30)
[2018.11.12-23.24.37:310][726]LogModuleManager: Shutting down and abandoning module ShaderCore (28)
[2018.11.12-23.24.37:310][726]LogModuleManager: Shutting down and abandoning module Landscape (26)
[2018.11.12-23.24.37:310][726]LogModuleManager: Shutting down and abandoning module SlateRHIRenderer (24)
[2018.11.12-23.24.37:310][726]LogModuleManager: Shutting down and abandoning module OpenGLDrv (22)
[2018.11.12-23.24.37:310][726]LogModuleManager: Shutting down and abandoning module D3D11RHI (20)
[2018.11.12-23.24.37:310][726]LogModuleManager: Shutting down and abandoning module AnimGraphRuntime (18)
[2018.11.12-23.24.37:310][726]LogModuleManager: Shutting down and abandoning module Renderer (16)
[2018.11.12-23.24.37:310][726]LogModuleManager: Shutting down and abandoning module Engine (14)
[2018.11.12-23.24.37:310][726]LogModuleManager: Shutting down and abandoning module CoreUObject (12)
[2018.11.12-23.24.37:310][726]LogModuleManager: Shutting down and abandoning module NetworkFile (10)
[2018.11.12-23.24.37:310][726]LogModuleManager: Shutting down and abandoning module CookedIterativeFile (8)
[2018.11.12-23.24.37:310][726]LogModuleManager: Shutting down and abandoning module StreamingFile (6)
[2018.11.12-23.24.37:310][726]LogModuleManager: Shutting down and abandoning module SandboxFile (4)
[2018.11.12-23.24.37:310][726]LogModuleManager: Shutting down and abandoning module PakFile (2)
[2018.11.12-23.24.37:315][726]LogExit: Exiting.
[2018.11.12-23.24.37:323][726]Log file closed, 11/13/18 10:24:37
