Log file open, 10/08/18 11:01:01
LogWindows: Failed to load 'aqProf.dll' (GetLastError=126)
LogWindows: File 'aqProf.dll' does not exist
LogWindows: Failed to load 'VSPerf140.dll' (GetLastError=126)
LogWindows: File 'VSPerf140.dll' does not exist
LogWindows: Failed to load 'VtuneApi.dll' (GetLastError=126)
LogWindows: File 'VtuneApi.dll' does not exist
LogWindows: Failed to load 'VtuneApi32e.dll' (GetLastError=126)
LogWindows: File 'VtuneApi32e.dll' does not exist
LogInit: Display: Running engine for game: ThirdPersonShooter
LogPlatformFile: Not using cached read wrapper
LogTaskGraph: Started task graph with 5 named threads and 23 total threads with 3 sets of task threads.
LogStats: Stats thread started at 0.266397
LogD3D11RHI: Loaded GFSDK_Aftermath_Lib.x64.dll
LogICUInternationalization: Display: ICU TimeZone Detection - Raw Offset: +10:00, Platform Override: ''
LogPluginManager: Mounting plugin Paper2D
LogPluginManager: Mounting plugin AISupport
LogPluginManager: Mounting plugin LightPropagationVolume
LogPluginManager: Mounting plugin CLionSourceCodeAccess
LogPluginManager: Mounting plugin CodeLiteSourceCodeAccess
LogPluginManager: Mounting plugin GitSourceControl
LogPluginManager: Mounting plugin KDevelopSourceCodeAccess
LogPluginManager: Mounting plugin NullSourceCodeAccess
LogPluginManager: Mounting plugin PerforceSourceControl
LogPluginManager: Mounting plugin SubversionSourceControl
LogPluginManager: Mounting plugin UObjectPlugin
LogPluginManager: Mounting plugin VisualStudioCodeSourceCodeAccess
LogPluginManager: Mounting plugin VisualStudioSourceCodeAccess
LogPluginManager: Mounting plugin XCodeSourceCodeAccess
LogPluginManager: Mounting plugin AssetManagerEditor
LogPluginManager: Mounting plugin CryptoKeys
LogPluginManager: Mounting plugin DataValidation
LogPluginManager: Mounting plugin EditorScriptingUtilities
LogPluginManager: Mounting plugin FacialAnimation
LogPluginManager: Mounting plugin GameplayTagsEditor
LogPluginManager: Mounting plugin MacGraphicsSwitching
LogPluginManager: Mounting plugin MeshEditor
LogPluginManager: Mounting plugin MobileLauncherProfileWizard
LogPluginManager: Mounting plugin PluginBrowser
LogPluginManager: Mounting plugin SpeedTreeImporter
LogPluginManager: Mounting plugin DatasmithContent
LogPluginManager: Mounting plugin AlembicImporter
LogPluginManager: Mounting plugin AppleImageUtils
LogPluginManager: Mounting plugin AppleVision
LogPluginManager: Mounting plugin BackChannel
LogPluginManager: Mounting plugin CharacterAI
LogPluginManager: Mounting plugin GeometryCache
LogPluginManager: Mounting plugin HTML5Networking
LogPluginManager: Mounting plugin ProxyLODPlugin
LogPluginManager: Mounting plugin MagicLeap
LogPluginManager: Mounting plugin MagicLeapEmulator
LogPluginManager: Mounting plugin MagicLeapMedia
LogPluginManager: Mounting plugin AndroidMedia
LogPluginManager: Mounting plugin AvfMedia
LogPluginManager: Mounting plugin ImgMedia
LogPluginManager: Mounting plugin LinearTimecode
LogPluginManager: Mounting plugin MediaCompositing
LogPluginManager: Mounting plugin MediaPlayerEditor
LogPluginManager: Mounting plugin WmfMedia
LogPluginManager: Mounting plugin TcpMessaging
LogPluginManager: Mounting plugin UdpMessaging
LogPluginManager: Mounting plugin ActorSequence
LogPluginManager: Mounting plugin LevelSequenceEditor
LogPluginManager: Mounting plugin MatineeToLevelSequence
LogPluginManager: Mounting plugin NetcodeUnitTest
LogPluginManager: Mounting plugin NUTUnrealEngine4
LogPluginManager: Mounting plugin OnlineSubsystemGooglePlay
LogPluginManager: Mounting plugin OnlineSubsystemIOS
LogPluginManager: Mounting plugin OnlineSubsystem
LogPluginManager: Mounting plugin OnlineSubsystemNull
LogPluginManager: Mounting plugin OnlineSubsystemUtils
LogPluginManager: Mounting plugin LauncherChunkInstaller
LogPluginManager: Mounting plugin AndroidDeviceProfileSelector
LogPluginManager: Mounting plugin AndroidMoviePlayer
LogPluginManager: Mounting plugin AndroidPermission
LogPluginManager: Mounting plugin AppleMoviePlayer
LogPluginManager: Mounting plugin ArchVisCharacter
LogPluginManager: Mounting plugin AudioCapture
LogPluginManager: Mounting plugin CableComponent
LogPluginManager: Mounting plugin CustomMeshComponent
LogPluginManager: Mounting plugin EditableMesh
LogPluginManager: Mounting plugin ExampleDeviceProfileSelector
LogPluginManager: Mounting plugin GoogleCloudMessaging
LogPluginManager: Mounting plugin ImmediatePhysics
LogPluginManager: Mounting plugin IOSDeviceProfileSelector
LogPluginManager: Mounting plugin LinuxDeviceProfileSelector
LogPluginManager: Mounting plugin LocationServicesBPLibrary
LogPluginManager: Mounting plugin MobilePatchingUtils
LogPluginManager: Mounting plugin OculusVR
LogPluginManager: Plugin shader directory ../../../Engine/Plugins/Runtime/Oculus/OculusVR/Shaders found
LogPluginManager: Mapping shader source directory ../../../Engine/Plugins/Runtime/Oculus/OculusVR/Shaders to virtual directory /Plugin/OculusVR
LogPluginManager: Mounting plugin PhysXVehicles
LogPluginManager: Mounting plugin ProceduralMeshComponent
LogPluginManager: Mounting plugin RuntimePhysXCooking
LogPluginManager: Mounting plugin SteamVR
LogPluginManager: Mounting plugin WindowsMoviePlayer
LogPluginManager: Mounting plugin DatasmithCADImporter
LogPluginManager: Mounting plugin DatasmithFBXImporter
LogPluginManager: Mounting plugin DatasmithImporter
LogPluginManager: Mounting plugin DatasmithMDLImporter
LogPluginManager: Mounting plugin StaticMeshEditorExtension
LogStreaming: Display: Took  0.127s to configure plugins.
LogInit: Using libcurl 7.55.1-DEV
LogInit:  - built for x86_64-pc-win32
LogInit:  - supports SSL with OpenSSL/1.0.2h
LogInit:  - supports HTTP deflate (compression) using libz 1.2.8
LogInit:  - other features:
LogInit:      CURL_VERSION_SSL
LogInit:      CURL_VERSION_LIBZ
LogInit:      CURL_VERSION_IPV6
LogInit:      CURL_VERSION_ASYNCHDNS
LogInit:      CURL_VERSION_LARGEFILE
LogInit:      CURL_VERSION_IDN
LogInit:  CurlRequestOptions (configurable via config and command line):
LogInit:  - bVerifyPeer = false  - Libcurl will NOT verify peer certificate
LogInit:  - bUseHttpProxy = false  - Libcurl will NOT use HTTP proxy
LogInit:  - bDontReuseConnections = false  - Libcurl will reuse connections
LogInit:  - CertBundlePath = nullptr  - Libcurl will use whatever was configured at build time.
LogInit:  - MaxHostConnections = 16  - Libcurl will limit the number of connections to a host
LogInit:  - LocalHostAddr = Default
LogInit:  - BufferSize = 65536
LogInit: WinSock: version 1.1 (2.2), MaxSocks=32767, MaxUdp=65467
LogHMD: Failed initializing OVRPlugin 1.25.0
LogInit: Build: ++UE4+Release-4.20-CL-4302132
LogInit: Engine Version: 4.20.2-4302132+++UE4+Release-4.20
LogInit: Compatible Engine Version: 4.20.0-4212847+++UE4+Release-4.20
LogInit: Net CL: 4212847
LogInit: OS: Windows 10 (), CPU: Intel(R) Core(TM) i7-6700 CPU @ 3.40GHz, GPU: NVIDIA GeForce GTX 980
LogInit: Compiled (64-bit): Aug 21 2018 02:06:06
LogInit: Compiled with Visual C++: 19.13.26129.00
LogInit: Build Configuration: Development
LogInit: Branch Name: ++UE4+Release-4.20
LogInit: Command Line:  
LogInit: Base Directory: C:/Program Files/Epic Games/UE_4.20/Engine/Binaries/Win64/
LogInit: Installed Engine Build: 1
LogDevObjectVersion: Number of dev versions registered: 20
LogDevObjectVersion:   Dev-Blueprints (B0D832E4-1F89-4F0D-ACCF-7EB736FD4AA2): 10
LogDevObjectVersion:   Dev-Build (E1C64328-A22C-4D53-A36C-8E866417BD8C): 0
LogDevObjectVersion:   Dev-Core (375EC13C-06E4-48FB-B500-84F0262A717E): 2
LogDevObjectVersion:   Dev-Editor (E4B068ED-F494-42E9-A231-DA0B2E46BB41): 24
LogDevObjectVersion:   Dev-Framework (CFFC743F-43B0-4480-9391-14DF171D2073): 34
LogDevObjectVersion:   Dev-Mobile (B02B49B5-BB20-44E9-A304-32B752E40360): 2
LogDevObjectVersion:   Dev-Networking (A4E4105C-59A1-49B5-A7C5-40C4547EDFEE): 0
LogDevObjectVersion:   Dev-Online (39C831C9-5AE6-47DC-9A44-9C173E1C8E7C): 0
LogDevObjectVersion:   Dev-Physics (78F01B33-EBEA-4F98-B9B4-84EACCB95AA2): 0
LogDevObjectVersion:   Dev-Platform (6631380F-2D4D-43E0-8009-CF276956A95A): 0
LogDevObjectVersion:   Dev-Rendering (12F88B9F-8875-4AFC-A67C-D90C383ABD29): 26
LogDevObjectVersion:   Dev-Sequencer (7B5AE74C-D270-4C10-A958-57980B212A5A): 9
LogDevObjectVersion:   Dev-VR (D7296918-1DD6-4BDD-9DE2-64A83CC13884): 2
LogDevObjectVersion:   Dev-LoadTimes (C2A15278-BFE7-4AFE-6C17-90FF531DF755): 1
LogDevObjectVersion:   Private-Geometry (6EACA3D4-40EC-4CC1-B786-8BED09428FC5): 3
LogDevObjectVersion:   Dev-AnimPhys (29E575DD-E0A3-4627-9D10-D276232CDCEA): 17
LogDevObjectVersion:   Dev-ReflectionCapture (6B266CEC-1EC7-4B8F-A30B-E4D90942FC07): 1
LogDevObjectVersion:   Dev-Automation (0DF73D61-A23F-47EA-B727-89E90C41499A): 1
LogDevObjectVersion:   FortniteMain (601D1886-AC64-4F84-AA16-D3DE0DEAC7D6): 12
LogDevObjectVersion:   Dev-Enterprise (9DFFBCD6-494F-0158-E221-12823C92A888): 1
LogStreaming: Display: Took  0.008s to delete old logs.
LogInit: Presizing for max 8388607 objects, including 0 objects not considered by GC, pre-allocating 0 bytes for permanent pool.
LogInit: Object subsystem initialized
[2018.10.08-00.01.02:012][  0]LogInit: Selected Device Profile: [Windows]
[2018.10.08-00.01.02:012][  0]LogInit: Applying CVar settings loaded from the selected device profile: [Windows]
[2018.10.08-00.01.02:029][  0]LogHAL: Display: Platform has ~ 32 GB [34270724096 / 34359738368 / 32], which maps to Largest [LargestMinGB=32, LargerMinGB=12, DefaultMinGB=8, SmallerMinGB=6, SmallestMinGB=0)
[2018.10.08-00.01.02:029][  0]LogInit: Setting Device Profile CVar: [[r.Vulkan.UseRealUBs:1]]
[2018.10.08-00.01.02:029][  0]LogInit: Going up to parent DeviceProfile []
[2018.10.08-00.01.02:030][  0]LogInit: Computer: SYD-TEST-GAMES
[2018.10.08-00.01.02:030][  0]LogInit: User: sae
[2018.10.08-00.01.02:030][  0]LogInit: CPU Page size=4096, Cores=4
[2018.10.08-00.01.02:030][  0]LogInit: High frequency timer resolution =3.328125 MHz
[2018.10.08-00.01.02:030][  0]LogMemory: Memory total: Physical=31.9GB (32GB approx)
[2018.10.08-00.01.02:030][  0]LogMemory: Platform Memory Stats for Windows
[2018.10.08-00.01.02:030][  0]LogMemory: Process Physical Memory: 101.85 MB used, 101.85 MB peak
[2018.10.08-00.01.02:030][  0]LogMemory: Process Virtual Memory: 94.05 MB used, 94.05 MB peak
[2018.10.08-00.01.02:030][  0]LogMemory: Physical Memory: 5891.91 MB used,  26791.20 MB free, 32683.11 MB total
[2018.10.08-00.01.02:030][  0]LogMemory: Virtual Memory: 4654.97 MB used,  26791.20 MB free, 134217728.00 MB total
[2018.10.08-00.01.02:044][  0]LogInit: Using OS detected language (en-US).
[2018.10.08-00.01.02:044][  0]LogInit: Using OS detected locale (en-AU).
[2018.10.08-00.01.02:045][  0]LogTextLocalizationManager: No specific localization for 'en-US' exists, so the 'en' localization will be used.
[2018.10.08-00.01.02:383][  0]LogStreaming: Display: Took  0.339s to InitEngineTextLocalization.
[2018.10.08-00.01.02:383][  0]LogInit: Setting process to per monitor DPI aware
[2018.10.08-00.01.02:415][  0]LogSlate: New Slate User Created.  User Index 0, Is Virtual User: 0
[2018.10.08-00.01.02:415][  0]LogSlate: Slate User Registered.  User Index 0, Is Virtual User: 0
[2018.10.08-00.01.02:584][  0]LogHMD: Failed to initialize OpenVR with code 126
[2018.10.08-00.01.02:584][  0]LogD3D11RHI: D3D11 adapters:
[2018.10.08-00.01.02:638][  0]LogD3D11RHI:    0. 'NVIDIA GeForce GTX 980' (Feature Level 11_0)
[2018.10.08-00.01.02:638][  0]LogD3D11RHI:       4053/0/16341 MB DedicatedVideo/DedicatedSystem/SharedSystem, Outputs:1, VendorId:0x10de
[2018.10.08-00.01.02:640][  0]LogD3D11RHI:    1. 'Microsoft Basic Render Driver' (Feature Level 11_0)
[2018.10.08-00.01.02:640][  0]LogD3D11RHI:       0/0/16341 MB DedicatedVideo/DedicatedSystem/SharedSystem, Outputs:0, VendorId:0x1414
[2018.10.08-00.01.02:640][  0]LogD3D11RHI: Chosen D3D11 Adapter: 0
[2018.10.08-00.01.02:644][  0]LogD3D11RHI: Creating new Direct3DDevice
[2018.10.08-00.01.02:644][  0]LogD3D11RHI:     GPU DeviceId: 0x13c0 (for the marketing name, search the web for "GPU Device Id")
[2018.10.08-00.01.02:644][  0]LogWindows: EnumDisplayDevices:
[2018.10.08-00.01.02:645][  0]LogWindows:    0. 'NVIDIA GeForce GTX 980' (P:1 D:1)
[2018.10.08-00.01.02:645][  0]LogWindows:    1. 'NVIDIA GeForce GTX 980' (P:0 D:0)
[2018.10.08-00.01.02:645][  0]LogWindows:    2. 'NVIDIA GeForce GTX 980' (P:0 D:0)
[2018.10.08-00.01.02:645][  0]LogWindows:    3. 'NVIDIA GeForce GTX 980' (P:0 D:0)
[2018.10.08-00.01.02:645][  0]LogWindows: DebugString: FoundDriverCount:4 
[2018.10.08-00.01.02:645][  0]LogD3D11RHI:     Adapter Name: NVIDIA GeForce GTX 980
[2018.10.08-00.01.02:645][  0]LogD3D11RHI:   Driver Version: 398.82 (internal:24.21.13.9882, unified:398.82)
[2018.10.08-00.01.02:645][  0]LogD3D11RHI:      Driver Date: 7-30-2018
[2018.10.08-00.01.02:645][  0]LogRHI: Texture pool is 2837 MB (70% of 4053 MB)
[2018.10.08-00.01.02:677][  0]LogD3D11RHI: Async texture creation enabled
[2018.10.08-00.01.02:694][  0]LogD3D11RHI: GPU Timing Frequency: 1000.000000 (Debug: 2 2)
[2018.10.08-00.01.02:736][  0]LogShaderCompilers: Guid format shader working directory is -51 characters bigger than the processId version (../../../../../../Users/sae/Documents/GitHub/GPG210-Prototypes/FPSPrototype/ThirdPersonShooter/Intermediate/Shaders/WorkingDirectory/13272/).
[2018.10.08-00.01.02:736][  0]LogShaderCompilers: Cleaned the shader compiler working directory 'C:/Users/sae/AppData/Local/Temp/UnrealShaderWorkingDir/265C76ED40B1DDA1075673B57921BC07/'.
[2018.10.08-00.01.02:970][  0]LogTemp: Display: Loaded TP AllDesktopTargetPlatform
[2018.10.08-00.01.02:981][  0]LogTemp: Display: Loaded TP MacClientTargetPlatform
[2018.10.08-00.01.02:992][  0]LogTemp: Display: Loaded TP MacNoEditorTargetPlatform
[2018.10.08-00.01.03:004][  0]LogTemp: Display: Loaded TP MacServerTargetPlatform
[2018.10.08-00.01.03:016][  0]LogTemp: Display: Loaded TP MacTargetPlatform
[2018.10.08-00.01.03:027][  0]LogTemp: Display: Loaded TP WindowsClientTargetPlatform
[2018.10.08-00.01.03:039][  0]LogTemp: Display: Loaded TP WindowsNoEditorTargetPlatform
[2018.10.08-00.01.03:050][  0]LogTemp: Display: Loaded TP WindowsServerTargetPlatform
[2018.10.08-00.01.03:056][  0]LogTemp: Display: Loaded TP WindowsTargetPlatform
[2018.10.08-00.01.03:126][  0]LogTemp: Display: Loaded TP AndroidTargetPlatform
[2018.10.08-00.01.03:126][  0]LogTemp: Display: Loaded TP AndroidTargetPlatform
[2018.10.08-00.01.03:126][  0]LogTemp: Display: Loaded TP AndroidTargetPlatform
[2018.10.08-00.01.03:126][  0]LogTemp: Display: Loaded TP AndroidTargetPlatform
[2018.10.08-00.01.03:126][  0]LogTemp: Display: Loaded TP AndroidTargetPlatform
[2018.10.08-00.01.03:126][  0]LogTemp: Display: Loaded TP AndroidTargetPlatform
[2018.10.08-00.01.03:126][  0]LogTemp: Display: Loaded TP AndroidTargetPlatform
[2018.10.08-00.01.03:126][  0]LogTemp: Display: Loaded TP AndroidTargetPlatform
[2018.10.08-00.01.03:126][  0]LogTemp: Display: Loaded TP AndroidTargetPlatform
[2018.10.08-00.01.03:126][  0]LogTemp: Display: Loaded TP AndroidTargetPlatform
[2018.10.08-00.01.03:126][  0]LogTemp: Display: Loaded TP AndroidTargetPlatform
[2018.10.08-00.01.03:126][  0]LogTemp: Display: Loaded TP AndroidTargetPlatform
[2018.10.08-00.01.03:126][  0]LogTemp: Display: Loaded TP AndroidTargetPlatform
[2018.10.08-00.01.03:126][  0]LogTemp: Display: Loaded TP AndroidTargetPlatform
[2018.10.08-00.01.03:126][  0]LogTemp: Display: Loaded TP AndroidTargetPlatform
[2018.10.08-00.01.03:126][  0]LogTemp: Display: Loaded TP AndroidTargetPlatform
[2018.10.08-00.01.03:126][  0]LogTemp: Display: Loaded TP AndroidTargetPlatform
[2018.10.08-00.01.03:126][  0]LogTemp: Display: Loaded TP AndroidTargetPlatform
[2018.10.08-00.01.03:127][  0]LogTemp: Display: Loaded TP HTML5TargetPlatform
[2018.10.08-00.01.03:183][  0]LogTemp: Display: Loaded TP IOSTargetPlatform
[2018.10.08-00.01.03:183][  0]LogTemp: Display: Loaded TP IOSTargetPlatform
[2018.10.08-00.01.03:204][  0]LogTemp: Display: Loaded TP TVOSTargetPlatform
[2018.10.08-00.01.03:204][  0]LogTemp: Display: Loaded TP TVOSTargetPlatform
[2018.10.08-00.01.03:214][  0]LogTemp: Display: Loaded TP LinuxClientTargetPlatform
[2018.10.08-00.01.03:224][  0]LogTemp: Display: Loaded TP LinuxNoEditorTargetPlatform
[2018.10.08-00.01.03:236][  0]LogTemp: Display: Loaded TP LinuxServerTargetPlatform
[2018.10.08-00.01.03:247][  0]LogTemp: Display: Loaded TP LinuxTargetPlatform
[2018.10.08-00.01.03:255][  0]LogTemp: Display: Loaded TP LuminTargetPlatform
[2018.10.08-00.01.03:256][  0]LogTargetPlatformManager: Display: Building Assets For Windows
[2018.10.08-00.01.03:298][  0]LogXGEController: Cannot use XGE Controller as Incredibuild is not installed on this machine.
[2018.10.08-00.01.03:298][  0]LogShaderCompilers: Cannot use XGE Shader Compiler as Incredibuild is not installed on this machine.
[2018.10.08-00.01.03:298][  0]LogShaderCompilers: Display: Using Local Shader Compiler.
[2018.10.08-00.01.03:988][  0]LogDerivedDataCache: Display: Max Cache Size: 512 MB
[2018.10.08-00.01.04:044][  0]LogDerivedDataCache: Loaded boot cache 0.06s 72MB C:/Users/sae/AppData/Local/UnrealEngine/4.20/DerivedDataCache/Boot.ddc.
[2018.10.08-00.01.04:045][  0]LogDerivedDataCache: Display: Loaded Boot cache: C:/Users/sae/AppData/Local/UnrealEngine/4.20/DerivedDataCache/Boot.ddc
[2018.10.08-00.01.04:045][  0]LogDerivedDataCache: FDerivedDataBackendGraph:  Pak pak cache file ../../../../../../Users/sae/Documents/GitHub/GPG210-Prototypes/FPSPrototype/ThirdPersonShooter/DerivedDataCache/DDC.ddp not found, will not use a pak cache.
[2018.10.08-00.01.04:045][  0]LogDerivedDataCache: Unable to find inner node Pak for hierarchical cache Hierarchy.
[2018.10.08-00.01.04:045][  0]LogDerivedDataCache: FDerivedDataBackendGraph:  CompressedPak pak cache file ../../../../../../Users/sae/Documents/GitHub/GPG210-Prototypes/FPSPrototype/ThirdPersonShooter/DerivedDataCache/Compressed.ddp not found, will not use a pak cache.
[2018.10.08-00.01.04:045][  0]LogDerivedDataCache: Unable to find inner node CompressedPak for hierarchical cache Hierarchy.
[2018.10.08-00.01.04:058][  0]LogDerivedDataCache: Display: Pak cache opened for reading ../../../Engine/DerivedDataCache/Compressed.ddp.
[2018.10.08-00.01.04:071][  0]LogDerivedDataCache: Using Local data cache path C:/Users/sae/AppData/Local/UnrealEngine/Common/DerivedDataCache: Writable
[2018.10.08-00.01.04:071][  0]LogDerivedDataCache: Shared data cache path not found in *engine.ini, will not use an Shared cache.
[2018.10.08-00.01.04:071][  0]LogDerivedDataCache: Unable to find inner node Shared for hierarchical cache Hierarchy.
[2018.10.08-00.01.04:089][  0]LogMaterial: Verifying Global Shaders for PCD3D_SM5
[2018.10.08-00.01.04:090][  0]LogSlate: Using FreeType 2.6.0
[2018.10.08-00.01.04:091][  0]LogSlate: SlateFontServices - WITH_FREETYPE: 1, WITH_HARFBUZZ: 1
[2018.10.08-00.01.04:162][  0]LogAssetRegistry: FAssetRegistry took 0.0257 seconds to start up
[2018.10.08-00.01.04:493][  0]LogInit: Selected Device Profile: [Windows]
[2018.10.08-00.01.04:618][  0]LogSimplygon: Simplygon DLL not present - disabling.
[2018.10.08-00.01.04:621][  0]LogMeshReduction: Using SimplygonSwarm for distributed automatic mesh merging
[2018.10.08-00.01.04:621][  0]LogMeshReduction: Using ProxyLODMeshReduction for automatic mesh merging
[2018.10.08-00.01.04:621][  0]LogMeshReduction: Using QuadricMeshReduction for automatic static mesh reduction
[2018.10.08-00.01.04:621][  0]LogMeshReduction: No automatic skeletal mesh reduction module available
[2018.10.08-00.01.04:635][  0]LogNetVersion: ThirdPersonShooter 1.0.0, NetCL: 4212847, EngineNetVer: 5, GameNetVer: 0 (Checksum: 66249339)
[2018.10.08-00.01.05:128][  0]LogPackageLocalizationCache: Processed 13 localized package path(s) for 2 prioritized culture(s) in 0.125682 seconds
[2018.10.08-00.01.05:135][  0]LogUObjectArray: 38425 objects as part of root set at end of initial load.
[2018.10.08-00.01.05:135][  0]LogUObjectAllocator: 6690864 out of 0 bytes used by permanent object pool.
[2018.10.08-00.01.05:135][  0]LogUObjectArray: CloseDisregardForGC: 0/0 objects in disregard for GC pool
[2018.10.08-00.01.05:897][  0]LogTcpMessaging: Initializing TcpMessaging bridge
[2018.10.08-00.01.05:910][  0]LogUdpMessaging: Initializing bridge on interface 0.0.0.0:0 to multicast group 230.0.0.1:6666.
[2018.10.08-00.01.06:038][  0]SourceControl: Source control is disabled
[2018.10.08-00.01.06:039][  0]SourceControl: Source control is disabled
[2018.10.08-00.01.06:039][  0]SourceControl: Source control is disabled
[2018.10.08-00.01.06:040][  0]SourceControl: Source control is disabled
[2018.10.08-00.01.06:186][  0]LogAndroidPermission: UAndroidPermissionCallbackProxy::GetInstance
[2018.10.08-00.01.06:238][  0]LogOcInput: OculusInput pre-init called
[2018.10.08-00.01.07:840][  0]LogEngine: Initializing Engine...
[2018.10.08-00.01.07:856][  0]LogHMD: Failed to initialize OpenVR with code 126
[2018.10.08-00.01.07:857][  0]LogStats: UGameplayTagsManager::ConstructGameplayTagTree: ImportINI prefixes -  0.000 s
[2018.10.08-00.01.07:857][  0]LogStats: UGameplayTagsManager::ConstructGameplayTagTree: Construct from data asset -  0.000 s
[2018.10.08-00.01.07:857][  0]LogStats: UGameplayTagsManager::ConstructGameplayTagTree: ImportINI -  0.000 s
[2018.10.08-00.01.07:857][  0]LogStats: UGameplayTagsManager::ConstructGameplayTagTree: GameplayTagTreeChangedEvent.Broadcast -  0.000 s
[2018.10.08-00.01.08:034][  0]LogInit: Initializing FReadOnlyCVARCache
[2018.10.08-00.01.08:044][  0]LogAIModule: Creating AISystem for world Untitled
[2018.10.08-00.01.08:060][  0]LogInit: XAudio2 using 'U28E850 (2- NVIDIA High Definition Audio)' : 2 channels at 48 kHz using 16 bits per sample (channel mask 0x3)
[2018.10.08-00.01.08:078][  0]LogInit: FAudioDevice initialized.
[2018.10.08-00.01.08:079][  0]LogNetVersion: Set ProjectVersion to 1.0.0.0. Version Checksum will be recalculated on next use.
[2018.10.08-00.01.08:156][  0]LogDerivedDataCache: Saved boot cache 0.08s 72MB C:/Users/sae/AppData/Local/UnrealEngine/4.20/DerivedDataCache/Boot.ddc.
[2018.10.08-00.01.08:167][  0]LogInit: Texture streaming: Enabled
[2018.10.08-00.01.08:178][  0]LogEngineSessionManager: EngineSessionManager initialized
[2018.10.08-00.01.08:191][  0]LogInit: Transaction tracking system initialized
[2018.10.08-00.01.08:206][  0]BlueprintLog: New page: Editor Load
[2018.10.08-00.01.08:259][  0]LocalizationService: Localization service is disabled
[2018.10.08-00.01.08:489][  0]LogCook: Display: Max memory allowance for cook 16384mb min free memory 0mb
[2018.10.08-00.01.08:489][  0]LogCook: Display: Mobile HDR setting 1
[2018.10.08-00.01.08:489][  0]LogGameplayTags: Display: UGameplayTagsManager::DoneAddingNativeTags. DelegateIsBound: 0
[2018.10.08-00.01.08:489][  0]LogStats: UGameplayTagsManager::ConstructGameplayTagTree: ImportINI prefixes -  0.000 s
[2018.10.08-00.01.08:489][  0]LogStats: UGameplayTagsManager::ConstructGameplayTagTree: Construct from data asset -  0.000 s
[2018.10.08-00.01.08:489][  0]LogStats: UGameplayTagsManager::ConstructGameplayTagTree: ImportINI -  0.000 s
[2018.10.08-00.01.08:489][  0]LogStats: UGameplayTagsManager::ConstructGameplayTagTree: GameplayTagTreeChangedEvent.Broadcast -  0.000 s
[2018.10.08-00.01.08:574][  0]LogFileCache: Scanning file cache for directory 'C:/Users/sae/Documents/GitHub/GPG210-Prototypes/FPSPrototype/ThirdPersonShooter/Content/' took 0.02s
[2018.10.08-00.01.09:546][  0]SourceControl: Source control is disabled
[2018.10.08-00.01.09:547][  0]LightingResults: New page: Lighting Build
[2018.10.08-00.01.09:550][  0]MapCheck: New page: Map Check
[2018.10.08-00.01.09:550][  0]LightingResults: New page: Lighting Build
[2018.10.08-00.01.09:658][  0]LogLinker: Warning: Can't find file '/Game/Mannequin/Character/Materials/MaterialLayers/ML_Plastic_Shiny_Beige_LOGO'
[2018.10.08-00.01.09:658][  0]LoadErrors: Failed to load /Game/Mannequin/Character/Mesh/SK_Mannequin.SK_Mannequin Referenced by CharacterMesh0
[2018.10.08-00.01.09:658][  0]LogLinker: Warning: Can't find file for asset '/Game/Mannequin/Character/Materials/MaterialLayers/ML_Plastic_Shiny_Beige_LOGO' while loading ../../../../../../Users/sae/Documents/GitHub/GPG210-Prototypes/FPSPrototype/ThirdPersonShooter/Content/Mannequin/Character/Materials/M_UE4Man_Body.uasset.
[2018.10.08-00.01.09:658][  0]LoadErrors: Failed to load /Game/Mannequin/Character/Mesh/SK_Mannequin.SK_Mannequin Referenced by CharacterMesh0
[2018.10.08-00.01.09:658][  0]LoadErrors: Error: /Game/Mannequin/Character/Materials/M_UE4Man_Body : Can't find file for asset. /Game/Mannequin/Character/Materials/MaterialLayers/ML_Plastic_Shiny_Beige_LOGO
[2018.10.08-00.01.09:664][  0]LogLinker: Warning: Can't find file '/Game/Mannequin/Character/Materials/MaterialLayers/ML_Plastic_Shiny_Beige_LOGO'
[2018.10.08-00.01.09:664][  0]LoadErrors: Failed to load /Game/Mannequin/Character/Mesh/SK_Mannequin.SK_Mannequin Referenced by CharacterMesh0
[2018.10.08-00.01.09:664][  0]LogLinker: Warning: Can't find file for asset '/Game/Mannequin/Character/Materials/MaterialLayers/ML_Plastic_Shiny_Beige_LOGO' while loading ../../../../../../Users/sae/Documents/GitHub/GPG210-Prototypes/FPSPrototype/ThirdPersonShooter/Content/Mannequin/Character/Materials/M_UE4Man_Body.uasset.
[2018.10.08-00.01.09:664][  0]LoadErrors: Failed to load /Game/Mannequin/Character/Mesh/SK_Mannequin.SK_Mannequin Referenced by CharacterMesh0
[2018.10.08-00.01.09:664][  0]LoadErrors: Error: /Game/Mannequin/Character/Materials/M_UE4Man_Body : Can't find file for asset. /Game/Mannequin/Character/Materials/MaterialLayers/ML_Plastic_Shiny_Beige_LOGO
[2018.10.08-00.01.09:811][  0]LogLinker: Warning: Can't find file '/Game/Mannequin/Character/Materials/MaterialLayers/ML_Plastic_Shiny_Beige_LOGO'
[2018.10.08-00.01.09:812][  0]LoadErrors: Failed to load /Game/Mannequin/Character/Materials/MaterialLayers/ML_Plastic_Shiny_Beige_LOGO.ML_Plastic_Shiny_Beige_LOGO Referenced by M_UE4Man_Body
[2018.10.08-00.01.09:812][  0]LogLinker: Warning: Can't find file for asset '/Game/Mannequin/Character/Materials/MaterialLayers/ML_Plastic_Shiny_Beige_LOGO' while loading NULL.
[2018.10.08-00.01.09:812][  0]LoadErrors: Failed to load /Game/Mannequin/Character/Materials/MaterialLayers/ML_Plastic_Shiny_Beige_LOGO.ML_Plastic_Shiny_Beige_LOGO Referenced by M_UE4Man_Body
[2018.10.08-00.01.09:812][  0]LogLinker: Warning: Can't find file '/Game/Mannequin/Character/Materials/MaterialLayers/ML_Plastic_Shiny_Beige_LOGO'
[2018.10.08-00.01.09:812][  0]LoadErrors: Failed to load /Game/Mannequin/Character/Materials/MaterialLayers/ML_Plastic_Shiny_Beige_LOGO.ML_Plastic_Shiny_Beige_LOGO Referenced by MaterialExpressionMaterialFunctionCall_3
[2018.10.08-00.01.09:812][  0]LogLinker: Warning: Can't find file for asset '/Game/Mannequin/Character/Materials/MaterialLayers/ML_Plastic_Shiny_Beige_LOGO' while loading NULL.
[2018.10.08-00.01.09:812][  0]LoadErrors: Failed to load /Game/Mannequin/Character/Materials/MaterialLayers/ML_Plastic_Shiny_Beige_LOGO.ML_Plastic_Shiny_Beige_LOGO Referenced by MaterialExpressionMaterialFunctionCall_3
[2018.10.08-00.01.09:895][  0]LogMaterial: Display: Missing cached shader map for material M_UE4Man_Body, compiling. 
[2018.10.08-00.01.10:020][  0]LogMaterial: Display: Missing cached shader map for material M_UE4Man_Body, compiling. 
[2018.10.08-00.01.10:021][  0]LogMaterial: Warning: C:\Users\sae\Documents\GitHub\GPG210-Prototypes\FPSPrototype\ThirdPersonShooter\Content\Mannequin\Character\Materials\M_UE4Man_ChestLogo.uasset: Failed to compile Material Instance with Base M_UE4Man_Body for platform PCD3D_SM5, Default Material will be used in game.
[2018.10.08-00.01.10:021][  0]LogMaterial: 	Missing Material Function
[2018.10.08-00.01.10:129][  0]LogShaderCompilers: Display: Shaders left to compile 128
[2018.10.08-00.01.10:129][  0]LogShaderCompilers: Display: Shaders left to compile 118
[2018.10.08-00.01.10:129][  0]LogShaderCompilers: Display: Shaders left to compile 108
[2018.10.08-00.01.10:129][  0]LogShaderCompilers: Display: Shaders left to compile 98
[2018.10.08-00.01.10:129][  0]LogShaderCompilers: Display: Shaders left to compile 88
[2018.10.08-00.01.10:143][  0]LogAIModule: Creating AISystem for world ThirdPersonExampleMap
[2018.10.08-00.01.10:158][  0]LogEditorServer: Finished looking for orphan Actors (0.000 secs)
[2018.10.08-00.01.10:182][  0]Cmd: MAP CHECKDEP NOCLEARLOG
[2018.10.08-00.01.10:247][  0]MapCheck: Map check complete: 0 Error(s), 0 Warning(s), took 65.568ms to complete.
[2018.10.08-00.01.10:247][  0]LogFileHelpers: Loading map 'ThirdPersonExampleMap' took 0.701
[2018.10.08-00.01.10:330][  0]LogSlate: Updating window title bar state: overlay mode, drag disabled, window buttons hidden, title bar hidden
[2018.10.08-00.01.10:337][  0]LogSlate: Updating window title bar state: overlay mode, drag disabled, window buttons hidden, title bar hidden
[2018.10.08-00.01.10:344][  0]LogSlate: Updating window title bar state: overlay mode, drag disabled, window buttons hidden, title bar hidden
[2018.10.08-00.01.10:353][  0]LogSlate: Updating window title bar state: overlay mode, drag disabled, window buttons hidden, title bar hidden
[2018.10.08-00.01.10:359][  0]LogCollectionManager: Loaded 0 collections in 0.001655 seconds
[2018.10.08-00.01.10:401][  0]LogFileCache: Scanning file cache for directory 'C:/Users/sae/Documents/GitHub/GPG210-Prototypes/FPSPrototype/ThirdPersonShooter/Saved/Collections/' took 0.01s
[2018.10.08-00.01.10:401][  0]LogFileCache: Scanning file cache for directory 'C:/Users/sae/Documents/GitHub/GPG210-Prototypes/FPSPrototype/ThirdPersonShooter/Content/Developers/sae/Collections/' took 0.01s
[2018.10.08-00.01.10:401][  0]LogFileCache: Scanning file cache for directory 'C:/Users/sae/Documents/GitHub/GPG210-Prototypes/FPSPrototype/ThirdPersonShooter/Content/Collections/' took 0.01s
[2018.10.08-00.01.10:401][  0]LogCollectionManager: Rebuilt the GUID cache for 0 collections in 0.000000 seconds
[2018.10.08-00.01.10:413][  0]LogContentBrowser: Native class hierarchy populated in 0.0118 seconds. Added 2621 classes and 629 folders.
[2018.10.08-00.01.10:420][  0]LogContentBrowser: Native class hierarchy updated for 'WidgetCarousel' in 0.0003 seconds. Added 0 classes and 0 folders.
[2018.10.08-00.01.10:462][  0]LogContentBrowser: Native class hierarchy updated for 'AddContentDialog' in 0.0002 seconds. Added 0 classes and 0 folders.
[2018.10.08-00.01.10:467][  0]LogContentBrowser: Native class hierarchy updated for 'SceneOutliner' in 0.0003 seconds. Added 1 classes and 2 folders.
[2018.10.08-00.01.10:488][  0]LogSlate: Took 0.000241 seconds to synchronously load lazily loaded font '../../../Engine/Content/Slate/Fonts/Roboto-Regular.ttf' (155K)
[2018.10.08-00.01.10:492][  0]LogSlate: Took 0.000197 seconds to synchronously load lazily loaded font '../../../Engine/Content/Slate/Fonts/Roboto-Bold.ttf' (160K)
[2018.10.08-00.01.10:498][  0]LogSlate: Took 0.000378 seconds to synchronously load lazily loaded font '../../../Engine/Content/Editor/Slate/Fonts/FontAwesome.ttf' (139K)
[2018.10.08-00.01.10:602][  0]LogRenderer: Reallocating scene render targets to support 1616x812 Format 10 NumSamples 1 (Frame:1).
[2018.10.08-00.01.10:953][  0]LogContentBrowser: Native class hierarchy updated for 'HierarchicalLODOutliner' in 0.0003 seconds. Added 0 classes and 0 folders.
[2018.10.08-00.01.10:954][  0]LogLoad: (Engine Initialization) Total time: 11.03 seconds
[2018.10.08-00.01.10:954][  0]LogLoad: (Engine Initialization) Total Blueprint compile time: 0.00 seconds
[2018.10.08-00.01.10:964][  0]LogWindowsTextInputMethodSystem: Display: IME system now deactivated.
[2018.10.08-00.01.10:986][  0]LogContentStreaming: Texture pool size now 1000 MB
[2018.10.08-00.01.10:989][  0]LogSlate: FSceneViewport::OnFocusLost() reason 2
[2018.10.08-00.01.11:064][  1]LogAssetRegistry: Asset discovery search completed in 6.9241 seconds
[2018.10.08-00.01.11:067][  1]LogCollectionManager: Rebuilt the object cache for 0 collections in 0.000000 seconds (found 0 objects)
[2018.10.08-00.01.11:067][  1]LogCollectionManager: Fixed up redirectors for 0 collections in 0.000140 seconds (updated 0 objects)
[2018.10.08-00.01.11:968][ 80]LogShaderCompilers: Display: Shaders left to compile 78
[2018.10.08-00.01.11:998][ 80]LogSlate: Took 0.000220 seconds to synchronously load lazily loaded font '../../../Engine/Content/Slate/Fonts/Roboto-Light.ttf' (167K)
[2018.10.08-00.01.12:295][110]LogShaderCompilers: Display: Shaders left to compile 68
[2018.10.08-00.01.12:471][126]LogSlate: Window 'Message Log' being destroyed
[2018.10.08-00.01.12:475][126]LogSlate: Window 'Message Log' being destroyed
[2018.10.08-00.01.12:872][172]LogShaderCompilers: Display: Shaders left to compile 58
[2018.10.08-00.01.13:915][296]LogShaderCompilers: Display: Shaders left to compile 48
[2018.10.08-00.01.14:029][308]LogSlate: FSceneViewport::OnFocusLost() reason 2
[2018.10.08-00.01.14:287][339]LogShaderCompilers: Display: Shaders left to compile 38
[2018.10.08-00.01.14:543][368]LogShaderCompilers: Display: Shaders left to compile 28
[2018.10.08-00.01.15:234][436]LogSlate: FSceneViewport::OnFocusLost() reason 2
[2018.10.08-00.01.15:347][448]LogSlate: FSceneViewport::OnFocusLost() reason 2
[2018.10.08-00.01.15:798][502]LogShaderCompilers: Display: Shaders left to compile 18
[2018.10.08-00.01.15:840][507]LogShaderCompilers: Display: Shaders left to compile 8
[2018.10.08-00.01.16:298][561]LogSlate: FSceneViewport::OnFocusLost() reason 2
[2018.10.08-00.01.17:144][561]LogSlate: Only BGRA pngs, bmps or icos are supported in by External Image Picker
[2018.10.08-00.01.17:231][562]LogTemp: Executing iPhonePackager certificates Engine -bundlename com.YourCompany.ThirdPersonShooter
[2018.10.08-00.01.17:231][562]LogTemp: CWD: C:\Program Files\Epic Games\UE_4.20\Engine\Binaries\DotNET\IOS
[2018.10.08-00.01.17:231][562]LogTemp: Initial Dir: C:\Program Files\Epic Games\UE_4.20
[2018.10.08-00.01.17:231][562]LogTemp: Env CWD: C:\Program Files\Epic Games\UE_4.20\Engine\Binaries\DotNET\IOS
[2018.10.08-00.01.17:231][562]LogTemp: BranchPath = SYD-TEST-GAMES/C/Program Files/Epic Games/UE_4.20/Engine/Binaries --- GameBranchPath = SYD-TEST-GAMES/C/Program Files/Epic Games/UE_4.20/Engine/Binaries
[2018.10.08-00.01.17:231][562]LogTemp: IPP ERROR: Could not find provision directory 'C:\Users\sae\AppData\Local/Apple Computer/MobileDevice/Provisioning Profiles/'.
[2018.10.08-00.01.25:497][529]LogSlate: Window 'Project Settings' being destroyed
[2018.10.08-00.01.25:502][529]LogSlate: Window 'Project Settings' being destroyed
[2018.10.08-00.01.29:528][  2]LogSlate: FSceneViewport::OnFocusLost() reason 0
[2018.10.08-00.01.34:152][550]LogLinker: Warning: Can't find file '/Game/ThirdPersonBP/Maps/Tom_Levels/Level_1_BuiltData'
[2018.10.08-00.01.34:152][550]LogLinker: Warning: Can't find file for asset '/Game/ThirdPersonBP/Maps/Tom_Levels/Level_1_BuiltData' while loading ../../../../../../Users/sae/Documents/GitHub/GPG210-Prototypes/FPSPrototype/ThirdPersonShooter/Content/ThirdPersonBP/Maps/Tom_Levels/Level_1.umap.
[2018.10.08-00.01.34:152][550]LoadErrors: Error: /Game/ThirdPersonBP/Maps/Tom_Levels/Level_1 : Can't find file for asset. /Game/ThirdPersonBP/Maps/Tom_Levels/Level_1_BuiltData
[2018.10.08-00.01.34:155][550]LogLinker: Warning: Can't find file '/Game/ThirdPersonBP/Maps/Tom_Levels/Level_1_BuiltData'
[2018.10.08-00.01.34:155][550]LogLinker: Warning: Can't find file for asset '/Game/ThirdPersonBP/Maps/Tom_Levels/Level_1_BuiltData' while loading ../../../../../../Users/sae/Documents/GitHub/GPG210-Prototypes/FPSPrototype/ThirdPersonShooter/Content/ThirdPersonBP/Maps/Tom_Levels/Level_1.umap.
[2018.10.08-00.01.34:167][550]LogLinker: Warning: Can't find file '/Game/ThirdPersonBP/Maps/Tom_Levels/Level_1_BuiltData'
[2018.10.08-00.01.34:167][550]LoadErrors: Failed to load /Game/ThirdPersonBP/Maps/Tom_Levels/Level_1_BuiltData.Level_1_BuiltData Referenced by PersistentLevel
[2018.10.08-00.01.34:167][550]LogLinker: Warning: Can't find file for asset '/Game/ThirdPersonBP/Maps/Tom_Levels/Level_1_BuiltData' while loading NULL.
[2018.10.08-00.01.34:174][550]LogAIModule: Creating AISystem for world Level_1
[2018.10.08-00.01.34:180][550]LogAssetEditorManager: Opening Asset editor for World /Game/ThirdPersonBP/Maps/Tom_Levels/Level_1.Level_1
[2018.10.08-00.01.34:202][550]LightingResults: New page: Lighting Build
[2018.10.08-00.01.34:202][550]LoadErrors: New page: Loading map: Level_1.umap
[2018.10.08-00.01.34:203][550]MapCheck: New page: Map Check
[2018.10.08-00.01.34:203][550]LightingResults: New page: Lighting Build
[2018.10.08-00.01.34:229][550]LogEditorServer: Finished looking for orphan Actors (0.000 secs)
[2018.10.08-00.01.34:272][550]Cmd: MAP CHECKDEP NOCLEARLOG
[2018.10.08-00.01.34:330][550]MapCheck: Map check complete: 0 Error(s), 0 Warning(s), took 57.163ms to complete.
[2018.10.08-00.01.34:330][550]LogFileHelpers: Loading map 'Level_1' took 0.128
[2018.10.08-00.01.36:673][816]LogSlate: FSceneViewport::OnFocusLost() reason 2
[2018.10.08-00.01.39:268][126]MapCheck: New page: Map Check
[2018.10.08-00.01.39:281][126]LightingResults: New page: Lighting Build - 8 Oct 2018 10:01:39 pm
[2018.10.08-00.01.39:315][126]LogSwarmInterface: [OpenConnection] Registering TCP channel ...
[2018.10.08-00.01.39:370][126]LogSwarmInterface: [OpenConnection] Connecting to agent ...
[2018.10.08-00.01.39:381][126]LogSwarmInterface: [TryOpenConnection] Testing the Agent
[2018.10.08-00.01.39:902][126]LogSwarmInterface: [TryOpenConnection] Opening Connection to Agent
[2018.10.08-00.01.39:902][126]LogSwarmInterface: [TryOpenConnection] Local Process ID is 13272
[2018.10.08-00.01.42:414][126]LogStaticLightingSystem: Warning: No importance volume found, so the scene bounding box was used.  You can optimize your scene's quality and lighting build times by adding importance volumes.
[2018.10.08-00.01.42:415][126]LogStaticLightingSystem: Running Lightmass w/ ImmediateImport mode ENABLED
[2018.10.08-00.01.42:415][126]LogStaticLightingSystem: Running Lightmass w/ ImmediateProcess mode ENABLED
[2018.10.08-00.01.42:415][126]LogStaticLightingSystem: Running Lightmass w/ Sorting mode ENABLED
[2018.10.08-00.01.42:415][126]LogStaticLightingSystem: Running Lightmass w/ Mapping paddings ENABLED
[2018.10.08-00.01.42:415][126]LogStaticLightingSystem: Running Lightmass w/ Mapping debug paddings DISABLED
[2018.10.08-00.01.42:567][126]LogEditorBuildUtils: Build time 0:03
[2018.10.08-00.01.45:330][290]Job is a success!
[2018.10.08-00.01.45:376][292]LogVolumetricLightmapImport: Imported Volumetric Lightmap in 0.016s
[2018.10.08-00.01.45:376][292]LogVolumetricLightmapImport:      Indirection Texture 16x16x16 = 0.0Mb
[2018.10.08-00.01.45:376][292]LogVolumetricLightmapImport:      BrickData 480x5x5 = 0.4Mb (trimmed 0.0Mb due to 0.010000 MinBrickError)
[2018.10.08-00.01.45:376][292]LogVolumetricLightmapImport:      Bricks at Level
[2018.10.08-00.01.45:376][292]LogVolumetricLightmapImport:          0: 1.0% covering 100.0% of volume
[2018.10.08-00.01.45:376][292]LogVolumetricLightmapImport:          1: 4.2% covering 6.3% of volume
[2018.10.08-00.01.45:376][292]LogVolumetricLightmapImport:          2: 94.8% covering 2.2% of volume
[2018.10.08-00.01.45:638][292]LogTexture: Display: Building textures: HQ_Lightmap0_1 (AutoDXT, 1024X1024)
[2018.10.08-00.01.45:638][292]LogTexture: Display: Building textures: LQ_Lightmap_0_1 (DXT1, 1024X1024)
[2018.10.08-00.01.45:638][292]LogTexture: Display: Building textures: HQ_Lightmap0_2 (AutoDXT, 64X64)
[2018.10.08-00.01.45:638][292]LogTexture: Display: Building textures: LQ_Lightmap_0_2 (DXT1, 64X64)
[2018.10.08-00.01.45:693][292]LogTexture: Display: Building textures: ShadowMapTexture2D_1 (G8, 32X32)
[2018.10.08-00.01.45:693][292]LogTexture: Display: Building textures: ShadowMapTexture2D_0 (BGRA8, 1024X256)
[2018.10.08-00.01.45:713][292]Lightmass on SYD-TEST-GAMES: 2.12 sec total, 125 ms importing, 18 ms setup, 519 ms photons, 1.44 sec processing, 0 ms extra exporting [58/58 mappings]. Threads: 9.93 sec total, 4.15 sec processing.
[2018.10.08-00.01.45:748][292]LogStaticLightingSystem: Illumination: 6.45 sec (240 ms encoding lightmaps, 49 ms encoding shadowmaps)
[2018.10.08-00.01.45:748][292]LogStaticLightingSystem: Lightmap texture memory:  2.0 MB (2.0 MB streaming, 0.0 MB non-streaming), 4 textures
[2018.10.08-00.01.45:748][292]LogStaticLightingSystem: Shadowmap texture memory: 1.3 MB (1.3 MB streaming, 0.0 MB non-streaming), 2 textures
[2018.10.08-00.01.46:417][292]DumpUnbuiltLightIteractions
[2018.10.08-00.01.46:417][292]Lights with unbuilt interactions: 0
[2018.10.08-00.01.46:417][292]
[2018.10.08-00.01.46:417][292]Primitives with unbuilt interactions: 0
[2018.10.08-00.01.46:589][293]Cmd: MAP CHECK NOTIFYRESULTS
[2018.10.08-00.01.46:589][293]MapCheck: New page: Level_1 - 8 Oct 2018 10:01:46 pm
[2018.10.08-00.01.46:671][293]MapCheck: Map check complete: 0 Error(s), 0 Warning(s), took 81.048ms to complete.
[2018.10.08-00.01.48:262][482]LogTemp: Repeating last play command: Selected Viewport
[2018.10.08-00.01.48:276][482]LogPlayLevel: PlayLevel: No blueprints needed recompiling
[2018.10.08-00.01.48:289][482]PIE: New page: PIE session: Level_1 (8 Oct 2018 10:01:48 pm)
[2018.10.08-00.01.48:289][482]LogPlayLevel: Creating play world package: /Game/ThirdPersonBP/Maps/Tom_Levels/UEDPIE_0_Level_1
[2018.10.08-00.01.48:293][482]LogPlayLevel: PIE: StaticDuplicateObject took: (0.004042s)
[2018.10.08-00.01.48:294][482]LogAIModule: Creating AISystem for world Level_1
[2018.10.08-00.01.48:294][482]LogPlayLevel: PIE: World Init took: (0.000896s)
[2018.10.08-00.01.48:294][482]LogPlayLevel: PIE: Created PIE world by copying editor world from /Game/ThirdPersonBP/Maps/Tom_Levels/Level_1.Level_1 to /Game/ThirdPersonBP/Maps/Tom_Levels/UEDPIE_0_Level_1.Level_1 (0.005070s)
[2018.10.08-00.01.48:320][482]LogInit: XAudio2 using 'U28E850 (2- NVIDIA High Definition Audio)' : 2 channels at 48 kHz using 16 bits per sample (channel mask 0x3)
[2018.10.08-00.01.48:327][482]LogInit: FAudioDevice initialized.
[2018.10.08-00.01.48:374][482]LogLoad: Game class is 'ThirdPersonGameMode_C'
[2018.10.08-00.01.48:381][482]LogWorld: Bringing World /Game/ThirdPersonBP/Maps/Tom_Levels/UEDPIE_0_Level_1.Level_1 up for play (max tick rate 0) at 2018.10.08-11.01.48
[2018.10.08-00.01.48:382][482]LogWorld: Bringing up level for play took: 0.004199
[2018.10.08-00.01.48:406][482]LogContentBrowser: Native class hierarchy updated for 'MovieSceneCapture' in 0.0006 seconds. Added 10 classes and 0 folders.
[2018.10.08-00.01.48:411][482]PIE: Play in editor start time for /Game/ThirdPersonBP/Maps/Tom_Levels/UEDPIE_0_Level_1 0.97
[2018.10.08-00.02.21:828][485]LogNet: Browse: /Game/ThirdPersonBP/Maps/Tom_Levels/Level_2
[2018.10.08-00.02.21:828][485]LogLoad: LoadMap: /Game/ThirdPersonBP/Maps/Tom_Levels/Level_2
[2018.10.08-00.02.21:855][485]LogLinker: Warning: Can't find file '/Game/ThirdPersonBP/Maps/Tom_Levels/Level_2_BuiltData'
[2018.10.08-00.02.21:855][485]LogLinker: Warning: Can't find file for asset '/Game/ThirdPersonBP/Maps/Tom_Levels/Level_2_BuiltData' while loading ../../../../../../Users/sae/Documents/GitHub/GPG210-Prototypes/FPSPrototype/ThirdPersonShooter/Content/ThirdPersonBP/Maps/Tom_Levels/Level_2.umap.
[2018.10.08-00.02.21:856][485]LoadErrors: Error: /Game/ThirdPersonBP/Maps/Tom_Levels/Level_2 : Can't find file for asset. /Game/ThirdPersonBP/Maps/Tom_Levels/Level_2_BuiltData
[2018.10.08-00.02.21:857][485]LogLinker: Warning: Can't find file '/Game/ThirdPersonBP/Maps/Tom_Levels/Level_2_BuiltData'
[2018.10.08-00.02.21:857][485]LogLinker: Warning: Can't find file for asset '/Game/ThirdPersonBP/Maps/Tom_Levels/Level_2_BuiltData' while loading ../../../../../../Users/sae/Documents/GitHub/GPG210-Prototypes/FPSPrototype/ThirdPersonShooter/Content/ThirdPersonBP/Maps/Tom_Levels/Level_2.umap.
[2018.10.08-00.02.21:869][485]LogLinker: Warning: Can't find file '/Game/ThirdPersonBP/Maps/Tom_Levels/Level_2_BuiltData'
[2018.10.08-00.02.21:869][485]LoadErrors: Failed to load /Game/ThirdPersonBP/Maps/Tom_Levels/Level_2_BuiltData.Level_2_BuiltData Referenced by PersistentLevel
[2018.10.08-00.02.21:869][485]LogLinker: Warning: Can't find file for asset '/Game/ThirdPersonBP/Maps/Tom_Levels/Level_2_BuiltData' while loading NULL.
[2018.10.08-00.02.22:135][485]LogAIModule: Creating AISystem for world Level_2
[2018.10.08-00.02.22:136][485]LogLoad: Game class is 'ThirdPersonGameMode_C'
[2018.10.08-00.02.22:142][485]LogWorld: Bringing World /Game/ThirdPersonBP/Maps/Tom_Levels/UEDPIE_0_Level_2.Level_2 up for play (max tick rate 0) at 2018.10.08-11.02.22
[2018.10.08-00.02.22:142][485]LogWorld: Bringing up level for play took: 0.005166
[2018.10.08-00.02.22:146][485]LogLoad: Took 0.318292 seconds to LoadMap(/Game/ThirdPersonBP/Maps/Tom_Levels/Level_2)
[2018.10.08-00.02.23:580][654]LogSlate: Updating window title bar state: overlay mode, drag disabled, window buttons hidden, title bar hidden
[2018.10.08-00.02.23:609][654]LogPlayLevel: Display: Shutting down PIE online subsystems
[2018.10.08-00.02.23:630][654]LogSlate: Updating window title bar state: overlay mode, drag disabled, window buttons hidden, title bar hidden
[2018.10.08-00.02.23:682][657]LogPlayLevel: Display: Destroying online subsystem :Context_4
[2018.10.08-00.02.26:557][  0]LogSlate: FSceneViewport::OnFocusLost() reason 0
[2018.10.08-00.02.26:748][ 19]LogLinker: Warning: Can't find file '/Game/ThirdPersonBP/Maps/Tom_Levels/Level_2_BuiltData'
[2018.10.08-00.02.26:748][ 19]LogLinker: Warning: Can't find file for asset '/Game/ThirdPersonBP/Maps/Tom_Levels/Level_2_BuiltData' while loading ../../../../../../Users/sae/Documents/GitHub/GPG210-Prototypes/FPSPrototype/ThirdPersonShooter/Content/ThirdPersonBP/Maps/Tom_Levels/Level_2.umap.
[2018.10.08-00.02.26:759][ 19]LogLinker: Warning: Can't find file '/Game/ThirdPersonBP/Maps/Tom_Levels/Level_2_BuiltData'
[2018.10.08-00.02.26:759][ 19]LogLinker: Warning: Can't find file for asset '/Game/ThirdPersonBP/Maps/Tom_Levels/Level_2_BuiltData' while loading ../../../../../../Users/sae/Documents/GitHub/GPG210-Prototypes/FPSPrototype/ThirdPersonShooter/Content/ThirdPersonBP/Maps/Tom_Levels/Level_2.umap.
[2018.10.08-00.02.26:771][ 19]LogLinker: Warning: Can't find file '/Game/ThirdPersonBP/Maps/Tom_Levels/Level_2_BuiltData'
[2018.10.08-00.02.26:771][ 19]LogLinker: Warning: Can't find file for asset '/Game/ThirdPersonBP/Maps/Tom_Levels/Level_2_BuiltData' while loading NULL.
[2018.10.08-00.02.26:775][ 19]LogAIModule: Creating AISystem for world Level_2
[2018.10.08-00.02.26:779][ 19]LogAssetEditorManager: Opening Asset editor for World /Game/ThirdPersonBP/Maps/Tom_Levels/Level_2.Level_2
[2018.10.08-00.02.29:832][ 19]LogSlate: Window 'Save Content' being destroyed
[2018.10.08-00.02.29:987][ 19]LogSavePackage: Moving '../../../../../../Users/sae/Documents/GitHub/GPG210-Prototypes/FPSPrototype/ThirdPersonShooter/Saved/Level_1273A88D64C82C34398098E813A4C7CAE.tmp' to '../../../../../../Users/sae/Documents/GitHub/GPG210-Prototypes/FPSPrototype/ThirdPersonShooter/Content/ThirdPersonBP/Maps/Tom_Levels/Level_1.umap'
[2018.10.08-00.02.30:013][ 19]LogFileHelpers: Saving map 'Level_1' took 0.174
[2018.10.08-00.02.30:079][ 19]LogSavePackage: Moving '../../../../../../Users/sae/Documents/GitHub/GPG210-Prototypes/FPSPrototype/ThirdPersonShooter/Saved/Level_1_BuiltData833BC2CB4F156F605BDA46B00EC3EEA4.tmp' to '../../../../../../Users/sae/Documents/GitHub/GPG210-Prototypes/FPSPrototype/ThirdPersonShooter/Content/ThirdPersonBP/Maps/Tom_Levels/Level_1_BuiltData.uasset'
[2018.10.08-00.02.30:082][ 19]LightingResults: New page: Lighting Build
[2018.10.08-00.02.30:083][ 19]LoadErrors: New page: Loading map: Level_2.umap
[2018.10.08-00.02.30:084][ 19]MapCheck: New page: Map Check
[2018.10.08-00.02.30:084][ 19]LightingResults: New page: Lighting Build
[2018.10.08-00.02.30:111][ 19]LogEditorServer: Finished looking for orphan Actors (0.000 secs)
[2018.10.08-00.02.30:157][ 19]Cmd: MAP CHECKDEP NOCLEARLOG
[2018.10.08-00.02.30:213][ 19]MapCheck: Map check complete: 0 Error(s), 0 Warning(s), took 56.201ms to complete.
[2018.10.08-00.02.30:213][ 19]LogFileHelpers: Loading map 'Level_2' took 0.132
[2018.10.08-00.02.32:778][310]MapCheck: New page: Map Check
[2018.10.08-00.02.32:791][310]LightingResults: New page: Lighting Build - 8 Oct 2018 10:02:32 pm
[2018.10.08-00.02.32:800][310]LogSwarmInterface: [OpenConnection] Registering TCP channel ...
[2018.10.08-00.02.32:801][310]LogSwarmInterface: [OpenConnection] Connecting to agent ...
[2018.10.08-00.02.32:801][310]LogSwarmInterface: [TryOpenConnection] Testing the Agent
[2018.10.08-00.02.32:802][310]LogSwarmInterface: [TryOpenConnection] Opening Connection to Agent
[2018.10.08-00.02.32:802][310]LogSwarmInterface: [TryOpenConnection] Local Process ID is 13272
[2018.10.08-00.02.37:334][310]LogStaticLightingSystem: Warning: No importance volume found, so the scene bounding box was used.  You can optimize your scene's quality and lighting build times by adding importance volumes.
[2018.10.08-00.02.37:334][310]LogStaticLightingSystem: Running Lightmass w/ ImmediateImport mode ENABLED
[2018.10.08-00.02.37:334][310]LogStaticLightingSystem: Running Lightmass w/ ImmediateProcess mode ENABLED
[2018.10.08-00.02.37:334][310]LogStaticLightingSystem: Running Lightmass w/ Sorting mode ENABLED
[2018.10.08-00.02.37:334][310]LogStaticLightingSystem: Running Lightmass w/ Mapping paddings ENABLED
[2018.10.08-00.02.37:334][310]LogStaticLightingSystem: Running Lightmass w/ Mapping debug paddings DISABLED
[2018.10.08-00.02.37:543][310]LogEditorBuildUtils: Build time 0:04
[2018.10.08-00.02.40:089][487]Job is a success!
[2018.10.08-00.02.40:128][489]LogVolumetricLightmapImport: Imported Volumetric Lightmap in 0.013s
[2018.10.08-00.02.40:128][489]LogVolumetricLightmapImport:      Indirection Texture 16x16x16 = 0.0Mb
[2018.10.08-00.02.40:128][489]LogVolumetricLightmapImport:      BrickData 385x5x5 = 0.3Mb
[2018.10.08-00.02.40:128][489]LogVolumetricLightmapImport:      Bricks at Level
[2018.10.08-00.02.40:128][489]LogVolumetricLightmapImport:          0: 1.3% covering 100.0% of volume
[2018.10.08-00.02.40:128][489]LogVolumetricLightmapImport:          1: 5.2% covering 6.3% of volume
[2018.10.08-00.02.40:128][489]LogVolumetricLightmapImport:          2: 93.5% covering 1.8% of volume
[2018.10.08-00.02.40:413][489]LogTexture: Display: Building textures: HQ_Lightmap0_1 (AutoDXT, 1024X1024)
[2018.10.08-00.02.40:413][489]LogTexture: Display: Building textures: LQ_Lightmap_0_1 (DXT1, 1024X1024)
[2018.10.08-00.02.40:413][489]LogTexture: Display: Building textures: HQ_Lightmap0_2 (AutoDXT, 64X64)
[2018.10.08-00.02.40:413][489]LogTexture: Display: Building textures: LQ_Lightmap_0_2 (DXT1, 64X64)
[2018.10.08-00.02.40:475][489]LogTexture: Display: Building textures: ShadowMapTexture2D_1 (G8, 32X32)
[2018.10.08-00.02.40:475][489]LogTexture: Display: Building textures: ShadowMapTexture2D_0 (BGRA8, 1024X256)
[2018.10.08-00.02.40:509][489]Lightmass on SYD-TEST-GAMES: 2.25 sec total, 119 ms importing, 18 ms setup, 543 ms photons, 1.54 sec processing, 0 ms extra exporting [62/62 mappings]. Threads: 10.6 sec total, 5.27 sec processing.
[2018.10.08-00.02.40:515][489]LogStaticLightingSystem: Illumination: 7.71 sec (261 ms encoding lightmaps, 57 ms encoding shadowmaps)
[2018.10.08-00.02.40:516][489]LogStaticLightingSystem: Lightmap texture memory:  2.0 MB (2.0 MB streaming, 0.0 MB non-streaming), 4 textures
[2018.10.08-00.02.40:516][489]LogStaticLightingSystem: Shadowmap texture memory: 1.3 MB (1.3 MB streaming, 0.0 MB non-streaming), 2 textures
[2018.10.08-00.02.41:338][489]DumpUnbuiltLightIteractions
[2018.10.08-00.02.41:338][489]Lights with unbuilt interactions: 0
[2018.10.08-00.02.41:338][489]
[2018.10.08-00.02.41:338][489]Primitives with unbuilt interactions: 0
[2018.10.08-00.02.41:503][490]Cmd: MAP CHECK NOTIFYRESULTS
[2018.10.08-00.02.41:503][490]MapCheck: New page: Level_2 - 8 Oct 2018 10:02:41 pm
[2018.10.08-00.02.41:577][490]MapCheck: Map check complete: 0 Error(s), 0 Warning(s), took 73.172ms to complete.
[2018.10.08-00.02.46:027][  4]LogTemp: Repeating last play command: Selected Viewport
[2018.10.08-00.02.46:041][  4]LogPlayLevel: PlayLevel: No blueprints needed recompiling
[2018.10.08-00.02.46:041][  4]PIE: New page: PIE session: Level_2 (8 Oct 2018 10:02:46 pm)
[2018.10.08-00.02.46:041][  4]LogPlayLevel: Creating play world package: /Game/ThirdPersonBP/Maps/Tom_Levels/UEDPIE_0_Level_2
[2018.10.08-00.02.46:045][  4]LogPlayLevel: PIE: StaticDuplicateObject took: (0.004196s)
[2018.10.08-00.02.46:046][  4]LogAIModule: Creating AISystem for world Level_2
[2018.10.08-00.02.46:046][  4]LogPlayLevel: PIE: World Init took: (0.000858s)
[2018.10.08-00.02.46:046][  4]LogPlayLevel: PIE: Created PIE world by copying editor world from /Game/ThirdPersonBP/Maps/Tom_Levels/Level_2.Level_2 to /Game/ThirdPersonBP/Maps/Tom_Levels/UEDPIE_0_Level_2.Level_2 (0.005194s)
[2018.10.08-00.02.46:072][  4]LogInit: XAudio2 using 'U28E850 (2- NVIDIA High Definition Audio)' : 2 channels at 48 kHz using 16 bits per sample (channel mask 0x3)
[2018.10.08-00.02.46:078][  4]LogInit: FAudioDevice initialized.
[2018.10.08-00.02.46:115][  4]LogLoad: Game class is 'ThirdPersonGameMode_C'
[2018.10.08-00.02.46:122][  4]LogWorld: Bringing World /Game/ThirdPersonBP/Maps/Tom_Levels/UEDPIE_0_Level_2.Level_2 up for play (max tick rate 0) at 2018.10.08-11.02.46
[2018.10.08-00.02.46:122][  4]LogWorld: Bringing up level for play took: 0.005208
[2018.10.08-00.02.46:141][  4]PIE: Play in editor start time for /Game/ThirdPersonBP/Maps/Tom_Levels/UEDPIE_0_Level_2 0.7
[2018.10.08-00.03.33:872][722]LogSlate: Updating window title bar state: overlay mode, drag disabled, window buttons hidden, title bar hidden
[2018.10.08-00.03.33:904][722]LogPlayLevel: Display: Shutting down PIE online subsystems
[2018.10.08-00.03.33:924][722]LogSlate: Updating window title bar state: overlay mode, drag disabled, window buttons hidden, title bar hidden
[2018.10.08-00.03.33:970][725]LogPlayLevel: Display: Destroying online subsystem :Context_5
[2018.10.08-00.03.37:989][205]LogSlate: FSceneViewport::OnFocusLost() reason 2
[2018.10.08-00.03.38:915][315]LogSlate: FSceneViewport::OnFocusLost() reason 2
[2018.10.08-00.03.39:688][315]LogSlate: Only BGRA pngs, bmps or icos are supported in by External Image Picker
[2018.10.08-00.03.39:755][316]LogTemp: Executing iPhonePackager certificates Engine -bundlename com.YourCompany.ThirdPersonShooter
[2018.10.08-00.03.39:755][316]LogTemp: CWD: C:\Program Files\Epic Games\UE_4.20\Engine\Binaries\DotNET\IOS
[2018.10.08-00.03.39:755][316]LogTemp: Initial Dir: C:\Program Files\Epic Games\UE_4.20
[2018.10.08-00.03.39:755][316]LogTemp: Env CWD: C:\Program Files\Epic Games\UE_4.20\Engine\Binaries\DotNET\IOS
[2018.10.08-00.03.39:755][316]LogTemp: BranchPath = SYD-TEST-GAMES/C/Program Files/Epic Games/UE_4.20/Engine/Binaries --- GameBranchPath = SYD-TEST-GAMES/C/Program Files/Epic Games/UE_4.20/Engine/Binaries
[2018.10.08-00.03.39:755][316]LogTemp: IPP ERROR: Could not find provision directory 'C:\Users\sae\AppData\Local/Apple Computer/MobileDevice/Provisioning Profiles/'.
[2018.10.08-00.03.48:356][321]LogSlate: Window 'Project Settings' being destroyed
[2018.10.08-00.03.48:360][321]LogSlate: Window 'Project Settings' being destroyed
[2018.10.08-00.09.55:036][316]LogSlate: FSceneViewport::OnFocusLost() reason 0
[2018.10.08-00.09.56:457][323]LogSlate: Window 'Save Content' being destroyed
[2018.10.08-00.09.56:467][323]LogSlate: FSceneViewport::OnFocusLost() reason 2
[2018.10.08-00.09.56:627][323]LogSavePackage: Moving '../../../../../../Users/sae/Documents/GitHub/GPG210-Prototypes/FPSPrototype/ThirdPersonShooter/Saved/Level_25CB858D7422F1CB0EDF8748DAD5954FA.tmp' to '../../../../../../Users/sae/Documents/GitHub/GPG210-Prototypes/FPSPrototype/ThirdPersonShooter/Content/ThirdPersonBP/Maps/Tom_Levels/Level_2.umap'
[2018.10.08-00.09.56:656][323]LogFileHelpers: Saving map 'Level_2' took 0.182
[2018.10.08-00.09.56:746][323]LogSavePackage: Moving '../../../../../../Users/sae/Documents/GitHub/GPG210-Prototypes/FPSPrototype/ThirdPersonShooter/Saved/Level_2_BuiltDataE9FB7A844ABB01663EAE4FB62D371715.tmp' to '../../../../../../Users/sae/Documents/GitHub/GPG210-Prototypes/FPSPrototype/ThirdPersonShooter/Content/ThirdPersonBP/Maps/Tom_Levels/Level_2_BuiltData.uasset'
[2018.10.08-00.09.56:818][323]LogSlate: Window 'ThirdPersonShooter - Unreal Editor' being destroyed
[2018.10.08-00.09.57:081][324]Cmd: QUIT_EDITOR
[2018.10.08-00.09.57:196][324]LogWindowsTextInputMethodSystem: Display: IME system now deactivated.
[2018.10.08-00.09.57:211][324]LogExit: Preparing to exit.
[2018.10.08-00.09.58:244][324]LogExit: Editor shut down
[2018.10.08-00.09.58:244][324]LogExit: Transaction tracking system shut down
[2018.10.08-00.09.58:652][324]LogExit: Object subsystem successfully closed.
[2018.10.08-00.09.58:686][324]LogShaderCompilers: Display: Shaders left to compile 0
[2018.10.08-00.09.58:691][324]LogD3D11RHI: Shutdown
[2018.10.08-00.09.58:691][324]LogD3D11RHI: CleanupD3DDevice
[2018.10.08-00.09.58:693][324]LogD3D11RHI: ~FD3D11DynamicRHI
[2018.10.08-00.09.58:712][324]LogModuleManager: Shutting down and abandoning module MovieSceneCapture (634)
[2018.10.08-00.09.58:712][324]LogModuleManager: Shutting down and abandoning module Voice (632)
[2018.10.08-00.09.58:712][324]LogModuleManager: Shutting down and abandoning module ExternalImagePicker (630)
[2018.10.08-00.09.58:712][324]LogModuleManager: Shutting down and abandoning module HierarchicalLODOutliner (628)
[2018.10.08-00.09.58:712][324]LogModuleManager: Shutting down and abandoning module SceneOutliner (626)
[2018.10.08-00.09.58:712][324]LogModuleManager: Shutting down and abandoning module AddContentDialog (624)
[2018.10.08-00.09.58:712][324]LogModuleManager: Shutting down and abandoning module WidgetCarousel (623)
[2018.10.08-00.09.58:712][324]LogModuleManager: Shutting down and abandoning module EditorWidgets (620)
[2018.10.08-00.09.58:712][324]LogModuleManager: Shutting down and abandoning module CollectionManager (618)
[2018.10.08-00.09.58:713][324]LogModuleManager: Shutting down and abandoning module StatsViewer (616)
[2018.10.08-00.09.58:713][324]LogModuleManager: Shutting down and abandoning module FoliageEdit (614)
[2018.10.08-00.09.58:713][324]LogModuleManager: Shutting down and abandoning module LandscapeEditor (612)
[2018.10.08-00.09.58:713][324]LogModuleManager: Shutting down and abandoning module MeshPaintMode (610)
[2018.10.08-00.09.58:713][324]LogModuleManager: Shutting down and abandoning module SceneDepthPickerMode (608)
[2018.10.08-00.09.58:713][324]LogModuleManager: Shutting down and abandoning module ActorPickerMode (606)
[2018.10.08-00.09.58:713][324]LogModuleManager: Shutting down and abandoning module GeometryMode (604)
[2018.10.08-00.09.58:713][324]LogModuleManager: Shutting down and abandoning module TextureAlignMode (602)
[2018.10.08-00.09.58:713][324]LogModuleManager: Shutting down and abandoning module BspMode (600)
[2018.10.08-00.09.58:713][324]LogModuleManager: Shutting down and abandoning module PIEPreviewDeviceProfileSelector (598)
[2018.10.08-00.09.58:713][324]LogModuleManager: Shutting down and abandoning module SequenceRecorderSections (596)
[2018.10.08-00.09.58:713][324]LogModuleManager: Shutting down and abandoning module AutomationWorker (594)
[2018.10.08-00.09.58:713][324]LogModuleManager: Shutting down and abandoning module DatasmithFBXImporter (592)
[2018.10.08-00.09.58:713][324]LogModuleManager: Shutting down and abandoning module DatasmithDeltaGenImporter (590)
[2018.10.08-00.09.58:713][324]LogModuleManager: Shutting down and abandoning module DatasmithVREDImporter (588)
[2018.10.08-00.09.58:713][324]LogModuleManager: Shutting down and abandoning module AudioCaptureEditor (586)
[2018.10.08-00.09.58:713][324]LogModuleManager: Shutting down and abandoning module SequenceRecorder (585)
[2018.10.08-00.09.58:713][324]LogModuleManager: Shutting down and abandoning module MatineeToLevelSequence (582)
[2018.10.08-00.09.58:713][324]LogModuleManager: Shutting down and abandoning module LevelSequenceEditor (580)
[2018.10.08-00.09.58:713][324]LogModuleManager: Shutting down and abandoning module PlacementMode (579)
[2018.10.08-00.09.58:713][324]LogModuleManager: Shutting down and abandoning module MaterialEditor (578)
[2018.10.08-00.09.58:713][324]LogModuleManager: Shutting down and abandoning module WmfMediaFactory (574)
[2018.10.08-00.09.58:713][324]LogModuleManager: Shutting down and abandoning module WmfMediaEditor (572)
[2018.10.08-00.09.58:713][324]LogModuleManager: Shutting down and abandoning module MediaPlayerEditor (570)
[2018.10.08-00.09.58:713][324]LogModuleManager: Shutting down and abandoning module OpenExrWrapper (568)
[2018.10.08-00.09.58:713][324]LogModuleManager: Shutting down and abandoning module ImgMediaFactory (566)
[2018.10.08-00.09.58:713][324]LogModuleManager: Shutting down and abandoning module ImgMediaEditor (564)
[2018.10.08-00.09.58:714][324]LogModuleManager: Shutting down and abandoning module AvfMediaFactory (562)
[2018.10.08-00.09.58:714][324]LogModuleManager: Shutting down and abandoning module AvfMediaEditor (560)
[2018.10.08-00.09.58:714][324]LogModuleManager: Shutting down and abandoning module AndroidMediaFactory (558)
[2018.10.08-00.09.58:714][324]LogModuleManager: Shutting down and abandoning module AndroidMediaEditor (556)
[2018.10.08-00.09.58:714][324]LogModuleManager: Shutting down and abandoning module MagicLeapCameraPreviewFactory (554)
[2018.10.08-00.09.58:714][324]LogModuleManager: Shutting down and abandoning module MagicLeapMediaFactory (552)
[2018.10.08-00.09.58:714][324]LogModuleManager: Shutting down and abandoning module MagicLeapMediaEditor (550)
[2018.10.08-00.09.58:714][324]LogModuleManager: Shutting down and abandoning module CharacterAI (548)
[2018.10.08-00.09.58:714][324]LogModuleManager: Shutting down and abandoning module SmartSnapping (546)
[2018.10.08-00.09.58:714][324]LogModuleManager: Shutting down and abandoning module SessionServices (544)
[2018.10.08-00.09.58:714][324]LogModuleManager: Shutting down and abandoning module ViewportSnapping (542)
[2018.10.08-00.09.58:714][324]LogModuleManager: Shutting down and abandoning module ViewportInteraction (540)
[2018.10.08-00.09.58:714][324]LogModuleManager: Shutting down and abandoning module ClothPainter (538)
[2018.10.08-00.09.58:714][324]LogModuleManager: Shutting down and abandoning module SkeletalMeshEditor (537)
[2018.10.08-00.09.58:714][324]LogModuleManager: Shutting down and abandoning module LogVisualizer (534)
[2018.10.08-00.09.58:714][324]LogModuleManager: Shutting down and abandoning module IntroTutorials (532)
[2018.10.08-00.09.58:714][324]LogModuleManager: Shutting down and abandoning module GameProjectGeneration (531)
[2018.10.08-00.09.58:714][324]LogModuleManager: Shutting down and abandoning module LuminPlatformEditor (528)
[2018.10.08-00.09.58:714][324]LogModuleManager: Shutting down and abandoning module IOSPlatformEditor (526)
[2018.10.08-00.09.58:714][324]LogModuleManager: Shutting down and abandoning module HTML5PlatformEditor (524)
[2018.10.08-00.09.58:714][324]LogModuleManager: Shutting down and abandoning module AndroidPlatformEditor (522)
[2018.10.08-00.09.58:714][324]LogModuleManager: Shutting down and abandoning module AndroidDeviceDetection (521)
[2018.10.08-00.09.59:587][324]LogModuleManager: Shutting down and abandoning module WindowsPlatformEditor (518)
[2018.10.08-00.09.59:587][324]LogModuleManager: Shutting down and abandoning module LuminRuntimeSettings (516)
[2018.10.08-00.09.59:587][324]LogModuleManager: Shutting down and abandoning module IOSRuntimeSettings (514)
[2018.10.08-00.09.59:587][324]LogModuleManager: Shutting down and abandoning module AndroidRuntimeSettings (512)
[2018.10.08-00.09.59:587][324]LogModuleManager: Shutting down and abandoning module InputBindingEditor (510)
[2018.10.08-00.09.59:587][324]LogModuleManager: Shutting down and abandoning module MergeActors (508)
[2018.10.08-00.09.59:587][324]LogModuleManager: Shutting down and abandoning module LocalizationDashboard (506)
[2018.10.08-00.09.59:588][324]LogModuleManager: Shutting down and abandoning module LocalizationService (505)
[2018.10.08-00.09.59:588][324]LogModuleManager: Shutting down and abandoning module HardwareTargeting (502)
[2018.10.08-00.09.59:588][324]LogModuleManager: Shutting down and abandoning module DeviceProfileEditor (500)
[2018.10.08-00.09.59:588][324]LogModuleManager: Shutting down and abandoning module UndoHistory (498)
[2018.10.08-00.09.59:588][324]LogModuleManager: Shutting down and abandoning module XmlParser (496)
[2018.10.08-00.09.59:588][324]LogModuleManager: Shutting down and abandoning module Blutility (494)
[2018.10.08-00.09.59:588][324]LogModuleManager: Shutting down and abandoning module ProjectSettingsViewer (492)
[2018.10.08-00.09.59:588][324]LogModuleManager: Shutting down and abandoning module ProjectTargetPlatformEditor (491)
[2018.10.08-00.09.59:588][324]LogModuleManager: Shutting down and abandoning module EditorSettingsViewer (488)
[2018.10.08-00.09.59:588][324]LogModuleManager: Shutting down and abandoning module SettingsEditor (486)
[2018.10.08-00.09.59:588][324]LogModuleManager: Shutting down and abandoning module ProjectLauncher (484)
[2018.10.08-00.09.59:588][324]LogModuleManager: Shutting down and abandoning module SessionFrontend (482)
[2018.10.08-00.09.59:588][324]LogModuleManager: Shutting down and abandoning module ProfilerClient (480)
[2018.10.08-00.09.59:588][324]LogModuleManager: Shutting down and abandoning module DeviceManager (478)
[2018.10.08-00.09.59:588][324]LogModuleManager: Shutting down and abandoning module TargetDeviceServices (477)
[2018.10.08-00.09.59:653][324]LogModuleManager: Shutting down and abandoning module AutomationController (474)
[2018.10.08-00.09.59:653][324]LogModuleManager: Shutting down and abandoning module AutomationWindow (472)
[2018.10.08-00.09.59:653][324]LogModuleManager: Shutting down and abandoning module Layers (470)
[2018.10.08-00.09.59:653][324]LogModuleManager: Shutting down and abandoning module ComponentVisualizers (468)
[2018.10.08-00.09.59:653][324]LogModuleManager: Shutting down and abandoning module DetailCustomizations (466)
[2018.10.08-00.09.59:653][324]LogModuleManager: Shutting down and abandoning module PackagesDialog (464)
[2018.10.08-00.09.59:653][324]LogModuleManager: Shutting down and abandoning module Persona (462)
[2018.10.08-00.09.59:653][324]LogModuleManager: Shutting down and abandoning module AnimGraph (461)
[2018.10.08-00.09.59:653][324]LogModuleManager: Shutting down and abandoning module Kismet (458)
[2018.10.08-00.09.59:653][324]LogModuleManager: Shutting down and abandoning module GraphEditor (456)
[2018.10.08-00.09.59:653][324]LogModuleManager: Shutting down and abandoning module ClassViewer (454)
[2018.10.08-00.09.59:653][324]LogModuleManager: Shutting down and abandoning module Toolbox (452)
[2018.10.08-00.09.59:653][324]LogModuleManager: Shutting down and abandoning module ModuleUI (450)
[2018.10.08-00.09.59:653][324]LogModuleManager: Shutting down and abandoning module MovieSceneTools (448)
[2018.10.08-00.09.59:653][324]LogModuleManager: Shutting down and abandoning module OutputLog (446)
[2018.10.08-00.09.59:653][324]LogModuleManager: Shutting down and abandoning module GammaUI (444)
[2018.10.08-00.09.59:654][324]LogModuleManager: Shutting down and abandoning module Documentation (442)
[2018.10.08-00.09.59:654][324]LogModuleManager: Shutting down and abandoning module MovieSceneTracks (440)
[2018.10.08-00.09.59:654][324]LogModuleManager: Shutting down and abandoning module MovieScene (438)
[2018.10.08-00.09.59:654][324]LogModuleManager: Shutting down and abandoning module StreamingPauseRendering (436)
[2018.10.08-00.09.59:654][324]LogModuleManager: Shutting down and abandoning module LauncherPlatform (434)
[2018.10.08-00.09.59:654][324]LogModuleManager: Shutting down and abandoning module AnalyticsET (432)
[2018.10.08-00.09.59:654][324]LogModuleManager: Shutting down and abandoning module PortalServices (430)
[2018.10.08-00.09.59:654][324]LogModuleManager: Shutting down and abandoning module PortalRpc (428)
[2018.10.08-00.09.59:654][324]LogModuleManager: Shutting down and abandoning module MessagingRpc (426)
[2018.10.08-00.09.59:654][324]LogModuleManager: Shutting down and abandoning module AIModule (424)
[2018.10.08-00.09.59:654][324]LogModuleManager: Shutting down and abandoning module GameplayDebugger (423)
[2018.10.08-00.09.59:654][324]LogModuleManager: Shutting down and abandoning module AITestSuite (421)
[2018.10.08-00.09.59:654][324]LogModuleManager: Shutting down and abandoning module NavigationSystem (419)
[2018.10.08-00.09.59:654][324]LogModuleManager: Shutting down and abandoning module DesktopPlatform (416)
[2018.10.08-00.09.59:654][324]LogModuleManager: Shutting down and abandoning module ProfilerService (414)
[2018.10.08-00.09.59:707][324]LogModuleManager: Shutting down and abandoning module TaskGraph (412)
[2018.10.08-00.09.59:707][324]LogModuleManager: Shutting down and abandoning module DatasmithCADImporter (410)
[2018.10.08-00.09.59:708][324]LogModuleManager: Shutting down and abandoning module StaticMeshEditorExtension (408)
[2018.10.08-00.09.59:708][324]LogModuleManager: Shutting down and abandoning module StaticMeshEditor (407)
[2018.10.08-00.09.59:708][324]LogModuleManager: Shutting down and abandoning module AdvancedPreviewScene (406)
[2018.10.08-00.09.59:709][324]LogModuleManager: Shutting down and abandoning module DatasmithMDLImporter (402)
[2018.10.08-00.09.59:711][324]LogModuleManager: Shutting down and abandoning module DatasmithImporter (400)
[2018.10.08-00.09.59:712][324]LogModuleManager: Shutting down and abandoning module SteamVRController (398)
[2018.10.08-00.09.59:712][324]LogModuleManager: Shutting down and abandoning module ProceduralMeshComponentEditor (396)
[2018.10.08-00.09.59:712][324]LogModuleManager: Shutting down and abandoning module ProceduralMeshComponent (394)
[2018.10.08-00.09.59:712][324]LogModuleManager: Shutting down and abandoning module OculusInput (392)
[2018.10.08-00.09.59:712][324]LogModuleManager: Shutting down and abandoning module MobilePatchingUtils (390)
[2018.10.08-00.09.59:712][324]LogModuleManager: Shutting down and abandoning module EditableMesh (388)
[2018.10.08-00.09.59:712][324]LogModuleManager: Shutting down and abandoning module CustomMeshComponent (386)
[2018.10.08-00.09.59:713][324]LogModuleManager: Shutting down and abandoning module CableComponent (384)
[2018.10.08-00.09.59:713][324]LogModuleManager: Shutting down and abandoning module AudioCapture (382)
[2018.10.08-00.09.59:713][324]LogModuleManager: Shutting down and abandoning module ArchVisCharacter (380)
[2018.10.08-00.09.59:713][324]LogModuleManager: Shutting down and abandoning module AndroidPermission (378)
[2018.10.08-00.09.59:713][324]LogModuleManager: Shutting down and abandoning module NUTUnrealEngine4 (376)
[2018.10.08-00.09.59:713][324]LogModuleManager: Shutting down and abandoning module NetcodeUnitTest (374)
[2018.10.08-00.09.59:713][324]LogModuleManager: Shutting down and abandoning module MediaCompositingEditor (372)
[2018.10.08-00.09.59:713][324]LogModuleManager: Shutting down and abandoning module MediaCompositing (370)
[2018.10.08-00.09.59:713][324]LogModuleManager: Shutting down and abandoning module LinearTimecode (368)
[2018.10.08-00.09.59:714][324]LogModuleManager: Shutting down and abandoning module ImgMedia (366)
[2018.10.08-00.09.59:724][324]LogModuleManager: Shutting down and abandoning module HTML5Networking (364)
[2018.10.08-00.09.59:724][324]LogModuleManager: Shutting down and abandoning module GeometryCacheTracks (362)
[2018.10.08-00.09.59:724][324]LogModuleManager: Shutting down and abandoning module GeometryCacheSequencer (360)
[2018.10.08-00.09.59:724][324]LogModuleManager: Shutting down and abandoning module BackChannel (358)
[2018.10.08-00.09.59:724][324]LogModuleManager: Shutting down and abandoning module AppleVision (356)
[2018.10.08-00.09.59:725][324]LogModuleManager: Shutting down and abandoning module AppleImageUtils (354)
[2018.10.08-00.09.59:725][324]LogModuleManager: Shutting down and abandoning module AlembicImporter (352)
[2018.10.08-00.09.59:725][324]LogModuleManager: Shutting down and abandoning module AlembicLibrary (351)
[2018.10.08-00.09.59:725][324]LogModuleManager: Shutting down and abandoning module GeometryCache (350)
[2018.10.08-00.09.59:725][324]LogModuleManager: Shutting down and abandoning module GeometryCacheEd (349)
[2018.10.08-00.09.59:725][324]LogModuleManager: Shutting down and abandoning module DatasmithContentEditor (344)
[2018.10.08-00.09.59:725][324]LogModuleManager: Shutting down and abandoning module DatasmithContent (342)
[2018.10.08-00.09.59:726][324]LogModuleManager: Shutting down and abandoning module SpeedTreeImporter (340)
[2018.10.08-00.09.59:726][324]LogModuleManager: Shutting down and abandoning module PluginBrowser (338)
[2018.10.08-00.09.59:726][324]LogModuleManager: Shutting down and abandoning module MobileLauncherProfileWizard (336)
[2018.10.08-00.09.59:726][324]LogModuleManager: Shutting down and abandoning module PolygonModeling (334)
[2018.10.08-00.09.59:726][324]LogModuleManager: Shutting down and abandoning module MeshEditor (332)
[2018.10.08-00.09.59:727][324]LogModuleManager: Shutting down and abandoning module EditorScriptingUtilities (330)
[2018.10.08-00.09.59:727][324]LogModuleManager: Shutting down and abandoning module CryptoKeysOpenSSL (328)
[2018.10.08-00.09.59:727][324]LogModuleManager: Shutting down and abandoning module CryptoKeys (326)
[2018.10.08-00.09.59:727][324]LogModuleManager: Shutting down and abandoning module VisualStudioSourceCodeAccess (324)
[2018.10.08-00.09.59:727][324]LogModuleManager: Shutting down and abandoning module VisualStudioCodeSourceCodeAccess (322)
[2018.10.08-00.09.59:727][324]LogModuleManager: Shutting down and abandoning module UObjectPlugin (320)
[2018.10.08-00.09.59:727][324]LogModuleManager: Shutting down and abandoning module SubversionSourceControl (318)
[2018.10.08-00.09.59:727][324]LogModuleManager: Shutting down and abandoning module PerforceSourceControl (316)
[2018.10.08-00.09.59:727][324]LogModuleManager: Shutting down and abandoning module GitSourceControl (314)
[2018.10.08-00.09.59:727][324]LogModuleManager: Shutting down and abandoning module SourceControl (313)
[2018.10.08-00.09.59:727][324]LogModuleManager: Shutting down and abandoning module CLionSourceCodeAccess (310)
[2018.10.08-00.09.59:728][324]LogModuleManager: Shutting down and abandoning module LightPropagationVolumeEditor (308)
[2018.10.08-00.09.59:728][324]LogModuleManager: Shutting down and abandoning module PaperTiledImporter (306)
[2018.10.08-00.09.59:728][324]LogModuleManager: Shutting down and abandoning module PaperSpriteSheetImporter (304)
[2018.10.08-00.09.59:728][324]LogModuleManager: Shutting down and abandoning module Paper2DEditor (302)
[2018.10.08-00.09.59:728][324]LogModuleManager: Shutting down and abandoning module MeshPaint (301)
[2018.10.08-00.09.59:728][324]LogModuleManager: Shutting down and abandoning module RuntimePhysXCooking (298)
[2018.10.08-00.09.59:728][324]LogModuleManager: Shutting down and abandoning module PhysXVehiclesEditor (296)
[2018.10.08-00.09.59:728][324]LogModuleManager: Shutting down and abandoning module PhysXVehicles (294)
[2018.10.08-00.09.59:728][324]LogModuleManager: Shutting down and abandoning module OculusEditor (292)
[2018.10.08-00.09.59:729][324]LogModuleManager: Shutting down and abandoning module LocationServicesBPLibrary (290)
[2018.10.08-00.09.59:729][324]LogModuleManager: Shutting down and abandoning module ImmediatePhysicsEditor (288)
[2018.10.08-00.09.59:729][324]LogModuleManager: Shutting down and abandoning module ImmediatePhysics (286)
[2018.10.08-00.09.59:729][324]LogModuleManager: Shutting down and abandoning module ActorSequence (284)
[2018.10.08-00.09.59:729][324]LogModuleManager: Shutting down and abandoning module UdpMessaging (282)
[2018.10.08-00.09.59:830][324]LogModuleManager: Shutting down and abandoning module TcpMessaging (280)
[2018.10.08-00.09.59:932][324]LogModuleManager: Shutting down and abandoning module MagicLeapAudio (278)
[2018.10.08-00.09.59:932][324]LogModuleManager: Shutting down and abandoning module GameplayTagsEditor (276)
[2018.10.08-00.09.59:932][324]LogModuleManager: Shutting down and abandoning module FacialAnimationEditor (274)
[2018.10.08-00.09.59:932][324]LogModuleManager: Shutting down and abandoning module FacialAnimation (272)
[2018.10.08-00.09.59:932][324]LogModuleManager: Shutting down and abandoning module DataValidation (270)
[2018.10.08-00.09.59:932][324]LogModuleManager: Shutting down and abandoning module AssetManagerEditor (268)
[2018.10.08-00.09.59:932][324]LogModuleManager: Shutting down and abandoning module LevelEditor (267)
[2018.10.08-00.09.59:934][324]LogModuleManager: Shutting down and abandoning module PixelInspectorModule (266)
[2018.10.08-00.09.59:934][324]LogModuleManager: Shutting down and abandoning module CommonMenuExtensions (264)
[2018.10.08-00.09.59:935][324]LogModuleManager: Shutting down and abandoning module MainFrame (262)
[2018.10.08-00.09.59:935][324]LogModuleManager: Shutting down and abandoning module HotReload (261)
[2018.10.08-00.09.59:936][324]LogModuleManager: Shutting down and abandoning module ContentBrowser (257)
[2018.10.08-00.09.59:939][324]LogModuleManager: Shutting down and abandoning module TreeMap (255)
[2018.10.08-00.09.59:939][324]LogModuleManager: Shutting down and abandoning module LightPropagationVolumeRuntime (252)
[2018.10.08-00.09.59:939][324]LogModuleManager: Shutting down and abandoning module AISupportModule (250)
[2018.10.08-00.09.59:939][324]LogModuleManager: Shutting down and abandoning module Paper2D (248)
[2018.10.08-00.09.59:939][324]LogModuleManager: Shutting down and abandoning module WindowsMoviePlayer (246)
[2018.10.08-00.09.59:939][324]LogModuleManager: Shutting down and abandoning module WmfMedia (244)
[2018.10.08-00.09.59:944][324]LogModuleManager: Shutting down and abandoning module Media (243)
[2018.10.08-00.09.59:951][324]LogModuleManager: Shutting down and abandoning module PacketHandler (240)
[2018.10.08-00.09.59:951][324]LogModuleManager: Shutting down and abandoning module ClothingSystemEditor (238)
[2018.10.08-00.09.59:951][324]LogModuleManager: Shutting down and abandoning module ClothingSystemRuntime (236)
[2018.10.08-00.09.59:951][324]LogModuleManager: Shutting down and abandoning module MediaAssets (234)
[2018.10.08-00.09.59:952][324]LogModuleManager: Shutting down and abandoning module Overlay (232)
[2018.10.08-00.09.59:952][324]LogModuleManager: Shutting down and abandoning module OverlayEditor (231)
[2018.10.08-00.09.59:952][324]LogModuleManager: Shutting down and abandoning module VREditor (228)
[2018.10.08-00.09.59:952][324]LogModuleManager: Shutting down and abandoning module StringTableEditor (226)
[2018.10.08-00.09.59:952][324]LogModuleManager: Shutting down and abandoning module GameplayTasksEditor (224)
[2018.10.08-00.09.59:952][324]LogModuleManager: Shutting down and abandoning module BehaviorTreeEditor (222)
[2018.10.08-00.09.59:952][324]LogModuleManager: Shutting down and abandoning module FunctionalTesting (220)
[2018.10.08-00.09.59:952][324]LogModuleManager: Shutting down and abandoning module CollisionAnalyzer (218)
[2018.10.08-00.09.59:952][324]LogModuleManager: Shutting down and abandoning module WorkspaceMenuStructure (217)
[2018.10.08-00.09.59:952][324]LogModuleManager: Shutting down and abandoning module UMG (214)
[2018.10.08-00.09.59:952][324]LogModuleManager: Shutting down and abandoning module UMGEditor (213)
[2018.10.08-00.09.59:953][324]LogModuleManager: Shutting down and abandoning module Sequencer (212)
[2018.10.08-00.09.59:953][324]LogModuleManager: Shutting down and abandoning module MessageLog (209)
[2018.10.08-00.09.59:953][324]LogModuleManager: Shutting down and abandoning module SlateReflector (204)
[2018.10.08-00.09.59:953][324]LogModuleManager: Shutting down and abandoning module Slate (202)
[2018.10.08-00.09.59:953][324]LogModuleManager: Shutting down and abandoning module EditorStyle (200)
[2018.10.08-00.09.59:958][324]LogModuleManager: Shutting down and abandoning module MRMesh (198)
[2018.10.08-00.09.59:958][324]LogModuleManager: Shutting down and abandoning module SourceCodeAccess (196)
[2018.10.08-00.09.59:958][324]LogModuleManager: Shutting down and abandoning module HeadMountedDisplay (194)
[2018.10.08-00.09.59:959][324]LogModuleManager: Shutting down and abandoning module XAudio2 (192)
[2018.10.08-00.09.59:959][324]LogModuleManager: Shutting down and abandoning module Networking (190)
[2018.10.08-00.09.59:959][324]LogModuleManager: Shutting down and abandoning module Core (188)
[2018.10.08-00.09.59:959][324]LogModuleManager: Shutting down and abandoning module LevelSequence (186)
[2018.10.08-00.09.59:959][324]LogModuleManager: Shutting down and abandoning module KismetCompiler (184)
[2018.10.08-00.09.59:959][324]LogModuleManager: Shutting down and abandoning module MeshUtilities (182)
[2018.10.08-00.09.59:959][324]LogModuleManager: Shutting down and abandoning module MeshMergeUtilities (181)
[2018.10.08-00.09.59:959][324]LogModuleManager: Shutting down and abandoning module MeshReductionInterface (180)
[2018.10.08-00.09.59:959][324]LogModuleManager: Shutting down and abandoning module SimplygonSwarm (179)
[2018.10.08-00.09.59:959][324]LogModuleManager: Shutting down and abandoning module ProxyLODMeshReduction (177)
[2018.10.08-00.09.59:959][324]LogModuleManager: Shutting down and abandoning module SimplygonMeshReduction (175)
[2018.10.08-00.09.59:959][324]LogModuleManager: Shutting down and abandoning module QuadricMeshReduction (173)
[2018.10.08-00.09.59:959][324]LogModuleManager: Shutting down and abandoning module MaterialBaking (169)
[2018.10.08-00.09.59:959][324]LogModuleManager: Shutting down and abandoning module DirectoryWatcher (165)
[2018.10.08-00.09.59:960][324]LogModuleManager: Shutting down and abandoning module DerivedDataCache (162)
[2018.10.08-00.10.00:047][324]LogDerivedDataCache: Shutdown
[2018.10.08-00.10.00:047][324]LogModuleManager: Shutting down and abandoning module XGEController (160)
[2018.10.08-00.10.00:047][324]LogModuleManager: Shutting down and abandoning module TargetPlatform (158)
[2018.10.08-00.10.00:047][324]LogModuleManager: Shutting down and abandoning module VulkanShaderFormat (157)
[2018.10.08-00.10.00:047][324]LogModuleManager: Shutting down and abandoning module ShaderFormatVectorVM (155)
[2018.10.08-00.10.00:047][324]LogModuleManager: Shutting down and abandoning module ShaderFormatOpenGL (153)
[2018.10.08-00.10.00:047][324]LogModuleManager: Shutting down and abandoning module ShaderFormatD3D (151)
[2018.10.08-00.10.00:047][324]LogModuleManager: Shutting down and abandoning module MetalShaderFormat (149)
[2018.10.08-00.10.00:047][324]LogModuleManager: Shutting down and abandoning module TextureFormatUncompressed (147)
[2018.10.08-00.10.00:048][324]LogModuleManager: Shutting down and abandoning module TextureFormatPVR (145)
[2018.10.08-00.10.00:048][324]LogModuleManager: Shutting down and abandoning module TextureFormatDXT (143)
[2018.10.08-00.10.00:048][324]LogModuleManager: Shutting down and abandoning module TextureFormatIntelISPCTexComp (141)
[2018.10.08-00.10.00:048][324]LogModuleManager: Shutting down and abandoning module TextureFormatASTC (139)
[2018.10.08-00.10.00:048][324]LogModuleManager: Shutting down and abandoning module ImageWrapper (138)
[2018.10.08-00.10.00:048][324]LogModuleManager: Shutting down and abandoning module TextureFormatAndroid (135)
[2018.10.08-00.10.00:048][324]LogModuleManager: Shutting down and abandoning module AudioFormatOpus (133)
[2018.10.08-00.10.00:048][324]LogModuleManager: Shutting down and abandoning module AudioFormatOgg (131)
[2018.10.08-00.10.00:048][324]LogModuleManager: Shutting down and abandoning module AudioFormatADPCM (129)
[2018.10.08-00.10.00:048][324]LogModuleManager: Shutting down and abandoning module LuminTargetPlatform (127)
[2018.10.08-00.10.00:048][324]LogModuleManager: Shutting down and abandoning module LinuxTargetPlatform (125)
[2018.10.08-00.10.00:048][324]LogModuleManager: Shutting down and abandoning module LinuxServerTargetPlatform (123)
[2018.10.08-00.10.00:049][324]LogModuleManager: Shutting down and abandoning module LinuxNoEditorTargetPlatform (121)
[2018.10.08-00.10.00:049][324]LogModuleManager: Shutting down and abandoning module LinuxClientTargetPlatform (119)
[2018.10.08-00.10.00:049][324]LogModuleManager: Shutting down and abandoning module TVOSTargetPlatform (117)
[2018.10.08-00.10.00:050][324]LogModuleManager: Shutting down and abandoning module Messaging (115)
[2018.10.08-00.10.00:050][324]LogModuleManager: Shutting down and abandoning module IOSTargetPlatform (113)
[2018.10.08-00.10.00:051][324]LogModuleManager: Shutting down and abandoning module HTML5TargetPlatform (111)
[2018.10.08-00.10.00:051][324]LogModuleManager: Shutting down and abandoning module AndroidTargetPlatform (109)
[2018.10.08-00.10.00:059][324]LogModuleManager: Shutting down and abandoning module WindowsTargetPlatform (107)
[2018.10.08-00.10.00:059][324]LogModuleManager: Shutting down and abandoning module WindowsServerTargetPlatform (105)
[2018.10.08-00.10.00:059][324]LogModuleManager: Shutting down and abandoning module WindowsNoEditorTargetPlatform (103)
[2018.10.08-00.10.00:059][324]LogModuleManager: Shutting down and abandoning module WindowsClientTargetPlatform (101)
[2018.10.08-00.10.00:059][324]LogModuleManager: Shutting down and abandoning module MacTargetPlatform (99)
[2018.10.08-00.10.00:059][324]LogModuleManager: Shutting down and abandoning module MacServerTargetPlatform (97)
[2018.10.08-00.10.00:059][324]LogModuleManager: Shutting down and abandoning module MacNoEditorTargetPlatform (95)
[2018.10.08-00.10.00:059][324]LogModuleManager: Shutting down and abandoning module MacClientTargetPlatform (93)
[2018.10.08-00.10.00:059][324]LogModuleManager: Shutting down and abandoning module AllDesktopTargetPlatform (91)
[2018.10.08-00.10.00:060][324]LogModuleManager: Shutting down and abandoning module InputCore (88)
[2018.10.08-00.10.00:060][324]LogModuleManager: Shutting down and abandoning module Settings (86)
[2018.10.08-00.10.00:060][324]LogModuleManager: Shutting down and abandoning module PhysXCooking (84)
[2018.10.08-00.10.00:060][324]LogModuleManager: Shutting down and abandoning module SteamVR (82)
[2018.10.08-00.10.00:060][324]LogModuleManager: Shutting down and abandoning module OculusHMD (80)
[2018.10.08-00.10.00:060][324]LogModuleManager: Shutting down and abandoning module ExampleDeviceProfileSelector (78)
[2018.10.08-00.10.00:060][324]LogModuleManager: Shutting down and abandoning module LauncherChunkInstaller (76)
[2018.10.08-00.10.00:060][324]LogModuleManager: Shutting down and abandoning module OnlineBlueprintSupport (74)
[2018.10.08-00.10.00:060][324]LogModuleManager: Shutting down and abandoning module OnlineSubsystem (70)
[2018.10.08-00.10.00:061][324]LogModuleManager: Shutting down and abandoning module XMPP (65)
[2018.10.08-00.10.00:061][324]LogModuleManager: Shutting down and abandoning module WebSockets (64)
[2018.10.08-00.10.00:074][324]LogModuleManager: Shutting down and abandoning module HTTP (61)
[2018.10.08-00.10.00:074][324]LogHttp: Display: Http module shutting down, but needs to wait on 1 outstanding Http requests:
[2018.10.08-00.10.00:074][324]LogHttp: Display: 	verb=[POST] url=[https://datarouter.ol.epicgames.com/datarouter/api/v1/public/data?SessionID=%7BD8879178-46D8-58F6-8B3E-2D9ABBB191D4%7D&AppID=UEEditor.Rocket.Release&AppVersion=4.20.2-4302132%2B%2B%2BUE4%2BRelease-4.20&UserID=b5eee6fd48f303e37d16bfa98f6e1439%7C3564c046aec644b4aa644a71f9ece626%7C8f7ca108-0e80-45bf-b167-f38aa5d91da3&AppEnvironment=datacollector-binary&UploadType=eteventstream] status=Processing
[2018.10.08-00.10.00:105][324]LogModuleManager: Shutting down and abandoning module SSL (60)
[2018.10.08-00.10.00:106][324]LogModuleManager: Shutting down and abandoning module MagicLeapEmulator (56)
[2018.10.08-00.10.00:106][324]LogModuleManager: Shutting down and abandoning module MagicLeapPrivileges (54)
[2018.10.08-00.10.00:106][324]LogModuleManager: Shutting down and abandoning module MagicLeapIdentity (52)
[2018.10.08-00.10.00:106][324]LogModuleManager: Shutting down and abandoning module MagicLeapHelperVulkan (50)
[2018.10.08-00.10.00:106][324]LogModuleManager: Shutting down and abandoning module MagicLeapHelperOpenGL (48)
[2018.10.08-00.10.00:106][324]LogModuleManager: Shutting down and abandoning module MagicLeapSecureStorage (46)
[2018.10.08-00.10.00:106][324]LogModuleManager: Shutting down and abandoning module MagicLeapGestures (44)
[2018.10.08-00.10.00:106][324]LogModuleManager: Shutting down and abandoning module MagicLeapEyeTracker (42)
[2018.10.08-00.10.00:106][324]LogModuleManager: Shutting down and abandoning module MagicLeapController (40)
[2018.10.08-00.10.00:106][324]LogSlate: Slate User Destroyed.  User Index 0, Is Virtual User: 0
[2018.10.08-00.10.00:106][324]LogModuleManager: Shutting down and abandoning module MagicLeap (38)
[2018.10.08-00.10.00:106][324]LogModuleManager: Shutting down and abandoning module AnimationModifiers (36)
[2018.10.08-00.10.00:106][324]LogModuleManager: Shutting down and abandoning module PropertyEditor (35)
[2018.10.08-00.10.00:106][324]LogModuleManager: Shutting down and abandoning module AudioEditor (32)
[2018.10.08-00.10.00:106][324]LogModuleManager: Shutting down and abandoning module TextureCompressor (30)
[2018.10.08-00.10.00:106][324]LogModuleManager: Shutting down and abandoning module ShaderCore (28)
[2018.10.08-00.10.00:106][324]LogModuleManager: Shutting down and abandoning module Landscape (26)
[2018.10.08-00.10.00:106][324]LogModuleManager: Shutting down and abandoning module SlateRHIRenderer (24)
[2018.10.08-00.10.00:106][324]LogModuleManager: Shutting down and abandoning module OpenGLDrv (22)
[2018.10.08-00.10.00:106][324]LogModuleManager: Shutting down and abandoning module D3D11RHI (20)
[2018.10.08-00.10.00:106][324]LogModuleManager: Shutting down and abandoning module AnimGraphRuntime (18)
[2018.10.08-00.10.00:106][324]LogModuleManager: Shutting down and abandoning module Renderer (16)
[2018.10.08-00.10.00:106][324]LogModuleManager: Shutting down and abandoning module Engine (14)
[2018.10.08-00.10.00:107][324]LogModuleManager: Shutting down and abandoning module CoreUObject (12)
[2018.10.08-00.10.00:107][324]LogModuleManager: Shutting down and abandoning module NetworkFile (10)
[2018.10.08-00.10.00:107][324]LogModuleManager: Shutting down and abandoning module CookedIterativeFile (8)
[2018.10.08-00.10.00:107][324]LogModuleManager: Shutting down and abandoning module StreamingFile (6)
[2018.10.08-00.10.00:107][324]LogModuleManager: Shutting down and abandoning module SandboxFile (4)
[2018.10.08-00.10.00:107][324]LogModuleManager: Shutting down and abandoning module PakFile (2)
[2018.10.08-00.10.00:113][324]LogExit: Exiting.
[2018.10.08-00.10.00:134][324]Log file closed, 10/08/18 11:10:00
