Log file open, 09/17/18 11:41:28
LogWindows: Failed to load 'aqProf.dll' (GetLastError=126)
LogWindows: File 'aqProf.dll' does not exist
LogWindows: Failed to load 'VSPerf140.dll' (GetLastError=126)
LogWindows: File 'VSPerf140.dll' does not exist
LogWindows: Failed to load 'VtuneApi.dll' (GetLastError=126)
LogWindows: File 'VtuneApi.dll' does not exist
LogWindows: Failed to load 'VtuneApi32e.dll' (GetLastError=126)
LogWindows: File 'VtuneApi32e.dll' does not exist
LogInit: Display: Running engine for game: ThirdPersonShooter
LogPlatformFile: Not using cached read wrapper
LogTaskGraph: Started task graph with 5 named threads and 23 total threads with 3 sets of task threads.
LogStats: Stats thread started at 0.270712
LogD3D11RHI: Loaded GFSDK_Aftermath_Lib.x64.dll
LogICUInternationalization: Display: ICU TimeZone Detection - Raw Offset: +10:00, Platform Override: ''
LogPluginManager: Mounting plugin Paper2D
LogPluginManager: Mounting plugin AISupport
LogPluginManager: Mounting plugin LightPropagationVolume
LogPluginManager: Mounting plugin CLionSourceCodeAccess
LogPluginManager: Mounting plugin CodeLiteSourceCodeAccess
LogPluginManager: Mounting plugin GitSourceControl
LogPluginManager: Mounting plugin KDevelopSourceCodeAccess
LogPluginManager: Mounting plugin NullSourceCodeAccess
LogPluginManager: Mounting plugin PerforceSourceControl
LogPluginManager: Mounting plugin SubversionSourceControl
LogPluginManager: Mounting plugin UObjectPlugin
LogPluginManager: Mounting plugin VisualStudioCodeSourceCodeAccess
LogPluginManager: Mounting plugin VisualStudioSourceCodeAccess
LogPluginManager: Mounting plugin XCodeSourceCodeAccess
LogPluginManager: Mounting plugin AssetManagerEditor
LogPluginManager: Mounting plugin CryptoKeys
LogPluginManager: Mounting plugin DataValidation
LogPluginManager: Mounting plugin EditorScriptingUtilities
LogPluginManager: Mounting plugin FacialAnimation
LogPluginManager: Mounting plugin GameplayTagsEditor
LogPluginManager: Mounting plugin MacGraphicsSwitching
LogPluginManager: Mounting plugin MeshEditor
LogPluginManager: Mounting plugin MobileLauncherProfileWizard
LogPluginManager: Mounting plugin PluginBrowser
LogPluginManager: Mounting plugin SpeedTreeImporter
LogPluginManager: Mounting plugin DatasmithContent
LogPluginManager: Mounting plugin AlembicImporter
LogPluginManager: Mounting plugin AppleImageUtils
LogPluginManager: Mounting plugin AppleVision
LogPluginManager: Mounting plugin BackChannel
LogPluginManager: Mounting plugin CharacterAI
LogPluginManager: Mounting plugin GeometryCache
LogPluginManager: Mounting plugin HTML5Networking
LogPluginManager: Mounting plugin ProxyLODPlugin
LogPluginManager: Mounting plugin MagicLeap
LogPluginManager: Mounting plugin MagicLeapEmulator
LogPluginManager: Mounting plugin MagicLeapMedia
LogPluginManager: Mounting plugin AndroidMedia
LogPluginManager: Mounting plugin AvfMedia
LogPluginManager: Mounting plugin ImgMedia
LogPluginManager: Mounting plugin LinearTimecode
LogPluginManager: Mounting plugin MediaCompositing
LogPluginManager: Mounting plugin MediaPlayerEditor
LogPluginManager: Mounting plugin WmfMedia
LogPluginManager: Mounting plugin TcpMessaging
LogPluginManager: Mounting plugin UdpMessaging
LogPluginManager: Mounting plugin ActorSequence
LogPluginManager: Mounting plugin LevelSequenceEditor
LogPluginManager: Mounting plugin MatineeToLevelSequence
LogPluginManager: Mounting plugin NetcodeUnitTest
LogPluginManager: Mounting plugin NUTUnrealEngine4
LogPluginManager: Mounting plugin OnlineSubsystemGooglePlay
LogPluginManager: Mounting plugin OnlineSubsystemIOS
LogPluginManager: Mounting plugin OnlineSubsystem
LogPluginManager: Mounting plugin OnlineSubsystemNull
LogPluginManager: Mounting plugin OnlineSubsystemUtils
LogPluginManager: Mounting plugin LauncherChunkInstaller
LogPluginManager: Mounting plugin AndroidDeviceProfileSelector
LogPluginManager: Mounting plugin AndroidMoviePlayer
LogPluginManager: Mounting plugin AndroidPermission
LogPluginManager: Mounting plugin AppleMoviePlayer
LogPluginManager: Mounting plugin ArchVisCharacter
LogPluginManager: Mounting plugin AudioCapture
LogPluginManager: Mounting plugin CableComponent
LogPluginManager: Mounting plugin CustomMeshComponent
LogPluginManager: Mounting plugin EditableMesh
LogPluginManager: Mounting plugin ExampleDeviceProfileSelector
LogPluginManager: Mounting plugin GoogleCloudMessaging
LogPluginManager: Mounting plugin ImmediatePhysics
LogPluginManager: Mounting plugin IOSDeviceProfileSelector
LogPluginManager: Mounting plugin LinuxDeviceProfileSelector
LogPluginManager: Mounting plugin LocationServicesBPLibrary
LogPluginManager: Mounting plugin MobilePatchingUtils
LogPluginManager: Mounting plugin OculusVR
LogPluginManager: Plugin shader directory ../../../Engine/Plugins/Runtime/Oculus/OculusVR/Shaders found
LogPluginManager: Mapping shader source directory ../../../Engine/Plugins/Runtime/Oculus/OculusVR/Shaders to virtual directory /Plugin/OculusVR
LogPluginManager: Mounting plugin PhysXVehicles
LogPluginManager: Mounting plugin ProceduralMeshComponent
LogPluginManager: Mounting plugin RuntimePhysXCooking
LogPluginManager: Mounting plugin SteamVR
LogPluginManager: Mounting plugin WindowsMoviePlayer
LogPluginManager: Mounting plugin DatasmithCADImporter
LogPluginManager: Mounting plugin DatasmithFBXImporter
LogPluginManager: Mounting plugin DatasmithImporter
LogPluginManager: Mounting plugin DatasmithMDLImporter
LogPluginManager: Mounting plugin StaticMeshEditorExtension
LogStreaming: Display: Took  0.093s to configure plugins.
LogInit: Using libcurl 7.55.1-DEV
LogInit:  - built for x86_64-pc-win32
LogInit:  - supports SSL with OpenSSL/1.0.2h
LogInit:  - supports HTTP deflate (compression) using libz 1.2.8
LogInit:  - other features:
LogInit:      CURL_VERSION_SSL
LogInit:      CURL_VERSION_LIBZ
LogInit:      CURL_VERSION_IPV6
LogInit:      CURL_VERSION_ASYNCHDNS
LogInit:      CURL_VERSION_LARGEFILE
LogInit:      CURL_VERSION_IDN
LogInit:  CurlRequestOptions (configurable via config and command line):
LogInit:  - bVerifyPeer = false  - Libcurl will NOT verify peer certificate
LogInit:  - bUseHttpProxy = false  - Libcurl will NOT use HTTP proxy
LogInit:  - bDontReuseConnections = false  - Libcurl will reuse connections
LogInit:  - CertBundlePath = nullptr  - Libcurl will use whatever was configured at build time.
LogInit:  - MaxHostConnections = 16  - Libcurl will limit the number of connections to a host
LogInit:  - LocalHostAddr = Default
LogInit:  - BufferSize = 65536
LogInit: WinSock: version 1.1 (2.2), MaxSocks=32767, MaxUdp=65467
LogHMD: Failed initializing OVRPlugin 1.25.0
LogInit: Build: ++UE4+Release-4.20-CL-4302132
LogInit: Engine Version: 4.20.2-4302132+++UE4+Release-4.20
LogInit: Compatible Engine Version: 4.20.0-4212847+++UE4+Release-4.20
LogInit: Net CL: 4212847
LogInit: OS: Windows 10 (), CPU: Intel(R) Core(TM) i7-6700 CPU @ 3.40GHz, GPU: NVIDIA GeForce GTX 980
LogInit: Compiled (64-bit): Aug 21 2018 02:06:06
LogInit: Compiled with Visual C++: 19.13.26129.00
LogInit: Build Configuration: Development
LogInit: Branch Name: ++UE4+Release-4.20
LogInit: Command Line: -EpicPortal 
LogInit: Base Directory: C:/Program Files/Epic Games/UE_4.20/Engine/Binaries/Win64/
LogInit: Installed Engine Build: 1
LogDevObjectVersion: Number of dev versions registered: 20
LogDevObjectVersion:   Dev-Blueprints (B0D832E4-1F89-4F0D-ACCF-7EB736FD4AA2): 10
LogDevObjectVersion:   Dev-Build (E1C64328-A22C-4D53-A36C-8E866417BD8C): 0
LogDevObjectVersion:   Dev-Core (375EC13C-06E4-48FB-B500-84F0262A717E): 2
LogDevObjectVersion:   Dev-Editor (E4B068ED-F494-42E9-A231-DA0B2E46BB41): 24
LogDevObjectVersion:   Dev-Framework (CFFC743F-43B0-4480-9391-14DF171D2073): 34
LogDevObjectVersion:   Dev-Mobile (B02B49B5-BB20-44E9-A304-32B752E40360): 2
LogDevObjectVersion:   Dev-Networking (A4E4105C-59A1-49B5-A7C5-40C4547EDFEE): 0
LogDevObjectVersion:   Dev-Online (39C831C9-5AE6-47DC-9A44-9C173E1C8E7C): 0
LogDevObjectVersion:   Dev-Physics (78F01B33-EBEA-4F98-B9B4-84EACCB95AA2): 0
LogDevObjectVersion:   Dev-Platform (6631380F-2D4D-43E0-8009-CF276956A95A): 0
LogDevObjectVersion:   Dev-Rendering (12F88B9F-8875-4AFC-A67C-D90C383ABD29): 26
LogDevObjectVersion:   Dev-Sequencer (7B5AE74C-D270-4C10-A958-57980B212A5A): 9
LogDevObjectVersion:   Dev-VR (D7296918-1DD6-4BDD-9DE2-64A83CC13884): 2
LogDevObjectVersion:   Dev-LoadTimes (C2A15278-BFE7-4AFE-6C17-90FF531DF755): 1
LogDevObjectVersion:   Private-Geometry (6EACA3D4-40EC-4CC1-B786-8BED09428FC5): 3
LogDevObjectVersion:   Dev-AnimPhys (29E575DD-E0A3-4627-9D10-D276232CDCEA): 17
LogDevObjectVersion:   Dev-ReflectionCapture (6B266CEC-1EC7-4B8F-A30B-E4D90942FC07): 1
LogDevObjectVersion:   Dev-Automation (0DF73D61-A23F-47EA-B727-89E90C41499A): 1
LogDevObjectVersion:   FortniteMain (601D1886-AC64-4F84-AA16-D3DE0DEAC7D6): 12
LogDevObjectVersion:   Dev-Enterprise (9DFFBCD6-494F-0158-E221-12823C92A888): 1
LogStreaming: Display: Took  0.000s to delete old logs.
LogInit: Presizing for max 8388607 objects, including 0 objects not considered by GC, pre-allocating 0 bytes for permanent pool.
LogInit: Object subsystem initialized
[2018.09.17-01.41.29:748][  0]LogInit: Selected Device Profile: [Windows]
[2018.09.17-01.41.29:748][  0]LogInit: Applying CVar settings loaded from the selected device profile: [Windows]
[2018.09.17-01.41.29:760][  0]LogHAL: Display: Platform has ~ 32 GB [34267594752 / 34359738368 / 32], which maps to Largest [LargestMinGB=32, LargerMinGB=12, DefaultMinGB=8, SmallerMinGB=6, SmallestMinGB=0)
[2018.09.17-01.41.29:760][  0]LogInit: Setting Device Profile CVar: [[r.Vulkan.UseRealUBs:1]]
[2018.09.17-01.41.29:760][  0]LogInit: Going up to parent DeviceProfile []
[2018.09.17-01.41.29:760][  0]LogInit: Computer: SYD-TEST-GAMES
[2018.09.17-01.41.29:760][  0]LogInit: User: sae
[2018.09.17-01.41.29:760][  0]LogInit: CPU Page size=4096, Cores=4
[2018.09.17-01.41.29:760][  0]LogInit: High frequency timer resolution =3.328119 MHz
[2018.09.17-01.41.29:760][  0]LogMemory: Memory total: Physical=31.9GB (32GB approx)
[2018.09.17-01.41.29:760][  0]LogMemory: Platform Memory Stats for Windows
[2018.09.17-01.41.29:760][  0]LogMemory: Process Physical Memory: 102.52 MB used, 102.52 MB peak
[2018.09.17-01.41.29:760][  0]LogMemory: Process Virtual Memory: 92.42 MB used, 92.42 MB peak
[2018.09.17-01.41.29:760][  0]LogMemory: Physical Memory: 5651.23 MB used,  27028.89 MB free, 32680.13 MB total
[2018.09.17-01.41.29:760][  0]LogMemory: Virtual Memory: 4653.41 MB used,  27028.89 MB free, 134217728.00 MB total
[2018.09.17-01.41.29:772][  0]LogInit: Using OS detected language (en-US).
[2018.09.17-01.41.29:772][  0]LogInit: Using OS detected locale (en-AU).
[2018.09.17-01.41.29:772][  0]LogTextLocalizationManager: No specific localization for 'en-US' exists, so the 'en' localization will be used.
[2018.09.17-01.41.30:092][  0]LogStreaming: Display: Took  0.320s to InitEngineTextLocalization.
[2018.09.17-01.41.30:092][  0]LogInit: Setting process to per monitor DPI aware
[2018.09.17-01.41.30:122][  0]LogSlate: New Slate User Created.  User Index 0, Is Virtual User: 0
[2018.09.17-01.41.30:122][  0]LogSlate: Slate User Registered.  User Index 0, Is Virtual User: 0
[2018.09.17-01.41.30:271][  0]LogHMD: Failed to initialize OpenVR with code 110
[2018.09.17-01.41.30:271][  0]LogD3D11RHI: D3D11 adapters:
[2018.09.17-01.41.30:319][  0]LogD3D11RHI:    0. 'NVIDIA GeForce GTX 980' (Feature Level 11_0)
[2018.09.17-01.41.30:319][  0]LogD3D11RHI:       4053/0/16340 MB DedicatedVideo/DedicatedSystem/SharedSystem, Outputs:1, VendorId:0x10de
[2018.09.17-01.41.30:321][  0]LogD3D11RHI:    1. 'Microsoft Basic Render Driver' (Feature Level 11_0)
[2018.09.17-01.41.30:321][  0]LogD3D11RHI:       0/0/16340 MB DedicatedVideo/DedicatedSystem/SharedSystem, Outputs:0, VendorId:0x1414
[2018.09.17-01.41.30:321][  0]LogD3D11RHI: Chosen D3D11 Adapter: 0
[2018.09.17-01.41.30:325][  0]LogD3D11RHI: Creating new Direct3DDevice
[2018.09.17-01.41.30:325][  0]LogD3D11RHI:     GPU DeviceId: 0x13c0 (for the marketing name, search the web for "GPU Device Id")
[2018.09.17-01.41.30:325][  0]LogWindows: EnumDisplayDevices:
[2018.09.17-01.41.30:325][  0]LogWindows:    0. 'NVIDIA GeForce GTX 980' (P:1 D:1)
[2018.09.17-01.41.30:325][  0]LogWindows:    1. 'NVIDIA GeForce GTX 980' (P:0 D:0)
[2018.09.17-01.41.30:325][  0]LogWindows:    2. 'NVIDIA GeForce GTX 980' (P:0 D:0)
[2018.09.17-01.41.30:325][  0]LogWindows:    3. 'NVIDIA GeForce GTX 980' (P:0 D:0)
[2018.09.17-01.41.30:325][  0]LogWindows: DebugString: FoundDriverCount:4 
[2018.09.17-01.41.30:325][  0]LogD3D11RHI:     Adapter Name: NVIDIA GeForce GTX 980
[2018.09.17-01.41.30:325][  0]LogD3D11RHI:   Driver Version: 398.82 (internal:24.21.13.9882, unified:398.82)
[2018.09.17-01.41.30:325][  0]LogD3D11RHI:      Driver Date: 7-30-2018
[2018.09.17-01.41.30:325][  0]LogRHI: Texture pool is 2837 MB (70% of 4053 MB)
[2018.09.17-01.41.30:355][  0]LogD3D11RHI: Async texture creation enabled
[2018.09.17-01.41.30:371][  0]LogD3D11RHI: GPU Timing Frequency: 1000.000000 (Debug: 2 2)
[2018.09.17-01.41.30:420][  0]LogShaderCompilers: Guid format shader working directory is -49 characters bigger than the processId version (../../../../../../Users/sae/Desktop/Github/GPG210-Prototypes/FPSPrototype/ThirdPersonShooter/Intermediate/Shaders/WorkingDirectory/22844/).
[2018.09.17-01.41.30:420][  0]LogShaderCompilers: Cleaned the shader compiler working directory 'C:/Users/sae/AppData/Local/Temp/UnrealShaderWorkingDir/5E6CDA7A48440C9F24FC1CBAE493AB9A/'.
[2018.09.17-01.41.30:657][  0]LogTemp: Display: Loaded TP AllDesktopTargetPlatform
[2018.09.17-01.41.30:672][  0]LogTemp: Display: Loaded TP MacClientTargetPlatform
[2018.09.17-01.41.30:686][  0]LogTemp: Display: Loaded TP MacNoEditorTargetPlatform
[2018.09.17-01.41.30:703][  0]LogTemp: Display: Loaded TP MacServerTargetPlatform
[2018.09.17-01.41.30:714][  0]LogTemp: Display: Loaded TP MacTargetPlatform
[2018.09.17-01.41.30:726][  0]LogTemp: Display: Loaded TP WindowsClientTargetPlatform
[2018.09.17-01.41.30:738][  0]LogTemp: Display: Loaded TP WindowsNoEditorTargetPlatform
[2018.09.17-01.41.30:749][  0]LogTemp: Display: Loaded TP WindowsServerTargetPlatform
[2018.09.17-01.41.30:754][  0]LogTemp: Display: Loaded TP WindowsTargetPlatform
[2018.09.17-01.41.30:823][  0]LogTemp: Display: Loaded TP AndroidTargetPlatform
[2018.09.17-01.41.30:823][  0]LogTemp: Display: Loaded TP AndroidTargetPlatform
[2018.09.17-01.41.30:823][  0]LogTemp: Display: Loaded TP AndroidTargetPlatform
[2018.09.17-01.41.30:823][  0]LogTemp: Display: Loaded TP AndroidTargetPlatform
[2018.09.17-01.41.30:823][  0]LogTemp: Display: Loaded TP AndroidTargetPlatform
[2018.09.17-01.41.30:823][  0]LogTemp: Display: Loaded TP AndroidTargetPlatform
[2018.09.17-01.41.30:823][  0]LogTemp: Display: Loaded TP AndroidTargetPlatform
[2018.09.17-01.41.30:823][  0]LogTemp: Display: Loaded TP AndroidTargetPlatform
[2018.09.17-01.41.30:823][  0]LogTemp: Display: Loaded TP AndroidTargetPlatform
[2018.09.17-01.41.30:823][  0]LogTemp: Display: Loaded TP AndroidTargetPlatform
[2018.09.17-01.41.30:823][  0]LogTemp: Display: Loaded TP AndroidTargetPlatform
[2018.09.17-01.41.30:823][  0]LogTemp: Display: Loaded TP AndroidTargetPlatform
[2018.09.17-01.41.30:823][  0]LogTemp: Display: Loaded TP AndroidTargetPlatform
[2018.09.17-01.41.30:823][  0]LogTemp: Display: Loaded TP AndroidTargetPlatform
[2018.09.17-01.41.30:823][  0]LogTemp: Display: Loaded TP AndroidTargetPlatform
[2018.09.17-01.41.30:823][  0]LogTemp: Display: Loaded TP AndroidTargetPlatform
[2018.09.17-01.41.30:823][  0]LogTemp: Display: Loaded TP AndroidTargetPlatform
[2018.09.17-01.41.30:823][  0]LogTemp: Display: Loaded TP AndroidTargetPlatform
[2018.09.17-01.41.30:824][  0]LogTemp: Display: Loaded TP HTML5TargetPlatform
[2018.09.17-01.41.30:879][  0]LogTemp: Display: Loaded TP IOSTargetPlatform
[2018.09.17-01.41.30:879][  0]LogTemp: Display: Loaded TP IOSTargetPlatform
[2018.09.17-01.41.30:899][  0]LogTemp: Display: Loaded TP TVOSTargetPlatform
[2018.09.17-01.41.30:899][  0]LogTemp: Display: Loaded TP TVOSTargetPlatform
[2018.09.17-01.41.30:910][  0]LogTemp: Display: Loaded TP LinuxClientTargetPlatform
[2018.09.17-01.41.30:920][  0]LogTemp: Display: Loaded TP LinuxNoEditorTargetPlatform
[2018.09.17-01.41.30:930][  0]LogTemp: Display: Loaded TP LinuxServerTargetPlatform
[2018.09.17-01.41.30:941][  0]LogTemp: Display: Loaded TP LinuxTargetPlatform
[2018.09.17-01.41.30:949][  0]LogTemp: Display: Loaded TP LuminTargetPlatform
[2018.09.17-01.41.30:949][  0]LogTargetPlatformManager: Display: Building Assets For Windows
[2018.09.17-01.41.30:990][  0]LogXGEController: Cannot use XGE Controller as Incredibuild is not installed on this machine.
[2018.09.17-01.41.30:990][  0]LogShaderCompilers: Cannot use XGE Shader Compiler as Incredibuild is not installed on this machine.
[2018.09.17-01.41.30:990][  0]LogShaderCompilers: Display: Using Local Shader Compiler.
[2018.09.17-01.41.31:608][  0]LogDerivedDataCache: Display: Max Cache Size: 512 MB
[2018.09.17-01.41.31:664][  0]LogDerivedDataCache: Loaded boot cache 0.06s 72MB C:/Users/sae/AppData/Local/UnrealEngine/4.20/DerivedDataCache/Boot.ddc.
[2018.09.17-01.41.31:664][  0]LogDerivedDataCache: Display: Loaded Boot cache: C:/Users/sae/AppData/Local/UnrealEngine/4.20/DerivedDataCache/Boot.ddc
[2018.09.17-01.41.31:665][  0]LogDerivedDataCache: FDerivedDataBackendGraph:  Pak pak cache file ../../../../../../Users/sae/Desktop/Github/GPG210-Prototypes/FPSPrototype/ThirdPersonShooter/DerivedDataCache/DDC.ddp not found, will not use a pak cache.
[2018.09.17-01.41.31:665][  0]LogDerivedDataCache: Unable to find inner node Pak for hierarchical cache Hierarchy.
[2018.09.17-01.41.31:665][  0]LogDerivedDataCache: FDerivedDataBackendGraph:  CompressedPak pak cache file ../../../../../../Users/sae/Desktop/Github/GPG210-Prototypes/FPSPrototype/ThirdPersonShooter/DerivedDataCache/Compressed.ddp not found, will not use a pak cache.
[2018.09.17-01.41.31:665][  0]LogDerivedDataCache: Unable to find inner node CompressedPak for hierarchical cache Hierarchy.
[2018.09.17-01.41.31:677][  0]LogDerivedDataCache: Display: Pak cache opened for reading ../../../Engine/DerivedDataCache/Compressed.ddp.
[2018.09.17-01.41.31:689][  0]LogDerivedDataCache: Using Local data cache path C:/Users/sae/AppData/Local/UnrealEngine/Common/DerivedDataCache: Writable
[2018.09.17-01.41.31:689][  0]LogDerivedDataCache: Shared data cache path not found in *engine.ini, will not use an Shared cache.
[2018.09.17-01.41.31:689][  0]LogDerivedDataCache: Unable to find inner node Shared for hierarchical cache Hierarchy.
[2018.09.17-01.41.31:704][  0]LogMaterial: Verifying Global Shaders for PCD3D_SM5
[2018.09.17-01.41.31:706][  0]LogSlate: Using FreeType 2.6.0
[2018.09.17-01.41.31:706][  0]LogSlate: SlateFontServices - WITH_FREETYPE: 1, WITH_HARFBUZZ: 1
[2018.09.17-01.41.31:772][  0]LogAssetRegistry: FAssetRegistry took 0.0259 seconds to start up
[2018.09.17-01.41.32:089][  0]LogInit: Selected Device Profile: [Windows]
[2018.09.17-01.41.32:201][  0]LogSimplygon: Simplygon DLL not present - disabling.
[2018.09.17-01.41.32:204][  0]LogMeshReduction: Using SimplygonSwarm for distributed automatic mesh merging
[2018.09.17-01.41.32:204][  0]LogMeshReduction: Using ProxyLODMeshReduction for automatic mesh merging
[2018.09.17-01.41.32:204][  0]LogMeshReduction: Using QuadricMeshReduction for automatic static mesh reduction
[2018.09.17-01.41.32:204][  0]LogMeshReduction: No automatic skeletal mesh reduction module available
[2018.09.17-01.41.32:216][  0]LogNetVersion: ThirdPersonShooter 1.0.0, NetCL: 4212847, EngineNetVer: 5, GameNetVer: 0 (Checksum: 66249339)
[2018.09.17-01.41.32:659][  0]LogPackageLocalizationCache: Processed 13 localized package path(s) for 2 prioritized culture(s) in 0.101020 seconds
[2018.09.17-01.41.32:665][  0]LogUObjectArray: 38425 objects as part of root set at end of initial load.
[2018.09.17-01.41.32:665][  0]LogUObjectAllocator: 6690872 out of 0 bytes used by permanent object pool.
[2018.09.17-01.41.32:665][  0]LogUObjectArray: CloseDisregardForGC: 0/0 objects in disregard for GC pool
[2018.09.17-01.41.33:418][  0]LogTcpMessaging: Initializing TcpMessaging bridge
[2018.09.17-01.41.33:446][  0]LogUdpMessaging: Initializing bridge on interface 0.0.0.0:0 to multicast group 230.0.0.1:6666.
[2018.09.17-01.41.33:571][  0]SourceControl: Source control is disabled
[2018.09.17-01.41.33:571][  0]SourceControl: Source control is disabled
[2018.09.17-01.41.33:572][  0]SourceControl: Source control is disabled
[2018.09.17-01.41.33:573][  0]SourceControl: Source control is disabled
[2018.09.17-01.41.33:718][  0]LogAndroidPermission: UAndroidPermissionCallbackProxy::GetInstance
[2018.09.17-01.41.33:765][  0]LogOcInput: OculusInput pre-init called
[2018.09.17-01.41.35:316][  0]LogEngine: Initializing Engine...
[2018.09.17-01.41.35:317][  0]LogHMD: Failed to initialize OpenVR with code 110
[2018.09.17-01.41.35:319][  0]LogStats: UGameplayTagsManager::ConstructGameplayTagTree: ImportINI prefixes -  0.000 s
[2018.09.17-01.41.35:319][  0]LogStats: UGameplayTagsManager::ConstructGameplayTagTree: Construct from data asset -  0.000 s
[2018.09.17-01.41.35:319][  0]LogStats: UGameplayTagsManager::ConstructGameplayTagTree: ImportINI -  0.000 s
[2018.09.17-01.41.35:319][  0]LogStats: UGameplayTagsManager::ConstructGameplayTagTree: GameplayTagTreeChangedEvent.Broadcast -  0.000 s
[2018.09.17-01.41.35:491][  0]LogInit: Initializing FReadOnlyCVARCache
[2018.09.17-01.41.35:500][  0]LogAIModule: Creating AISystem for world Untitled
[2018.09.17-01.41.35:516][  0]LogInit: XAudio2 using 'U28E850 (2- NVIDIA High Definition Audio)' : 2 channels at 48 kHz using 16 bits per sample (channel mask 0x3)
[2018.09.17-01.41.35:534][  0]LogInit: FAudioDevice initialized.
[2018.09.17-01.41.35:534][  0]LogNetVersion: Set ProjectVersion to 1.0.0.0. Version Checksum will be recalculated on next use.
[2018.09.17-01.41.35:600][  0]LogDerivedDataCache: Saved boot cache 0.07s 72MB C:/Users/sae/AppData/Local/UnrealEngine/4.20/DerivedDataCache/Boot.ddc.
[2018.09.17-01.41.35:603][  0]LogInit: Texture streaming: Enabled
[2018.09.17-01.41.35:614][  0]LogEngineSessionManager: EngineSessionManager initialized
[2018.09.17-01.41.35:626][  0]LogInit: Transaction tracking system initialized
[2018.09.17-01.41.35:642][  0]BlueprintLog: New page: Editor Load
[2018.09.17-01.41.35:758][  0]LocalizationService: Localization service is disabled
[2018.09.17-01.41.35:983][  0]LogCook: Display: Max memory allowance for cook 16384mb min free memory 0mb
[2018.09.17-01.41.35:983][  0]LogCook: Display: Mobile HDR setting 1
[2018.09.17-01.41.35:983][  0]LogGameplayTags: Display: UGameplayTagsManager::DoneAddingNativeTags. DelegateIsBound: 0
[2018.09.17-01.41.35:983][  0]LogStats: UGameplayTagsManager::ConstructGameplayTagTree: ImportINI prefixes -  0.000 s
[2018.09.17-01.41.35:983][  0]LogStats: UGameplayTagsManager::ConstructGameplayTagTree: Construct from data asset -  0.000 s
[2018.09.17-01.41.35:983][  0]LogStats: UGameplayTagsManager::ConstructGameplayTagTree: ImportINI -  0.000 s
[2018.09.17-01.41.35:983][  0]LogStats: UGameplayTagsManager::ConstructGameplayTagTree: GameplayTagTreeChangedEvent.Broadcast -  0.000 s
[2018.09.17-01.41.36:076][  0]LogFileCache: Scanning file cache for directory 'C:/Users/sae/Desktop/Github/GPG210-Prototypes/FPSPrototype/ThirdPersonShooter/Content/' took 0.01s
[2018.09.17-01.41.37:019][  0]SourceControl: Source control is disabled
[2018.09.17-01.41.37:019][  0]LightingResults: New page: Lighting Build
[2018.09.17-01.41.37:021][  0]MapCheck: New page: Map Check
[2018.09.17-01.41.37:021][  0]LightingResults: New page: Lighting Build
[2018.09.17-01.41.37:389][  0]LogAIModule: Creating AISystem for world ThirdPersonExampleMap
[2018.09.17-01.41.37:398][  0]LogEditorServer: Finished looking for orphan Actors (0.000 secs)
[2018.09.17-01.41.37:420][  0]Cmd: MAP CHECKDEP NOCLEARLOG
[2018.09.17-01.41.37:477][  0]MapCheck: Map check complete: 0 Error(s), 0 Warning(s), took 56.556ms to complete.
[2018.09.17-01.41.37:477][  0]LogFileHelpers: Loading map 'ThirdPersonExampleMap' took 0.458
[2018.09.17-01.41.37:591][  0]LogSlate: Updating window title bar state: overlay mode, drag disabled, window buttons hidden, title bar hidden
[2018.09.17-01.41.37:598][  0]LogSlate: Updating window title bar state: overlay mode, drag disabled, window buttons hidden, title bar hidden
[2018.09.17-01.41.37:604][  0]LogSlate: Updating window title bar state: overlay mode, drag disabled, window buttons hidden, title bar hidden
[2018.09.17-01.41.37:609][  0]LogSlate: Updating window title bar state: overlay mode, drag disabled, window buttons hidden, title bar hidden
[2018.09.17-01.41.37:613][  0]LogCollectionManager: Loaded 0 collections in 0.001050 seconds
[2018.09.17-01.41.37:651][  0]LogFileCache: Scanning file cache for directory 'C:/Users/sae/Desktop/Github/GPG210-Prototypes/FPSPrototype/ThirdPersonShooter/Saved/Collections/' took 0.01s
[2018.09.17-01.41.37:651][  0]LogFileCache: Scanning file cache for directory 'C:/Users/sae/Desktop/Github/GPG210-Prototypes/FPSPrototype/ThirdPersonShooter/Content/Developers/sae/Collections/' took 0.01s
[2018.09.17-01.41.37:651][  0]LogFileCache: Scanning file cache for directory 'C:/Users/sae/Desktop/Github/GPG210-Prototypes/FPSPrototype/ThirdPersonShooter/Content/Collections/' took 0.01s
[2018.09.17-01.41.37:651][  0]LogCollectionManager: Rebuilt the GUID cache for 0 collections in 0.000000 seconds
[2018.09.17-01.41.37:659][  0]LogContentBrowser: Native class hierarchy populated in 0.0079 seconds. Added 2621 classes and 629 folders.
[2018.09.17-01.41.37:671][  0]LogContentBrowser: Native class hierarchy updated for 'WidgetCarousel' in 0.0007 seconds. Added 0 classes and 0 folders.
[2018.09.17-01.41.37:725][  0]LogContentBrowser: Native class hierarchy updated for 'AddContentDialog' in 0.0002 seconds. Added 0 classes and 0 folders.
[2018.09.17-01.41.37:729][  0]LogContentBrowser: Native class hierarchy updated for 'SceneOutliner' in 0.0003 seconds. Added 1 classes and 2 folders.
[2018.09.17-01.41.37:741][  0]LogSlate: Took 0.000185 seconds to synchronously load lazily loaded font '../../../Engine/Content/Slate/Fonts/Roboto-Regular.ttf' (155K)
[2018.09.17-01.41.37:744][  0]LogSlate: Took 0.000219 seconds to synchronously load lazily loaded font '../../../Engine/Content/Slate/Fonts/Roboto-Bold.ttf' (160K)
[2018.09.17-01.41.37:749][  0]LogSlate: Took 0.000183 seconds to synchronously load lazily loaded font '../../../Engine/Content/Editor/Slate/Fonts/FontAwesome.ttf' (139K)
[2018.09.17-01.41.37:816][  0]LogRenderer: Reallocating scene render targets to support 1616x812 Format 10 NumSamples 1 (Frame:1).
[2018.09.17-01.41.37:923][  0]LogContentBrowser: Native class hierarchy updated for 'HierarchicalLODOutliner' in 0.0002 seconds. Added 0 classes and 0 folders.
[2018.09.17-01.41.37:923][  0]LogLoad: (Engine Initialization) Total time: 9.96 seconds
[2018.09.17-01.41.37:923][  0]LogLoad: (Engine Initialization) Total Blueprint compile time: 0.00 seconds
[2018.09.17-01.41.37:934][  0]LogWindowsTextInputMethodSystem: Display: IME system now deactivated.
[2018.09.17-01.41.37:955][  0]LogAssetRegistry: Asset discovery search completed in 6.2051 seconds
[2018.09.17-01.41.37:956][  0]LogCollectionManager: Rebuilt the object cache for 0 collections in 0.000000 seconds (found 0 objects)
[2018.09.17-01.41.37:956][  0]LogCollectionManager: Fixed up redirectors for 0 collections in 0.000037 seconds (updated 0 objects)
[2018.09.17-01.41.37:958][  0]LogContentStreaming: Texture pool size now 1000 MB
[2018.09.17-01.42.07:659][557]LogSlate: FSceneViewport::OnFocusLost() reason 0
[2018.09.17-01.42.07:752][568]LogTemp: Repeating last play command: Selected Viewport
[2018.09.17-01.42.07:758][568]LogBlueprintUserMessages: Early PlayInEditor Detection: Level '/Game/ThirdPersonBP/Maps/ThirdPersonExampleMap.ThirdPersonExampleMap:PersistentLevel' has LevelScriptBlueprint '/Game/ThirdPersonBP/Maps/ThirdPersonExampleMap.ThirdPersonExampleMap:PersistentLevel.ThirdPersonExampleMap' with GeneratedClass '/Game/ThirdPersonBP/Maps/ThirdPersonExampleMap.ThirdPersonExampleMap_C' with ClassGeneratedBy '/Game/ThirdPersonBP/Maps/ThirdPersonExampleMap.ThirdPersonExampleMap:PersistentLevel.ThirdPersonExampleMap'
[2018.09.17-01.42.07:758][568]LogPlayLevel: PlayLevel: No blueprints needed recompiling
[2018.09.17-01.42.07:770][568]PIE: New page: PIE session: ThirdPersonExampleMap (17 Sep 2018 9:42:07 pm)
[2018.09.17-01.42.07:770][568]LogPlayLevel: Creating play world package: /Game/ThirdPersonBP/Maps/UEDPIE_0_ThirdPersonExampleMap
[2018.09.17-01.42.07:786][568]LogPlayLevel: PIE: StaticDuplicateObject took: (0.015911s)
[2018.09.17-01.42.07:787][568]LogAIModule: Creating AISystem for world ThirdPersonExampleMap
[2018.09.17-01.42.07:787][568]LogPlayLevel: PIE: World Init took: (0.001005s)
[2018.09.17-01.42.07:787][568]LogPlayLevel: PIE: Created PIE world by copying editor world from /Game/ThirdPersonBP/Maps/ThirdPersonExampleMap.ThirdPersonExampleMap to /Game/ThirdPersonBP/Maps/UEDPIE_0_ThirdPersonExampleMap.ThirdPersonExampleMap (0.017135s)
[2018.09.17-01.42.07:816][568]LogInit: XAudio2 using 'U28E850 (2- NVIDIA High Definition Audio)' : 2 channels at 48 kHz using 16 bits per sample (channel mask 0x3)
[2018.09.17-01.42.07:823][568]LogInit: FAudioDevice initialized.
[2018.09.17-01.42.07:871][568]LogLoad: Game class is 'ThirdPersonGameMode_C'
[2018.09.17-01.42.07:874][568]LogWorld: Bringing World /Game/ThirdPersonBP/Maps/UEDPIE_0_ThirdPersonExampleMap.ThirdPersonExampleMap up for play (max tick rate 0) at 2018.09.17-11.42.07
[2018.09.17-01.42.07:874][568]LogWorld: Bringing up level for play took: 0.001264
[2018.09.17-01.42.07:890][568]LogContentBrowser: Native class hierarchy updated for 'MovieSceneCapture' in 0.0002 seconds. Added 10 classes and 0 folders.
[2018.09.17-01.42.07:891][568]PIE: Play in editor start time for /Game/ThirdPersonBP/Maps/UEDPIE_0_ThirdPersonExampleMap -0.202
[2018.09.17-01.42.07:891][568]LogBlueprintUserMessages: Late PlayInEditor Detection: Level '/Game/ThirdPersonBP/Maps/ThirdPersonExampleMap.ThirdPersonExampleMap:PersistentLevel' has LevelScriptBlueprint '/Game/ThirdPersonBP/Maps/ThirdPersonExampleMap.ThirdPersonExampleMap:PersistentLevel.ThirdPersonExampleMap' with GeneratedClass '/Game/ThirdPersonBP/Maps/ThirdPersonExampleMap.ThirdPersonExampleMap_C' with ClassGeneratedBy '/Game/ThirdPersonBP/Maps/ThirdPersonExampleMap.ThirdPersonExampleMap:PersistentLevel.ThirdPersonExampleMap'
[2018.09.17-01.42.25:013][620]LogBlueprintUserMessages: Early EndPlayMap Detection: Level '/Game/ThirdPersonBP/Maps/ThirdPersonExampleMap.ThirdPersonExampleMap:PersistentLevel' has LevelScriptBlueprint '/Game/ThirdPersonBP/Maps/ThirdPersonExampleMap.ThirdPersonExampleMap:PersistentLevel.ThirdPersonExampleMap' with GeneratedClass '/Game/ThirdPersonBP/Maps/ThirdPersonExampleMap.ThirdPersonExampleMap_C' with ClassGeneratedBy '/Game/ThirdPersonBP/Maps/ThirdPersonExampleMap.ThirdPersonExampleMap:PersistentLevel.ThirdPersonExampleMap'
[2018.09.17-01.42.25:014][620]LogSlate: Updating window title bar state: overlay mode, drag disabled, window buttons hidden, title bar hidden
[2018.09.17-01.42.25:048][620]LogPlayLevel: Display: Shutting down PIE online subsystems
[2018.09.17-01.42.25:048][620]LogBlueprintUserMessages: Late EndPlayMap Detection: Level '/Game/ThirdPersonBP/Maps/ThirdPersonExampleMap.ThirdPersonExampleMap:PersistentLevel' has LevelScriptBlueprint '/Game/ThirdPersonBP/Maps/ThirdPersonExampleMap.ThirdPersonExampleMap:PersistentLevel.ThirdPersonExampleMap' with GeneratedClass '/Game/ThirdPersonBP/Maps/ThirdPersonExampleMap.ThirdPersonExampleMap_C' with ClassGeneratedBy '/Game/ThirdPersonBP/Maps/ThirdPersonExampleMap.ThirdPersonExampleMap:PersistentLevel.ThirdPersonExampleMap'
[2018.09.17-01.42.25:068][620]LogSlate: Updating window title bar state: overlay mode, drag disabled, window buttons hidden, title bar hidden
[2018.09.17-01.42.25:117][624]LogPlayLevel: Display: Destroying online subsystem :Context_1
[2018.09.17-01.43.03:555][208]LogSlate: Took 0.000190 seconds to synchronously load lazily loaded font '../../../Engine/Content/Slate/Fonts/Roboto-Light.ttf' (167K)
[2018.09.17-01.43.03:560][208]LogSlate: FSceneViewport::OnFocusLost() reason 2
[2018.09.17-01.43.03:684][208]LogSavePackage: Moving '../../../../../../Users/sae/Desktop/Github/GPG210-Prototypes/FPSPrototype/ThirdPersonShooter/Saved/ThirdPersonExampleMapEDB6BDF6486EC7BE3A56C8AE7B6898A7.tmp' to '../../../../../../Users/sae/Desktop/Github/GPG210-Prototypes/FPSPrototype/ThirdPersonShooter/Content/ThirdPersonBP/Maps/ThirdPersonExampleMap.umap'
[2018.09.17-01.43.03:871][208]LogSavePackage: Moving '../../../../../../Users/sae/Desktop/Github/GPG210-Prototypes/FPSPrototype/ThirdPersonShooter/Saved/ThirdPersonExampleMap_BuiltDataA5E5C04D479C12077303F88D7C0E93DF.tmp' to '../../../../../../Users/sae/Desktop/Github/GPG210-Prototypes/FPSPrototype/ThirdPersonShooter/Content/ThirdPersonBP/Maps/ThirdPersonExampleMap_BuiltData.uasset'
[2018.09.17-01.47.02:101][792]LogEditorViewport: Clicking on Actor (LMB): BP_Sky_Sphere_C (SkySphereBlueprint)
[2018.09.17-01.47.02:605][846]LogEditorViewport: Clicking on Actor (LMB): StaticMeshActor (Wall9)
[2018.09.17-01.47.12:449][997]LogSlate: FSceneViewport::OnFocusLost() reason 0
[2018.09.17-01.47.12:562][  8]LogActorFactory: Actor Factory created Cube
[2018.09.17-01.47.13:565][125]LogActorFactory: Actor Factory created Cube
[2018.09.17-01.47.33:278][391]LogSlate: Took 0.000221 seconds to synchronously load lazily loaded font '../../../Engine/Content/Slate/Fonts/Roboto-Italic.ttf' (157K)
[2018.09.17-01.47.35:089][602]LogSlate: FSceneViewport::OnFocusLost() reason 0
[2018.09.17-01.47.45:453][816]LogEditorViewport: Clicking on Actor (LMB): StaticMeshActor (Floor)
[2018.09.17-01.47.46:561][942]LogEditorViewport: Clicking on Actor (LMB): StaticMeshActor (Cube)
[2018.09.17-01.47.48:266][137]LogSlate: FSceneViewport::OnFocusLost() reason 0
[2018.09.17-01.47.52:704][654]LogSlate: FSceneViewport::OnFocusLost() reason 0
[2018.09.17-01.47.55:148][940]LogEditorViewport: Clicking on Actor (LMB): StaticMeshActor (Floor)
[2018.09.17-01.48.16:190][453]LogEditorViewport: Clicking on Actor (LMB): StaticMeshActor (Cube)
[2018.09.17-01.48.27:799][809]LogSlate: FSceneViewport::OnFocusLost() reason 0
[2018.09.17-01.48.30:444][116]LogEditorViewport: Clicking on Actor (LMB): BP_Sky_Sphere_C (SkySphereBlueprint)
[2018.09.17-01.48.32:419][348]LogEditorViewport: Clicking on Actor (LMB): StaticMeshActor (Cube)
[2018.09.17-01.48.33:553][475]LogSlate: FSceneViewport::OnFocusLost() reason 0
[2018.09.17-01.49.14:625][395]LogSlate: FSceneViewport::OnFocusLost() reason 0
[2018.09.17-01.49.17:229][697]LogEditorViewport: Clicking on Actor (LMB): StaticMeshActor (Floor)
[2018.09.17-01.49.17:853][765]LogEditorViewport: Clicking on Actor (LMB): StaticMeshActor (Cube)
[2018.09.17-01.49.19:411][942]LogSlate: FSceneViewport::OnFocusLost() reason 0
[2018.09.17-01.49.21:873][229]LogEditorViewport: Clicking on Actor (LMB): StaticMeshActor (Floor)
[2018.09.17-01.49.22:486][296]LogEditorViewport: Clicking on Actor (LMB): StaticMeshActor (Cube)
[2018.09.17-01.49.28:864][ 52]LogSlate: FSceneViewport::OnFocusLost() reason 0
[2018.09.17-01.49.32:674][495]LogEditorViewport: Clicking on Actor (LMB): StaticMeshActor (Floor)
[2018.09.17-01.49.33:306][564]LogEditorViewport: Clicking on Actor (LMB): StaticMeshActor (Cube)
[2018.09.17-01.49.34:255][671]LogEditorViewport: Clicking on Actor (LMB): StaticMeshActor (Floor)
[2018.09.17-01.49.35:174][774]LogEditorViewport: Clicking on Actor (LMB): StaticMeshActor (Cube)
[2018.09.17-01.49.52:803][845]LogSlate: FSceneViewport::OnFocusLost() reason 0
[2018.09.17-01.50.08:741][649]LogSlate: FSceneViewport::OnFocusLost() reason 0
[2018.09.17-01.52.56:185][892]LogSlate: FSceneViewport::OnFocusLost() reason 0
[2018.09.17-01.53.03:132][686]LogSlate: FSceneViewport::OnFocusLost() reason 0
[2018.09.17-01.53.17:319][350]LogSlate: FSceneViewport::OnFocusLost() reason 0
[2018.09.17-01.53.25:205][236]LogEditorViewport: Clicking on Actor (LMB): PostProcessVolume (PostProcessVolume)
[2018.09.17-01.53.29:183][661]LogEditorViewport: Clicking on Actor (LMB): StaticMeshActor (Wall11)
[2018.09.17-01.53.32:652][ 59]LogSlate: FSceneViewport::OnFocusLost() reason 0
[2018.09.17-01.53.38:076][689]LogEditorViewport: Clicking on Actor (LMB): StaticMeshActor (Wall9)
[2018.09.17-01.53.39:622][864]LogSlate: FSceneViewport::OnFocusLost() reason 0
[2018.09.17-01.53.47:530][767]LogEditorViewport: Clicking on Actor (LMB): BP_Sky_Sphere_C (SkySphereBlueprint)
[2018.09.17-01.53.50:233][ 48]LogEditorViewport: Clicking on Actor (LMB): StaticMeshActor (Cube)
[2018.09.17-01.54.15:719][ 94]LogSlate: FSceneViewport::OnFocusLost() reason 2
[2018.09.17-01.54.15:859][ 94]LogSavePackage: Moving '../../../../../../Users/sae/Desktop/Github/GPG210-Prototypes/FPSPrototype/ThirdPersonShooter/Saved/ThirdPersonExampleMap_Auto117BEE49E4887703CF98E9DAFFEA07817.tmp' to '../../../../../../Users/sae/Desktop/Github/GPG210-Prototypes/FPSPrototype/ThirdPersonShooter/Saved/Autosaves/Game/ThirdPersonBP/Maps/ThirdPersonExampleMap_Auto1.umap'
[2018.09.17-01.54.15:862][ 94]LogFileHelpers: Editor autosave (incl. sublevels) for '/Game/ThirdPersonBP/Maps/ThirdPersonExampleMap' took 0.123
[2018.09.17-01.54.15:862][ 94]LogFileHelpers: Editor autosave (incl. sublevels) for all levels took 0.123
[2018.09.17-01.54.21:321][740]LogSlate: FSceneViewport::OnFocusLost() reason 0
[2018.09.17-01.54.24:791][146]LogEditorViewport: Clicking on Actor (LMB): StaticMeshActor (Floor)
[2018.09.17-01.54.33:707][207]LogEditorViewport: Clicking on Actor (LMB): StaticMeshActor (Cube)
[2018.09.17-01.54.35:019][351]LogSlate: FSceneViewport::OnFocusLost() reason 0
[2018.09.17-01.54.38:691][767]LogEditorViewport: Clicking on Actor (LMB): StaticMeshActor (Cube)
[2018.09.17-01.55.14:365][ 14]LogEditorViewport: Clicking on Actor (LMB): StaticMeshActor (Cube)
[2018.09.17-01.55.15:448][136]LogSlate: FSceneViewport::OnFocusLost() reason 0
[2018.09.17-01.55.23:335][ 24]LogEditorViewport: Clicking on Actor (LMB): StaticMeshActor (Cube)
[2018.09.17-01.55.25:233][243]LogSlate: FSceneViewport::OnFocusLost() reason 0
[2018.09.17-01.55.35:249][407]LogEditorViewport: Clicking on Actor (LMB): BP_Sky_Sphere_C (SkySphereBlueprint)
[2018.09.17-01.55.35:918][482]LogEditorViewport: Clicking on Actor (LMB): StaticMeshActor (Cube)
[2018.09.17-01.55.37:710][680]LogSlate: FSceneViewport::OnFocusLost() reason 0
[2018.09.17-01.55.40:616][ 11]LogEditorViewport: Clicking on Actor (LMB): BP_Sky_Sphere_C (SkySphereBlueprint)
[2018.09.17-01.55.42:952][284]LogSlate: FSceneViewport::OnFocusLost() reason 0
[2018.09.17-01.55.43:394][337]LogTemp: Repeating last play command: Selected Viewport
[2018.09.17-01.55.43:405][337]LogBlueprintUserMessages: Early PlayInEditor Detection: Level '/Game/ThirdPersonBP/Maps/ThirdPersonExampleMap.ThirdPersonExampleMap:PersistentLevel' has LevelScriptBlueprint '/Game/ThirdPersonBP/Maps/ThirdPersonExampleMap.ThirdPersonExampleMap:PersistentLevel.ThirdPersonExampleMap' with GeneratedClass '/Game/ThirdPersonBP/Maps/ThirdPersonExampleMap.ThirdPersonExampleMap_C' with ClassGeneratedBy '/Game/ThirdPersonBP/Maps/ThirdPersonExampleMap.ThirdPersonExampleMap:PersistentLevel.ThirdPersonExampleMap'
[2018.09.17-01.55.43:405][337]LogPlayLevel: PlayLevel: No blueprints needed recompiling
[2018.09.17-01.55.43:405][337]PIE: New page: PIE session: ThirdPersonExampleMap (17 Sep 2018 9:55:43 pm)
[2018.09.17-01.55.43:405][337]LogPlayLevel: Creating play world package: /Game/ThirdPersonBP/Maps/UEDPIE_0_ThirdPersonExampleMap
[2018.09.17-01.55.43:416][337]LogPlayLevel: PIE: StaticDuplicateObject took: (0.010496s)
[2018.09.17-01.55.43:417][337]LogAIModule: Creating AISystem for world ThirdPersonExampleMap
[2018.09.17-01.55.43:417][337]LogPlayLevel: PIE: World Init took: (0.000996s)
[2018.09.17-01.55.43:417][337]LogPlayLevel: PIE: Created PIE world by copying editor world from /Game/ThirdPersonBP/Maps/ThirdPersonExampleMap.ThirdPersonExampleMap to /Game/ThirdPersonBP/Maps/UEDPIE_0_ThirdPersonExampleMap.ThirdPersonExampleMap (0.011718s)
[2018.09.17-01.55.43:446][337]LogInit: XAudio2 using 'U28E850 (2- NVIDIA High Definition Audio)' : 2 channels at 48 kHz using 16 bits per sample (channel mask 0x3)
[2018.09.17-01.55.43:453][337]LogInit: FAudioDevice initialized.
[2018.09.17-01.55.43:481][337]LogLoad: Game class is 'ThirdPersonGameMode_C'
[2018.09.17-01.55.43:483][337]LogWorld: Bringing World /Game/ThirdPersonBP/Maps/UEDPIE_0_ThirdPersonExampleMap.ThirdPersonExampleMap up for play (max tick rate 0) at 2018.09.17-11.55.43
[2018.09.17-01.55.43:484][337]LogWorld: Bringing up level for play took: 0.001391
[2018.09.17-01.55.43:496][337]PIE: Play in editor start time for /Game/ThirdPersonBP/Maps/UEDPIE_0_ThirdPersonExampleMap -0.597
[2018.09.17-01.55.43:496][337]LogBlueprintUserMessages: Late PlayInEditor Detection: Level '/Game/ThirdPersonBP/Maps/ThirdPersonExampleMap.ThirdPersonExampleMap:PersistentLevel' has LevelScriptBlueprint '/Game/ThirdPersonBP/Maps/ThirdPersonExampleMap.ThirdPersonExampleMap:PersistentLevel.ThirdPersonExampleMap' with GeneratedClass '/Game/ThirdPersonBP/Maps/ThirdPersonExampleMap.ThirdPersonExampleMap_C' with ClassGeneratedBy '/Game/ThirdPersonBP/Maps/ThirdPersonExampleMap.ThirdPersonExampleMap:PersistentLevel.ThirdPersonExampleMap'
[2018.09.17-01.56.00:746][404]LogBlueprintUserMessages: Early EndPlayMap Detection: Level '/Game/ThirdPersonBP/Maps/ThirdPersonExampleMap.ThirdPersonExampleMap:PersistentLevel' has LevelScriptBlueprint '/Game/ThirdPersonBP/Maps/ThirdPersonExampleMap.ThirdPersonExampleMap:PersistentLevel.ThirdPersonExampleMap' with GeneratedClass '/Game/ThirdPersonBP/Maps/ThirdPersonExampleMap.ThirdPersonExampleMap_C' with ClassGeneratedBy '/Game/ThirdPersonBP/Maps/ThirdPersonExampleMap.ThirdPersonExampleMap:PersistentLevel.ThirdPersonExampleMap'
[2018.09.17-01.56.00:747][404]LogSlate: Updating window title bar state: overlay mode, drag disabled, window buttons hidden, title bar hidden
[2018.09.17-01.56.00:783][404]LogPlayLevel: Display: Shutting down PIE online subsystems
[2018.09.17-01.56.00:784][404]LogBlueprintUserMessages: Late EndPlayMap Detection: Level '/Game/ThirdPersonBP/Maps/ThirdPersonExampleMap.ThirdPersonExampleMap:PersistentLevel' has LevelScriptBlueprint '/Game/ThirdPersonBP/Maps/ThirdPersonExampleMap.ThirdPersonExampleMap:PersistentLevel.ThirdPersonExampleMap' with GeneratedClass '/Game/ThirdPersonBP/Maps/ThirdPersonExampleMap.ThirdPersonExampleMap_C' with ClassGeneratedBy '/Game/ThirdPersonBP/Maps/ThirdPersonExampleMap.ThirdPersonExampleMap:PersistentLevel.ThirdPersonExampleMap'
[2018.09.17-01.56.00:805][404]LogSlate: Updating window title bar state: overlay mode, drag disabled, window buttons hidden, title bar hidden
[2018.09.17-01.56.00:849][407]LogPlayLevel: Display: Destroying online subsystem :Context_4
[2018.09.17-01.56.34:268][411]LogSlate: FSceneViewport::OnFocusLost() reason 2
[2018.09.17-01.56.34:379][411]LogSavePackage: Moving '../../../../../../Users/sae/Desktop/Github/GPG210-Prototypes/FPSPrototype/ThirdPersonShooter/Saved/ThirdPersonExampleMap320A6F634A47D4EBB529A3A5BBA7C4EA.tmp' to '../../../../../../Users/sae/Desktop/Github/GPG210-Prototypes/FPSPrototype/ThirdPersonShooter/Content/ThirdPersonBP/Maps/ThirdPersonExampleMap.umap'
[2018.09.17-01.56.34:511][411]LogSavePackage: Moving '../../../../../../Users/sae/Desktop/Github/GPG210-Prototypes/FPSPrototype/ThirdPersonShooter/Saved/ThirdPersonExampleMap_BuiltData4A5A7E3D4FEDF2B62F1443B824C71F89.tmp' to '../../../../../../Users/sae/Desktop/Github/GPG210-Prototypes/FPSPrototype/ThirdPersonShooter/Content/ThirdPersonBP/Maps/ThirdPersonExampleMap_BuiltData.uasset'
[2018.09.17-01.56.34:534][411]LogSlate: FSceneViewport::OnFocusLost() reason 2
[2018.09.17-01.56.34:642][411]LogSavePackage: Moving '../../../../../../Users/sae/Desktop/Github/GPG210-Prototypes/FPSPrototype/ThirdPersonShooter/Saved/ThirdPersonExampleMapBBCA96C84EFF671D103FA695C99BD6CB.tmp' to '../../../../../../Users/sae/Desktop/Github/GPG210-Prototypes/FPSPrototype/ThirdPersonShooter/Content/ThirdPersonBP/Maps/ThirdPersonExampleMap.umap'
[2018.09.17-01.56.34:772][411]LogSavePackage: Moving '../../../../../../Users/sae/Desktop/Github/GPG210-Prototypes/FPSPrototype/ThirdPersonShooter/Saved/ThirdPersonExampleMap_BuiltData2D34E49C485313F3E9FD39AA3CA13225.tmp' to '../../../../../../Users/sae/Desktop/Github/GPG210-Prototypes/FPSPrototype/ThirdPersonShooter/Content/ThirdPersonBP/Maps/ThirdPersonExampleMap_BuiltData.uasset'
[2018.09.17-01.56.53:619][671]LogEditorViewport: Clicking on Actor (LMB): StaticMeshActor (Cube)
[2018.09.17-01.56.59:902][367]LogSlate: FSceneViewport::OnFocusLost() reason 0
[2018.09.17-01.57.00:010][380]LogTemp: Repeating last play command: Selected Viewport
[2018.09.17-01.57.00:017][380]LogBlueprintUserMessages: Early PlayInEditor Detection: Level '/Game/ThirdPersonBP/Maps/ThirdPersonExampleMap.ThirdPersonExampleMap:PersistentLevel' has LevelScriptBlueprint '/Game/ThirdPersonBP/Maps/ThirdPersonExampleMap.ThirdPersonExampleMap:PersistentLevel.ThirdPersonExampleMap' with GeneratedClass '/Game/ThirdPersonBP/Maps/ThirdPersonExampleMap.ThirdPersonExampleMap_C' with ClassGeneratedBy '/Game/ThirdPersonBP/Maps/ThirdPersonExampleMap.ThirdPersonExampleMap:PersistentLevel.ThirdPersonExampleMap'
[2018.09.17-01.57.00:017][380]LogPlayLevel: PlayLevel: No blueprints needed recompiling
[2018.09.17-01.57.00:018][380]PIE: New page: PIE session: ThirdPersonExampleMap (17 Sep 2018 9:57:00 pm)
[2018.09.17-01.57.00:018][380]LogPlayLevel: Creating play world package: /Game/ThirdPersonBP/Maps/UEDPIE_0_ThirdPersonExampleMap
[2018.09.17-01.57.00:027][380]LogPlayLevel: PIE: StaticDuplicateObject took: (0.009348s)
[2018.09.17-01.57.00:028][380]LogAIModule: Creating AISystem for world ThirdPersonExampleMap
[2018.09.17-01.57.00:028][380]LogPlayLevel: PIE: World Init took: (0.001045s)
[2018.09.17-01.57.00:028][380]LogPlayLevel: PIE: Created PIE world by copying editor world from /Game/ThirdPersonBP/Maps/ThirdPersonExampleMap.ThirdPersonExampleMap to /Game/ThirdPersonBP/Maps/UEDPIE_0_ThirdPersonExampleMap.ThirdPersonExampleMap (0.010593s)
[2018.09.17-01.57.00:056][380]LogInit: XAudio2 using 'U28E850 (2- NVIDIA High Definition Audio)' : 2 channels at 48 kHz using 16 bits per sample (channel mask 0x3)
[2018.09.17-01.57.00:062][380]LogInit: FAudioDevice initialized.
[2018.09.17-01.57.00:091][380]LogLoad: Game class is 'ThirdPersonGameMode_C'
[2018.09.17-01.57.00:093][380]LogWorld: Bringing World /Game/ThirdPersonBP/Maps/UEDPIE_0_ThirdPersonExampleMap.ThirdPersonExampleMap up for play (max tick rate 0) at 2018.09.17-11.57.00
[2018.09.17-01.57.00:093][380]LogWorld: Bringing up level for play took: 0.001269
[2018.09.17-01.57.00:106][380]PIE: Play in editor start time for /Game/ThirdPersonBP/Maps/UEDPIE_0_ThirdPersonExampleMap 0.012
[2018.09.17-01.57.00:106][380]LogBlueprintUserMessages: Late PlayInEditor Detection: Level '/Game/ThirdPersonBP/Maps/ThirdPersonExampleMap.ThirdPersonExampleMap:PersistentLevel' has LevelScriptBlueprint '/Game/ThirdPersonBP/Maps/ThirdPersonExampleMap.ThirdPersonExampleMap:PersistentLevel.ThirdPersonExampleMap' with GeneratedClass '/Game/ThirdPersonBP/Maps/ThirdPersonExampleMap.ThirdPersonExampleMap_C' with ClassGeneratedBy '/Game/ThirdPersonBP/Maps/ThirdPersonExampleMap.ThirdPersonExampleMap:PersistentLevel.ThirdPersonExampleMap'
[2018.09.17-01.57.12:554][871]LogBlueprintUserMessages: Early EndPlayMap Detection: Level '/Game/ThirdPersonBP/Maps/ThirdPersonExampleMap.ThirdPersonExampleMap:PersistentLevel' has LevelScriptBlueprint '/Game/ThirdPersonBP/Maps/ThirdPersonExampleMap.ThirdPersonExampleMap:PersistentLevel.ThirdPersonExampleMap' with GeneratedClass '/Game/ThirdPersonBP/Maps/ThirdPersonExampleMap.ThirdPersonExampleMap_C' with ClassGeneratedBy '/Game/ThirdPersonBP/Maps/ThirdPersonExampleMap.ThirdPersonExampleMap:PersistentLevel.ThirdPersonExampleMap'
[2018.09.17-01.57.12:554][871]LogSlate: Updating window title bar state: overlay mode, drag disabled, window buttons hidden, title bar hidden
[2018.09.17-01.57.12:587][871]LogPlayLevel: Display: Shutting down PIE online subsystems
[2018.09.17-01.57.12:587][871]LogBlueprintUserMessages: Late EndPlayMap Detection: Level '/Game/ThirdPersonBP/Maps/ThirdPersonExampleMap.ThirdPersonExampleMap:PersistentLevel' has LevelScriptBlueprint '/Game/ThirdPersonBP/Maps/ThirdPersonExampleMap.ThirdPersonExampleMap:PersistentLevel.ThirdPersonExampleMap' with GeneratedClass '/Game/ThirdPersonBP/Maps/ThirdPersonExampleMap.ThirdPersonExampleMap_C' with ClassGeneratedBy '/Game/ThirdPersonBP/Maps/ThirdPersonExampleMap.ThirdPersonExampleMap:PersistentLevel.ThirdPersonExampleMap'
[2018.09.17-01.57.12:608][871]LogSlate: Updating window title bar state: overlay mode, drag disabled, window buttons hidden, title bar hidden
[2018.09.17-01.57.12:664][873]LogPlayLevel: Display: Destroying online subsystem :Context_5
[2018.09.17-01.57.13:639][990]LogSlate: FSceneViewport::OnFocusLost() reason 0
[2018.09.17-01.57.13:739][  2]LogTemp: Repeating last play command: Selected Viewport
[2018.09.17-01.57.13:745][  2]LogBlueprintUserMessages: Early PlayInEditor Detection: Level '/Game/ThirdPersonBP/Maps/ThirdPersonExampleMap.ThirdPersonExampleMap:PersistentLevel' has LevelScriptBlueprint '/Game/ThirdPersonBP/Maps/ThirdPersonExampleMap.ThirdPersonExampleMap:PersistentLevel.ThirdPersonExampleMap' with GeneratedClass '/Game/ThirdPersonBP/Maps/ThirdPersonExampleMap.ThirdPersonExampleMap_C' with ClassGeneratedBy '/Game/ThirdPersonBP/Maps/ThirdPersonExampleMap.ThirdPersonExampleMap:PersistentLevel.ThirdPersonExampleMap'
[2018.09.17-01.57.13:745][  2]LogPlayLevel: PlayLevel: No blueprints needed recompiling
[2018.09.17-01.57.13:745][  2]PIE: New page: PIE session: ThirdPersonExampleMap (17 Sep 2018 9:57:13 pm)
[2018.09.17-01.57.13:745][  2]LogPlayLevel: Creating play world package: /Game/ThirdPersonBP/Maps/UEDPIE_0_ThirdPersonExampleMap
[2018.09.17-01.57.13:755][  2]LogPlayLevel: PIE: StaticDuplicateObject took: (0.009983s)
[2018.09.17-01.57.13:756][  2]LogAIModule: Creating AISystem for world ThirdPersonExampleMap
[2018.09.17-01.57.13:756][  2]LogPlayLevel: PIE: World Init took: (0.000949s)
[2018.09.17-01.57.13:756][  2]LogPlayLevel: PIE: Created PIE world by copying editor world from /Game/ThirdPersonBP/Maps/ThirdPersonExampleMap.ThirdPersonExampleMap to /Game/ThirdPersonBP/Maps/UEDPIE_0_ThirdPersonExampleMap.ThirdPersonExampleMap (0.011095s)
[2018.09.17-01.57.13:783][  2]LogInit: XAudio2 using 'U28E850 (2- NVIDIA High Definition Audio)' : 2 channels at 48 kHz using 16 bits per sample (channel mask 0x3)
[2018.09.17-01.57.13:790][  2]LogInit: FAudioDevice initialized.
[2018.09.17-01.57.13:822][  2]LogLoad: Game class is 'ThirdPersonGameMode_C'
[2018.09.17-01.57.13:825][  2]LogWorld: Bringing World /Game/ThirdPersonBP/Maps/UEDPIE_0_ThirdPersonExampleMap.ThirdPersonExampleMap up for play (max tick rate 0) at 2018.09.17-11.57.13
[2018.09.17-01.57.13:825][  2]LogWorld: Bringing up level for play took: 0.001633
[2018.09.17-01.57.13:837][  2]PIE: Play in editor start time for /Game/ThirdPersonBP/Maps/UEDPIE_0_ThirdPersonExampleMap -0.256
[2018.09.17-01.57.13:838][  2]LogBlueprintUserMessages: Late PlayInEditor Detection: Level '/Game/ThirdPersonBP/Maps/ThirdPersonExampleMap.ThirdPersonExampleMap:PersistentLevel' has LevelScriptBlueprint '/Game/ThirdPersonBP/Maps/ThirdPersonExampleMap.ThirdPersonExampleMap:PersistentLevel.ThirdPersonExampleMap' with GeneratedClass '/Game/ThirdPersonBP/Maps/ThirdPersonExampleMap.ThirdPersonExampleMap_C' with ClassGeneratedBy '/Game/ThirdPersonBP/Maps/ThirdPersonExampleMap.ThirdPersonExampleMap:PersistentLevel.ThirdPersonExampleMap'
[2018.09.17-02.00.05:956][646]LogBlueprintUserMessages: Early EndPlayMap Detection: Level '/Game/ThirdPersonBP/Maps/ThirdPersonExampleMap.ThirdPersonExampleMap:PersistentLevel' has LevelScriptBlueprint '/Game/ThirdPersonBP/Maps/ThirdPersonExampleMap.ThirdPersonExampleMap:PersistentLevel.ThirdPersonExampleMap' with GeneratedClass '/Game/ThirdPersonBP/Maps/ThirdPersonExampleMap.ThirdPersonExampleMap_C' with ClassGeneratedBy '/Game/ThirdPersonBP/Maps/ThirdPersonExampleMap.ThirdPersonExampleMap:PersistentLevel.ThirdPersonExampleMap'
[2018.09.17-02.00.05:956][646]LogSlate: Updating window title bar state: overlay mode, drag disabled, window buttons hidden, title bar hidden
[2018.09.17-02.00.05:986][646]LogPlayLevel: Display: Shutting down PIE online subsystems
[2018.09.17-02.00.05:987][646]LogBlueprintUserMessages: Late EndPlayMap Detection: Level '/Game/ThirdPersonBP/Maps/ThirdPersonExampleMap.ThirdPersonExampleMap:PersistentLevel' has LevelScriptBlueprint '/Game/ThirdPersonBP/Maps/ThirdPersonExampleMap.ThirdPersonExampleMap:PersistentLevel.ThirdPersonExampleMap' with GeneratedClass '/Game/ThirdPersonBP/Maps/ThirdPersonExampleMap.ThirdPersonExampleMap_C' with ClassGeneratedBy '/Game/ThirdPersonBP/Maps/ThirdPersonExampleMap.ThirdPersonExampleMap:PersistentLevel.ThirdPersonExampleMap'
[2018.09.17-02.00.06:008][646]LogSlate: Updating window title bar state: overlay mode, drag disabled, window buttons hidden, title bar hidden
[2018.09.17-02.00.06:059][650]LogPlayLevel: Display: Destroying online subsystem :Context_6
[2018.09.17-02.00.06:967][758]LogSlate: FSceneViewport::OnFocusLost() reason 0
[2018.09.17-02.00.09:435][770]LogSlate: Window 'Save Content' being destroyed
[2018.09.17-02.00.24:742][ 28]LogSlate: Window 'Save Content' being destroyed
[2018.09.17-02.00.24:934][ 28]LogSavePackage: Moving '../../../../../../Users/sae/Desktop/Github/GPG210-Prototypes/FPSPrototype/ThirdPersonShooter/Saved/ThirdPersonExampleMapD7FABD8F41BA1544B58024816403A2B6.tmp' to '../../../../../../Users/sae/Desktop/Github/GPG210-Prototypes/FPSPrototype/ThirdPersonShooter/Content/ThirdPersonBP/Maps/ThirdPersonExampleMap.umap'
[2018.09.17-02.00.24:944][ 28]LogFileHelpers: Saving map 'ThirdPersonExampleMap' took 0.187
[2018.09.17-02.00.24:985][ 28]LogSlate: Window 'ThirdPersonShooter - Unreal Editor' being destroyed
[2018.09.17-02.00.25:190][ 29]Cmd: QUIT_EDITOR
[2018.09.17-02.00.25:309][ 29]LogWindowsTextInputMethodSystem: Display: IME system now deactivated.
[2018.09.17-02.00.25:350][ 29]LogExit: Preparing to exit.
[2018.09.17-02.00.26:038][ 29]LogExit: Editor shut down
[2018.09.17-02.00.26:039][ 29]LogExit: Transaction tracking system shut down
[2018.09.17-02.00.26:385][ 29]LogExit: Object subsystem successfully closed.
[2018.09.17-02.00.26:398][ 29]LogShaderCompilers: Display: Shaders left to compile 0
[2018.09.17-02.00.26:402][ 29]LogD3D11RHI: Shutdown
[2018.09.17-02.00.26:402][ 29]LogD3D11RHI: CleanupD3DDevice
[2018.09.17-02.00.26:403][ 29]LogD3D11RHI: ~FD3D11DynamicRHI
[2018.09.17-02.00.26:420][ 29]LogModuleManager: Shutting down and abandoning module MovieSceneCapture (632)
[2018.09.17-02.00.26:420][ 29]LogModuleManager: Shutting down and abandoning module Voice (630)
[2018.09.17-02.00.26:420][ 29]LogModuleManager: Shutting down and abandoning module HierarchicalLODOutliner (628)
[2018.09.17-02.00.26:420][ 29]LogModuleManager: Shutting down and abandoning module SceneOutliner (626)
[2018.09.17-02.00.26:420][ 29]LogModuleManager: Shutting down and abandoning module AddContentDialog (624)
[2018.09.17-02.00.26:420][ 29]LogModuleManager: Shutting down and abandoning module WidgetCarousel (623)
[2018.09.17-02.00.26:420][ 29]LogModuleManager: Shutting down and abandoning module EditorWidgets (620)
[2018.09.17-02.00.26:420][ 29]LogModuleManager: Shutting down and abandoning module CollectionManager (618)
[2018.09.17-02.00.26:421][ 29]LogModuleManager: Shutting down and abandoning module StatsViewer (616)
[2018.09.17-02.00.26:421][ 29]LogModuleManager: Shutting down and abandoning module FoliageEdit (614)
[2018.09.17-02.00.26:421][ 29]LogModuleManager: Shutting down and abandoning module LandscapeEditor (612)
[2018.09.17-02.00.26:421][ 29]LogModuleManager: Shutting down and abandoning module MeshPaintMode (610)
[2018.09.17-02.00.26:421][ 29]LogModuleManager: Shutting down and abandoning module SceneDepthPickerMode (608)
[2018.09.17-02.00.26:421][ 29]LogModuleManager: Shutting down and abandoning module ActorPickerMode (606)
[2018.09.17-02.00.26:421][ 29]LogModuleManager: Shutting down and abandoning module GeometryMode (604)
[2018.09.17-02.00.26:421][ 29]LogModuleManager: Shutting down and abandoning module TextureAlignMode (602)
[2018.09.17-02.00.26:421][ 29]LogModuleManager: Shutting down and abandoning module BspMode (600)
[2018.09.17-02.00.26:421][ 29]LogModuleManager: Shutting down and abandoning module PIEPreviewDeviceProfileSelector (598)
[2018.09.17-02.00.26:421][ 29]LogModuleManager: Shutting down and abandoning module SequenceRecorderSections (596)
[2018.09.17-02.00.26:421][ 29]LogModuleManager: Shutting down and abandoning module AutomationWorker (594)
[2018.09.17-02.00.26:421][ 29]LogModuleManager: Shutting down and abandoning module DatasmithFBXImporter (592)
[2018.09.17-02.00.26:421][ 29]LogModuleManager: Shutting down and abandoning module DatasmithDeltaGenImporter (590)
[2018.09.17-02.00.26:421][ 29]LogModuleManager: Shutting down and abandoning module DatasmithVREDImporter (588)
[2018.09.17-02.00.26:421][ 29]LogModuleManager: Shutting down and abandoning module AudioCaptureEditor (586)
[2018.09.17-02.00.26:421][ 29]LogModuleManager: Shutting down and abandoning module SequenceRecorder (585)
[2018.09.17-02.00.26:421][ 29]LogModuleManager: Shutting down and abandoning module MatineeToLevelSequence (582)
[2018.09.17-02.00.26:421][ 29]LogModuleManager: Shutting down and abandoning module LevelSequenceEditor (580)
[2018.09.17-02.00.26:421][ 29]LogModuleManager: Shutting down and abandoning module PlacementMode (579)
[2018.09.17-02.00.26:421][ 29]LogModuleManager: Shutting down and abandoning module MaterialEditor (578)
[2018.09.17-02.00.26:421][ 29]LogModuleManager: Shutting down and abandoning module WmfMediaFactory (574)
[2018.09.17-02.00.26:421][ 29]LogModuleManager: Shutting down and abandoning module WmfMediaEditor (572)
[2018.09.17-02.00.26:421][ 29]LogModuleManager: Shutting down and abandoning module MediaPlayerEditor (570)
[2018.09.17-02.00.26:421][ 29]LogModuleManager: Shutting down and abandoning module OpenExrWrapper (568)
[2018.09.17-02.00.26:421][ 29]LogModuleManager: Shutting down and abandoning module ImgMediaFactory (566)
[2018.09.17-02.00.26:421][ 29]LogModuleManager: Shutting down and abandoning module ImgMediaEditor (564)
[2018.09.17-02.00.26:421][ 29]LogModuleManager: Shutting down and abandoning module AvfMediaFactory (562)
[2018.09.17-02.00.26:421][ 29]LogModuleManager: Shutting down and abandoning module AvfMediaEditor (560)
[2018.09.17-02.00.26:421][ 29]LogModuleManager: Shutting down and abandoning module AndroidMediaFactory (558)
[2018.09.17-02.00.26:421][ 29]LogModuleManager: Shutting down and abandoning module AndroidMediaEditor (556)
[2018.09.17-02.00.26:421][ 29]LogModuleManager: Shutting down and abandoning module MagicLeapCameraPreviewFactory (554)
[2018.09.17-02.00.26:421][ 29]LogModuleManager: Shutting down and abandoning module MagicLeapMediaFactory (552)
[2018.09.17-02.00.26:421][ 29]LogModuleManager: Shutting down and abandoning module MagicLeapMediaEditor (550)
[2018.09.17-02.00.26:421][ 29]LogModuleManager: Shutting down and abandoning module CharacterAI (548)
[2018.09.17-02.00.26:421][ 29]LogModuleManager: Shutting down and abandoning module SmartSnapping (546)
[2018.09.17-02.00.26:421][ 29]LogModuleManager: Shutting down and abandoning module SessionServices (544)
[2018.09.17-02.00.26:421][ 29]LogModuleManager: Shutting down and abandoning module ViewportSnapping (542)
[2018.09.17-02.00.26:421][ 29]LogModuleManager: Shutting down and abandoning module ViewportInteraction (540)
[2018.09.17-02.00.26:421][ 29]LogModuleManager: Shutting down and abandoning module ClothPainter (538)
[2018.09.17-02.00.26:421][ 29]LogModuleManager: Shutting down and abandoning module SkeletalMeshEditor (537)
[2018.09.17-02.00.26:422][ 29]LogModuleManager: Shutting down and abandoning module LogVisualizer (534)
[2018.09.17-02.00.26:422][ 29]LogModuleManager: Shutting down and abandoning module IntroTutorials (532)
[2018.09.17-02.00.26:422][ 29]LogModuleManager: Shutting down and abandoning module GameProjectGeneration (531)
[2018.09.17-02.00.26:422][ 29]LogModuleManager: Shutting down and abandoning module LuminPlatformEditor (528)
[2018.09.17-02.00.26:422][ 29]LogModuleManager: Shutting down and abandoning module IOSPlatformEditor (526)
[2018.09.17-02.00.26:422][ 29]LogModuleManager: Shutting down and abandoning module HTML5PlatformEditor (524)
[2018.09.17-02.00.26:422][ 29]LogModuleManager: Shutting down and abandoning module AndroidPlatformEditor (522)
[2018.09.17-02.00.26:422][ 29]LogModuleManager: Shutting down and abandoning module AndroidDeviceDetection (521)
[2018.09.17-02.00.27:390][ 29]LogModuleManager: Shutting down and abandoning module WindowsPlatformEditor (518)
[2018.09.17-02.00.27:390][ 29]LogModuleManager: Shutting down and abandoning module LuminRuntimeSettings (516)
[2018.09.17-02.00.27:390][ 29]LogModuleManager: Shutting down and abandoning module IOSRuntimeSettings (514)
[2018.09.17-02.00.27:390][ 29]LogModuleManager: Shutting down and abandoning module AndroidRuntimeSettings (512)
[2018.09.17-02.00.27:390][ 29]LogModuleManager: Shutting down and abandoning module InputBindingEditor (510)
[2018.09.17-02.00.27:391][ 29]LogModuleManager: Shutting down and abandoning module MergeActors (508)
[2018.09.17-02.00.27:391][ 29]LogModuleManager: Shutting down and abandoning module LocalizationDashboard (506)
[2018.09.17-02.00.27:391][ 29]LogModuleManager: Shutting down and abandoning module LocalizationService (505)
[2018.09.17-02.00.27:391][ 29]LogModuleManager: Shutting down and abandoning module HardwareTargeting (502)
[2018.09.17-02.00.27:391][ 29]LogModuleManager: Shutting down and abandoning module DeviceProfileEditor (500)
[2018.09.17-02.00.27:391][ 29]LogModuleManager: Shutting down and abandoning module UndoHistory (498)
[2018.09.17-02.00.27:391][ 29]LogModuleManager: Shutting down and abandoning module XmlParser (496)
[2018.09.17-02.00.27:391][ 29]LogModuleManager: Shutting down and abandoning module Blutility (494)
[2018.09.17-02.00.27:391][ 29]LogModuleManager: Shutting down and abandoning module ProjectSettingsViewer (492)
[2018.09.17-02.00.27:391][ 29]LogModuleManager: Shutting down and abandoning module ProjectTargetPlatformEditor (491)
[2018.09.17-02.00.27:392][ 29]LogModuleManager: Shutting down and abandoning module EditorSettingsViewer (488)
[2018.09.17-02.00.27:392][ 29]LogModuleManager: Shutting down and abandoning module SettingsEditor (486)
[2018.09.17-02.00.27:392][ 29]LogModuleManager: Shutting down and abandoning module ProjectLauncher (484)
[2018.09.17-02.00.27:392][ 29]LogModuleManager: Shutting down and abandoning module SessionFrontend (482)
[2018.09.17-02.00.27:392][ 29]LogModuleManager: Shutting down and abandoning module ProfilerClient (480)
[2018.09.17-02.00.27:392][ 29]LogModuleManager: Shutting down and abandoning module DeviceManager (478)
[2018.09.17-02.00.27:392][ 29]LogModuleManager: Shutting down and abandoning module TargetDeviceServices (477)
[2018.09.17-02.00.27:457][ 29]LogModuleManager: Shutting down and abandoning module AutomationController (474)
[2018.09.17-02.00.27:457][ 29]LogModuleManager: Shutting down and abandoning module AutomationWindow (472)
[2018.09.17-02.00.27:457][ 29]LogModuleManager: Shutting down and abandoning module Layers (470)
[2018.09.17-02.00.27:457][ 29]LogModuleManager: Shutting down and abandoning module ComponentVisualizers (468)
[2018.09.17-02.00.27:457][ 29]LogModuleManager: Shutting down and abandoning module DetailCustomizations (466)
[2018.09.17-02.00.27:457][ 29]LogModuleManager: Shutting down and abandoning module PackagesDialog (464)
[2018.09.17-02.00.27:458][ 29]LogModuleManager: Shutting down and abandoning module Persona (462)
[2018.09.17-02.00.27:458][ 29]LogModuleManager: Shutting down and abandoning module AnimGraph (461)
[2018.09.17-02.00.27:458][ 29]LogModuleManager: Shutting down and abandoning module Kismet (458)
[2018.09.17-02.00.27:459][ 29]LogModuleManager: Shutting down and abandoning module GraphEditor (456)
[2018.09.17-02.00.27:459][ 29]LogModuleManager: Shutting down and abandoning module ClassViewer (454)
[2018.09.17-02.00.27:459][ 29]LogModuleManager: Shutting down and abandoning module Toolbox (452)
[2018.09.17-02.00.27:459][ 29]LogModuleManager: Shutting down and abandoning module ModuleUI (450)
[2018.09.17-02.00.27:459][ 29]LogModuleManager: Shutting down and abandoning module MovieSceneTools (448)
[2018.09.17-02.00.27:459][ 29]LogModuleManager: Shutting down and abandoning module OutputLog (446)
[2018.09.17-02.00.27:460][ 29]LogModuleManager: Shutting down and abandoning module GammaUI (444)
[2018.09.17-02.00.27:460][ 29]LogModuleManager: Shutting down and abandoning module Documentation (442)
[2018.09.17-02.00.27:460][ 29]LogModuleManager: Shutting down and abandoning module MovieSceneTracks (440)
[2018.09.17-02.00.27:460][ 29]LogModuleManager: Shutting down and abandoning module MovieScene (438)
[2018.09.17-02.00.27:460][ 29]LogModuleManager: Shutting down and abandoning module StreamingPauseRendering (436)
[2018.09.17-02.00.27:460][ 29]LogModuleManager: Shutting down and abandoning module LauncherPlatform (434)
[2018.09.17-02.00.27:460][ 29]LogModuleManager: Shutting down and abandoning module AnalyticsET (432)
[2018.09.17-02.00.27:460][ 29]LogModuleManager: Shutting down and abandoning module PortalServices (430)
[2018.09.17-02.00.27:460][ 29]LogModuleManager: Shutting down and abandoning module PortalRpc (428)
[2018.09.17-02.00.27:460][ 29]LogModuleManager: Shutting down and abandoning module MessagingRpc (426)
[2018.09.17-02.00.27:460][ 29]LogModuleManager: Shutting down and abandoning module AIModule (424)
[2018.09.17-02.00.27:460][ 29]LogModuleManager: Shutting down and abandoning module GameplayDebugger (423)
[2018.09.17-02.00.27:460][ 29]LogModuleManager: Shutting down and abandoning module AITestSuite (421)
[2018.09.17-02.00.27:460][ 29]LogModuleManager: Shutting down and abandoning module NavigationSystem (419)
[2018.09.17-02.00.27:461][ 29]LogModuleManager: Shutting down and abandoning module DesktopPlatform (416)
[2018.09.17-02.00.27:461][ 29]LogModuleManager: Shutting down and abandoning module ProfilerService (414)
[2018.09.17-02.00.27:504][ 29]LogModuleManager: Shutting down and abandoning module TaskGraph (412)
[2018.09.17-02.00.27:504][ 29]LogModuleManager: Shutting down and abandoning module DatasmithCADImporter (410)
[2018.09.17-02.00.27:504][ 29]LogModuleManager: Shutting down and abandoning module StaticMeshEditorExtension (408)
[2018.09.17-02.00.27:505][ 29]LogModuleManager: Shutting down and abandoning module StaticMeshEditor (407)
[2018.09.17-02.00.27:505][ 29]LogModuleManager: Shutting down and abandoning module AdvancedPreviewScene (406)
[2018.09.17-02.00.27:505][ 29]LogModuleManager: Shutting down and abandoning module DatasmithMDLImporter (402)
[2018.09.17-02.00.27:505][ 29]LogModuleManager: Shutting down and abandoning module DatasmithImporter (400)
[2018.09.17-02.00.27:505][ 29]LogModuleManager: Shutting down and abandoning module SteamVRController (398)
[2018.09.17-02.00.27:505][ 29]LogModuleManager: Shutting down and abandoning module ProceduralMeshComponentEditor (396)
[2018.09.17-02.00.27:506][ 29]LogModuleManager: Shutting down and abandoning module ProceduralMeshComponent (394)
[2018.09.17-02.00.27:506][ 29]LogModuleManager: Shutting down and abandoning module OculusInput (392)
[2018.09.17-02.00.27:506][ 29]LogModuleManager: Shutting down and abandoning module MobilePatchingUtils (390)
[2018.09.17-02.00.27:506][ 29]LogModuleManager: Shutting down and abandoning module EditableMesh (388)
[2018.09.17-02.00.27:506][ 29]LogModuleManager: Shutting down and abandoning module CustomMeshComponent (386)
[2018.09.17-02.00.27:506][ 29]LogModuleManager: Shutting down and abandoning module CableComponent (384)
[2018.09.17-02.00.27:506][ 29]LogModuleManager: Shutting down and abandoning module AudioCapture (382)
[2018.09.17-02.00.27:506][ 29]LogModuleManager: Shutting down and abandoning module ArchVisCharacter (380)
[2018.09.17-02.00.27:506][ 29]LogModuleManager: Shutting down and abandoning module AndroidPermission (378)
[2018.09.17-02.00.27:506][ 29]LogModuleManager: Shutting down and abandoning module NUTUnrealEngine4 (376)
[2018.09.17-02.00.27:506][ 29]LogModuleManager: Shutting down and abandoning module NetcodeUnitTest (374)
[2018.09.17-02.00.27:506][ 29]LogModuleManager: Shutting down and abandoning module MediaCompositingEditor (372)
[2018.09.17-02.00.27:506][ 29]LogModuleManager: Shutting down and abandoning module MediaCompositing (370)
[2018.09.17-02.00.27:506][ 29]LogModuleManager: Shutting down and abandoning module LinearTimecode (368)
[2018.09.17-02.00.27:506][ 29]LogModuleManager: Shutting down and abandoning module ImgMedia (366)
[2018.09.17-02.00.27:509][ 29]LogModuleManager: Shutting down and abandoning module HTML5Networking (364)
[2018.09.17-02.00.27:509][ 29]LogModuleManager: Shutting down and abandoning module GeometryCacheTracks (362)
[2018.09.17-02.00.27:509][ 29]LogModuleManager: Shutting down and abandoning module GeometryCacheSequencer (360)
[2018.09.17-02.00.27:509][ 29]LogModuleManager: Shutting down and abandoning module BackChannel (358)
[2018.09.17-02.00.27:509][ 29]LogModuleManager: Shutting down and abandoning module AppleVision (356)
[2018.09.17-02.00.27:509][ 29]LogModuleManager: Shutting down and abandoning module AppleImageUtils (354)
[2018.09.17-02.00.27:509][ 29]LogModuleManager: Shutting down and abandoning module AlembicImporter (352)
[2018.09.17-02.00.27:509][ 29]LogModuleManager: Shutting down and abandoning module AlembicLibrary (351)
[2018.09.17-02.00.27:509][ 29]LogModuleManager: Shutting down and abandoning module GeometryCache (350)
[2018.09.17-02.00.27:509][ 29]LogModuleManager: Shutting down and abandoning module GeometryCacheEd (349)
[2018.09.17-02.00.27:509][ 29]LogModuleManager: Shutting down and abandoning module DatasmithContentEditor (344)
[2018.09.17-02.00.27:509][ 29]LogModuleManager: Shutting down and abandoning module DatasmithContent (342)
[2018.09.17-02.00.27:510][ 29]LogModuleManager: Shutting down and abandoning module SpeedTreeImporter (340)
[2018.09.17-02.00.27:510][ 29]LogModuleManager: Shutting down and abandoning module PluginBrowser (338)
[2018.09.17-02.00.27:510][ 29]LogModuleManager: Shutting down and abandoning module MobileLauncherProfileWizard (336)
[2018.09.17-02.00.27:510][ 29]LogModuleManager: Shutting down and abandoning module PolygonModeling (334)
[2018.09.17-02.00.27:510][ 29]LogModuleManager: Shutting down and abandoning module MeshEditor (332)
[2018.09.17-02.00.27:510][ 29]LogModuleManager: Shutting down and abandoning module EditorScriptingUtilities (330)
[2018.09.17-02.00.27:510][ 29]LogModuleManager: Shutting down and abandoning module CryptoKeysOpenSSL (328)
[2018.09.17-02.00.27:510][ 29]LogModuleManager: Shutting down and abandoning module CryptoKeys (326)
[2018.09.17-02.00.27:510][ 29]LogModuleManager: Shutting down and abandoning module VisualStudioSourceCodeAccess (324)
[2018.09.17-02.00.27:510][ 29]LogModuleManager: Shutting down and abandoning module VisualStudioCodeSourceCodeAccess (322)
[2018.09.17-02.00.27:510][ 29]LogModuleManager: Shutting down and abandoning module UObjectPlugin (320)
[2018.09.17-02.00.27:510][ 29]LogModuleManager: Shutting down and abandoning module SubversionSourceControl (318)
[2018.09.17-02.00.27:510][ 29]LogModuleManager: Shutting down and abandoning module PerforceSourceControl (316)
[2018.09.17-02.00.27:510][ 29]LogModuleManager: Shutting down and abandoning module GitSourceControl (314)
[2018.09.17-02.00.27:510][ 29]LogModuleManager: Shutting down and abandoning module SourceControl (313)
[2018.09.17-02.00.27:510][ 29]LogModuleManager: Shutting down and abandoning module CLionSourceCodeAccess (310)
[2018.09.17-02.00.27:510][ 29]LogModuleManager: Shutting down and abandoning module LightPropagationVolumeEditor (308)
[2018.09.17-02.00.27:510][ 29]LogModuleManager: Shutting down and abandoning module PaperTiledImporter (306)
[2018.09.17-02.00.27:510][ 29]LogModuleManager: Shutting down and abandoning module PaperSpriteSheetImporter (304)
[2018.09.17-02.00.27:510][ 29]LogModuleManager: Shutting down and abandoning module Paper2DEditor (302)
[2018.09.17-02.00.27:510][ 29]LogModuleManager: Shutting down and abandoning module MeshPaint (301)
[2018.09.17-02.00.27:510][ 29]LogModuleManager: Shutting down and abandoning module RuntimePhysXCooking (298)
[2018.09.17-02.00.27:510][ 29]LogModuleManager: Shutting down and abandoning module PhysXVehiclesEditor (296)
[2018.09.17-02.00.27:510][ 29]LogModuleManager: Shutting down and abandoning module PhysXVehicles (294)
[2018.09.17-02.00.27:510][ 29]LogModuleManager: Shutting down and abandoning module OculusEditor (292)
[2018.09.17-02.00.27:510][ 29]LogModuleManager: Shutting down and abandoning module LocationServicesBPLibrary (290)
[2018.09.17-02.00.27:510][ 29]LogModuleManager: Shutting down and abandoning module ImmediatePhysicsEditor (288)
[2018.09.17-02.00.27:510][ 29]LogModuleManager: Shutting down and abandoning module ImmediatePhysics (286)
[2018.09.17-02.00.27:510][ 29]LogModuleManager: Shutting down and abandoning module ActorSequence (284)
[2018.09.17-02.00.27:510][ 29]LogModuleManager: Shutting down and abandoning module UdpMessaging (282)
[2018.09.17-02.00.27:612][ 29]LogModuleManager: Shutting down and abandoning module TcpMessaging (280)
[2018.09.17-02.00.27:712][ 29]LogModuleManager: Shutting down and abandoning module MagicLeapAudio (278)
[2018.09.17-02.00.27:712][ 29]LogModuleManager: Shutting down and abandoning module GameplayTagsEditor (276)
[2018.09.17-02.00.27:712][ 29]LogModuleManager: Shutting down and abandoning module FacialAnimationEditor (274)
[2018.09.17-02.00.27:712][ 29]LogModuleManager: Shutting down and abandoning module FacialAnimation (272)
[2018.09.17-02.00.27:712][ 29]LogModuleManager: Shutting down and abandoning module DataValidation (270)
[2018.09.17-02.00.27:712][ 29]LogModuleManager: Shutting down and abandoning module AssetManagerEditor (268)
[2018.09.17-02.00.27:712][ 29]LogModuleManager: Shutting down and abandoning module LevelEditor (267)
[2018.09.17-02.00.27:715][ 29]LogModuleManager: Shutting down and abandoning module PixelInspectorModule (266)
[2018.09.17-02.00.27:715][ 29]LogModuleManager: Shutting down and abandoning module CommonMenuExtensions (264)
[2018.09.17-02.00.27:715][ 29]LogModuleManager: Shutting down and abandoning module MainFrame (262)
[2018.09.17-02.00.27:715][ 29]LogModuleManager: Shutting down and abandoning module HotReload (261)
[2018.09.17-02.00.27:716][ 29]LogModuleManager: Shutting down and abandoning module ContentBrowser (257)
[2018.09.17-02.00.27:717][ 29]LogModuleManager: Shutting down and abandoning module TreeMap (255)
[2018.09.17-02.00.27:717][ 29]LogModuleManager: Shutting down and abandoning module LightPropagationVolumeRuntime (252)
[2018.09.17-02.00.27:717][ 29]LogModuleManager: Shutting down and abandoning module AISupportModule (250)
[2018.09.17-02.00.27:717][ 29]LogModuleManager: Shutting down and abandoning module Paper2D (248)
[2018.09.17-02.00.27:717][ 29]LogModuleManager: Shutting down and abandoning module WindowsMoviePlayer (246)
[2018.09.17-02.00.27:717][ 29]LogModuleManager: Shutting down and abandoning module WmfMedia (244)
[2018.09.17-02.00.27:718][ 29]LogModuleManager: Shutting down and abandoning module Media (243)
[2018.09.17-02.00.27:725][ 29]LogModuleManager: Shutting down and abandoning module PacketHandler (240)
[2018.09.17-02.00.27:725][ 29]LogModuleManager: Shutting down and abandoning module ClothingSystemEditor (238)
[2018.09.17-02.00.27:725][ 29]LogModuleManager: Shutting down and abandoning module ClothingSystemRuntime (236)
[2018.09.17-02.00.27:725][ 29]LogModuleManager: Shutting down and abandoning module MediaAssets (234)
[2018.09.17-02.00.27:725][ 29]LogModuleManager: Shutting down and abandoning module Overlay (232)
[2018.09.17-02.00.27:725][ 29]LogModuleManager: Shutting down and abandoning module OverlayEditor (231)
[2018.09.17-02.00.27:725][ 29]LogModuleManager: Shutting down and abandoning module VREditor (228)
[2018.09.17-02.00.27:725][ 29]LogModuleManager: Shutting down and abandoning module StringTableEditor (226)
[2018.09.17-02.00.27:725][ 29]LogModuleManager: Shutting down and abandoning module GameplayTasksEditor (224)
[2018.09.17-02.00.27:725][ 29]LogModuleManager: Shutting down and abandoning module BehaviorTreeEditor (222)
[2018.09.17-02.00.27:726][ 29]LogModuleManager: Shutting down and abandoning module FunctionalTesting (220)
[2018.09.17-02.00.27:726][ 29]LogModuleManager: Shutting down and abandoning module CollisionAnalyzer (218)
[2018.09.17-02.00.27:726][ 29]LogModuleManager: Shutting down and abandoning module WorkspaceMenuStructure (217)
[2018.09.17-02.00.27:726][ 29]LogModuleManager: Shutting down and abandoning module UMG (214)
[2018.09.17-02.00.27:726][ 29]LogModuleManager: Shutting down and abandoning module UMGEditor (213)
[2018.09.17-02.00.27:726][ 29]LogModuleManager: Shutting down and abandoning module Sequencer (212)
[2018.09.17-02.00.27:726][ 29]LogModuleManager: Shutting down and abandoning module MessageLog (209)
[2018.09.17-02.00.27:726][ 29]LogModuleManager: Shutting down and abandoning module SlateReflector (204)
[2018.09.17-02.00.27:726][ 29]LogModuleManager: Shutting down and abandoning module Slate (202)
[2018.09.17-02.00.27:726][ 29]LogModuleManager: Shutting down and abandoning module EditorStyle (200)
[2018.09.17-02.00.27:728][ 29]LogModuleManager: Shutting down and abandoning module MRMesh (198)
[2018.09.17-02.00.27:728][ 29]LogModuleManager: Shutting down and abandoning module SourceCodeAccess (196)
[2018.09.17-02.00.27:728][ 29]LogModuleManager: Shutting down and abandoning module HeadMountedDisplay (194)
[2018.09.17-02.00.27:728][ 29]LogModuleManager: Shutting down and abandoning module XAudio2 (192)
[2018.09.17-02.00.27:728][ 29]LogModuleManager: Shutting down and abandoning module Networking (190)
[2018.09.17-02.00.27:728][ 29]LogModuleManager: Shutting down and abandoning module Core (188)
[2018.09.17-02.00.27:728][ 29]LogModuleManager: Shutting down and abandoning module LevelSequence (186)
[2018.09.17-02.00.27:728][ 29]LogModuleManager: Shutting down and abandoning module KismetCompiler (184)
[2018.09.17-02.00.27:728][ 29]LogModuleManager: Shutting down and abandoning module MeshUtilities (182)
[2018.09.17-02.00.27:728][ 29]LogModuleManager: Shutting down and abandoning module MeshMergeUtilities (181)
[2018.09.17-02.00.27:728][ 29]LogModuleManager: Shutting down and abandoning module MeshReductionInterface (180)
[2018.09.17-02.00.27:728][ 29]LogModuleManager: Shutting down and abandoning module SimplygonSwarm (179)
[2018.09.17-02.00.27:728][ 29]LogModuleManager: Shutting down and abandoning module ProxyLODMeshReduction (177)
[2018.09.17-02.00.27:729][ 29]LogModuleManager: Shutting down and abandoning module SimplygonMeshReduction (175)
[2018.09.17-02.00.27:729][ 29]LogModuleManager: Shutting down and abandoning module QuadricMeshReduction (173)
[2018.09.17-02.00.27:729][ 29]LogModuleManager: Shutting down and abandoning module MaterialBaking (169)
[2018.09.17-02.00.27:729][ 29]LogModuleManager: Shutting down and abandoning module DirectoryWatcher (165)
[2018.09.17-02.00.27:729][ 29]LogModuleManager: Shutting down and abandoning module DerivedDataCache (162)
[2018.09.17-02.00.27:792][ 29]LogDerivedDataCache: Shutdown
[2018.09.17-02.00.27:792][ 29]LogModuleManager: Shutting down and abandoning module XGEController (160)
[2018.09.17-02.00.27:792][ 29]LogModuleManager: Shutting down and abandoning module TargetPlatform (158)
[2018.09.17-02.00.27:792][ 29]LogModuleManager: Shutting down and abandoning module VulkanShaderFormat (157)
[2018.09.17-02.00.27:792][ 29]LogModuleManager: Shutting down and abandoning module ShaderFormatVectorVM (155)
[2018.09.17-02.00.27:792][ 29]LogModuleManager: Shutting down and abandoning module ShaderFormatOpenGL (153)
[2018.09.17-02.00.27:792][ 29]LogModuleManager: Shutting down and abandoning module ShaderFormatD3D (151)
[2018.09.17-02.00.27:792][ 29]LogModuleManager: Shutting down and abandoning module MetalShaderFormat (149)
[2018.09.17-02.00.27:793][ 29]LogModuleManager: Shutting down and abandoning module TextureFormatUncompressed (147)
[2018.09.17-02.00.27:793][ 29]LogModuleManager: Shutting down and abandoning module TextureFormatPVR (145)
[2018.09.17-02.00.27:793][ 29]LogModuleManager: Shutting down and abandoning module TextureFormatDXT (143)
[2018.09.17-02.00.27:793][ 29]LogModuleManager: Shutting down and abandoning module TextureFormatIntelISPCTexComp (141)
[2018.09.17-02.00.27:793][ 29]LogModuleManager: Shutting down and abandoning module TextureFormatASTC (139)
[2018.09.17-02.00.27:793][ 29]LogModuleManager: Shutting down and abandoning module ImageWrapper (138)
[2018.09.17-02.00.27:793][ 29]LogModuleManager: Shutting down and abandoning module TextureFormatAndroid (135)
[2018.09.17-02.00.27:793][ 29]LogModuleManager: Shutting down and abandoning module AudioFormatOpus (133)
[2018.09.17-02.00.27:793][ 29]LogModuleManager: Shutting down and abandoning module AudioFormatOgg (131)
[2018.09.17-02.00.27:793][ 29]LogModuleManager: Shutting down and abandoning module AudioFormatADPCM (129)
[2018.09.17-02.00.27:793][ 29]LogModuleManager: Shutting down and abandoning module LuminTargetPlatform (127)
[2018.09.17-02.00.27:793][ 29]LogModuleManager: Shutting down and abandoning module LinuxTargetPlatform (125)
[2018.09.17-02.00.27:793][ 29]LogModuleManager: Shutting down and abandoning module LinuxServerTargetPlatform (123)
[2018.09.17-02.00.27:793][ 29]LogModuleManager: Shutting down and abandoning module LinuxNoEditorTargetPlatform (121)
[2018.09.17-02.00.27:793][ 29]LogModuleManager: Shutting down and abandoning module LinuxClientTargetPlatform (119)
[2018.09.17-02.00.27:793][ 29]LogModuleManager: Shutting down and abandoning module TVOSTargetPlatform (117)
[2018.09.17-02.00.27:794][ 29]LogModuleManager: Shutting down and abandoning module Messaging (115)
[2018.09.17-02.00.27:794][ 29]LogModuleManager: Shutting down and abandoning module IOSTargetPlatform (113)
[2018.09.17-02.00.27:794][ 29]LogModuleManager: Shutting down and abandoning module HTML5TargetPlatform (111)
[2018.09.17-02.00.27:794][ 29]LogModuleManager: Shutting down and abandoning module AndroidTargetPlatform (109)
[2018.09.17-02.00.27:799][ 29]LogModuleManager: Shutting down and abandoning module WindowsTargetPlatform (107)
[2018.09.17-02.00.27:799][ 29]LogModuleManager: Shutting down and abandoning module WindowsServerTargetPlatform (105)
[2018.09.17-02.00.27:799][ 29]LogModuleManager: Shutting down and abandoning module WindowsNoEditorTargetPlatform (103)
[2018.09.17-02.00.27:799][ 29]LogModuleManager: Shutting down and abandoning module WindowsClientTargetPlatform (101)
[2018.09.17-02.00.27:799][ 29]LogModuleManager: Shutting down and abandoning module MacTargetPlatform (99)
[2018.09.17-02.00.27:799][ 29]LogModuleManager: Shutting down and abandoning module MacServerTargetPlatform (97)
[2018.09.17-02.00.27:799][ 29]LogModuleManager: Shutting down and abandoning module MacNoEditorTargetPlatform (95)
[2018.09.17-02.00.27:799][ 29]LogModuleManager: Shutting down and abandoning module MacClientTargetPlatform (93)
[2018.09.17-02.00.27:799][ 29]LogModuleManager: Shutting down and abandoning module AllDesktopTargetPlatform (91)
[2018.09.17-02.00.27:800][ 29]LogModuleManager: Shutting down and abandoning module InputCore (88)
[2018.09.17-02.00.27:800][ 29]LogModuleManager: Shutting down and abandoning module Settings (86)
[2018.09.17-02.00.27:800][ 29]LogModuleManager: Shutting down and abandoning module PhysXCooking (84)
[2018.09.17-02.00.27:800][ 29]LogModuleManager: Shutting down and abandoning module SteamVR (82)
[2018.09.17-02.00.27:800][ 29]LogModuleManager: Shutting down and abandoning module OculusHMD (80)
[2018.09.17-02.00.27:800][ 29]LogModuleManager: Shutting down and abandoning module ExampleDeviceProfileSelector (78)
[2018.09.17-02.00.27:800][ 29]LogModuleManager: Shutting down and abandoning module LauncherChunkInstaller (76)
[2018.09.17-02.00.27:800][ 29]LogModuleManager: Shutting down and abandoning module OnlineBlueprintSupport (74)
[2018.09.17-02.00.27:800][ 29]LogModuleManager: Shutting down and abandoning module OnlineSubsystem (70)
[2018.09.17-02.00.27:800][ 29]LogModuleManager: Shutting down and abandoning module XMPP (65)
[2018.09.17-02.00.27:800][ 29]LogModuleManager: Shutting down and abandoning module WebSockets (64)
[2018.09.17-02.00.27:826][ 29]LogModuleManager: Shutting down and abandoning module HTTP (61)
[2018.09.17-02.00.27:826][ 29]LogHttp: Display: Http module shutting down, but needs to wait on 1 outstanding Http requests:
[2018.09.17-02.00.27:827][ 29]LogHttp: Display: 	verb=[POST] url=[https://datarouter.ol.epicgames.com/datarouter/api/v1/public/data?SessionID=%7BF1F8DA51-4AB2-D190-6A52-40B8E72F4DDD%7D&AppID=UEEditor.Rocket.Release&AppVersion=4.20.2-4302132%2B%2B%2BUE4%2BRelease-4.20&UserID=d39b13894c93ba32fa9b8ea6bce1175b%7Ca81745f7fe1e43c0aebc2cdd0fcde771%7C8f7ca108-0e80-45bf-b167-f38aa5d91da3&AppEnvironment=datacollector-binary&UploadType=eteventstream] status=Processing
[2018.09.17-02.00.27:861][ 29]LogModuleManager: Shutting down and abandoning module SSL (60)
[2018.09.17-02.00.27:862][ 29]LogModuleManager: Shutting down and abandoning module MagicLeapEmulator (56)
[2018.09.17-02.00.27:862][ 29]LogModuleManager: Shutting down and abandoning module MagicLeapPrivileges (54)
[2018.09.17-02.00.27:862][ 29]LogModuleManager: Shutting down and abandoning module MagicLeapIdentity (52)
[2018.09.17-02.00.27:862][ 29]LogModuleManager: Shutting down and abandoning module MagicLeapHelperVulkan (50)
[2018.09.17-02.00.27:862][ 29]LogModuleManager: Shutting down and abandoning module MagicLeapHelperOpenGL (48)
[2018.09.17-02.00.27:862][ 29]LogModuleManager: Shutting down and abandoning module MagicLeapSecureStorage (46)
[2018.09.17-02.00.27:862][ 29]LogModuleManager: Shutting down and abandoning module MagicLeapGestures (44)
[2018.09.17-02.00.27:862][ 29]LogModuleManager: Shutting down and abandoning module MagicLeapEyeTracker (42)
[2018.09.17-02.00.27:862][ 29]LogModuleManager: Shutting down and abandoning module MagicLeapController (40)
[2018.09.17-02.00.27:862][ 29]LogSlate: Slate User Destroyed.  User Index 0, Is Virtual User: 0
[2018.09.17-02.00.27:862][ 29]LogModuleManager: Shutting down and abandoning module MagicLeap (38)
[2018.09.17-02.00.27:862][ 29]LogModuleManager: Shutting down and abandoning module AnimationModifiers (36)
[2018.09.17-02.00.27:862][ 29]LogModuleManager: Shutting down and abandoning module PropertyEditor (35)
[2018.09.17-02.00.27:862][ 29]LogModuleManager: Shutting down and abandoning module AudioEditor (32)
[2018.09.17-02.00.27:862][ 29]LogModuleManager: Shutting down and abandoning module TextureCompressor (30)
[2018.09.17-02.00.27:862][ 29]LogModuleManager: Shutting down and abandoning module ShaderCore (28)
[2018.09.17-02.00.27:862][ 29]LogModuleManager: Shutting down and abandoning module Landscape (26)
[2018.09.17-02.00.27:862][ 29]LogModuleManager: Shutting down and abandoning module SlateRHIRenderer (24)
[2018.09.17-02.00.27:863][ 29]LogModuleManager: Shutting down and abandoning module OpenGLDrv (22)
[2018.09.17-02.00.27:863][ 29]LogModuleManager: Shutting down and abandoning module D3D11RHI (20)
[2018.09.17-02.00.27:863][ 29]LogModuleManager: Shutting down and abandoning module AnimGraphRuntime (18)
[2018.09.17-02.00.27:863][ 29]LogModuleManager: Shutting down and abandoning module Renderer (16)
[2018.09.17-02.00.27:863][ 29]LogModuleManager: Shutting down and abandoning module Engine (14)
[2018.09.17-02.00.27:863][ 29]LogModuleManager: Shutting down and abandoning module CoreUObject (12)
[2018.09.17-02.00.27:863][ 29]LogModuleManager: Shutting down and abandoning module NetworkFile (10)
[2018.09.17-02.00.27:863][ 29]LogModuleManager: Shutting down and abandoning module CookedIterativeFile (8)
[2018.09.17-02.00.27:863][ 29]LogModuleManager: Shutting down and abandoning module StreamingFile (6)
[2018.09.17-02.00.27:863][ 29]LogModuleManager: Shutting down and abandoning module SandboxFile (4)
[2018.09.17-02.00.27:863][ 29]LogModuleManager: Shutting down and abandoning module PakFile (2)
[2018.09.17-02.00.27:870][ 29]LogExit: Exiting.
[2018.09.17-02.00.27:897][ 29]Log file closed, 09/17/18 12:00:27
