Log file open, 10/02/18 08:55:02
LogWindows: Failed to load 'aqProf.dll' (GetLastError=126)
LogWindows: File 'aqProf.dll' does not exist
LogWindows: Failed to load 'VSPerf140.dll' (GetLastError=126)
LogWindows: File 'VSPerf140.dll' does not exist
LogWindows: Failed to load 'VtuneApi.dll' (GetLastError=126)
LogWindows: File 'VtuneApi.dll' does not exist
LogWindows: Failed to load 'VtuneApi32e.dll' (GetLastError=126)
LogWindows: File 'VtuneApi32e.dll' does not exist
LogInit: Display: Running engine for game: ThirdPersonShooter
LogPlatformFile: Not using cached read wrapper
LogTaskGraph: Started task graph with 5 named threads and 23 total threads with 3 sets of task threads.
LogStats: Stats thread started at 0.263328
LogD3D11RHI: Loaded GFSDK_Aftermath_Lib.x64.dll
LogICUInternationalization: Display: ICU TimeZone Detection - Raw Offset: +10:00, Platform Override: ''
LogPluginManager: Mounting plugin Paper2D
LogPluginManager: Mounting plugin AISupport
LogPluginManager: Mounting plugin LightPropagationVolume
LogPluginManager: Mounting plugin CLionSourceCodeAccess
LogPluginManager: Mounting plugin CodeLiteSourceCodeAccess
LogPluginManager: Mounting plugin GitSourceControl
LogPluginManager: Mounting plugin KDevelopSourceCodeAccess
LogPluginManager: Mounting plugin NullSourceCodeAccess
LogPluginManager: Mounting plugin PerforceSourceControl
LogPluginManager: Mounting plugin SubversionSourceControl
LogPluginManager: Mounting plugin UObjectPlugin
LogPluginManager: Mounting plugin VisualStudioCodeSourceCodeAccess
LogPluginManager: Mounting plugin VisualStudioSourceCodeAccess
LogPluginManager: Mounting plugin XCodeSourceCodeAccess
LogPluginManager: Mounting plugin AssetManagerEditor
LogPluginManager: Mounting plugin CryptoKeys
LogPluginManager: Mounting plugin DataValidation
LogPluginManager: Mounting plugin EditorScriptingUtilities
LogPluginManager: Mounting plugin FacialAnimation
LogPluginManager: Mounting plugin GameplayTagsEditor
LogPluginManager: Mounting plugin MacGraphicsSwitching
LogPluginManager: Mounting plugin MeshEditor
LogPluginManager: Mounting plugin MobileLauncherProfileWizard
LogPluginManager: Mounting plugin PluginBrowser
LogPluginManager: Mounting plugin SpeedTreeImporter
LogPluginManager: Mounting plugin DatasmithContent
LogPluginManager: Mounting plugin AlembicImporter
LogPluginManager: Mounting plugin AppleImageUtils
LogPluginManager: Mounting plugin AppleVision
LogPluginManager: Mounting plugin BackChannel
LogPluginManager: Mounting plugin CharacterAI
LogPluginManager: Mounting plugin GeometryCache
LogPluginManager: Mounting plugin HTML5Networking
LogPluginManager: Mounting plugin ProxyLODPlugin
LogPluginManager: Mounting plugin MagicLeap
LogPluginManager: Mounting plugin MagicLeapEmulator
LogPluginManager: Mounting plugin MagicLeapMedia
LogPluginManager: Mounting plugin AndroidMedia
LogPluginManager: Mounting plugin AvfMedia
LogPluginManager: Mounting plugin ImgMedia
LogPluginManager: Mounting plugin LinearTimecode
LogPluginManager: Mounting plugin MediaCompositing
LogPluginManager: Mounting plugin MediaPlayerEditor
LogPluginManager: Mounting plugin WmfMedia
LogPluginManager: Mounting plugin TcpMessaging
LogPluginManager: Mounting plugin UdpMessaging
LogPluginManager: Mounting plugin ActorSequence
LogPluginManager: Mounting plugin LevelSequenceEditor
LogPluginManager: Mounting plugin MatineeToLevelSequence
LogPluginManager: Mounting plugin NetcodeUnitTest
LogPluginManager: Mounting plugin NUTUnrealEngine4
LogPluginManager: Mounting plugin OnlineSubsystemGooglePlay
LogPluginManager: Mounting plugin OnlineSubsystemIOS
LogPluginManager: Mounting plugin OnlineSubsystem
LogPluginManager: Mounting plugin OnlineSubsystemNull
LogPluginManager: Mounting plugin OnlineSubsystemUtils
LogPluginManager: Mounting plugin LauncherChunkInstaller
LogPluginManager: Mounting plugin AndroidDeviceProfileSelector
LogPluginManager: Mounting plugin AndroidMoviePlayer
LogPluginManager: Mounting plugin AndroidPermission
LogPluginManager: Mounting plugin AppleMoviePlayer
LogPluginManager: Mounting plugin ArchVisCharacter
LogPluginManager: Mounting plugin AudioCapture
LogPluginManager: Mounting plugin CableComponent
LogPluginManager: Mounting plugin CustomMeshComponent
LogPluginManager: Mounting plugin EditableMesh
LogPluginManager: Mounting plugin ExampleDeviceProfileSelector
LogPluginManager: Mounting plugin GoogleCloudMessaging
LogPluginManager: Mounting plugin ImmediatePhysics
LogPluginManager: Mounting plugin IOSDeviceProfileSelector
LogPluginManager: Mounting plugin LinuxDeviceProfileSelector
LogPluginManager: Mounting plugin LocationServicesBPLibrary
LogPluginManager: Mounting plugin MobilePatchingUtils
LogPluginManager: Mounting plugin OculusVR
LogPluginManager: Plugin shader directory ../../../Engine/Plugins/Runtime/Oculus/OculusVR/Shaders found
LogPluginManager: Mapping shader source directory ../../../Engine/Plugins/Runtime/Oculus/OculusVR/Shaders to virtual directory /Plugin/OculusVR
LogPluginManager: Mounting plugin PhysXVehicles
LogPluginManager: Mounting plugin ProceduralMeshComponent
LogPluginManager: Mounting plugin RuntimePhysXCooking
LogPluginManager: Mounting plugin SteamVR
LogPluginManager: Mounting plugin WindowsMoviePlayer
LogPluginManager: Mounting plugin DatasmithCADImporter
LogPluginManager: Mounting plugin DatasmithFBXImporter
LogPluginManager: Mounting plugin DatasmithImporter
LogPluginManager: Mounting plugin DatasmithMDLImporter
LogPluginManager: Mounting plugin StaticMeshEditorExtension
LogStreaming: Display: Took  0.090s to configure plugins.
LogInit: Using libcurl 7.55.1-DEV
LogInit:  - built for x86_64-pc-win32
LogInit:  - supports SSL with OpenSSL/1.0.2h
LogInit:  - supports HTTP deflate (compression) using libz 1.2.8
LogInit:  - other features:
LogInit:      CURL_VERSION_SSL
LogInit:      CURL_VERSION_LIBZ
LogInit:      CURL_VERSION_IPV6
LogInit:      CURL_VERSION_ASYNCHDNS
LogInit:      CURL_VERSION_LARGEFILE
LogInit:      CURL_VERSION_IDN
LogInit:  CurlRequestOptions (configurable via config and command line):
LogInit:  - bVerifyPeer = false  - Libcurl will NOT verify peer certificate
LogInit:  - bUseHttpProxy = false  - Libcurl will NOT use HTTP proxy
LogInit:  - bDontReuseConnections = false  - Libcurl will reuse connections
LogInit:  - CertBundlePath = nullptr  - Libcurl will use whatever was configured at build time.
LogInit:  - MaxHostConnections = 16  - Libcurl will limit the number of connections to a host
LogInit:  - LocalHostAddr = Default
LogInit:  - BufferSize = 65536
LogInit: WinSock: version 1.1 (2.2), MaxSocks=32767, MaxUdp=65467
LogHMD: Failed initializing OVRPlugin 1.25.0
LogInit: Build: ++UE4+Release-4.20-CL-4302132
LogInit: Engine Version: 4.20.2-4302132+++UE4+Release-4.20
LogInit: Compatible Engine Version: 4.20.0-4212847+++UE4+Release-4.20
LogInit: Net CL: 4212847
LogInit: OS: Windows 10 (), CPU: Intel(R) Core(TM) i7-6700 CPU @ 3.40GHz, GPU: NVIDIA GeForce GTX 980
LogInit: Compiled (64-bit): Aug 21 2018 02:06:06
LogInit: Compiled with Visual C++: 19.13.26129.00
LogInit: Build Configuration: Development
LogInit: Branch Name: ++UE4+Release-4.20
LogInit: Command Line:  
LogInit: Base Directory: C:/Program Files/Epic Games/UE_4.20/Engine/Binaries/Win64/
LogInit: Installed Engine Build: 1
LogDevObjectVersion: Number of dev versions registered: 20
LogDevObjectVersion:   Dev-Blueprints (B0D832E4-1F89-4F0D-ACCF-7EB736FD4AA2): 10
LogDevObjectVersion:   Dev-Build (E1C64328-A22C-4D53-A36C-8E866417BD8C): 0
LogDevObjectVersion:   Dev-Core (375EC13C-06E4-48FB-B500-84F0262A717E): 2
LogDevObjectVersion:   Dev-Editor (E4B068ED-F494-42E9-A231-DA0B2E46BB41): 24
LogDevObjectVersion:   Dev-Framework (CFFC743F-43B0-4480-9391-14DF171D2073): 34
LogDevObjectVersion:   Dev-Mobile (B02B49B5-BB20-44E9-A304-32B752E40360): 2
LogDevObjectVersion:   Dev-Networking (A4E4105C-59A1-49B5-A7C5-40C4547EDFEE): 0
LogDevObjectVersion:   Dev-Online (39C831C9-5AE6-47DC-9A44-9C173E1C8E7C): 0
LogDevObjectVersion:   Dev-Physics (78F01B33-EBEA-4F98-B9B4-84EACCB95AA2): 0
LogDevObjectVersion:   Dev-Platform (6631380F-2D4D-43E0-8009-CF276956A95A): 0
LogDevObjectVersion:   Dev-Rendering (12F88B9F-8875-4AFC-A67C-D90C383ABD29): 26
LogDevObjectVersion:   Dev-Sequencer (7B5AE74C-D270-4C10-A958-57980B212A5A): 9
LogDevObjectVersion:   Dev-VR (D7296918-1DD6-4BDD-9DE2-64A83CC13884): 2
LogDevObjectVersion:   Dev-LoadTimes (C2A15278-BFE7-4AFE-6C17-90FF531DF755): 1
LogDevObjectVersion:   Private-Geometry (6EACA3D4-40EC-4CC1-B786-8BED09428FC5): 3
LogDevObjectVersion:   Dev-AnimPhys (29E575DD-E0A3-4627-9D10-D276232CDCEA): 17
LogDevObjectVersion:   Dev-ReflectionCapture (6B266CEC-1EC7-4B8F-A30B-E4D90942FC07): 1
LogDevObjectVersion:   Dev-Automation (0DF73D61-A23F-47EA-B727-89E90C41499A): 1
LogDevObjectVersion:   FortniteMain (601D1886-AC64-4F84-AA16-D3DE0DEAC7D6): 12
LogDevObjectVersion:   Dev-Enterprise (9DFFBCD6-494F-0158-E221-12823C92A888): 1
LogStreaming: Display: Took  0.010s to delete old logs.
LogInit: Presizing for max 8388607 objects, including 0 objects not considered by GC, pre-allocating 0 bytes for permanent pool.
LogInit: Object subsystem initialized
[2018.10.01-22.55.03:657][  0]LogInit: Selected Device Profile: [Windows]
[2018.10.01-22.55.03:657][  0]LogInit: Applying CVar settings loaded from the selected device profile: [Windows]
[2018.10.01-22.55.03:668][  0]LogHAL: Display: Platform has ~ 32 GB [34267594752 / 34359738368 / 32], which maps to Largest [LargestMinGB=32, LargerMinGB=12, DefaultMinGB=8, SmallerMinGB=6, SmallestMinGB=0)
[2018.10.01-22.55.03:668][  0]LogInit: Setting Device Profile CVar: [[r.Vulkan.UseRealUBs:1]]
[2018.10.01-22.55.03:668][  0]LogInit: Going up to parent DeviceProfile []
[2018.10.01-22.55.03:669][  0]LogInit: Computer: SYD-TEST-GAMES
[2018.10.01-22.55.03:669][  0]LogInit: User: sae
[2018.10.01-22.55.03:669][  0]LogInit: CPU Page size=4096, Cores=4
[2018.10.01-22.55.03:669][  0]LogInit: High frequency timer resolution =3.328125 MHz
[2018.10.01-22.55.03:669][  0]LogMemory: Memory total: Physical=31.9GB (32GB approx)
[2018.10.01-22.55.03:669][  0]LogMemory: Platform Memory Stats for Windows
[2018.10.01-22.55.03:669][  0]LogMemory: Process Physical Memory: 102.47 MB used, 102.47 MB peak
[2018.10.01-22.55.03:669][  0]LogMemory: Process Virtual Memory: 92.66 MB used, 92.66 MB peak
[2018.10.01-22.55.03:669][  0]LogMemory: Physical Memory: 4124.43 MB used,  28555.70 MB free, 32680.13 MB total
[2018.10.01-22.55.03:669][  0]LogMemory: Virtual Memory: 4653.41 MB used,  28555.70 MB free, 134217728.00 MB total
[2018.10.01-22.55.03:683][  0]LogInit: Using OS detected language (en-US).
[2018.10.01-22.55.03:683][  0]LogInit: Using OS detected locale (en-AU).
[2018.10.01-22.55.03:683][  0]LogTextLocalizationManager: No specific localization for 'en-US' exists, so the 'en' localization will be used.
[2018.10.01-22.55.03:982][  0]LogStreaming: Display: Took  0.300s to InitEngineTextLocalization.
[2018.10.01-22.55.03:983][  0]LogInit: Setting process to per monitor DPI aware
[2018.10.01-22.55.04:014][  0]LogSlate: New Slate User Created.  User Index 0, Is Virtual User: 0
[2018.10.01-22.55.04:014][  0]LogSlate: Slate User Registered.  User Index 0, Is Virtual User: 0
[2018.10.01-22.55.04:174][  0]LogHMD: Failed to initialize OpenVR with code 110
[2018.10.01-22.55.04:174][  0]LogD3D11RHI: D3D11 adapters:
[2018.10.01-22.55.04:230][  0]LogD3D11RHI:    0. 'NVIDIA GeForce GTX 980' (Feature Level 11_0)
[2018.10.01-22.55.04:230][  0]LogD3D11RHI:       4053/0/16340 MB DedicatedVideo/DedicatedSystem/SharedSystem, Outputs:1, VendorId:0x10de
[2018.10.01-22.55.04:231][  0]LogD3D11RHI:    1. 'Microsoft Basic Render Driver' (Feature Level 11_0)
[2018.10.01-22.55.04:232][  0]LogD3D11RHI:       0/0/16340 MB DedicatedVideo/DedicatedSystem/SharedSystem, Outputs:0, VendorId:0x1414
[2018.10.01-22.55.04:232][  0]LogD3D11RHI: Chosen D3D11 Adapter: 0
[2018.10.01-22.55.04:236][  0]LogD3D11RHI: Creating new Direct3DDevice
[2018.10.01-22.55.04:236][  0]LogD3D11RHI:     GPU DeviceId: 0x13c0 (for the marketing name, search the web for "GPU Device Id")
[2018.10.01-22.55.04:236][  0]LogWindows: EnumDisplayDevices:
[2018.10.01-22.55.04:236][  0]LogWindows:    0. 'NVIDIA GeForce GTX 980' (P:1 D:1)
[2018.10.01-22.55.04:236][  0]LogWindows:    1. 'NVIDIA GeForce GTX 980' (P:0 D:0)
[2018.10.01-22.55.04:237][  0]LogWindows:    2. 'NVIDIA GeForce GTX 980' (P:0 D:0)
[2018.10.01-22.55.04:237][  0]LogWindows:    3. 'NVIDIA GeForce GTX 980' (P:0 D:0)
[2018.10.01-22.55.04:237][  0]LogWindows: DebugString: FoundDriverCount:4 
[2018.10.01-22.55.04:237][  0]LogD3D11RHI:     Adapter Name: NVIDIA GeForce GTX 980
[2018.10.01-22.55.04:237][  0]LogD3D11RHI:   Driver Version: 398.82 (internal:24.21.13.9882, unified:398.82)
[2018.10.01-22.55.04:237][  0]LogD3D11RHI:      Driver Date: 7-30-2018
[2018.10.01-22.55.04:237][  0]LogRHI: Texture pool is 2837 MB (70% of 4053 MB)
[2018.10.01-22.55.04:268][  0]LogD3D11RHI: Async texture creation enabled
[2018.10.01-22.55.04:284][  0]LogD3D11RHI: GPU Timing Frequency: 1000.000000 (Debug: 2 2)
[2018.10.01-22.55.04:332][  0]LogShaderCompilers: Guid format shader working directory is -144 characters bigger than the processId version (../../../../../../Users/sae/Downloads/GPG210-Prototypes-9fc058083a2a5e4720b9f9c631f8951ba5767b4e/GPG210-Prototypes-9fc058083a2a5e4720b9f9c631f8951ba5767b4e/FPSPrototype/ThirdPersonShooter/Intermediate/Shaders/WorkingDirectory/24132/).
[2018.10.01-22.55.04:333][  0]LogShaderCompilers: Cleaned the shader compiler working directory 'C:/Users/sae/AppData/Local/Temp/UnrealShaderWorkingDir/AD5F5DE2473B98875F9C95AC14E8D335/'.
[2018.10.01-22.55.04:557][  0]LogTemp: Display: Loaded TP AllDesktopTargetPlatform
[2018.10.01-22.55.04:568][  0]LogTemp: Display: Loaded TP MacClientTargetPlatform
[2018.10.01-22.55.04:578][  0]LogTemp: Display: Loaded TP MacNoEditorTargetPlatform
[2018.10.01-22.55.04:589][  0]LogTemp: Display: Loaded TP MacServerTargetPlatform
[2018.10.01-22.55.04:600][  0]LogTemp: Display: Loaded TP MacTargetPlatform
[2018.10.01-22.55.04:611][  0]LogTemp: Display: Loaded TP WindowsClientTargetPlatform
[2018.10.01-22.55.04:622][  0]LogTemp: Display: Loaded TP WindowsNoEditorTargetPlatform
[2018.10.01-22.55.04:633][  0]LogTemp: Display: Loaded TP WindowsServerTargetPlatform
[2018.10.01-22.55.04:638][  0]LogTemp: Display: Loaded TP WindowsTargetPlatform
[2018.10.01-22.55.04:704][  0]LogTemp: Display: Loaded TP AndroidTargetPlatform
[2018.10.01-22.55.04:704][  0]LogTemp: Display: Loaded TP AndroidTargetPlatform
[2018.10.01-22.55.04:704][  0]LogTemp: Display: Loaded TP AndroidTargetPlatform
[2018.10.01-22.55.04:704][  0]LogTemp: Display: Loaded TP AndroidTargetPlatform
[2018.10.01-22.55.04:704][  0]LogTemp: Display: Loaded TP AndroidTargetPlatform
[2018.10.01-22.55.04:704][  0]LogTemp: Display: Loaded TP AndroidTargetPlatform
[2018.10.01-22.55.04:704][  0]LogTemp: Display: Loaded TP AndroidTargetPlatform
[2018.10.01-22.55.04:704][  0]LogTemp: Display: Loaded TP AndroidTargetPlatform
[2018.10.01-22.55.04:704][  0]LogTemp: Display: Loaded TP AndroidTargetPlatform
[2018.10.01-22.55.04:704][  0]LogTemp: Display: Loaded TP AndroidTargetPlatform
[2018.10.01-22.55.04:704][  0]LogTemp: Display: Loaded TP AndroidTargetPlatform
[2018.10.01-22.55.04:704][  0]LogTemp: Display: Loaded TP AndroidTargetPlatform
[2018.10.01-22.55.04:704][  0]LogTemp: Display: Loaded TP AndroidTargetPlatform
[2018.10.01-22.55.04:704][  0]LogTemp: Display: Loaded TP AndroidTargetPlatform
[2018.10.01-22.55.04:704][  0]LogTemp: Display: Loaded TP AndroidTargetPlatform
[2018.10.01-22.55.04:704][  0]LogTemp: Display: Loaded TP AndroidTargetPlatform
[2018.10.01-22.55.04:704][  0]LogTemp: Display: Loaded TP AndroidTargetPlatform
[2018.10.01-22.55.04:704][  0]LogTemp: Display: Loaded TP AndroidTargetPlatform
[2018.10.01-22.55.04:705][  0]LogTemp: Display: Loaded TP HTML5TargetPlatform
[2018.10.01-22.55.04:760][  0]LogTemp: Display: Loaded TP IOSTargetPlatform
[2018.10.01-22.55.04:760][  0]LogTemp: Display: Loaded TP IOSTargetPlatform
[2018.10.01-22.55.04:802][  0]LogTemp: Display: Loaded TP TVOSTargetPlatform
[2018.10.01-22.55.04:802][  0]LogTemp: Display: Loaded TP TVOSTargetPlatform
[2018.10.01-22.55.04:816][  0]LogTemp: Display: Loaded TP LinuxClientTargetPlatform
[2018.10.01-22.55.04:826][  0]LogTemp: Display: Loaded TP LinuxNoEditorTargetPlatform
[2018.10.01-22.55.04:836][  0]LogTemp: Display: Loaded TP LinuxServerTargetPlatform
[2018.10.01-22.55.04:846][  0]LogTemp: Display: Loaded TP LinuxTargetPlatform
[2018.10.01-22.55.04:853][  0]LogTemp: Display: Loaded TP LuminTargetPlatform
[2018.10.01-22.55.04:853][  0]LogTargetPlatformManager: Display: Building Assets For Windows
[2018.10.01-22.55.04:894][  0]LogXGEController: Cleaning working directory: C:/Users/sae/AppData/Local/Temp/UnrealXGEWorkingDir/
[2018.10.01-22.55.04:894][  0]LogXGEController: Cannot use XGE Controller as Incredibuild is not installed on this machine.
[2018.10.01-22.55.04:894][  0]LogShaderCompilers: Cannot use XGE Shader Compiler as Incredibuild is not installed on this machine.
[2018.10.01-22.55.04:894][  0]LogShaderCompilers: Display: Using Local Shader Compiler.
[2018.10.01-22.55.05:504][  0]LogDerivedDataCache: Display: Max Cache Size: 512 MB
[2018.10.01-22.55.05:551][  0]LogDerivedDataCache: Loaded boot cache 0.05s 72MB C:/Users/sae/AppData/Local/UnrealEngine/4.20/DerivedDataCache/Boot.ddc.
[2018.10.01-22.55.05:551][  0]LogDerivedDataCache: Display: Loaded Boot cache: C:/Users/sae/AppData/Local/UnrealEngine/4.20/DerivedDataCache/Boot.ddc
[2018.10.01-22.55.05:551][  0]LogDerivedDataCache: FDerivedDataBackendGraph:  Pak pak cache file ../../../../../../Users/sae/Downloads/GPG210-Prototypes-9fc058083a2a5e4720b9f9c631f8951ba5767b4e/GPG210-Prototypes-9fc058083a2a5e4720b9f9c631f8951ba5767b4e/FPSPrototype/ThirdPersonShooter/DerivedDataCache/DDC.ddp not found, will not use a pak cache.
[2018.10.01-22.55.05:551][  0]LogDerivedDataCache: Unable to find inner node Pak for hierarchical cache Hierarchy.
[2018.10.01-22.55.05:551][  0]LogDerivedDataCache: FDerivedDataBackendGraph:  CompressedPak pak cache file ../../../../../../Users/sae/Downloads/GPG210-Prototypes-9fc058083a2a5e4720b9f9c631f8951ba5767b4e/GPG210-Prototypes-9fc058083a2a5e4720b9f9c631f8951ba5767b4e/FPSPrototype/ThirdPersonShooter/DerivedDataCache/Compressed.ddp not found, will not use a pak cache.
[2018.10.01-22.55.05:551][  0]LogDerivedDataCache: Unable to find inner node CompressedPak for hierarchical cache Hierarchy.
[2018.10.01-22.55.05:563][  0]LogDerivedDataCache: Display: Pak cache opened for reading ../../../Engine/DerivedDataCache/Compressed.ddp.
[2018.10.01-22.55.05:575][  0]LogDerivedDataCache: Using Local data cache path C:/Users/sae/AppData/Local/UnrealEngine/Common/DerivedDataCache: Writable
[2018.10.01-22.55.05:575][  0]LogDerivedDataCache: Shared data cache path not found in *engine.ini, will not use an Shared cache.
[2018.10.01-22.55.05:575][  0]LogDerivedDataCache: Unable to find inner node Shared for hierarchical cache Hierarchy.
[2018.10.01-22.55.05:590][  0]LogMaterial: Verifying Global Shaders for PCD3D_SM5
[2018.10.01-22.55.05:591][  0]LogSlate: Using FreeType 2.6.0
[2018.10.01-22.55.05:591][  0]LogSlate: SlateFontServices - WITH_FREETYPE: 1, WITH_HARFBUZZ: 1
[2018.10.01-22.55.05:654][  0]LogAssetRegistry: FAssetRegistry took 0.0255 seconds to start up
[2018.10.01-22.55.05:919][  0]LogInit: Selected Device Profile: [Windows]
[2018.10.01-22.55.06:022][  0]LogSimplygon: Simplygon DLL not present - disabling.
[2018.10.01-22.55.06:024][  0]LogMeshReduction: Using SimplygonSwarm for distributed automatic mesh merging
[2018.10.01-22.55.06:024][  0]LogMeshReduction: Using ProxyLODMeshReduction for automatic mesh merging
[2018.10.01-22.55.06:024][  0]LogMeshReduction: Using QuadricMeshReduction for automatic static mesh reduction
[2018.10.01-22.55.06:024][  0]LogMeshReduction: No automatic skeletal mesh reduction module available
[2018.10.01-22.55.06:039][  0]LogNetVersion: ThirdPersonShooter 1.0.0, NetCL: 4212847, EngineNetVer: 5, GameNetVer: 0 (Checksum: 66249339)
[2018.10.01-22.55.06:488][  0]LogPackageLocalizationCache: Processed 13 localized package path(s) for 2 prioritized culture(s) in 0.097769 seconds
[2018.10.01-22.55.06:493][  0]LogUObjectArray: 38425 objects as part of root set at end of initial load.
[2018.10.01-22.55.06:493][  0]LogUObjectAllocator: 6690864 out of 0 bytes used by permanent object pool.
[2018.10.01-22.55.06:493][  0]LogUObjectArray: CloseDisregardForGC: 0/0 objects in disregard for GC pool
[2018.10.01-22.55.07:166][  0]LogTcpMessaging: Initializing TcpMessaging bridge
[2018.10.01-22.55.07:178][  0]LogUdpMessaging: Initializing bridge on interface 0.0.0.0:0 to multicast group 230.0.0.1:6666.
[2018.10.01-22.55.07:299][  0]SourceControl: Source control is disabled
[2018.10.01-22.55.07:299][  0]SourceControl: Source control is disabled
[2018.10.01-22.55.07:300][  0]SourceControl: Source control is disabled
[2018.10.01-22.55.07:301][  0]SourceControl: Source control is disabled
[2018.10.01-22.55.07:479][  0]LogAndroidPermission: UAndroidPermissionCallbackProxy::GetInstance
[2018.10.01-22.55.07:556][  0]LogOcInput: OculusInput pre-init called
[2018.10.01-22.55.09:108][  0]LogEngine: Initializing Engine...
[2018.10.01-22.55.09:108][  0]LogHMD: Failed to initialize OpenVR with code 110
[2018.10.01-22.55.09:109][  0]LogStats: UGameplayTagsManager::ConstructGameplayTagTree: ImportINI prefixes -  0.000 s
[2018.10.01-22.55.09:109][  0]LogStats: UGameplayTagsManager::ConstructGameplayTagTree: Construct from data asset -  0.000 s
[2018.10.01-22.55.09:109][  0]LogStats: UGameplayTagsManager::ConstructGameplayTagTree: ImportINI -  0.000 s
[2018.10.01-22.55.09:109][  0]LogStats: UGameplayTagsManager::ConstructGameplayTagTree: GameplayTagTreeChangedEvent.Broadcast -  0.000 s
[2018.10.01-22.55.09:286][  0]LogInit: Initializing FReadOnlyCVARCache
[2018.10.01-22.55.09:295][  0]LogAIModule: Creating AISystem for world Untitled
[2018.10.01-22.55.09:311][  0]LogInit: XAudio2 using 'U28E850 (2- NVIDIA High Definition Audio)' : 2 channels at 48 kHz using 16 bits per sample (channel mask 0x3)
[2018.10.01-22.55.09:338][  0]LogInit: FAudioDevice initialized.
[2018.10.01-22.55.09:338][  0]LogNetVersion: Set ProjectVersion to 1.0.0.0. Version Checksum will be recalculated on next use.
[2018.10.01-22.55.09:401][  0]LogDerivedDataCache: Saved boot cache 0.06s 72MB C:/Users/sae/AppData/Local/UnrealEngine/4.20/DerivedDataCache/Boot.ddc.
[2018.10.01-22.55.09:416][  0]LogInit: Texture streaming: Enabled
[2018.10.01-22.55.09:427][  0]LogEngineSessionManager: EngineSessionManager initialized
[2018.10.01-22.55.09:438][  0]LogInit: Transaction tracking system initialized
[2018.10.01-22.55.09:456][  0]BlueprintLog: New page: Editor Load
[2018.10.01-22.55.09:515][  0]LocalizationService: Localization service is disabled
[2018.10.01-22.55.09:753][  0]LogCook: Display: Max memory allowance for cook 16384mb min free memory 0mb
[2018.10.01-22.55.09:753][  0]LogCook: Display: Mobile HDR setting 1
[2018.10.01-22.55.09:753][  0]LogGameplayTags: Display: UGameplayTagsManager::DoneAddingNativeTags. DelegateIsBound: 0
[2018.10.01-22.55.09:753][  0]LogStats: UGameplayTagsManager::ConstructGameplayTagTree: ImportINI prefixes -  0.000 s
[2018.10.01-22.55.09:753][  0]LogStats: UGameplayTagsManager::ConstructGameplayTagTree: Construct from data asset -  0.000 s
[2018.10.01-22.55.09:753][  0]LogStats: UGameplayTagsManager::ConstructGameplayTagTree: ImportINI -  0.000 s
[2018.10.01-22.55.09:753][  0]LogStats: UGameplayTagsManager::ConstructGameplayTagTree: GameplayTagTreeChangedEvent.Broadcast -  0.000 s
[2018.10.01-22.55.09:848][  0]LogFileCache: Scanning file cache for directory 'C:/Users/sae/Downloads/GPG210-Prototypes-9fc058083a2a5e4720b9f9c631f8951ba5767b4e/GPG210-Prototypes-9fc058083a2a5e4720b9f9c631f8951ba5767b4e/FPSPrototype/ThirdPersonShooter/Content/' took 0.01s
[2018.10.01-22.55.10:795][  0]SourceControl: Source control is disabled
[2018.10.01-22.55.10:795][  0]LightingResults: New page: Lighting Build
[2018.10.01-22.55.10:797][  0]MapCheck: New page: Map Check
[2018.10.01-22.55.10:797][  0]LightingResults: New page: Lighting Build
[2018.10.01-22.55.10:902][  0]LogLinker: Warning: Can't find file '/Game/Mannequin/Character/Materials/MaterialLayers/ML_Plastic_Shiny_Beige_LOGO'
[2018.10.01-22.55.10:902][  0]LoadErrors: Failed to load /Game/Mannequin/Character/Mesh/SK_Mannequin.SK_Mannequin Referenced by CharacterMesh0
[2018.10.01-22.55.10:902][  0]LogLinker: Warning: Can't find file for asset '/Game/Mannequin/Character/Materials/MaterialLayers/ML_Plastic_Shiny_Beige_LOGO' while loading ../../../../../../Users/sae/Downloads/GPG210-Prototypes-9fc058083a2a5e4720b9f9c631f8951ba5767b4e/GPG210-Prototypes-9fc058083a2a5e4720b9f9c631f8951ba5767b4e/FPSPrototype/ThirdPersonShooter/Content/Mannequin/Character/Materials/M_UE4Man_Body.uasset.
[2018.10.01-22.55.10:902][  0]LoadErrors: Failed to load /Game/Mannequin/Character/Mesh/SK_Mannequin.SK_Mannequin Referenced by CharacterMesh0
[2018.10.01-22.55.10:902][  0]LoadErrors: Error: /Game/Mannequin/Character/Materials/M_UE4Man_Body : Can't find file for asset. /Game/Mannequin/Character/Materials/MaterialLayers/ML_Plastic_Shiny_Beige_LOGO
[2018.10.01-22.55.10:906][  0]LogLinker: Warning: Can't find file '/Game/Mannequin/Character/Materials/MaterialLayers/ML_Plastic_Shiny_Beige_LOGO'
[2018.10.01-22.55.10:906][  0]LoadErrors: Failed to load /Game/Mannequin/Character/Mesh/SK_Mannequin.SK_Mannequin Referenced by CharacterMesh0
[2018.10.01-22.55.10:906][  0]LogLinker: Warning: Can't find file for asset '/Game/Mannequin/Character/Materials/MaterialLayers/ML_Plastic_Shiny_Beige_LOGO' while loading ../../../../../../Users/sae/Downloads/GPG210-Prototypes-9fc058083a2a5e4720b9f9c631f8951ba5767b4e/GPG210-Prototypes-9fc058083a2a5e4720b9f9c631f8951ba5767b4e/FPSPrototype/ThirdPersonShooter/Content/Mannequin/Character/Materials/M_UE4Man_Body.uasset.
[2018.10.01-22.55.10:906][  0]LoadErrors: Failed to load /Game/Mannequin/Character/Mesh/SK_Mannequin.SK_Mannequin Referenced by CharacterMesh0
[2018.10.01-22.55.10:906][  0]LoadErrors: Error: /Game/Mannequin/Character/Materials/M_UE4Man_Body : Can't find file for asset. /Game/Mannequin/Character/Materials/MaterialLayers/ML_Plastic_Shiny_Beige_LOGO
[2018.10.01-22.55.11:023][  0]LogLinker: Warning: Can't find file '/Game/ThirdPersonBP/Maps/ThirdPersonExampleMap_BuiltData'
[2018.10.01-22.55.11:023][  0]LogLinker: Warning: Can't find file for asset '/Game/ThirdPersonBP/Maps/ThirdPersonExampleMap_BuiltData' while loading ../../../../../../Users/sae/Downloads/GPG210-Prototypes-9fc058083a2a5e4720b9f9c631f8951ba5767b4e/GPG210-Prototypes-9fc058083a2a5e4720b9f9c631f8951ba5767b4e/FPSPrototype/ThirdPersonShooter/Content/ThirdPersonBP/Maps/ThirdPersonExampleMap.umap.
[2018.10.01-22.55.11:023][  0]LoadErrors: Error: /Game/ThirdPersonBP/Maps/ThirdPersonExampleMap : Can't find file for asset. /Game/ThirdPersonBP/Maps/ThirdPersonExampleMap_BuiltData
[2018.10.01-22.55.11:037][  0]LogLinker: Warning: Can't find file '/Game/ThirdPersonBP/Maps/ThirdPersonExampleMap_BuiltData'
[2018.10.01-22.55.11:037][  0]LogLinker: Warning: Can't find file for asset '/Game/ThirdPersonBP/Maps/ThirdPersonExampleMap_BuiltData' while loading ../../../../../../Users/sae/Downloads/GPG210-Prototypes-9fc058083a2a5e4720b9f9c631f8951ba5767b4e/GPG210-Prototypes-9fc058083a2a5e4720b9f9c631f8951ba5767b4e/FPSPrototype/ThirdPersonShooter/Content/ThirdPersonBP/Maps/ThirdPersonExampleMap.umap.
[2018.10.01-22.55.11:037][  0]LoadErrors: Error: /Game/ThirdPersonBP/Maps/ThirdPersonExampleMap : Can't find file for asset. /Game/ThirdPersonBP/Maps/ThirdPersonExampleMap_BuiltData
[2018.10.01-22.55.11:039][  0]LogLinker: Warning: Can't find file '/Game/ThirdPersonBP/Maps/ThirdPersonExampleMap_BuiltData'
[2018.10.01-22.55.11:039][  0]LogLinker: Warning: Can't find file for asset '/Game/ThirdPersonBP/Maps/ThirdPersonExampleMap_BuiltData' while loading NULL.
[2018.10.01-22.55.11:039][  0]LogLinker: Warning: Can't find file '/Game/ThirdPersonBP/Maps/ThirdPersonExampleMap_BuiltData'
[2018.10.01-22.55.11:040][  0]LogLinker: Warning: Can't find file for asset '/Game/ThirdPersonBP/Maps/ThirdPersonExampleMap_BuiltData' while loading NULL.
[2018.10.01-22.55.11:054][  0]LogLinker: Warning: Can't find file '/Game/ThirdPersonBP/Maps/ThirdPersonExampleMap_BuiltData'
[2018.10.01-22.55.11:054][  0]LoadErrors: Failed to load /Game/ThirdPersonBP/Maps/ThirdPersonExampleMap_BuiltData.ThirdPersonExampleMap_BuiltData Referenced by PersistentLevel
[2018.10.01-22.55.11:054][  0]LogLinker: Warning: Can't find file for asset '/Game/ThirdPersonBP/Maps/ThirdPersonExampleMap_BuiltData' while loading NULL.
[2018.10.01-22.55.11:054][  0]LoadErrors: Failed to load /Game/ThirdPersonBP/Maps/ThirdPersonExampleMap_BuiltData.ThirdPersonExampleMap_BuiltData Referenced by PersistentLevel
[2018.10.01-22.55.11:058][  0]LogLinker: Warning: Can't find file '/Game/Mannequin/Character/Materials/MaterialLayers/ML_Plastic_Shiny_Beige_LOGO'
[2018.10.01-22.55.11:058][  0]LoadErrors: Failed to load /Game/Mannequin/Character/Materials/MaterialLayers/ML_Plastic_Shiny_Beige_LOGO.ML_Plastic_Shiny_Beige_LOGO Referenced by M_UE4Man_Body
[2018.10.01-22.55.11:058][  0]LogLinker: Warning: Can't find file for asset '/Game/Mannequin/Character/Materials/MaterialLayers/ML_Plastic_Shiny_Beige_LOGO' while loading NULL.
[2018.10.01-22.55.11:058][  0]LoadErrors: Failed to load /Game/Mannequin/Character/Materials/MaterialLayers/ML_Plastic_Shiny_Beige_LOGO.ML_Plastic_Shiny_Beige_LOGO Referenced by M_UE4Man_Body
[2018.10.01-22.55.11:058][  0]LogLinker: Warning: Can't find file '/Game/Mannequin/Character/Materials/MaterialLayers/ML_Plastic_Shiny_Beige_LOGO'
[2018.10.01-22.55.11:058][  0]LoadErrors: Failed to load /Game/Mannequin/Character/Materials/MaterialLayers/ML_Plastic_Shiny_Beige_LOGO.ML_Plastic_Shiny_Beige_LOGO Referenced by MaterialExpressionMaterialFunctionCall_3
[2018.10.01-22.55.11:059][  0]LogLinker: Warning: Can't find file for asset '/Game/Mannequin/Character/Materials/MaterialLayers/ML_Plastic_Shiny_Beige_LOGO' while loading NULL.
[2018.10.01-22.55.11:059][  0]LoadErrors: Failed to load /Game/Mannequin/Character/Materials/MaterialLayers/ML_Plastic_Shiny_Beige_LOGO.ML_Plastic_Shiny_Beige_LOGO Referenced by MaterialExpressionMaterialFunctionCall_3
[2018.10.01-22.55.11:230][  0]LogMaterial: Display: Missing cached shader map for material M_UE4Man_Body, compiling. 
[2018.10.01-22.55.11:318][  0]LogShaderCompilers: Display: Shaders left to compile 128
[2018.10.01-22.55.11:318][  0]LogShaderCompilers: Display: Shaders left to compile 118
[2018.10.01-22.55.11:318][  0]LogShaderCompilers: Display: Shaders left to compile 108
[2018.10.01-22.55.11:318][  0]LogShaderCompilers: Display: Shaders left to compile 98
[2018.10.01-22.55.11:319][  0]LogShaderCompilers: Display: Shaders left to compile 88
[2018.10.01-22.55.11:319][  0]LogMaterial: Display: Missing cached shader map for material M_UE4Man_Body, compiling. 
[2018.10.01-22.55.11:320][  0]LogMaterial: Warning: C:\Users\sae\Downloads\GPG210-Prototypes-9fc058083a2a5e4720b9f9c631f8951ba5767b4e\GPG210-Prototypes-9fc058083a2a5e4720b9f9c631f8951ba5767b4e\FPSPrototype\ThirdPersonShooter\Content\Mannequin\Character\Materials\M_UE4Man_ChestLogo.uasset: Failed to compile Material Instance with Base M_UE4Man_Body for platform PCD3D_SM5, Default Material will be used in game.
[2018.10.01-22.55.11:320][  0]LogMaterial: 	Missing Material Function
[2018.10.01-22.55.11:365][  0]LogAIModule: Creating AISystem for world ThirdPersonExampleMap
[2018.10.01-22.55.11:375][  0]LogEditorServer: Finished looking for orphan Actors (0.000 secs)
[2018.10.01-22.55.11:400][  0]Cmd: MAP CHECKDEP NOCLEARLOG
[2018.10.01-22.55.11:477][  0]MapCheck: Map check complete: 0 Error(s), 0 Warning(s), took 76.656ms to complete.
[2018.10.01-22.55.11:477][  0]LogFileHelpers: Loading map 'ThirdPersonExampleMap' took 0.682
[2018.10.01-22.55.11:558][  0]LogSlate: Updating window title bar state: overlay mode, drag disabled, window buttons hidden, title bar hidden
[2018.10.01-22.55.11:565][  0]LogSlate: Updating window title bar state: overlay mode, drag disabled, window buttons hidden, title bar hidden
[2018.10.01-22.55.11:571][  0]LogSlate: Updating window title bar state: overlay mode, drag disabled, window buttons hidden, title bar hidden
[2018.10.01-22.55.11:577][  0]LogSlate: Updating window title bar state: overlay mode, drag disabled, window buttons hidden, title bar hidden
[2018.10.01-22.55.11:582][  0]LogCollectionManager: Loaded 0 collections in 0.001172 seconds
[2018.10.01-22.55.11:622][  0]LogFileCache: Scanning file cache for directory 'C:/Users/sae/Downloads/GPG210-Prototypes-9fc058083a2a5e4720b9f9c631f8951ba5767b4e/GPG210-Prototypes-9fc058083a2a5e4720b9f9c631f8951ba5767b4e/FPSPrototype/ThirdPersonShooter/Saved/Collections/' took 0.01s
[2018.10.01-22.55.11:622][  0]LogFileCache: Scanning file cache for directory 'C:/Users/sae/Downloads/GPG210-Prototypes-9fc058083a2a5e4720b9f9c631f8951ba5767b4e/GPG210-Prototypes-9fc058083a2a5e4720b9f9c631f8951ba5767b4e/FPSPrototype/ThirdPersonShooter/Content/Developers/sae/Collections/' took 0.01s
[2018.10.01-22.55.11:622][  0]LogFileCache: Scanning file cache for directory 'C:/Users/sae/Downloads/GPG210-Prototypes-9fc058083a2a5e4720b9f9c631f8951ba5767b4e/GPG210-Prototypes-9fc058083a2a5e4720b9f9c631f8951ba5767b4e/FPSPrototype/ThirdPersonShooter/Content/Collections/' took 0.01s
[2018.10.01-22.55.11:622][  0]LogCollectionManager: Rebuilt the GUID cache for 0 collections in 0.000000 seconds
[2018.10.01-22.55.11:631][  0]LogContentBrowser: Native class hierarchy populated in 0.0085 seconds. Added 2621 classes and 629 folders.
[2018.10.01-22.55.11:636][  0]LogContentBrowser: Native class hierarchy updated for 'WidgetCarousel' in 0.0003 seconds. Added 0 classes and 0 folders.
[2018.10.01-22.55.11:673][  0]LogContentBrowser: Native class hierarchy updated for 'AddContentDialog' in 0.0002 seconds. Added 0 classes and 0 folders.
[2018.10.01-22.55.11:678][  0]LogContentBrowser: Native class hierarchy updated for 'SceneOutliner' in 0.0002 seconds. Added 1 classes and 2 folders.
[2018.10.01-22.55.11:693][  0]LogSlate: Took 0.000161 seconds to synchronously load lazily loaded font '../../../Engine/Content/Slate/Fonts/Roboto-Regular.ttf' (155K)
[2018.10.01-22.55.11:695][  0]LogSlate: Took 0.000157 seconds to synchronously load lazily loaded font '../../../Engine/Content/Slate/Fonts/Roboto-Bold.ttf' (160K)
[2018.10.01-22.55.11:701][  0]LogSlate: Took 0.000197 seconds to synchronously load lazily loaded font '../../../Engine/Content/Editor/Slate/Fonts/FontAwesome.ttf' (139K)
[2018.10.01-22.55.11:772][  0]LogRenderer: Reallocating scene render targets to support 1616x812 Format 10 NumSamples 1 (Frame:1).
[2018.10.01-22.55.11:901][  0]LogContentBrowser: Native class hierarchy updated for 'HierarchicalLODOutliner' in 0.0003 seconds. Added 0 classes and 0 folders.
[2018.10.01-22.55.11:901][  0]LogLoad: (Engine Initialization) Total time: 10.16 seconds
[2018.10.01-22.55.11:901][  0]LogLoad: (Engine Initialization) Total Blueprint compile time: 0.00 seconds
[2018.10.01-22.55.11:912][  0]LogWindowsTextInputMethodSystem: Display: IME system now deactivated.
[2018.10.01-22.55.11:933][  0]LogContentStreaming: Texture pool size now 1000 MB
[2018.10.01-22.55.11:937][  0]LogSlate: FSceneViewport::OnFocusLost() reason 2
[2018.10.01-22.55.12:014][  1]LogAssetRegistry: Asset discovery search completed in 6.3822 seconds
[2018.10.01-22.55.12:016][  1]LogCollectionManager: Rebuilt the object cache for 0 collections in 0.000000 seconds (found 0 objects)
[2018.10.01-22.55.12:016][  1]LogCollectionManager: Fixed up redirectors for 0 collections in 0.000079 seconds (updated 0 objects)
[2018.10.01-22.55.12:942][ 97]LogSlate: Took 0.000201 seconds to synchronously load lazily loaded font '../../../Engine/Content/Slate/Fonts/Roboto-Light.ttf' (167K)
[2018.10.01-22.55.13:663][174]LogShaderCompilers: Display: Shaders left to compile 78
[2018.10.01-22.55.13:763][186]LogShaderCompilers: Display: Shaders left to compile 68
[2018.10.01-22.55.14:010][215]LogShaderCompilers: Display: Shaders left to compile 58
[2018.10.01-22.55.15:431][384]LogShaderCompilers: Display: Shaders left to compile 48
[2018.10.01-22.55.15:472][389]LogShaderCompilers: Display: Shaders left to compile 38
[2018.10.01-22.55.15:633][408]LogShaderCompilers: Display: Shaders left to compile 28
[2018.10.01-22.55.17:013][556]LogShaderCompilers: Display: Shaders left to compile 18
[2018.10.01-22.55.17:038][558]LogShaderCompilers: Display: Shaders left to compile 8
[2018.10.01-22.55.17:536][612]LogAssetEditorManager: Opening Asset editor for Blueprint /Game/ThirdPersonBP/Blueprints/ThirdPersonCharacter.ThirdPersonCharacter
[2018.10.01-22.55.17:986][612]LogContentBrowser: Native class hierarchy updated for 'BlueprintGraph' in 0.0005 seconds. Added 116 classes and 0 folders.
[2018.10.01-22.55.18:847][612]LogAssetEditorManager: Opening Asset editor for Blueprint /Game/ThirdPersonBP/Blueprints/ThirdPersonCharacter1.ThirdPersonCharacter1
[2018.10.01-22.55.19:139][612]LogSlate: Took 0.000188 seconds to synchronously load lazily loaded font '../../../Engine/Content/Slate/Fonts/Roboto-BoldCondensed.ttf' (158K)
[2018.10.01-22.55.19:551][613]LogSlate: Took 0.000190 seconds to synchronously load lazily loaded font '../../../Engine/Content/Slate/Fonts/Roboto-Italic.ttf' (157K)
[2018.10.01-22.55.36:153][524]BlueprintLog: New page: Compile ThirdPersonCharacter1
[2018.10.01-22.55.37:491][574]LogTemp: Repeating last play command: Selected Viewport
[2018.10.01-22.55.37:512][574]LogBlueprintUserMessages: Early PlayInEditor Detection: Level '/Game/ThirdPersonBP/Maps/ThirdPersonExampleMap.ThirdPersonExampleMap:PersistentLevel' has LevelScriptBlueprint '/Game/ThirdPersonBP/Maps/ThirdPersonExampleMap.ThirdPersonExampleMap:PersistentLevel.ThirdPersonExampleMap' with GeneratedClass '/Game/ThirdPersonBP/Maps/ThirdPersonExampleMap.ThirdPersonExampleMap_C' with ClassGeneratedBy '/Game/ThirdPersonBP/Maps/ThirdPersonExampleMap.ThirdPersonExampleMap:PersistentLevel.ThirdPersonExampleMap'
[2018.10.01-22.55.37:512][574]LogPlayLevel: PlayLevel: No blueprints needed recompiling
[2018.10.01-22.55.37:524][574]PIE: New page: PIE session: ThirdPersonExampleMap (2 Oct 2018 6:55:37 pm)
[2018.10.01-22.55.37:524][574]LogPlayLevel: Creating play world package: /Game/ThirdPersonBP/Maps/UEDPIE_0_ThirdPersonExampleMap
[2018.10.01-22.55.37:541][574]LogPlayLevel: PIE: StaticDuplicateObject took: (0.016842s)
[2018.10.01-22.55.37:542][574]LogAIModule: Creating AISystem for world ThirdPersonExampleMap
[2018.10.01-22.55.37:542][574]LogPlayLevel: PIE: World Init took: (0.001012s)
[2018.10.01-22.55.37:542][574]LogPlayLevel: PIE: Created PIE world by copying editor world from /Game/ThirdPersonBP/Maps/ThirdPersonExampleMap.ThirdPersonExampleMap to /Game/ThirdPersonBP/Maps/UEDPIE_0_ThirdPersonExampleMap.ThirdPersonExampleMap (0.018026s)
[2018.10.01-22.55.37:577][574]LogInit: XAudio2 using 'U28E850 (2- NVIDIA High Definition Audio)' : 2 channels at 48 kHz using 16 bits per sample (channel mask 0x3)
[2018.10.01-22.55.37:584][574]LogInit: FAudioDevice initialized.
[2018.10.01-22.55.37:591][574]LogSlate: Updating window title bar state: overlay mode, drag disabled, window buttons hidden, title bar hidden
[2018.10.01-22.55.37:694][574]LogLoad: Game class is 'ThirdPersonGameMode_C'
[2018.10.01-22.55.37:697][574]LogWorld: Bringing World /Game/ThirdPersonBP/Maps/UEDPIE_0_ThirdPersonExampleMap.ThirdPersonExampleMap up for play (max tick rate 0) at 2018.10.02-08.55.37
[2018.10.01-22.55.37:698][574]LogWorld: Bringing up level for play took: 0.001625
[2018.10.01-22.55.37:718][574]LogContentBrowser: Native class hierarchy updated for 'MovieSceneCapture' in 0.0003 seconds. Added 10 classes and 0 folders.
[2018.10.01-22.55.37:728][574]PIE: Play in editor start time for /Game/ThirdPersonBP/Maps/UEDPIE_0_ThirdPersonExampleMap 0.57
[2018.10.01-22.55.37:728][574]LogBlueprintUserMessages: Late PlayInEditor Detection: Level '/Game/ThirdPersonBP/Maps/ThirdPersonExampleMap.ThirdPersonExampleMap:PersistentLevel' has LevelScriptBlueprint '/Game/ThirdPersonBP/Maps/ThirdPersonExampleMap.ThirdPersonExampleMap:PersistentLevel.ThirdPersonExampleMap' with GeneratedClass '/Game/ThirdPersonBP/Maps/ThirdPersonExampleMap.ThirdPersonExampleMap_C' with ClassGeneratedBy '/Game/ThirdPersonBP/Maps/ThirdPersonExampleMap.ThirdPersonExampleMap:PersistentLevel.ThirdPersonExampleMap'
[2018.10.01-22.55.45:383][952]LogBlueprintUserMessages: Early EndPlayMap Detection: Level '/Game/ThirdPersonBP/Maps/ThirdPersonExampleMap.ThirdPersonExampleMap:PersistentLevel' has LevelScriptBlueprint '/Game/ThirdPersonBP/Maps/ThirdPersonExampleMap.ThirdPersonExampleMap:PersistentLevel.ThirdPersonExampleMap' with GeneratedClass '/Game/ThirdPersonBP/Maps/ThirdPersonExampleMap.ThirdPersonExampleMap_C' with ClassGeneratedBy '/Game/ThirdPersonBP/Maps/ThirdPersonExampleMap.ThirdPersonExampleMap:PersistentLevel.ThirdPersonExampleMap'
[2018.10.01-22.55.45:383][952]LogSlate: Updating window title bar state: overlay mode, drag disabled, window buttons hidden, title bar hidden
[2018.10.01-22.55.45:399][952]LogSlate: Window 'ThirdPersonShooter Game Preview Standalone (64-bit/PCD3D_SM5)' being destroyed
[2018.10.01-22.55.45:442][952]LogPlayLevel: Display: Shutting down PIE online subsystems
[2018.10.01-22.55.45:442][952]LogBlueprintUserMessages: Late EndPlayMap Detection: Level '/Game/ThirdPersonBP/Maps/ThirdPersonExampleMap.ThirdPersonExampleMap:PersistentLevel' has LevelScriptBlueprint '/Game/ThirdPersonBP/Maps/ThirdPersonExampleMap.ThirdPersonExampleMap:PersistentLevel.ThirdPersonExampleMap' with GeneratedClass '/Game/ThirdPersonBP/Maps/ThirdPersonExampleMap.ThirdPersonExampleMap_C' with ClassGeneratedBy '/Game/ThirdPersonBP/Maps/ThirdPersonExampleMap.ThirdPersonExampleMap:PersistentLevel.ThirdPersonExampleMap'
[2018.10.01-22.55.45:672][953]LogPlayLevel: Display: Destroying online subsystem :Context_6
[2018.10.01-22.56.35:958][124]LogTemp: Repeating last play command: Selected Viewport
[2018.10.01-22.56.35:981][124]LogBlueprintUserMessages: Early PlayInEditor Detection: Level '/Game/ThirdPersonBP/Maps/ThirdPersonExampleMap.ThirdPersonExampleMap:PersistentLevel' has LevelScriptBlueprint '/Game/ThirdPersonBP/Maps/ThirdPersonExampleMap.ThirdPersonExampleMap:PersistentLevel.ThirdPersonExampleMap' with GeneratedClass '/Game/ThirdPersonBP/Maps/ThirdPersonExampleMap.ThirdPersonExampleMap_C' with ClassGeneratedBy '/Game/ThirdPersonBP/Maps/ThirdPersonExampleMap.ThirdPersonExampleMap:PersistentLevel.ThirdPersonExampleMap'
[2018.10.01-22.56.35:981][124]LogPlayLevel: PlayLevel: No blueprints needed recompiling
[2018.10.01-22.56.35:982][124]PIE: New page: PIE session: ThirdPersonExampleMap (2 Oct 2018 6:56:35 pm)
[2018.10.01-22.56.35:982][124]LogPlayLevel: Creating play world package: /Game/ThirdPersonBP/Maps/UEDPIE_0_ThirdPersonExampleMap
[2018.10.01-22.56.35:992][124]LogPlayLevel: PIE: StaticDuplicateObject took: (0.010705s)
[2018.10.01-22.56.35:994][124]LogAIModule: Creating AISystem for world ThirdPersonExampleMap
[2018.10.01-22.56.35:994][124]LogPlayLevel: PIE: World Init took: (0.001365s)
[2018.10.01-22.56.35:994][124]LogPlayLevel: PIE: Created PIE world by copying editor world from /Game/ThirdPersonBP/Maps/ThirdPersonExampleMap.ThirdPersonExampleMap to /Game/ThirdPersonBP/Maps/UEDPIE_0_ThirdPersonExampleMap.ThirdPersonExampleMap (0.012329s)
[2018.10.01-22.56.36:032][124]LogInit: XAudio2 using 'U28E850 (2- NVIDIA High Definition Audio)' : 2 channels at 48 kHz using 16 bits per sample (channel mask 0x3)
[2018.10.01-22.56.36:038][124]LogInit: FAudioDevice initialized.
[2018.10.01-22.56.36:044][124]LogSlate: Updating window title bar state: overlay mode, drag disabled, window buttons hidden, title bar hidden
[2018.10.01-22.56.36:126][124]LogLoad: Game class is 'ThirdPersonGameMode_C'
[2018.10.01-22.56.36:128][124]LogWorld: Bringing World /Game/ThirdPersonBP/Maps/UEDPIE_0_ThirdPersonExampleMap.ThirdPersonExampleMap up for play (max tick rate 0) at 2018.10.02-08.56.36
[2018.10.01-22.56.36:129][124]LogWorld: Bringing up level for play took: 0.001425
[2018.10.01-22.56.36:149][124]PIE: Play in editor start time for /Game/ThirdPersonBP/Maps/UEDPIE_0_ThirdPersonExampleMap 0.992
[2018.10.01-22.56.36:150][124]LogBlueprintUserMessages: Late PlayInEditor Detection: Level '/Game/ThirdPersonBP/Maps/ThirdPersonExampleMap.ThirdPersonExampleMap:PersistentLevel' has LevelScriptBlueprint '/Game/ThirdPersonBP/Maps/ThirdPersonExampleMap.ThirdPersonExampleMap:PersistentLevel.ThirdPersonExampleMap' with GeneratedClass '/Game/ThirdPersonBP/Maps/ThirdPersonExampleMap.ThirdPersonExampleMap_C' with ClassGeneratedBy '/Game/ThirdPersonBP/Maps/ThirdPersonExampleMap.ThirdPersonExampleMap:PersistentLevel.ThirdPersonExampleMap'
[2018.10.01-22.56.43:677][517]LogBlueprintUserMessages: Early EndPlayMap Detection: Level '/Game/ThirdPersonBP/Maps/ThirdPersonExampleMap.ThirdPersonExampleMap:PersistentLevel' has LevelScriptBlueprint '/Game/ThirdPersonBP/Maps/ThirdPersonExampleMap.ThirdPersonExampleMap:PersistentLevel.ThirdPersonExampleMap' with GeneratedClass '/Game/ThirdPersonBP/Maps/ThirdPersonExampleMap.ThirdPersonExampleMap_C' with ClassGeneratedBy '/Game/ThirdPersonBP/Maps/ThirdPersonExampleMap.ThirdPersonExampleMap:PersistentLevel.ThirdPersonExampleMap'
[2018.10.01-22.56.43:677][517]LogSlate: Updating window title bar state: overlay mode, drag disabled, window buttons hidden, title bar hidden
[2018.10.01-22.56.43:692][517]LogSlate: Window 'ThirdPersonShooter Game Preview Standalone (64-bit/PCD3D_SM5)' being destroyed
[2018.10.01-22.56.43:736][517]LogPlayLevel: Display: Shutting down PIE online subsystems
[2018.10.01-22.56.43:737][517]LogBlueprintUserMessages: Late EndPlayMap Detection: Level '/Game/ThirdPersonBP/Maps/ThirdPersonExampleMap.ThirdPersonExampleMap:PersistentLevel' has LevelScriptBlueprint '/Game/ThirdPersonBP/Maps/ThirdPersonExampleMap.ThirdPersonExampleMap:PersistentLevel.ThirdPersonExampleMap' with GeneratedClass '/Game/ThirdPersonBP/Maps/ThirdPersonExampleMap.ThirdPersonExampleMap_C' with ClassGeneratedBy '/Game/ThirdPersonBP/Maps/ThirdPersonExampleMap.ThirdPersonExampleMap:PersistentLevel.ThirdPersonExampleMap'
[2018.10.01-22.56.43:975][518]LogPlayLevel: Display: Destroying online subsystem :Context_7
[2018.10.01-22.57.33:885][197]BlueprintLog: New page: Compile ThirdPersonCharacter1
[2018.10.01-22.57.36:938][421]LogSlate: Window 'Message Log' being destroyed
[2018.10.01-22.57.36:942][421]LogSlate: Window 'Message Log' being destroyed
